2023-12-20 13:06:56 error: [GET] /users/cus_PBbQBKCT5KXiiH >> StatusCode:: 401, Message:: missing token
2023-12-20 13:08:30 error: [GET] /users/cus_PBbQBKCT5KXiiH >> StatusCode:: 401, Message:: missing token
2023-12-20 13:09:42 error: [GET] /users/cus_PBbQBKCT5KXiiH >> StatusCode:: 401, Message:: missing token
2023-12-20 13:12:35 error: [GET] /users/cus_PBbQBKCT5KXiiH >> StatusCode:: 401, Message:: missing token
2023-12-20 13:13:47 error: [GET] /users/cus_PBbQBKCT5KXiiH >> StatusCode:: 401, Message:: missing token
2023-12-20 13:14:53 error: [GET] /users/cus_PBbQBKCT5KXiiH >> StatusCode:: 401, Message:: missing token
2023-12-20 13:17:08 error: [GET] /users/cus_PBbQBKCT5KXiiH >> StatusCode:: 401, Message:: missing token
2023-12-20 13:18:49 error: [GET] /users/cus_PBbQBKCT5KXiiH >> StatusCode:: 401, Message:: missing token
2023-12-20 13:25:05 error: [GET] /users/cus_PBbQBKCT5KXiiH >> StatusCode:: 401, Message:: missing token
2023-12-20 13:27:32 error: [GET] /users/cus_PBbQBKCT5KXiiH >> StatusCode:: 401, Message:: missing token
2023-12-20 13:29:02 error: [GET] /users/cus_PBbQBKCT5KXiiH >> StatusCode:: 401, Message:: missing token
2023-12-20 17:47:47 error: [GET] /users/cus_PBbQBKCT5KXiiH >> StatusCode:: 401, Message:: missing token
2023-12-20 18:41:14 error: [GET] /users/cus_PBbQBKCT5KXiiH >> StatusCode:: 401, Message:: missing token
2023-12-20 20:55:44 error: [GET] /users/cus_PBbQBKCT5KXiiH >> StatusCode:: 401, Message:: missing token
2023-12-20 21:43:06 error: [GET] /users/cus_PBbQBKCT5KXiiH >> StatusCode:: 401, Message:: missing token
2023-12-20 21:44:31 error: [POST] /users/buy/cus_PBbQBKCT5KXiiH >> StatusCode:: 401, Message:: missing token
2023-12-20 21:52:33 error: [GET] /users/cus_PBbQBKCT5KXiiH >> StatusCode:: 401, Message:: missing token
2023-12-20 21:53:57 error: [GET] /albums/popular/cus_PBbQBKCT5KXiiH >> StatusCode:: 401, Message:: missing token
2023-12-20 21:53:57 error: [GET] /users/plans/cus_PBbQBKCT5KXiiH >> StatusCode:: 401, Message:: missing token
2023-12-20 21:53:57 error: [GET] /albums/all-categories >> StatusCode:: 401, Message:: missing token
2023-12-20 21:53:59 error: [GET] /albums/cus_PBbQBKCT5KXiiH >> StatusCode:: 401, Message:: missing token
