2023-03-26 15:46:22 error: uncaughtException: Invalid input ')': expected
  "("
  ","
  "CALL"
  "CREATE"
  "DELETE"
  "DETACH"
  "FOREACH"
  "LOAD"
  "MATCH"
  "MERGE"
  "OPTIONAL"
  "REMOVE"
  "RETURN"
  "SET"
  "UNION"
  "UNWIND"
  "USE"
  "USING"
  "WHERE"
  "WITH"
  <EOF> (line 1, column 71 (offset: 70))
"match (u:user {id: $userId})-[bought:BOUGHT_A]->(p:post {id: $postId})) return bought"
                                                                       ^
Neo4jError: Invalid input ')': expected
  "("
  ","
  "CALL"
  "CREATE"
  "DELETE"
  "DETACH"
  "FOREACH"
  "LOAD"
  "MATCH"
  "MERGE"
  "OPTIONAL"
  "REMOVE"
  "RETURN"
  "SET"
  "UNION"
  "UNWIND"
  "USE"
  "USING"
  "WHERE"
  "WITH"
  <EOF> (line 1, column 71 (offset: 70))
"match (u:user {id: $userId})-[bought:BOUGHT_A]->(p:post {id: $postId})) return bought"
                                                                       ^

    at captureStacktrace (C:\Users\diguo\Documents\feetflight\node_modules\neo4j-driver-core\lib\result.js:611:17)
    at new Result (C:\Users\diguo\Documents\feetflight\node_modules\neo4j-driver-core\lib\result.js:105:23)
    at newCompletedResult (C:\Users\diguo\Documents\feetflight\node_modules\neo4j-driver-core\lib\transaction.js:502:12)
    at Object.run (C:\Users\diguo\Documents\feetflight\node_modules\neo4j-driver-core\lib\transaction.js:334:20)
    at TransactionPromise.Transaction.run (C:\Users\diguo\Documents\feetflight\node_modules\neo4j-driver-core\lib\transaction.js:175:34)
    at ManagedTransaction.run (C:\Users\diguo\Documents\feetflight\node_modules\neo4j-driver-core\lib\transaction-managed.js:56:21)
    at C:\Users\diguo\Documents\feetflight\src\services\users.service.ts:109:16
    at TransactionExecutor._safeExecuteTransactionWork (C:\Users\diguo\Documents\feetflight\node_modules\neo4j-driver-core\lib\internal\transaction-executor.js:141:26)
    at TransactionExecutor.<anonymous> (C:\Users\diguo\Documents\feetflight\node_modules\neo4j-driver-core\lib\internal\transaction-executor.js:128:46)
    at step (C:\Users\diguo\Documents\feetflight\node_modules\neo4j-driver-core\lib\internal\transaction-executor.js:52:23)
2023-03-26 17:26:04 error: uncaughtException: тип Unable to compile TypeScript:
[96msrc/services/users.service.ts[0m:[93m131[0m:[93m3[0m - [91merror[0m[90m TS1128: [0mDeclaration or statement expected.

[7m131[0m   public buyPost = async (postId, userId) => {
[7m   [0m [91m  ~~~~~~[0m
[96msrc/services/users.service.ts[0m:[93m147[0m:[93m3[0m - [91merror[0m[90m TS1128: [0mDeclaration or statement expected.

[7m147[0m   public async desactivateUser(userId: number): Promise<User[]> {
[7m   [0m [91m  ~~~~~~[0m
[96msrc/services/users.service.ts[0m:[93m147[0m:[93m10[0m - [91merror[0m[90m TS1434: [0mUnexpected keyword or identifier.

[7m147[0m   public async desactivateUser(userId: number): Promise<User[]> {
[7m   [0m [91m         ~~~~~[0m
[96msrc/services/users.service.ts[0m:[93m147[0m:[93m38[0m - [91merror[0m[90m TS1005: [0m',' expected.

[7m147[0m   public async desactivateUser(userId: number): Promise<User[]> {
[7m   [0m [91m                                     ~[0m
[96msrc/services/users.service.ts[0m:[93m147[0m:[93m47[0m - [91merror[0m[90m TS1005: [0m';' expected.

[7m147[0m   public async desactivateUser(userId: number): Promise<User[]> {
[7m   [0m [91m                                              ~[0m
[96msrc/services/users.service.ts[0m:[93m147[0m:[93m62[0m - [91merror[0m[90m TS1011: [0mAn element access expression should take an argument.

[7m147[0m   public async desactivateUser(userId: number): Promise<User[]> {
[7m   [0m [91m                                                             [0m
[96msrc/services/users.service.ts[0m:[93m148[0m:[93m11[0m - [91merror[0m[90m TS1005: [0m':' expected.

[7m148[0m     const desactivateUserSession = initializeDbConnection().session();
[7m   [0m [91m          ~~~~~~~~~~~~~~~~~~~~~~[0m
[96msrc/services/users.service.ts[0m:[93m148[0m:[93m70[0m - [91merror[0m[90m TS1005: [0m',' expected.

[7m148[0m     const desactivateUserSession = initializeDbConnection().session();
[7m   [0m [91m                                                                     ~[0m
[96msrc/services/users.service.ts[0m:[93m149[0m:[93m9[0m - [91merror[0m[90m TS1005: [0m':' expected.

[7m149[0m     try {
[7m   [0m [91m        ~[0m
[96msrc/services/users.service.ts[0m:[93m150[0m:[93m13[0m - [91merror[0m[90m TS1005: [0m':' expected.

[7m150[0m       const desactivatedUser = await desactivateUserSession.executeWrite(tx => tx.run('match (u:user {id: $userId}) set u.desactivated = true'));
[7m   [0m [91m            ~~~~~~~~~~~~~~~~[0m
[96msrc/services/users.service.ts[0m:[93m150[0m:[93m145[0m - [91merror[0m[90m TS1005: [0m',' expected.

[7m150[0m       const desactivatedUser = await desactivateUserSession.executeWrite(tx => tx.run('match (u:user {id: $userId}) set u.desactivated = true'));
[7m   [0m [91m                                                                                                                                                ~[0m
[96msrc/services/users.service.ts[0m:[93m151[0m:[93m14[0m - [91merror[0m[90m TS1005: [0m':' expected.

[7m151[0m       return desactivatedUser.records.map(record => record.get('u').properties)[0];
[7m   [0m [91m             ~~~~~~~~~~~~~~~~[0m
[96msrc/services/users.service.ts[0m:[93m151[0m:[93m83[0m - [91merror[0m[90m TS1005: [0m',' expected.

[7m151[0m       return desactivatedUser.records.map(record => record.get('u').properties)[0];
[7m   [0m [91m                                                                                  ~[0m
[96msrc/services/users.service.ts[0m:[93m152[0m:[93m7[0m - [91merror[0m[90m TS1005: [0m',' expected.

[7m152[0m     } catch (error) {
[7m   [0m [91m      ~~~~~[0m
[96msrc/services/users.service.ts[0m:[93m156[0m:[93m1[0m - [91merror[0m[90m TS1128: [0mDeclaration or statement expected.

[7m156[0m }
[7m   [0m [91m~[0m

TSError: тип Unable to compile TypeScript:
[96msrc/services/users.service.ts[0m:[93m131[0m:[93m3[0m - [91merror[0m[90m TS1128: [0mDeclaration or statement expected.

[7m131[0m   public buyPost = async (postId, userId) => {
[7m   [0m [91m  ~~~~~~[0m
[96msrc/services/users.service.ts[0m:[93m147[0m:[93m3[0m - [91merror[0m[90m TS1128: [0mDeclaration or statement expected.

[7m147[0m   public async desactivateUser(userId: number): Promise<User[]> {
[7m   [0m [91m  ~~~~~~[0m
[96msrc/services/users.service.ts[0m:[93m147[0m:[93m10[0m - [91merror[0m[90m TS1434: [0mUnexpected keyword or identifier.

[7m147[0m   public async desactivateUser(userId: number): Promise<User[]> {
[7m   [0m [91m         ~~~~~[0m
[96msrc/services/users.service.ts[0m:[93m147[0m:[93m38[0m - [91merror[0m[90m TS1005: [0m',' expected.

[7m147[0m   public async desactivateUser(userId: number): Promise<User[]> {
[7m   [0m [91m                                     ~[0m
[96msrc/services/users.service.ts[0m:[93m147[0m:[93m47[0m - [91merror[0m[90m TS1005: [0m';' expected.

[7m147[0m   public async desactivateUser(userId: number): Promise<User[]> {
[7m   [0m [91m                                              ~[0m
[96msrc/services/users.service.ts[0m:[93m147[0m:[93m62[0m - [91merror[0m[90m TS1011: [0mAn element access expression should take an argument.

[7m147[0m   public async desactivateUser(userId: number): Promise<User[]> {
[7m   [0m [91m                                                             [0m
[96msrc/services/users.service.ts[0m:[93m148[0m:[93m11[0m - [91merror[0m[90m TS1005: [0m':' expected.

[7m148[0m     const desactivateUserSession = initializeDbConnection().session();
[7m   [0m [91m          ~~~~~~~~~~~~~~~~~~~~~~[0m
[96msrc/services/users.service.ts[0m:[93m148[0m:[93m70[0m - [91merror[0m[90m TS1005: [0m',' expected.

[7m148[0m     const desactivateUserSession = initializeDbConnection().session();
[7m   [0m [91m                                                                     ~[0m
[96msrc/services/users.service.ts[0m:[93m149[0m:[93m9[0m - [91merror[0m[90m TS1005: [0m':' expected.

[7m149[0m     try {
[7m   [0m [91m        ~[0m
[96msrc/services/users.service.ts[0m:[93m150[0m:[93m13[0m - [91merror[0m[90m TS1005: [0m':' expected.

[7m150[0m       const desactivatedUser = await desactivateUserSession.executeWrite(tx => tx.run('match (u:user {id: $userId}) set u.desactivated = true'));
[7m   [0m [91m            ~~~~~~~~~~~~~~~~[0m
[96msrc/services/users.service.ts[0m:[93m150[0m:[93m145[0m - [91merror[0m[90m TS1005: [0m',' expected.

[7m150[0m       const desactivatedUser = await desactivateUserSession.executeWrite(tx => tx.run('match (u:user {id: $userId}) set u.desactivated = true'));
[7m   [0m [91m                                                                                                                                                ~[0m
[96msrc/services/users.service.ts[0m:[93m151[0m:[93m14[0m - [91merror[0m[90m TS1005: [0m':' expected.

[7m151[0m       return desactivatedUser.records.map(record => record.get('u').properties)[0];
[7m   [0m [91m             ~~~~~~~~~~~~~~~~[0m
[96msrc/services/users.service.ts[0m:[93m151[0m:[93m83[0m - [91merror[0m[90m TS1005: [0m',' expected.

[7m151[0m       return desactivatedUser.records.map(record => record.get('u').properties)[0];
[7m   [0m [91m                                                                                  ~[0m
[96msrc/services/users.service.ts[0m:[93m152[0m:[93m7[0m - [91merror[0m[90m TS1005: [0m',' expected.

[7m152[0m     } catch (error) {
[7m   [0m [91m      ~~~~~[0m
[96msrc/services/users.service.ts[0m:[93m156[0m:[93m1[0m - [91merror[0m[90m TS1128: [0mDeclaration or statement expected.

[7m156[0m }
[7m   [0m [91m~[0m

    at createTSError (C:\Users\diguo\Documents\feetflight\node_modules\ts-node\src\index.ts:859:12)
    at reportTSError (C:\Users\diguo\Documents\feetflight\node_modules\ts-node\src\index.ts:863:19)
    at C:\Users\diguo\Documents\feetflight\node_modules\ts-node\src\index.ts:1379:34
    at Object.compile (C:\Users\diguo\Documents\feetflight\node_modules\ts-node\src\index.ts:1458:13)
    at Module.m._compile (C:\Users\diguo\Documents\feetflight\node_modules\ts-node\src\index.ts:1617:30)
    at Module._extensions..js (node:internal/modules/cjs/loader:1159:10)
    at Object.require.extensions.<computed> [as .ts] (C:\Users\diguo\Documents\feetflight\node_modules\ts-node\src\index.ts:1621:12)
    at Module.load (node:internal/modules/cjs/loader:981:32)
    at Function.Module._load (node:internal/modules/cjs/loader:822:12)
    at Module.require (node:internal/modules/cjs/loader:1005:19)
2023-03-26 17:26:23 error: uncaughtException: тип Unable to compile TypeScript:
[96msrc/services/users.service.ts[0m:[93m129[0m:[93m3[0m - [91merror[0m[90m TS1128: [0mDeclaration or statement expected.

[7m129[0m   public buyPost = async (postId, userId) => {
[7m   [0m [91m  ~~~~~~[0m
[96msrc/services/users.service.ts[0m:[93m145[0m:[93m3[0m - [91merror[0m[90m TS1128: [0mDeclaration or statement expected.

[7m145[0m   public async desactivateUser(userId: number): Promise<User[]> {
[7m   [0m [91m  ~~~~~~[0m
[96msrc/services/users.service.ts[0m:[93m145[0m:[93m10[0m - [91merror[0m[90m TS1434: [0mUnexpected keyword or identifier.

[7m145[0m   public async desactivateUser(userId: number): Promise<User[]> {
[7m   [0m [91m         ~~~~~[0m
[96msrc/services/users.service.ts[0m:[93m145[0m:[93m38[0m - [91merror[0m[90m TS1005: [0m',' expected.

[7m145[0m   public async desactivateUser(userId: number): Promise<User[]> {
[7m   [0m [91m                                     ~[0m
[96msrc/services/users.service.ts[0m:[93m145[0m:[93m47[0m - [91merror[0m[90m TS1005: [0m';' expected.

[7m145[0m   public async desactivateUser(userId: number): Promise<User[]> {
[7m   [0m [91m                                              ~[0m
[96msrc/services/users.service.ts[0m:[93m145[0m:[93m62[0m - [91merror[0m[90m TS1011: [0mAn element access expression should take an argument.

[7m145[0m   public async desactivateUser(userId: number): Promise<User[]> {
[7m   [0m [91m                                                             [0m
[96msrc/services/users.service.ts[0m:[93m146[0m:[93m11[0m - [91merror[0m[90m TS1005: [0m':' expected.

[7m146[0m     const desactivateUserSession = initializeDbConnection().session();
[7m   [0m [91m          ~~~~~~~~~~~~~~~~~~~~~~[0m
[96msrc/services/users.service.ts[0m:[93m146[0m:[93m70[0m - [91merror[0m[90m TS1005: [0m',' expected.

[7m146[0m     const desactivateUserSession = initializeDbConnection().session();
[7m   [0m [91m                                                                     ~[0m
[96msrc/services/users.service.ts[0m:[93m147[0m:[93m9[0m - [91merror[0m[90m TS1005: [0m':' expected.

[7m147[0m     try {
[7m   [0m [91m        ~[0m
[96msrc/services/users.service.ts[0m:[93m148[0m:[93m13[0m - [91merror[0m[90m TS1005: [0m':' expected.

[7m148[0m       const desactivatedUser = await desactivateUserSession.executeWrite(tx => tx.run('match (u:user {id: $userId}) set u.desactivated = true'));
[7m   [0m [91m            ~~~~~~~~~~~~~~~~[0m
[96msrc/services/users.service.ts[0m:[93m148[0m:[93m145[0m - [91merror[0m[90m TS1005: [0m',' expected.

[7m148[0m       const desactivatedUser = await desactivateUserSession.executeWrite(tx => tx.run('match (u:user {id: $userId}) set u.desactivated = true'));
[7m   [0m [91m                                                                                                                                                ~[0m
[96msrc/services/users.service.ts[0m:[93m149[0m:[93m14[0m - [91merror[0m[90m TS1005: [0m':' expected.

[7m149[0m       return desactivatedUser.records.map(record => record.get('u').properties)[0];
[7m   [0m [91m             ~~~~~~~~~~~~~~~~[0m
[96msrc/services/users.service.ts[0m:[93m149[0m:[93m83[0m - [91merror[0m[90m TS1005: [0m',' expected.

[7m149[0m       return desactivatedUser.records.map(record => record.get('u').properties)[0];
[7m   [0m [91m                                                                                  ~[0m
[96msrc/services/users.service.ts[0m:[93m150[0m:[93m7[0m - [91merror[0m[90m TS1005: [0m',' expected.

[7m150[0m     } catch (error) {
[7m   [0m [91m      ~~~~~[0m
[96msrc/services/users.service.ts[0m:[93m154[0m:[93m1[0m - [91merror[0m[90m TS1128: [0mDeclaration or statement expected.

[7m154[0m }
[7m   [0m [91m~[0m

TSError: тип Unable to compile TypeScript:
[96msrc/services/users.service.ts[0m:[93m129[0m:[93m3[0m - [91merror[0m[90m TS1128: [0mDeclaration or statement expected.

[7m129[0m   public buyPost = async (postId, userId) => {
[7m   [0m [91m  ~~~~~~[0m
[96msrc/services/users.service.ts[0m:[93m145[0m:[93m3[0m - [91merror[0m[90m TS1128: [0mDeclaration or statement expected.

[7m145[0m   public async desactivateUser(userId: number): Promise<User[]> {
[7m   [0m [91m  ~~~~~~[0m
[96msrc/services/users.service.ts[0m:[93m145[0m:[93m10[0m - [91merror[0m[90m TS1434: [0mUnexpected keyword or identifier.

[7m145[0m   public async desactivateUser(userId: number): Promise<User[]> {
[7m   [0m [91m         ~~~~~[0m
[96msrc/services/users.service.ts[0m:[93m145[0m:[93m38[0m - [91merror[0m[90m TS1005: [0m',' expected.

[7m145[0m   public async desactivateUser(userId: number): Promise<User[]> {
[7m   [0m [91m                                     ~[0m
[96msrc/services/users.service.ts[0m:[93m145[0m:[93m47[0m - [91merror[0m[90m TS1005: [0m';' expected.

[7m145[0m   public async desactivateUser(userId: number): Promise<User[]> {
[7m   [0m [91m                                              ~[0m
[96msrc/services/users.service.ts[0m:[93m145[0m:[93m62[0m - [91merror[0m[90m TS1011: [0mAn element access expression should take an argument.

[7m145[0m   public async desactivateUser(userId: number): Promise<User[]> {
[7m   [0m [91m                                                             [0m
[96msrc/services/users.service.ts[0m:[93m146[0m:[93m11[0m - [91merror[0m[90m TS1005: [0m':' expected.

[7m146[0m     const desactivateUserSession = initializeDbConnection().session();
[7m   [0m [91m          ~~~~~~~~~~~~~~~~~~~~~~[0m
[96msrc/services/users.service.ts[0m:[93m146[0m:[93m70[0m - [91merror[0m[90m TS1005: [0m',' expected.

[7m146[0m     const desactivateUserSession = initializeDbConnection().session();
[7m   [0m [91m                                                                     ~[0m
[96msrc/services/users.service.ts[0m:[93m147[0m:[93m9[0m - [91merror[0m[90m TS1005: [0m':' expected.

[7m147[0m     try {
[7m   [0m [91m        ~[0m
[96msrc/services/users.service.ts[0m:[93m148[0m:[93m13[0m - [91merror[0m[90m TS1005: [0m':' expected.

[7m148[0m       const desactivatedUser = await desactivateUserSession.executeWrite(tx => tx.run('match (u:user {id: $userId}) set u.desactivated = true'));
[7m   [0m [91m            ~~~~~~~~~~~~~~~~[0m
[96msrc/services/users.service.ts[0m:[93m148[0m:[93m145[0m - [91merror[0m[90m TS1005: [0m',' expected.

[7m148[0m       const desactivatedUser = await desactivateUserSession.executeWrite(tx => tx.run('match (u:user {id: $userId}) set u.desactivated = true'));
[7m   [0m [91m                                                                                                                                                ~[0m
[96msrc/services/users.service.ts[0m:[93m149[0m:[93m14[0m - [91merror[0m[90m TS1005: [0m':' expected.

[7m149[0m       return desactivatedUser.records.map(record => record.get('u').properties)[0];
[7m   [0m [91m             ~~~~~~~~~~~~~~~~[0m
[96msrc/services/users.service.ts[0m:[93m149[0m:[93m83[0m - [91merror[0m[90m TS1005: [0m',' expected.

[7m149[0m       return desactivatedUser.records.map(record => record.get('u').properties)[0];
[7m   [0m [91m                                                                                  ~[0m
[96msrc/services/users.service.ts[0m:[93m150[0m:[93m7[0m - [91merror[0m[90m TS1005: [0m',' expected.

[7m150[0m     } catch (error) {
[7m   [0m [91m      ~~~~~[0m
[96msrc/services/users.service.ts[0m:[93m154[0m:[93m1[0m - [91merror[0m[90m TS1128: [0mDeclaration or statement expected.

[7m154[0m }
[7m   [0m [91m~[0m

    at createTSError (C:\Users\diguo\Documents\feetflight\node_modules\ts-node\src\index.ts:859:12)
    at reportTSError (C:\Users\diguo\Documents\feetflight\node_modules\ts-node\src\index.ts:863:19)
    at C:\Users\diguo\Documents\feetflight\node_modules\ts-node\src\index.ts:1379:34
    at Object.compile (C:\Users\diguo\Documents\feetflight\node_modules\ts-node\src\index.ts:1458:13)
    at Module.m._compile (C:\Users\diguo\Documents\feetflight\node_modules\ts-node\src\index.ts:1617:30)
    at Module._extensions..js (node:internal/modules/cjs/loader:1159:10)
    at Object.require.extensions.<computed> [as .ts] (C:\Users\diguo\Documents\feetflight\node_modules\ts-node\src\index.ts:1621:12)
    at Module.load (node:internal/modules/cjs/loader:981:32)
    at Function.Module._load (node:internal/modules/cjs/loader:822:12)
    at Module.require (node:internal/modules/cjs/loader:1005:19)
