2024-01-02 16:09:10 error: [GET] /users/cus_PBbQBKCT5KXiiH >> StatusCode:: 401, Message:: missing token
2024-01-02 16:10:27 error: [GET] /users/plans/e1d640e916c8628de70bf8ec0bd97461577cc85a >> StatusCode:: 401, Message:: missing token
2024-01-02 16:14:49 error: uncaughtException: Could not perform discovery. No routing servers available. Known routing table: RoutingTable[database=default database, expirationTime=0, currentTime=1704208489468, routers=[], readers=[], writers=[]]
Neo4jError: Could not perform discovery. No routing servers available. Known routing table: RoutingTable[database=default database, expirationTime=0, currentTime=1704208489468, routers=[], readers=[], writers=[]]
    at new Neo4jError (C:\Users\mouad\Documents\Projects\feetflight\feetflight\node_modules\neo4j-driver-core\lib\error.js:77:16)
    at newError (C:\Users\mouad\Documents\Projects\feetflight\feetflight\node_modules\neo4j-driver-core\lib\error.js:113:12)
    at RoutingConnectionProvider.<anonymous> (C:\Users\mouad\Documents\Projects\feetflight\feetflight\node_modules\neo4j-driver-bolt-connection\lib\connection-provider\connection-provider-routing.js:704:68)
    at step (C:\Users\mouad\Documents\Projects\feetflight\feetflight\node_modules\neo4j-driver-bolt-connection\lib\connection-provider\connection-provider-routing.js:100:23)
    at Object.next (C:\Users\mouad\Documents\Projects\feetflight\feetflight\node_modules\neo4j-driver-bolt-connection\lib\connection-provider\connection-provider-routing.js:81:53)
    at C:\Users\mouad\Documents\Projects\feetflight\feetflight\node_modules\neo4j-driver-bolt-connection\lib\connection-provider\connection-provider-routing.js:75:71
    at new Promise (<anonymous>)
    at __awaiter (C:\Users\mouad\Documents\Projects\feetflight\feetflight\node_modules\neo4j-driver-bolt-connection\lib\connection-provider\connection-provider-routing.js:71:12)
    at RoutingConnectionProvider._applyRoutingTableIfPossible (C:\Users\mouad\Documents\Projects\feetflight\feetflight\node_modules\neo4j-driver-bolt-connection\lib\connection-provider\connection-provider-routing.js:698:16)
    at RoutingConnectionProvider.<anonymous> (C:\Users\mouad\Documents\Projects\feetflight\feetflight\node_modules\neo4j-driver-bolt-connection\lib\connection-provider\connection-provider-routing.js:508:55)
2024-01-02 16:17:03 error: uncaughtException: Could not perform discovery. No routing servers available. Known routing table: RoutingTable[database=default database, expirationTime=0, currentTime=1704208623601, routers=[], readers=[], writers=[]]
Neo4jError: Could not perform discovery. No routing servers available. Known routing table: RoutingTable[database=default database, expirationTime=0, currentTime=1704208623601, routers=[], readers=[], writers=[]]
    at new Neo4jError (C:\Users\mouad\Documents\Projects\feetflight\feetflight\node_modules\neo4j-driver-core\lib\error.js:77:16)
    at newError (C:\Users\mouad\Documents\Projects\feetflight\feetflight\node_modules\neo4j-driver-core\lib\error.js:113:12)
    at RoutingConnectionProvider.<anonymous> (C:\Users\mouad\Documents\Projects\feetflight\feetflight\node_modules\neo4j-driver-bolt-connection\lib\connection-provider\connection-provider-routing.js:704:68)
    at step (C:\Users\mouad\Documents\Projects\feetflight\feetflight\node_modules\neo4j-driver-bolt-connection\lib\connection-provider\connection-provider-routing.js:100:23)
    at Object.next (C:\Users\mouad\Documents\Projects\feetflight\feetflight\node_modules\neo4j-driver-bolt-connection\lib\connection-provider\connection-provider-routing.js:81:53)
    at C:\Users\mouad\Documents\Projects\feetflight\feetflight\node_modules\neo4j-driver-bolt-connection\lib\connection-provider\connection-provider-routing.js:75:71
    at new Promise (<anonymous>)
    at __awaiter (C:\Users\mouad\Documents\Projects\feetflight\feetflight\node_modules\neo4j-driver-bolt-connection\lib\connection-provider\connection-provider-routing.js:71:12)
    at RoutingConnectionProvider._applyRoutingTableIfPossible (C:\Users\mouad\Documents\Projects\feetflight\feetflight\node_modules\neo4j-driver-bolt-connection\lib\connection-provider\connection-provider-routing.js:698:16)
    at RoutingConnectionProvider.<anonymous> (C:\Users\mouad\Documents\Projects\feetflight\feetflight\node_modules\neo4j-driver-bolt-connection\lib\connection-provider\connection-provider-routing.js:508:55)
2024-01-02 16:17:35 error: uncaughtException: Could not perform discovery. No routing servers available. Known routing table: RoutingTable[database=default database, expirationTime=0, currentTime=1704208655916, routers=[], readers=[], writers=[]]
Neo4jError: Could not perform discovery. No routing servers available. Known routing table: RoutingTable[database=default database, expirationTime=0, currentTime=1704208655916, routers=[], readers=[], writers=[]]
    at new Neo4jError (C:\Users\mouad\Documents\Projects\feetflight\feetflight\node_modules\neo4j-driver-core\lib\error.js:77:16)
    at newError (C:\Users\mouad\Documents\Projects\feetflight\feetflight\node_modules\neo4j-driver-core\lib\error.js:113:12)
    at RoutingConnectionProvider.<anonymous> (C:\Users\mouad\Documents\Projects\feetflight\feetflight\node_modules\neo4j-driver-bolt-connection\lib\connection-provider\connection-provider-routing.js:704:68)
    at step (C:\Users\mouad\Documents\Projects\feetflight\feetflight\node_modules\neo4j-driver-bolt-connection\lib\connection-provider\connection-provider-routing.js:100:23)
    at Object.next (C:\Users\mouad\Documents\Projects\feetflight\feetflight\node_modules\neo4j-driver-bolt-connection\lib\connection-provider\connection-provider-routing.js:81:53)
    at C:\Users\mouad\Documents\Projects\feetflight\feetflight\node_modules\neo4j-driver-bolt-connection\lib\connection-provider\connection-provider-routing.js:75:71
    at new Promise (<anonymous>)
    at __awaiter (C:\Users\mouad\Documents\Projects\feetflight\feetflight\node_modules\neo4j-driver-bolt-connection\lib\connection-provider\connection-provider-routing.js:71:12)
    at RoutingConnectionProvider._applyRoutingTableIfPossible (C:\Users\mouad\Documents\Projects\feetflight\feetflight\node_modules\neo4j-driver-bolt-connection\lib\connection-provider\connection-provider-routing.js:698:16)
    at RoutingConnectionProvider.<anonymous> (C:\Users\mouad\Documents\Projects\feetflight\feetflight\node_modules\neo4j-driver-bolt-connection\lib\connection-provider\connection-provider-routing.js:508:55)
2024-01-02 16:17:57 error: uncaughtException: Could not perform discovery. No routing servers available. Known routing table: RoutingTable[database=default database, expirationTime=0, currentTime=1704208677482, routers=[], readers=[], writers=[]]
Neo4jError: Could not perform discovery. No routing servers available. Known routing table: RoutingTable[database=default database, expirationTime=0, currentTime=1704208677482, routers=[], readers=[], writers=[]]
    at new Neo4jError (C:\Users\mouad\Documents\Projects\feetflight\feetflight\node_modules\neo4j-driver-core\lib\error.js:77:16)
    at newError (C:\Users\mouad\Documents\Projects\feetflight\feetflight\node_modules\neo4j-driver-core\lib\error.js:113:12)
    at RoutingConnectionProvider.<anonymous> (C:\Users\mouad\Documents\Projects\feetflight\feetflight\node_modules\neo4j-driver-bolt-connection\lib\connection-provider\connection-provider-routing.js:704:68)
    at step (C:\Users\mouad\Documents\Projects\feetflight\feetflight\node_modules\neo4j-driver-bolt-connection\lib\connection-provider\connection-provider-routing.js:100:23)
    at Object.next (C:\Users\mouad\Documents\Projects\feetflight\feetflight\node_modules\neo4j-driver-bolt-connection\lib\connection-provider\connection-provider-routing.js:81:53)
    at C:\Users\mouad\Documents\Projects\feetflight\feetflight\node_modules\neo4j-driver-bolt-connection\lib\connection-provider\connection-provider-routing.js:75:71
    at new Promise (<anonymous>)
    at __awaiter (C:\Users\mouad\Documents\Projects\feetflight\feetflight\node_modules\neo4j-driver-bolt-connection\lib\connection-provider\connection-provider-routing.js:71:12)
    at RoutingConnectionProvider._applyRoutingTableIfPossible (C:\Users\mouad\Documents\Projects\feetflight\feetflight\node_modules\neo4j-driver-bolt-connection\lib\connection-provider\connection-provider-routing.js:698:16)
    at RoutingConnectionProvider.<anonymous> (C:\Users\mouad\Documents\Projects\feetflight\feetflight\node_modules\neo4j-driver-bolt-connection\lib\connection-provider\connection-provider-routing.js:508:55)
2024-01-02 16:21:58 error: uncaughtException: Could not perform discovery. No routing servers available. Known routing table: RoutingTable[database=default database, expirationTime=0, currentTime=1704208918192, routers=[], readers=[], writers=[]]
Neo4jError: Could not perform discovery. No routing servers available. Known routing table: RoutingTable[database=default database, expirationTime=0, currentTime=1704208918192, routers=[], readers=[], writers=[]]
    at new Neo4jError (C:\Users\mouad\Documents\Projects\feetflight\feetflight\node_modules\neo4j-driver-core\lib\error.js:77:16)
    at newError (C:\Users\mouad\Documents\Projects\feetflight\feetflight\node_modules\neo4j-driver-core\lib\error.js:113:12)
    at RoutingConnectionProvider.<anonymous> (C:\Users\mouad\Documents\Projects\feetflight\feetflight\node_modules\neo4j-driver-bolt-connection\lib\connection-provider\connection-provider-routing.js:704:68)
    at step (C:\Users\mouad\Documents\Projects\feetflight\feetflight\node_modules\neo4j-driver-bolt-connection\lib\connection-provider\connection-provider-routing.js:100:23)
    at Object.next (C:\Users\mouad\Documents\Projects\feetflight\feetflight\node_modules\neo4j-driver-bolt-connection\lib\connection-provider\connection-provider-routing.js:81:53)
    at C:\Users\mouad\Documents\Projects\feetflight\feetflight\node_modules\neo4j-driver-bolt-connection\lib\connection-provider\connection-provider-routing.js:75:71
    at new Promise (<anonymous>)
    at __awaiter (C:\Users\mouad\Documents\Projects\feetflight\feetflight\node_modules\neo4j-driver-bolt-connection\lib\connection-provider\connection-provider-routing.js:71:12)
    at RoutingConnectionProvider._applyRoutingTableIfPossible (C:\Users\mouad\Documents\Projects\feetflight\feetflight\node_modules\neo4j-driver-bolt-connection\lib\connection-provider\connection-provider-routing.js:698:16)
    at RoutingConnectionProvider.<anonymous> (C:\Users\mouad\Documents\Projects\feetflight\feetflight\node_modules\neo4j-driver-bolt-connection\lib\connection-provider\connection-provider-routing.js:508:55)
2024-01-02 16:29:08 error: [GET] /wallet/e1d640e916c8628de70bf8ec0bd97461577cc85a >> StatusCode:: 401, Message:: missing token
2024-01-02 18:45:01 error: [GET] /users/plans/cus_PBbQBKCT5KXiiH >> StatusCode:: 401, Message:: missing token
2024-01-02 18:45:41 error: [POST] /albums/cus_PBbQBKCT5KXiiH >> StatusCode:: 401, Message:: this user is not verified yet
2024-01-02 18:45:43 error: [POST] /albums/cus_PBbQBKCT5KXiiH >> StatusCode:: 401, Message:: this user is not verified yet
2024-01-02 18:45:45 error: [POST] /albums/cus_PBbQBKCT5KXiiH >> StatusCode:: 401, Message:: this user is not verified yet
2024-01-02 18:45:47 error: [POST] /albums/cus_PBbQBKCT5KXiiH >> StatusCode:: 401, Message:: this user is not verified yet
2024-01-02 18:45:49 error: [POST] /albums/cus_PBbQBKCT5KXiiH >> StatusCode:: 401, Message:: this user is not verified yet
2024-01-02 18:45:51 error: [POST] /albums/cus_PBbQBKCT5KXiiH >> StatusCode:: 401, Message:: this user is not verified yet
2024-01-02 18:45:53 error: [POST] /albums/cus_PBbQBKCT5KXiiH >> StatusCode:: 401, Message:: this user is not verified yet
2024-01-02 18:45:55 error: [POST] /albums/cus_PBbQBKCT5KXiiH >> StatusCode:: 401, Message:: this user is not verified yet
2024-01-02 18:45:57 error: [POST] /albums/cus_PBbQBKCT5KXiiH >> StatusCode:: 401, Message:: this user is not verified yet
2024-01-02 18:45:59 error: [POST] /albums/cus_PBbQBKCT5KXiiH >> StatusCode:: 401, Message:: this user is not verified yet
2024-01-02 18:46:01 error: [POST] /albums/cus_PBbQBKCT5KXiiH >> StatusCode:: 401, Message:: this user is not verified yet
2024-01-02 18:46:03 error: [POST] /albums/cus_PBbQBKCT5KXiiH >> StatusCode:: 401, Message:: this user is not verified yet
2024-01-02 18:46:05 error: [POST] /albums/cus_PBbQBKCT5KXiiH >> StatusCode:: 401, Message:: this user is not verified yet
2024-01-02 18:46:07 error: [POST] /albums/cus_PBbQBKCT5KXiiH >> StatusCode:: 401, Message:: this user is not verified yet
2024-01-02 18:46:09 error: [POST] /albums/cus_PBbQBKCT5KXiiH >> StatusCode:: 401, Message:: this user is not verified yet
2024-01-02 18:46:11 error: [POST] /albums/cus_PBbQBKCT5KXiiH >> StatusCode:: 401, Message:: this user is not verified yet
2024-01-02 18:46:13 error: [POST] /albums/cus_PBbQBKCT5KXiiH >> StatusCode:: 401, Message:: this user is not verified yet
2024-01-02 18:46:16 error: [POST] /albums/cus_PBbQBKCT5KXiiH >> StatusCode:: 401, Message:: this user is not verified yet
2024-01-02 18:47:30 error: [POST] /albums/cus_PBbQBKCT5KXiiH >> StatusCode:: 400, Message:: this user is not verified yet
2024-01-02 18:48:12 error: [POST] /albums/cus_PBbQBKCT5KXiiH >> StatusCode:: 401, Message:: missing token
2024-01-02 18:48:14 error: [POST] /albums/cus_PBbQBKCT5KXiiH >> StatusCode:: 400, Message:: this user is not verified yet
2024-01-02 18:48:37 error: [POST] /albums/cus_PBbQBKCT5KXiiH >> StatusCode:: 400, Message:: this user is not verified yet
2024-01-02 18:49:17 error: [POST] /albums/cus_PBbQBKCT5KXiiH >> StatusCode:: 401, Message:: missing token
2024-01-02 18:49:20 error: [POST] /albums/cus_PBbQBKCT5KXiiH >> StatusCode:: 400, Message:: this user is not verified yet
2024-01-02 18:49:36 error: [POST] /albums/cus_PBbQBKCT5KXiiH >> StatusCode:: 400, Message:: this user is not verified yet
2024-01-02 18:49:55 error: [POST] /albums/cus_PBbQBKCT5KXiiH >> StatusCode:: 400, Message:: this user is not verified yet
2024-01-02 18:52:28 error: [POST] /albums/cus_PBbQBKCT5KXiiH >> StatusCode:: 401, Message:: missing token
2024-01-02 18:52:30 error: [POST] /albums/cus_PBbQBKCT5KXiiH >> StatusCode:: 400, Message:: this user is not verified yet
2024-01-02 18:53:08 error: [POST] /albums/cus_PBbQBKCT5KXiiH >> StatusCode:: 400, Message:: this user is not verified yet
2024-01-02 18:54:07 error: [POST] /albums/cus_PBbQBKCT5KXiiH >> StatusCode:: 401, Message:: missing token
2024-01-02 18:54:10 error: [POST] /albums/cus_PBbQBKCT5KXiiH >> StatusCode:: 400, Message:: this user is not verified yet
2024-01-02 18:55:19 error: [GET] /users/cus_PBbQBKCT5KXiiH >> StatusCode:: 401, Message:: missing token
2024-01-02 18:55:52 error: [POST] /albums/cus_PBbQBKCT5KXiiH >> StatusCode:: 400, Message:: this user is not verified yet
2024-01-02 18:56:01 error: [POST] /albums/cus_PBbQBKCT5KXiiH >> StatusCode:: 400, Message:: this user is not verified yet
2024-01-02 18:56:21 error: [POST] /albums/cus_PBbQBKCT5KXiiH >> StatusCode:: 400, Message:: this user is not verified yet
2024-01-02 18:56:27 error: [GET] /users/plans/cus_PBbQBKCT5KXiiH >> StatusCode:: 401, Message:: missing token
2024-01-02 19:07:03 error: [GET] /users/cus_PBbQBKCT5KXiiH >> StatusCode:: 401, Message:: missing token
