2024-02-02 18:45:39 error: [GET] /users/cus_PNLVv8BOVunkBc >> StatusCode:: 401, Message:: missing token
2024-02-02 18:45:39 error: uncaughtException: Could not perform discovery. No routing servers available. Known routing table: RoutingTable[database=default database, expirationTime=0, currentTime=1706899539946, routers=[], readers=[], writers=[]]
Neo4jError: Could not perform discovery. No routing servers available. Known routing table: RoutingTable[database=default database, expirationTime=0, currentTime=1706899539946, routers=[], readers=[], writers=[]]
    at new Neo4jError (/home/ubuntu/feetflight/node_modules/neo4j-driver-core/lib/error.js:77:16)
    at newError (/home/ubuntu/feetflight/node_modules/neo4j-driver-core/lib/error.js:113:12)
    at RoutingConnectionProvider.<anonymous> (/home/ubuntu/feetflight/node_modules/neo4j-driver-bolt-connection/lib/connection-provider/connection-provider-routing.js:704:68)
    at step (/home/ubuntu/feetflight/node_modules/neo4j-driver-bolt-connection/lib/connection-provider/connection-provider-routing.js:100:23)
    at Object.next (/home/ubuntu/feetflight/node_modules/neo4j-driver-bolt-connection/lib/connection-provider/connection-provider-routing.js:81:53)
    at /home/ubuntu/feetflight/node_modules/neo4j-driver-bolt-connection/lib/connection-provider/connection-provider-routing.js:75:71
    at new Promise (<anonymous>)
    at __awaiter (/home/ubuntu/feetflight/node_modules/neo4j-driver-bolt-connection/lib/connection-provider/connection-provider-routing.js:71:12)
    at RoutingConnectionProvider._applyRoutingTableIfPossible (/home/ubuntu/feetflight/node_modules/neo4j-driver-bolt-connection/lib/connection-provider/connection-provider-routing.js:698:16)
    at RoutingConnectionProvider.<anonymous> (/home/ubuntu/feetflight/node_modules/neo4j-driver-bolt-connection/lib/connection-provider/connection-provider-routing.js:508:55)
2024-02-02 18:45:40 error: uncaughtException: Could not perform discovery. No routing servers available. Known routing table: RoutingTable[database=default database, expirationTime=0, currentTime=1706899540045, routers=[], readers=[], writers=[]]
Neo4jError: Could not perform discovery. No routing servers available. Known routing table: RoutingTable[database=default database, expirationTime=0, currentTime=1706899540045, routers=[], readers=[], writers=[]]
    at new Neo4jError (/home/ubuntu/feetflight/node_modules/neo4j-driver-core/lib/error.js:77:16)
    at newError (/home/ubuntu/feetflight/node_modules/neo4j-driver-core/lib/error.js:113:12)
    at RoutingConnectionProvider.<anonymous> (/home/ubuntu/feetflight/node_modules/neo4j-driver-bolt-connection/lib/connection-provider/connection-provider-routing.js:704:68)
    at step (/home/ubuntu/feetflight/node_modules/neo4j-driver-bolt-connection/lib/connection-provider/connection-provider-routing.js:100:23)
    at Object.next (/home/ubuntu/feetflight/node_modules/neo4j-driver-bolt-connection/lib/connection-provider/connection-provider-routing.js:81:53)
    at /home/ubuntu/feetflight/node_modules/neo4j-driver-bolt-connection/lib/connection-provider/connection-provider-routing.js:75:71
    at new Promise (<anonymous>)
    at __awaiter (/home/ubuntu/feetflight/node_modules/neo4j-driver-bolt-connection/lib/connection-provider/connection-provider-routing.js:71:12)
    at RoutingConnectionProvider._applyRoutingTableIfPossible (/home/ubuntu/feetflight/node_modules/neo4j-driver-bolt-connection/lib/connection-provider/connection-provider-routing.js:698:16)
    at RoutingConnectionProvider.<anonymous> (/home/ubuntu/feetflight/node_modules/neo4j-driver-bolt-connection/lib/connection-provider/connection-provider-routing.js:508:55)
2024-02-02 18:45:40 error: uncaughtException: Could not perform discovery. No routing servers available. Known routing table: RoutingTable[database=default database, expirationTime=0, currentTime=1706899540149, routers=[], readers=[], writers=[]]
Neo4jError: Could not perform discovery. No routing servers available. Known routing table: RoutingTable[database=default database, expirationTime=0, currentTime=1706899540149, routers=[], readers=[], writers=[]]
    at new Neo4jError (/home/ubuntu/feetflight/node_modules/neo4j-driver-core/lib/error.js:77:16)
    at newError (/home/ubuntu/feetflight/node_modules/neo4j-driver-core/lib/error.js:113:12)
    at RoutingConnectionProvider.<anonymous> (/home/ubuntu/feetflight/node_modules/neo4j-driver-bolt-connection/lib/connection-provider/connection-provider-routing.js:704:68)
    at step (/home/ubuntu/feetflight/node_modules/neo4j-driver-bolt-connection/lib/connection-provider/connection-provider-routing.js:100:23)
    at Object.next (/home/ubuntu/feetflight/node_modules/neo4j-driver-bolt-connection/lib/connection-provider/connection-provider-routing.js:81:53)
    at /home/ubuntu/feetflight/node_modules/neo4j-driver-bolt-connection/lib/connection-provider/connection-provider-routing.js:75:71
    at new Promise (<anonymous>)
    at __awaiter (/home/ubuntu/feetflight/node_modules/neo4j-driver-bolt-connection/lib/connection-provider/connection-provider-routing.js:71:12)
    at RoutingConnectionProvider._applyRoutingTableIfPossible (/home/ubuntu/feetflight/node_modules/neo4j-driver-bolt-connection/lib/connection-provider/connection-provider-routing.js:698:16)
    at RoutingConnectionProvider.<anonymous> (/home/ubuntu/feetflight/node_modules/neo4j-driver-bolt-connection/lib/connection-provider/connection-provider-routing.js:508:55)
2024-02-02 18:54:41 error: [GET] /users/cus_PNLVv8BOVunkBc >> StatusCode:: 401, Message:: missing token
2024-02-02 18:54:41 error: uncaughtException: Could not perform discovery. No routing servers available. Known routing table: RoutingTable[database=default database, expirationTime=0, currentTime=1706900081534, routers=[], readers=[], writers=[]]
Neo4jError: Could not perform discovery. No routing servers available. Known routing table: RoutingTable[database=default database, expirationTime=0, currentTime=1706900081534, routers=[], readers=[], writers=[]]
    at new Neo4jError (/home/ubuntu/feetflight/node_modules/neo4j-driver-core/lib/error.js:77:16)
    at newError (/home/ubuntu/feetflight/node_modules/neo4j-driver-core/lib/error.js:113:12)
    at RoutingConnectionProvider.<anonymous> (/home/ubuntu/feetflight/node_modules/neo4j-driver-bolt-connection/lib/connection-provider/connection-provider-routing.js:704:68)
    at step (/home/ubuntu/feetflight/node_modules/neo4j-driver-bolt-connection/lib/connection-provider/connection-provider-routing.js:100:23)
    at Object.next (/home/ubuntu/feetflight/node_modules/neo4j-driver-bolt-connection/lib/connection-provider/connection-provider-routing.js:81:53)
    at /home/ubuntu/feetflight/node_modules/neo4j-driver-bolt-connection/lib/connection-provider/connection-provider-routing.js:75:71
    at new Promise (<anonymous>)
    at __awaiter (/home/ubuntu/feetflight/node_modules/neo4j-driver-bolt-connection/lib/connection-provider/connection-provider-routing.js:71:12)
    at RoutingConnectionProvider._applyRoutingTableIfPossible (/home/ubuntu/feetflight/node_modules/neo4j-driver-bolt-connection/lib/connection-provider/connection-provider-routing.js:698:16)
    at RoutingConnectionProvider.<anonymous> (/home/ubuntu/feetflight/node_modules/neo4j-driver-bolt-connection/lib/connection-provider/connection-provider-routing.js:508:55)
2024-02-02 18:54:41 error: uncaughtException: Could not perform discovery. No routing servers available. Known routing table: RoutingTable[database=default database, expirationTime=0, currentTime=1706900081654, routers=[], readers=[], writers=[]]
Neo4jError: Could not perform discovery. No routing servers available. Known routing table: RoutingTable[database=default database, expirationTime=0, currentTime=1706900081654, routers=[], readers=[], writers=[]]
    at new Neo4jError (/home/ubuntu/feetflight/node_modules/neo4j-driver-core/lib/error.js:77:16)
    at newError (/home/ubuntu/feetflight/node_modules/neo4j-driver-core/lib/error.js:113:12)
    at RoutingConnectionProvider.<anonymous> (/home/ubuntu/feetflight/node_modules/neo4j-driver-bolt-connection/lib/connection-provider/connection-provider-routing.js:704:68)
    at step (/home/ubuntu/feetflight/node_modules/neo4j-driver-bolt-connection/lib/connection-provider/connection-provider-routing.js:100:23)
    at Object.next (/home/ubuntu/feetflight/node_modules/neo4j-driver-bolt-connection/lib/connection-provider/connection-provider-routing.js:81:53)
    at /home/ubuntu/feetflight/node_modules/neo4j-driver-bolt-connection/lib/connection-provider/connection-provider-routing.js:75:71
    at new Promise (<anonymous>)
    at __awaiter (/home/ubuntu/feetflight/node_modules/neo4j-driver-bolt-connection/lib/connection-provider/connection-provider-routing.js:71:12)
    at RoutingConnectionProvider._applyRoutingTableIfPossible (/home/ubuntu/feetflight/node_modules/neo4j-driver-bolt-connection/lib/connection-provider/connection-provider-routing.js:698:16)
    at RoutingConnectionProvider.<anonymous> (/home/ubuntu/feetflight/node_modules/neo4j-driver-bolt-connection/lib/connection-provider/connection-provider-routing.js:508:55)
2024-02-02 18:54:41 error: uncaughtException: Could not perform discovery. No routing servers available. Known routing table: RoutingTable[database=default database, expirationTime=0, currentTime=1706900081769, routers=[], readers=[], writers=[]]
Neo4jError: Could not perform discovery. No routing servers available. Known routing table: RoutingTable[database=default database, expirationTime=0, currentTime=1706900081769, routers=[], readers=[], writers=[]]
    at new Neo4jError (/home/ubuntu/feetflight/node_modules/neo4j-driver-core/lib/error.js:77:16)
    at newError (/home/ubuntu/feetflight/node_modules/neo4j-driver-core/lib/error.js:113:12)
    at RoutingConnectionProvider.<anonymous> (/home/ubuntu/feetflight/node_modules/neo4j-driver-bolt-connection/lib/connection-provider/connection-provider-routing.js:704:68)
    at step (/home/ubuntu/feetflight/node_modules/neo4j-driver-bolt-connection/lib/connection-provider/connection-provider-routing.js:100:23)
    at Object.next (/home/ubuntu/feetflight/node_modules/neo4j-driver-bolt-connection/lib/connection-provider/connection-provider-routing.js:81:53)
    at /home/ubuntu/feetflight/node_modules/neo4j-driver-bolt-connection/lib/connection-provider/connection-provider-routing.js:75:71
    at new Promise (<anonymous>)
    at __awaiter (/home/ubuntu/feetflight/node_modules/neo4j-driver-bolt-connection/lib/connection-provider/connection-provider-routing.js:71:12)
    at RoutingConnectionProvider._applyRoutingTableIfPossible (/home/ubuntu/feetflight/node_modules/neo4j-driver-bolt-connection/lib/connection-provider/connection-provider-routing.js:698:16)
    at RoutingConnectionProvider.<anonymous> (/home/ubuntu/feetflight/node_modules/neo4j-driver-bolt-connection/lib/connection-provider/connection-provider-routing.js:508:55)
2024-02-02 18:59:01 error: uncaughtException: Could not perform discovery. No routing servers available. Known routing table: RoutingTable[database=default database, expirationTime=0, currentTime=1706900341643, routers=[], readers=[], writers=[]]
Neo4jError: Could not perform discovery. No routing servers available. Known routing table: RoutingTable[database=default database, expirationTime=0, currentTime=1706900341643, routers=[], readers=[], writers=[]]
    at new Neo4jError (/home/ubuntu/feetflight/node_modules/neo4j-driver-core/lib/error.js:77:16)
    at newError (/home/ubuntu/feetflight/node_modules/neo4j-driver-core/lib/error.js:113:12)
    at RoutingConnectionProvider.<anonymous> (/home/ubuntu/feetflight/node_modules/neo4j-driver-bolt-connection/lib/connection-provider/connection-provider-routing.js:704:68)
    at step (/home/ubuntu/feetflight/node_modules/neo4j-driver-bolt-connection/lib/connection-provider/connection-provider-routing.js:100:23)
    at Object.next (/home/ubuntu/feetflight/node_modules/neo4j-driver-bolt-connection/lib/connection-provider/connection-provider-routing.js:81:53)
    at /home/ubuntu/feetflight/node_modules/neo4j-driver-bolt-connection/lib/connection-provider/connection-provider-routing.js:75:71
    at new Promise (<anonymous>)
    at __awaiter (/home/ubuntu/feetflight/node_modules/neo4j-driver-bolt-connection/lib/connection-provider/connection-provider-routing.js:71:12)
    at RoutingConnectionProvider._applyRoutingTableIfPossible (/home/ubuntu/feetflight/node_modules/neo4j-driver-bolt-connection/lib/connection-provider/connection-provider-routing.js:698:16)
    at RoutingConnectionProvider.<anonymous> (/home/ubuntu/feetflight/node_modules/neo4j-driver-bolt-connection/lib/connection-provider/connection-provider-routing.js:508:55)
2024-02-02 19:06:38 error: uncaughtException: Cannot read properties of undefined (reading 'session')
TypeError: Cannot read properties of undefined (reading 'session')
    at authMiddleware (/home/ubuntu/feetflight/src/middlewares/auth.middleware.ts:10:57)
    at Layer.handle [as handle_request] (/home/ubuntu/feetflight/node_modules/express/lib/router/layer.js:95:5)
    at next (/home/ubuntu/feetflight/node_modules/express/lib/router/route.js:144:13)
    at Route.dispatch (/home/ubuntu/feetflight/node_modules/express/lib/router/route.js:114:3)
    at Layer.handle [as handle_request] (/home/ubuntu/feetflight/node_modules/express/lib/router/layer.js:95:5)
    at /home/ubuntu/feetflight/node_modules/express/lib/router/index.js:284:15
    at param (/home/ubuntu/feetflight/node_modules/express/lib/router/index.js:365:14)
    at param (/home/ubuntu/feetflight/node_modules/express/lib/router/index.js:376:14)
    at Function.process_params (/home/ubuntu/feetflight/node_modules/express/lib/router/index.js:421:3)
    at next (/home/ubuntu/feetflight/node_modules/express/lib/router/index.js:280:10)
2024-02-02 19:09:10 error: uncaughtException: Cannot read properties of undefined (reading 'session')
TypeError: Cannot read properties of undefined (reading 'session')
    at authMiddleware (/home/ubuntu/feetflight/src/middlewares/auth.middleware.ts:10:57)
    at Layer.handle [as handle_request] (/home/ubuntu/feetflight/node_modules/express/lib/router/layer.js:95:5)
    at next (/home/ubuntu/feetflight/node_modules/express/lib/router/route.js:144:13)
    at Route.dispatch (/home/ubuntu/feetflight/node_modules/express/lib/router/route.js:114:3)
    at Layer.handle [as handle_request] (/home/ubuntu/feetflight/node_modules/express/lib/router/layer.js:95:5)
    at /home/ubuntu/feetflight/node_modules/express/lib/router/index.js:284:15
    at param (/home/ubuntu/feetflight/node_modules/express/lib/router/index.js:365:14)
    at param (/home/ubuntu/feetflight/node_modules/express/lib/router/index.js:376:14)
    at Function.process_params (/home/ubuntu/feetflight/node_modules/express/lib/router/index.js:421:3)
    at next (/home/ubuntu/feetflight/node_modules/express/lib/router/index.js:280:10)
2024-02-02 19:11:53 error: [GET] /users/cus_PNLVv8BOVunkBc >> StatusCode:: 401, Message:: missing token
2024-02-02 19:11:54 error: [GET] /users/cus_PNLVv8BOVunkBc >> StatusCode:: 400, Message:: Wrong authentication token
2024-02-02 19:19:56 error: [GET] /users/cus_PNZmPNOuyYNnkL >> StatusCode:: 401, Message:: missing token
2024-02-02 19:47:24 error: uncaughtException: EIO: i/o error, write
Error: EIO: i/o error, write
    at writeSync (node:fs:936:3)
    at SyncWriteStream._write (node:internal/fs/sync_write_stream:26:3)
    at writeOrBuffer (node:internal/streams/writable:392:12)
    at _write (node:internal/streams/writable:333:10)
    at SyncWriteStream.Writable.write (node:internal/streams/writable:337:10)
    at Console.log (/home/ubuntu/feetflight/node_modules/winston/lib/winston/transports/console.js:79:23)
    at Console._write (/home/ubuntu/feetflight/node_modules/winston-transport/index.js:103:17)
    at doWrite (/home/ubuntu/feetflight/node_modules/readable-stream/lib/_stream_writable.js:390:139)
    at writeOrBuffer (/home/ubuntu/feetflight/node_modules/readable-stream/lib/_stream_writable.js:381:5)
    at Console.Writable.write (/home/ubuntu/feetflight/node_modules/readable-stream/lib/_stream_writable.js:302:11)
