2023-12-16 12:30:32 info: =================================
2023-12-16 12:30:32 info: ======= ENV: development =======
2023-12-16 12:30:32 info: 🚀 App listening on the port 8000
2023-12-16 12:30:32 info: =================================
2023-12-16 13:32:21 error: [GET] /users/cus_PBbQBKCT5KXiiH >> StatusCode:: 401, Message:: missing token
2023-12-16 13:32:21 info: [0mGET /users/cus_PBbQBKCT5KXiiH [33m401[0m 112.454 ms - 27[0m
2023-12-16 13:32:22 info: [0mPOST /refresh [32m200[0m 46.993 ms - 248[0m
2023-12-16 13:32:30 info: [0mGET /users/cus_PBbQBKCT5KXiiH [32m200[0m 7525.074 ms - 377[0m
2023-12-16 13:32:35 info: [0mGET /public/files/avatars/avatarcus_PBbQBKCT5KXiiH.jpeg [32m200[0m 36.348 ms - 63869[0m
2023-12-16 13:32:40 info: [0mGET /albums/all-categories [32m201[0m 5483.258 ms - 114[0m
2023-12-16 13:32:41 info: [0mGET /users/plans/cus_PBbQBKCT5KXiiH [32m200[0m 6113.881 ms - 214[0m
2023-12-16 13:32:48 info: [0mGET /albums/cus_PBbQBKCT5KXiiH [32m201[0m 13526.255 ms - -[0m
2023-12-16 13:32:50 info: [0mGET /public/files/albums/postPicture-1d039e14-9252-47d6-8d39-92f625d46f435867363189936475864jpg'0776d4b031071bc78bf6dc9f52192f93a957ba5247122023.jpeg [32m200[0m 8.417 ms - 63869[0m
2023-12-16 13:32:51 info: [0mGET /public/files/albums/postPicture-27d6b646-950f-4783-a244-a5d24771130b8314993466251131527jpg'956db2cb830fcd753b660667ff950cd132a6867812122023.jpeg [32m200[0m 5.069 ms - 64254[0m
2023-12-16 13:32:51 info: [0mGET /public/files/albums/postPicture-f5b606e7-ea02-4b6d-abff-29e591ecedaa8594422175717132219jpg'b2cb830fcd753b660667ff950cd132a686781f6d46122023.jpeg [32m200[0m 10.356 ms - 63414[0m
2023-12-16 13:32:51 info: [0mGET /public/files/albums/postPicture-67cacd40-f40d-4408-b887-a888d25b2ab6327830558753184262jpg'9b12bf526f886bf9c48e7074b216f58f32573b0349122023.jpeg [32m200[0m 8.619 ms - 63629[0m
2023-12-16 13:32:52 info: [0mGET /public/files/albums/postPicture-f5b606e7-ea02-4b6d-abff-29e591ecedaa8594422175717132219jpg'8cbf7d8afa6550240c203bb59a5ce94ef6847d3f05122023.jpeg [32m200[0m 8.019 ms - 63414[0m
2023-12-16 13:32:53 info: [0mGET /public/files/albums/postPicture-68a722d5-48db-4c56-9094-875d4930d6a96403750345436467466jpg'd8afa6550240c203bb59a5ce94ef6847d3fa453f30122023.png [32m200[0m 8.116 ms - 63629[0m
2023-12-16 13:32:54 info: [0mGET /albums/popular/cus_PBbQBKCT5KXiiH [32m201[0m 20507.505 ms - -[0m
2023-12-16 13:32:56 info: [0mGET /public/files/albums/postPicture3d30f9e2249b636e6a6d423149a491b02cfb8e3927122023.png [33m404[0m 6.109 ms - 222[0m
2023-12-16 13:32:56 info: [0mGET /public/files/albums/postPicture5d2f8cd3f6f50e15909b11505cfe5bd9b6bef9ae42122023.png [33m404[0m 2.344 ms - 222[0m
2023-12-16 13:32:57 info: [0mGET /public/files/albums/postPicture5f539a43c377472363dbdd37af8a523e7b124a8022122023.png [33m404[0m 1.321 ms - 222[0m
2023-12-16 13:32:57 info: [0mGET /public/files/albums/postPictureffe7acebe0fd2c1bb9e191df6d10863a0675575746122023.octet-stream [33m404[0m 1.595 ms - 231[0m
2023-12-16 13:33:02 info: [0mGET /public/files/albums/postPicture0fd2c1bb9e191df6d10863a06755757a97f6c1bf31122023.octet-stream [33m404[0m 1.536 ms - 231[0m
2023-12-16 13:33:04 info: [0mGET /public/files/albums/postPictureab1ea683903e4ee8f09207748b58848b796d30b002122023.octet-stream [33m404[0m 0.977 ms - 231[0m
2023-12-16 13:33:06 info: [0mGET /public/files/albums/postPicture-37072eed-ffa4-4732-901f-69ff0ebf31964283235459063127545jpg'4a7b30776d4b031071bc78bf6dc9f52192f93a9527122023.jpeg [32m200[0m 2.626 ms - 64166[0m
2023-12-16 13:33:06 info: [0mGET /public/files/albums/postPicture-37072eed-ffa4-4732-901f-69ff0ebf31964283235459063127545jpg'7f004a7b30776d4b031071bc78bf6dc9f52192f919122023.jpeg [32m200[0m 9.092 ms - 64166[0m
2023-12-16 13:33:55 info: [0mGET /public/files/albums/postPicturef50e15909b11505cfe5bd9b6bef9ae840078e47327122023.png [33m404[0m 3.473 ms - 222[0m
2023-12-16 13:33:55 info: [0mGET /public/files/albums/postPicturebc134f12720fc7feb9b82da20c66021635b3d5ec16122023.octet-stream [33m404[0m 5.347 ms - 231[0m
2023-12-16 13:33:55 info: [0mGET /public/files/albums/postPicture0fd2c1bb9e191df6d10863a06755757a97f6c1bf31122023.octet-stream [33m404[0m 6.127 ms - 231[0m
2023-12-16 13:33:55 info: [0mGET /public/files/albums/postPictureb25e375f3a97b3467961505186a4241e2a6bbefb22122023.jpeg [33m404[0m 7.188 ms - 223[0m
2023-12-16 13:33:55 info: [0mGET /public/files/albums/postPicture5f539a43c377472363dbdd37af8a523e7b124a8022122023.png [33m404[0m 7.989 ms - 222[0m
2023-12-16 13:33:55 info: [0mGET /public/files/albums/postPicture-27d6b646-950f-4783-a244-a5d24771130b8314993466251131527jpg'f526f886bf9c48e7074b216f58f32573b03d539914122023.jpeg [32m200[0m 12.451 ms - 64254[0m
2023-12-16 13:33:55 info: [0mGET /public/files/albums/postPicture9b11505cfe5bd9b6bef9ae840078e4734144b5d914122023.png [33m404[0m 7.954 ms - 222[0m
2023-12-16 13:33:55 info: [0mGET /public/files/albums/postPicture5d2f8cd3f6f50e15909b11505cfe5bd9b6bef9ae42122023.png [33m404[0m 9.267 ms - 222[0m
2023-12-16 13:33:55 info: [0mGET /public/files/albums/postPicture3d30f9e2249b636e6a6d423149a491b02cfb8e3927122023.png [33m404[0m 9.608 ms - 222[0m
2023-12-16 13:33:58 info: [0mGET /public/files/albums/postPictureffe7acebe0fd2c1bb9e191df6d10863a0675575746122023.octet-stream [33m404[0m 1.704 ms - 231[0m
2023-12-16 13:33:59 info: [0mGET /public/files/albums/postPicture505cfe5bd9b6bef9ae840078e4734144b5d9dd6e43122023.png [33m404[0m 2.069 ms - 222[0m
2023-12-16 13:34:08 info: [0mGET /public/files/albums/postPicture9b11505cfe5bd9b6bef9ae840078e4734144b5d914122023.png [33m404[0m 1.176 ms - 222[0m
2023-12-16 13:34:14 info: [0mGET /public/files/albums/postPictureffe7acebe0fd2c1bb9e191df6d10863a0675575746122023.octet-stream [33m404[0m 1.831 ms - 231[0m
2023-12-16 13:34:16 info: [0mGET /public/files/albums/postPicture0fd2c1bb9e191df6d10863a06755757a97f6c1bf31122023.octet-stream [33m404[0m 19.869 ms - 231[0m
2023-12-16 13:34:16 info: [0mGET /public/files/albums/postPicture505cfe5bd9b6bef9ae840078e4734144b5d9dd6e43122023.png [33m404[0m 20.434 ms - 222[0m
2023-12-16 13:34:16 info: [0mGET /public/files/albums/postPictureab1ea683903e4ee8f09207748b58848b796d30b002122023.octet-stream [33m404[0m 19.344 ms - 231[0m
2023-12-16 13:34:16 info: [0mGET /public/files/albums/postPicturebc134f12720fc7feb9b82da20c66021635b3d5ec16122023.octet-stream [33m404[0m 20.770 ms - 231[0m
2023-12-16 13:34:16 info: [0mGET /public/files/albums/postPicture5f539a43c377472363dbdd37af8a523e7b124a8022122023.png [33m404[0m 20.479 ms - 222[0m
2023-12-16 13:34:16 info: [0mGET /public/files/albums/postPictureb25e375f3a97b3467961505186a4241e2a6bbefb22122023.jpeg [33m404[0m 21.944 ms - 223[0m
2023-12-16 13:34:16 info: [0mGET /public/files/albums/postPicture3d30f9e2249b636e6a6d423149a491b02cfb8e3927122023.png [33m404[0m 8.092 ms - 222[0m
2023-12-16 13:34:16 info: [0mGET /public/files/albums/postPicture-67cacd40-f40d-4408-b887-a888d25b2ab6327830558753184262jpg'8cbf7d8afa6550240c203bb59a5ce94ef6847d3f05122023.jpeg [32m200[0m 8.146 ms - 63629[0m
2023-12-16 13:34:16 info: [0mGET /public/files/albums/postPicture-27d6b646-950f-4783-a244-a5d24771130b8314993466251131527jpg'8cbf7d8afa6550240c203bb59a5ce94ef6847d3f05122023.jpeg [32m200[0m 4.603 ms - 64254[0m
2023-12-16 13:34:17 info: [0mGET /public/files/albums/postPicture9b11505cfe5bd9b6bef9ae840078e4734144b5d914122023.png [33m404[0m 1.935 ms - 222[0m
2023-12-16 13:34:33 error: [POST] /users/buy/cus_PBbQBKCT5KXiiH >> StatusCode:: 401, Message:: missing token
2023-12-16 13:34:33 info: [0mPOST /users/buy/cus_PBbQBKCT5KXiiH [33m401[0m 6.591 ms - 27[0m
2023-12-16 13:34:34 info: [0mPOST /refresh [32m200[0m 696.898 ms - 248[0m
2023-12-16 13:35:05 info: [0mPOST /users/buy/cus_PBbQBKCT5KXiiH [32m200[0m 29865.155 ms - 369[0m
2023-12-16 13:35:44 error: [GET] /users/cus_PBbQBKCT5KXiiH >> StatusCode:: 401, Message:: missing token
2023-12-16 13:35:44 info: [0mGET /users/cus_PBbQBKCT5KXiiH [33m401[0m 7.013 ms - 27[0m
2023-12-16 13:35:45 info: [0mPOST /refresh [32m200[0m 7.059 ms - 248[0m
2023-12-16 13:35:48 info: [0mGET /users/cus_PBbQBKCT5KXiiH [32m200[0m 2933.226 ms - 377[0m
2023-12-16 13:36:09 info: [0mGET /albums/all-categories [32m201[0m 11094.126 ms - 114[0m
2023-12-16 13:37:17 error: [GET] /users/cus_PBbQBKCT5KXiiH >> StatusCode:: 401, Message:: missing token
2023-12-16 13:37:17 info: [0mGET /users/cus_PBbQBKCT5KXiiH [33m401[0m 7.256 ms - 27[0m
2023-12-16 13:37:18 info: [0mPOST /refresh [32m200[0m 190.362 ms - 248[0m
2023-12-16 13:37:56 info: [0mGET /users/cus_PBbQBKCT5KXiiH [32m200[0m 36776.167 ms - 377[0m
2023-12-16 13:38:11 info: [0mGET /users/plans/cus_PBbQBKCT5KXiiH [32m200[0m 10568.995 ms - 214[0m
2023-12-16 13:38:11 info: [0mGET /albums/popular/cus_PBbQBKCT5KXiiH [32m201[0m 10428.666 ms - -[0m
2023-12-16 13:38:12 info: [0mGET /albums/all-categories [32m201[0m 12394.319 ms - 114[0m
2023-12-16 13:38:23 info: [0mGET /albums/cus_PBbQBKCT5KXiiH [32m201[0m 23195.789 ms - -[0m
2023-12-16 13:38:27 info: [0mGET /public/files/albums/postPicture-67cacd40-f40d-4408-b887-a888d25b2ab6327830558753184262jpg'f526f886bf9c48e7074b216f58f32573b03d539914122023.jpeg [32m200[0m 8.359 ms - 63629[0m
2023-12-16 13:38:27 info: [0mGET /public/files/albums/postPictureffe7acebe0fd2c1bb9e191df6d10863a0675575746122023.octet-stream [33m404[0m 2.382 ms - 231[0m
2023-12-16 13:38:27 info: [0mGET /public/files/albums/postPicture9b11505cfe5bd9b6bef9ae840078e4734144b5d914122023.png [33m404[0m 2.695 ms - 222[0m
2023-12-16 13:38:29 info: [0mGET /public/files/albums/postPicture5f539a43c377472363dbdd37af8a523e7b124a8022122023.png [33m404[0m 3.976 ms - 222[0m
2023-12-16 13:38:29 info: [0mGET /public/files/albums/postPicture3d30f9e2249b636e6a6d423149a491b02cfb8e3927122023.png [33m404[0m 2.399 ms - 222[0m
2023-12-16 13:38:29 info: [0mGET /public/files/albums/postPicture-f5b606e7-ea02-4b6d-abff-29e591ecedaa8594422175717132219jpg'f526f886bf9c48e7074b216f58f32573b03d539914122023.jpeg [32m200[0m 4.773 ms - 63414[0m
2023-12-16 13:38:30 info: [0mGET /public/files/albums/postPicturef50e15909b11505cfe5bd9b6bef9ae840078e47327122023.png [33m404[0m 0.753 ms - 222[0m
2023-12-16 13:38:39 info: [0mGET /public/files/albums/postPictureab1ea683903e4ee8f09207748b58848b796d30b002122023.octet-stream [33m404[0m 0.971 ms - 231[0m
2023-12-16 13:44:58 info: [0mGET /public/files/albums/postPicture5d2f8cd3f6f50e15909b11505cfe5bd9b6bef9ae42122023.png [33m404[0m 4.443 ms - 222[0m
2023-12-16 13:44:58 info: [0mGET /public/files/albums/postPictureb25e375f3a97b3467961505186a4241e2a6bbefb22122023.jpeg [33m404[0m 5.394 ms - 223[0m
2023-12-16 13:44:58 info: [0mGET /public/files/albums/postPicture505cfe5bd9b6bef9ae840078e4734144b5d9dd6e43122023.png [33m404[0m 6.186 ms - 222[0m
2023-12-16 13:44:58 info: [0mGET /public/files/albums/postPicturef50e15909b11505cfe5bd9b6bef9ae840078e47327122023.png [33m404[0m 6.812 ms - 222[0m
2023-12-16 13:44:58 info: [0mGET /public/files/albums/postPicture9b11505cfe5bd9b6bef9ae840078e4734144b5d914122023.png [33m404[0m 3.523 ms - 222[0m
2023-12-16 13:44:58 info: [0mGET /public/files/albums/postPicturebc134f12720fc7feb9b82da20c66021635b3d5ec16122023.octet-stream [33m404[0m 3.985 ms - 231[0m
2023-12-16 13:44:58 info: [0mGET /public/files/albums/postPicture5f539a43c377472363dbdd37af8a523e7b124a8022122023.png [33m404[0m 4.893 ms - 222[0m
2023-12-16 13:44:58 info: [0mGET /public/files/albums/postPictureffe7acebe0fd2c1bb9e191df6d10863a0675575746122023.octet-stream [33m404[0m 5.311 ms - 231[0m
2023-12-16 13:44:58 info: [0mGET /public/files/albums/postPicture0fd2c1bb9e191df6d10863a06755757a97f6c1bf31122023.octet-stream [33m404[0m 5.790 ms - 231[0m
2023-12-16 13:44:58 info: [0mGET /public/files/albums/postPicture3d30f9e2249b636e6a6d423149a491b02cfb8e3927122023.png [33m404[0m 6.107 ms - 222[0m
2023-12-16 13:45:00 info: [0mGET /public/files/albums/postPictureab1ea683903e4ee8f09207748b58848b796d30b002122023.octet-stream [33m404[0m 0.797 ms - 231[0m
2023-12-16 13:45:20 info: [0mGET /public/files/albums/postPictureb25e375f3a97b3467961505186a4241e2a6bbefb22122023.jpeg [33m404[0m 2.250 ms - 223[0m
2023-12-16 13:45:20 info: [0mGET /public/files/albums/postPicture5d2f8cd3f6f50e15909b11505cfe5bd9b6bef9ae42122023.png [33m404[0m 2.817 ms - 222[0m
2023-12-16 13:45:21 info: [0mGET /public/files/albums/postPicture505cfe5bd9b6bef9ae840078e4734144b5d9dd6e43122023.png [33m404[0m 8.523 ms - 222[0m
2023-12-16 13:45:21 info: [0mGET /public/files/albums/postPicturef50e15909b11505cfe5bd9b6bef9ae840078e47327122023.png [33m404[0m 8.904 ms - 222[0m
2023-12-16 13:45:21 info: [0mGET /public/files/albums/postPicture3d30f9e2249b636e6a6d423149a491b02cfb8e3927122023.png [33m404[0m 3.790 ms - 222[0m
2023-12-16 13:45:21 info: [0mGET /public/files/albums/postPicturebc134f12720fc7feb9b82da20c66021635b3d5ec16122023.octet-stream [33m404[0m 1.122 ms - 231[0m
2023-12-16 13:45:22 info: [0mGET /public/files/albums/postPictureab1ea683903e4ee8f09207748b58848b796d30b002122023.octet-stream [33m404[0m 1.007 ms - 231[0m
2023-12-16 13:47:32 info: [0mGET /public/files/albums/postPicture5d2f8cd3f6f50e15909b11505cfe5bd9b6bef9ae42122023.png [33m404[0m 0.880 ms - 222[0m
2023-12-16 13:47:33 info: [0mGET /public/files/albums/postPicture5f539a43c377472363dbdd37af8a523e7b124a8022122023.png [33m404[0m 7.670 ms - 222[0m
2023-12-16 13:47:33 info: [0mGET /public/files/albums/postPicture505cfe5bd9b6bef9ae840078e4734144b5d9dd6e43122023.png [33m404[0m 12.511 ms - 222[0m
2023-12-16 13:47:33 info: [0mGET /public/files/albums/postPicture9b11505cfe5bd9b6bef9ae840078e4734144b5d914122023.png [33m404[0m 12.965 ms - 222[0m
2023-12-16 13:47:33 info: [0mGET /public/files/albums/postPicture0fd2c1bb9e191df6d10863a06755757a97f6c1bf31122023.octet-stream [33m404[0m 13.044 ms - 231[0m
2023-12-16 13:47:33 info: [0mGET /public/files/albums/postPictureab1ea683903e4ee8f09207748b58848b796d30b002122023.octet-stream [33m404[0m 12.519 ms - 231[0m
2023-12-16 13:47:33 info: [0mGET /public/files/albums/postPicture3d30f9e2249b636e6a6d423149a491b02cfb8e3927122023.png [33m404[0m 13.101 ms - 222[0m
2023-12-16 13:47:33 info: [0mGET /public/files/albums/postPictureffe7acebe0fd2c1bb9e191df6d10863a0675575746122023.octet-stream [33m404[0m 13.648 ms - 231[0m
2023-12-16 13:47:34 info: [0mGET /public/files/albums/postPictureb25e375f3a97b3467961505186a4241e2a6bbefb22122023.jpeg [33m404[0m 1.430 ms - 223[0m
2023-12-16 13:47:36 info: [0mGET /public/files/albums/postPicturebc134f12720fc7feb9b82da20c66021635b3d5ec16122023.octet-stream [33m404[0m 0.929 ms - 231[0m
2023-12-16 13:47:37 info: [0mGET /public/files/albums/postPictureffe7acebe0fd2c1bb9e191df6d10863a0675575746122023.octet-stream [33m404[0m 2.628 ms - 231[0m
2023-12-16 13:47:37 info: [0mGET /public/files/albums/postPicture505cfe5bd9b6bef9ae840078e4734144b5d9dd6e43122023.png [33m404[0m 3.179 ms - 222[0m
2023-12-16 13:47:37 info: [0mGET /public/files/albums/postPicture3d30f9e2249b636e6a6d423149a491b02cfb8e3927122023.png [33m404[0m 3.460 ms - 222[0m
2023-12-16 13:47:37 info: [0mGET /public/files/albums/postPicture9b11505cfe5bd9b6bef9ae840078e4734144b5d914122023.png [33m404[0m 4.505 ms - 222[0m
2023-12-16 13:47:37 info: [0mGET /public/files/albums/postPicture5f539a43c377472363dbdd37af8a523e7b124a8022122023.png [33m404[0m 4.736 ms - 222[0m
2023-12-16 13:47:37 info: [0mGET /public/files/albums/postPictureb25e375f3a97b3467961505186a4241e2a6bbefb22122023.jpeg [33m404[0m 5.075 ms - 223[0m
2023-12-16 13:47:37 info: [0mGET /public/files/albums/postPicture5d2f8cd3f6f50e15909b11505cfe5bd9b6bef9ae42122023.png [33m404[0m 5.824 ms - 222[0m
2023-12-16 13:47:39 info: [0mGET /public/files/albums/postPicture0fd2c1bb9e191df6d10863a06755757a97f6c1bf31122023.octet-stream [33m404[0m 0.882 ms - 231[0m
2023-12-16 13:48:17 error: [GET] /users/cus_PBbQBKCT5KXiiH >> StatusCode:: 401, Message:: missing token
2023-12-16 13:48:17 info: [0mGET /users/cus_PBbQBKCT5KXiiH [33m401[0m 7.969 ms - 27[0m
2023-12-16 13:48:18 info: [0mPOST /refresh [32m200[0m 4.689 ms - 248[0m
2023-12-16 13:48:23 info: [0mGET /users/cus_PBbQBKCT5KXiiH [32m200[0m 3884.294 ms - 377[0m
2023-12-16 13:48:36 info: [0mGET /albums/cus_PBbQBKCT5KXiiH [32m201[0m 8673.981 ms - -[0m
2023-12-16 13:48:36 info: [0mGET /users/plans/cus_PBbQBKCT5KXiiH [32m200[0m 9605.108 ms - 214[0m
2023-12-16 13:48:37 info: [0mGET /albums/popular/cus_PBbQBKCT5KXiiH [32m201[0m 11097.100 ms - -[0m
2023-12-16 13:52:57 error: [GET] /users/cus_PBbQBKCT5KXiiH >> StatusCode:: 401, Message:: missing token
2023-12-16 13:52:57 info: [0mGET /users/cus_PBbQBKCT5KXiiH [33m401[0m 6.458 ms - 27[0m
2023-12-16 13:52:59 info: [0mPOST /refresh [32m200[0m 1347.703 ms - 248[0m
2023-12-16 13:53:05 info: [0mGET /users/cus_PBbQBKCT5KXiiH [32m200[0m 4033.641 ms - 377[0m
2023-12-16 13:53:21 info: [0mGET /albums/cus_PBbQBKCT5KXiiH [32m201[0m 10606.030 ms - -[0m
2023-12-16 13:53:23 info: [0mGET /users/plans/cus_PBbQBKCT5KXiiH [32m200[0m 14050.079 ms - 214[0m
2023-12-16 13:53:36 info: [0mGET /albums/popular/cus_PBbQBKCT5KXiiH [32m201[0m 11829.567 ms - -[0m
2023-12-16 13:54:02 error: [GET] /users/cus_PBbQBKCT5KXiiH >> StatusCode:: 401, Message:: missing token
2023-12-16 13:54:02 info: [0mGET /users/cus_PBbQBKCT5KXiiH [33m401[0m 6.142 ms - 27[0m
2023-12-16 13:54:03 info: [0mPOST /refresh [32m200[0m 3.962 ms - 247[0m
2023-12-16 13:54:11 info: [0mGET /users/cus_PBbQBKCT5KXiiH [32m200[0m 7074.273 ms - 377[0m
2023-12-16 13:54:24 info: [0mGET /albums/cus_PBbQBKCT5KXiiH [32m201[0m 3865.698 ms - -[0m
2023-12-16 13:54:25 info: [0mGET /users/plans/cus_PBbQBKCT5KXiiH [32m200[0m 4525.546 ms - 214[0m
2023-12-16 13:55:38 error: [GET] /users/cus_PBbQBKCT5KXiiH >> StatusCode:: 401, Message:: missing token
2023-12-16 13:55:38 info: [0mGET /users/cus_PBbQBKCT5KXiiH [33m401[0m 5.268 ms - 27[0m
2023-12-16 13:55:40 info: [0mPOST /refresh [32m200[0m 1.865 ms - 248[0m
2023-12-16 13:55:46 info: [0mGET /users/cus_PBbQBKCT5KXiiH [32m200[0m 5451.844 ms - 377[0m
2023-12-16 13:55:58 info: [0mGET /users/plans/cus_PBbQBKCT5KXiiH [32m200[0m 8169.005 ms - 214[0m
2023-12-16 13:56:01 info: [0mGET /albums/all-categories [32m201[0m 11532.694 ms - 114[0m
2023-12-16 13:56:02 info: [0mGET /albums/popular/cus_PBbQBKCT5KXiiH [32m201[0m 11276.965 ms - -[0m
2023-12-16 13:56:04 info: [0mGET /public/files/avatars/avatare1d640e916c8628de70bf8ec0bd97461577cc85a.jpeg [32m200[0m 7.569 ms - 63720[0m
2023-12-16 13:56:21 info: [0mGET /albums/cus_PBbQBKCT5KXiiH [32m201[0m 26276.255 ms - -[0m
2023-12-16 13:56:24 info: [0mGET /public/files/albums/postPictureb25e375f3a97b3467961505186a4241e2a6bbefb22122023.jpeg [33m404[0m 0.713 ms - 223[0m
2023-12-16 13:56:24 info: [0mGET /public/files/albums/postPicture5f539a43c377472363dbdd37af8a523e7b124a8022122023.png [33m404[0m 1.920 ms - 222[0m
2023-12-16 13:56:24 info: [0mGET /public/files/albums/postPicture5d2f8cd3f6f50e15909b11505cfe5bd9b6bef9ae42122023.png [33m404[0m 2.712 ms - 222[0m
2023-12-16 13:56:25 info: [0mGET /public/files/albums/postPicture505cfe5bd9b6bef9ae840078e4734144b5d9dd6e43122023.png [33m404[0m 2.213 ms - 222[0m
2023-12-16 13:56:25 info: [0mGET /public/files/albums/postPicture0fd2c1bb9e191df6d10863a06755757a97f6c1bf31122023.octet-stream [33m404[0m 2.925 ms - 231[0m
2023-12-16 13:56:25 info: [0mGET /public/files/albums/postPicturef50e15909b11505cfe5bd9b6bef9ae840078e47327122023.png [33m404[0m 3.434 ms - 222[0m
2023-12-16 13:56:25 info: [0mGET /public/files/albums/postPicture9b11505cfe5bd9b6bef9ae840078e4734144b5d914122023.png [33m404[0m 1.103 ms - 222[0m
2023-12-16 13:56:26 info: [0mGET /public/files/albums/postPictureffe7acebe0fd2c1bb9e191df6d10863a0675575746122023.octet-stream [33m404[0m 0.878 ms - 231[0m
2023-12-16 13:56:26 info: [0mGET /public/files/albums/postPicturebc134f12720fc7feb9b82da20c66021635b3d5ec16122023.octet-stream [33m404[0m 1.027 ms - 231[0m
2023-12-16 13:56:27 info: [0mGET /public/files/albums/postPictureab1ea683903e4ee8f09207748b58848b796d30b002122023.octet-stream [33m404[0m 0.905 ms - 231[0m
2023-12-16 13:56:31 info: [0mGET /public/files/albums/postPicture9b11505cfe5bd9b6bef9ae840078e4734144b5d914122023.png [33m404[0m 0.859 ms - 222[0m
2023-12-16 13:56:31 info: [0mGET /public/files/albums/postPicture5d2f8cd3f6f50e15909b11505cfe5bd9b6bef9ae42122023.png [33m404[0m 0.938 ms - 222[0m
2023-12-16 13:56:31 info: [0mGET /public/files/albums/postPicturef50e15909b11505cfe5bd9b6bef9ae840078e47327122023.png [33m404[0m 2.290 ms - 222[0m
2023-12-16 13:56:31 info: [0mGET /public/files/albums/postPicture0fd2c1bb9e191df6d10863a06755757a97f6c1bf31122023.octet-stream [33m404[0m 1.868 ms - 231[0m
2023-12-16 13:56:31 info: [0mGET /public/files/albums/postPicture3d30f9e2249b636e6a6d423149a491b02cfb8e3927122023.png [33m404[0m 1.134 ms - 222[0m
2023-12-16 13:56:31 info: [0mGET /public/files/albums/postPicture5f539a43c377472363dbdd37af8a523e7b124a8022122023.png [33m404[0m 1.644 ms - 222[0m
2023-12-16 13:56:32 info: [0mGET /public/files/albums/postPicturebc134f12720fc7feb9b82da20c66021635b3d5ec16122023.octet-stream [33m404[0m 1.008 ms - 231[0m
2023-12-16 13:56:32 info: [0mGET /public/files/albums/postPictureffe7acebe0fd2c1bb9e191df6d10863a0675575746122023.octet-stream [33m404[0m 0.974 ms - 231[0m
2023-12-16 13:56:41 info: [0mGET /public/files/albums/postPicturef50e15909b11505cfe5bd9b6bef9ae840078e47327122023.png [33m404[0m 3.246 ms - 222[0m
2023-12-16 13:56:41 info: [0mGET /public/files/albums/postPicture5f539a43c377472363dbdd37af8a523e7b124a8022122023.png [33m404[0m 3.821 ms - 222[0m
2023-12-16 13:56:41 info: [0mGET /public/files/albums/postPicture5d2f8cd3f6f50e15909b11505cfe5bd9b6bef9ae42122023.png [33m404[0m 3.333 ms - 222[0m
2023-12-16 13:56:41 info: [0mGET /public/files/albums/postPicture9b11505cfe5bd9b6bef9ae840078e4734144b5d914122023.png [33m404[0m 0.802 ms - 222[0m
2023-12-16 13:56:42 info: [0mGET /public/files/albums/postPicture0fd2c1bb9e191df6d10863a06755757a97f6c1bf31122023.octet-stream [33m404[0m 2.511 ms - 231[0m
2023-12-16 13:56:42 info: [0mGET /public/files/albums/postPictureb25e375f3a97b3467961505186a4241e2a6bbefb22122023.jpeg [33m404[0m 3.157 ms - 223[0m
2023-12-16 13:56:43 info: [0mGET /public/files/albums/postPictureab1ea683903e4ee8f09207748b58848b796d30b002122023.octet-stream [33m404[0m 1.952 ms - 231[0m
2023-12-16 13:56:43 info: [0mGET /public/files/albums/postPicture3d30f9e2249b636e6a6d423149a491b02cfb8e3927122023.png [33m404[0m 4.003 ms - 222[0m
2023-12-16 13:56:43 info: [0mGET /public/files/albums/postPicturebc134f12720fc7feb9b82da20c66021635b3d5ec16122023.octet-stream [33m404[0m 1.061 ms - 231[0m
2023-12-16 13:57:06 info: [0mGET /public/files/albums/postPictureb25e375f3a97b3467961505186a4241e2a6bbefb22122023.jpeg [33m404[0m 0.869 ms - 223[0m
2023-12-16 13:57:07 info: [0mGET /public/files/albums/postPicturebc134f12720fc7feb9b82da20c66021635b3d5ec16122023.octet-stream [33m404[0m 0.918 ms - 231[0m
2023-12-16 13:57:07 info: [0mGET /public/files/albums/postPicture505cfe5bd9b6bef9ae840078e4734144b5d9dd6e43122023.png [33m404[0m 1.641 ms - 222[0m
2023-12-16 13:57:07 info: [0mGET /public/files/albums/postPictureffe7acebe0fd2c1bb9e191df6d10863a0675575746122023.octet-stream [33m404[0m 2.042 ms - 231[0m
2023-12-16 13:57:08 info: [0mGET /public/files/albums/postPictureab1ea683903e4ee8f09207748b58848b796d30b002122023.octet-stream [33m404[0m 0.972 ms - 231[0m
2023-12-16 13:57:19 info: [0mGET /public/files/albums/postPictureb25e375f3a97b3467961505186a4241e2a6bbefb22122023.jpeg [33m404[0m 0.981 ms - 223[0m
2023-12-16 13:57:19 info: [0mGET /public/files/albums/postPicture5f539a43c377472363dbdd37af8a523e7b124a8022122023.png [33m404[0m 0.945 ms - 222[0m
2023-12-16 13:57:19 info: [0mGET /public/files/albums/postPicturef50e15909b11505cfe5bd9b6bef9ae840078e47327122023.png [33m404[0m 2.080 ms - 222[0m
2023-12-16 13:57:19 info: [0mGET /public/files/albums/postPicture505cfe5bd9b6bef9ae840078e4734144b5d9dd6e43122023.png [33m404[0m 2.556 ms - 222[0m
2023-12-16 13:57:19 info: [0mGET /public/files/albums/postPicture5d2f8cd3f6f50e15909b11505cfe5bd9b6bef9ae42122023.png [33m404[0m 2.984 ms - 222[0m
2023-12-16 13:57:19 info: [0mGET /public/files/albums/postPicture0fd2c1bb9e191df6d10863a06755757a97f6c1bf31122023.octet-stream [33m404[0m 2.067 ms - 231[0m
2023-12-16 13:57:20 info: [0mGET /public/files/albums/postPicture9b11505cfe5bd9b6bef9ae840078e4734144b5d914122023.png [33m404[0m 1.438 ms - 222[0m
2023-12-16 13:57:20 info: [0mGET /public/files/albums/postPictureab1ea683903e4ee8f09207748b58848b796d30b002122023.octet-stream [33m404[0m 2.166 ms - 231[0m
2023-12-16 14:01:43 info: [0mGET /public/files/albums/postPicture-1d039e14-9252-47d6-8d39-92f625d46f435867363189936475864jpg'4a7b30776d4b031071bc78bf6dc9f52192f93a9527122023.jpeg [32m200[0m 7.218 ms - 63869[0m
2023-12-16 14:01:44 info: [0mGET /public/files/albums/postPicture9b11505cfe5bd9b6bef9ae840078e4734144b5d914122023.png [33m404[0m 1.198 ms - 222[0m
2023-12-16 14:01:44 info: [0mGET /public/files/albums/postPictureffe7acebe0fd2c1bb9e191df6d10863a0675575746122023.octet-stream [33m404[0m 1.730 ms - 231[0m
2023-12-16 14:01:44 info: [0mGET /public/files/albums/postPictureb25e375f3a97b3467961505186a4241e2a6bbefb22122023.jpeg [33m404[0m 4.116 ms - 223[0m
2023-12-16 14:01:44 info: [0mGET /public/files/albums/postPicture5d2f8cd3f6f50e15909b11505cfe5bd9b6bef9ae42122023.png [33m404[0m 4.526 ms - 222[0m
2023-12-16 14:01:44 info: [0mGET /public/files/albums/postPicturef50e15909b11505cfe5bd9b6bef9ae840078e47327122023.png [33m404[0m 3.771 ms - 222[0m
2023-12-16 14:01:44 info: [0mGET /public/files/albums/postPictureab1ea683903e4ee8f09207748b58848b796d30b002122023.octet-stream [33m404[0m 3.423 ms - 231[0m
2023-12-16 14:01:45 info: [0mGET /public/files/albums/postPicture5f539a43c377472363dbdd37af8a523e7b124a8022122023.png [33m404[0m 0.888 ms - 222[0m
2023-12-16 14:01:45 info: [0mGET /public/files/albums/postPicture3d30f9e2249b636e6a6d423149a491b02cfb8e3927122023.png [33m404[0m 0.867 ms - 222[0m
2023-12-16 14:01:45 info: [0mGET /public/files/albums/postPicture505cfe5bd9b6bef9ae840078e4734144b5d9dd6e43122023.png [33m404[0m 1.275 ms - 222[0m
2023-12-16 14:01:45 info: [0mGET /public/files/albums/postPicturebc134f12720fc7feb9b82da20c66021635b3d5ec16122023.octet-stream [33m404[0m 2.453 ms - 231[0m
2023-12-16 14:01:45 info: [0mGET /public/files/albums/postPicture0fd2c1bb9e191df6d10863a06755757a97f6c1bf31122023.octet-stream [33m404[0m 0.589 ms - 231[0m
2023-12-16 14:01:48 info: [0mGET /public/files/albums/postPicture-845deff6-be96-43f5-b109-af54ffe139ae4617808164101427779jpg'4a7b30776d4b031071bc78bf6dc9f52192f93a9527122023.jpeg [32m200[0m 7.007 ms - 64510[0m
2023-12-16 14:02:24 info: [0mGET /public/files/albums/postPicture5f539a43c377472363dbdd37af8a523e7b124a8022122023.png [33m404[0m 1.580 ms - 222[0m
2023-12-16 14:02:24 info: [0mGET /public/files/albums/postPictureffe7acebe0fd2c1bb9e191df6d10863a0675575746122023.octet-stream [33m404[0m 1.842 ms - 231[0m
2023-12-16 14:02:26 info: [0mGET /public/files/albums/postPicture9b11505cfe5bd9b6bef9ae840078e4734144b5d914122023.png [33m404[0m 0.731 ms - 222[0m
2023-12-16 14:02:26 info: [0mGET /public/files/albums/postPicture0fd2c1bb9e191df6d10863a06755757a97f6c1bf31122023.octet-stream [33m404[0m 3.493 ms - 231[0m
2023-12-16 14:02:26 info: [0mGET /public/files/albums/postPicture505cfe5bd9b6bef9ae840078e4734144b5d9dd6e43122023.png [33m404[0m 3.796 ms - 222[0m
2023-12-16 14:02:26 info: [0mGET /public/files/albums/postPicturebc134f12720fc7feb9b82da20c66021635b3d5ec16122023.octet-stream [33m404[0m 3.414 ms - 231[0m
2023-12-16 14:02:26 info: [0mGET /public/files/albums/postPictureab1ea683903e4ee8f09207748b58848b796d30b002122023.octet-stream [33m404[0m 3.807 ms - 231[0m
2023-12-16 14:02:26 info: [0mGET /public/files/albums/postPicture5d2f8cd3f6f50e15909b11505cfe5bd9b6bef9ae42122023.png [33m404[0m 4.270 ms - 222[0m
2023-12-16 14:02:27 info: [0mGET /public/files/albums/postPicturef50e15909b11505cfe5bd9b6bef9ae840078e47327122023.png [33m404[0m 0.769 ms - 222[0m
2023-12-16 14:02:35 info: [0mGET /public/files/albums/postPictureb25e375f3a97b3467961505186a4241e2a6bbefb22122023.jpeg [33m404[0m 0.705 ms - 223[0m
2023-12-16 14:02:36 info: [0mGET /public/files/albums/postPicture9b11505cfe5bd9b6bef9ae840078e4734144b5d914122023.png [33m404[0m 1.524 ms - 222[0m
2023-12-16 14:02:36 info: [0mGET /public/files/albums/postPicturebc134f12720fc7feb9b82da20c66021635b3d5ec16122023.octet-stream [33m404[0m 1.901 ms - 231[0m
2023-12-16 14:02:36 info: [0mGET /public/files/albums/postPicture0fd2c1bb9e191df6d10863a06755757a97f6c1bf31122023.octet-stream [33m404[0m 2.335 ms - 231[0m
2023-12-16 14:02:36 info: [0mGET /public/files/albums/postPicture5d2f8cd3f6f50e15909b11505cfe5bd9b6bef9ae42122023.png [33m404[0m 2.925 ms - 222[0m
2023-12-16 14:48:16 error: [GET] /users/cus_PBbQBKCT5KXiiH >> StatusCode:: 401, Message:: missing token
2023-12-16 14:48:16 info: [0mGET /users/cus_PBbQBKCT5KXiiH [33m401[0m 4.930 ms - 27[0m
2023-12-16 14:48:18 info: [0mPOST /refresh [32m200[0m 458.442 ms - 248[0m
2023-12-16 14:48:21 info: [0mGET /users/cus_PBbQBKCT5KXiiH [32m200[0m 2827.320 ms - 377[0m
2023-12-16 14:48:32 info: [0mGET /albums/popular/cus_PBbQBKCT5KXiiH [32m201[0m 7336.168 ms - -[0m
2023-12-16 14:48:33 info: [0mGET /users/plans/cus_PBbQBKCT5KXiiH [32m200[0m 8357.039 ms - 214[0m
2023-12-16 14:48:33 info: [0mGET /albums/cus_PBbQBKCT5KXiiH [32m201[0m 8369.115 ms - -[0m
2023-12-16 14:49:26 error: [GET] /users/cus_PBbQBKCT5KXiiH >> StatusCode:: 401, Message:: missing token
2023-12-16 14:49:26 info: [0mGET /users/cus_PBbQBKCT5KXiiH [33m401[0m 5.650 ms - 27[0m
2023-12-16 14:49:27 info: [0mPOST /refresh [32m200[0m 9.347 ms - 248[0m
2023-12-16 14:49:31 info: [0mGET /users/cus_PBbQBKCT5KXiiH [32m200[0m 2952.861 ms - 377[0m
2023-12-16 14:49:38 info: [0mGET /albums/all-categories [32m201[0m 3007.240 ms - 114[0m
2023-12-16 14:49:38 info: [0mGET /albums/popular/cus_PBbQBKCT5KXiiH [32m201[0m 3598.245 ms - -[0m
2023-12-16 14:49:39 info: [0mGET /albums/cus_PBbQBKCT5KXiiH [32m201[0m 3983.072 ms - -[0m
2023-12-16 14:49:40 info: [0mGET /users/plans/cus_PBbQBKCT5KXiiH [32m200[0m 5840.017 ms - 214[0m
2023-12-16 14:49:42 info: [0mGET /public/files/albums/postPictureb25e375f3a97b3467961505186a4241e2a6bbefb22122023.jpeg [33m404[0m 2.648 ms - 223[0m
2023-12-16 14:49:42 info: [0mGET /public/files/albums/postPicturef50e15909b11505cfe5bd9b6bef9ae840078e47327122023.png [33m404[0m 2.445 ms - 222[0m
2023-12-16 14:49:42 info: [0mGET /public/files/albums/postPicture505cfe5bd9b6bef9ae840078e4734144b5d9dd6e43122023.png [33m404[0m 2.876 ms - 222[0m
2023-12-16 14:49:42 info: [0mGET /public/files/albums/postPicture5f539a43c377472363dbdd37af8a523e7b124a8022122023.png [33m404[0m 7.712 ms - 222[0m
2023-12-16 14:49:42 info: [0mGET /public/files/albums/postPicture5d2f8cd3f6f50e15909b11505cfe5bd9b6bef9ae42122023.png [33m404[0m 8.229 ms - 222[0m
2023-12-16 14:49:42 info: [0mGET /public/files/albums/postPicture3d30f9e2249b636e6a6d423149a491b02cfb8e3927122023.png [33m404[0m 5.732 ms - 222[0m
2023-12-16 14:49:42 info: [0mGET /public/files/albums/postPictureffe7acebe0fd2c1bb9e191df6d10863a0675575746122023.octet-stream [33m404[0m 9.480 ms - 231[0m
2023-12-16 14:49:42 info: [0mGET /public/files/albums/postPicture0fd2c1bb9e191df6d10863a06755757a97f6c1bf31122023.octet-stream [33m404[0m 10.069 ms - 231[0m
2023-12-16 14:49:42 info: [0mGET /public/files/albums/postPicturebc134f12720fc7feb9b82da20c66021635b3d5ec16122023.octet-stream [33m404[0m 10.830 ms - 231[0m
2023-12-16 14:49:43 info: [0mGET /public/files/albums/postPictureab1ea683903e4ee8f09207748b58848b796d30b002122023.octet-stream [33m404[0m 1.353 ms - 231[0m
2023-12-16 15:09:49 info: [0mGET /public/files/albums/postPicture505cfe5bd9b6bef9ae840078e4734144b5d9dd6e43122023.png [33m404[0m 1.680 ms - 222[0m
2023-12-16 15:09:49 info: [0mGET /public/files/albums/postPicturebc134f12720fc7feb9b82da20c66021635b3d5ec16122023.octet-stream [33m404[0m 2.358 ms - 231[0m
2023-12-16 15:09:49 info: [0mGET /public/files/albums/postPicture3d30f9e2249b636e6a6d423149a491b02cfb8e3927122023.png [33m404[0m 2.711 ms - 222[0m
2023-12-16 15:09:49 info: [0mGET /public/files/albums/postPicture5f539a43c377472363dbdd37af8a523e7b124a8022122023.png [33m404[0m 4.112 ms - 222[0m
2023-12-16 15:09:49 info: [0mGET /public/files/albums/postPicture0fd2c1bb9e191df6d10863a06755757a97f6c1bf31122023.octet-stream [33m404[0m 4.690 ms - 231[0m
2023-12-16 15:09:49 info: [0mGET /public/files/albums/postPicture5d2f8cd3f6f50e15909b11505cfe5bd9b6bef9ae42122023.png [33m404[0m 1.821 ms - 222[0m
2023-12-16 15:09:49 info: [0mGET /public/files/albums/postPicturef50e15909b11505cfe5bd9b6bef9ae840078e47327122023.png [33m404[0m 2.147 ms - 222[0m
2023-12-16 15:09:50 info: [0mGET /public/files/albums/postPicture9b11505cfe5bd9b6bef9ae840078e4734144b5d914122023.png [33m404[0m 1.478 ms - 222[0m
2023-12-16 15:09:50 info: [0mGET /public/files/albums/postPictureffe7acebe0fd2c1bb9e191df6d10863a0675575746122023.octet-stream [33m404[0m 2.200 ms - 231[0m
2023-12-16 15:09:52 info: [0mGET /public/files/albums/postPictureab1ea683903e4ee8f09207748b58848b796d30b002122023.octet-stream [33m404[0m 0.984 ms - 231[0m
2023-12-16 15:09:53 info: [0mGET /public/files/albums/postPictureb25e375f3a97b3467961505186a4241e2a6bbefb22122023.jpeg [33m404[0m 2.829 ms - 223[0m
2023-12-16 15:10:10 info: [0mGET /public/files/albums/postPicturef50e15909b11505cfe5bd9b6bef9ae840078e47327122023.png [33m404[0m 0.927 ms - 222[0m
2023-12-16 15:10:10 info: [0mGET /public/files/albums/postPicture5d2f8cd3f6f50e15909b11505cfe5bd9b6bef9ae42122023.png [33m404[0m 2.119 ms - 222[0m
2023-12-16 15:10:10 info: [0mGET /public/files/albums/postPicture3d30f9e2249b636e6a6d423149a491b02cfb8e3927122023.png [33m404[0m 2.472 ms - 222[0m
2023-12-16 15:10:10 info: [0mGET /public/files/albums/postPictureffe7acebe0fd2c1bb9e191df6d10863a0675575746122023.octet-stream [33m404[0m 1.169 ms - 231[0m
2023-12-16 15:10:10 info: [0mGET /public/files/albums/postPicture9b11505cfe5bd9b6bef9ae840078e4734144b5d914122023.png [33m404[0m 1.085 ms - 222[0m
2023-12-16 15:10:11 info: [0mGET /public/files/albums/postPicture505cfe5bd9b6bef9ae840078e4734144b5d9dd6e43122023.png [33m404[0m 3.123 ms - 222[0m
2023-12-16 15:10:11 info: [0mGET /public/files/albums/postPicture5f539a43c377472363dbdd37af8a523e7b124a8022122023.png [33m404[0m 4.166 ms - 222[0m
2023-12-16 15:10:12 info: [0mGET /public/files/albums/postPictureab1ea683903e4ee8f09207748b58848b796d30b002122023.octet-stream [33m404[0m 0.977 ms - 231[0m
2023-12-16 15:10:23 info: [0mGET /public/files/albums/postPictureb25e375f3a97b3467961505186a4241e2a6bbefb22122023.jpeg [33m404[0m 6.491 ms - 223[0m
2023-12-16 15:10:23 info: [0mGET /public/files/albums/postPictureab1ea683903e4ee8f09207748b58848b796d30b002122023.octet-stream [33m404[0m 6.953 ms - 231[0m
2023-12-16 15:10:23 info: [0mGET /public/files/albums/postPicturebc134f12720fc7feb9b82da20c66021635b3d5ec16122023.octet-stream [33m404[0m 7.274 ms - 231[0m
2023-12-16 15:10:23 info: [0mGET /public/files/albums/postPictureffe7acebe0fd2c1bb9e191df6d10863a0675575746122023.octet-stream [33m404[0m 7.236 ms - 231[0m
2023-12-16 15:10:23 info: [0mGET /public/files/albums/postPicture5d2f8cd3f6f50e15909b11505cfe5bd9b6bef9ae42122023.png [33m404[0m 7.119 ms - 222[0m
2023-12-16 15:10:23 info: [0mGET /public/files/albums/postPicturef50e15909b11505cfe5bd9b6bef9ae840078e47327122023.png [33m404[0m 7.531 ms - 222[0m
2023-12-16 15:10:24 info: [0mGET /public/files/albums/postPicture5f539a43c377472363dbdd37af8a523e7b124a8022122023.png [33m404[0m 1.159 ms - 222[0m
2023-12-16 15:10:24 info: [0mGET /public/files/albums/postPicture3d30f9e2249b636e6a6d423149a491b02cfb8e3927122023.png [33m404[0m 1.410 ms - 222[0m
2023-12-16 15:10:24 info: [0mGET /public/files/albums/postPicture9b11505cfe5bd9b6bef9ae840078e4734144b5d914122023.png [33m404[0m 0.960 ms - 222[0m
2023-12-16 15:10:25 info: [0mGET /public/files/albums/postPicture0fd2c1bb9e191df6d10863a06755757a97f6c1bf31122023.octet-stream [33m404[0m 0.952 ms - 231[0m
2023-12-16 15:11:42 info: [0mGET /public/files/albums/postPicture9b11505cfe5bd9b6bef9ae840078e4734144b5d914122023.png [33m404[0m 2.691 ms - 222[0m
2023-12-16 15:11:42 info: [0mGET /public/files/albums/postPicturef50e15909b11505cfe5bd9b6bef9ae840078e47327122023.png [33m404[0m 3.244 ms - 222[0m
2023-12-16 15:11:42 info: [0mGET /public/files/albums/postPicture3d30f9e2249b636e6a6d423149a491b02cfb8e3927122023.png [33m404[0m 3.372 ms - 222[0m
2023-12-16 15:11:42 info: [0mGET /public/files/albums/postPicture5f539a43c377472363dbdd37af8a523e7b124a8022122023.png [33m404[0m 3.806 ms - 222[0m
2023-12-16 15:11:42 info: [0mGET /public/files/albums/postPicturebc134f12720fc7feb9b82da20c66021635b3d5ec16122023.octet-stream [33m404[0m 2.175 ms - 231[0m
2023-12-16 15:11:42 info: [0mGET /public/files/albums/postPicture0fd2c1bb9e191df6d10863a06755757a97f6c1bf31122023.octet-stream [33m404[0m 2.655 ms - 231[0m
2023-12-16 15:11:42 info: [0mGET /public/files/albums/postPictureffe7acebe0fd2c1bb9e191df6d10863a0675575746122023.octet-stream [33m404[0m 1.113 ms - 231[0m
2023-12-16 15:11:42 info: [0mGET /public/files/albums/postPicture505cfe5bd9b6bef9ae840078e4734144b5d9dd6e43122023.png [33m404[0m 2.479 ms - 222[0m
2023-12-16 15:11:42 info: [0mGET /public/files/albums/postPictureab1ea683903e4ee8f09207748b58848b796d30b002122023.octet-stream [33m404[0m 0.947 ms - 231[0m
2023-12-16 15:11:43 info: [0mGET /public/files/albums/postPicture5d2f8cd3f6f50e15909b11505cfe5bd9b6bef9ae42122023.png [33m404[0m 0.974 ms - 222[0m
2023-12-16 15:11:43 info: [0mGET /public/files/albums/WhatsApp%20Image%202023-09-23%20at%201957.21.jpeg0e916c8628de70bf8ec0bd97461577cc85aa578627122023.jpeg [33m404[0m 1.606 ms - 261[0m
2023-12-16 15:11:51 info: [0mGET /public/files/albums/postPicture5d2f8cd3f6f50e15909b11505cfe5bd9b6bef9ae42122023.png [33m404[0m 2.485 ms - 222[0m
2023-12-16 15:11:51 info: [0mGET /public/files/albums/postPictureb25e375f3a97b3467961505186a4241e2a6bbefb22122023.jpeg [33m404[0m 2.043 ms - 223[0m
2023-12-16 15:11:51 info: [0mGET /public/files/albums/postPicture0fd2c1bb9e191df6d10863a06755757a97f6c1bf31122023.octet-stream [33m404[0m 9.960 ms - 231[0m
2023-12-16 15:11:51 info: [0mGET /public/files/albums/postPictureffe7acebe0fd2c1bb9e191df6d10863a0675575746122023.octet-stream [33m404[0m 6.982 ms - 231[0m
2023-12-16 15:11:51 info: [0mGET /public/files/albums/postPicturebc134f12720fc7feb9b82da20c66021635b3d5ec16122023.octet-stream [33m404[0m 7.913 ms - 231[0m
2023-12-16 15:11:51 info: [0mGET /public/files/albums/postPicturef50e15909b11505cfe5bd9b6bef9ae840078e47327122023.png [33m404[0m 9.883 ms - 222[0m
2023-12-16 15:11:51 info: [0mGET /public/files/albums/postPicture505cfe5bd9b6bef9ae840078e4734144b5d9dd6e43122023.png [33m404[0m 10.699 ms - 222[0m
2023-12-16 15:11:51 info: [0mGET /public/files/albums/postPicture3d30f9e2249b636e6a6d423149a491b02cfb8e3927122023.png [33m404[0m 11.474 ms - 222[0m
2023-12-16 15:11:51 info: [0mGET /public/files/albums/postPicture9b11505cfe5bd9b6bef9ae840078e4734144b5d914122023.png [33m404[0m 15.609 ms - 222[0m
2023-12-16 15:11:51 info: [0mGET /public/files/albums/postPicture5f539a43c377472363dbdd37af8a523e7b124a8022122023.png [33m404[0m 15.702 ms - 222[0m
2023-12-16 15:11:52 info: [0mGET /public/files/albums/postPictureab1ea683903e4ee8f09207748b58848b796d30b002122023.octet-stream [33m404[0m 2.165 ms - 231[0m
