2023-07-13 10:12:34 info: =================================
2023-07-13 10:12:34 info: ======= ENV: development =======
2023-07-13 10:12:34 info: 🚀 App listening on the port 4000
2023-07-13 10:12:34 info: =================================
2023-07-13 13:30:23 info: =================================
2023-07-13 13:30:23 info: ======= ENV: development =======
2023-07-13 13:30:23 info: 🚀 App listening on the port 4000
2023-07-13 13:30:23 info: =================================
2023-07-13 17:10:53 info: [0mPOST /signup [32m201[0m 3046.640 ms - -[0m
2023-07-13 17:17:43 info: [0mPOST /signup [32m201[0m 1410.405 ms - -[0m
2023-07-13 17:27:11 info: [0mPOST /signup [32m201[0m 1343.076 ms - -[0m
2023-07-13 17:41:08 info: [0mPOST /signup [32m201[0m 1385.443 ms - -[0m
2023-07-13 17:42:00 info: =================================
2023-07-13 17:42:00 info: ======= ENV: development =======
2023-07-13 17:42:00 info: 🚀 App listening on the port 4000
2023-07-13 17:42:00 info: =================================
2023-07-13 17:42:08 info: =================================
2023-07-13 17:42:08 info: ======= ENV: development =======
2023-07-13 17:42:08 info: 🚀 App listening on the port 4000
2023-07-13 17:42:08 info: =================================
2023-07-13 17:57:25 info: [0mPOST /signup [32m201[0m 1436.549 ms - -[0m
2023-07-13 18:05:06 info: [0mPOST /signup [32m201[0m 1431.359 ms - -[0m
2023-07-13 18:13:13 info: [0mPOST /signup [32m201[0m 1364.947 ms - 299[0m
2023-07-13 18:22:44 info: [0mPOST /signup [32m201[0m 426.162 ms - 71[0m
2023-07-13 18:22:51 info: [0mPOST /signup [32m201[0m 402.833 ms - 71[0m
2023-07-13 18:31:05 info: [0mPOST /signup [32m201[0m 1501.754 ms - 299[0m
2023-07-13 18:33:08 info: [0mPOST /users/upload/avatar/undefined [0m-[0m - ms - -[0m
2023-07-13 18:33:08 info: [0mPOST /users/upload/avatar/undefined [0m-[0m - ms - -[0m
2023-07-13 18:46:44 info: =================================
2023-07-13 18:46:44 info: ======= ENV: development =======
2023-07-13 18:46:44 info: 🚀 App listening on the port 4000
2023-07-13 18:46:44 info: =================================
2023-07-13 18:51:17 info: =================================
2023-07-13 18:51:17 info: ======= ENV: development =======
2023-07-13 18:51:17 info: 🚀 App listening on the port 4000
2023-07-13 18:51:17 info: =================================
2023-07-13 18:51:39 info: =================================
2023-07-13 18:51:39 info: ======= ENV: development =======
2023-07-13 18:51:39 info: 🚀 App listening on the port 4000
2023-07-13 18:51:39 info: =================================
2023-07-13 18:51:47 info: =================================
2023-07-13 18:51:47 info: ======= ENV: development =======
2023-07-13 18:51:47 info: 🚀 App listening on the port 4000
2023-07-13 18:51:47 info: =================================
2023-07-13 18:53:03 info: =================================
2023-07-13 18:53:03 info: ======= ENV: development =======
2023-07-13 18:53:03 info: 🚀 App listening on the port 4000
2023-07-13 18:53:03 info: =================================
2023-07-13 19:41:44 info: [0mPOST /signup [32m201[0m 562.509 ms - 26[0m
2023-07-13 19:42:54 info: =================================
2023-07-13 19:42:54 info: ======= ENV: development =======
2023-07-13 19:42:54 info: 🚀 App listening on the port 4000
2023-07-13 19:42:54 info: =================================
2023-07-13 19:42:59 info: =================================
2023-07-13 19:42:59 info: ======= ENV: development =======
2023-07-13 19:42:59 info: 🚀 App listening on the port 4000
2023-07-13 19:42:59 info: =================================
2023-07-13 19:43:06 info: [0mPOST /signup [32m201[0m 1452.128 ms - 299[0m
2023-07-13 19:51:14 info: =================================
2023-07-13 19:51:14 info: ======= ENV: development =======
2023-07-13 19:51:14 info: 🚀 App listening on the port 4000
2023-07-13 19:51:14 info: =================================
