2023-05-03 15:57:02 info: =================================
2023-05-03 15:57:02 info: ======= ENV: development =======
2023-05-03 15:57:02 info: 🚀 App listening on the port 3000
2023-05-03 15:57:02 info: =================================
2023-05-03 15:57:02 info: [0mGET /_next/webpack-hmr [33m404[0m 4.361 ms - 156[0m
2023-05-03 15:57:08 info: [0mGET /_next/webpack-hmr [33m404[0m 0.980 ms - 156[0m
2023-05-03 15:57:13 info: [0mGET /_next/webpack-hmr [33m404[0m 0.479 ms - 156[0m
2023-05-03 15:57:18 info: [0mGET /_next/webpack-hmr [33m404[0m 0.575 ms - 156[0m
2023-05-03 15:57:44 info: [0mGET /posts/popular [0m-[0m - ms - -[0m
2023-05-03 15:57:51 info: =================================
2023-05-03 15:57:51 info: ======= ENV: development =======
2023-05-03 15:57:51 info: 🚀 App listening on the port 3000
2023-05-03 15:57:51 info: =================================
2023-05-03 15:58:52 info: [0mGET /posts/popular [32m201[0m 59763.588 ms - 2[0m
2023-05-03 15:59:29 info: [0mGET /posts/popular [32m201[0m 35385.099 ms - -[0m
2023-05-03 16:00:01 info: =================================
2023-05-03 16:00:01 info: ======= ENV: development =======
2023-05-03 16:00:01 info: 🚀 App listening on the port 3000
2023-05-03 16:00:01 info: =================================
2023-05-03 16:00:04 info: [0mGET /posts/popular [32m201[0m 424.929 ms - -[0m
2023-05-03 16:12:32 info: [0mGET /posts/popular [32m201[0m 446.173 ms - -[0m
2023-05-03 16:12:35 info: [0mGET /posts/popular [32m201[0m 382.731 ms - -[0m
2023-05-03 16:13:15 info: [0mGET /posts/popular [32m201[0m 398.390 ms - -[0m
2023-05-03 16:17:49 info: [0mGET /posts/popular [32m201[0m 391.324 ms - -[0m
2023-05-03 16:19:36 info: [0mGET /posts/popular [32m201[0m 420.422 ms - -[0m
2023-05-03 16:19:39 info: [0mGET /posts/popular [32m201[0m 409.397 ms - -[0m
2023-05-03 16:19:44 info: [0mGET /posts/popular [32m201[0m 423.564 ms - -[0m
2023-05-03 16:19:45 info: [0mGET /posts/popular [32m201[0m 376.959 ms - -[0m
2023-05-03 16:19:57 info: [0mGET /posts/popular [32m201[0m 480.495 ms - -[0m
2023-05-03 16:20:06 info: [0mGET /posts/popular [32m201[0m 389.677 ms - -[0m
2023-05-03 16:20:08 info: [0mGET /posts/popular [32m201[0m 404.554 ms - -[0m
2023-05-03 16:21:03 info: =================================
2023-05-03 16:21:03 info: ======= ENV: development =======
2023-05-03 16:21:03 info: 🚀 App listening on the port 3000
2023-05-03 16:21:03 info: =================================
2023-05-03 16:21:14 info: [0mGET /posts/popular [32m201[0m 415.192 ms - -[0m
2023-05-03 16:21:25 info: [0mGET /posts/popular [32m201[0m 407.620 ms - -[0m
2023-05-03 16:22:31 info: [0mGET /posts/popular [32m201[0m 416.930 ms - -[0m
2023-05-03 16:23:11 info: [0mGET /posts/popular [32m201[0m 388.484 ms - -[0m
2023-05-03 16:23:11 info: [0mGET /posts/popular [32m201[0m 393.621 ms - -[0m
2023-05-03 16:23:22 info: [0mGET /posts/popular [32m201[0m 392.377 ms - -[0m
2023-05-03 16:23:57 info: [0mGET /posts/popular [32m201[0m 415.447 ms - -[0m
2023-05-03 16:23:57 info: [0mGET /posts/popular [32m201[0m 401.981 ms - -[0m
2023-05-03 16:24:04 info: [0mGET /posts/popular [32m201[0m 407.261 ms - -[0m
2023-05-03 16:24:26 info: [0mGET /posts/popular [32m201[0m 387.666 ms - -[0m
2023-05-03 16:24:30 info: [0mGET /posts/popular [32m201[0m 382.234 ms - -[0m
2023-05-03 16:24:41 info: [0mGET /posts/popular [32m201[0m 386.201 ms - -[0m
2023-05-03 16:24:54 info: [0mGET /posts/popular [32m201[0m 385.318 ms - -[0m
2023-05-03 16:25:07 info: [0mGET /posts/popular [32m201[0m 425.022 ms - -[0m
2023-05-03 16:25:13 info: [0mGET /posts/popular [32m201[0m 395.516 ms - -[0m
2023-05-03 16:27:20 info: [0mGET /posts/popular [32m201[0m 394.635 ms - -[0m
2023-05-03 16:31:56 info: [0mGET /posts/popular [32m201[0m 414.784 ms - -[0m
2023-05-03 16:31:59 info: [0mGET /posts/popular [32m201[0m 409.507 ms - -[0m
2023-05-03 16:32:07 info: [0mGET /posts/popular [32m201[0m 424.415 ms - -[0m
2023-05-03 16:32:24 info: [0mGET /posts/popular [32m201[0m 405.039 ms - -[0m
2023-05-03 16:32:26 info: [0mGET /posts/popular [32m201[0m 385.414 ms - -[0m
2023-05-03 16:32:37 info: [0mGET /posts/popular [32m201[0m 381.543 ms - -[0m
2023-05-03 16:32:47 info: [0mGET /posts/popular [32m201[0m 380.605 ms - -[0m
2023-05-03 16:33:25 info: [0mGET /posts/popular [32m201[0m 370.087 ms - -[0m
2023-05-03 16:33:28 info: [0mGET /posts/popular [32m201[0m 394.241 ms - -[0m
2023-05-03 16:33:37 info: [0mGET /posts/popular [32m201[0m 405.068 ms - -[0m
2023-05-03 16:34:17 info: [0mGET /posts/popular [32m201[0m 380.036 ms - -[0m
2023-05-03 16:34:20 info: [0mGET /posts/popular [32m201[0m 371.565 ms - -[0m
2023-05-03 16:34:25 info: [0mGET /posts/popular [32m201[0m 380.465 ms - -[0m
2023-05-03 16:35:36 info: [0mGET /posts/popular [32m201[0m 402.129 ms - -[0m
2023-05-03 16:35:38 info: [0mGET /posts/popular [32m201[0m 383.137 ms - -[0m
2023-05-03 16:36:00 info: [0mGET /posts/popular [32m201[0m 384.926 ms - -[0m
2023-05-03 16:36:03 info: [0mGET /posts/popular [32m201[0m 403.612 ms - -[0m
2023-05-03 16:36:06 info: [0mGET /posts/popular [32m201[0m 370.772 ms - -[0m
2023-05-03 16:36:18 info: [0mGET /posts/popular [32m201[0m 395.058 ms - -[0m
2023-05-03 16:36:32 info: [0mGET /posts/popular [32m201[0m 371.448 ms - -[0m
2023-05-03 16:36:42 info: [0mGET /posts/popular [32m201[0m 401.362 ms - -[0m
2023-05-03 16:37:11 info: [0mGET /posts/popular [32m201[0m 376.133 ms - -[0m
2023-05-03 16:37:21 info: [0mGET /posts/popular [32m201[0m 414.379 ms - -[0m
2023-05-03 16:37:29 info: [0mGET /posts/popular [32m201[0m 378.503 ms - -[0m
2023-05-03 16:37:34 info: [0mGET /posts/popular [32m201[0m 386.107 ms - -[0m
2023-05-03 16:37:40 info: [0mGET /posts/popular [32m201[0m 392.309 ms - -[0m
2023-05-03 16:37:50 info: [0mGET /posts/popular [32m201[0m 382.254 ms - -[0m
2023-05-03 16:38:33 info: [0mGET /posts/popular [32m201[0m 408.354 ms - -[0m
2023-05-03 16:38:53 info: [0mGET /posts/popular [32m201[0m 399.585 ms - -[0m
2023-05-03 16:39:20 info: [0mGET /posts/popular [32m201[0m 410.712 ms - -[0m
2023-05-03 16:39:35 info: [0mGET /posts/popular [32m201[0m 382.605 ms - -[0m
2023-05-03 16:39:44 info: [0mGET /posts/popular [32m201[0m 372.893 ms - -[0m
2023-05-03 16:39:55 info: [0mGET /posts/popular [32m201[0m 403.343 ms - -[0m
2023-05-03 16:40:05 info: [0mGET /posts/popular [32m201[0m 422.206 ms - -[0m
2023-05-03 16:40:06 info: [0mGET /posts/popular [32m201[0m 411.977 ms - -[0m
2023-05-03 16:40:10 info: [0mGET /posts/popular [32m201[0m 392.934 ms - -[0m
2023-05-03 16:40:15 info: [0mGET /posts/popular [32m201[0m 363.216 ms - -[0m
2023-05-03 16:40:27 info: [0mGET /posts/popular [32m201[0m 390.741 ms - -[0m
2023-05-03 16:40:33 info: [0mGET /posts/popular [32m201[0m 385.469 ms - -[0m
2023-05-03 16:40:45 info: [0mGET /posts/popular [32m201[0m 421.613 ms - -[0m
2023-05-03 16:40:46 info: [0mGET /posts/popular [32m201[0m 387.542 ms - -[0m
2023-05-03 16:40:48 info: [0mGET /posts/popular [32m201[0m 382.190 ms - -[0m
2023-05-03 16:44:53 info: [0mGET /posts/popular [32m201[0m 412.495 ms - -[0m
2023-05-03 16:45:00 info: [0mGET /posts/popular [32m201[0m 377.521 ms - -[0m
2023-05-03 16:45:11 info: [0mGET /posts/popular [32m201[0m 397.939 ms - -[0m
2023-05-03 16:45:40 info: [0mGET /posts/popular [32m201[0m 407.818 ms - -[0m
2023-05-03 16:45:48 info: [0mGET /posts/popular [32m201[0m 384.867 ms - -[0m
2023-05-03 16:45:52 info: [0mGET /posts/popular [32m201[0m 378.771 ms - -[0m
2023-05-03 16:46:02 info: [0mGET /posts/popular [32m201[0m 392.562 ms - -[0m
2023-05-03 16:46:37 info: [0mGET /posts/popular [32m201[0m 377.644 ms - -[0m
2023-05-03 16:47:59 info: [0mGET /posts/popular [32m201[0m 404.981 ms - -[0m
2023-05-03 16:48:33 info: [0mGET /posts/popular [32m201[0m 409.406 ms - -[0m
2023-05-03 16:49:01 info: [0mGET /posts/popular [32m201[0m 414.590 ms - -[0m
2023-05-03 16:49:02 info: [0mGET /posts/popular [32m201[0m 386.915 ms - -[0m
2023-05-03 16:49:05 info: [0mGET /posts/popular [32m201[0m 385.596 ms - -[0m
2023-05-03 16:49:28 info: [0mGET /posts/popular [32m201[0m 416.688 ms - -[0m
2023-05-03 16:49:29 info: [0mGET /posts/popular [32m201[0m 385.741 ms - -[0m
2023-05-03 16:49:39 info: [0mGET /posts/popular [32m201[0m 402.936 ms - -[0m
2023-05-03 16:49:41 info: [0mGET /posts/popular [32m201[0m 393.912 ms - -[0m
2023-05-03 16:50:20 info: [0mGET /posts/popular [32m201[0m 393.152 ms - -[0m
2023-05-03 16:50:20 info: [0mGET /posts/popular [32m201[0m 413.146 ms - -[0m
2023-05-03 16:50:33 info: [0mGET /posts/popular [32m201[0m 407.355 ms - -[0m
2023-05-03 16:50:33 info: [0mGET /posts/popular [32m201[0m 387.658 ms - -[0m
2023-05-03 16:50:44 info: [0mGET /posts/popular [32m201[0m 401.835 ms - -[0m
2023-05-03 16:51:24 info: [0mGET /posts/popular [32m201[0m 404.306 ms - -[0m
2023-05-03 16:51:27 info: [0mGET /posts/popular [32m201[0m 377.709 ms - -[0m
2023-05-03 16:52:00 info: [0mGET /posts/popular [32m201[0m 380.100 ms - -[0m
2023-05-03 16:52:06 info: [0mGET /posts/popular [32m201[0m 400.885 ms - -[0m
2023-05-03 16:52:22 info: [0mGET /posts/popular [32m201[0m 364.516 ms - -[0m
2023-05-03 16:52:46 info: [0mGET /posts/popular [32m201[0m 402.541 ms - -[0m
2023-05-03 16:53:07 info: [0mGET /posts/popular [32m201[0m 412.149 ms - -[0m
2023-05-03 16:53:11 info: [0mGET /posts/popular [32m201[0m 368.222 ms - -[0m
2023-05-03 16:54:10 info: [0mGET /posts/popular [32m201[0m 410.387 ms - -[0m
2023-05-03 16:54:19 info: [0mGET /posts/popular [32m201[0m 398.100 ms - -[0m
2023-05-03 16:54:21 info: [0mGET /posts/popular [32m201[0m 365.043 ms - -[0m
2023-05-03 16:54:22 info: [0mGET /posts/popular [32m201[0m 378.235 ms - -[0m
2023-05-03 16:56:06 info: [0mGET /posts/popular [32m201[0m 397.607 ms - -[0m
2023-05-03 16:56:13 info: [0mGET /posts/popular [32m201[0m 373.610 ms - -[0m
2023-05-03 16:57:52 info: [0mGET /posts/popular [32m201[0m 419.983 ms - -[0m
2023-05-03 16:58:34 info: [0mGET /posts/popular [32m201[0m 391.666 ms - -[0m
2023-05-03 17:01:52 info: [0mGET /posts/popular [32m201[0m 394.948 ms - -[0m
2023-05-03 17:03:09 info: [0mGET /posts/popular [32m201[0m 391.837 ms - -[0m
2023-05-03 17:04:02 info: [0mGET /posts/popular [32m201[0m 410.195 ms - -[0m
2023-05-03 17:04:53 info: [0mGET /posts/popular [32m201[0m 380.212 ms - -[0m
2023-05-03 17:05:09 info: [0mGET /posts/popular [32m201[0m 418.719 ms - -[0m
2023-05-03 17:05:18 info: [0mGET /posts/popular [32m201[0m 363.777 ms - -[0m
2023-05-03 17:05:36 info: [0mGET /posts/popular [32m201[0m 385.995 ms - -[0m
2023-05-03 17:05:45 info: [0mGET /posts/popular [32m201[0m 388.385 ms - -[0m
2023-05-03 17:05:54 info: [0mGET /posts/popular [32m201[0m 401.458 ms - -[0m
2023-05-03 17:06:38 info: [0mGET /posts/popular [32m201[0m 364.057 ms - -[0m
2023-05-03 17:07:10 info: [0mGET /posts/popular [32m201[0m 389.213 ms - -[0m
2023-05-03 17:07:14 info: [0mGET /posts/popular [32m201[0m 388.504 ms - -[0m
2023-05-03 17:07:36 info: [0mGET /posts/popular [32m201[0m 392.279 ms - -[0m
2023-05-03 17:07:50 info: [0mGET /posts/popular [32m201[0m 397.402 ms - -[0m
2023-05-03 17:07:52 info: [0mGET /posts/popular [32m201[0m 379.440 ms - -[0m
2023-05-03 17:07:57 info: [0mGET /posts/popular [32m201[0m 352.756 ms - -[0m
2023-05-03 17:08:06 info: [0mGET /posts/popular [32m201[0m 370.089 ms - -[0m
2023-05-03 17:08:09 info: [0mGET /posts/popular [32m201[0m 390.606 ms - -[0m
2023-05-03 17:08:20 info: [0mGET /posts/popular [32m201[0m 410.417 ms - -[0m
2023-05-03 17:08:34 info: [0mGET /posts/popular [32m201[0m 394.293 ms - -[0m
2023-05-03 17:08:37 info: [0mGET /posts/popular [32m201[0m 389.951 ms - -[0m
2023-05-03 17:09:12 info: [0mGET /posts/popular [32m201[0m 380.876 ms - -[0m
2023-05-03 17:09:17 info: [0mGET /posts/popular [32m201[0m 410.435 ms - -[0m
2023-05-03 17:09:27 info: [0mGET /posts/popular [32m201[0m 398.051 ms - -[0m
2023-05-03 17:09:27 info: [0mGET /posts/popular [32m201[0m 372.823 ms - -[0m
2023-05-03 17:09:29 info: [0mGET /posts/popular [32m201[0m 379.712 ms - -[0m
2023-05-03 17:09:31 info: [0mGET /posts/popular [32m201[0m 379.293 ms - -[0m
2023-05-03 17:09:55 info: [0mGET /posts/popular [32m201[0m 395.631 ms - -[0m
2023-05-03 17:10:02 info: [0mGET /posts/popular [32m201[0m 390.202 ms - -[0m
2023-05-03 17:10:10 info: [0mGET /posts/popular [32m201[0m 380.783 ms - -[0m
2023-05-03 17:10:20 info: [0mGET /posts/popular [32m201[0m 399.582 ms - -[0m
2023-05-03 17:11:01 info: [0mGET /posts/popular [32m201[0m 393.128 ms - -[0m
2023-05-03 17:11:17 info: [0mGET /posts/popular [32m201[0m 380.379 ms - -[0m
2023-05-03 17:12:13 info: [0mGET /posts/popular [32m201[0m 397.437 ms - -[0m
2023-05-03 17:12:15 info: [0mGET /posts/popular [32m201[0m 383.262 ms - -[0m
2023-05-03 17:12:24 info: [0mGET /posts/popular [32m201[0m 368.857 ms - -[0m
2023-05-03 17:12:45 info: [0mGET /posts/popular [32m201[0m 370.454 ms - -[0m
2023-05-03 17:12:48 info: [0mGET /posts/popular [32m201[0m 402.943 ms - -[0m
2023-05-03 17:13:23 info: [0mGET /posts/popular [32m201[0m 379.978 ms - -[0m
2023-05-03 17:13:28 info: [0mGET /posts/popular [32m201[0m 404.031 ms - -[0m
2023-05-03 17:14:01 info: [0mGET /posts/popular [32m201[0m 383.873 ms - -[0m
2023-05-03 17:14:01 info: [0mGET /posts/popular [32m201[0m 410.411 ms - -[0m
2023-05-03 17:14:08 info: [0mGET /posts/popular [32m201[0m 367.876 ms - -[0m
2023-05-03 17:14:14 info: [0mGET /posts/popular [32m201[0m 391.801 ms - -[0m
2023-05-03 17:14:19 info: [0mGET /posts/popular [32m201[0m 370.197 ms - -[0m
2023-05-03 17:14:29 info: [0mGET /posts/popular [32m201[0m 397.881 ms - -[0m
2023-05-03 17:14:42 info: [0mGET /posts/popular [32m201[0m 378.755 ms - -[0m
2023-05-03 17:15:44 info: [0mGET /posts/popular [32m201[0m 380.034 ms - -[0m
2023-05-03 17:15:59 info: [0mGET /posts/popular [32m201[0m 380.553 ms - -[0m
2023-05-03 17:16:53 info: [0mGET /posts/popular [32m201[0m 400.770 ms - -[0m
2023-05-03 17:17:06 info: [0mGET /posts/popular [32m201[0m 393.117 ms - -[0m
2023-05-03 17:17:08 info: [0mGET /posts/popular [32m201[0m 384.641 ms - -[0m
2023-05-03 17:17:15 info: [0mGET /posts/popular [32m201[0m 379.955 ms - -[0m
2023-05-03 17:17:16 info: [0mGET /posts/popular [32m201[0m 406.101 ms - -[0m
2023-05-03 17:17:19 info: [0mGET /posts/popular [32m201[0m 356.473 ms - -[0m
2023-05-03 17:17:22 info: [0mGET /posts/popular [32m201[0m 430.513 ms - -[0m
2023-05-03 17:17:26 info: [0mGET /posts/popular [32m201[0m 398.695 ms - -[0m
2023-05-03 17:17:28 info: [0mGET /posts/popular [32m201[0m 385.371 ms - -[0m
2023-05-03 17:17:32 info: [0mGET /posts/popular [32m201[0m 379.662 ms - -[0m
2023-05-03 17:18:01 info: [0mGET /posts/popular [32m201[0m 409.844 ms - -[0m
2023-05-03 17:18:04 info: [0mGET /posts/popular [32m201[0m 387.205 ms - -[0m
2023-05-03 17:18:20 info: [0mGET /posts/popular [32m201[0m 389.946 ms - -[0m
2023-05-03 17:18:55 info: [0mGET /posts/popular [32m201[0m 391.565 ms - -[0m
2023-05-03 17:19:07 info: [0mGET /posts/popular [32m201[0m 387.162 ms - -[0m
2023-05-03 17:19:08 info: [0mGET /posts/popular [32m201[0m 378.238 ms - -[0m
2023-05-03 17:19:16 info: [0mGET /posts/popular [32m201[0m 385.985 ms - -[0m
2023-05-03 17:19:34 info: [0mGET /posts/popular [32m201[0m 377.461 ms - -[0m
2023-05-03 17:19:41 info: [0mGET /posts/popular [32m201[0m 365.588 ms - -[0m
2023-05-03 17:19:42 info: [0mGET /posts/popular [32m201[0m 391.411 ms - -[0m
2023-05-03 17:20:02 info: [0mGET /posts/popular [32m201[0m 397.699 ms - -[0m
2023-05-03 17:20:08 info: [0mGET /posts/popular [32m201[0m 382.452 ms - -[0m
2023-05-03 17:20:26 info: [0mGET /posts/popular [32m201[0m 388.610 ms - -[0m
2023-05-03 17:21:34 info: [0mGET /posts/popular [32m201[0m 383.931 ms - -[0m
2023-05-03 17:21:39 info: [0mGET /posts/popular [32m201[0m 681.512 ms - -[0m
2023-05-03 17:22:01 info: [0mGET /posts/popular [32m201[0m 412.920 ms - -[0m
2023-05-03 17:22:01 info: [0mGET /posts/popular [32m201[0m 394.996 ms - -[0m
2023-05-03 17:22:05 info: [0mGET /posts/popular [32m201[0m 375.572 ms - -[0m
2023-05-03 17:22:22 info: [0mGET /posts/popular [32m201[0m 356.142 ms - -[0m
2023-05-03 17:22:48 info: [0mGET /posts/popular [32m201[0m 381.801 ms - -[0m
2023-05-03 17:22:54 info: [0mGET /posts/popular [32m201[0m 430.824 ms - -[0m
2023-05-03 17:22:57 info: [0mGET /posts/popular [32m201[0m 384.579 ms - -[0m
2023-05-03 17:23:09 info: [0mGET /posts/popular [32m201[0m 371.129 ms - -[0m
2023-05-03 17:23:18 info: [0mGET /posts/popular [32m201[0m 394.054 ms - -[0m
2023-05-03 17:23:39 info: [0mGET /posts/popular [32m201[0m 366.495 ms - -[0m
2023-05-03 17:24:05 info: [0mGET /posts/popular [32m201[0m 394.199 ms - -[0m
2023-05-03 17:24:07 info: [0mGET /posts/popular [32m201[0m 380.279 ms - -[0m
2023-05-03 17:24:15 info: [0mGET /posts/popular [32m201[0m 393.627 ms - -[0m
2023-05-03 17:24:23 info: [0mGET /posts/popular [32m201[0m 373.397 ms - -[0m
2023-05-03 17:24:25 info: [0mGET /posts/popular [32m201[0m 364.193 ms - -[0m
2023-05-03 17:24:31 info: [0mGET /posts/popular [32m201[0m 388.888 ms - -[0m
2023-05-03 17:25:09 info: [0mGET /posts/popular [32m201[0m 397.742 ms - -[0m
2023-05-03 17:25:09 info: [0mGET /posts/popular [32m201[0m 382.579 ms - -[0m
2023-05-03 17:31:40 info: [0mGET /posts/popular [32m201[0m 442.261 ms - -[0m
2023-05-03 17:31:40 info: [0mGET /posts/popular [32m201[0m 379.525 ms - -[0m
2023-05-03 17:31:51 info: [0mGET /posts/popular [32m201[0m 381.588 ms - -[0m
2023-05-03 17:32:28 info: [0mGET /posts/popular [32m201[0m 391.580 ms - -[0m
2023-05-03 17:32:38 info: [0mGET /posts/popular [32m201[0m 405.515 ms - -[0m
2023-05-03 17:32:46 info: [0mGET /posts/popular [32m201[0m 442.683 ms - -[0m
2023-05-03 17:33:02 info: [0mGET /posts/popular [32m201[0m 418.770 ms - -[0m
2023-05-03 17:33:30 info: [0mGET /posts/popular [32m201[0m 374.515 ms - -[0m
2023-05-03 17:33:31 info: [0mGET /posts/popular [32m201[0m 366.374 ms - -[0m
2023-05-03 17:33:58 info: [0mGET /posts/popular [32m201[0m 390.117 ms - -[0m
2023-05-03 17:35:31 info: [0mGET /posts/popular [32m201[0m 411.440 ms - -[0m
2023-05-03 17:36:05 info: [0mGET /posts/popular [32m201[0m 435.521 ms - -[0m
2023-05-03 17:36:05 info: [0mGET /posts/popular [32m201[0m 388.539 ms - -[0m
2023-05-03 17:36:17 info: [0mGET /posts/popular [32m201[0m 375.531 ms - -[0m
2023-05-03 17:36:26 info: [0mGET /posts/popular [32m201[0m 367.809 ms - -[0m
2023-05-03 17:36:27 info: [0mGET /posts/popular [32m201[0m 396.510 ms - -[0m
2023-05-03 17:36:57 info: [0mGET /posts/popular [32m201[0m 388.137 ms - -[0m
2023-05-03 17:37:09 info: [0mGET /posts/popular [32m201[0m 378.964 ms - -[0m
2023-05-03 17:37:15 info: [0mGET /posts/popular [32m201[0m 361.332 ms - -[0m
2023-05-03 17:37:21 info: [0mGET /posts/popular [32m201[0m 384.415 ms - -[0m
2023-05-03 17:38:00 info: [0mGET /posts/popular [32m201[0m 368.122 ms - -[0m
2023-05-03 17:38:09 info: [0mGET /posts/popular [32m201[0m 380.815 ms - -[0m
2023-05-03 17:41:20 info: [0mGET /posts/popular [32m201[0m 377.482 ms - -[0m
2023-05-03 17:44:08 info: =================================
2023-05-03 17:44:08 info: ======= ENV: development =======
2023-05-03 17:44:08 info: 🚀 App listening on the port 3000
2023-05-03 17:44:08 info: =================================
2023-05-03 17:44:17 info: =================================
2023-05-03 17:44:17 info: ======= ENV: development =======
2023-05-03 17:44:17 info: 🚀 App listening on the port 3000
2023-05-03 17:44:17 info: =================================
2023-05-03 17:44:20 info: =================================
2023-05-03 17:44:20 info: ======= ENV: development =======
2023-05-03 17:44:20 info: 🚀 App listening on the port 3000
2023-05-03 17:44:20 info: =================================
2023-05-03 17:44:23 info: =================================
2023-05-03 17:44:23 info: ======= ENV: development =======
2023-05-03 17:44:23 info: 🚀 App listening on the port 3000
2023-05-03 17:44:23 info: =================================
2023-05-03 17:44:26 info: =================================
2023-05-03 17:44:26 info: ======= ENV: development =======
2023-05-03 17:44:26 info: 🚀 App listening on the port 3000
2023-05-03 17:44:26 info: =================================
2023-05-03 17:44:35 info: =================================
2023-05-03 17:44:35 info: ======= ENV: development =======
2023-05-03 17:44:35 info: 🚀 App listening on the port 3000
2023-05-03 17:44:35 info: =================================
2023-05-03 17:44:49 info: =================================
2023-05-03 17:44:49 info: ======= ENV: development =======
2023-05-03 17:44:49 info: 🚀 App listening on the port 3000
2023-05-03 17:44:49 info: =================================
2023-05-03 17:44:54 info: =================================
2023-05-03 17:44:54 info: ======= ENV: development =======
2023-05-03 17:44:54 info: 🚀 App listening on the port 3000
2023-05-03 17:44:54 info: =================================
2023-05-03 17:45:31 info: =================================
2023-05-03 17:45:31 info: ======= ENV: development =======
2023-05-03 17:45:31 info: 🚀 App listening on the port 3000
2023-05-03 17:45:31 info: =================================
2023-05-03 17:45:35 info: =================================
2023-05-03 17:45:35 info: ======= ENV: development =======
2023-05-03 17:45:35 info: 🚀 App listening on the port 3000
2023-05-03 17:45:35 info: =================================
2023-05-03 17:45:39 info: =================================
2023-05-03 17:45:39 info: ======= ENV: development =======
2023-05-03 17:45:39 info: 🚀 App listening on the port 3000
2023-05-03 17:45:39 info: =================================
2023-05-03 17:47:24 info: =================================
2023-05-03 17:47:24 info: ======= ENV: development =======
2023-05-03 17:47:24 info: 🚀 App listening on the port 3000
2023-05-03 17:47:24 info: =================================
2023-05-03 17:47:27 info: =================================
2023-05-03 17:47:27 info: ======= ENV: development =======
2023-05-03 17:47:27 info: 🚀 App listening on the port 3000
2023-05-03 17:47:27 info: =================================
2023-05-03 17:47:47 info: =================================
2023-05-03 17:47:47 info: ======= ENV: development =======
2023-05-03 17:47:47 info: 🚀 App listening on the port 3000
2023-05-03 17:47:47 info: =================================
2023-05-03 17:47:50 info: =================================
2023-05-03 17:47:50 info: ======= ENV: development =======
2023-05-03 17:47:50 info: 🚀 App listening on the port 3000
2023-05-03 17:47:50 info: =================================
2023-05-03 17:47:54 info: =================================
2023-05-03 17:47:54 info: ======= ENV: development =======
2023-05-03 17:47:54 info: 🚀 App listening on the port 3000
2023-05-03 17:47:54 info: =================================
2023-05-03 17:48:06 info: =================================
2023-05-03 17:48:06 info: ======= ENV: development =======
2023-05-03 17:48:06 info: 🚀 App listening on the port 3000
2023-05-03 17:48:06 info: =================================
2023-05-03 17:48:09 info: =================================
2023-05-03 17:48:09 info: ======= ENV: development =======
2023-05-03 17:48:09 info: 🚀 App listening on the port 3000
2023-05-03 17:48:09 info: =================================
2023-05-03 17:48:11 info: [0mGET /posts/popular [32m201[0m 416.452 ms - 2[0m
2023-05-03 17:48:22 info: =================================
2023-05-03 17:48:22 info: ======= ENV: development =======
2023-05-03 17:48:22 info: 🚀 App listening on the port 3000
2023-05-03 17:48:22 info: =================================
2023-05-03 17:48:23 info: [0mGET /posts/popular [32m201[0m 413.964 ms - 2[0m
2023-05-03 17:48:38 info: =================================
2023-05-03 17:48:38 info: ======= ENV: development =======
2023-05-03 17:48:38 info: 🚀 App listening on the port 3000
2023-05-03 17:48:38 info: =================================
2023-05-03 17:48:43 info: =================================
2023-05-03 17:48:43 info: ======= ENV: development =======
2023-05-03 17:48:43 info: 🚀 App listening on the port 3000
2023-05-03 17:48:43 info: =================================
2023-05-03 17:48:46 info: =================================
2023-05-03 17:48:46 info: ======= ENV: development =======
2023-05-03 17:48:46 info: 🚀 App listening on the port 3000
2023-05-03 17:48:46 info: =================================
2023-05-03 17:48:47 info: [0mGET /posts/popular [32m201[0m 848.356 ms - -[0m
2023-05-03 17:49:41 info: =================================
2023-05-03 17:49:41 info: ======= ENV: development =======
2023-05-03 17:49:41 info: 🚀 App listening on the port 3000
2023-05-03 17:49:41 info: =================================
2023-05-03 17:49:45 info: =================================
2023-05-03 17:49:45 info: ======= ENV: development =======
2023-05-03 17:49:45 info: 🚀 App listening on the port 3000
2023-05-03 17:49:45 info: =================================
2023-05-03 17:49:49 info: =================================
2023-05-03 17:49:49 info: ======= ENV: development =======
2023-05-03 17:49:49 info: 🚀 App listening on the port 3000
2023-05-03 17:49:49 info: =================================
2023-05-03 17:49:58 info: =================================
2023-05-03 17:49:58 info: ======= ENV: development =======
2023-05-03 17:49:58 info: 🚀 App listening on the port 3000
2023-05-03 17:49:58 info: =================================
2023-05-03 17:55:57 info: =================================
2023-05-03 17:55:57 info: ======= ENV: development =======
2023-05-03 17:55:57 info: 🚀 App listening on the port 3000
2023-05-03 17:55:57 info: =================================
2023-05-03 17:56:02 info: =================================
2023-05-03 17:56:02 info: ======= ENV: development =======
2023-05-03 17:56:02 info: 🚀 App listening on the port 3000
2023-05-03 17:56:02 info: =================================
2023-05-03 18:00:27 info: =================================
2023-05-03 18:00:27 info: ======= ENV: development =======
2023-05-03 18:00:27 info: 🚀 App listening on the port 3000
2023-05-03 18:00:27 info: =================================
2023-05-03 18:00:49 info: =================================
2023-05-03 18:00:49 info: ======= ENV: development =======
2023-05-03 18:00:49 info: 🚀 App listening on the port 3000
2023-05-03 18:00:49 info: =================================
2023-05-03 18:01:01 info: =================================
2023-05-03 18:01:01 info: ======= ENV: development =======
2023-05-03 18:01:01 info: 🚀 App listening on the port 3000
2023-05-03 18:01:01 info: =================================
2023-05-03 18:01:15 info: =================================
2023-05-03 18:01:15 info: ======= ENV: development =======
2023-05-03 18:01:15 info: 🚀 App listening on the port 3000
2023-05-03 18:01:15 info: =================================
2023-05-03 18:01:19 info: =================================
2023-05-03 18:01:19 info: ======= ENV: development =======
2023-05-03 18:01:19 info: 🚀 App listening on the port 3000
2023-05-03 18:01:19 info: =================================
2023-05-03 18:01:26 info: =================================
2023-05-03 18:01:26 info: ======= ENV: development =======
2023-05-03 18:01:26 info: 🚀 App listening on the port 3000
2023-05-03 18:01:26 info: =================================
2023-05-03 18:01:29 info: =================================
2023-05-03 18:01:29 info: ======= ENV: development =======
2023-05-03 18:01:29 info: 🚀 App listening on the port 3000
2023-05-03 18:01:29 info: =================================
2023-05-03 18:01:32 info: =================================
2023-05-03 18:01:32 info: ======= ENV: development =======
2023-05-03 18:01:32 info: 🚀 App listening on the port 3000
2023-05-03 18:01:32 info: =================================
2023-05-03 18:02:09 info: =================================
2023-05-03 18:02:09 info: ======= ENV: development =======
2023-05-03 18:02:09 info: 🚀 App listening on the port 3000
2023-05-03 18:02:09 info: =================================
2023-05-03 18:02:16 info: =================================
2023-05-03 18:02:16 info: ======= ENV: development =======
2023-05-03 18:02:16 info: 🚀 App listening on the port 3000
2023-05-03 18:02:16 info: =================================
2023-05-03 18:02:24 info: =================================
2023-05-03 18:02:24 info: ======= ENV: development =======
2023-05-03 18:02:24 info: 🚀 App listening on the port 3000
2023-05-03 18:02:24 info: =================================
2023-05-03 18:02:26 info: [0mGET /posts/popular [32m201[0m 451.094 ms - 2[0m
2023-05-03 18:05:05 info: =================================
2023-05-03 18:05:05 info: ======= ENV: development =======
2023-05-03 18:05:05 info: 🚀 App listening on the port 3000
2023-05-03 18:05:05 info: =================================
2023-05-03 18:05:08 info: [0mGET /posts/popular [32m201[0m 816.377 ms - 2[0m
2023-05-03 18:05:57 info: =================================
2023-05-03 18:05:58 info: ======= ENV: development =======
2023-05-03 18:05:58 info: 🚀 App listening on the port 3000
2023-05-03 18:05:58 info: =================================
2023-05-03 18:06:01 info: [0mGET /posts/popular [32m201[0m 521.222 ms - 2[0m
2023-05-03 18:06:26 info: =================================
2023-05-03 18:06:26 info: ======= ENV: development =======
2023-05-03 18:06:26 info: 🚀 App listening on the port 3000
2023-05-03 18:06:26 info: =================================
2023-05-03 18:06:29 info: =================================
2023-05-03 18:06:29 info: ======= ENV: development =======
2023-05-03 18:06:29 info: 🚀 App listening on the port 3000
2023-05-03 18:06:29 info: =================================
2023-05-03 18:06:48 info: =================================
2023-05-03 18:06:48 info: ======= ENV: development =======
2023-05-03 18:06:48 info: 🚀 App listening on the port 3000
2023-05-03 18:06:48 info: =================================
2023-05-03 18:06:49 info: [0mGET /posts/popular [32m201[0m 496.992 ms - 2[0m
2023-05-03 18:06:56 info: =================================
2023-05-03 18:06:56 info: ======= ENV: development =======
2023-05-03 18:06:56 info: 🚀 App listening on the port 3000
2023-05-03 18:06:56 info: =================================
2023-05-03 18:07:00 info: [0mGET /posts/popular [32m201[0m 514.615 ms - 2[0m
2023-05-03 18:07:49 info: =================================
2023-05-03 18:07:49 info: ======= ENV: development =======
2023-05-03 18:07:49 info: 🚀 App listening on the port 3000
2023-05-03 18:07:49 info: =================================
2023-05-03 18:07:52 info: =================================
2023-05-03 18:07:52 info: ======= ENV: development =======
2023-05-03 18:07:52 info: 🚀 App listening on the port 3000
2023-05-03 18:07:52 info: =================================
2023-05-03 18:08:07 info: =================================
2023-05-03 18:08:07 info: ======= ENV: development =======
2023-05-03 18:08:07 info: 🚀 App listening on the port 3000
2023-05-03 18:08:07 info: =================================
2023-05-03 18:08:14 info: =================================
2023-05-03 18:08:14 info: ======= ENV: development =======
2023-05-03 18:08:14 info: 🚀 App listening on the port 3000
2023-05-03 18:08:14 info: =================================
2023-05-03 18:08:18 info: [0mGET /posts/popular [32m201[0m 451.849 ms - 2[0m
2023-05-03 18:09:25 info: =================================
2023-05-03 18:09:25 info: ======= ENV: development =======
2023-05-03 18:09:25 info: 🚀 App listening on the port 3000
2023-05-03 18:09:25 info: =================================
2023-05-03 18:09:27 info: [0mGET /posts/popular [32m201[0m 433.128 ms - 2[0m
2023-05-03 18:09:52 info: =================================
2023-05-03 18:09:52 info: ======= ENV: development =======
2023-05-03 18:09:52 info: 🚀 App listening on the port 3000
2023-05-03 18:09:52 info: =================================
2023-05-03 18:09:54 info: [0mGET /posts/popular [32m201[0m 430.653 ms - 2[0m
2023-05-03 18:11:08 info: =================================
2023-05-03 18:11:08 info: ======= ENV: development =======
2023-05-03 18:11:08 info: 🚀 App listening on the port 3000
2023-05-03 18:11:08 info: =================================
2023-05-03 18:11:10 info: [0mGET /posts/popular [32m201[0m 440.136 ms - 2[0m
2023-05-03 18:11:18 info: =================================
2023-05-03 18:11:18 info: ======= ENV: development =======
2023-05-03 18:11:18 info: 🚀 App listening on the port 3000
2023-05-03 18:11:18 info: =================================
2023-05-03 18:11:22 info: [0mGET /posts/popular [32m201[0m 433.113 ms - 2[0m
2023-05-03 18:11:55 info: =================================
2023-05-03 18:11:55 info: ======= ENV: development =======
2023-05-03 18:11:55 info: 🚀 App listening on the port 3000
2023-05-03 18:11:55 info: =================================
2023-05-03 18:11:58 info: =================================
2023-05-03 18:11:58 info: ======= ENV: development =======
2023-05-03 18:11:58 info: 🚀 App listening on the port 3000
2023-05-03 18:11:58 info: =================================
2023-05-03 18:12:02 info: =================================
2023-05-03 18:12:02 info: ======= ENV: development =======
2023-05-03 18:12:02 info: 🚀 App listening on the port 3000
2023-05-03 18:12:02 info: =================================
2023-05-03 18:12:13 info: =================================
2023-05-03 18:12:13 info: ======= ENV: development =======
2023-05-03 18:12:13 info: 🚀 App listening on the port 3000
2023-05-03 18:12:13 info: =================================
2023-05-03 18:12:17 info: =================================
2023-05-03 18:12:17 info: ======= ENV: development =======
2023-05-03 18:12:17 info: 🚀 App listening on the port 3000
2023-05-03 18:12:17 info: =================================
2023-05-03 18:12:21 info: =================================
2023-05-03 18:12:21 info: ======= ENV: development =======
2023-05-03 18:12:21 info: 🚀 App listening on the port 3000
2023-05-03 18:12:21 info: =================================
2023-05-03 18:12:29 info: =================================
2023-05-03 18:12:29 info: ======= ENV: development =======
2023-05-03 18:12:29 info: 🚀 App listening on the port 3000
2023-05-03 18:12:29 info: =================================
2023-05-03 18:12:32 info: [0mGET /posts/popular [32m201[0m 419.925 ms - 2[0m
2023-05-03 18:13:08 info: =================================
2023-05-03 18:13:08 info: ======= ENV: development =======
2023-05-03 18:13:08 info: 🚀 App listening on the port 3000
2023-05-03 18:13:08 info: =================================
2023-05-03 18:13:13 info: =================================
2023-05-03 18:13:13 info: ======= ENV: development =======
2023-05-03 18:13:13 info: 🚀 App listening on the port 3000
2023-05-03 18:13:13 info: =================================
2023-05-03 18:13:17 info: =================================
2023-05-03 18:13:17 info: ======= ENV: development =======
2023-05-03 18:13:17 info: 🚀 App listening on the port 3000
2023-05-03 18:13:17 info: =================================
2023-05-03 18:13:20 info: [0mGET /posts/popular [32m201[0m 427.630 ms - 2[0m
2023-05-03 18:13:59 info: =================================
2023-05-03 18:13:59 info: ======= ENV: development =======
2023-05-03 18:13:59 info: 🚀 App listening on the port 3000
2023-05-03 18:13:59 info: =================================
2023-05-03 18:14:00 info: [0mGET /posts/popular [32m201[0m 423.135 ms - 2[0m
2023-05-03 18:16:22 info: =================================
2023-05-03 18:16:22 info: ======= ENV: development =======
2023-05-03 18:16:22 info: 🚀 App listening on the port 3000
2023-05-03 18:16:22 info: =================================
2023-05-03 18:16:27 info: =================================
2023-05-03 18:16:27 info: ======= ENV: development =======
2023-05-03 18:16:27 info: 🚀 App listening on the port 3000
2023-05-03 18:16:27 info: =================================
2023-05-03 18:16:34 info: =================================
2023-05-03 18:16:34 info: ======= ENV: development =======
2023-05-03 18:16:34 info: 🚀 App listening on the port 3000
2023-05-03 18:16:34 info: =================================
2023-05-03 18:16:41 info: =================================
2023-05-03 18:16:41 info: ======= ENV: development =======
2023-05-03 18:16:41 info: 🚀 App listening on the port 3000
2023-05-03 18:16:41 info: =================================
2023-05-03 18:16:44 info: =================================
2023-05-03 18:16:44 info: ======= ENV: development =======
2023-05-03 18:16:44 info: 🚀 App listening on the port 3000
2023-05-03 18:16:44 info: =================================
2023-05-03 18:16:50 info: =================================
2023-05-03 18:16:50 info: ======= ENV: development =======
2023-05-03 18:16:50 info: 🚀 App listening on the port 3000
2023-05-03 18:16:50 info: =================================
2023-05-03 18:17:10 info: =================================
2023-05-03 18:17:10 info: ======= ENV: development =======
2023-05-03 18:17:10 info: 🚀 App listening on the port 3000
2023-05-03 18:17:10 info: =================================
2023-05-03 18:17:18 info: =================================
2023-05-03 18:17:18 info: ======= ENV: development =======
2023-05-03 18:17:18 info: 🚀 App listening on the port 3000
2023-05-03 18:17:18 info: =================================
2023-05-03 18:17:21 info: =================================
2023-05-03 18:17:21 info: ======= ENV: development =======
2023-05-03 18:17:21 info: 🚀 App listening on the port 3000
2023-05-03 18:17:21 info: =================================
2023-05-03 18:17:24 info: =================================
2023-05-03 18:17:24 info: ======= ENV: development =======
2023-05-03 18:17:24 info: 🚀 App listening on the port 3000
2023-05-03 18:17:24 info: =================================
2023-05-03 18:17:27 info: =================================
2023-05-03 18:17:27 info: ======= ENV: development =======
2023-05-03 18:17:27 info: 🚀 App listening on the port 3000
2023-05-03 18:17:27 info: =================================
2023-05-03 18:17:32 info: [0mGET /posts/popular [32m201[0m 447.854 ms - 2[0m
2023-05-03 18:18:06 info: =================================
2023-05-03 18:18:06 info: ======= ENV: development =======
2023-05-03 18:18:06 info: 🚀 App listening on the port 3000
2023-05-03 18:18:06 info: =================================
2023-05-03 18:18:11 info: =================================
2023-05-03 18:18:11 info: ======= ENV: development =======
2023-05-03 18:18:11 info: 🚀 App listening on the port 3000
2023-05-03 18:18:11 info: =================================
2023-05-03 18:18:31 info: =================================
2023-05-03 18:18:31 info: ======= ENV: development =======
2023-05-03 18:18:31 info: 🚀 App listening on the port 3000
2023-05-03 18:18:31 info: =================================
2023-05-03 18:18:35 info: [0mGET /posts/popular [32m201[0m 446.271 ms - 2[0m
2023-05-03 18:18:57 info: =================================
2023-05-03 18:18:57 info: ======= ENV: development =======
2023-05-03 18:18:57 info: 🚀 App listening on the port 3000
2023-05-03 18:18:57 info: =================================
2023-05-03 18:18:59 info: =================================
2023-05-03 18:18:59 info: ======= ENV: development =======
2023-05-03 18:18:59 info: 🚀 App listening on the port 3000
2023-05-03 18:18:59 info: =================================
2023-05-03 18:19:06 info: =================================
2023-05-03 18:19:06 info: ======= ENV: development =======
2023-05-03 18:19:06 info: 🚀 App listening on the port 3000
2023-05-03 18:19:06 info: =================================
2023-05-03 18:19:20 info: =================================
2023-05-03 18:19:20 info: ======= ENV: development =======
2023-05-03 18:19:20 info: 🚀 App listening on the port 3000
2023-05-03 18:19:20 info: =================================
2023-05-03 18:19:22 info: [0mGET /posts/popular [32m201[0m 753.784 ms - 2[0m
2023-05-03 18:20:22 info: =================================
2023-05-03 18:20:22 info: ======= ENV: development =======
2023-05-03 18:20:22 info: 🚀 App listening on the port 3000
2023-05-03 18:20:22 info: =================================
2023-05-03 18:20:32 info: =================================
2023-05-03 18:20:32 info: ======= ENV: development =======
2023-05-03 18:20:32 info: 🚀 App listening on the port 3000
2023-05-03 18:20:32 info: =================================
2023-05-03 18:20:38 info: =================================
2023-05-03 18:20:38 info: ======= ENV: development =======
2023-05-03 18:20:38 info: 🚀 App listening on the port 3000
2023-05-03 18:20:38 info: =================================
2023-05-03 18:20:41 info: =================================
2023-05-03 18:20:41 info: ======= ENV: development =======
2023-05-03 18:20:41 info: 🚀 App listening on the port 3000
2023-05-03 18:20:41 info: =================================
2023-05-03 18:20:46 info: =================================
2023-05-03 18:20:46 info: ======= ENV: development =======
2023-05-03 18:20:46 info: 🚀 App listening on the port 3000
2023-05-03 18:20:46 info: =================================
2023-05-03 18:20:49 info: =================================
2023-05-03 18:20:49 info: ======= ENV: development =======
2023-05-03 18:20:49 info: 🚀 App listening on the port 3000
2023-05-03 18:20:49 info: =================================
2023-05-03 18:20:53 info: =================================
2023-05-03 18:20:53 info: ======= ENV: development =======
2023-05-03 18:20:53 info: 🚀 App listening on the port 3000
2023-05-03 18:20:53 info: =================================
2023-05-03 18:20:56 info: =================================
2023-05-03 18:20:56 info: ======= ENV: development =======
2023-05-03 18:20:56 info: 🚀 App listening on the port 3000
2023-05-03 18:20:56 info: =================================
2023-05-03 18:20:58 info: [0mGET /posts/popular [32m201[0m 617.095 ms - 2[0m
2023-05-03 18:21:30 info: =================================
2023-05-03 18:21:30 info: ======= ENV: development =======
2023-05-03 18:21:30 info: 🚀 App listening on the port 3000
2023-05-03 18:21:30 info: =================================
2023-05-03 18:21:32 info: [0mGET /posts/popular [32m201[0m 478.892 ms - 2[0m
2023-05-03 18:21:39 info: =================================
2023-05-03 18:21:39 info: ======= ENV: development =======
2023-05-03 18:21:39 info: 🚀 App listening on the port 3000
2023-05-03 18:21:39 info: =================================
2023-05-03 18:21:41 info: [0mGET /posts/popular [32m201[0m 547.533 ms - 2[0m
2023-05-03 18:22:54 info: =================================
2023-05-03 18:22:54 info: ======= ENV: development =======
2023-05-03 18:22:54 info: 🚀 App listening on the port 3000
2023-05-03 18:22:54 info: =================================
2023-05-03 18:22:59 info: =================================
2023-05-03 18:22:59 info: ======= ENV: development =======
2023-05-03 18:22:59 info: 🚀 App listening on the port 3000
2023-05-03 18:22:59 info: =================================
2023-05-03 18:23:03 info: [0mGET /posts/popular [32m201[0m 425.331 ms - 2[0m
2023-05-03 18:23:15 info: =================================
2023-05-03 18:23:15 info: ======= ENV: development =======
2023-05-03 18:23:15 info: 🚀 App listening on the port 3000
2023-05-03 18:23:15 info: =================================
2023-05-03 18:23:17 info: [0mGET /posts/popular [32m201[0m 789.484 ms - 2[0m
2023-05-03 18:23:42 info: =================================
2023-05-03 18:23:42 info: ======= ENV: development =======
2023-05-03 18:23:42 info: 🚀 App listening on the port 3000
2023-05-03 18:23:42 info: =================================
2023-05-03 18:25:35 info: =================================
2023-05-03 18:25:35 info: ======= ENV: development =======
2023-05-03 18:25:35 info: 🚀 App listening on the port 3000
2023-05-03 18:25:35 info: =================================
2023-05-03 18:25:41 info: =================================
2023-05-03 18:25:41 info: ======= ENV: development =======
2023-05-03 18:25:41 info: 🚀 App listening on the port 3000
2023-05-03 18:25:41 info: =================================
2023-05-03 18:25:43 info: [0mGET /posts/popular [32m201[0m 704.186 ms - 2[0m
2023-05-03 18:25:55 info: =================================
2023-05-03 18:25:55 info: ======= ENV: development =======
2023-05-03 18:25:55 info: 🚀 App listening on the port 3000
2023-05-03 18:25:55 info: =================================
2023-05-03 18:26:39 info: =================================
2023-05-03 18:26:39 info: ======= ENV: development =======
2023-05-03 18:26:39 info: 🚀 App listening on the port 3000
2023-05-03 18:26:39 info: =================================
2023-05-03 18:26:44 info: =================================
2023-05-03 18:26:44 info: ======= ENV: development =======
2023-05-03 18:26:44 info: 🚀 App listening on the port 3000
2023-05-03 18:26:44 info: =================================
2023-05-03 18:26:49 info: =================================
2023-05-03 18:26:49 info: ======= ENV: development =======
2023-05-03 18:26:49 info: 🚀 App listening on the port 3000
2023-05-03 18:26:49 info: =================================
2023-05-03 18:27:16 info: =================================
2023-05-03 18:27:16 info: ======= ENV: development =======
2023-05-03 18:27:16 info: 🚀 App listening on the port 3000
2023-05-03 18:27:16 info: =================================
2023-05-03 18:27:19 info: [0mGET /posts/popular [32m201[0m 464.811 ms - 2[0m
2023-05-03 18:27:56 info: =================================
2023-05-03 18:27:56 info: ======= ENV: development =======
2023-05-03 18:27:56 info: 🚀 App listening on the port 3000
2023-05-03 18:27:56 info: =================================
2023-05-03 18:28:00 info: =================================
2023-05-03 18:28:00 info: ======= ENV: development =======
2023-05-03 18:28:00 info: 🚀 App listening on the port 3000
2023-05-03 18:28:00 info: =================================
2023-05-03 18:28:04 info: =================================
2023-05-03 18:28:04 info: ======= ENV: development =======
2023-05-03 18:28:04 info: 🚀 App listening on the port 3000
2023-05-03 18:28:04 info: =================================
2023-05-03 18:28:05 info: [0mGET /posts/popular [32m201[0m 561.490 ms - 2[0m
2023-05-03 18:28:25 info: =================================
2023-05-03 18:28:25 info: ======= ENV: development =======
2023-05-03 18:28:25 info: 🚀 App listening on the port 3000
2023-05-03 18:28:25 info: =================================
2023-05-03 18:28:28 info: =================================
2023-05-03 18:28:28 info: ======= ENV: development =======
2023-05-03 18:28:28 info: 🚀 App listening on the port 3000
2023-05-03 18:28:28 info: =================================
2023-05-03 18:28:47 info: =================================
2023-05-03 18:28:47 info: ======= ENV: development =======
2023-05-03 18:28:47 info: 🚀 App listening on the port 3000
2023-05-03 18:28:47 info: =================================
2023-05-03 18:28:53 info: =================================
2023-05-03 18:28:53 info: ======= ENV: development =======
2023-05-03 18:28:53 info: 🚀 App listening on the port 3000
2023-05-03 18:28:53 info: =================================
2023-05-03 18:28:57 info: =================================
2023-05-03 18:28:57 info: ======= ENV: development =======
2023-05-03 18:28:57 info: 🚀 App listening on the port 3000
2023-05-03 18:28:57 info: =================================
2023-05-03 18:29:05 info: =================================
2023-05-03 18:29:05 info: ======= ENV: development =======
2023-05-03 18:29:05 info: 🚀 App listening on the port 3000
2023-05-03 18:29:05 info: =================================
2023-05-03 18:30:26 info: =================================
2023-05-03 18:30:26 info: ======= ENV: development =======
2023-05-03 18:30:26 info: 🚀 App listening on the port 3000
2023-05-03 18:30:26 info: =================================
2023-05-03 18:30:36 info: =================================
2023-05-03 18:30:36 info: ======= ENV: development =======
2023-05-03 18:30:36 info: 🚀 App listening on the port 3000
2023-05-03 18:30:36 info: =================================
2023-05-03 18:30:40 info: [0mGET /posts/popular [32m201[0m 476.268 ms - 2[0m
2023-05-03 18:31:17 info: =================================
2023-05-03 18:31:17 info: ======= ENV: development =======
2023-05-03 18:31:17 info: 🚀 App listening on the port 3000
2023-05-03 18:31:17 info: =================================
2023-05-03 18:31:19 info: [0mGET /posts/popular [32m201[0m 483.626 ms - 2[0m
2023-05-03 18:31:49 info: =================================
2023-05-03 18:31:49 info: ======= ENV: development =======
2023-05-03 18:31:49 info: 🚀 App listening on the port 3000
2023-05-03 18:31:49 info: =================================
2023-05-03 18:31:53 info: =================================
2023-05-03 18:31:53 info: ======= ENV: development =======
2023-05-03 18:31:53 info: 🚀 App listening on the port 3000
2023-05-03 18:31:53 info: =================================
2023-05-03 18:31:59 info: =================================
2023-05-03 18:31:59 info: ======= ENV: development =======
2023-05-03 18:31:59 info: 🚀 App listening on the port 3000
2023-05-03 18:31:59 info: =================================
2023-05-03 18:32:24 info: =================================
2023-05-03 18:32:24 info: ======= ENV: development =======
2023-05-03 18:32:24 info: 🚀 App listening on the port 3000
2023-05-03 18:32:24 info: =================================
2023-05-03 18:32:52 info: =================================
2023-05-03 18:32:52 info: ======= ENV: development =======
2023-05-03 18:32:52 info: 🚀 App listening on the port 3000
2023-05-03 18:32:52 info: =================================
2023-05-03 18:33:05 info: =================================
2023-05-03 18:33:05 info: ======= ENV: development =======
2023-05-03 18:33:05 info: 🚀 App listening on the port 3000
2023-05-03 18:33:05 info: =================================
2023-05-03 18:33:09 info: =================================
2023-05-03 18:33:09 info: ======= ENV: development =======
2023-05-03 18:33:09 info: 🚀 App listening on the port 3000
2023-05-03 18:33:09 info: =================================
2023-05-03 18:33:12 info: =================================
2023-05-03 18:33:12 info: ======= ENV: development =======
2023-05-03 18:33:12 info: 🚀 App listening on the port 3000
2023-05-03 18:33:12 info: =================================
2023-05-03 18:33:20 info: =================================
2023-05-03 18:33:20 info: ======= ENV: development =======
2023-05-03 18:33:20 info: 🚀 App listening on the port 3000
2023-05-03 18:33:20 info: =================================
2023-05-03 18:33:24 info: =================================
2023-05-03 18:33:24 info: ======= ENV: development =======
2023-05-03 18:33:24 info: 🚀 App listening on the port 3000
2023-05-03 18:33:24 info: =================================
2023-05-03 18:33:29 info: =================================
2023-05-03 18:33:29 info: ======= ENV: development =======
2023-05-03 18:33:29 info: 🚀 App listening on the port 3000
2023-05-03 18:33:29 info: =================================
2023-05-03 18:33:35 info: =================================
2023-05-03 18:33:35 info: ======= ENV: development =======
2023-05-03 18:33:35 info: 🚀 App listening on the port 3000
2023-05-03 18:33:35 info: =================================
2023-05-03 18:33:39 info: =================================
2023-05-03 18:33:39 info: ======= ENV: development =======
2023-05-03 18:33:39 info: 🚀 App listening on the port 3000
2023-05-03 18:33:39 info: =================================
2023-05-03 18:33:41 info: =================================
2023-05-03 18:33:41 info: ======= ENV: development =======
2023-05-03 18:33:41 info: 🚀 App listening on the port 3000
2023-05-03 18:33:42 info: =================================
2023-05-03 18:33:54 info: =================================
2023-05-03 18:33:54 info: ======= ENV: development =======
2023-05-03 18:33:54 info: 🚀 App listening on the port 3000
2023-05-03 18:33:54 info: =================================
2023-05-03 18:33:58 info: =================================
2023-05-03 18:33:58 info: ======= ENV: development =======
2023-05-03 18:33:58 info: 🚀 App listening on the port 3000
2023-05-03 18:33:58 info: =================================
2023-05-03 18:34:06 info: =================================
2023-05-03 18:34:06 info: ======= ENV: development =======
2023-05-03 18:34:06 info: 🚀 App listening on the port 3000
2023-05-03 18:34:06 info: =================================
2023-05-03 18:34:11 info: [0mGET /posts/popular [32m201[0m 518.641 ms - 2[0m
2023-05-03 18:34:58 info: =================================
2023-05-03 18:34:58 info: ======= ENV: development =======
2023-05-03 18:34:58 info: 🚀 App listening on the port 3000
2023-05-03 18:34:58 info: =================================
2023-05-03 18:35:15 info: =================================
2023-05-03 18:35:15 info: ======= ENV: development =======
2023-05-03 18:35:15 info: 🚀 App listening on the port 3000
2023-05-03 18:35:15 info: =================================
2023-05-03 18:35:26 info: =================================
2023-05-03 18:35:26 info: ======= ENV: development =======
2023-05-03 18:35:26 info: 🚀 App listening on the port 3000
2023-05-03 18:35:26 info: =================================
2023-05-03 18:35:59 info: =================================
2023-05-03 18:35:59 info: ======= ENV: development =======
2023-05-03 18:35:59 info: 🚀 App listening on the port 3000
2023-05-03 18:35:59 info: =================================
2023-05-03 18:36:05 info: [0mGET /posts/popular [32m201[0m 455.425 ms - 2[0m
2023-05-03 18:36:54 info: =================================
2023-05-03 18:36:54 info: ======= ENV: development =======
2023-05-03 18:36:54 info: 🚀 App listening on the port 3000
2023-05-03 18:36:54 info: =================================
2023-05-03 18:37:01 info: =================================
2023-05-03 18:37:01 info: ======= ENV: development =======
2023-05-03 18:37:01 info: 🚀 App listening on the port 3000
2023-05-03 18:37:01 info: =================================
2023-05-03 18:37:09 info: =================================
2023-05-03 18:37:09 info: ======= ENV: development =======
2023-05-03 18:37:09 info: 🚀 App listening on the port 3000
2023-05-03 18:37:09 info: =================================
2023-05-03 18:37:10 info: [0mGET /posts/popular [32m201[0m 486.369 ms - 2[0m
2023-05-03 18:37:27 info: =================================
2023-05-03 18:37:27 info: ======= ENV: development =======
2023-05-03 18:37:27 info: 🚀 App listening on the port 3000
2023-05-03 18:37:27 info: =================================
2023-05-03 18:37:30 info: [0mGET /posts/popular [32m201[0m 471.731 ms - 2[0m
2023-05-03 18:37:58 info: =================================
2023-05-03 18:37:58 info: ======= ENV: development =======
2023-05-03 18:37:58 info: 🚀 App listening on the port 3000
2023-05-03 18:37:58 info: =================================
2023-05-03 18:38:03 info: [0mGET /posts/popular [32m201[0m 482.917 ms - 2[0m
2023-05-03 18:38:33 info: =================================
2023-05-03 18:38:33 info: ======= ENV: development =======
2023-05-03 18:38:33 info: 🚀 App listening on the port 3000
2023-05-03 18:38:33 info: =================================
2023-05-03 18:38:39 info: =================================
2023-05-03 18:38:39 info: ======= ENV: development =======
2023-05-03 18:38:39 info: 🚀 App listening on the port 3000
2023-05-03 18:38:39 info: =================================
2023-05-03 18:38:42 info: [0mGET /posts/popular [32m201[0m 542.501 ms - 2[0m
2023-05-03 18:39:33 info: =================================
2023-05-03 18:39:33 info: ======= ENV: development =======
2023-05-03 18:39:33 info: 🚀 App listening on the port 3000
2023-05-03 18:39:33 info: =================================
2023-05-03 18:40:31 info: =================================
2023-05-03 18:40:31 info: ======= ENV: development =======
2023-05-03 18:40:31 info: 🚀 App listening on the port 3000
2023-05-03 18:40:31 info: =================================
2023-05-03 18:40:40 info: =================================
2023-05-03 18:40:40 info: ======= ENV: development =======
2023-05-03 18:40:40 info: 🚀 App listening on the port 3000
2023-05-03 18:40:40 info: =================================
2023-05-03 18:40:49 info: =================================
2023-05-03 18:40:49 info: ======= ENV: development =======
2023-05-03 18:40:49 info: 🚀 App listening on the port 3000
2023-05-03 18:40:49 info: =================================
2023-05-03 18:41:04 info: =================================
2023-05-03 18:41:04 info: ======= ENV: development =======
2023-05-03 18:41:04 info: 🚀 App listening on the port 3000
2023-05-03 18:41:04 info: =================================
2023-05-03 18:41:09 info: =================================
2023-05-03 18:41:09 info: ======= ENV: development =======
2023-05-03 18:41:09 info: 🚀 App listening on the port 3000
2023-05-03 18:41:09 info: =================================
2023-05-03 18:41:18 info: =================================
2023-05-03 18:41:18 info: ======= ENV: development =======
2023-05-03 18:41:18 info: 🚀 App listening on the port 3000
2023-05-03 18:41:18 info: =================================
2023-05-03 18:41:19 info: [0mGET /posts/popular [32m201[0m 470.621 ms - 2[0m
2023-05-03 18:41:37 info: =================================
2023-05-03 18:41:37 info: ======= ENV: development =======
2023-05-03 18:41:37 info: 🚀 App listening on the port 3000
2023-05-03 18:41:37 info: =================================
2023-05-03 18:41:43 info: =================================
2023-05-03 18:41:43 info: ======= ENV: development =======
2023-05-03 18:41:43 info: 🚀 App listening on the port 3000
2023-05-03 18:41:43 info: =================================
2023-05-03 18:41:44 info: [0mGET /posts/popular [32m201[0m 461.574 ms - 2[0m
2023-05-03 18:42:29 info: =================================
2023-05-03 18:42:29 info: ======= ENV: development =======
2023-05-03 18:42:29 info: 🚀 App listening on the port 3000
2023-05-03 18:42:29 info: =================================
2023-05-03 18:42:32 info: =================================
2023-05-03 18:42:32 info: ======= ENV: development =======
2023-05-03 18:42:32 info: 🚀 App listening on the port 3000
2023-05-03 18:42:32 info: =================================
2023-05-03 18:42:35 info: [0mGET /posts/popular [32m201[0m 478.872 ms - 2[0m
2023-05-03 18:42:46 info: =================================
2023-05-03 18:42:46 info: ======= ENV: development =======
2023-05-03 18:42:46 info: 🚀 App listening on the port 3000
2023-05-03 18:42:46 info: =================================
2023-05-03 18:42:51 info: =================================
2023-05-03 18:42:51 info: ======= ENV: development =======
2023-05-03 18:42:51 info: 🚀 App listening on the port 3000
2023-05-03 18:42:51 info: =================================
2023-05-03 18:42:56 info: =================================
2023-05-03 18:42:56 info: ======= ENV: development =======
2023-05-03 18:42:56 info: 🚀 App listening on the port 3000
2023-05-03 18:42:56 info: =================================
2023-05-03 18:43:00 info: =================================
2023-05-03 18:43:00 info: ======= ENV: development =======
2023-05-03 18:43:00 info: 🚀 App listening on the port 3000
2023-05-03 18:43:00 info: =================================
2023-05-03 18:43:03 info: =================================
2023-05-03 18:43:03 info: ======= ENV: development =======
2023-05-03 18:43:03 info: 🚀 App listening on the port 3000
2023-05-03 18:43:03 info: =================================
2023-05-03 18:43:04 info: [0mGET /posts/popular [32m201[0m 476.137 ms - 2[0m
2023-05-03 18:44:21 info: =================================
2023-05-03 18:44:21 info: ======= ENV: development =======
2023-05-03 18:44:21 info: 🚀 App listening on the port 3000
2023-05-03 18:44:21 info: =================================
2023-05-03 18:44:27 info: =================================
2023-05-03 18:44:27 info: ======= ENV: development =======
2023-05-03 18:44:27 info: 🚀 App listening on the port 3000
2023-05-03 18:44:27 info: =================================
2023-05-03 18:44:45 info: =================================
2023-05-03 18:44:45 info: ======= ENV: development =======
2023-05-03 18:44:45 info: 🚀 App listening on the port 3000
2023-05-03 18:44:45 info: =================================
2023-05-03 18:44:50 info: =================================
2023-05-03 18:44:50 info: ======= ENV: development =======
2023-05-03 18:44:50 info: 🚀 App listening on the port 3000
2023-05-03 18:44:50 info: =================================
2023-05-03 18:44:51 info: [0mGET /posts/popular [32m201[0m 550.527 ms - 2[0m
2023-05-03 18:45:19 info: =================================
2023-05-03 18:45:19 info: ======= ENV: development =======
2023-05-03 18:45:19 info: 🚀 App listening on the port 3000
2023-05-03 18:45:19 info: =================================
2023-05-03 18:45:22 info: [0mGET /posts/popular [32m201[0m 471.070 ms - 2[0m
2023-05-03 18:45:54 info: =================================
2023-05-03 18:45:54 info: ======= ENV: development =======
2023-05-03 18:45:54 info: 🚀 App listening on the port 3000
2023-05-03 18:45:54 info: =================================
2023-05-03 18:45:59 info: =================================
2023-05-03 18:45:59 info: ======= ENV: development =======
2023-05-03 18:45:59 info: 🚀 App listening on the port 3000
2023-05-03 18:45:59 info: =================================
2023-05-03 18:46:00 info: [0mGET /posts/popular [32m201[0m 460.202 ms - 2[0m
2023-05-03 18:46:16 info: =================================
2023-05-03 18:46:16 info: ======= ENV: development =======
2023-05-03 18:46:16 info: 🚀 App listening on the port 3000
2023-05-03 18:46:16 info: =================================
2023-05-03 18:46:17 info: [0mGET /posts/popular [32m201[0m 455.452 ms - 2[0m
2023-05-03 18:46:35 info: =================================
2023-05-03 18:46:35 info: ======= ENV: development =======
2023-05-03 18:46:35 info: 🚀 App listening on the port 3000
2023-05-03 18:46:35 info: =================================
2023-05-03 18:46:36 info: [0mGET /posts/popular [32m201[0m 490.608 ms - 2[0m
2023-05-03 18:46:51 info: =================================
2023-05-03 18:46:51 info: ======= ENV: development =======
2023-05-03 18:46:51 info: 🚀 App listening on the port 3000
2023-05-03 18:46:51 info: =================================
2023-05-03 18:46:52 info: [0mGET /posts/popular [32m201[0m 451.240 ms - 2[0m
2023-05-03 18:46:58 info: =================================
2023-05-03 18:46:58 info: ======= ENV: development =======
2023-05-03 18:46:58 info: 🚀 App listening on the port 3000
2023-05-03 18:46:58 info: =================================
2023-05-03 18:47:13 info: [0mGET /posts/popular [32m201[0m 471.246 ms - 2[0m
2023-05-03 18:47:58 info: =================================
2023-05-03 18:47:58 info: ======= ENV: development =======
2023-05-03 18:47:58 info: 🚀 App listening on the port 3000
2023-05-03 18:47:58 info: =================================
2023-05-03 18:48:18 info: =================================
2023-05-03 18:48:18 info: ======= ENV: development =======
2023-05-03 18:48:18 info: 🚀 App listening on the port 3000
2023-05-03 18:48:18 info: =================================
2023-05-03 18:48:26 info: =================================
2023-05-03 18:48:26 info: ======= ENV: development =======
2023-05-03 18:48:26 info: 🚀 App listening on the port 3000
2023-05-03 18:48:26 info: =================================
2023-05-03 18:48:36 info: =================================
2023-05-03 18:48:36 info: ======= ENV: development =======
2023-05-03 18:48:36 info: 🚀 App listening on the port 3000
2023-05-03 18:48:36 info: =================================
2023-05-03 18:48:55 info: =================================
2023-05-03 18:48:56 info: ======= ENV: development =======
2023-05-03 18:48:56 info: 🚀 App listening on the port 3000
2023-05-03 18:48:56 info: =================================
2023-05-03 18:49:06 info: =================================
2023-05-03 18:49:06 info: ======= ENV: development =======
2023-05-03 18:49:06 info: 🚀 App listening on the port 3000
2023-05-03 18:49:06 info: =================================
2023-05-03 18:49:13 info: =================================
2023-05-03 18:49:13 info: ======= ENV: development =======
2023-05-03 18:49:13 info: 🚀 App listening on the port 3000
2023-05-03 18:49:13 info: =================================
2023-05-03 18:49:30 info: =================================
2023-05-03 18:49:30 info: ======= ENV: development =======
2023-05-03 18:49:30 info: 🚀 App listening on the port 3000
2023-05-03 18:49:30 info: =================================
2023-05-03 18:49:32 info: =================================
2023-05-03 18:49:32 info: ======= ENV: development =======
2023-05-03 18:49:32 info: 🚀 App listening on the port 3000
2023-05-03 18:49:32 info: =================================
2023-05-03 18:49:46 info: =================================
2023-05-03 18:49:46 info: ======= ENV: development =======
2023-05-03 18:49:46 info: 🚀 App listening on the port 3000
2023-05-03 18:49:46 info: =================================
2023-05-03 18:49:53 info: [0mGET /posts/popular [32m201[0m 502.760 ms - 2[0m
2023-05-03 18:50:10 info: =================================
2023-05-03 18:50:10 info: ======= ENV: development =======
2023-05-03 18:50:10 info: 🚀 App listening on the port 3000
2023-05-03 18:50:10 info: =================================
2023-05-03 18:50:11 info: [0mGET /posts/popular [32m201[0m 489.223 ms - 2[0m
2023-05-03 18:50:25 info: =================================
2023-05-03 18:50:25 info: ======= ENV: development =======
2023-05-03 18:50:25 info: 🚀 App listening on the port 3000
2023-05-03 18:50:25 info: =================================
2023-05-03 18:51:31 info: =================================
2023-05-03 18:51:31 info: ======= ENV: development =======
2023-05-03 18:51:31 info: 🚀 App listening on the port 3000
2023-05-03 18:51:31 info: =================================
2023-05-03 18:52:46 info: =================================
2023-05-03 18:52:46 info: ======= ENV: development =======
2023-05-03 18:52:46 info: 🚀 App listening on the port 3000
2023-05-03 18:52:46 info: =================================
2023-05-03 18:52:49 info: =================================
2023-05-03 18:52:49 info: ======= ENV: development =======
2023-05-03 18:52:49 info: 🚀 App listening on the port 3000
2023-05-03 18:52:49 info: =================================
2023-05-03 18:53:06 info: =================================
2023-05-03 18:53:06 info: ======= ENV: development =======
2023-05-03 18:53:06 info: 🚀 App listening on the port 3000
2023-05-03 18:53:06 info: =================================
2023-05-03 18:53:28 info: =================================
2023-05-03 18:53:28 info: ======= ENV: development =======
2023-05-03 18:53:28 info: 🚀 App listening on the port 3000
2023-05-03 18:53:28 info: =================================
2023-05-03 18:53:38 info: =================================
2023-05-03 18:53:38 info: ======= ENV: development =======
2023-05-03 18:53:38 info: 🚀 App listening on the port 3000
2023-05-03 18:53:38 info: =================================
2023-05-03 18:53:49 info: =================================
2023-05-03 18:53:49 info: ======= ENV: development =======
2023-05-03 18:53:49 info: 🚀 App listening on the port 3000
2023-05-03 18:53:49 info: =================================
2023-05-03 18:54:05 info: [0mGET /posts/popular [32m201[0m 540.501 ms - 2[0m
2023-05-03 18:54:31 info: =================================
2023-05-03 18:54:31 info: ======= ENV: development =======
2023-05-03 18:54:31 info: 🚀 App listening on the port 3000
2023-05-03 18:54:31 info: =================================
2023-05-03 18:54:38 info: =================================
2023-05-03 18:54:38 info: ======= ENV: development =======
2023-05-03 18:54:38 info: 🚀 App listening on the port 3000
2023-05-03 18:54:38 info: =================================
2023-05-03 18:55:34 info: =================================
2023-05-03 18:55:34 info: ======= ENV: development =======
2023-05-03 18:55:34 info: 🚀 App listening on the port 3000
2023-05-03 18:55:34 info: =================================
2023-05-03 18:55:45 info: =================================
2023-05-03 18:55:45 info: ======= ENV: development =======
2023-05-03 18:55:45 info: 🚀 App listening on the port 3000
2023-05-03 18:55:45 info: =================================
2023-05-03 18:55:54 info: =================================
2023-05-03 18:55:54 info: ======= ENV: development =======
2023-05-03 18:55:54 info: 🚀 App listening on the port 3000
2023-05-03 18:55:54 info: =================================
2023-05-03 18:57:00 info: =================================
2023-05-03 18:57:00 info: ======= ENV: development =======
2023-05-03 18:57:00 info: 🚀 App listening on the port 3000
2023-05-03 18:57:00 info: =================================
2023-05-03 18:58:39 info: =================================
2023-05-03 18:58:39 info: ======= ENV: development =======
2023-05-03 18:58:39 info: 🚀 App listening on the port 3000
2023-05-03 18:58:39 info: =================================
2023-05-03 18:58:48 info: =================================
2023-05-03 18:58:48 info: ======= ENV: development =======
2023-05-03 18:58:48 info: 🚀 App listening on the port 3000
2023-05-03 18:58:48 info: =================================
2023-05-03 18:58:54 info: =================================
2023-05-03 18:58:54 info: ======= ENV: development =======
2023-05-03 18:58:54 info: 🚀 App listening on the port 3000
2023-05-03 18:58:54 info: =================================
2023-05-03 18:59:00 info: =================================
2023-05-03 18:59:00 info: ======= ENV: development =======
2023-05-03 18:59:00 info: 🚀 App listening on the port 3000
2023-05-03 18:59:00 info: =================================
2023-05-03 18:59:01 info: [0mGET /posts/popular [32m201[0m 551.755 ms - 2[0m
2023-05-03 18:59:12 info: =================================
2023-05-03 18:59:12 info: ======= ENV: development =======
2023-05-03 18:59:12 info: 🚀 App listening on the port 3000
2023-05-03 18:59:12 info: =================================
2023-05-03 18:59:32 info: =================================
2023-05-03 18:59:32 info: ======= ENV: development =======
2023-05-03 18:59:32 info: 🚀 App listening on the port 3000
2023-05-03 18:59:32 info: =================================
2023-05-03 18:59:35 info: =================================
2023-05-03 18:59:35 info: ======= ENV: development =======
2023-05-03 18:59:35 info: 🚀 App listening on the port 3000
2023-05-03 18:59:35 info: =================================
2023-05-03 18:59:40 info: =================================
2023-05-03 18:59:40 info: ======= ENV: development =======
2023-05-03 18:59:40 info: 🚀 App listening on the port 3000
2023-05-03 18:59:40 info: =================================
2023-05-03 19:00:05 info: =================================
2023-05-03 19:00:05 info: ======= ENV: development =======
2023-05-03 19:00:05 info: 🚀 App listening on the port 3000
2023-05-03 19:00:05 info: =================================
2023-05-03 19:00:09 info: =================================
2023-05-03 19:00:09 info: ======= ENV: development =======
2023-05-03 19:00:09 info: 🚀 App listening on the port 3000
2023-05-03 19:00:09 info: =================================
2023-05-03 19:00:32 info: =================================
2023-05-03 19:00:32 info: ======= ENV: development =======
2023-05-03 19:00:32 info: 🚀 App listening on the port 3000
2023-05-03 19:00:32 info: =================================
2023-05-03 19:00:47 info: =================================
2023-05-03 19:00:47 info: ======= ENV: development =======
2023-05-03 19:00:47 info: 🚀 App listening on the port 3000
2023-05-03 19:00:47 info: =================================
2023-05-03 19:00:57 info: =================================
2023-05-03 19:00:57 info: ======= ENV: development =======
2023-05-03 19:00:57 info: 🚀 App listening on the port 3000
2023-05-03 19:00:57 info: =================================
2023-05-03 19:01:04 info: =================================
2023-05-03 19:01:04 info: ======= ENV: development =======
2023-05-03 19:01:04 info: 🚀 App listening on the port 3000
2023-05-03 19:01:04 info: =================================
2023-05-03 19:01:10 info: =================================
2023-05-03 19:01:10 info: ======= ENV: development =======
2023-05-03 19:01:10 info: 🚀 App listening on the port 3000
2023-05-03 19:01:10 info: =================================
2023-05-03 19:01:12 info: =================================
2023-05-03 19:01:12 info: ======= ENV: development =======
2023-05-03 19:01:12 info: 🚀 App listening on the port 3000
2023-05-03 19:01:12 info: =================================
2023-05-03 19:01:17 info: [0mGET /posts/popular [32m201[0m 479.644 ms - 2[0m
2023-05-03 19:01:28 info: =================================
2023-05-03 19:01:28 info: ======= ENV: development =======
2023-05-03 19:01:28 info: 🚀 App listening on the port 3000
2023-05-03 19:01:28 info: =================================
2023-05-03 19:01:32 info: =================================
2023-05-03 19:01:32 info: ======= ENV: development =======
2023-05-03 19:01:32 info: 🚀 App listening on the port 3000
2023-05-03 19:01:32 info: =================================
2023-05-03 19:01:33 info: [0mGET /posts/popular [32m201[0m 495.451 ms - 2[0m
2023-05-03 19:01:53 info: =================================
2023-05-03 19:01:53 info: ======= ENV: development =======
2023-05-03 19:01:53 info: 🚀 App listening on the port 3000
2023-05-03 19:01:53 info: =================================
2023-05-03 19:02:02 info: =================================
2023-05-03 19:02:02 info: ======= ENV: development =======
2023-05-03 19:02:02 info: 🚀 App listening on the port 3000
2023-05-03 19:02:02 info: =================================
2023-05-03 19:02:23 info: [0mGET /posts/popular [32m201[0m 479.494 ms - -[0m
2023-05-03 19:02:53 info: [0mGET /posts/popular [32m201[0m 447.299 ms - -[0m
2023-05-03 19:02:54 info: [0mGET /posts/popular [32m201[0m 424.374 ms - -[0m
2023-05-03 19:03:26 info: [0mGET /posts/popular [32m201[0m 444.912 ms - -[0m
2023-05-03 19:04:20 info: [0mGET /posts/popular [32m201[0m 474.324 ms - -[0m
2023-05-03 19:04:37 info: [0mGET /posts/popular [32m201[0m 454.041 ms - -[0m
2023-05-03 19:04:40 info: [0mGET /posts/popular [32m201[0m 448.051 ms - -[0m
2023-05-03 19:04:53 info: [0mGET /posts/popular [32m201[0m 431.889 ms - -[0m
2023-05-03 19:05:08 info: [0mGET /posts/popular [32m201[0m 462.672 ms - -[0m
2023-05-03 19:05:10 info: [0mGET /posts/popular [32m201[0m 447.406 ms - -[0m
2023-05-03 19:06:51 info: [0mGET /posts/popular [32m201[0m 443.834 ms - -[0m
2023-05-03 19:07:04 info: [0mGET /posts/popular [32m201[0m 456.101 ms - -[0m
2023-05-03 19:08:28 info: =================================
2023-05-03 19:08:28 info: ======= ENV: development =======
2023-05-03 19:08:28 info: 🚀 App listening on the port 3000
2023-05-03 19:08:28 info: =================================
2023-05-03 19:08:36 info: =================================
2023-05-03 19:08:36 info: ======= ENV: development =======
2023-05-03 19:08:36 info: 🚀 App listening on the port 3000
2023-05-03 19:08:36 info: =================================
2023-05-03 19:08:40 info: =================================
2023-05-03 19:08:40 info: ======= ENV: development =======
2023-05-03 19:08:40 info: 🚀 App listening on the port 3000
2023-05-03 19:08:40 info: =================================
2023-05-03 19:08:43 info: [0mGET /posts/popular [32m201[0m 468.584 ms - -[0m
2023-05-03 19:08:50 info: [0mGET /posts/popular [32m201[0m 456.474 ms - -[0m
2023-05-03 19:45:52 info: =================================
2023-05-03 19:45:52 info: ======= ENV: development =======
2023-05-03 19:45:52 info: 🚀 App listening on the port 3000
2023-05-03 19:45:52 info: =================================
2023-05-03 19:48:12 info: =================================
2023-05-03 19:48:12 info: ======= ENV: development =======
2023-05-03 19:48:12 info: 🚀 App listening on the port 3000
2023-05-03 19:48:12 info: =================================
2023-05-03 19:48:29 info: [0mGET /posts/popular [32m201[0m 476.826 ms - -[0m
2023-05-03 19:48:55 info: [0mGET /posts/popular [32m201[0m 436.352 ms - -[0m
2023-05-03 19:49:07 info: [0mGET /posts/popular [32m201[0m 447.372 ms - -[0m
2023-05-03 19:49:16 info: [0mGET /posts/popular [32m201[0m 468.391 ms - -[0m
2023-05-03 19:49:22 info: [0mGET /posts/popular [32m201[0m 452.669 ms - -[0m
2023-05-03 19:50:15 info: [0mGET /posts/popular [32m201[0m 440.194 ms - -[0m
2023-05-03 19:50:16 info: [0mGET /posts/popular [32m201[0m 413.068 ms - -[0m
2023-05-03 19:50:21 info: [0mGET /posts/popular [32m201[0m 421.540 ms - -[0m
2023-05-03 19:50:25 info: [0mGET /posts/popular [32m201[0m 458.339 ms - -[0m
2023-05-03 19:50:35 info: [0mGET /posts/popular [32m201[0m 448.293 ms - -[0m
2023-05-03 19:50:36 info: [0mGET /posts/popular [32m201[0m 414.764 ms - -[0m
2023-05-03 19:50:41 info: [0mGET /posts/popular [32m201[0m 460.066 ms - -[0m
2023-05-03 19:56:46 info: [0mGET /posts/popular [32m201[0m 466.020 ms - -[0m
2023-05-03 19:58:46 info: [0mGET /posts/popular [32m201[0m 448.228 ms - -[0m
