2023-04-11 12:01:34 info: =================================
2023-04-11 12:01:34 info: ======= ENV: development =======
2023-04-11 12:01:34 info: 🚀 App listening on the port 3000
2023-04-11 12:01:34 info: =================================
2023-04-11 12:01:47 info: [0mPOST /users/buy/cus_NertcEpcd14idq [32m200[0m 1294.871 ms - -[0m
2023-04-11 12:04:35 info: [0mPOST /users/buy/cus_NertcEpcd14idq [32m200[0m 1049.005 ms - -[0m
2023-04-11 12:07:13 info: =================================
2023-04-11 12:07:13 info: ======= ENV: development =======
2023-04-11 12:07:13 info: 🚀 App listening on the port 3000
2023-04-11 12:07:13 info: =================================
2023-04-11 12:57:45 info: =================================
2023-04-11 12:57:45 info: ======= ENV: development =======
2023-04-11 12:57:45 info: 🚀 App listening on the port 3000
2023-04-11 12:57:45 info: =================================
2023-04-11 12:57:50 info: =================================
2023-04-11 12:57:50 info: ======= ENV: development =======
2023-04-11 12:57:50 info: 🚀 App listening on the port 3000
2023-04-11 12:57:50 info: =================================
2023-04-11 12:58:08 info: =================================
2023-04-11 12:58:08 info: ======= ENV: development =======
2023-04-11 12:58:08 info: 🚀 App listening on the port 3000
2023-04-11 12:58:08 info: =================================
2023-04-11 12:58:28 info: =================================
2023-04-11 12:58:28 info: ======= ENV: development =======
2023-04-11 12:58:28 info: 🚀 App listening on the port 3000
2023-04-11 12:58:28 info: =================================
2023-04-11 12:58:57 info: =================================
2023-04-11 12:58:57 info: ======= ENV: development =======
2023-04-11 12:58:57 info: 🚀 App listening on the port 3000
2023-04-11 12:58:57 info: =================================
2023-04-11 12:59:08 info: =================================
2023-04-11 12:59:08 info: ======= ENV: development =======
2023-04-11 12:59:08 info: 🚀 App listening on the port 3000
2023-04-11 12:59:08 info: =================================
2023-04-11 12:59:17 info: =================================
2023-04-11 12:59:17 info: ======= ENV: development =======
2023-04-11 12:59:17 info: 🚀 App listening on the port 3000
2023-04-11 12:59:17 info: =================================
2023-04-11 12:59:26 info: =================================
2023-04-11 12:59:26 info: ======= ENV: development =======
2023-04-11 12:59:26 info: 🚀 App listening on the port 3000
2023-04-11 12:59:26 info: =================================
2023-04-11 13:01:11 info: =================================
2023-04-11 13:01:11 info: ======= ENV: development =======
2023-04-11 13:01:11 info: 🚀 App listening on the port 3000
2023-04-11 13:01:11 info: =================================
2023-04-11 13:01:24 info: =================================
2023-04-11 13:01:24 info: ======= ENV: development =======
2023-04-11 13:01:24 info: 🚀 App listening on the port 3000
2023-04-11 13:01:24 info: =================================
2023-04-11 13:01:30 info: =================================
2023-04-11 13:01:30 info: ======= ENV: development =======
2023-04-11 13:01:30 info: 🚀 App listening on the port 3000
2023-04-11 13:01:30 info: =================================
2023-04-11 13:02:19 info: =================================
2023-04-11 13:02:19 info: ======= ENV: development =======
2023-04-11 13:02:19 info: 🚀 App listening on the port 3000
2023-04-11 13:02:19 info: =================================
2023-04-11 13:02:27 info: =================================
2023-04-11 13:02:27 info: ======= ENV: development =======
2023-04-11 13:02:27 info: 🚀 App listening on the port 3000
2023-04-11 13:02:27 info: =================================
2023-04-11 13:02:35 info: =================================
2023-04-11 13:02:35 info: ======= ENV: development =======
2023-04-11 13:02:35 info: 🚀 App listening on the port 3000
2023-04-11 13:02:35 info: =================================
2023-04-11 13:02:42 info: =================================
2023-04-11 13:02:42 info: ======= ENV: development =======
2023-04-11 13:02:42 info: 🚀 App listening on the port 3000
2023-04-11 13:02:42 info: =================================
2023-04-11 13:02:49 info: =================================
2023-04-11 13:02:49 info: ======= ENV: development =======
2023-04-11 13:02:49 info: 🚀 App listening on the port 3000
2023-04-11 13:02:49 info: =================================
2023-04-11 13:02:58 info: =================================
2023-04-11 13:02:58 info: ======= ENV: development =======
2023-04-11 13:02:58 info: 🚀 App listening on the port 3000
2023-04-11 13:02:58 info: =================================
2023-04-11 13:03:20 info: =================================
2023-04-11 13:03:20 info: ======= ENV: development =======
2023-04-11 13:03:20 info: 🚀 App listening on the port 3000
2023-04-11 13:03:20 info: =================================
2023-04-11 13:03:41 info: =================================
2023-04-11 13:03:41 info: ======= ENV: development =======
2023-04-11 13:03:41 info: 🚀 App listening on the port 3000
2023-04-11 13:03:41 info: =================================
2023-04-11 13:03:45 info: =================================
2023-04-11 13:03:45 info: ======= ENV: development =======
2023-04-11 13:03:45 info: 🚀 App listening on the port 3000
2023-04-11 13:03:45 info: =================================
2023-04-11 13:03:51 info: =================================
2023-04-11 13:03:51 info: ======= ENV: development =======
2023-04-11 13:03:51 info: 🚀 App listening on the port 3000
2023-04-11 13:03:51 info: =================================
2023-04-11 13:03:54 info: =================================
2023-04-11 13:03:54 info: ======= ENV: development =======
2023-04-11 13:03:54 info: 🚀 App listening on the port 3000
2023-04-11 13:03:54 info: =================================
2023-04-11 13:04:08 info: =================================
2023-04-11 13:04:08 info: ======= ENV: development =======
2023-04-11 13:04:08 info: 🚀 App listening on the port 3000
2023-04-11 13:04:08 info: =================================
2023-04-11 13:04:20 info: =================================
2023-04-11 13:04:20 info: ======= ENV: development =======
2023-04-11 13:04:20 info: 🚀 App listening on the port 3000
2023-04-11 13:04:20 info: =================================
2023-04-11 13:05:38 info: =================================
2023-04-11 13:05:38 info: ======= ENV: development =======
2023-04-11 13:05:38 info: 🚀 App listening on the port 3000
2023-04-11 13:05:38 info: =================================
2023-04-11 13:05:45 info: =================================
2023-04-11 13:05:45 info: ======= ENV: development =======
2023-04-11 13:05:45 info: 🚀 App listening on the port 3000
2023-04-11 13:05:45 info: =================================
2023-04-11 13:05:51 info: =================================
2023-04-11 13:05:51 info: ======= ENV: development =======
2023-04-11 13:05:51 info: 🚀 App listening on the port 3000
2023-04-11 13:05:51 info: =================================
2023-04-11 13:06:07 info: =================================
2023-04-11 13:06:07 info: ======= ENV: development =======
2023-04-11 13:06:07 info: 🚀 App listening on the port 3000
2023-04-11 13:06:07 info: =================================
2023-04-11 13:07:25 info: =================================
2023-04-11 13:07:25 info: ======= ENV: development =======
2023-04-11 13:07:25 info: 🚀 App listening on the port 3000
2023-04-11 13:07:25 info: =================================
2023-04-11 13:07:37 info: =================================
2023-04-11 13:07:37 info: ======= ENV: development =======
2023-04-11 13:07:37 info: 🚀 App listening on the port 3000
2023-04-11 13:07:37 info: =================================
2023-04-11 13:07:44 info: =================================
2023-04-11 13:07:44 info: ======= ENV: development =======
2023-04-11 13:07:44 info: 🚀 App listening on the port 3000
2023-04-11 13:07:44 info: =================================
2023-04-11 13:08:02 info: =================================
2023-04-11 13:08:02 info: ======= ENV: development =======
2023-04-11 13:08:02 info: 🚀 App listening on the port 3000
2023-04-11 13:08:02 info: =================================
2023-04-11 13:08:24 info: =================================
2023-04-11 13:08:24 info: ======= ENV: development =======
2023-04-11 13:08:24 info: 🚀 App listening on the port 3000
2023-04-11 13:08:24 info: =================================
2023-04-11 13:08:33 info: =================================
2023-04-11 13:08:33 info: ======= ENV: development =======
2023-04-11 13:08:33 info: 🚀 App listening on the port 3000
2023-04-11 13:08:33 info: =================================
2023-04-11 13:08:37 info: =================================
2023-04-11 13:08:37 info: ======= ENV: development =======
2023-04-11 13:08:37 info: 🚀 App listening on the port 3000
2023-04-11 13:08:37 info: =================================
2023-04-11 13:08:40 info: =================================
2023-04-11 13:08:40 info: ======= ENV: development =======
2023-04-11 13:08:40 info: 🚀 App listening on the port 3000
2023-04-11 13:08:40 info: =================================
2023-04-11 13:08:46 info: =================================
2023-04-11 13:08:46 info: ======= ENV: development =======
2023-04-11 13:08:46 info: 🚀 App listening on the port 3000
2023-04-11 13:08:46 info: =================================
2023-04-11 13:08:50 info: =================================
2023-04-11 13:08:50 info: ======= ENV: development =======
2023-04-11 13:08:50 info: 🚀 App listening on the port 3000
2023-04-11 13:08:50 info: =================================
2023-04-11 13:08:53 info: =================================
2023-04-11 13:08:53 info: ======= ENV: development =======
2023-04-11 13:08:53 info: 🚀 App listening on the port 3000
2023-04-11 13:08:53 info: =================================
2023-04-11 13:09:23 info: =================================
2023-04-11 13:09:23 info: ======= ENV: development =======
2023-04-11 13:09:23 info: 🚀 App listening on the port 3000
2023-04-11 13:09:23 info: =================================
2023-04-11 13:09:37 info: =================================
2023-04-11 13:09:37 info: ======= ENV: development =======
2023-04-11 13:09:37 info: 🚀 App listening on the port 3000
2023-04-11 13:09:37 info: =================================
2023-04-11 13:09:48 info: =================================
2023-04-11 13:09:48 info: ======= ENV: development =======
2023-04-11 13:09:48 info: 🚀 App listening on the port 3000
2023-04-11 13:09:48 info: =================================
2023-04-11 13:10:08 info: =================================
2023-04-11 13:10:08 info: ======= ENV: development =======
2023-04-11 13:10:08 info: 🚀 App listening on the port 3000
2023-04-11 13:10:08 info: =================================
2023-04-11 13:10:12 info: =================================
2023-04-11 13:10:12 info: ======= ENV: development =======
2023-04-11 13:10:12 info: 🚀 App listening on the port 3000
2023-04-11 13:10:12 info: =================================
2023-04-11 13:10:17 info: =================================
2023-04-11 13:10:17 info: ======= ENV: development =======
2023-04-11 13:10:17 info: 🚀 App listening on the port 3000
2023-04-11 13:10:17 info: =================================
2023-04-11 13:10:27 info: =================================
2023-04-11 13:10:27 info: ======= ENV: development =======
2023-04-11 13:10:27 info: 🚀 App listening on the port 3000
2023-04-11 13:10:27 info: =================================
2023-04-11 13:10:39 info: =================================
2023-04-11 13:10:39 info: ======= ENV: development =======
2023-04-11 13:10:39 info: 🚀 App listening on the port 3000
2023-04-11 13:10:39 info: =================================
2023-04-11 13:10:45 info: =================================
2023-04-11 13:10:45 info: ======= ENV: development =======
2023-04-11 13:10:45 info: 🚀 App listening on the port 3000
2023-04-11 13:10:45 info: =================================
2023-04-11 13:10:48 info: =================================
2023-04-11 13:10:48 info: ======= ENV: development =======
2023-04-11 13:10:48 info: 🚀 App listening on the port 3000
2023-04-11 13:10:48 info: =================================
2023-04-11 13:10:56 info: =================================
2023-04-11 13:10:56 info: ======= ENV: development =======
2023-04-11 13:10:56 info: 🚀 App listening on the port 3000
2023-04-11 13:10:56 info: =================================
2023-04-11 13:11:03 info: =================================
2023-04-11 13:11:03 info: ======= ENV: development =======
2023-04-11 13:11:03 info: 🚀 App listening on the port 3000
2023-04-11 13:11:03 info: =================================
2023-04-11 13:11:08 info: =================================
2023-04-11 13:11:08 info: ======= ENV: development =======
2023-04-11 13:11:08 info: 🚀 App listening on the port 3000
2023-04-11 13:11:08 info: =================================
2023-04-11 13:11:15 info: =================================
2023-04-11 13:11:15 info: ======= ENV: development =======
2023-04-11 13:11:15 info: 🚀 App listening on the port 3000
2023-04-11 13:11:15 info: =================================
2023-04-11 13:11:17 info: =================================
2023-04-11 13:11:17 info: ======= ENV: development =======
2023-04-11 13:11:17 info: 🚀 App listening on the port 3000
2023-04-11 13:11:17 info: =================================
2023-04-11 13:11:31 info: =================================
2023-04-11 13:11:31 info: ======= ENV: development =======
2023-04-11 13:11:31 info: 🚀 App listening on the port 3000
2023-04-11 13:11:31 info: =================================
2023-04-11 13:11:34 info: =================================
2023-04-11 13:11:34 info: ======= ENV: development =======
2023-04-11 13:11:34 info: 🚀 App listening on the port 3000
2023-04-11 13:11:34 info: =================================
2023-04-11 13:11:38 info: =================================
2023-04-11 13:11:38 info: ======= ENV: development =======
2023-04-11 13:11:38 info: 🚀 App listening on the port 3000
2023-04-11 13:11:38 info: =================================
2023-04-11 13:11:41 info: =================================
2023-04-11 13:11:41 info: ======= ENV: development =======
2023-04-11 13:11:41 info: 🚀 App listening on the port 3000
2023-04-11 13:11:41 info: =================================
2023-04-11 13:11:45 info: =================================
2023-04-11 13:11:45 info: ======= ENV: development =======
2023-04-11 13:11:45 info: 🚀 App listening on the port 3000
2023-04-11 13:11:45 info: =================================
2023-04-11 13:12:25 info: =================================
2023-04-11 13:12:25 info: ======= ENV: development =======
2023-04-11 13:12:25 info: 🚀 App listening on the port 3000
2023-04-11 13:12:25 info: =================================
2023-04-11 13:12:36 info: =================================
2023-04-11 13:12:36 info: ======= ENV: development =======
2023-04-11 13:12:36 info: 🚀 App listening on the port 3000
2023-04-11 13:12:36 info: =================================
2023-04-11 13:12:41 info: =================================
2023-04-11 13:12:41 info: ======= ENV: development =======
2023-04-11 13:12:41 info: 🚀 App listening on the port 3000
2023-04-11 13:12:41 info: =================================
2023-04-11 13:12:54 info: =================================
2023-04-11 13:12:54 info: ======= ENV: development =======
2023-04-11 13:12:54 info: 🚀 App listening on the port 3000
2023-04-11 13:12:54 info: =================================
2023-04-11 13:13:00 info: =================================
2023-04-11 13:13:00 info: ======= ENV: development =======
2023-04-11 13:13:00 info: 🚀 App listening on the port 3000
2023-04-11 13:13:00 info: =================================
2023-04-11 13:13:12 info: =================================
2023-04-11 13:13:12 info: ======= ENV: development =======
2023-04-11 13:13:12 info: 🚀 App listening on the port 3000
2023-04-11 13:13:12 info: =================================
2023-04-11 13:13:17 info: =================================
2023-04-11 13:13:17 info: ======= ENV: development =======
2023-04-11 13:13:17 info: 🚀 App listening on the port 3000
2023-04-11 13:13:17 info: =================================
2023-04-11 13:13:26 info: =================================
2023-04-11 13:13:26 info: ======= ENV: development =======
2023-04-11 13:13:26 info: 🚀 App listening on the port 3000
2023-04-11 13:13:26 info: =================================
2023-04-11 13:13:34 info: =================================
2023-04-11 13:13:34 info: ======= ENV: development =======
2023-04-11 13:13:34 info: 🚀 App listening on the port 3000
2023-04-11 13:13:34 info: =================================
2023-04-11 13:13:47 info: =================================
2023-04-11 13:13:47 info: ======= ENV: development =======
2023-04-11 13:13:47 info: 🚀 App listening on the port 3000
2023-04-11 13:13:47 info: =================================
2023-04-11 13:13:54 info: =================================
2023-04-11 13:13:54 info: ======= ENV: development =======
2023-04-11 13:13:54 info: 🚀 App listening on the port 3000
2023-04-11 13:13:54 info: =================================
2023-04-11 13:14:03 info: =================================
2023-04-11 13:14:03 info: ======= ENV: development =======
2023-04-11 13:14:03 info: 🚀 App listening on the port 3000
2023-04-11 13:14:03 info: =================================
2023-04-11 13:16:15 info: =================================
2023-04-11 13:16:15 info: ======= ENV: development =======
2023-04-11 13:16:15 info: 🚀 App listening on the port 3000
2023-04-11 13:16:15 info: =================================
2023-04-11 13:16:18 info: =================================
2023-04-11 13:16:18 info: ======= ENV: development =======
2023-04-11 13:16:18 info: 🚀 App listening on the port 3000
2023-04-11 13:16:18 info: =================================
2023-04-11 13:16:39 info: =================================
2023-04-11 13:16:39 info: ======= ENV: development =======
2023-04-11 13:16:39 info: 🚀 App listening on the port 3000
2023-04-11 13:16:39 info: =================================
2023-04-11 13:17:32 info: =================================
2023-04-11 13:17:32 info: ======= ENV: development =======
2023-04-11 13:17:32 info: 🚀 App listening on the port 3000
2023-04-11 13:17:32 info: =================================
2023-04-11 13:17:35 info: =================================
2023-04-11 13:17:35 info: ======= ENV: development =======
2023-04-11 13:17:35 info: 🚀 App listening on the port 3000
2023-04-11 13:17:35 info: =================================
2023-04-11 13:17:49 info: =================================
2023-04-11 13:17:49 info: ======= ENV: development =======
2023-04-11 13:17:49 info: 🚀 App listening on the port 3000
2023-04-11 13:17:49 info: =================================
2023-04-11 13:17:56 info: =================================
2023-04-11 13:17:56 info: ======= ENV: development =======
2023-04-11 13:17:56 info: 🚀 App listening on the port 3000
2023-04-11 13:17:56 info: =================================
2023-04-11 13:18:12 info: =================================
2023-04-11 13:18:12 info: ======= ENV: development =======
2023-04-11 13:18:12 info: 🚀 App listening on the port 3000
2023-04-11 13:18:12 info: =================================
2023-04-11 13:18:23 info: =================================
2023-04-11 13:18:23 info: ======= ENV: development =======
2023-04-11 13:18:23 info: 🚀 App listening on the port 3000
2023-04-11 13:18:23 info: =================================
2023-04-11 13:18:27 info: =================================
2023-04-11 13:18:27 info: ======= ENV: development =======
2023-04-11 13:18:27 info: 🚀 App listening on the port 3000
2023-04-11 13:18:27 info: =================================
2023-04-11 13:18:38 info: =================================
2023-04-11 13:18:38 info: ======= ENV: development =======
2023-04-11 13:18:38 info: 🚀 App listening on the port 3000
2023-04-11 13:18:38 info: =================================
2023-04-11 13:18:41 info: =================================
2023-04-11 13:18:41 info: ======= ENV: development =======
2023-04-11 13:18:41 info: 🚀 App listening on the port 3000
2023-04-11 13:18:41 info: =================================
2023-04-11 13:19:37 info: =================================
2023-04-11 13:19:37 info: ======= ENV: development =======
2023-04-11 13:19:37 info: 🚀 App listening on the port 3000
2023-04-11 13:19:37 info: =================================
2023-04-11 13:28:41 info: =================================
2023-04-11 13:28:41 info: ======= ENV: development =======
2023-04-11 13:28:41 info: 🚀 App listening on the port 3000
2023-04-11 13:28:41 info: =================================
2023-04-11 13:28:53 info: =================================
2023-04-11 13:28:53 info: ======= ENV: development =======
2023-04-11 13:28:53 info: 🚀 App listening on the port 3000
2023-04-11 13:28:53 info: =================================
2023-04-11 13:29:05 info: =================================
2023-04-11 13:29:05 info: ======= ENV: development =======
2023-04-11 13:29:05 info: 🚀 App listening on the port 3000
2023-04-11 13:29:05 info: =================================
2023-04-11 13:29:19 info: =================================
2023-04-11 13:29:19 info: ======= ENV: development =======
2023-04-11 13:29:19 info: 🚀 App listening on the port 3000
2023-04-11 13:29:19 info: =================================
2023-04-11 13:29:39 info: =================================
2023-04-11 13:29:39 info: ======= ENV: development =======
2023-04-11 13:29:39 info: 🚀 App listening on the port 3000
2023-04-11 13:29:39 info: =================================
2023-04-11 13:43:56 info: =================================
2023-04-11 13:43:56 info: ======= ENV: development =======
2023-04-11 13:43:56 info: 🚀 App listening on the port 3000
2023-04-11 13:43:56 info: =================================
2023-04-11 13:44:04 info: =================================
2023-04-11 13:44:04 info: ======= ENV: development =======
2023-04-11 13:44:04 info: 🚀 App listening on the port 3000
2023-04-11 13:44:04 info: =================================
2023-04-11 13:47:12 info: =================================
2023-04-11 13:47:12 info: ======= ENV: development =======
2023-04-11 13:47:12 info: 🚀 App listening on the port 3000
2023-04-11 13:47:12 info: =================================
2023-04-11 13:47:29 info: =================================
2023-04-11 13:47:29 info: ======= ENV: development =======
2023-04-11 13:47:29 info: 🚀 App listening on the port 3000
2023-04-11 13:47:29 info: =================================
2023-04-11 13:47:37 info: =================================
2023-04-11 13:47:37 info: ======= ENV: development =======
2023-04-11 13:47:37 info: 🚀 App listening on the port 3000
2023-04-11 13:47:37 info: =================================
2023-04-11 13:47:40 info: =================================
2023-04-11 13:47:40 info: ======= ENV: development =======
2023-04-11 13:47:40 info: 🚀 App listening on the port 3000
2023-04-11 13:47:40 info: =================================
2023-04-11 13:47:44 info: =================================
2023-04-11 13:47:44 info: ======= ENV: development =======
2023-04-11 13:47:44 info: 🚀 App listening on the port 3000
2023-04-11 13:47:44 info: =================================
2023-04-11 13:47:56 info: =================================
2023-04-11 13:47:56 info: ======= ENV: development =======
2023-04-11 13:47:56 info: 🚀 App listening on the port 3000
2023-04-11 13:47:56 info: =================================
2023-04-11 13:48:34 info: =================================
2023-04-11 13:48:34 info: ======= ENV: development =======
2023-04-11 13:48:34 info: 🚀 App listening on the port 3000
2023-04-11 13:48:34 info: =================================
2023-04-11 13:48:36 info: =================================
2023-04-11 13:48:36 info: ======= ENV: development =======
2023-04-11 13:48:36 info: 🚀 App listening on the port 3000
2023-04-11 13:48:36 info: =================================
2023-04-11 13:48:41 info: =================================
2023-04-11 13:48:41 info: ======= ENV: development =======
2023-04-11 13:48:41 info: 🚀 App listening on the port 3000
2023-04-11 13:48:41 info: =================================
2023-04-11 13:48:44 info: =================================
2023-04-11 13:48:44 info: ======= ENV: development =======
2023-04-11 13:48:44 info: 🚀 App listening on the port 3000
2023-04-11 13:48:44 info: =================================
2023-04-11 13:48:54 info: =================================
2023-04-11 13:48:54 info: ======= ENV: development =======
2023-04-11 13:48:54 info: 🚀 App listening on the port 3000
2023-04-11 13:48:54 info: =================================
2023-04-11 13:49:10 info: =================================
2023-04-11 13:49:10 info: ======= ENV: development =======
2023-04-11 13:49:10 info: 🚀 App listening on the port 3000
2023-04-11 13:49:10 info: =================================
2023-04-11 13:49:13 info: =================================
2023-04-11 13:49:13 info: ======= ENV: development =======
2023-04-11 13:49:13 info: 🚀 App listening on the port 3000
2023-04-11 13:49:13 info: =================================
2023-04-11 13:49:29 info: =================================
2023-04-11 13:49:29 info: ======= ENV: development =======
2023-04-11 13:49:29 info: 🚀 App listening on the port 3000
2023-04-11 13:49:29 info: =================================
2023-04-11 13:49:32 info: =================================
2023-04-11 13:49:32 info: ======= ENV: development =======
2023-04-11 13:49:32 info: 🚀 App listening on the port 3000
2023-04-11 13:49:32 info: =================================
2023-04-11 13:49:38 info: =================================
2023-04-11 13:49:38 info: ======= ENV: development =======
2023-04-11 13:49:38 info: 🚀 App listening on the port 3000
2023-04-11 13:49:38 info: =================================
2023-04-11 14:36:12 info: =================================
2023-04-11 14:36:12 info: ======= ENV: development =======
2023-04-11 14:36:12 info: 🚀 App listening on the port 3000
2023-04-11 14:36:12 info: =================================
2023-04-11 14:36:19 info: =================================
2023-04-11 14:36:19 info: ======= ENV: development =======
2023-04-11 14:36:19 info: 🚀 App listening on the port 3000
2023-04-11 14:36:19 info: =================================
2023-04-11 14:36:25 info: =================================
2023-04-11 14:36:25 info: ======= ENV: development =======
2023-04-11 14:36:25 info: 🚀 App listening on the port 3000
2023-04-11 14:36:25 info: =================================
2023-04-11 14:36:28 info: =================================
2023-04-11 14:36:28 info: ======= ENV: development =======
2023-04-11 14:36:28 info: 🚀 App listening on the port 3000
2023-04-11 14:36:28 info: =================================
2023-04-11 14:36:55 info: =================================
2023-04-11 14:36:55 info: ======= ENV: development =======
2023-04-11 14:36:55 info: 🚀 App listening on the port 3000
2023-04-11 14:36:55 info: =================================
2023-04-11 14:36:59 info: =================================
2023-04-11 14:36:59 info: ======= ENV: development =======
2023-04-11 14:36:59 info: 🚀 App listening on the port 3000
2023-04-11 14:36:59 info: =================================
2023-04-11 14:37:13 info: =================================
2023-04-11 14:37:13 info: ======= ENV: development =======
2023-04-11 14:37:13 info: 🚀 App listening on the port 3000
2023-04-11 14:37:13 info: =================================
2023-04-11 14:37:22 info: =================================
2023-04-11 14:37:22 info: ======= ENV: development =======
2023-04-11 14:37:22 info: 🚀 App listening on the port 3000
2023-04-11 14:37:22 info: =================================
2023-04-11 14:37:30 info: =================================
2023-04-11 14:37:30 info: ======= ENV: development =======
2023-04-11 14:37:30 info: 🚀 App listening on the port 3000
2023-04-11 14:37:30 info: =================================
2023-04-11 14:37:33 info: =================================
2023-04-11 14:37:33 info: ======= ENV: development =======
2023-04-11 14:37:33 info: 🚀 App listening on the port 3000
2023-04-11 14:37:33 info: =================================
2023-04-11 14:37:50 info: =================================
2023-04-11 14:37:50 info: ======= ENV: development =======
2023-04-11 14:37:50 info: 🚀 App listening on the port 3000
2023-04-11 14:37:50 info: =================================
2023-04-11 14:38:13 info: =================================
2023-04-11 14:38:13 info: ======= ENV: development =======
2023-04-11 14:38:13 info: 🚀 App listening on the port 3000
2023-04-11 14:38:13 info: =================================
2023-04-11 14:38:19 info: =================================
2023-04-11 14:38:19 info: ======= ENV: development =======
2023-04-11 14:38:19 info: 🚀 App listening on the port 3000
2023-04-11 14:38:19 info: =================================
2023-04-11 14:42:47 info: =================================
2023-04-11 14:42:47 info: ======= ENV: development =======
2023-04-11 14:42:47 info: 🚀 App listening on the port 3000
2023-04-11 14:42:47 info: =================================
2023-04-11 14:42:53 info: =================================
2023-04-11 14:42:53 info: ======= ENV: development =======
2023-04-11 14:42:53 info: 🚀 App listening on the port 3000
2023-04-11 14:42:53 info: =================================
2023-04-11 14:43:01 info: =================================
2023-04-11 14:43:01 info: ======= ENV: development =======
2023-04-11 14:43:01 info: 🚀 App listening on the port 3000
2023-04-11 14:43:01 info: =================================
2023-04-11 14:43:56 info: =================================
2023-04-11 14:43:56 info: ======= ENV: development =======
2023-04-11 14:43:56 info: 🚀 App listening on the port 3000
2023-04-11 14:43:56 info: =================================
2023-04-11 14:44:15 info: =================================
2023-04-11 14:44:15 info: ======= ENV: development =======
2023-04-11 14:44:15 info: 🚀 App listening on the port 3000
2023-04-11 14:44:15 info: =================================
2023-04-11 14:44:19 info: =================================
2023-04-11 14:44:19 info: ======= ENV: development =======
2023-04-11 14:44:19 info: 🚀 App listening on the port 3000
2023-04-11 14:44:19 info: =================================
2023-04-11 14:44:23 info: =================================
2023-04-11 14:44:23 info: ======= ENV: development =======
2023-04-11 14:44:23 info: 🚀 App listening on the port 3000
2023-04-11 14:44:23 info: =================================
2023-04-11 14:44:27 info: =================================
2023-04-11 14:44:27 info: ======= ENV: development =======
2023-04-11 14:44:27 info: 🚀 App listening on the port 3000
2023-04-11 14:44:27 info: =================================
2023-04-11 14:44:31 info: =================================
2023-04-11 14:44:31 info: ======= ENV: development =======
2023-04-11 14:44:31 info: 🚀 App listening on the port 3000
2023-04-11 14:44:31 info: =================================
2023-04-11 14:44:50 info: =================================
2023-04-11 14:44:50 info: ======= ENV: development =======
2023-04-11 14:44:50 info: 🚀 App listening on the port 3000
2023-04-11 14:44:50 info: =================================
2023-04-11 14:44:57 info: =================================
2023-04-11 14:44:57 info: ======= ENV: development =======
2023-04-11 14:44:57 info: 🚀 App listening on the port 3000
2023-04-11 14:44:57 info: =================================
2023-04-11 14:45:14 info: =================================
2023-04-11 14:45:14 info: ======= ENV: development =======
2023-04-11 14:45:14 info: 🚀 App listening on the port 3000
2023-04-11 14:45:14 info: =================================
2023-04-11 14:45:57 info: =================================
2023-04-11 14:45:57 info: ======= ENV: development =======
2023-04-11 14:45:57 info: 🚀 App listening on the port 3000
2023-04-11 14:45:57 info: =================================
2023-04-11 14:54:58 info: =================================
2023-04-11 14:54:58 info: ======= ENV: development =======
2023-04-11 14:54:58 info: 🚀 App listening on the port 3000
2023-04-11 14:54:58 info: =================================
2023-04-11 14:55:05 info: =================================
2023-04-11 14:55:05 info: ======= ENV: development =======
2023-04-11 14:55:05 info: 🚀 App listening on the port 3000
2023-04-11 14:55:05 info: =================================
2023-04-11 14:55:08 info: =================================
2023-04-11 14:55:08 info: ======= ENV: development =======
2023-04-11 14:55:08 info: 🚀 App listening on the port 3000
2023-04-11 14:55:08 info: =================================
2023-04-11 14:56:17 info: =================================
2023-04-11 14:56:17 info: ======= ENV: development =======
2023-04-11 14:56:17 info: 🚀 App listening on the port 3000
2023-04-11 14:56:17 info: =================================
2023-04-11 14:56:39 info: =================================
2023-04-11 14:56:39 info: ======= ENV: development =======
2023-04-11 14:56:39 info: 🚀 App listening on the port 3000
2023-04-11 14:56:39 info: =================================
2023-04-11 14:56:48 info: =================================
2023-04-11 14:56:48 info: ======= ENV: development =======
2023-04-11 14:56:48 info: 🚀 App listening on the port 3000
2023-04-11 14:56:48 info: =================================
2023-04-11 14:57:02 info: =================================
2023-04-11 14:57:02 info: ======= ENV: development =======
2023-04-11 14:57:02 info: 🚀 App listening on the port 3000
2023-04-11 14:57:02 info: =================================
2023-04-11 14:57:08 info: =================================
2023-04-11 14:57:08 info: ======= ENV: development =======
2023-04-11 14:57:08 info: 🚀 App listening on the port 3000
2023-04-11 14:57:08 info: =================================
2023-04-11 14:57:27 info: =================================
2023-04-11 14:57:27 info: ======= ENV: development =======
2023-04-11 14:57:27 info: 🚀 App listening on the port 3000
2023-04-11 14:57:27 info: =================================
2023-04-11 14:57:39 info: =================================
2023-04-11 14:57:39 info: ======= ENV: development =======
2023-04-11 14:57:39 info: 🚀 App listening on the port 3000
2023-04-11 14:57:39 info: =================================
2023-04-11 14:57:48 info: =================================
2023-04-11 14:57:48 info: ======= ENV: development =======
2023-04-11 14:57:48 info: 🚀 App listening on the port 3000
2023-04-11 14:57:48 info: =================================
2023-04-11 14:58:52 info: [0mGET //users/sellers/plans/7e022127e3076b6dd30a3bbcbd828f84a5feddb7 [33m404[0m 4.207 ms - 200[0m
2023-04-11 14:58:57 info: [0mPOST //users/sellers/plans/7e022127e3076b6dd30a3bbcbd828f84a5feddb7 [33m404[0m 1.445 ms - 201[0m
2023-04-11 14:59:24 info: [0mPOST /users/sellers/plans/7e022127e3076b6dd30a3bbcbd828f84a5feddb7 [32m200[0m 9.117 ms - 2[0m
2023-04-11 14:59:55 info: =================================
2023-04-11 14:59:55 info: ======= ENV: development =======
2023-04-11 14:59:55 info: 🚀 App listening on the port 3000
2023-04-11 14:59:55 info: =================================
2023-04-11 14:59:59 info: =================================
2023-04-11 14:59:59 info: ======= ENV: development =======
2023-04-11 14:59:59 info: 🚀 App listening on the port 3000
2023-04-11 14:59:59 info: =================================
2023-04-11 15:00:02 info: =================================
2023-04-11 15:00:02 info: ======= ENV: development =======
2023-04-11 15:00:02 info: 🚀 App listening on the port 3000
2023-04-11 15:00:02 info: =================================
2023-04-11 15:00:11 info: =================================
2023-04-11 15:00:11 info: ======= ENV: development =======
2023-04-11 15:00:11 info: 🚀 App listening on the port 3000
2023-04-11 15:00:11 info: =================================
2023-04-11 15:00:14 info: =================================
2023-04-11 15:00:14 info: ======= ENV: development =======
2023-04-11 15:00:14 info: 🚀 App listening on the port 3000
2023-04-11 15:00:14 info: =================================
2023-04-11 15:00:16 info: [0mPOST /users/sellers/plans/7e022127e3076b6dd30a3bbcbd828f84a5feddb7 [32m200[0m 11.708 ms - 2[0m
2023-04-11 15:01:33 info: =================================
2023-04-11 15:01:33 info: ======= ENV: development =======
2023-04-11 15:01:33 info: 🚀 App listening on the port 3000
2023-04-11 15:01:33 info: =================================
2023-04-11 15:02:26 info: =================================
2023-04-11 15:02:26 info: ======= ENV: development =======
2023-04-11 15:02:26 info: 🚀 App listening on the port 3000
2023-04-11 15:02:26 info: =================================
2023-04-11 15:02:53 info: =================================
2023-04-11 15:02:53 info: ======= ENV: development =======
2023-04-11 15:02:53 info: 🚀 App listening on the port 3000
2023-04-11 15:02:53 info: =================================
2023-04-11 15:03:00 info: =================================
2023-04-11 15:03:00 info: ======= ENV: development =======
2023-04-11 15:03:00 info: 🚀 App listening on the port 3000
2023-04-11 15:03:00 info: =================================
2023-04-11 15:04:10 info: =================================
2023-04-11 15:04:10 info: ======= ENV: development =======
2023-04-11 15:04:10 info: 🚀 App listening on the port 3000
2023-04-11 15:04:10 info: =================================
2023-04-11 15:04:33 info: =================================
2023-04-11 15:04:33 info: ======= ENV: development =======
2023-04-11 15:04:33 info: 🚀 App listening on the port 3000
2023-04-11 15:04:33 info: =================================
2023-04-11 17:30:25 info: [0mPOST /users/sellers/plans/7e022127e3076b6dd30a3bbcbd828f84a5feddb7 [32m200[0m 145.098 ms - 2[0m
2023-04-11 17:30:52 info: =================================
2023-04-11 17:30:52 info: ======= ENV: development =======
2023-04-11 17:30:52 info: 🚀 App listening on the port 3000
2023-04-11 17:30:52 info: =================================
2023-04-11 17:30:56 info: =================================
2023-04-11 17:30:56 info: ======= ENV: development =======
2023-04-11 17:30:56 info: 🚀 App listening on the port 3000
2023-04-11 17:30:56 info: =================================
2023-04-11 17:30:59 info: =================================
2023-04-11 17:30:59 info: ======= ENV: development =======
2023-04-11 17:30:59 info: 🚀 App listening on the port 3000
2023-04-11 17:30:59 info: =================================
2023-04-11 17:31:01 info: [0mPOST /users/sellers/plans/7e022127e3076b6dd30a3bbcbd828f84a5feddb7 [32m200[0m 23.029 ms - 2[0m
2023-04-11 17:31:59 info: =================================
2023-04-11 17:31:59 info: ======= ENV: development =======
2023-04-11 17:31:59 info: 🚀 App listening on the port 3000
2023-04-11 17:31:59 info: =================================
2023-04-11 17:32:04 info: [0mPOST /users/sellers/plans/7e022127e3076b6dd30a3bbcbd828f84a5feddb7 [32m200[0m 1383.921 ms - 40[0m
2023-04-11 17:32:34 info: =================================
2023-04-11 17:32:34 info: ======= ENV: development =======
2023-04-11 17:32:34 info: 🚀 App listening on the port 3000
2023-04-11 17:32:34 info: =================================
2023-04-11 17:32:41 info: =================================
2023-04-11 17:32:41 info: ======= ENV: development =======
2023-04-11 17:32:41 info: 🚀 App listening on the port 3000
2023-04-11 17:32:41 info: =================================
2023-04-11 17:32:46 info: [0mPOST /users/sellers/plans/7e022127e3076b6dd30a3bbcbd828f84a5feddb7 [32m200[0m 517.609 ms - 40[0m
2023-04-11 17:33:11 info: =================================
2023-04-11 17:33:11 info: ======= ENV: development =======
2023-04-11 17:33:11 info: 🚀 App listening on the port 3000
2023-04-11 17:33:11 info: =================================
2023-04-11 17:33:13 info: [0mPOST /users/sellers/plans/7e022127e3076b6dd30a3bbcbd828f84a5feddb7 [32m200[0m 670.854 ms - -[0m
2023-04-11 17:34:58 info: =================================
2023-04-11 17:34:58 info: ======= ENV: development =======
2023-04-11 17:34:58 info: 🚀 App listening on the port 3000
2023-04-11 17:34:58 info: =================================
2023-04-11 17:35:26 info: =================================
2023-04-11 17:35:26 info: ======= ENV: development =======
2023-04-11 17:35:26 info: 🚀 App listening on the port 3000
2023-04-11 17:35:26 info: =================================
2023-04-11 17:37:43 info: =================================
2023-04-11 17:37:43 info: ======= ENV: development =======
2023-04-11 17:37:43 info: 🚀 App listening on the port 3000
2023-04-11 17:37:43 info: =================================
2023-04-11 17:37:47 info: =================================
2023-04-11 17:37:47 info: ======= ENV: development =======
2023-04-11 17:37:47 info: 🚀 App listening on the port 3000
2023-04-11 17:37:47 info: =================================
2023-04-11 17:37:56 info: =================================
2023-04-11 17:37:56 info: ======= ENV: development =======
2023-04-11 17:37:56 info: 🚀 App listening on the port 3000
2023-04-11 17:37:56 info: =================================
2023-04-11 17:38:51 info: =================================
2023-04-11 17:38:51 info: ======= ENV: development =======
2023-04-11 17:38:51 info: 🚀 App listening on the port 3000
2023-04-11 17:38:51 info: =================================
2023-04-11 17:39:06 info: =================================
2023-04-11 17:39:06 info: ======= ENV: development =======
2023-04-11 17:39:06 info: 🚀 App listening on the port 3000
2023-04-11 17:39:06 info: =================================
2023-04-11 17:39:16 info: =================================
2023-04-11 17:39:16 info: ======= ENV: development =======
2023-04-11 17:39:16 info: 🚀 App listening on the port 3000
2023-04-11 17:39:16 info: =================================
2023-04-11 17:39:19 info: =================================
2023-04-11 17:39:19 info: ======= ENV: development =======
2023-04-11 17:39:19 info: 🚀 App listening on the port 3000
2023-04-11 17:39:19 info: =================================
2023-04-11 17:39:21 info: [0mPOST /users/sellers/plans/7e022127e3076b6dd30a3bbcbd828f84a5feddb7 [32m200[0m 570.438 ms - 36[0m
2023-04-11 17:40:02 info: =================================
2023-04-11 17:40:02 info: ======= ENV: development =======
2023-04-11 17:40:02 info: 🚀 App listening on the port 3000
2023-04-11 17:40:02 info: =================================
2023-04-11 17:40:07 info: =================================
2023-04-11 17:40:07 info: ======= ENV: development =======
2023-04-11 17:40:07 info: 🚀 App listening on the port 3000
2023-04-11 17:40:07 info: =================================
2023-04-11 17:40:16 info: =================================
2023-04-11 17:40:16 info: ======= ENV: development =======
2023-04-11 17:40:16 info: 🚀 App listening on the port 3000
2023-04-11 17:40:16 info: =================================
2023-04-11 17:40:22 info: =================================
2023-04-11 17:40:22 info: ======= ENV: development =======
2023-04-11 17:40:22 info: 🚀 App listening on the port 3000
2023-04-11 17:40:22 info: =================================
2023-04-11 17:40:25 info: =================================
2023-04-11 17:40:25 info: ======= ENV: development =======
2023-04-11 17:40:25 info: 🚀 App listening on the port 3000
2023-04-11 17:40:25 info: =================================
2023-04-11 17:40:30 info: =================================
2023-04-11 17:40:30 info: ======= ENV: development =======
2023-04-11 17:40:30 info: 🚀 App listening on the port 3000
2023-04-11 17:40:30 info: =================================
2023-04-11 17:40:34 info: =================================
2023-04-11 17:40:34 info: ======= ENV: development =======
2023-04-11 17:40:34 info: 🚀 App listening on the port 3000
2023-04-11 17:40:34 info: =================================
2023-04-11 17:40:38 info: [0mPOST /users/sellers/plans/7e022127e3076b6dd30a3bbcbd828f84a5feddb7 [32m200[0m 535.432 ms - 36[0m
2023-04-11 17:41:17 info: [0mPOST /users/sellers/plans/cus_Nes05P2erB7zKg [32m200[0m 407.162 ms - 36[0m
