2023-09-07 14:20:23 info: =================================
2023-09-07 14:20:23 info: ======= ENV: development =======
2023-09-07 14:20:23 info: 🚀 App listening on the port 4000
2023-09-07 14:20:23 info: =================================
2023-09-07 14:22:05 info: [0mPOST /signup [32m201[0m 1059.997 ms - 53[0m
2023-09-07 14:22:14 info: [0mPOST /signup [32m201[0m 955.444 ms - -[0m
2023-09-07 16:24:22 info: [0mPOST /signup [32m201[0m 1035.541 ms - -[0m
2023-09-07 16:25:51 info: =================================
2023-09-07 16:25:51 info: ======= ENV: development =======
2023-09-07 16:25:51 info: 🚀 App listening on the port 4000
2023-09-07 16:25:51 info: =================================
2023-09-07 16:25:55 info: [0mPOST /signup [32m201[0m 998.963 ms - -[0m
2023-09-07 16:39:49 info: [0mPOST /users/subscribe/cus_OaYPAnng0SBJP8 [32m200[0m 538.821 ms - 41[0m
2023-09-07 16:42:48 info: [0mPOST /users/subscribe/cus_OaYPAnng0SBJP8 [32m200[0m 445.753 ms - 41[0m
2023-09-07 16:43:04 info: [0mPOST /users/subscribe/cus_OaYPAnng0SBJP8 [32m200[0m 397.783 ms - 41[0m
2023-09-07 16:43:38 info: [0mPOST /users/subscribe/cus_OaYPAnng0SBJP8 [32m200[0m 846.326 ms - 2[0m
2023-09-07 16:44:53 info: =================================
2023-09-07 16:44:53 info: ======= ENV: development =======
2023-09-07 16:44:53 info: 🚀 App listening on the port 4000
2023-09-07 16:44:53 info: =================================
2023-09-07 16:45:16 info: [0mPOST /signup [32m201[0m 1004.702 ms - -[0m
2023-09-07 16:48:52 info: =================================
2023-09-07 16:48:52 info: ======= ENV: development =======
2023-09-07 16:48:52 info: 🚀 App listening on the port 4000
2023-09-07 16:48:52 info: =================================
2023-09-07 16:48:57 info: =================================
2023-09-07 16:48:57 info: ======= ENV: development =======
2023-09-07 16:48:57 info: 🚀 App listening on the port 4000
2023-09-07 16:48:57 info: =================================
2023-09-07 16:50:18 info: [0mPOST /signup [32m201[0m 3215.059 ms - 300[0m
2023-09-07 16:51:31 info: =================================
2023-09-07 16:51:31 info: ======= ENV: development =======
2023-09-07 16:51:31 info: 🚀 App listening on the port 4000
2023-09-07 16:51:31 info: =================================
2023-09-07 17:03:25 info: =================================
2023-09-07 17:03:25 info: ======= ENV: development =======
2023-09-07 17:03:25 info: 🚀 App listening on the port 4000
2023-09-07 17:03:25 info: =================================
2023-09-07 17:03:33 info: =================================
2023-09-07 17:03:33 info: ======= ENV: development =======
2023-09-07 17:03:33 info: 🚀 App listening on the port 4000
2023-09-07 17:03:33 info: =================================
2023-09-07 17:03:44 info: =================================
2023-09-07 17:03:44 info: ======= ENV: development =======
2023-09-07 17:03:44 info: 🚀 App listening on the port 4000
2023-09-07 17:03:44 info: =================================
2023-09-07 17:03:51 info: =================================
2023-09-07 17:03:51 info: ======= ENV: development =======
2023-09-07 17:03:51 info: 🚀 App listening on the port 4000
2023-09-07 17:03:51 info: =================================
2023-09-07 17:04:14 info: =================================
2023-09-07 17:04:14 info: ======= ENV: development =======
2023-09-07 17:04:14 info: 🚀 App listening on the port 4000
2023-09-07 17:04:14 info: =================================
2023-09-07 17:04:27 info: =================================
2023-09-07 17:04:27 info: ======= ENV: development =======
2023-09-07 17:04:27 info: 🚀 App listening on the port 4000
2023-09-07 17:04:27 info: =================================
2023-09-07 17:04:32 info: =================================
2023-09-07 17:04:32 info: ======= ENV: development =======
2023-09-07 17:04:32 info: 🚀 App listening on the port 4000
2023-09-07 17:04:32 info: =================================
2023-09-07 17:04:38 info: =================================
2023-09-07 17:04:38 info: ======= ENV: development =======
2023-09-07 17:04:38 info: 🚀 App listening on the port 4000
2023-09-07 17:04:38 info: =================================
2023-09-07 17:05:45 info: =================================
2023-09-07 17:05:45 info: ======= ENV: development =======
2023-09-07 17:05:45 info: 🚀 App listening on the port 4000
2023-09-07 17:05:45 info: =================================
2023-09-07 17:05:53 info: =================================
2023-09-07 17:05:53 info: ======= ENV: development =======
2023-09-07 17:05:53 info: 🚀 App listening on the port 4000
2023-09-07 17:05:53 info: =================================
2023-09-07 17:06:09 info: =================================
2023-09-07 17:06:09 info: ======= ENV: development =======
2023-09-07 17:06:09 info: 🚀 App listening on the port 4000
2023-09-07 17:06:09 info: =================================
2023-09-07 17:06:23 info: =================================
2023-09-07 17:06:23 info: ======= ENV: development =======
2023-09-07 17:06:23 info: 🚀 App listening on the port 4000
2023-09-07 17:06:23 info: =================================
2023-09-07 17:06:29 info: =================================
2023-09-07 17:06:29 info: ======= ENV: development =======
2023-09-07 17:06:29 info: 🚀 App listening on the port 4000
2023-09-07 17:06:29 info: =================================
2023-09-07 17:06:37 info: =================================
2023-09-07 17:06:37 info: ======= ENV: development =======
2023-09-07 17:06:37 info: 🚀 App listening on the port 4000
2023-09-07 17:06:37 info: =================================
2023-09-07 17:06:57 info: [0mPOST /users/buy/cus_NkTxUHTr9TbISa [32m200[0m 2286.927 ms - -[0m
2023-09-07 17:09:55 info: [0mPOST /users/buy/cus_NkTxUHTr9TbISa [32m200[0m 1997.309 ms - -[0m
2023-09-07 17:16:53 info: [0mPOST /albums/acct_1NnjX9HIEYGDjkTS [32m201[0m 1651.029 ms - 296[0m
2023-09-07 17:17:06 info: [0mPOST /users/buy/cus_NkTxUHTr9TbISa [32m200[0m 1801.038 ms - -[0m
2023-09-07 17:18:28 info: =================================
2023-09-07 17:18:28 info: ======= ENV: development =======
2023-09-07 17:18:28 info: 🚀 App listening on the port 4000
2023-09-07 17:18:28 info: =================================
2023-09-07 17:18:31 info: =================================
2023-09-07 17:18:31 info: ======= ENV: development =======
2023-09-07 17:18:31 info: 🚀 App listening on the port 4000
2023-09-07 17:18:31 info: =================================
2023-09-07 17:18:34 info: =================================
2023-09-07 17:18:34 info: ======= ENV: development =======
2023-09-07 17:18:34 info: 🚀 App listening on the port 4000
2023-09-07 17:18:34 info: =================================
2023-09-07 17:18:37 info: =================================
2023-09-07 17:18:37 info: ======= ENV: development =======
2023-09-07 17:18:37 info: 🚀 App listening on the port 4000
2023-09-07 17:18:37 info: =================================
2023-09-07 17:18:41 info: =================================
2023-09-07 17:18:41 info: ======= ENV: development =======
2023-09-07 17:18:41 info: 🚀 App listening on the port 4000
2023-09-07 17:18:41 info: =================================
2023-09-07 17:18:46 info: =================================
2023-09-07 17:18:46 info: ======= ENV: development =======
2023-09-07 17:18:46 info: 🚀 App listening on the port 4000
2023-09-07 17:18:46 info: =================================
2023-09-07 17:19:11 info: =================================
2023-09-07 17:19:11 info: ======= ENV: development =======
2023-09-07 17:19:11 info: 🚀 App listening on the port 4000
2023-09-07 17:19:11 info: =================================
2023-09-07 17:19:44 info: =================================
2023-09-07 17:19:44 info: ======= ENV: development =======
2023-09-07 17:19:44 info: 🚀 App listening on the port 4000
2023-09-07 17:19:44 info: =================================
2023-09-07 17:19:57 info: =================================
2023-09-07 17:19:57 info: ======= ENV: development =======
2023-09-07 17:19:57 info: 🚀 App listening on the port 4000
2023-09-07 17:19:57 info: =================================
2023-09-07 17:20:12 info: =================================
2023-09-07 17:20:12 info: ======= ENV: development =======
2023-09-07 17:20:12 info: 🚀 App listening on the port 4000
2023-09-07 17:20:12 info: =================================
2023-09-07 17:20:14 info: =================================
2023-09-07 17:20:14 info: ======= ENV: development =======
2023-09-07 17:20:14 info: 🚀 App listening on the port 4000
2023-09-07 17:20:14 info: =================================
2023-09-07 17:22:18 info: =================================
2023-09-07 17:22:18 info: ======= ENV: development =======
2023-09-07 17:22:18 info: 🚀 App listening on the port 4000
2023-09-07 17:22:18 info: =================================
2023-09-07 17:22:47 info: =================================
2023-09-07 17:22:47 info: ======= ENV: development =======
2023-09-07 17:22:47 info: 🚀 App listening on the port 4000
2023-09-07 17:22:47 info: =================================
2023-09-07 17:23:07 info: =================================
2023-09-07 17:23:07 info: ======= ENV: development =======
2023-09-07 17:23:07 info: 🚀 App listening on the port 4000
2023-09-07 17:23:07 info: =================================
2023-09-07 17:23:13 info: =================================
2023-09-07 17:23:13 info: ======= ENV: development =======
2023-09-07 17:23:13 info: 🚀 App listening on the port 4000
2023-09-07 17:23:13 info: =================================
2023-09-07 17:23:51 info: =================================
2023-09-07 17:23:51 info: ======= ENV: development =======
2023-09-07 17:23:51 info: 🚀 App listening on the port 4000
2023-09-07 17:23:51 info: =================================
2023-09-07 17:24:28 info: =================================
2023-09-07 17:24:28 info: ======= ENV: development =======
2023-09-07 17:24:28 info: 🚀 App listening on the port 4000
2023-09-07 17:24:28 info: =================================
2023-09-07 17:24:32 info: =================================
2023-09-07 17:24:32 info: ======= ENV: development =======
2023-09-07 17:24:32 info: 🚀 App listening on the port 4000
2023-09-07 17:24:32 info: =================================
2023-09-07 17:26:35 info: =================================
2023-09-07 17:26:35 info: ======= ENV: development =======
2023-09-07 17:26:35 info: 🚀 App listening on the port 4000
2023-09-07 17:26:35 info: =================================
2023-09-07 17:26:39 info: =================================
2023-09-07 17:26:39 info: ======= ENV: development =======
2023-09-07 17:26:39 info: 🚀 App listening on the port 4000
2023-09-07 17:26:39 info: =================================
2023-09-07 17:26:48 info: =================================
2023-09-07 17:26:48 info: ======= ENV: development =======
2023-09-07 17:26:48 info: 🚀 App listening on the port 4000
2023-09-07 17:26:48 info: =================================
2023-09-07 17:26:53 info: =================================
2023-09-07 17:26:53 info: ======= ENV: development =======
2023-09-07 17:26:53 info: 🚀 App listening on the port 4000
2023-09-07 17:26:53 info: =================================
2023-09-07 17:26:58 info: =================================
2023-09-07 17:26:58 info: ======= ENV: development =======
2023-09-07 17:26:58 info: 🚀 App listening on the port 4000
2023-09-07 17:26:58 info: =================================
2023-09-07 17:27:24 info: =================================
2023-09-07 17:27:24 info: ======= ENV: development =======
2023-09-07 17:27:24 info: 🚀 App listening on the port 4000
2023-09-07 17:27:24 info: =================================
2023-09-07 17:27:39 info: [0mPOST /signup [32m201[0m 1000.076 ms - -[0m
2023-09-07 17:28:00 info: =================================
2023-09-07 17:28:00 info: ======= ENV: development =======
2023-09-07 17:28:00 info: 🚀 App listening on the port 4000
2023-09-07 17:28:00 info: =================================
2023-09-07 17:28:16 info: =================================
2023-09-07 17:28:16 info: ======= ENV: development =======
2023-09-07 17:28:16 info: 🚀 App listening on the port 4000
2023-09-07 17:28:16 info: =================================
