2023-07-04 11:59:29 info: =================================
2023-07-04 11:59:29 info: ======= ENV: development =======
2023-07-04 11:59:29 info: 🚀 App listening on the port 4000
2023-07-04 11:59:29 info: =================================
2023-07-04 12:13:39 info: [0mPOST /signup [32m201[0m 1637.220 ms - 233[0m
2023-07-04 12:16:05 info: [0mPOST /signup [32m201[0m 1079.579 ms - 230[0m
2023-07-04 12:23:59 info: [0mPOST /signup [32m201[0m 1314.902 ms - 232[0m
2023-07-04 12:26:26 info: [0mPOST /signup [32m201[0m 1159.386 ms - 233[0m
2023-07-04 12:26:41 info: [0mPOST /signup [32m201[0m 352.506 ms - 72[0m
2023-07-04 12:26:53 info: [0mPOST /signup [32m201[0m 948.312 ms - 232[0m
2023-07-04 12:27:55 info: [0mPOST /signup [32m201[0m 935.962 ms - 234[0m
2023-07-04 12:28:20 info: =================================
2023-07-04 12:28:20 info: ======= ENV: development =======
2023-07-04 12:28:20 info: 🚀 App listening on the port 4000
2023-07-04 12:28:20 info: =================================
2023-07-04 12:28:30 info: [0mPOST /signup [32m201[0m 1359.393 ms - 235[0m
2023-07-04 12:28:45 info: =================================
2023-07-04 12:28:45 info: ======= ENV: development =======
2023-07-04 12:28:45 info: 🚀 App listening on the port 4000
2023-07-04 12:28:45 info: =================================
2023-07-04 12:28:48 info: [0mPOST /signup [32m201[0m 400.649 ms - 74[0m
2023-07-04 12:28:58 info: [0mPOST /signup [32m201[0m 1330.102 ms - 232[0m
2023-07-04 12:30:36 info: [0mPOST /users/upload/avatar/cus_O8Rz6pavkTg6Xd [0m-[0m - ms - -[0m
2023-07-04 12:32:08 info: [0mPOST /signup [32m201[0m 1155.301 ms - 232[0m
2023-07-04 12:34:22 info: [0mPOST /users/upload/avatar/cus_O8Rz6pavkTg6Xd [0m-[0m - ms - -[0m
2023-07-04 12:39:00 info: =================================
2023-07-04 12:39:00 info: ======= ENV: development =======
2023-07-04 12:39:00 info: 🚀 App listening on the port 4000
2023-07-04 12:39:00 info: =================================
2023-07-04 12:41:10 info: [0mPOST /users/upload/avatar/cus_O8Rz6pavkTg6Xd [0m-[0m - ms - -[0m
2023-07-04 12:58:13 info: [0mPOST /users/upload/avatar/cus_OCVUizO7UxAkeU [0m-[0m - ms - -[0m
2023-07-04 13:27:33 info: [0mPOST /signup [32m201[0m 1507.775 ms - 231[0m
2023-07-04 13:28:29 info: [0mPOST /signup [32m201[0m 426.063 ms - 70[0m
2023-07-04 13:28:39 info: [0mPOST /signup [32m201[0m 950.578 ms - 232[0m
2023-07-04 13:29:26 info: =================================
2023-07-04 13:29:26 info: ======= ENV: development =======
2023-07-04 13:29:26 info: 🚀 App listening on the port 4000
2023-07-04 13:29:26 info: =================================
2023-07-04 13:29:41 info: [0mPOST /signup [32m201[0m 1279.421 ms - 234[0m
2023-07-04 13:32:02 info: [0mPOST /signup [32m201[0m 1131.120 ms - 231[0m
2023-07-04 13:36:31 info: [0mPOST /users/upload/avatar/cus_OCWRQTdWM9O31M [0m-[0m - ms - -[0m
2023-07-04 13:36:31 info: [0mPOST /users/upload/avatar/cus_OCWVFPnWwbFflA [0m-[0m - ms - -[0m
2023-07-04 13:36:31 info: [0mPOST /users/upload/avatar/cus_OCWSzUoiLnfKIa [0m-[0m - ms - -[0m
2023-07-04 13:36:31 info: [0mPOST /users/upload/avatar/cus_OCWTH9wfs7qtEw [0m-[0m - ms - -[0m
2023-07-04 13:55:01 info: [0mPOST /signup [32m201[0m 1221.628 ms - 233[0m
2023-07-04 13:59:13 info: [0mPOST /signup [32m201[0m 1290.277 ms - 231[0m
2023-07-04 14:00:45 info: =================================
2023-07-04 14:00:45 info: ======= ENV: development =======
2023-07-04 14:00:45 info: 🚀 App listening on the port 4000
2023-07-04 14:00:45 info: =================================
2023-07-04 14:01:29 info: [0mPOST /signup [32m201[0m 1362.463 ms - 231[0m
2023-07-04 14:01:44 info: =================================
2023-07-04 14:01:44 info: ======= ENV: development =======
2023-07-04 14:01:44 info: 🚀 App listening on the port 4000
2023-07-04 14:01:44 info: =================================
2023-07-04 14:07:57 info: [0mPOST /users/upload/avatar/cus_O8Rz6pavkTg6Xd [0m-[0m - ms - -[0m
