2023-12-01 12:11:05 info: [0mPOST /login [32m200[0m 1612.015 ms - 572[0m
2023-12-01 12:11:08 info: [0mGET /albums/categories [32m201[0m 801.618 ms - 114[0m
2023-12-01 12:11:08 info: [0mGET /albums [32m201[0m 1438.655 ms - -[0m
2023-12-01 12:11:09 info: [0mGET /albums/popular [32m201[0m 1710.699 ms - -[0m
2023-12-01 12:16:48 info: [0mGET /users/plans/e1d640e916c8628de70bf8ec0bd97461577cc85a [32m200[0m 828.771 ms - 223[0m
2023-12-01 12:26:15 info: [0mGET /users/plans/e1d640e916c8628de70bf8ec0bd97461577cc85a [32m200[0m 847.379 ms - 223[0m
2023-12-01 12:26:25 info: [0mGET /users/plans/e1d640e916c8628de70bf8ec0bd97461577cc85a [32m200[0m 787.145 ms - 223[0m
2023-12-01 12:28:36 info: [0mPOST /login [32m200[0m 1211.684 ms - 573[0m
2023-12-01 12:28:38 info: [0mGET /albums/categories [32m201[0m 812.411 ms - 114[0m
2023-12-01 12:28:39 info: [0mGET /albums [32m201[0m 1542.814 ms - -[0m
2023-12-01 12:28:39 info: [0mGET /albums/popular [32m201[0m 1552.166 ms - -[0m
2023-12-01 12:29:02 info: [0mGET /users/plans/e1d640e916c8628de70bf8ec0bd97461577cc85a [32m200[0m 795.326 ms - 223[0m
2023-12-01 12:29:22 info: [0mGET /notifications/e1d640e916c8628de70bf8ec0bd97461577cc85a [32m201[0m 1111.704 ms - 379[0m
2023-12-01 12:29:24 info: [0mGET /users/plans/e1d640e916c8628de70bf8ec0bd97461577cc85a [32m200[0m 757.425 ms - 223[0m
2023-12-01 12:30:51 info: [0mGET /users/plans/e1d640e916c8628de70bf8ec0bd97461577cc85a [32m200[0m 898.791 ms - 223[0m
2023-12-01 12:30:53 info: [0mGET /users/plans/e1d640e916c8628de70bf8ec0bd97461577cc85a [32m200[0m 799.133 ms - 223[0m
2023-12-01 12:40:47 info: [0mGET /users/plans/e1d640e916c8628de70bf8ec0bd97461577cc85a [32m200[0m 864.790 ms - 223[0m
2023-12-01 12:43:19 info: [0mPOST /login [32m200[0m 1161.090 ms - 573[0m
2023-12-01 12:43:21 info: [0mGET /albums/categories [32m201[0m 862.254 ms - 114[0m
2023-12-01 12:43:22 info: [0mGET /albums [32m201[0m 1626.062 ms - -[0m
2023-12-01 12:43:22 info: [0mGET /albums/popular [32m201[0m 1837.006 ms - -[0m
2023-12-01 12:43:39 info: [0mGET /users/plans/e1d640e916c8628de70bf8ec0bd97461577cc85a [32m200[0m 897.745 ms - 223[0m
