2023-03-15 09:27:15 info: =================================
2023-03-15 09:27:15 info: ======= ENV: development =======
2023-03-15 09:27:15 info: 🚀 App listening on the port 3000
2023-03-15 09:27:15 info: =================================
2023-03-15 09:27:18 info: [0mPOST /signup [32m201[0m 680.724 ms - 63[0m
2023-03-15 09:29:36 info: =================================
2023-03-15 09:29:36 info: ======= ENV: development =======
2023-03-15 09:29:36 info: 🚀 App listening on the port 3000
2023-03-15 09:29:36 info: =================================
2023-03-15 09:29:39 info: =================================
2023-03-15 09:29:39 info: ======= ENV: development =======
2023-03-15 09:29:39 info: 🚀 App listening on the port 3000
2023-03-15 09:29:39 info: =================================
2023-03-15 09:29:43 info: =================================
2023-03-15 09:29:43 info: ======= ENV: development =======
2023-03-15 09:29:43 info: 🚀 App listening on the port 3000
2023-03-15 09:29:43 info: =================================
2023-03-15 09:29:44 info: [0mPOST /signup [32m201[0m 417.510 ms - 63[0m
2023-03-15 09:29:53 info: =================================
2023-03-15 09:29:53 info: ======= ENV: development =======
2023-03-15 09:29:53 info: 🚀 App listening on the port 3000
2023-03-15 09:29:53 info: =================================
2023-03-15 09:31:03 info: [0mPOST /signup [32m201[0m 450.518 ms - 63[0m
2023-03-15 09:31:24 info: [0mPOST /signup [32m201[0m 370.211 ms - 63[0m
2023-03-15 09:32:51 info: =================================
2023-03-15 09:32:51 info: ======= ENV: development =======
2023-03-15 09:32:51 info: 🚀 App listening on the port 3000
2023-03-15 09:32:51 info: =================================
2023-03-15 09:32:53 info: [0mPOST /signup [32m201[0m 456.823 ms - 63[0m
2023-03-15 09:32:59 info: =================================
2023-03-15 09:32:59 info: ======= ENV: development =======
2023-03-15 09:32:59 info: 🚀 App listening on the port 3000
2023-03-15 09:32:59 info: =================================
2023-03-15 09:33:05 info: =================================
2023-03-15 09:33:05 info: ======= ENV: development =======
2023-03-15 09:33:05 info: 🚀 App listening on the port 3000
2023-03-15 09:33:05 info: =================================
2023-03-15 09:33:06 info: [0mPOST /signup [32m201[0m 447.486 ms - 63[0m
2023-03-15 09:33:17 info: =================================
2023-03-15 09:33:17 info: ======= ENV: development =======
2023-03-15 09:33:17 info: 🚀 App listening on the port 3000
2023-03-15 09:33:17 info: =================================
2023-03-15 09:33:20 info: [0mPOST /signup [32m201[0m 425.020 ms - 63[0m
2023-03-15 09:34:51 info: [0mPOST /signup [32m201[0m 393.984 ms - 63[0m
2023-03-15 09:36:57 info: =================================
2023-03-15 09:36:57 info: ======= ENV: development =======
2023-03-15 09:36:57 info: 🚀 App listening on the port 3000
2023-03-15 09:36:57 info: =================================
2023-03-15 09:37:02 info: =================================
2023-03-15 09:37:02 info: ======= ENV: development =======
2023-03-15 09:37:02 info: 🚀 App listening on the port 3000
2023-03-15 09:37:02 info: =================================
2023-03-15 09:37:12 info: =================================
2023-03-15 09:37:12 info: ======= ENV: development =======
2023-03-15 09:37:12 info: 🚀 App listening on the port 3000
2023-03-15 09:37:12 info: =================================
2023-03-15 09:37:14 info: =================================
2023-03-15 09:37:14 info: ======= ENV: development =======
2023-03-15 09:37:14 info: 🚀 App listening on the port 3000
2023-03-15 09:37:14 info: =================================
2023-03-15 09:37:20 info: =================================
2023-03-15 09:37:20 info: ======= ENV: development =======
2023-03-15 09:37:20 info: 🚀 App listening on the port 3000
2023-03-15 09:37:20 info: =================================
2023-03-15 09:37:27 info: =================================
2023-03-15 09:37:27 info: ======= ENV: development =======
2023-03-15 09:37:27 info: 🚀 App listening on the port 3000
2023-03-15 09:37:27 info: =================================
2023-03-15 09:37:39 info: =================================
2023-03-15 09:37:39 info: ======= ENV: development =======
2023-03-15 09:37:39 info: 🚀 App listening on the port 3000
2023-03-15 09:37:39 info: =================================
2023-03-15 09:37:46 info: =================================
2023-03-15 09:37:46 info: ======= ENV: development =======
2023-03-15 09:37:46 info: 🚀 App listening on the port 3000
2023-03-15 09:37:46 info: =================================
2023-03-15 09:37:55 info: =================================
2023-03-15 09:37:55 info: ======= ENV: development =======
2023-03-15 09:37:55 info: 🚀 App listening on the port 3000
2023-03-15 09:37:55 info: =================================
2023-03-15 09:38:29 info: =================================
2023-03-15 09:38:29 info: ======= ENV: development =======
2023-03-15 09:38:29 info: 🚀 App listening on the port 3000
2023-03-15 09:38:29 info: =================================
2023-03-15 09:38:36 info: =================================
2023-03-15 09:38:36 info: ======= ENV: development =======
2023-03-15 09:38:36 info: 🚀 App listening on the port 3000
2023-03-15 09:38:36 info: =================================
2023-03-15 09:38:43 info: =================================
2023-03-15 09:38:43 info: ======= ENV: development =======
2023-03-15 09:38:43 info: 🚀 App listening on the port 3000
2023-03-15 09:38:43 info: =================================
2023-03-15 09:38:53 info: =================================
2023-03-15 09:38:53 info: ======= ENV: development =======
2023-03-15 09:38:53 info: 🚀 App listening on the port 3000
2023-03-15 09:38:53 info: =================================
2023-03-15 09:39:15 info: =================================
2023-03-15 09:39:15 info: ======= ENV: development =======
2023-03-15 09:39:15 info: 🚀 App listening on the port 3000
2023-03-15 09:39:15 info: =================================
2023-03-15 09:39:17 info: =================================
2023-03-15 09:39:17 info: ======= ENV: development =======
2023-03-15 09:39:17 info: 🚀 App listening on the port 3000
2023-03-15 09:39:17 info: =================================
2023-03-15 09:39:26 info: =================================
2023-03-15 09:39:26 info: ======= ENV: development =======
2023-03-15 09:39:26 info: 🚀 App listening on the port 3000
2023-03-15 09:39:26 info: =================================
2023-03-15 09:39:29 info: =================================
2023-03-15 09:39:29 info: ======= ENV: development =======
2023-03-15 09:39:29 info: 🚀 App listening on the port 3000
2023-03-15 09:39:29 info: =================================
2023-03-15 09:39:31 info: =================================
2023-03-15 09:39:31 info: ======= ENV: development =======
2023-03-15 09:39:31 info: 🚀 App listening on the port 3000
2023-03-15 09:39:31 info: =================================
2023-03-15 09:39:42 info: =================================
2023-03-15 09:39:42 info: ======= ENV: development =======
2023-03-15 09:39:42 info: 🚀 App listening on the port 3000
2023-03-15 09:39:42 info: =================================
2023-03-15 09:39:50 info: =================================
2023-03-15 09:39:50 info: ======= ENV: development =======
2023-03-15 09:39:50 info: 🚀 App listening on the port 3000
2023-03-15 09:39:50 info: =================================
2023-03-15 09:39:55 info: =================================
2023-03-15 09:39:55 info: ======= ENV: development =======
2023-03-15 09:39:55 info: 🚀 App listening on the port 3000
2023-03-15 09:39:55 info: =================================
2023-03-15 09:40:03 info: =================================
2023-03-15 09:40:03 info: ======= ENV: development =======
2023-03-15 09:40:03 info: 🚀 App listening on the port 3000
2023-03-15 09:40:03 info: =================================
2023-03-15 09:40:10 info: =================================
2023-03-15 09:40:10 info: ======= ENV: development =======
2023-03-15 09:40:10 info: 🚀 App listening on the port 3000
2023-03-15 09:40:10 info: =================================
2023-03-15 09:40:15 info: =================================
2023-03-15 09:40:15 info: ======= ENV: development =======
2023-03-15 09:40:15 info: 🚀 App listening on the port 3000
2023-03-15 09:40:15 info: =================================
2023-03-15 09:40:42 info: =================================
2023-03-15 09:40:42 info: ======= ENV: development =======
2023-03-15 09:40:42 info: 🚀 App listening on the port 3000
2023-03-15 09:40:42 info: =================================
2023-03-15 09:40:56 info: =================================
2023-03-15 09:40:56 info: ======= ENV: development =======
2023-03-15 09:40:56 info: 🚀 App listening on the port 3000
2023-03-15 09:40:56 info: =================================
2023-03-15 09:41:16 info: =================================
2023-03-15 09:41:16 info: ======= ENV: development =======
2023-03-15 09:41:16 info: 🚀 App listening on the port 3000
2023-03-15 09:41:16 info: =================================
2023-03-15 09:41:23 info: =================================
2023-03-15 09:41:23 info: ======= ENV: development =======
2023-03-15 09:41:23 info: 🚀 App listening on the port 3000
2023-03-15 09:41:23 info: =================================
2023-03-15 09:41:27 info: =================================
2023-03-15 09:41:27 info: ======= ENV: development =======
2023-03-15 09:41:27 info: 🚀 App listening on the port 3000
2023-03-15 09:41:27 info: =================================
2023-03-15 09:41:39 info: =================================
2023-03-15 09:41:39 info: ======= ENV: development =======
2023-03-15 09:41:39 info: 🚀 App listening on the port 3000
2023-03-15 09:41:39 info: =================================
2023-03-15 09:42:05 info: =================================
2023-03-15 09:42:05 info: ======= ENV: development =======
2023-03-15 09:42:05 info: 🚀 App listening on the port 3000
2023-03-15 09:42:05 info: =================================
2023-03-15 09:42:19 info: =================================
2023-03-15 09:42:19 info: ======= ENV: development =======
2023-03-15 09:42:19 info: 🚀 App listening on the port 3000
2023-03-15 09:42:19 info: =================================
2023-03-15 09:42:23 info: [0mPOST /signup [32m201[0m 481.244 ms - 63[0m
2023-03-15 09:42:35 info: =================================
2023-03-15 09:42:35 info: ======= ENV: development =======
2023-03-15 09:42:35 info: 🚀 App listening on the port 3000
2023-03-15 09:42:35 info: =================================
2023-03-15 09:42:39 info: =================================
2023-03-15 09:42:39 info: ======= ENV: development =======
2023-03-15 09:42:39 info: 🚀 App listening on the port 3000
2023-03-15 09:42:39 info: =================================
2023-03-15 09:42:44 info: =================================
2023-03-15 09:42:44 info: ======= ENV: development =======
2023-03-15 09:42:44 info: 🚀 App listening on the port 3000
2023-03-15 09:42:44 info: =================================
2023-03-15 09:42:48 info: =================================
2023-03-15 09:42:48 info: ======= ENV: development =======
2023-03-15 09:42:48 info: 🚀 App listening on the port 3000
2023-03-15 09:42:48 info: =================================
2023-03-15 09:42:50 info: [0mPOST /signup [32m201[0m 440.299 ms - 63[0m
2023-03-15 09:43:09 info: =================================
2023-03-15 09:43:09 info: ======= ENV: development =======
2023-03-15 09:43:09 info: 🚀 App listening on the port 3000
2023-03-15 09:43:09 info: =================================
2023-03-15 09:43:13 info: [0mPOST /signup [32m201[0m 427.834 ms - 63[0m
2023-03-15 09:45:19 info: =================================
2023-03-15 09:45:19 info: ======= ENV: development =======
2023-03-15 09:45:19 info: 🚀 App listening on the port 3000
2023-03-15 09:45:19 info: =================================
2023-03-15 09:45:30 info: =================================
2023-03-15 09:45:30 info: ======= ENV: development =======
2023-03-15 09:45:30 info: 🚀 App listening on the port 3000
2023-03-15 09:45:30 info: =================================
2023-03-15 09:45:36 info: =================================
2023-03-15 09:45:36 info: ======= ENV: development =======
2023-03-15 09:45:36 info: 🚀 App listening on the port 3000
2023-03-15 09:45:36 info: =================================
2023-03-15 09:45:38 info: =================================
2023-03-15 09:45:38 info: ======= ENV: development =======
2023-03-15 09:45:38 info: 🚀 App listening on the port 3000
2023-03-15 09:45:38 info: =================================
2023-03-15 09:45:39 info: [0mPOST /signup [32m201[0m 428.808 ms - 63[0m
2023-03-15 09:45:54 info: =================================
2023-03-15 09:45:54 info: ======= ENV: development =======
2023-03-15 09:45:54 info: 🚀 App listening on the port 3000
2023-03-15 09:45:54 info: =================================
2023-03-15 09:46:01 info: [0mPOST /signup [32m201[0m 449.306 ms - 63[0m
2023-03-15 09:46:20 info: =================================
2023-03-15 09:46:20 info: ======= ENV: development =======
2023-03-15 09:46:20 info: 🚀 App listening on the port 3000
2023-03-15 09:46:20 info: =================================
2023-03-15 09:46:23 info: =================================
2023-03-15 09:46:23 info: ======= ENV: development =======
2023-03-15 09:46:23 info: 🚀 App listening on the port 3000
2023-03-15 09:46:23 info: =================================
2023-03-15 09:46:24 info: [0mPOST /signup [32m201[0m 434.404 ms - 63[0m
2023-03-15 09:46:59 info: =================================
2023-03-15 09:46:59 info: ======= ENV: development =======
2023-03-15 09:46:59 info: 🚀 App listening on the port 3000
2023-03-15 09:46:59 info: =================================
2023-03-15 09:47:04 info: =================================
2023-03-15 09:47:04 info: ======= ENV: development =======
2023-03-15 09:47:04 info: 🚀 App listening on the port 3000
2023-03-15 09:47:04 info: =================================
2023-03-15 09:47:08 info: =================================
2023-03-15 09:47:08 info: ======= ENV: development =======
2023-03-15 09:47:08 info: 🚀 App listening on the port 3000
2023-03-15 09:47:08 info: =================================
2023-03-15 09:47:09 info: [0mPOST /signup [32m201[0m 666.032 ms - 63[0m
2023-03-15 09:47:23 info: =================================
2023-03-15 09:47:23 info: ======= ENV: development =======
2023-03-15 09:47:23 info: 🚀 App listening on the port 3000
2023-03-15 09:47:23 info: =================================
2023-03-15 09:47:28 info: =================================
2023-03-15 09:47:28 info: ======= ENV: development =======
2023-03-15 09:47:28 info: 🚀 App listening on the port 3000
2023-03-15 09:47:28 info: =================================
2023-03-15 09:47:30 info: [0mPOST /signup [32m201[0m 449.484 ms - 63[0m
2023-03-15 09:48:00 info: =================================
2023-03-15 09:48:00 info: ======= ENV: development =======
2023-03-15 09:48:00 info: 🚀 App listening on the port 3000
2023-03-15 09:48:00 info: =================================
2023-03-15 09:48:04 info: [0mPOST /signup [32m201[0m 414.683 ms - 63[0m
2023-03-15 09:48:26 info: =================================
2023-03-15 09:48:26 info: ======= ENV: development =======
2023-03-15 09:48:26 info: 🚀 App listening on the port 3000
2023-03-15 09:48:26 info: =================================
2023-03-15 09:48:29 info: [0mPOST /signup [32m201[0m 440.540 ms - 63[0m
2023-03-15 09:49:01 info: =================================
2023-03-15 09:49:01 info: ======= ENV: development =======
2023-03-15 09:49:01 info: 🚀 App listening on the port 3000
2023-03-15 09:49:01 info: =================================
2023-03-15 09:49:02 info: [0mPOST /signup [32m201[0m 435.788 ms - 63[0m
2023-03-15 09:49:21 info: =================================
2023-03-15 09:49:21 info: ======= ENV: development =======
2023-03-15 09:49:21 info: 🚀 App listening on the port 3000
2023-03-15 09:49:21 info: =================================
2023-03-15 09:49:23 info: [0mPOST /signup [32m201[0m 430.051 ms - 63[0m
2023-03-15 09:49:32 info: =================================
2023-03-15 09:49:32 info: ======= ENV: development =======
2023-03-15 09:49:32 info: 🚀 App listening on the port 3000
2023-03-15 09:49:32 info: =================================
2023-03-15 09:49:33 info: [0mPOST /signup [32m201[0m 412.841 ms - 63[0m
2023-03-15 09:49:46 info: =================================
2023-03-15 09:49:46 info: ======= ENV: development =======
2023-03-15 09:49:46 info: 🚀 App listening on the port 3000
2023-03-15 09:49:46 info: =================================
2023-03-15 09:49:48 info: =================================
2023-03-15 09:49:48 info: ======= ENV: development =======
2023-03-15 09:49:48 info: 🚀 App listening on the port 3000
2023-03-15 09:49:48 info: =================================
2023-03-15 09:50:07 info: =================================
2023-03-15 09:50:07 info: ======= ENV: development =======
2023-03-15 09:50:07 info: 🚀 App listening on the port 3000
2023-03-15 09:50:07 info: =================================
2023-03-15 09:50:09 info: [0mPOST /signup [32m201[0m 413.484 ms - 63[0m
2023-03-15 09:50:33 info: =================================
2023-03-15 09:50:33 info: ======= ENV: development =======
2023-03-15 09:50:33 info: 🚀 App listening on the port 3000
2023-03-15 09:50:33 info: =================================
2023-03-15 09:50:35 info: [0mPOST /signup [32m201[0m 434.674 ms - 63[0m
2023-03-15 09:51:13 info: =================================
2023-03-15 09:51:13 info: ======= ENV: development =======
2023-03-15 09:51:13 info: 🚀 App listening on the port 3000
2023-03-15 09:51:13 info: =================================
2023-03-15 09:51:17 info: [0mPOST /signup [32m201[0m 420.469 ms - 63[0m
2023-03-15 09:52:05 info: =================================
2023-03-15 09:52:05 info: ======= ENV: development =======
2023-03-15 09:52:05 info: 🚀 App listening on the port 3000
2023-03-15 09:52:05 info: =================================
2023-03-15 09:52:08 info: [0mPOST /signup [32m201[0m 452.492 ms - 63[0m
2023-03-15 09:52:24 info: =================================
2023-03-15 09:52:24 info: ======= ENV: development =======
2023-03-15 09:52:24 info: 🚀 App listening on the port 3000
2023-03-15 09:52:24 info: =================================
2023-03-15 09:52:26 info: [0mPOST /signup [32m201[0m 432.480 ms - 63[0m
2023-03-15 09:52:32 info: =================================
2023-03-15 09:52:32 info: ======= ENV: development =======
2023-03-15 09:52:32 info: 🚀 App listening on the port 3000
2023-03-15 09:52:32 info: =================================
2023-03-15 09:52:41 info: =================================
2023-03-15 09:52:41 info: ======= ENV: development =======
2023-03-15 09:52:41 info: 🚀 App listening on the port 3000
2023-03-15 09:52:41 info: =================================
2023-03-15 09:53:06 info: =================================
2023-03-15 09:53:06 info: ======= ENV: development =======
2023-03-15 09:53:06 info: 🚀 App listening on the port 3000
2023-03-15 09:53:06 info: =================================
2023-03-15 09:53:09 info: =================================
2023-03-15 09:53:09 info: ======= ENV: development =======
2023-03-15 09:53:09 info: 🚀 App listening on the port 3000
2023-03-15 09:53:09 info: =================================
2023-03-15 09:53:11 info: [0mPOST /signup [32m201[0m 426.049 ms - 63[0m
2023-03-15 09:53:19 info: =================================
2023-03-15 09:53:19 info: ======= ENV: development =======
2023-03-15 09:53:19 info: 🚀 App listening on the port 3000
2023-03-15 09:53:19 info: =================================
2023-03-15 09:53:26 info: =================================
2023-03-15 09:53:26 info: ======= ENV: development =======
2023-03-15 09:53:26 info: 🚀 App listening on the port 3000
2023-03-15 09:53:26 info: =================================
2023-03-15 09:53:40 info: =================================
2023-03-15 09:53:40 info: ======= ENV: development =======
2023-03-15 09:53:40 info: 🚀 App listening on the port 3000
2023-03-15 09:53:40 info: =================================
2023-03-15 09:53:44 info: =================================
2023-03-15 09:53:44 info: ======= ENV: development =======
2023-03-15 09:53:44 info: 🚀 App listening on the port 3000
2023-03-15 09:53:44 info: =================================
2023-03-15 09:53:47 info: [0mPOST /signup [32m201[0m 484.292 ms - 63[0m
2023-03-15 09:53:59 info: =================================
2023-03-15 09:53:59 info: ======= ENV: development =======
2023-03-15 09:53:59 info: 🚀 App listening on the port 3000
2023-03-15 09:53:59 info: =================================
2023-03-15 09:54:03 info: =================================
2023-03-15 09:54:03 info: ======= ENV: development =======
2023-03-15 09:54:03 info: 🚀 App listening on the port 3000
2023-03-15 09:54:03 info: =================================
2023-03-15 09:54:19 info: [0mPOST /signup [32m201[0m 423.947 ms - 63[0m
2023-03-15 09:54:47 info: =================================
2023-03-15 09:54:47 info: ======= ENV: development =======
2023-03-15 09:54:47 info: 🚀 App listening on the port 3000
2023-03-15 09:54:47 info: =================================
2023-03-15 09:54:51 info: =================================
2023-03-15 09:54:51 info: ======= ENV: development =======
2023-03-15 09:54:51 info: 🚀 App listening on the port 3000
2023-03-15 09:54:51 info: =================================
2023-03-15 09:54:53 info: [0mPOST /signup [32m201[0m 442.526 ms - 63[0m
2023-03-15 10:00:22 info: =================================
2023-03-15 10:00:22 info: ======= ENV: development =======
2023-03-15 10:00:22 info: 🚀 App listening on the port 3000
2023-03-15 10:00:22 info: =================================
2023-03-15 10:00:28 info: =================================
2023-03-15 10:00:28 info: ======= ENV: development =======
2023-03-15 10:00:28 info: 🚀 App listening on the port 3000
2023-03-15 10:00:28 info: =================================
2023-03-15 10:00:39 info: =================================
2023-03-15 10:00:39 info: ======= ENV: development =======
2023-03-15 10:00:39 info: 🚀 App listening on the port 3000
2023-03-15 10:00:39 info: =================================
2023-03-15 10:00:43 info: [0mPOST /signup [32m201[0m 464.134 ms - 63[0m
2023-03-15 10:01:35 info: =================================
2023-03-15 10:01:35 info: ======= ENV: development =======
2023-03-15 10:01:35 info: 🚀 App listening on the port 3000
2023-03-15 10:01:35 info: =================================
2023-03-15 10:02:24 info: [0mPOST /signup [32m201[0m 448.274 ms - 63[0m
2023-03-15 10:04:27 info: =================================
2023-03-15 10:04:27 info: ======= ENV: development =======
2023-03-15 10:04:27 info: 🚀 App listening on the port 3000
2023-03-15 10:04:27 info: =================================
2023-03-15 10:04:35 info: =================================
2023-03-15 10:04:35 info: ======= ENV: development =======
2023-03-15 10:04:35 info: 🚀 App listening on the port 3000
2023-03-15 10:04:35 info: =================================
2023-03-15 10:04:39 info: [0mPOST /signup [32m201[0m 418.274 ms - 63[0m
2023-03-15 10:04:42 info: [0mPOST /signup [32m201[0m 387.965 ms - 63[0m
2023-03-15 10:04:59 info: =================================
2023-03-15 10:04:59 info: ======= ENV: development =======
2023-03-15 10:04:59 info: 🚀 App listening on the port 3000
2023-03-15 10:04:59 info: =================================
2023-03-15 10:05:04 info: =================================
2023-03-15 10:05:04 info: ======= ENV: development =======
2023-03-15 10:05:04 info: 🚀 App listening on the port 3000
2023-03-15 10:05:04 info: =================================
2023-03-15 10:05:49 info: =================================
2023-03-15 10:05:49 info: ======= ENV: development =======
2023-03-15 10:05:49 info: 🚀 App listening on the port 3000
2023-03-15 10:05:49 info: =================================
2023-03-15 10:06:06 info: [0mPOST /signup [32m201[0m 448.331 ms - 63[0m
2023-03-15 10:06:17 info: =================================
2023-03-15 10:06:17 info: ======= ENV: development =======
2023-03-15 10:06:17 info: 🚀 App listening on the port 3000
2023-03-15 10:06:17 info: =================================
2023-03-15 10:06:18 info: [0mPOST /signup [32m201[0m 436.158 ms - 63[0m
2023-03-15 10:06:41 info: =================================
2023-03-15 10:06:41 info: ======= ENV: development =======
2023-03-15 10:06:41 info: 🚀 App listening on the port 3000
2023-03-15 10:06:41 info: =================================
2023-03-15 10:06:48 info: [0mPOST /signup [32m201[0m 414.486 ms - 63[0m
2023-03-15 10:07:00 info: =================================
2023-03-15 10:07:00 info: ======= ENV: development =======
2023-03-15 10:07:00 info: 🚀 App listening on the port 3000
2023-03-15 10:07:00 info: =================================
2023-03-15 10:07:11 info: =================================
2023-03-15 10:07:11 info: ======= ENV: development =======
2023-03-15 10:07:11 info: 🚀 App listening on the port 3000
2023-03-15 10:07:11 info: =================================
2023-03-15 10:07:18 info: =================================
2023-03-15 10:07:18 info: ======= ENV: development =======
2023-03-15 10:07:18 info: 🚀 App listening on the port 3000
2023-03-15 10:07:18 info: =================================
2023-03-15 10:07:24 info: [0mPOST /signup [32m201[0m 442.391 ms - 63[0m
2023-03-15 10:07:39 info: =================================
2023-03-15 10:07:39 info: ======= ENV: development =======
2023-03-15 10:07:39 info: 🚀 App listening on the port 3000
2023-03-15 10:07:39 info: =================================
2023-03-15 10:07:42 info: [0mPOST /signup [32m201[0m 423.653 ms - 63[0m
2023-03-15 10:08:04 info: =================================
2023-03-15 10:08:04 info: ======= ENV: development =======
2023-03-15 10:08:04 info: 🚀 App listening on the port 3000
2023-03-15 10:08:04 info: =================================
2023-03-15 10:08:19 info: =================================
2023-03-15 10:08:19 info: ======= ENV: development =======
2023-03-15 10:08:19 info: 🚀 App listening on the port 3000
2023-03-15 10:08:19 info: =================================
2023-03-15 10:08:21 info: [0mPOST /signup [32m201[0m 425.841 ms - 63[0m
2023-03-15 10:09:33 info: [0mPOST /signup [32m201[0m 395.612 ms - 63[0m
2023-03-15 10:14:54 info: =================================
2023-03-15 10:14:54 info: ======= ENV: development =======
2023-03-15 10:14:54 info: 🚀 App listening on the port 3000
2023-03-15 10:14:54 info: =================================
2023-03-15 10:15:05 info: =================================
2023-03-15 10:15:05 info: ======= ENV: development =======
2023-03-15 10:15:05 info: 🚀 App listening on the port 3000
2023-03-15 10:15:05 info: =================================
2023-03-15 10:15:13 info: [0mPOST /signup [32m201[0m 423.429 ms - 63[0m
2023-03-15 10:15:32 info: =================================
2023-03-15 10:15:32 info: ======= ENV: development =======
2023-03-15 10:15:32 info: 🚀 App listening on the port 3000
2023-03-15 10:15:32 info: =================================
2023-03-15 10:15:42 info: =================================
2023-03-15 10:15:42 info: ======= ENV: development =======
2023-03-15 10:15:42 info: 🚀 App listening on the port 3000
2023-03-15 10:15:42 info: =================================
2023-03-15 10:15:49 info: =================================
2023-03-15 10:15:49 info: ======= ENV: development =======
2023-03-15 10:15:49 info: 🚀 App listening on the port 3000
2023-03-15 10:15:49 info: =================================
2023-03-15 10:15:50 info: [0mPOST /signup [32m201[0m 445.363 ms - 63[0m
2023-03-15 10:16:07 info: [0mPOST /signup [32m201[0m 395.146 ms - 63[0m
2023-03-15 10:16:11 info: =================================
2023-03-15 10:16:11 info: ======= ENV: development =======
2023-03-15 10:16:11 info: 🚀 App listening on the port 3000
2023-03-15 10:16:11 info: =================================
2023-03-15 10:16:15 info: [0mPOST /signup [32m201[0m 457.794 ms - 63[0m
2023-03-15 10:16:43 info: =================================
2023-03-15 10:16:43 info: ======= ENV: development =======
2023-03-15 10:16:43 info: 🚀 App listening on the port 3000
2023-03-15 10:16:43 info: =================================
2023-03-15 10:16:46 info: =================================
2023-03-15 10:16:46 info: ======= ENV: development =======
2023-03-15 10:16:46 info: 🚀 App listening on the port 3000
2023-03-15 10:16:46 info: =================================
2023-03-15 10:16:58 info: =================================
2023-03-15 10:16:58 info: ======= ENV: development =======
2023-03-15 10:16:58 info: 🚀 App listening on the port 3000
2023-03-15 10:16:58 info: =================================
2023-03-15 10:17:10 info: =================================
2023-03-15 10:17:10 info: ======= ENV: development =======
2023-03-15 10:17:10 info: 🚀 App listening on the port 3000
2023-03-15 10:17:10 info: =================================
2023-03-15 10:17:11 info: [0mPOST /signup [32m201[0m 596.113 ms - 63[0m
2023-03-15 10:17:33 info: =================================
2023-03-15 10:17:33 info: ======= ENV: development =======
2023-03-15 10:17:33 info: 🚀 App listening on the port 3000
2023-03-15 10:17:33 info: =================================
2023-03-15 10:17:34 info: [0mPOST /signup [32m201[0m 617.030 ms - 63[0m
2023-03-15 10:17:45 info: =================================
2023-03-15 10:17:45 info: ======= ENV: development =======
2023-03-15 10:17:45 info: 🚀 App listening on the port 3000
2023-03-15 10:17:45 info: =================================
2023-03-15 10:17:46 info: [0mPOST /signup [32m201[0m 431.122 ms - 63[0m
2023-03-15 10:18:07 info: =================================
2023-03-15 10:18:07 info: ======= ENV: development =======
2023-03-15 10:18:07 info: 🚀 App listening on the port 3000
2023-03-15 10:18:07 info: =================================
2023-03-15 10:18:17 info: =================================
2023-03-15 10:18:17 info: ======= ENV: development =======
2023-03-15 10:18:17 info: 🚀 App listening on the port 3000
2023-03-15 10:18:17 info: =================================
2023-03-15 10:18:37 info: =================================
2023-03-15 10:18:37 info: ======= ENV: development =======
2023-03-15 10:18:37 info: 🚀 App listening on the port 3000
2023-03-15 10:18:37 info: =================================
2023-03-15 10:18:41 info: =================================
2023-03-15 10:18:41 info: ======= ENV: development =======
2023-03-15 10:18:41 info: 🚀 App listening on the port 3000
2023-03-15 10:18:41 info: =================================
2023-03-15 10:18:44 info: =================================
2023-03-15 10:18:44 info: ======= ENV: development =======
2023-03-15 10:18:44 info: 🚀 App listening on the port 3000
2023-03-15 10:18:44 info: =================================
2023-03-15 10:18:53 info: =================================
2023-03-15 10:18:53 info: ======= ENV: development =======
2023-03-15 10:18:53 info: 🚀 App listening on the port 3000
2023-03-15 10:18:53 info: =================================
2023-03-15 10:18:56 info: =================================
2023-03-15 10:18:56 info: ======= ENV: development =======
2023-03-15 10:18:56 info: 🚀 App listening on the port 3000
2023-03-15 10:18:56 info: =================================
2023-03-15 10:18:59 info: =================================
2023-03-15 10:18:59 info: ======= ENV: development =======
2023-03-15 10:18:59 info: 🚀 App listening on the port 3000
2023-03-15 10:18:59 info: =================================
2023-03-15 10:19:06 info: =================================
2023-03-15 10:19:06 info: ======= ENV: development =======
2023-03-15 10:19:06 info: 🚀 App listening on the port 3000
2023-03-15 10:19:06 info: =================================
2023-03-15 10:20:26 info: =================================
2023-03-15 10:20:26 info: ======= ENV: development =======
2023-03-15 10:20:26 info: 🚀 App listening on the port 3000
2023-03-15 10:20:26 info: =================================
2023-03-15 10:20:30 info: =================================
2023-03-15 10:20:30 info: ======= ENV: development =======
2023-03-15 10:20:30 info: 🚀 App listening on the port 3000
2023-03-15 10:20:30 info: =================================
2023-03-15 10:20:52 info: =================================
2023-03-15 10:20:52 info: ======= ENV: development =======
2023-03-15 10:20:52 info: 🚀 App listening on the port 3000
2023-03-15 10:20:52 info: =================================
2023-03-15 10:21:04 info: =================================
2023-03-15 10:21:04 info: ======= ENV: development =======
2023-03-15 10:21:04 info: 🚀 App listening on the port 3000
2023-03-15 10:21:04 info: =================================
2023-03-15 10:21:05 info: [0mPOST /signup [32m201[0m 467.126 ms - 63[0m
2023-03-15 10:22:27 info: =================================
2023-03-15 10:22:27 info: ======= ENV: development =======
2023-03-15 10:22:27 info: 🚀 App listening on the port 3000
2023-03-15 10:22:27 info: =================================
2023-03-15 10:22:29 info: [0mPOST /signup [32m201[0m 453.957 ms - 63[0m
2023-03-15 10:23:56 info: =================================
2023-03-15 10:23:56 info: ======= ENV: development =======
2023-03-15 10:23:56 info: 🚀 App listening on the port 3000
2023-03-15 10:23:56 info: =================================
2023-03-15 10:24:19 info: =================================
2023-03-15 10:24:19 info: ======= ENV: development =======
2023-03-15 10:24:19 info: 🚀 App listening on the port 3000
2023-03-15 10:24:19 info: =================================
2023-03-15 10:24:22 info: [0mPOST /signup [32m201[0m 408.667 ms - 63[0m
2023-03-15 10:24:32 info: [0mPOST /signup [32m201[0m 408.476 ms - 63[0m
2023-03-15 10:24:49 info: =================================
2023-03-15 10:24:49 info: ======= ENV: development =======
2023-03-15 10:24:49 info: 🚀 App listening on the port 3000
2023-03-15 10:24:49 info: =================================
2023-03-15 10:24:56 info: =================================
2023-03-15 10:24:56 info: ======= ENV: development =======
2023-03-15 10:24:56 info: 🚀 App listening on the port 3000
2023-03-15 10:24:56 info: =================================
2023-03-15 10:24:59 info: [0mPOST /signup [32m201[0m 438.349 ms - 63[0m
2023-03-15 10:25:09 info: =================================
2023-03-15 10:25:09 info: ======= ENV: development =======
2023-03-15 10:25:09 info: 🚀 App listening on the port 3000
2023-03-15 10:25:09 info: =================================
2023-03-15 10:25:12 info: [0mPOST /signup [32m201[0m 434.522 ms - 63[0m
2023-03-15 10:25:56 info: =================================
2023-03-15 10:25:56 info: ======= ENV: development =======
2023-03-15 10:25:56 info: 🚀 App listening on the port 3000
2023-03-15 10:25:56 info: =================================
2023-03-15 10:25:59 info: =================================
2023-03-15 10:25:59 info: ======= ENV: development =======
2023-03-15 10:25:59 info: 🚀 App listening on the port 3000
2023-03-15 10:25:59 info: =================================
2023-03-15 10:26:32 info: [0mPOST /signup [32m201[0m 452.572 ms - 63[0m
2023-03-15 10:27:14 info: [0mPOST /signup [32m201[0m 383.022 ms - 63[0m
2023-03-15 10:28:04 info: =================================
2023-03-15 10:28:04 info: ======= ENV: development =======
2023-03-15 10:28:04 info: 🚀 App listening on the port 3000
2023-03-15 10:28:04 info: =================================
2023-03-15 10:28:07 info: =================================
2023-03-15 10:28:07 info: ======= ENV: development =======
2023-03-15 10:28:07 info: 🚀 App listening on the port 3000
2023-03-15 10:28:07 info: =================================
2023-03-15 10:28:13 info: =================================
2023-03-15 10:28:13 info: ======= ENV: development =======
2023-03-15 10:28:13 info: 🚀 App listening on the port 3000
2023-03-15 10:28:13 info: =================================
2023-03-15 10:28:20 info: [0mPOST /signup [32m201[0m 412.503 ms - 63[0m
2023-03-15 10:28:35 info: =================================
2023-03-15 10:28:35 info: ======= ENV: development =======
2023-03-15 10:28:35 info: 🚀 App listening on the port 3000
2023-03-15 10:28:35 info: =================================
2023-03-15 10:28:38 info: =================================
2023-03-15 10:28:38 info: ======= ENV: development =======
2023-03-15 10:28:38 info: 🚀 App listening on the port 3000
2023-03-15 10:28:38 info: =================================
2023-03-15 10:28:43 info: [0mPOST /signup [32m201[0m 441.054 ms - 63[0m
2023-03-15 10:29:43 info: [0mPOST /signup [32m201[0m 405.710 ms - 63[0m
2023-03-15 10:29:53 info: [0mPOST /signup [32m201[0m 376.015 ms - 63[0m
2023-03-15 10:32:10 info: =================================
2023-03-15 10:32:10 info: ======= ENV: development =======
2023-03-15 10:32:10 info: 🚀 App listening on the port 3000
2023-03-15 10:32:10 info: =================================
2023-03-15 10:32:30 info: =================================
2023-03-15 10:32:30 info: ======= ENV: development =======
2023-03-15 10:32:30 info: 🚀 App listening on the port 3000
2023-03-15 10:32:30 info: =================================
2023-03-15 10:32:45 info: =================================
2023-03-15 10:32:45 info: ======= ENV: development =======
2023-03-15 10:32:45 info: 🚀 App listening on the port 3000
2023-03-15 10:32:45 info: =================================
2023-03-15 10:32:50 info: [0mPOST /signup [32m201[0m 433.839 ms - 63[0m
2023-03-15 10:33:13 info: [0mPOST /signup [32m201[0m 394.717 ms - 63[0m
2023-03-15 10:33:32 info: =================================
2023-03-15 10:33:32 info: ======= ENV: development =======
2023-03-15 10:33:32 info: 🚀 App listening on the port 3000
2023-03-15 10:33:32 info: =================================
2023-03-15 10:33:36 info: [0mPOST /signup [32m201[0m 414.805 ms - 63[0m
2023-03-15 10:51:40 info: [0mPOST /signup [32m201[0m 412.121 ms - 63[0m
2023-03-15 10:51:42 info: [0mPOST /signup [32m201[0m 383.729 ms - 63[0m
2023-03-15 11:33:55 info: =================================
2023-03-15 11:33:55 info: ======= ENV: development =======
2023-03-15 11:33:55 info: 🚀 App listening on the port 3000
2023-03-15 11:33:55 info: =================================
2023-03-15 11:34:32 info: =================================
2023-03-15 11:34:32 info: ======= ENV: development =======
2023-03-15 11:34:32 info: 🚀 App listening on the port 3000
2023-03-15 11:34:32 info: =================================
2023-03-15 11:35:05 info: [0mPOST /signup [32m201[0m 556.953 ms - 63[0m
2023-03-15 13:08:33 info: [0mPOST /signup [32m201[0m 421.348 ms - 63[0m
2023-03-15 13:09:40 info: [0mPOST /signup [32m201[0m 367.648 ms - 63[0m
2023-03-15 13:11:01 info: [0mPOST /signup [32m201[0m 410.123 ms - 63[0m
2023-03-15 13:13:01 info: [0mPOST /signup [32m201[0m 412.255 ms - 63[0m
2023-03-15 13:13:44 info: [0mPOST /signup [32m201[0m 372.510 ms - 63[0m
2023-03-15 13:16:20 info: [0mPOST /signup [32m201[0m 387.038 ms - 63[0m
2023-03-15 13:16:43 info: [0mPOST /signup [32m201[0m 369.287 ms - 63[0m
2023-03-15 13:17:42 info: [0mPOST /signup [32m201[0m 411.186 ms - 63[0m
2023-03-15 13:20:23 info: [0mPOST /signup [32m201[0m 367.293 ms - 63[0m
2023-03-15 13:21:01 info: [0mPOST /signup [32m201[0m 391.577 ms - 63[0m
2023-03-15 13:21:35 info: [0mPOST /signup [32m201[0m 380.326 ms - 63[0m
2023-03-15 13:21:57 info: [0mPOST /signup [32m201[0m 383.470 ms - 63[0m
2023-03-15 13:28:16 info: [0mPOST /signup [32m201[0m 406.909 ms - 63[0m
2023-03-15 13:28:56 info: [0mPOST /signup [32m201[0m 382.792 ms - 63[0m
2023-03-15 13:29:43 info: [0mPOST /signup [32m201[0m 382.947 ms - 63[0m
2023-03-15 13:31:02 info: =================================
2023-03-15 13:31:02 info: ======= ENV: development =======
2023-03-15 13:31:02 info: 🚀 App listening on the port 3000
2023-03-15 13:31:02 info: =================================
2023-03-15 13:34:22 info: =================================
2023-03-15 13:34:22 info: ======= ENV: development =======
2023-03-15 13:34:22 info: 🚀 App listening on the port 3000
2023-03-15 13:34:22 info: =================================
2023-03-15 13:34:39 info: =================================
2023-03-15 13:34:39 info: ======= ENV: development =======
2023-03-15 13:34:39 info: 🚀 App listening on the port 3000
2023-03-15 13:34:39 info: =================================
2023-03-15 13:34:44 info: =================================
2023-03-15 13:34:44 info: ======= ENV: development =======
2023-03-15 13:34:44 info: 🚀 App listening on the port 3000
2023-03-15 13:34:44 info: =================================
2023-03-15 13:35:25 info: =================================
2023-03-15 13:35:25 info: ======= ENV: development =======
2023-03-15 13:35:25 info: 🚀 App listening on the port 3000
2023-03-15 13:35:25 info: =================================
2023-03-15 13:36:51 info: =================================
2023-03-15 13:36:51 info: ======= ENV: development =======
2023-03-15 13:36:51 info: 🚀 App listening on the port 3000
2023-03-15 13:36:51 info: =================================
2023-03-15 13:37:00 info: =================================
2023-03-15 13:37:00 info: ======= ENV: development =======
2023-03-15 13:37:00 info: 🚀 App listening on the port 3000
2023-03-15 13:37:00 info: =================================
2023-03-15 13:37:07 info: =================================
2023-03-15 13:37:07 info: ======= ENV: development =======
2023-03-15 13:37:07 info: 🚀 App listening on the port 3000
2023-03-15 13:37:07 info: =================================
2023-03-15 13:37:18 info: =================================
2023-03-15 13:37:18 info: ======= ENV: development =======
2023-03-15 13:37:18 info: 🚀 App listening on the port 3000
2023-03-15 13:37:18 info: =================================
2023-03-15 13:44:05 info: =================================
2023-03-15 13:44:05 info: ======= ENV: development =======
2023-03-15 13:44:05 info: 🚀 App listening on the port 3000
2023-03-15 13:44:05 info: =================================
2023-03-15 13:44:09 info: =================================
2023-03-15 13:44:09 info: ======= ENV: development =======
2023-03-15 13:44:09 info: 🚀 App listening on the port 3000
2023-03-15 13:44:09 info: =================================
2023-03-15 13:44:13 info: =================================
2023-03-15 13:44:13 info: ======= ENV: development =======
2023-03-15 13:44:13 info: 🚀 App listening on the port 3000
2023-03-15 13:44:13 info: =================================
2023-03-15 13:45:16 info: =================================
2023-03-15 13:45:16 info: ======= ENV: development =======
2023-03-15 13:45:16 info: 🚀 App listening on the port 3000
2023-03-15 13:45:16 info: =================================
2023-03-15 13:45:20 info: =================================
2023-03-15 13:45:20 info: ======= ENV: development =======
2023-03-15 13:45:20 info: 🚀 App listening on the port 3000
2023-03-15 13:45:20 info: =================================
2023-03-15 13:45:36 info: =================================
2023-03-15 13:45:36 info: ======= ENV: development =======
2023-03-15 13:45:36 info: 🚀 App listening on the port 3000
2023-03-15 13:45:36 info: =================================
2023-03-15 13:45:40 info: =================================
2023-03-15 13:45:40 info: ======= ENV: development =======
2023-03-15 13:45:40 info: 🚀 App listening on the port 3000
2023-03-15 13:45:40 info: =================================
2023-03-15 13:45:43 info: =================================
2023-03-15 13:45:43 info: ======= ENV: development =======
2023-03-15 13:45:43 info: 🚀 App listening on the port 3000
2023-03-15 13:45:43 info: =================================
2023-03-15 13:45:57 info: =================================
2023-03-15 13:45:57 info: ======= ENV: development =======
2023-03-15 13:45:57 info: 🚀 App listening on the port 3000
2023-03-15 13:45:57 info: =================================
2023-03-15 13:46:39 info: =================================
2023-03-15 13:46:39 info: ======= ENV: development =======
2023-03-15 13:46:39 info: 🚀 App listening on the port 3000
2023-03-15 13:46:39 info: =================================
2023-03-15 13:46:48 info: =================================
2023-03-15 13:46:48 info: ======= ENV: development =======
2023-03-15 13:46:48 info: 🚀 App listening on the port 3000
2023-03-15 13:46:48 info: =================================
2023-03-15 13:46:53 info: =================================
2023-03-15 13:46:53 info: ======= ENV: development =======
2023-03-15 13:46:53 info: 🚀 App listening on the port 3000
2023-03-15 13:46:53 info: =================================
2023-03-15 13:46:59 info: =================================
2023-03-15 13:46:59 info: ======= ENV: development =======
2023-03-15 13:46:59 info: 🚀 App listening on the port 3000
2023-03-15 13:46:59 info: =================================
2023-03-15 13:47:07 info: =================================
2023-03-15 13:47:07 info: ======= ENV: development =======
2023-03-15 13:47:07 info: 🚀 App listening on the port 3000
2023-03-15 13:47:07 info: =================================
2023-03-15 13:47:11 info: =================================
2023-03-15 13:47:11 info: ======= ENV: development =======
2023-03-15 13:47:11 info: 🚀 App listening on the port 3000
2023-03-15 13:47:11 info: =================================
2023-03-15 13:47:21 info: =================================
2023-03-15 13:47:21 info: ======= ENV: development =======
2023-03-15 13:47:21 info: 🚀 App listening on the port 3000
2023-03-15 13:47:21 info: =================================
2023-03-15 13:47:28 info: =================================
2023-03-15 13:47:28 info: ======= ENV: development =======
2023-03-15 13:47:28 info: 🚀 App listening on the port 3000
2023-03-15 13:47:28 info: =================================
2023-03-15 13:47:37 info: =================================
2023-03-15 13:47:37 info: ======= ENV: development =======
2023-03-15 13:47:37 info: 🚀 App listening on the port 3000
2023-03-15 13:47:37 info: =================================
2023-03-15 13:47:42 info: =================================
2023-03-15 13:47:42 info: ======= ENV: development =======
2023-03-15 13:47:42 info: 🚀 App listening on the port 3000
2023-03-15 13:47:42 info: =================================
2023-03-15 13:48:18 info: =================================
2023-03-15 13:48:18 info: ======= ENV: development =======
2023-03-15 13:48:18 info: 🚀 App listening on the port 3000
2023-03-15 13:48:18 info: =================================
2023-03-15 13:48:30 info: =================================
2023-03-15 13:48:30 info: ======= ENV: development =======
2023-03-15 13:48:30 info: 🚀 App listening on the port 3000
2023-03-15 13:48:30 info: =================================
2023-03-15 13:48:37 info: =================================
2023-03-15 13:48:37 info: ======= ENV: development =======
2023-03-15 13:48:37 info: 🚀 App listening on the port 3000
2023-03-15 13:48:37 info: =================================
2023-03-15 13:49:02 info: =================================
2023-03-15 13:49:02 info: ======= ENV: development =======
2023-03-15 13:49:02 info: 🚀 App listening on the port 3000
2023-03-15 13:49:02 info: =================================
2023-03-15 13:49:22 info: =================================
2023-03-15 13:49:22 info: ======= ENV: development =======
2023-03-15 13:49:22 info: 🚀 App listening on the port 3000
2023-03-15 13:49:22 info: =================================
2023-03-15 13:49:37 info: =================================
2023-03-15 13:49:37 info: ======= ENV: development =======
2023-03-15 13:49:37 info: 🚀 App listening on the port 3000
2023-03-15 13:49:37 info: =================================
2023-03-15 13:50:22 info: =================================
2023-03-15 13:50:22 info: ======= ENV: development =======
2023-03-15 13:50:22 info: 🚀 App listening on the port 3000
2023-03-15 13:50:22 info: =================================
2023-03-15 13:50:33 info: =================================
2023-03-15 13:50:33 info: ======= ENV: development =======
2023-03-15 13:50:33 info: 🚀 App listening on the port 3000
2023-03-15 13:50:33 info: =================================
2023-03-15 13:50:43 info: =================================
2023-03-15 13:50:43 info: ======= ENV: development =======
2023-03-15 13:50:43 info: 🚀 App listening on the port 3000
2023-03-15 13:50:43 info: =================================
2023-03-15 13:50:48 info: =================================
2023-03-15 13:50:48 info: ======= ENV: development =======
2023-03-15 13:50:48 info: 🚀 App listening on the port 3000
2023-03-15 13:50:48 info: =================================
2023-03-15 13:51:01 info: =================================
2023-03-15 13:51:01 info: ======= ENV: development =======
2023-03-15 13:51:01 info: 🚀 App listening on the port 3000
2023-03-15 13:51:01 info: =================================
2023-03-15 13:51:10 info: =================================
2023-03-15 13:51:10 info: ======= ENV: development =======
2023-03-15 13:51:10 info: 🚀 App listening on the port 3000
2023-03-15 13:51:10 info: =================================
2023-03-15 13:51:13 info: =================================
2023-03-15 13:51:13 info: ======= ENV: development =======
2023-03-15 13:51:13 info: 🚀 App listening on the port 3000
2023-03-15 13:51:13 info: =================================
2023-03-15 13:51:17 info: =================================
2023-03-15 13:51:17 info: ======= ENV: development =======
2023-03-15 13:51:17 info: 🚀 App listening on the port 3000
2023-03-15 13:51:17 info: =================================
2023-03-15 13:51:21 info: =================================
2023-03-15 13:51:21 info: ======= ENV: development =======
2023-03-15 13:51:21 info: 🚀 App listening on the port 3000
2023-03-15 13:51:21 info: =================================
2023-03-15 13:51:23 info: =================================
2023-03-15 13:51:23 info: ======= ENV: development =======
2023-03-15 13:51:23 info: 🚀 App listening on the port 3000
2023-03-15 13:51:24 info: =================================
2023-03-15 13:51:46 info: =================================
2023-03-15 13:51:46 info: ======= ENV: development =======
2023-03-15 13:51:46 info: 🚀 App listening on the port 3000
2023-03-15 13:51:46 info: =================================
2023-03-15 13:51:49 info: =================================
2023-03-15 13:51:49 info: ======= ENV: development =======
2023-03-15 13:51:49 info: 🚀 App listening on the port 3000
2023-03-15 13:51:49 info: =================================
2023-03-15 13:51:55 info: =================================
2023-03-15 13:51:55 info: ======= ENV: development =======
2023-03-15 13:51:55 info: 🚀 App listening on the port 3000
2023-03-15 13:51:55 info: =================================
2023-03-15 13:51:59 info: =================================
2023-03-15 13:51:59 info: ======= ENV: development =======
2023-03-15 13:51:59 info: 🚀 App listening on the port 3000
2023-03-15 13:51:59 info: =================================
2023-03-15 13:52:06 info: =================================
2023-03-15 13:52:06 info: ======= ENV: development =======
2023-03-15 13:52:06 info: 🚀 App listening on the port 3000
2023-03-15 13:52:06 info: =================================
2023-03-15 13:52:13 info: =================================
2023-03-15 13:52:13 info: ======= ENV: development =======
2023-03-15 13:52:13 info: 🚀 App listening on the port 3000
2023-03-15 13:52:13 info: =================================
2023-03-15 13:52:33 info: =================================
2023-03-15 13:52:33 info: ======= ENV: development =======
2023-03-15 13:52:33 info: 🚀 App listening on the port 3000
2023-03-15 13:52:33 info: =================================
2023-03-15 13:52:38 info: =================================
2023-03-15 13:52:38 info: ======= ENV: development =======
2023-03-15 13:52:38 info: 🚀 App listening on the port 3000
2023-03-15 13:52:38 info: =================================
2023-03-15 13:52:43 info: =================================
2023-03-15 13:52:43 info: ======= ENV: development =======
2023-03-15 13:52:43 info: 🚀 App listening on the port 3000
2023-03-15 13:52:43 info: =================================
2023-03-15 13:54:48 info: =================================
2023-03-15 13:54:48 info: ======= ENV: development =======
2023-03-15 13:54:48 info: 🚀 App listening on the port 3000
2023-03-15 13:54:48 info: =================================
2023-03-15 13:54:51 info: =================================
2023-03-15 13:54:51 info: ======= ENV: development =======
2023-03-15 13:54:51 info: 🚀 App listening on the port 3000
2023-03-15 13:54:51 info: =================================
2023-03-15 13:55:14 info: =================================
2023-03-15 13:55:14 info: ======= ENV: development =======
2023-03-15 13:55:14 info: 🚀 App listening on the port 3000
2023-03-15 13:55:14 info: =================================
2023-03-15 13:55:36 info: =================================
2023-03-15 13:55:36 info: ======= ENV: development =======
2023-03-15 13:55:36 info: 🚀 App listening on the port 3000
2023-03-15 13:55:36 info: =================================
2023-03-15 13:55:55 info: =================================
2023-03-15 13:55:55 info: ======= ENV: development =======
2023-03-15 13:55:55 info: 🚀 App listening on the port 3000
2023-03-15 13:55:55 info: =================================
2023-03-15 14:02:05 info: =================================
2023-03-15 14:02:05 info: ======= ENV: development =======
2023-03-15 14:02:05 info: 🚀 App listening on the port 3000
2023-03-15 14:02:05 info: =================================
2023-03-15 14:02:33 info: =================================
2023-03-15 14:02:33 info: ======= ENV: development =======
2023-03-15 14:02:33 info: 🚀 App listening on the port 3000
2023-03-15 14:02:33 info: =================================
2023-03-15 14:02:45 info: =================================
2023-03-15 14:02:45 info: ======= ENV: development =======
2023-03-15 14:02:45 info: 🚀 App listening on the port 3000
2023-03-15 14:02:45 info: =================================
2023-03-15 14:02:48 info: =================================
2023-03-15 14:02:48 info: ======= ENV: development =======
2023-03-15 14:02:48 info: 🚀 App listening on the port 3000
2023-03-15 14:02:48 info: =================================
2023-03-15 14:03:07 info: =================================
2023-03-15 14:03:07 info: ======= ENV: development =======
2023-03-15 14:03:07 info: 🚀 App listening on the port 3000
2023-03-15 14:03:07 info: =================================
2023-03-15 14:03:23 info: =================================
2023-03-15 14:03:23 info: ======= ENV: development =======
2023-03-15 14:03:23 info: 🚀 App listening on the port 3000
2023-03-15 14:03:23 info: =================================
2023-03-15 14:03:25 info: =================================
2023-03-15 14:03:25 info: ======= ENV: development =======
2023-03-15 14:03:25 info: 🚀 App listening on the port 3000
2023-03-15 14:03:25 info: =================================
2023-03-15 14:03:38 info: =================================
2023-03-15 14:03:38 info: ======= ENV: development =======
2023-03-15 14:03:38 info: 🚀 App listening on the port 3000
2023-03-15 14:03:38 info: =================================
2023-03-15 14:03:41 info: =================================
2023-03-15 14:03:41 info: ======= ENV: development =======
2023-03-15 14:03:41 info: 🚀 App listening on the port 3000
2023-03-15 14:03:41 info: =================================
2023-03-15 14:03:53 info: =================================
2023-03-15 14:03:53 info: ======= ENV: development =======
2023-03-15 14:03:53 info: 🚀 App listening on the port 3000
2023-03-15 14:03:53 info: =================================
2023-03-15 14:04:23 info: =================================
2023-03-15 14:04:23 info: ======= ENV: development =======
2023-03-15 14:04:23 info: 🚀 App listening on the port 3000
2023-03-15 14:04:23 info: =================================
2023-03-15 14:04:26 info: =================================
2023-03-15 14:04:26 info: ======= ENV: development =======
2023-03-15 14:04:26 info: 🚀 App listening on the port 3000
2023-03-15 14:04:26 info: =================================
2023-03-15 14:04:41 info: =================================
2023-03-15 14:04:41 info: ======= ENV: development =======
2023-03-15 14:04:41 info: 🚀 App listening on the port 3000
2023-03-15 14:04:41 info: =================================
2023-03-15 14:04:45 info: =================================
2023-03-15 14:04:45 info: ======= ENV: development =======
2023-03-15 14:04:45 info: 🚀 App listening on the port 3000
2023-03-15 14:04:45 info: =================================
2023-03-15 14:05:46 info: =================================
2023-03-15 14:05:46 info: ======= ENV: development =======
2023-03-15 14:05:46 info: 🚀 App listening on the port 3000
2023-03-15 14:05:46 info: =================================
2023-03-15 14:05:56 info: =================================
2023-03-15 14:05:56 info: ======= ENV: development =======
2023-03-15 14:05:56 info: 🚀 App listening on the port 3000
2023-03-15 14:05:56 info: =================================
2023-03-15 14:06:08 info: =================================
2023-03-15 14:06:08 info: ======= ENV: development =======
2023-03-15 14:06:08 info: 🚀 App listening on the port 3000
2023-03-15 14:06:08 info: =================================
2023-03-15 14:06:51 info: =================================
2023-03-15 14:06:51 info: ======= ENV: development =======
2023-03-15 14:06:51 info: 🚀 App listening on the port 3000
2023-03-15 14:06:51 info: =================================
2023-03-15 14:06:59 info: =================================
2023-03-15 14:06:59 info: ======= ENV: development =======
2023-03-15 14:06:59 info: 🚀 App listening on the port 3000
2023-03-15 14:06:59 info: =================================
2023-03-15 14:07:04 info: =================================
2023-03-15 14:07:04 info: ======= ENV: development =======
2023-03-15 14:07:04 info: 🚀 App listening on the port 3000
2023-03-15 14:07:04 info: =================================
2023-03-15 14:07:18 info: =================================
2023-03-15 14:07:18 info: ======= ENV: development =======
2023-03-15 14:07:18 info: 🚀 App listening on the port 3000
2023-03-15 14:07:18 info: =================================
2023-03-15 14:59:48 info: =================================
2023-03-15 14:59:48 info: ======= ENV: development =======
2023-03-15 14:59:48 info: 🚀 App listening on the port 3000
2023-03-15 14:59:48 info: =================================
2023-03-15 14:59:51 info: =================================
2023-03-15 14:59:51 info: ======= ENV: development =======
2023-03-15 14:59:51 info: 🚀 App listening on the port 3000
2023-03-15 14:59:51 info: =================================
2023-03-15 15:00:09 info: =================================
2023-03-15 15:00:09 info: ======= ENV: development =======
2023-03-15 15:00:09 info: 🚀 App listening on the port 3000
2023-03-15 15:00:09 info: =================================
2023-03-15 15:00:25 info: =================================
2023-03-15 15:00:25 info: ======= ENV: development =======
2023-03-15 15:00:25 info: 🚀 App listening on the port 3000
2023-03-15 15:00:25 info: =================================
2023-03-15 15:01:11 info: =================================
2023-03-15 15:01:11 info: ======= ENV: development =======
2023-03-15 15:01:11 info: 🚀 App listening on the port 3000
2023-03-15 15:01:11 info: =================================
2023-03-15 15:02:43 info: =================================
2023-03-15 15:02:43 info: ======= ENV: development =======
2023-03-15 15:02:43 info: 🚀 App listening on the port 3000
2023-03-15 15:02:43 info: =================================
2023-03-15 15:14:16 info: [0mPOST /signup [32m201[0m 540.229 ms - 63[0m
2023-03-15 15:16:57 info: =================================
2023-03-15 15:16:57 info: ======= ENV: development =======
2023-03-15 15:16:57 info: 🚀 App listening on the port 3000
2023-03-15 15:16:57 info: =================================
2023-03-15 15:17:02 info: =================================
2023-03-15 15:17:02 info: ======= ENV: development =======
2023-03-15 15:17:02 info: 🚀 App listening on the port 3000
2023-03-15 15:17:02 info: =================================
2023-03-15 15:17:18 info: =================================
2023-03-15 15:17:18 info: ======= ENV: development =======
2023-03-15 15:17:18 info: 🚀 App listening on the port 3000
2023-03-15 15:17:18 info: =================================
2023-03-15 15:21:50 info: =================================
2023-03-15 15:21:50 info: ======= ENV: development =======
2023-03-15 15:21:50 info: 🚀 App listening on the port 3000
2023-03-15 15:21:50 info: =================================
2023-03-15 15:22:34 info: [0mPOST /signup [32m201[0m 478.786 ms - 63[0m
2023-03-15 15:25:22 info: [0mPOST /signup [32m201[0m 399.299 ms - 63[0m
2023-03-15 15:26:16 info: =================================
2023-03-15 15:26:16 info: ======= ENV: development =======
2023-03-15 15:26:16 info: 🚀 App listening on the port 3000
2023-03-15 15:26:16 info: =================================
2023-03-15 15:26:34 info: =================================
2023-03-15 15:26:34 info: ======= ENV: development =======
2023-03-15 15:26:34 info: 🚀 App listening on the port 3000
2023-03-15 15:26:34 info: =================================
2023-03-15 15:26:42 info: =================================
2023-03-15 15:26:42 info: ======= ENV: development =======
2023-03-15 15:26:42 info: 🚀 App listening on the port 3000
2023-03-15 15:26:42 info: =================================
2023-03-15 15:26:47 info: =================================
2023-03-15 15:26:47 info: ======= ENV: development =======
2023-03-15 15:26:47 info: 🚀 App listening on the port 3000
2023-03-15 15:26:47 info: =================================
2023-03-15 15:26:50 info: =================================
2023-03-15 15:26:50 info: ======= ENV: development =======
2023-03-15 15:26:50 info: 🚀 App listening on the port 3000
2023-03-15 15:26:50 info: =================================
2023-03-15 15:26:53 info: =================================
2023-03-15 15:26:53 info: ======= ENV: development =======
2023-03-15 15:26:53 info: 🚀 App listening on the port 3000
2023-03-15 15:26:53 info: =================================
2023-03-15 15:28:06 info: =================================
2023-03-15 15:28:06 info: ======= ENV: development =======
2023-03-15 15:28:06 info: 🚀 App listening on the port 3000
2023-03-15 15:28:06 info: =================================
2023-03-15 15:28:18 info: =================================
2023-03-15 15:28:18 info: ======= ENV: development =======
2023-03-15 15:28:18 info: 🚀 App listening on the port 3000
2023-03-15 15:28:18 info: =================================
2023-03-15 15:28:24 info: =================================
2023-03-15 15:28:24 info: ======= ENV: development =======
2023-03-15 15:28:24 info: 🚀 App listening on the port 3000
2023-03-15 15:28:24 info: =================================
2023-03-15 15:29:28 info: =================================
2023-03-15 15:29:28 info: ======= ENV: development =======
2023-03-15 15:29:28 info: 🚀 App listening on the port 3000
2023-03-15 15:29:28 info: =================================
2023-03-15 15:29:43 info: [0mPOST /signup [32m201[0m 426.154 ms - 63[0m
2023-03-15 15:32:16 info: [0mPOST /signup [36m302[0m 860.691 ms - 497[0m
2023-03-15 15:34:45 info: [0mPOST /signup [36m302[0m 797.383 ms - 497[0m
2023-03-15 15:36:26 info: [0mGET /users/confirmation/eyJhbGciOiJIUzI1NiIsInR5cCI6IkpXVCJ9.eyJkYXRhIjoic2RmYnNkZnV5aWV6YmZ1eWdkZmJoanNkcWZieXVxZXoiLCJpYXQiOjE2Nzg4OTA4ODUsImV4cCI6MTY3ODg5NDQ4NX0.VsV_aqH6lrnW-gbMADQohgHqJAxRnATHqAfTU9y42YA [33m404[0m 2.194 ms - 342[0m
2023-03-15 15:36:32 info: [0mPOST /users/confirmation/eyJhbGciOiJIUzI1NiIsInR5cCI6IkpXVCJ9.eyJkYXRhIjoic2RmYnNkZnV5aWV6YmZ1eWdkZmJoanNkcWZieXVxZXoiLCJpYXQiOjE2Nzg4OTA4ODUsImV4cCI6MTY3ODg5NDQ4NX0.VsV_aqH6lrnW-gbMADQohgHqJAxRnATHqAfTU9y42YA [32m201[0m 11.123 ms - 21[0m
2023-03-15 15:37:08 info: =================================
2023-03-15 15:37:08 info: ======= ENV: development =======
2023-03-15 15:37:08 info: 🚀 App listening on the port 3000
2023-03-15 15:37:08 info: =================================
2023-03-15 15:41:06 info: =================================
2023-03-15 15:41:06 info: ======= ENV: development =======
2023-03-15 15:41:06 info: 🚀 App listening on the port 3000
2023-03-15 15:41:06 info: =================================
2023-03-15 15:41:59 info: =================================
2023-03-15 15:41:59 info: ======= ENV: development =======
2023-03-15 15:41:59 info: 🚀 App listening on the port 3000
2023-03-15 15:41:59 info: =================================
2023-03-15 15:42:07 info: =================================
2023-03-15 15:42:07 info: ======= ENV: development =======
2023-03-15 15:42:07 info: 🚀 App listening on the port 3000
2023-03-15 15:42:07 info: =================================
2023-03-15 15:44:12 info: [0mPOST /users/confirmation/eyJhbGciOiJIUzI1NiIsInR5cCI6IkpXVCJ9.eyJkYXRhIjoic2RmYnNkZnV5aWV6YmZ1eWdkZmJoanNkcWZieXVxZXoiLCJpYXQiOjE2Nzg4OTA4ODUsImV4cCI6MTY3ODg5NDQ4NX0.VsV_aqH6lrnW-gbMADQohgHqJAxRnATHqAfTU9y42YA [33m404[0m 4.446 ms - 343[0m
2023-03-15 15:44:25 info: [0mPOST /signup [36m302[0m 770.158 ms - 508[0m
2023-03-15 15:44:55 info: [0mGET /users/confirmation/eyJhbGciOiJIUzI1NiIsInR5cCI6IkpXVCJ9.eyJkYXRhIjoic2RmYnNkZnV5aWV6YmZ1eWdkZmJoanNkcWZieXVxZXoiLCJpYXQiOjE2Nzg4OTA4ODUsImV4cCI6MTY3ODg5NDQ4NX0.VsV_aqH6lrnW-gbMADQohgHqJAxRnATHqAfTU9y42YA [32m201[0m 9.402 ms - 21[0m
2023-03-15 15:46:49 info: =================================
2023-03-15 15:46:49 info: ======= ENV: development =======
2023-03-15 15:46:49 info: 🚀 App listening on the port 3000
2023-03-15 15:46:49 info: =================================
2023-03-15 15:47:23 info: =================================
2023-03-15 15:47:23 info: ======= ENV: development =======
2023-03-15 15:47:23 info: 🚀 App listening on the port 3000
2023-03-15 15:47:23 info: =================================
2023-03-15 15:48:44 info: =================================
2023-03-15 15:48:44 info: ======= ENV: development =======
2023-03-15 15:48:44 info: 🚀 App listening on the port 3000
2023-03-15 15:48:44 info: =================================
2023-03-15 15:48:54 info: =================================
2023-03-15 15:48:54 info: ======= ENV: development =======
2023-03-15 15:48:54 info: 🚀 App listening on the port 3000
2023-03-15 15:48:54 info: =================================
2023-03-15 15:49:00 info: [0mGET /users/confirmation/eyJhbGciOiJIUzI1NiIsInR5cCI6IkpXVCJ9.eyJkYXRhIjoic2RmYnNkZnV5aWV6YmZ1eWdkZmJoanNkcWZieXVxZXoiLCJpYXQiOjE2Nzg4OTA4ODUsImV4cCI6MTY3ODg5NDQ4NX0.VsV_aqH6lrnW-gbMADQohgHqJAxRnATHqAfTU9y42YA [32m201[0m 14.978 ms - 21[0m
2023-03-15 15:49:15 info: =================================
2023-03-15 15:49:15 info: ======= ENV: development =======
2023-03-15 15:49:15 info: 🚀 App listening on the port 3000
2023-03-15 15:49:15 info: =================================
2023-03-15 15:49:21 info: =================================
2023-03-15 15:49:21 info: ======= ENV: development =======
2023-03-15 15:49:21 info: 🚀 App listening on the port 3000
2023-03-15 15:49:21 info: =================================
2023-03-15 15:49:26 info: =================================
2023-03-15 15:49:26 info: ======= ENV: development =======
2023-03-15 15:49:26 info: 🚀 App listening on the port 3000
2023-03-15 15:49:26 info: =================================
2023-03-15 15:49:30 info: =================================
2023-03-15 15:49:30 info: ======= ENV: development =======
2023-03-15 15:49:30 info: 🚀 App listening on the port 3000
2023-03-15 15:49:30 info: =================================
2023-03-15 15:49:31 info: [0mGET /users/confirmation/eyJhbGciOiJIUzI1NiIsInR5cCI6IkpXVCJ9.eyJkYXRhIjoic2RmYnNkZnV5aWV6YmZ1eWdkZmJoanNkcWZieXVxZXoiLCJpYXQiOjE2Nzg4OTA4ODUsImV4cCI6MTY3ODg5NDQ4NX0.VsV_aqH6lrnW-gbMADQohgHqJAxRnATHqAfTU9y42YA [32m201[0m 14.647 ms - 21[0m
2023-03-15 15:49:42 info: =================================
2023-03-15 15:49:42 info: ======= ENV: development =======
2023-03-15 15:49:42 info: 🚀 App listening on the port 3000
2023-03-15 15:49:42 info: =================================
2023-03-15 15:52:46 info: [0mGET /users/confirmation/eyJhbGciOiJIUzI1NiIsInR5cCI6IkpXVCJ9.eyJkYXRhIjoiYTAzZjVjZTJkY2NiMjcwZmYzNTgxZDZjMGJiNjJlMjljOWQ0ZGFlNCIsImlhdCI6MTY3ODg5MTQ2NSwiZXhwIjoxNjc4ODk1MDY1fQ.OzzgG4gsNaGpwMF8RctSFK8D_RICSkphUhecF616MQE [32m201[0m 417.803 ms - 21[0m
2023-03-15 15:53:27 info: =================================
2023-03-15 15:53:27 info: ======= ENV: development =======
2023-03-15 15:53:27 info: 🚀 App listening on the port 3000
2023-03-15 15:53:27 info: =================================
2023-03-15 15:53:29 info: [0mGET /users/confirmation/eyJhbGciOiJIUzI1NiIsInR5cCI6IkpXVCJ9.eyJkYXRhIjoiYTAzZjVjZTJkY2NiMjcwZmYzNTgxZDZjMGJiNjJlMjljOWQ0ZGFlNCIsImlhdCI6MTY3ODg5MTQ2NSwiZXhwIjoxNjc4ODk1MDY1fQ.OzzgG4gsNaGpwMF8RctSFK8D_RICSkphUhecF616MQE [32m201[0m 576.932 ms - 21[0m
2023-03-15 15:53:51 info: =================================
2023-03-15 15:53:51 info: ======= ENV: development =======
2023-03-15 15:53:51 info: 🚀 App listening on the port 3000
2023-03-15 15:53:51 info: =================================
2023-03-15 15:53:56 info: =================================
2023-03-15 15:53:56 info: ======= ENV: development =======
2023-03-15 15:53:56 info: 🚀 App listening on the port 3000
2023-03-15 15:53:56 info: =================================
2023-03-15 15:54:02 info: =================================
2023-03-15 15:54:02 info: ======= ENV: development =======
2023-03-15 15:54:02 info: 🚀 App listening on the port 3000
2023-03-15 15:54:02 info: =================================
2023-03-15 15:54:06 info: =================================
2023-03-15 15:54:06 info: ======= ENV: development =======
2023-03-15 15:54:06 info: 🚀 App listening on the port 3000
2023-03-15 15:54:06 info: =================================
2023-03-15 15:54:09 info: =================================
2023-03-15 15:54:09 info: ======= ENV: development =======
2023-03-15 15:54:09 info: 🚀 App listening on the port 3000
2023-03-15 15:54:09 info: =================================
2023-03-15 15:54:11 info: [0mGET /users/confirmation/eyJhbGciOiJIUzI1NiIsInR5cCI6IkpXVCJ9.eyJkYXRhIjoiYTAzZjVjZTJkY2NiMjcwZmYzNTgxZDZjMGJiNjJlMjljOWQ0ZGFlNCIsImlhdCI6MTY3ODg5MTQ2NSwiZXhwIjoxNjc4ODk1MDY1fQ.OzzgG4gsNaGpwMF8RctSFK8D_RICSkphUhecF616MQE [32m201[0m 386.375 ms - 21[0m
2023-03-15 15:54:26 info: =================================
2023-03-15 15:54:26 info: ======= ENV: development =======
2023-03-15 15:54:26 info: 🚀 App listening on the port 3000
2023-03-15 15:54:26 info: =================================
2023-03-15 15:54:31 info: =================================
2023-03-15 15:54:31 info: ======= ENV: development =======
2023-03-15 15:54:31 info: 🚀 App listening on the port 3000
2023-03-15 15:54:31 info: =================================
2023-03-15 15:54:35 info: =================================
2023-03-15 15:54:35 info: ======= ENV: development =======
2023-03-15 15:54:35 info: 🚀 App listening on the port 3000
2023-03-15 15:54:35 info: =================================
2023-03-15 15:54:52 info: =================================
2023-03-15 15:54:52 info: ======= ENV: development =======
2023-03-15 15:54:52 info: 🚀 App listening on the port 3000
2023-03-15 15:54:52 info: =================================
2023-03-15 15:54:52 info: [0mGET /users/confirmation/eyJhbGciOiJIUzI1NiIsInR5cCI6IkpXVCJ9.eyJkYXRhIjoiYTAzZjVjZTJkY2NiMjcwZmYzNTgxZDZjMGJiNjJlMjljOWQ0ZGFlNCIsImlhdCI6MTY3ODg5MTQ2NSwiZXhwIjoxNjc4ODk1MDY1fQ.OzzgG4gsNaGpwMF8RctSFK8D_RICSkphUhecF616MQE [32m201[0m 486.328 ms - 35[0m
2023-03-15 15:56:23 info: [0mPOST /signup [36m302[0m 806.601 ms - 508[0m
2023-03-15 15:56:42 info: [0mGET /users/confirmation/eyJhbGciOiJIUzI1NiIsInR5cCI6IkpXVCJ9.eyJkYXRhIjoiM2E2ZWJhOGY3NTQxNzFiMTlmOGFlNDUwOTRhMjc2OWEyZjZmYTI0NCIsImlhdCI6MTY3ODg5MjE4MywiZXhwIjoxNjc4ODk1NzgzfQ.ZFUmFC_bmbrVZkSmku1tVVQx8jTQknEXUFRl-_mwWRM [32m201[0m 366.159 ms - 35[0m
2023-03-15 15:56:42 info: [0mGET /favicon.ico [33m404[0m 1.665 ms - 150[0m
2023-03-15 16:02:41 info: =================================
2023-03-15 16:02:41 info: ======= ENV: development =======
2023-03-15 16:02:41 info: 🚀 App listening on the port 3000
2023-03-15 16:02:41 info: =================================
2023-03-15 16:02:44 info: =================================
2023-03-15 16:02:44 info: ======= ENV: development =======
2023-03-15 16:02:44 info: 🚀 App listening on the port 3000
2023-03-15 16:02:44 info: =================================
2023-03-15 16:02:49 info: =================================
2023-03-15 16:02:49 info: ======= ENV: development =======
2023-03-15 16:02:49 info: 🚀 App listening on the port 3000
2023-03-15 16:02:49 info: =================================
2023-03-15 16:03:04 info: [0mPOST /signup [32m201[0m 428.464 ms - 63[0m
2023-03-15 16:04:34 info: [0mPOST /signup [32m201[0m 449.014 ms - 63[0m
2023-03-15 16:05:19 info: [0mPOST /signup [32m201[0m 379.600 ms - 63[0m
2023-03-15 16:05:45 info: [0mPOST /signup [32m201[0m 435.172 ms - 63[0m
2023-03-15 16:06:19 info: [0mPOST /signup [32m201[0m 403.598 ms - 63[0m
2023-03-15 16:06:42 info: [0mPOST /signup [32m201[0m 401.464 ms - 63[0m
2023-03-15 16:07:19 info: [0mPOST /signup [32m201[0m 398.376 ms - 63[0m
2023-03-15 16:07:41 info: [0mPOST /signup [32m201[0m 401.277 ms - 63[0m
2023-03-15 16:08:03 info: [0mPOST /signup [32m201[0m 361.216 ms - 63[0m
2023-03-15 16:08:20 info: [0mPOST /signup [32m201[0m 371.794 ms - 63[0m
2023-03-15 16:08:37 info: [0mPOST /signup [32m201[0m 378.787 ms - 63[0m
2023-03-15 16:08:57 info: [0mPOST /signup [32m201[0m 361.626 ms - 63[0m
2023-03-15 16:10:32 info: =================================
2023-03-15 16:10:32 info: ======= ENV: development =======
2023-03-15 16:10:32 info: 🚀 App listening on the port 3000
2023-03-15 16:10:32 info: =================================
2023-03-15 16:10:47 info: =================================
2023-03-15 16:10:47 info: ======= ENV: development =======
2023-03-15 16:10:47 info: 🚀 App listening on the port 3000
2023-03-15 16:10:47 info: =================================
2023-03-15 16:10:58 info: =================================
2023-03-15 16:10:58 info: ======= ENV: development =======
2023-03-15 16:10:58 info: 🚀 App listening on the port 3000
2023-03-15 16:10:58 info: =================================
2023-03-15 16:11:04 info: =================================
2023-03-15 16:11:04 info: ======= ENV: development =======
2023-03-15 16:11:04 info: 🚀 App listening on the port 3000
2023-03-15 16:11:04 info: =================================
2023-03-15 16:11:16 info: =================================
2023-03-15 16:11:16 info: ======= ENV: development =======
2023-03-15 16:11:16 info: 🚀 App listening on the port 3000
2023-03-15 16:11:16 info: =================================
2023-03-15 16:11:26 info: =================================
2023-03-15 16:11:26 info: ======= ENV: development =======
2023-03-15 16:11:26 info: 🚀 App listening on the port 3000
2023-03-15 16:11:26 info: =================================
2023-03-15 16:11:33 info: =================================
2023-03-15 16:11:33 info: ======= ENV: development =======
2023-03-15 16:11:33 info: 🚀 App listening on the port 3000
2023-03-15 16:11:33 info: =================================
2023-03-15 16:11:44 info: =================================
2023-03-15 16:11:44 info: ======= ENV: development =======
2023-03-15 16:11:44 info: 🚀 App listening on the port 3000
2023-03-15 16:11:44 info: =================================
2023-03-15 16:11:47 info: =================================
2023-03-15 16:11:47 info: ======= ENV: development =======
2023-03-15 16:11:47 info: 🚀 App listening on the port 3000
2023-03-15 16:11:47 info: =================================
2023-03-15 16:11:57 info: =================================
2023-03-15 16:11:57 info: ======= ENV: development =======
2023-03-15 16:11:57 info: 🚀 App listening on the port 3000
2023-03-15 16:11:57 info: =================================
2023-03-15 16:12:03 info: =================================
2023-03-15 16:12:03 info: ======= ENV: development =======
2023-03-15 16:12:03 info: 🚀 App listening on the port 3000
2023-03-15 16:12:03 info: =================================
2023-03-15 16:12:11 info: =================================
2023-03-15 16:12:11 info: ======= ENV: development =======
2023-03-15 16:12:11 info: 🚀 App listening on the port 3000
2023-03-15 16:12:11 info: =================================
2023-03-15 16:12:25 info: [0mPOST /signup [36m302[0m 857.916 ms - 508[0m
2023-03-15 16:13:41 info: [0mPOST /signup [36m302[0m 649.500 ms - 505[0m
2023-03-15 16:14:12 info: [0mPOST /signup [36m302[0m 597.951 ms - 503[0m
2023-03-15 16:15:35 info: =================================
2023-03-15 16:15:35 info: ======= ENV: development =======
2023-03-15 16:15:35 info: 🚀 App listening on the port 3000
2023-03-15 16:15:35 info: =================================
2023-03-15 16:15:47 info: =================================
2023-03-15 16:15:47 info: ======= ENV: development =======
2023-03-15 16:15:47 info: 🚀 App listening on the port 3000
2023-03-15 16:15:47 info: =================================
2023-03-15 16:16:22 info: [0mGET /users/confirmation/eyJhbGciOiJIUzI1NiIsInR5cCI6IkpXVCJ9.eyJkYXRhIjoiOTFkMjc1OGM5ZDg1ZDgzZTA0YzY5MGM4MmM1MmYzZWY2N2Q1Y2NmZSIsImlhdCI6MTY3ODg5MzI1MiwiZXhwIjoxNjc4ODk2ODUyfQ.ApHLPAT-1p2N_WhwFszn0BUy-j523i-9_RYL9Q6oPlQ [32m201[0m 448.779 ms - 35[0m
2023-03-15 16:23:39 info: =================================
2023-03-15 16:23:39 info: ======= ENV: development =======
2023-03-15 16:23:39 info: 🚀 App listening on the port 3000
2023-03-15 16:23:39 info: =================================
2023-03-15 16:23:59 info: =================================
2023-03-15 16:23:59 info: ======= ENV: development =======
2023-03-15 16:23:59 info: 🚀 App listening on the port 3000
2023-03-15 16:23:59 info: =================================
2023-03-15 16:24:09 info: =================================
2023-03-15 16:24:09 info: ======= ENV: development =======
2023-03-15 16:24:09 info: 🚀 App listening on the port 3000
2023-03-15 16:24:09 info: =================================
2023-03-15 16:24:32 info: =================================
2023-03-15 16:24:32 info: ======= ENV: development =======
2023-03-15 16:24:32 info: 🚀 App listening on the port 3000
2023-03-15 16:24:32 info: =================================
2023-03-15 16:24:53 info: =================================
2023-03-15 16:24:53 info: ======= ENV: development =======
2023-03-15 16:24:53 info: 🚀 App listening on the port 3000
2023-03-15 16:24:53 info: =================================
2023-03-15 16:25:18 info: =================================
2023-03-15 16:25:18 info: ======= ENV: development =======
2023-03-15 16:25:18 info: 🚀 App listening on the port 3000
2023-03-15 16:25:18 info: =================================
2023-03-15 16:25:22 info: =================================
2023-03-15 16:25:22 info: ======= ENV: development =======
2023-03-15 16:25:22 info: 🚀 App listening on the port 3000
2023-03-15 16:25:22 info: =================================
2023-03-15 16:25:44 info: =================================
2023-03-15 16:25:44 info: ======= ENV: development =======
2023-03-15 16:25:44 info: 🚀 App listening on the port 3000
2023-03-15 16:25:44 info: =================================
2023-03-15 16:25:54 info: =================================
2023-03-15 16:25:54 info: ======= ENV: development =======
2023-03-15 16:25:54 info: 🚀 App listening on the port 3000
2023-03-15 16:25:54 info: =================================
2023-03-15 16:26:49 info: =================================
2023-03-15 16:26:49 info: ======= ENV: development =======
2023-03-15 16:26:49 info: 🚀 App listening on the port 3000
2023-03-15 16:26:49 info: =================================
2023-03-15 16:27:46 info: [0mGET /users/confirmation/eyJhbGciOiJIUzI1NiIsInR5cCI6IkpXVCJ9.eyJkYXRhIjoiOTFkMjc1OGM5ZDg1ZDgzZTA0YzY5MGM4MmM1MmYzZWY2N2Q1Y2NmZSIsImlhdCI6MTY3ODg5MzI1MiwiZXhwIjoxNjc4ODk2ODUyfQ.ApHLPAT-1p2N_WhwFszn0BUy-j523i-9_RYL9Q6oPlQ [32m201[0m 458.365 ms - 21[0m
2023-03-15 16:28:06 info: =================================
2023-03-15 16:28:06 info: ======= ENV: development =======
2023-03-15 16:28:06 info: 🚀 App listening on the port 3000
2023-03-15 16:28:06 info: =================================
2023-03-15 16:28:08 info: =================================
2023-03-15 16:28:08 info: ======= ENV: development =======
2023-03-15 16:28:08 info: 🚀 App listening on the port 3000
2023-03-15 16:28:08 info: =================================
2023-03-15 16:28:15 info: =================================
2023-03-15 16:28:15 info: ======= ENV: development =======
2023-03-15 16:28:15 info: 🚀 App listening on the port 3000
2023-03-15 16:28:15 info: =================================
2023-03-15 16:28:26 info: =================================
2023-03-15 16:28:26 info: ======= ENV: development =======
2023-03-15 16:28:26 info: 🚀 App listening on the port 3000
2023-03-15 16:28:26 info: =================================
2023-03-15 16:28:26 info: [0mGET /users/confirmation/eyJhbGciOiJIUzI1NiIsInR5cCI6IkpXVCJ9.eyJkYXRhIjoiOTFkMjc1OGM5ZDg1ZDgzZTA0YzY5MGM4MmM1MmYzZWY2N2Q1Y2NmZSIsImlhdCI6MTY3ODg5MzI1MiwiZXhwIjoxNjc4ODk2ODUyfQ.ApHLPAT-1p2N_WhwFszn0BUy-j523i-9_RYL9Q6oPlQ [32m201[0m 411.431 ms - 76[0m
2023-03-15 16:28:50 info: =================================
2023-03-15 16:28:50 info: ======= ENV: development =======
2023-03-15 16:28:50 info: 🚀 App listening on the port 3000
2023-03-15 16:28:50 info: =================================
2023-03-15 16:28:51 info: [0mGET /users/confirmation/eyJhbGciOiJIUzI1NiIsInR5cCI6IkpXVCJ9.eyJkYXRhIjoiOTFkMjc1OGM5ZDg1ZDgzZTA0YzY5MGM4MmM1MmYzZWY2N2Q1Y2NmZSIsImlhdCI6MTY3ODg5MzI1MiwiZXhwIjoxNjc4ODk2ODUyfQ.ApHLPAT-1p2N_WhwFszn0BUy-j523i-9_RYL9Q6oPlQ [32m201[0m 535.642 ms - 64[0m
2023-03-15 16:29:17 info: =================================
2023-03-15 16:29:17 info: ======= ENV: development =======
2023-03-15 16:29:17 info: 🚀 App listening on the port 3000
2023-03-15 16:29:17 info: =================================
2023-03-15 16:29:20 info: [0mGET /users/confirmation/eyJhbGciOiJIUzI1NiIsInR5cCI6IkpXVCJ9.eyJkYXRhIjoiOTFkMjc1OGM5ZDg1ZDgzZTA0YzY5MGM4MmM1MmYzZWY2N2Q1Y2NmZSIsImlhdCI6MTY3ODg5MzI1MiwiZXhwIjoxNjc4ODk2ODUyfQ.ApHLPAT-1p2N_WhwFszn0BUy-j523i-9_RYL9Q6oPlQ [32m201[0m 417.894 ms - 44[0m
2023-03-15 16:30:46 info: =================================
2023-03-15 16:30:46 info: ======= ENV: development =======
2023-03-15 16:30:46 info: 🚀 App listening on the port 3000
2023-03-15 16:30:46 info: =================================
2023-03-15 16:30:47 info: [0mGET /users/confirmation/eyJhbGciOiJIUzI1NiIsInR5cCI6IkpXVCJ9.eyJkYXRhIjoiOTFkMjc1OGM5ZDg1ZDgzZTA0YzY5MGM4MmM1MmYzZWY2N2Q1Y2NmZSIsImlhdCI6MTY3ODg5MzI1MiwiZXhwIjoxNjc4ODk2ODUyfQ.ApHLPAT-1p2N_WhwFszn0BUy-j523i-9_RYL9Q6oPlQ [32m201[0m 458.276 ms - 49[0m
2023-03-15 16:30:57 info: =================================
2023-03-15 16:30:57 info: ======= ENV: development =======
2023-03-15 16:30:57 info: 🚀 App listening on the port 3000
2023-03-15 16:30:57 info: =================================
2023-03-15 16:31:23 info: =================================
2023-03-15 16:31:23 info: ======= ENV: development =======
2023-03-15 16:31:23 info: 🚀 App listening on the port 3000
2023-03-15 16:31:23 info: =================================
2023-03-15 16:31:38 info: =================================
2023-03-15 16:31:38 info: ======= ENV: development =======
2023-03-15 16:31:38 info: 🚀 App listening on the port 3000
2023-03-15 16:31:38 info: =================================
2023-03-15 16:32:20 info: [0mPOST /signup [32m201[0m 423.765 ms - 61[0m
2023-03-15 16:33:05 info: =================================
2023-03-15 16:33:05 info: ======= ENV: development =======
2023-03-15 16:33:05 info: 🚀 App listening on the port 3000
2023-03-15 16:33:05 info: =================================
2023-03-15 16:33:07 info: =================================
2023-03-15 16:33:07 info: ======= ENV: development =======
2023-03-15 16:33:07 info: 🚀 App listening on the port 3000
2023-03-15 16:33:07 info: =================================
2023-03-15 16:33:11 info: =================================
2023-03-15 16:33:11 info: ======= ENV: development =======
2023-03-15 16:33:11 info: 🚀 App listening on the port 3000
2023-03-15 16:33:11 info: =================================
2023-03-15 16:33:15 info: =================================
2023-03-15 16:33:15 info: ======= ENV: development =======
2023-03-15 16:33:15 info: 🚀 App listening on the port 3000
2023-03-15 16:33:15 info: =================================
2023-03-15 16:33:27 info: =================================
2023-03-15 16:33:27 info: ======= ENV: development =======
2023-03-15 16:33:27 info: 🚀 App listening on the port 3000
2023-03-15 16:33:27 info: =================================
2023-03-15 16:33:39 info: [0mPOST /signup [36m302[0m 653.338 ms - 282[0m
2023-03-15 16:33:59 info: [0mGET /users/confirmation/eyJhbGciOiJIUzI1NiIsInR5cCI6IkpXVCJ9.eyJkYXRhIjoiZjM5MWQyNzU4YzlkODVkODNlMDRjNjkwYzgyYzUyZjNlZjY3ZDVjYyIsImlhdCI6MTY3ODg5MzIyMSwiZXhwIjoxNjc4ODk2ODIxfQ.qDtzo9EyHl6wqGCkFwkFHUjEx20Qvktkb2p2nNjl2qM [32m201[0m 575.499 ms - 2[0m
2023-03-15 16:34:11 info: [0mGET /users/confirmation/eyJhbGciOiJIUzI1NiIsInR5cCI6IkpXVCJ9.eyJkYXRhIjoiZjM5MWQyNzU4YzlkODVkODNlMDRjNjkwYzgyYzUyZjNlZjY3ZDVjYyIsImlhdCI6MTY3ODg5MzIyMSwiZXhwIjoxNjc4ODk2ODIxfQ.qDtzo9EyHl6wqGCkFwkFHUjEx20Qvktkb2p2nNjl2qM [32m201[0m 505.934 ms - 2[0m
2023-03-15 16:35:15 info: =================================
2023-03-15 16:35:15 info: ======= ENV: development =======
2023-03-15 16:35:15 info: 🚀 App listening on the port 3000
2023-03-15 16:35:15 info: =================================
2023-03-15 16:36:55 info: =================================
2023-03-15 16:36:55 info: ======= ENV: development =======
2023-03-15 16:36:55 info: 🚀 App listening on the port 3000
2023-03-15 16:36:55 info: =================================
2023-03-15 16:37:04 info: =================================
2023-03-15 16:37:04 info: ======= ENV: development =======
2023-03-15 16:37:04 info: 🚀 App listening on the port 3000
2023-03-15 16:37:04 info: =================================
2023-03-15 16:37:09 info: =================================
2023-03-15 16:37:09 info: ======= ENV: development =======
2023-03-15 16:37:09 info: 🚀 App listening on the port 3000
2023-03-15 16:37:09 info: =================================
2023-03-15 16:37:17 info: =================================
2023-03-15 16:37:17 info: ======= ENV: development =======
2023-03-15 16:37:17 info: 🚀 App listening on the port 3000
2023-03-15 16:37:17 info: =================================
2023-03-15 16:37:20 info: =================================
2023-03-15 16:37:20 info: ======= ENV: development =======
2023-03-15 16:37:20 info: 🚀 App listening on the port 3000
2023-03-15 16:37:20 info: =================================
2023-03-15 16:37:24 info: =================================
2023-03-15 16:37:24 info: ======= ENV: development =======
2023-03-15 16:37:24 info: 🚀 App listening on the port 3000
2023-03-15 16:37:24 info: =================================
2023-03-15 16:37:32 info: =================================
2023-03-15 16:37:32 info: ======= ENV: development =======
2023-03-15 16:37:32 info: 🚀 App listening on the port 3000
2023-03-15 16:37:32 info: =================================
2023-03-15 16:37:40 info: =================================
2023-03-15 16:37:40 info: ======= ENV: development =======
2023-03-15 16:37:40 info: 🚀 App listening on the port 3000
2023-03-15 16:37:40 info: =================================
2023-03-15 16:37:43 info: =================================
2023-03-15 16:37:43 info: ======= ENV: development =======
2023-03-15 16:37:43 info: 🚀 App listening on the port 3000
2023-03-15 16:37:43 info: =================================
2023-03-15 16:37:58 info: =================================
2023-03-15 16:37:58 info: ======= ENV: development =======
2023-03-15 16:37:58 info: 🚀 App listening on the port 3000
2023-03-15 16:37:58 info: =================================
2023-03-15 16:38:15 info: =================================
2023-03-15 16:38:15 info: ======= ENV: development =======
2023-03-15 16:38:15 info: 🚀 App listening on the port 3000
2023-03-15 16:38:15 info: =================================
2023-03-15 16:38:25 info: =================================
2023-03-15 16:38:25 info: ======= ENV: development =======
2023-03-15 16:38:25 info: 🚀 App listening on the port 3000
2023-03-15 16:38:25 info: =================================
2023-03-15 16:38:42 info: =================================
2023-03-15 16:38:42 info: ======= ENV: development =======
2023-03-15 16:38:42 info: 🚀 App listening on the port 3000
2023-03-15 16:38:42 info: =================================
2023-03-15 16:42:18 info: =================================
2023-03-15 16:42:19 info: ======= ENV: development =======
2023-03-15 16:42:19 info: 🚀 App listening on the port 3000
2023-03-15 16:42:19 info: =================================
2023-03-15 16:42:24 info: =================================
2023-03-15 16:42:24 info: ======= ENV: development =======
2023-03-15 16:42:24 info: 🚀 App listening on the port 3000
2023-03-15 16:42:24 info: =================================
2023-03-15 16:42:27 info: =================================
2023-03-15 16:42:27 info: ======= ENV: development =======
2023-03-15 16:42:27 info: 🚀 App listening on the port 3000
2023-03-15 16:42:27 info: =================================
2023-03-15 16:42:34 info: =================================
2023-03-15 16:42:34 info: ======= ENV: development =======
2023-03-15 16:42:34 info: 🚀 App listening on the port 3000
2023-03-15 16:42:34 info: =================================
2023-03-15 16:42:41 info: =================================
2023-03-15 16:42:41 info: ======= ENV: development =======
2023-03-15 16:42:41 info: 🚀 App listening on the port 3000
2023-03-15 16:42:41 info: =================================
2023-03-15 16:42:43 info: =================================
2023-03-15 16:42:43 info: ======= ENV: development =======
2023-03-15 16:42:43 info: 🚀 App listening on the port 3000
2023-03-15 16:42:43 info: =================================
2023-03-15 16:42:58 info: =================================
2023-03-15 16:42:58 info: ======= ENV: development =======
2023-03-15 16:42:58 info: 🚀 App listening on the port 3000
2023-03-15 16:42:58 info: =================================
2023-03-15 16:43:03 info: =================================
2023-03-15 16:43:03 info: ======= ENV: development =======
2023-03-15 16:43:03 info: 🚀 App listening on the port 3000
2023-03-15 16:43:03 info: =================================
2023-03-15 16:43:11 info: =================================
2023-03-15 16:43:11 info: ======= ENV: development =======
2023-03-15 16:43:11 info: 🚀 App listening on the port 3000
2023-03-15 16:43:11 info: =================================
2023-03-15 16:43:23 info: =================================
2023-03-15 16:43:23 info: ======= ENV: development =======
2023-03-15 16:43:23 info: 🚀 App listening on the port 3000
2023-03-15 16:43:23 info: =================================
2023-03-15 16:43:37 info: =================================
2023-03-15 16:43:37 info: ======= ENV: development =======
2023-03-15 16:43:37 info: 🚀 App listening on the port 3000
2023-03-15 16:43:37 info: =================================
2023-03-15 16:43:46 info: =================================
2023-03-15 16:43:46 info: ======= ENV: development =======
2023-03-15 16:43:46 info: 🚀 App listening on the port 3000
2023-03-15 16:43:46 info: =================================
2023-03-15 16:56:11 info: =================================
2023-03-15 16:56:11 info: ======= ENV: development =======
2023-03-15 16:56:11 info: 🚀 App listening on the port 3000
2023-03-15 16:56:11 info: =================================
