2023-06-04 12:44:41 info: =================================
2023-06-04 12:44:41 info: ======= ENV: development =======
2023-06-04 12:44:41 info: 🚀 App listening on the port 4000
2023-06-04 12:44:41 info: =================================
2023-06-04 12:54:10 info: [0mGET /albums/categories [32m201[0m 953.538 ms - 64[0m
2023-06-04 12:54:10 info: [0mGET /albums/popular [32m201[0m 1086.786 ms - -[0m
2023-06-04 12:54:12 info: [0mGET /albums/category/fjdsregknerujngdifjnigi [32m201[0m 1793.909 ms - -[0m
2023-06-04 13:07:04 info: [0mGET /albums/category/fjdsregknerujngdifjnigi [32m201[0m 1476.915 ms - -[0m
2023-06-04 13:11:30 info: [0mGET /albums/popular [32m201[0m 810.488 ms - -[0m
2023-06-04 13:11:30 info: [0mGET /albums/categories [32m201[0m 849.118 ms - 64[0m
2023-06-04 13:11:32 info: [0mGET /albums/category/fjdsregknerujngdifjnigi [32m201[0m 1427.785 ms - -[0m
2023-06-04 13:12:28 info: [0mGET /albums/popular [32m201[0m 717.215 ms - -[0m
2023-06-04 13:12:28 info: [0mGET /albums/categories [32m201[0m 753.133 ms - 64[0m
2023-06-04 13:12:28 info: [0mGET /albums/category/fjdsregknerujngdifjnigi [32m201[0m 1472.680 ms - -[0m
2023-06-04 13:12:46 info: [0mGET /albums/categories [32m201[0m 739.995 ms - 64[0m
2023-06-04 13:12:46 info: [0mGET /albums/popular [32m201[0m 753.433 ms - -[0m
2023-06-04 13:12:48 info: [0mGET /albums/category/fjdsregknerujngdifjnigi [32m201[0m 1504.144 ms - -[0m
2023-06-04 13:16:14 info: =================================
2023-06-04 13:16:14 info: ======= ENV: development =======
2023-06-04 13:16:14 info: 🚀 App listening on the port 4000
2023-06-04 13:16:14 info: =================================
2023-06-04 13:17:53 info: =================================
2023-06-04 13:17:53 info: ======= ENV: development =======
2023-06-04 13:17:53 info: 🚀 App listening on the port 4000
2023-06-04 13:17:53 info: =================================
2023-06-04 13:18:11 info: [0mGET /albums/categories [32m201[0m 895.599 ms - 64[0m
2023-06-04 13:18:11 info: [0mGET /albums/popular [32m201[0m 950.599 ms - -[0m
2023-06-04 13:18:13 info: [0mGET /albums/category/fjdsregknerujngdifjnigi [32m201[0m 1494.503 ms - -[0m
2023-06-04 13:18:42 info: [0mPOST /albums/cus_O11t5rN8Ww9ZVh [32m201[0m 3028.816 ms - 377[0m
2023-06-04 13:18:56 info: [0mPOST /albums/upload/2c1610291fbb1809e5377578cda87832dfda7e72 [32m201[0m 96.438 ms - 61[0m
2023-06-04 13:19:57 info: =================================
2023-06-04 13:19:57 info: ======= ENV: development =======
2023-06-04 13:19:57 info: 🚀 App listening on the port 4000
2023-06-04 13:19:57 info: =================================
2023-06-04 13:20:09 info: [0mPOST /albums/cus_O11t5rN8Ww9ZVh [32m201[0m 2347.891 ms - 377[0m
2023-06-04 13:20:19 info: [0mPOST /albums/upload/ad951ee16c35dbd6321e67e4e99e0230662e96f8 [32m201[0m 90.567 ms - 60[0m
2023-06-04 13:20:41 info: [0mGET /albums/categories [32m201[0m 767.040 ms - 64[0m
2023-06-04 13:20:41 info: [0mGET /albums/popular [32m201[0m 906.601 ms - -[0m
2023-06-04 13:20:43 info: [0mGET /albums/category/fjdsregknerujngdifjnigi [32m201[0m 1621.237 ms - -[0m
2023-06-04 13:21:24 info: [0mGET /files/albums/postPicture2c1610291fbb1809e5377578cda87832dfda7e7256062023.png [33m404[0m 8.532 ms - 215[0m
2023-06-04 13:23:19 info: =================================
2023-06-04 13:23:19 info: ======= ENV: development =======
2023-06-04 13:23:19 info: 🚀 App listening on the port 4000
2023-06-04 13:23:19 info: =================================
2023-06-04 13:23:35 info: [0mPOST /albums/cus_O11t5rN8Ww9ZVh [32m201[0m 2226.167 ms - 377[0m
2023-06-04 13:23:50 info: [0mPOST /albums/upload/b140f932ecdd4c94e496fe7a014563f8513c3238 [32m201[0m 102.442 ms - 60[0m
2023-06-04 13:24:06 info: [0mGET /albums/popular [32m201[0m 679.899 ms - -[0m
2023-06-04 13:24:06 info: [0mGET /albums/categories [32m201[0m 713.021 ms - 64[0m
2023-06-04 13:24:08 info: [0mGET /albums/category/fjdsregknerujngdifjnigi [32m201[0m 1444.315 ms - -[0m
2023-06-04 13:24:21 info: [0mGET /public/files/albums/postPictureb140f932ecdd4c94e496fe7a014563f8513c323850062023.png [33m404[0m 15.488 ms - 222[0m
2023-06-04 13:26:01 info: =================================
2023-06-04 13:26:01 info: ======= ENV: development =======
2023-06-04 13:26:01 info: 🚀 App listening on the port 4000
2023-06-04 13:26:01 info: =================================
2023-06-04 13:26:22 info: [0mPOST /albums/cus_O11t5rN8Ww9ZVh [32m201[0m 2126.982 ms - 377[0m
2023-06-04 13:26:36 info: [0mPOST /albums/upload/d4e6c1d3069f98640c7726e2d972fc55867b8369 [32m201[0m 121.935 ms - 60[0m
2023-06-04 13:26:51 info: [0mGET /albums/popular [32m201[0m 731.975 ms - -[0m
2023-06-04 13:26:51 info: [0mGET /albums/categories [32m201[0m 711.682 ms - 64[0m
2023-06-04 13:26:53 info: [0mGET /albums/category/fjdsregknerujngdifjnigi [32m201[0m 1426.502 ms - -[0m
2023-06-04 13:29:10 info: =================================
2023-06-04 13:29:10 info: ======= ENV: development =======
2023-06-04 13:29:10 info: 🚀 App listening on the port 4000
2023-06-04 13:29:10 info: =================================
2023-06-04 13:29:30 info: [0mGET /public/files/albums/mypic.pngd4e6c1d3069f98640c7726e2d972fc55867b836936062023.png [33m404[0m 53.848 ms - 220[0m
2023-06-04 13:36:25 info: =================================
2023-06-04 13:36:25 info: ======= ENV: development =======
2023-06-04 13:36:25 info: 🚀 App listening on the port 4000
2023-06-04 13:36:25 info: =================================
2023-06-04 13:37:02 info: =================================
2023-06-04 13:37:02 info: ======= ENV: development =======
2023-06-04 13:37:02 info: 🚀 App listening on the port 4000
2023-06-04 13:37:02 info: =================================
2023-06-04 13:37:20 info: [0mGET /public/files/albums/mypic.pngd4e6c1d3069f98640c7726e2d972fc55867b836936062023.png [33m404[0m 38.594 ms - 220[0m
2023-06-04 13:37:42 info: [0mGET /albums/categories [32m201[0m 960.602 ms - 64[0m
2023-06-04 13:37:42 info: [0mGET /albums/popular [32m201[0m 1008.927 ms - -[0m
2023-06-04 13:37:44 info: [0mGET /albums/category/fjdsregknerujngdifjnigi [32m201[0m 1508.060 ms - -[0m
2023-06-04 13:39:42 info: =================================
2023-06-04 13:39:42 info: ======= ENV: development =======
2023-06-04 13:39:42 info: 🚀 App listening on the port 4000
2023-06-04 13:39:42 info: =================================
2023-06-04 13:40:52 info: =================================
2023-06-04 13:40:52 info: ======= ENV: development =======
2023-06-04 13:40:52 info: 🚀 App listening on the port 4000
2023-06-04 13:40:52 info: =================================
2023-06-04 13:42:46 info: =================================
2023-06-04 13:42:46 info: ======= ENV: development =======
2023-06-04 13:42:46 info: 🚀 App listening on the port 4000
2023-06-04 13:42:46 info: =================================
2023-06-04 13:43:02 info: =================================
2023-06-04 13:43:02 info: ======= ENV: development =======
2023-06-04 13:43:02 info: 🚀 App listening on the port 4000
2023-06-04 13:43:02 info: =================================
2023-06-04 13:43:10 info: [0mGET /public/files/albums/mypic.pngd4e6c1d3069f98640c7726e2d972fc55867b836936062023.png [32m200[0m 58.929 ms - 606857[0m
2023-06-04 13:43:31 info: [0mGET /albums/popular [32m201[0m 1741.331 ms - -[0m
2023-06-04 13:43:33 info: [0mGET /albums/categories [32m201[0m 3734.186 ms - 64[0m
2023-06-04 13:43:37 info: [0mGET /albums/category/fjdsregknerujngdifjnigi [32m201[0m 4091.407 ms - -[0m
2023-06-04 14:13:54 info: [0mPOST /albums/cus_O11t5rN8Ww9ZVh [32m201[0m 2676.020 ms - 377[0m
2023-06-04 14:14:05 info: [0mPOST /albums/upload/871ba4fedfa18eeea72c90487f26f00eb408615b [32m201[0m 200.742 ms - 60[0m
2023-06-04 14:14:47 info: [0mGET /albums/categories [32m201[0m 763.218 ms - 64[0m
2023-06-04 14:14:47 info: [0mGET /albums/popular [32m201[0m 910.016 ms - 19[0m
2023-06-04 14:14:49 info: [0mGET /albums/category/fjdsregknerujngdifjnigi [32m201[0m 1602.452 ms - 663[0m
2023-06-04 14:15:32 info: [0mPOST /albums/cus_O11t5rN8Ww9ZVh [32m201[0m 2004.215 ms - 377[0m
2023-06-04 14:15:52 info: [0mPOST /albums/upload/1ba4fedfa18eeea72c90487f26f00eb408615bd2 [32m201[0m 61.603 ms - 60[0m
2023-06-04 14:16:07 info: [0mGET /albums/categories [32m201[0m 636.606 ms - 64[0m
2023-06-04 14:16:07 info: [0mGET /albums/popular [32m201[0m 680.057 ms - 19[0m
2023-06-04 14:16:09 info: [0mGET /albums/category/fjdsregknerujngdifjnigi [32m201[0m 1317.608 ms - -[0m
2023-06-04 14:17:27 info: [0mGET /albums/popular [32m201[0m 693.875 ms - 19[0m
2023-06-04 14:17:27 info: [0mGET /albums/categories [32m201[0m 752.397 ms - 64[0m
2023-06-04 14:17:29 info: [0mGET /albums/category/fjdsregknerujngdifjnigi [32m201[0m 1383.784 ms - -[0m
2023-06-04 14:18:40 info: [0mPOST /albums/upload/1ba4fedfa18eeea72c90487f26f00eb408615bd2 [32m201[0m 104.311 ms - 60[0m
2023-06-04 14:19:48 info: =================================
2023-06-04 14:19:48 info: ======= ENV: development =======
2023-06-04 14:19:48 info: 🚀 App listening on the port 4000
2023-06-04 14:19:48 info: =================================
2023-06-04 14:21:15 info: [0mPOST /albums/upload/1ba4fedfa18eeea72c90487f26f00eb408615bd2 [32m201[0m 146.546 ms - 60[0m
2023-06-04 14:21:58 info: [0mPOST /albums/cus_O11t5rN8Ww9ZVh [32m201[0m 2385.361 ms - 377[0m
2023-06-04 14:22:17 info: [0mPOST /albums/upload/d17e588bd4bc0d7308d8f6ba2f2ac544d1ea9073 [32m201[0m 137.313 ms - 60[0m
2023-06-04 14:22:36 info: [0mGET /albums/popular [32m201[0m 721.079 ms - 1023[0m
2023-06-04 14:22:36 info: [0mGET /albums/categories [32m201[0m 733.569 ms - 64[0m
2023-06-04 14:22:38 info: [0mGET /albums/category/fjdsregknerujngdifjnigi [32m201[0m 1499.398 ms - -[0m
2023-06-04 14:23:30 info: [0mGET /albums/popular [32m201[0m 746.837 ms - 1023[0m
2023-06-04 14:23:30 info: [0mGET /albums/categories [32m201[0m 883.291 ms - 64[0m
2023-06-04 14:23:32 info: [0mGET /albums/category/fjdsregknerujngdifjnigi [32m201[0m 1403.095 ms - -[0m
2023-06-04 14:23:42 info: [0mGET /public/files/albums/mypicpngd17e588bd4bc0d7308d8f6ba2f2ac544d1ea907317062023.png [32m200[0m 29.336 ms - 606857[0m
2023-06-04 14:24:33 info: [0mGET /albums/popular [32m201[0m 707.062 ms - 1023[0m
2023-06-04 14:24:33 info: [0mGET /albums/categories [32m201[0m 794.650 ms - 64[0m
2023-06-04 14:24:35 info: [0mGET /albums/category/fjdsregknerujngdifjnigi [32m201[0m 1423.055 ms - -[0m
2023-06-04 14:26:22 info: [0mGET /albums/categories [32m201[0m 750.527 ms - 64[0m
2023-06-04 14:26:22 info: [0mGET /albums/popular [32m201[0m 876.845 ms - 1023[0m
2023-06-04 14:26:24 info: [0mGET /albums/category/fjdsregknerujngdifjnigi [32m201[0m 1468.150 ms - -[0m
2023-06-04 14:26:24 info: [0mGET /public/files/albums/mypicpngd17e588bd4bc0d7308d8f6ba2f2ac544d1ea907317062023.png [32m200[0m 7.003 ms - 606857[0m
2023-06-04 14:29:53 info: [0mGET /albums/popular [32m201[0m 731.495 ms - 1023[0m
2023-06-04 14:29:54 info: [0mGET /albums/categories [32m201[0m 743.033 ms - 64[0m
2023-06-04 14:29:55 info: [0mGET /albums/category/fjdsregknerujngdifjnigi [32m201[0m 1588.142 ms - -[0m
2023-06-04 14:31:02 info: [0mGET /albums/popular [32m201[0m 789.388 ms - 1023[0m
2023-06-04 14:31:02 info: [0mGET /albums/categories [32m201[0m 827.916 ms - 64[0m
2023-06-04 14:31:04 info: [0mGET /albums/category/fjdsregknerujngdifjnigi [32m201[0m 1315.916 ms - -[0m
2023-06-04 14:31:12 info: [0mGET /albums/categories [32m201[0m 725.620 ms - 64[0m
2023-06-04 14:31:12 info: [0mGET /albums/popular [32m201[0m 755.796 ms - 1023[0m
2023-06-04 14:31:14 info: [0mGET /albums/category/fjdsregknerujngdifjnigi [32m201[0m 1395.202 ms - -[0m
2023-06-04 14:32:23 info: [0mGET /albums/categories [32m201[0m 710.506 ms - 64[0m
2023-06-04 14:32:23 info: [0mGET /albums/popular [32m201[0m 746.143 ms - 1023[0m
2023-06-04 14:32:25 info: [0mGET /albums/category/fjdsregknerujngdifjnigi [32m201[0m 1360.411 ms - -[0m
2023-06-04 14:53:02 info: [0mGET /albums/categories [32m201[0m 764.558 ms - 64[0m
2023-06-04 14:53:02 info: [0mGET /albums/popular [32m201[0m 794.793 ms - 1023[0m
2023-06-04 14:53:03 info: [0mGET /albums/category/fjdsregknerujngdifjnigi [32m201[0m 1438.803 ms - -[0m
2023-06-04 14:54:39 info: [0mGET /albums/popular [32m201[0m 713.595 ms - 1023[0m
2023-06-04 14:54:39 info: [0mGET /albums/categories [32m201[0m 732.879 ms - 64[0m
2023-06-04 14:54:41 info: [0mGET /albums/category/fjdsregknerujngdifjnigi [32m201[0m 1378.077 ms - -[0m
2023-06-04 14:55:23 info: [0mGET /albums/categories [32m201[0m 730.415 ms - 64[0m
2023-06-04 14:55:23 info: [0mGET /albums/popular [32m201[0m 758.872 ms - 1023[0m
2023-06-04 14:55:24 info: [0mGET /albums/category/fjdsregknerujngdifjnigi [32m201[0m 1292.786 ms - -[0m
2023-06-04 14:56:46 info: [0mGET /albums/categories [32m201[0m 700.532 ms - 64[0m
2023-06-04 14:56:46 info: [0mGET /albums/popular [32m201[0m 736.457 ms - 1023[0m
2023-06-04 14:56:48 info: [0mGET /albums/category/fjdsregknerujngdifjnigi [32m201[0m 1475.622 ms - -[0m
2023-06-04 14:59:06 info: [0mGET /albums/popular [32m201[0m 734.886 ms - 1023[0m
2023-06-04 14:59:06 info: [0mGET /albums/categories [32m201[0m 738.893 ms - 64[0m
2023-06-04 14:59:08 info: [0mGET /albums/category/fjdsregknerujngdifjnigi [32m201[0m 1408.331 ms - -[0m
2023-06-04 14:59:37 info: [0mGET /albums/popular [32m201[0m 740.360 ms - 1023[0m
2023-06-04 14:59:37 info: [0mGET /albums/categories [32m201[0m 728.295 ms - 64[0m
2023-06-04 14:59:39 info: [0mGET /albums/category/fjdsregknerujngdifjnigi [32m201[0m 1331.719 ms - -[0m
2023-06-04 15:00:10 info: [0mGET /albums/popular [32m201[0m 711.562 ms - 1023[0m
2023-06-04 15:00:10 info: [0mGET /albums/categories [32m201[0m 707.668 ms - 64[0m
2023-06-04 15:00:12 info: [0mGET /albums/category/fjdsregknerujngdifjnigi [32m201[0m 1373.207 ms - -[0m
2023-06-04 15:00:32 info: [0mGET /albums/popular [32m201[0m 789.245 ms - 1023[0m
2023-06-04 15:00:32 info: [0mGET /albums/categories [32m201[0m 784.541 ms - 64[0m
2023-06-04 15:00:34 info: [0mGET /albums/category/fjdsregknerujngdifjnigi [32m201[0m 1417.525 ms - -[0m
2023-06-04 15:00:34 info: [0mGET /public/files/albums/Picsart_22-03-01_14-57-46-602pngd17e588bd4bc0d7308d8f6ba2f2ac544d1ea907317062023.png [32m200[0m 3.690 ms - 845224[0m
2023-06-04 15:01:33 info: [0mGET /albums/popular [32m201[0m 709.380 ms - 1023[0m
2023-06-04 15:01:33 info: [0mGET /albums/categories [32m201[0m 723.016 ms - 64[0m
2023-06-04 15:01:35 info: [0mGET /albums/category/fjdsregknerujngdifjnigi [32m201[0m 1698.063 ms - -[0m
2023-06-04 15:03:07 info: [0mGET /albums/popular [32m201[0m 682.609 ms - 1023[0m
2023-06-04 15:03:07 info: [0mGET /albums/categories [32m201[0m 684.699 ms - 64[0m
2023-06-04 15:03:09 info: [0mGET /albums/category/fjdsregknerujngdifjnigi [32m201[0m 1660.862 ms - -[0m
2023-06-04 15:04:41 info: [0mGET /albums/popular [32m201[0m 724.405 ms - 1023[0m
2023-06-04 15:04:41 info: [0mGET /albums/categories [32m201[0m 729.787 ms - 64[0m
2023-06-04 15:04:43 info: [0mGET /albums/category/fjdsregknerujngdifjnigi [32m201[0m 1351.494 ms - -[0m
2023-06-04 15:07:17 info: [0mGET /albums/popular [32m201[0m 692.798 ms - 1023[0m
2023-06-04 15:07:17 info: [0mGET /albums/categories [32m201[0m 719.930 ms - 64[0m
2023-06-04 15:07:18 info: [0mGET /albums/category/fjdsregknerujngdifjnigi [32m201[0m 1337.520 ms - -[0m
2023-06-04 15:09:10 info: [0mGET /albums/categories [32m201[0m 726.507 ms - 64[0m
2023-06-04 15:09:10 info: [0mGET /albums/popular [32m201[0m 766.438 ms - 1023[0m
2023-06-04 15:09:12 info: [0mGET /albums/category/fjdsregknerujngdifjnigi [32m201[0m 1352.541 ms - -[0m
2023-06-04 15:10:48 info: [0mGET /albums/categories [32m201[0m 734.611 ms - 64[0m
2023-06-04 15:10:48 info: [0mGET /albums/popular [32m201[0m 759.912 ms - 1023[0m
2023-06-04 15:10:50 info: [0mGET /albums/category/fjdsregknerujngdifjnigi [32m201[0m 1329.993 ms - -[0m
2023-06-04 15:11:58 info: [0mGET /albums/popular [32m201[0m 709.488 ms - 1023[0m
2023-06-04 15:11:58 info: [0mGET /albums/categories [32m201[0m 755.061 ms - 64[0m
2023-06-04 15:12:00 info: [0mGET /albums/category/fjdsregknerujngdifjnigi [32m201[0m 1344.902 ms - -[0m
2023-06-04 15:13:11 info: [0mGET /albums/popular [32m201[0m 731.324 ms - 1023[0m
2023-06-04 15:13:11 info: [0mGET /albums/categories [32m201[0m 741.001 ms - 64[0m
2023-06-04 15:13:13 info: [0mGET /albums/category/fjdsregknerujngdifjnigi [32m201[0m 1338.427 ms - -[0m
2023-06-04 15:14:28 info: [0mGET /albums/categories [32m201[0m 720.626 ms - 64[0m
2023-06-04 15:14:28 info: [0mGET /albums/popular [32m201[0m 832.144 ms - 1023[0m
2023-06-04 15:14:30 info: [0mGET /albums/category/fjdsregknerujngdifjnigi [32m201[0m 2020.721 ms - -[0m
2023-06-04 15:17:38 info: [0mGET /albums/popular [32m201[0m 863.373 ms - 1023[0m
2023-06-04 15:17:38 info: [0mGET /albums/categories [32m201[0m 1115.507 ms - 64[0m
2023-06-04 15:17:40 info: [0mGET /albums/category/fjdsregknerujngdifjnigi [32m201[0m 1872.846 ms - -[0m
2023-06-04 15:24:29 info: =================================
2023-06-04 15:24:29 info: ======= ENV: development =======
2023-06-04 15:24:29 info: 🚀 App listening on the port 4000
2023-06-04 15:24:29 info: =================================
2023-06-04 15:24:37 info: [0mPOST /albums/upload/d17e588bd4bc0d7308d8f6ba2f2ac544d1ea9073 [32m201[0m 148.231 ms - 60[0m
2023-06-04 15:24:50 info: [0mPOST /albums/cus_O11t5rN8Ww9ZVh [32m201[0m 2644.009 ms - 377[0m
2023-06-04 15:25:00 info: [0mPOST /albums/upload/e46dae47e1c4a04c0b00ba5bf00a14b38ed3e9e5 [32m201[0m 56.849 ms - 60[0m
2023-06-04 15:27:06 info: =================================
2023-06-04 15:27:06 info: ======= ENV: development =======
2023-06-04 15:27:06 info: 🚀 App listening on the port 4000
2023-06-04 15:27:06 info: =================================
2023-06-04 15:27:17 info: [0mPOST /albums/upload/e46dae47e1c4a04c0b00ba5bf00a14b38ed3e9e5 [32m201[0m 216.597 ms - 60[0m
2023-06-04 15:27:26 info: [0mPOST /albums/cus_O11t5rN8Ww9ZVh [32m201[0m 2341.555 ms - 377[0m
2023-06-04 15:27:35 info: [0mPOST /albums/upload/9de0ca407278611ad6ee8decd4fd1ea7157b895d [32m201[0m 52.209 ms - 60[0m
2023-06-04 15:27:52 info: [0mGET /albums/categories [32m201[0m 770.863 ms - 64[0m
2023-06-04 15:27:53 info: [0mGET /albums/popular [32m201[0m 1085.699 ms - -[0m
2023-06-04 15:27:54 info: [0mGET /albums/category/fjdsregknerujngdifjnigi [32m201[0m 1592.016 ms - -[0m
2023-06-04 15:27:55 info: [0mGET /public/files/albums/Picsart_22-03-01_14-57-46-602pnge46dae47e1c4a04c0b00ba5bf00a14b38ed3e9e500062023png [33m404[0m 20.157 ms - 242[0m
2023-06-04 15:27:55 info: [0mGET /public/files/albums/mypicpng9de0ca407278611ad6ee8decd4fd1ea7157b895d35062023.png [32m200[0m 30.752 ms - 606857[0m
2023-06-04 15:28:00 info: [0mGET /public/files/albums/mypicpngd17e588bd4bc0d7308d8f6ba2f2ac544d1ea907337062023png [33m404[0m 8.549 ms - 218[0m
2023-06-04 15:28:01 info: [0mGET /public/files/albums/Picsart_22-03-01_14-57-46-602pngd17e588bd4bc0d7308d8f6ba2f2ac544d1ea907337062023png [33m404[0m 4.791 ms - 242[0m
2023-06-04 15:28:04 info: [0mGET /public/files/albums/Picsart_22-03-01_14-57-46-602pnge46dae47e1c4a04c0b00ba5bf00a14b38ed3e9e500062023png [33m404[0m 6.255 ms - 242[0m
2023-06-04 15:28:07 info: [0mGET /public/files/albums/Picsart_22-03-01_14-57-46-602pnge46dae47e1c4a04c0b00ba5bf00a14b38ed3e9e500062023png [33m404[0m 2.925 ms - 242[0m
2023-06-04 15:28:07 info: [0mGET /public/files/albums/mypicpnge46dae47e1c4a04c0b00ba5bf00a14b38ed3e9e500062023png [33m404[0m 5.683 ms - 218[0m
2023-06-04 15:28:09 info: [0mGET /public/files/albums/Picsart_22-03-01_14-57-46-602pnge46dae47e1c4a04c0b00ba5bf00a14b38ed3e9e517062023.png [32m200[0m 8.853 ms - 845224[0m
2023-06-04 15:28:10 info: [0mGET /public/files/albums/mypicpnge46dae47e1c4a04c0b00ba5bf00a14b38ed3e9e517062023.png [32m200[0m 9.755 ms - 606857[0m
2023-06-04 15:28:10 info: [0mGET /public/files/albums/mypicpnge46dae47e1c4a04c0b00ba5bf00a14b38ed3e9e500062023png [33m404[0m 4.931 ms - 218[0m
2023-06-04 15:28:11 info: [0mGET /public/files/albums/Picsart_22-03-01_14-57-46-602pnge46dae47e1c4a04c0b00ba5bf00a14b38ed3e9e500062023png [33m404[0m 5.085 ms - 242[0m
2023-06-04 15:28:12 info: [0mGET /public/files/albums/Picsart_22-03-01_14-57-46-602pnge46dae47e1c4a04c0b00ba5bf00a14b38ed3e9e500062023png [33m404[0m 9.367 ms - 242[0m
2023-06-04 15:28:14 info: [0mGET /public/files/albums/Picsart_22-03-01_14-57-46-602png9de0ca407278611ad6ee8decd4fd1ea7157b895d35062023.png [32m200[0m 5.657 ms - 845224[0m
2023-06-04 15:28:16 info: [0mGET /public/files/albums/Picsart_22-03-01_14-57-46-602pnge46dae47e1c4a04c0b00ba5bf00a14b38ed3e9e500062023png [33m404[0m 5.846 ms - 242[0m
2023-06-04 15:28:18 info: [0mGET /public/files/albums/mypicpngd17e588bd4bc0d7308d8f6ba2f2ac544d1ea907337062023png [33m404[0m 1.680 ms - 218[0m
2023-06-04 15:28:18 info: [0mGET /public/files/albums/Picsart_22-03-01_14-57-46-602pngd17e588bd4bc0d7308d8f6ba2f2ac544d1ea907337062023png [33m404[0m 5.510 ms - 242[0m
2023-06-04 15:28:20 info: [0mGET /public/files/albums/Picsart_22-03-01_14-57-46-602pnge46dae47e1c4a04c0b00ba5bf00a14b38ed3e9e500062023png [33m404[0m 5.003 ms - 242[0m
2023-06-04 15:28:41 info: [0mGET /public/files/albums/mypicpngd17e588bd4bc0d7308d8f6ba2f2ac544d1ea907337062023png [33m404[0m 5.836 ms - 218[0m
2023-06-04 15:28:41 info: [0mGET /public/files/albums/Picsart_22-03-01_14-57-46-602pngd17e588bd4bc0d7308d8f6ba2f2ac544d1ea907337062023png [33m404[0m 7.639 ms - 242[0m
2023-06-04 15:28:43 info: [0mGET /public/files/albums/Picsart_22-03-01_14-57-46-602pnge46dae47e1c4a04c0b00ba5bf00a14b38ed3e9e500062023png [33m404[0m 4.283 ms - 242[0m
2023-06-04 15:28:47 info: [0mGET /public/files/albums/mypicpnge46dae47e1c4a04c0b00ba5bf00a14b38ed3e9e500062023png [33m404[0m 3.938 ms - 218[0m
2023-06-04 15:28:47 info: [0mGET /public/files/albums/Picsart_22-03-01_14-57-46-602pnge46dae47e1c4a04c0b00ba5bf00a14b38ed3e9e500062023png [33m404[0m 5.105 ms - 242[0m
2023-06-04 15:28:49 info: [0mGET /public/files/albums/Picsart_22-03-01_14-57-46-602pnge46dae47e1c4a04c0b00ba5bf00a14b38ed3e9e500062023png [33m404[0m 3.896 ms - 242[0m
2023-06-04 15:30:41 info: [0mGET /albums/categories [32m201[0m 744.529 ms - 64[0m
2023-06-04 15:30:41 info: [0mGET /albums/popular [32m201[0m 773.934 ms - -[0m
2023-06-04 15:30:43 info: [0mGET /albums/category/fjdsregknerujngdifjnigi [32m201[0m 1414.876 ms - -[0m
2023-06-04 15:30:43 info: [0mGET /public/files/albums/Picsart_22-03-01_14-57-46-602pnge46dae47e1c4a04c0b00ba5bf00a14b38ed3e9e500062023png [33m404[0m 3.713 ms - 242[0m
2023-06-04 15:30:44 info: [0mGET /public/files/albums/mypicpngd17e588bd4bc0d7308d8f6ba2f2ac544d1ea907337062023png [33m404[0m 6.046 ms - 218[0m
2023-06-04 15:30:44 info: [0mGET /public/files/albums/Picsart_22-03-01_14-57-46-602pngd17e588bd4bc0d7308d8f6ba2f2ac544d1ea907337062023png [33m404[0m 15.265 ms - 242[0m
2023-06-04 15:30:47 info: [0mGET /public/files/albums/Picsart_22-03-01_14-57-46-602pnge46dae47e1c4a04c0b00ba5bf00a14b38ed3e9e500062023png [33m404[0m 3.900 ms - 242[0m
2023-06-04 15:31:38 info: [0mGET /albums/popular [32m201[0m 795.406 ms - -[0m
2023-06-04 15:31:38 info: [0mGET /albums/categories [32m201[0m 825.809 ms - 64[0m
2023-06-04 15:31:40 info: [0mGET /albums/category/fjdsregknerujngdifjnigi [32m201[0m 1400.123 ms - -[0m
2023-06-04 15:31:40 info: [0mGET /public/files/albums/Picsart_22-03-01_14-57-46-602pnge46dae47e1c4a04c0b00ba5bf00a14b38ed3e9e500062023png [33m404[0m 3.125 ms - 242[0m
2023-06-04 15:31:44 info: [0mGET /public/files/albums/mypicpngd17e588bd4bc0d7308d8f6ba2f2ac544d1ea907337062023png [33m404[0m 5.939 ms - 218[0m
2023-06-04 15:31:44 info: [0mGET /public/files/albums/Picsart_22-03-01_14-57-46-602pngd17e588bd4bc0d7308d8f6ba2f2ac544d1ea907337062023png [33m404[0m 8.199 ms - 242[0m
2023-06-04 15:31:46 info: [0mGET /public/files/albums/Picsart_22-03-01_14-57-46-602pnge46dae47e1c4a04c0b00ba5bf00a14b38ed3e9e500062023png [33m404[0m 3.823 ms - 242[0m
2023-06-04 15:33:36 info: [0mGET /albums/popular [32m201[0m 721.379 ms - -[0m
2023-06-04 15:33:36 info: [0mGET /albums/categories [32m201[0m 752.429 ms - 64[0m
2023-06-04 15:33:38 info: [0mGET /albums/category/fjdsregknerujngdifjnigi [32m201[0m 1469.765 ms - -[0m
2023-06-04 15:33:38 info: [0mGET /public/files/albums/Picsart_22-03-01_14-57-46-602pnge46dae47e1c4a04c0b00ba5bf00a14b38ed3e9e500062023png [33m404[0m 3.920 ms - 242[0m
2023-06-04 15:33:42 info: [0mGET /public/files/albums/Picsart_22-03-01_14-57-46-602pngd17e588bd4bc0d7308d8f6ba2f2ac544d1ea907337062023png [33m404[0m 9.663 ms - 242[0m
2023-06-04 15:33:42 info: [0mGET /public/files/albums/mypicpngd17e588bd4bc0d7308d8f6ba2f2ac544d1ea907337062023png [33m404[0m 32.610 ms - 218[0m
2023-06-04 15:33:50 info: [0mGET /public/files/albums/Picsart_22-03-01_14-57-46-602pnge46dae47e1c4a04c0b00ba5bf00a14b38ed3e9e500062023png [33m404[0m 4.231 ms - 242[0m
2023-06-04 15:34:22 info: [0mGET /albums/popular [32m201[0m 705.429 ms - -[0m
2023-06-04 15:34:22 info: [0mGET /albums/categories [32m201[0m 716.219 ms - 64[0m
2023-06-04 15:34:24 info: [0mGET /albums/category/fjdsregknerujngdifjnigi [32m201[0m 1425.853 ms - -[0m
2023-06-04 15:34:24 info: [0mGET /public/files/albums/Picsart_22-03-01_14-57-46-602pnge46dae47e1c4a04c0b00ba5bf00a14b38ed3e9e500062023png [33m404[0m 4.626 ms - 242[0m
2023-06-04 15:34:25 info: [0mGET /public/files/albums/mypicpngd17e588bd4bc0d7308d8f6ba2f2ac544d1ea907337062023png [33m404[0m 9.722 ms - 218[0m
2023-06-04 15:34:25 info: [0mGET /public/files/albums/Picsart_22-03-01_14-57-46-602pngd17e588bd4bc0d7308d8f6ba2f2ac544d1ea907337062023png [33m404[0m 14.951 ms - 242[0m
2023-06-04 15:35:49 info: [0mGET /albums/categories [32m201[0m 694.276 ms - 64[0m
2023-06-04 15:35:49 info: [0mGET /albums/popular [32m201[0m 713.038 ms - -[0m
2023-06-04 15:35:50 info: [0mGET /albums/category/fjdsregknerujngdifjnigi [32m201[0m 1376.435 ms - -[0m
2023-06-04 15:35:51 info: [0mGET /public/files/albums/Picsart_22-03-01_14-57-46-602pnge46dae47e1c4a04c0b00ba5bf00a14b38ed3e9e500062023png [33m404[0m 1.600 ms - 242[0m
2023-06-04 15:35:59 info: [0mGET /albums/popular [32m201[0m 692.911 ms - -[0m
2023-06-04 15:35:59 info: [0mGET /albums/categories [32m201[0m 749.913 ms - 64[0m
2023-06-04 15:36:00 info: [0mGET /public/files/albums/Picsart_22-03-01_14-57-46-602pngd17e588bd4bc0d7308d8f6ba2f2ac544d1ea907337062023png [33m404[0m 7.000 ms - 242[0m
2023-06-04 15:36:00 info: [0mGET /public/files/albums/mypicpngd17e588bd4bc0d7308d8f6ba2f2ac544d1ea907337062023png [33m404[0m 20.253 ms - 218[0m
2023-06-04 15:36:00 info: [0mGET /albums/category/fjdsregknerujngdifjnigi [32m201[0m 1390.250 ms - -[0m
2023-06-04 15:36:58 info: [0mGET /albums/popular [32m201[0m 916.380 ms - -[0m
2023-06-04 15:36:58 info: [0mGET /albums/categories [32m201[0m 910.968 ms - 64[0m
2023-06-04 15:36:59 info: [0mGET /public/files/albums/mypicpngd17e588bd4bc0d7308d8f6ba2f2ac544d1ea907337062023png [33m404[0m 7.365 ms - 218[0m
2023-06-04 15:36:59 info: [0mGET /public/files/albums/Picsart_22-03-01_14-57-46-602pngd17e588bd4bc0d7308d8f6ba2f2ac544d1ea907337062023png [33m404[0m 7.143 ms - 242[0m
2023-06-04 15:37:01 info: [0mGET /albums/category/fjdsregknerujngdifjnigi [32m201[0m 2777.150 ms - -[0m
2023-06-04 15:37:20 info: [0mGET /albums/categories [32m201[0m 721.874 ms - 64[0m
2023-06-04 15:37:20 info: [0mGET /albums/popular [32m201[0m 759.414 ms - -[0m
2023-06-04 15:37:22 info: [0mGET /albums/category/fjdsregknerujngdifjnigi [32m201[0m 1412.767 ms - -[0m
2023-06-04 15:37:22 info: [0mGET /public/files/albums/Picsart_22-03-01_14-57-46-602pnge46dae47e1c4a04c0b00ba5bf00a14b38ed3e9e500062023png [33m404[0m 10.834 ms - 242[0m
2023-06-04 15:37:25 info: [0mGET /public/files/albums/mypicpngd17e588bd4bc0d7308d8f6ba2f2ac544d1ea907337062023png [33m404[0m 8.756 ms - 218[0m
2023-06-04 15:37:25 info: [0mGET /public/files/albums/Picsart_22-03-01_14-57-46-602pngd17e588bd4bc0d7308d8f6ba2f2ac544d1ea907337062023png [33m404[0m 10.022 ms - 242[0m
2023-06-04 15:38:05 info: [0mGET /albums/categories [32m201[0m 734.180 ms - 64[0m
2023-06-04 15:38:06 info: [0mGET /albums/popular [32m201[0m 788.238 ms - -[0m
2023-06-04 15:38:07 info: [0mGET /public/files/albums/mypicpngd17e588bd4bc0d7308d8f6ba2f2ac544d1ea907337062023png [33m404[0m 1.973 ms - 218[0m
2023-06-04 15:38:07 info: [0mGET /public/files/albums/Picsart_22-03-01_14-57-46-602pngd17e588bd4bc0d7308d8f6ba2f2ac544d1ea907337062023png [33m404[0m 5.982 ms - 242[0m
2023-06-04 15:38:07 info: [0mGET /albums/category/fjdsregknerujngdifjnigi [32m201[0m 1420.729 ms - -[0m
2023-06-04 15:38:21 info: [0mGET /albums/categories [32m201[0m 730.720 ms - 64[0m
2023-06-04 15:38:21 info: [0mGET /albums/popular [32m201[0m 758.063 ms - -[0m
2023-06-04 15:38:24 info: [0mGET /albums/category/fjdsregknerujngdifjnigi [32m201[0m 2813.873 ms - -[0m
2023-06-04 15:38:24 info: [0mGET /public/files/albums/Picsart_22-03-01_14-57-46-602pnge46dae47e1c4a04c0b00ba5bf00a14b38ed3e9e500062023png [33m404[0m 12.039 ms - 242[0m
2023-06-04 15:38:34 info: [0mGET /albums/popular [32m201[0m 693.331 ms - -[0m
2023-06-04 15:38:34 info: [0mGET /albums/categories [32m201[0m 707.078 ms - 64[0m
2023-06-04 15:38:36 info: [0mGET /public/files/albums/mypicpngd17e588bd4bc0d7308d8f6ba2f2ac544d1ea907337062023png [33m404[0m 27.653 ms - 218[0m
2023-06-04 15:38:36 info: [0mGET /public/files/albums/Picsart_22-03-01_14-57-46-602pngd17e588bd4bc0d7308d8f6ba2f2ac544d1ea907337062023png [33m404[0m 21.929 ms - 242[0m
2023-06-04 15:38:36 info: [0mGET /albums/category/fjdsregknerujngdifjnigi [32m201[0m 1414.683 ms - -[0m
2023-06-04 15:39:15 info: [0mGET /albums/categories [32m201[0m 751.583 ms - 64[0m
2023-06-04 15:39:15 info: [0mGET /albums/popular [32m201[0m 758.282 ms - -[0m
2023-06-04 15:39:16 info: [0mGET /albums/category/fjdsregknerujngdifjnigi [32m201[0m 1604.786 ms - -[0m
2023-06-04 15:39:17 info: [0mGET /public/files/albums/mypicpngd17e588bd4bc0d7308d8f6ba2f2ac544d1ea907337062023png [33m404[0m 3.521 ms - 218[0m
2023-06-04 15:39:17 info: [0mGET /public/files/albums/Picsart_22-03-01_14-57-46-602pngd17e588bd4bc0d7308d8f6ba2f2ac544d1ea907337062023png [33m404[0m 9.143 ms - 242[0m
2023-06-04 15:39:17 info: [0mGET /public/files/albums/Picsart_22-03-01_14-57-46-602pnge46dae47e1c4a04c0b00ba5bf00a14b38ed3e9e500062023png [33m404[0m 4.454 ms - 242[0m
2023-06-04 15:39:43 info: [0mGET /albums/categories [32m201[0m 717.425 ms - 64[0m
2023-06-04 15:39:44 info: [0mGET /albums/popular [32m201[0m 750.474 ms - -[0m
2023-06-04 15:39:45 info: [0mGET /public/files/albums/mypicpngd17e588bd4bc0d7308d8f6ba2f2ac544d1ea907337062023png [33m404[0m 5.372 ms - 218[0m
2023-06-04 15:39:45 info: [0mGET /public/files/albums/Picsart_22-03-01_14-57-46-602pngd17e588bd4bc0d7308d8f6ba2f2ac544d1ea907337062023png [33m404[0m 5.134 ms - 242[0m
2023-06-04 15:39:45 info: [0mGET /albums/category/fjdsregknerujngdifjnigi [32m201[0m 1393.730 ms - -[0m
2023-06-04 15:41:03 info: [0mGET /albums/popular [32m201[0m 717.424 ms - -[0m
2023-06-04 15:41:03 info: [0mGET /albums/categories [32m201[0m 783.148 ms - 64[0m
2023-06-04 15:41:04 info: [0mGET /albums/category/fjdsregknerujngdifjnigi [32m201[0m 1361.580 ms - -[0m
2023-06-04 15:41:05 info: [0mGET /public/files/albums/Picsart_22-03-01_14-57-46-602pnge46dae47e1c4a04c0b00ba5bf00a14b38ed3e9e500062023png [33m404[0m 4.073 ms - 242[0m
2023-06-04 15:43:04 info: [0mGET /albums/categories [32m201[0m 789.455 ms - 64[0m
2023-06-04 15:43:04 info: [0mGET /albums/popular [32m201[0m 798.752 ms - -[0m
2023-06-04 15:43:05 info: [0mGET /public/files/albums/mypicpngd17e588bd4bc0d7308d8f6ba2f2ac544d1ea907337062023png [33m404[0m 2.794 ms - 218[0m
2023-06-04 15:43:05 info: [0mGET /public/files/albums/Picsart_22-03-01_14-57-46-602pngd17e588bd4bc0d7308d8f6ba2f2ac544d1ea907337062023png [33m404[0m 4.224 ms - 242[0m
2023-06-04 15:43:06 info: [0mGET /albums/category/fjdsregknerujngdifjnigi [32m201[0m 1376.393 ms - -[0m
2023-06-04 15:43:09 info: [0mGET /public/files/albums/Picsart_22-03-01_14-57-46-602pnge46dae47e1c4a04c0b00ba5bf00a14b38ed3e9e500062023png [33m404[0m 4.292 ms - 242[0m
2023-06-04 15:43:11 info: [0mGET /public/files/albums/mypicpnge46dae47e1c4a04c0b00ba5bf00a14b38ed3e9e500062023png [33m404[0m 3.964 ms - 218[0m
2023-06-04 15:43:13 info: [0mGET /public/files/albums/Picsart_22-03-01_14-57-46-602pnge46dae47e1c4a04c0b00ba5bf00a14b38ed3e9e500062023png [33m404[0m 1.375 ms - 242[0m
2023-06-04 15:43:17 info: [0mGET /public/files/albums/Picsart_22-03-01_14-57-46-602pnge46dae47e1c4a04c0b00ba5bf00a14b38ed3e9e500062023png [33m404[0m 3.395 ms - 242[0m
2023-06-04 15:43:20 info: [0mGET /public/files/albums/mypicpngd17e588bd4bc0d7308d8f6ba2f2ac544d1ea907337062023png [33m404[0m 4.264 ms - 218[0m
2023-06-04 15:45:38 info: [0mGET /albums/categories [32m201[0m 723.743 ms - 64[0m
2023-06-04 15:45:38 info: [0mGET /albums/popular [32m201[0m 727.413 ms - -[0m
2023-06-04 15:45:39 info: [0mGET /albums/category/fjdsregknerujngdifjnigi [32m201[0m 1437.974 ms - -[0m
2023-06-04 15:45:40 info: [0mGET /public/files/albums/mypicpngd17e588bd4bc0d7308d8f6ba2f2ac544d1ea907337062023png [33m404[0m 1.190 ms - 218[0m
2023-06-04 15:45:40 info: [0mGET /public/files/albums/Picsart_22-03-01_14-57-46-602pngd17e588bd4bc0d7308d8f6ba2f2ac544d1ea907337062023png [33m404[0m 1.644 ms - 242[0m
2023-06-04 15:45:40 info: [0mGET /public/files/albums/Picsart_22-03-01_14-57-46-602pnge46dae47e1c4a04c0b00ba5bf00a14b38ed3e9e500062023png [33m404[0m 3.636 ms - 242[0m
2023-06-04 15:46:55 info: [0mGET /albums/categories [32m201[0m 724.929 ms - 64[0m
2023-06-04 15:46:55 info: [0mGET /albums/popular [32m201[0m 730.359 ms - -[0m
2023-06-04 15:46:56 info: [0mGET /albums/category/fjdsregknerujngdifjnigi [32m201[0m 1402.290 ms - -[0m
2023-06-04 15:46:57 info: [0mGET /public/files/albums/Picsart_22-03-01_14-57-46-602pnge46dae47e1c4a04c0b00ba5bf00a14b38ed3e9e500062023png [33m404[0m 4.830 ms - 242[0m
2023-06-04 15:47:18 info: [0mGET /public/files/albums/mypicpngd17e588bd4bc0d7308d8f6ba2f2ac544d1ea907337062023png [33m404[0m 9.410 ms - 218[0m
2023-06-04 15:47:23 info: [0mGET /public/files/albums/Picsart_22-03-01_14-57-46-602pnge46dae47e1c4a04c0b00ba5bf00a14b38ed3e9e500062023png [33m404[0m 4.409 ms - 242[0m
2023-06-04 21:55:58 info: =================================
2023-06-04 21:55:58 info: ======= ENV: development =======
2023-06-04 21:55:58 info: 🚀 App listening on the port 4000
2023-06-04 21:55:58 info: =================================
2023-06-04 21:58:52 info: [0mGET /albums/categories [32m201[0m 851.246 ms - 64[0m
2023-06-04 21:58:52 info: [0mGET /albums/popular [32m201[0m 892.573 ms - -[0m
2023-06-04 21:58:53 info: [0mGET /albums/category/fjdsregknerujngdifjnigi [32m201[0m 1478.015 ms - -[0m
2023-06-04 21:58:54 info: [0mGET /public/files/albums/Picsart_22-03-01_14-57-46-602pnge46dae47e1c4a04c0b00ba5bf00a14b38ed3e9e500062023png [33m404[0m 6.454 ms - 242[0m
2023-06-04 21:59:02 info: [0mGET /public/files/albums/Picsart_22-03-01_14-57-46-602pnge46dae47e1c4a04c0b00ba5bf00a14b38ed3e9e500062023png [33m404[0m 9.586 ms - 242[0m
2023-06-04 21:59:04 info: [0mGET /public/files/albums/Picsart_22-03-01_14-57-46-602pnge46dae47e1c4a04c0b00ba5bf00a14b38ed3e9e500062023png [33m404[0m 2.069 ms - 242[0m
2023-06-04 21:59:07 info: [0mGET /public/files/albums/Picsart_22-03-01_14-57-46-602pnge46dae47e1c4a04c0b00ba5bf00a14b38ed3e9e500062023png [33m404[0m 4.774 ms - 242[0m
2023-06-04 21:59:12 info: [0mGET /public/files/albums/Picsart_22-03-01_14-57-46-602pnge46dae47e1c4a04c0b00ba5bf00a14b38ed3e9e500062023png [33m404[0m 4.703 ms - 242[0m
2023-06-04 21:59:14 info: [0mGET /public/files/albums/Picsart_22-03-01_14-57-46-602pnge46dae47e1c4a04c0b00ba5bf00a14b38ed3e9e500062023png [33m404[0m 6.708 ms - 242[0m
2023-06-04 21:59:38 info: [0mGET /public/files/albums/Picsart_22-03-01_14-57-46-602pnge46dae47e1c4a04c0b00ba5bf00a14b38ed3e9e500062023png [33m404[0m 5.235 ms - 242[0m
2023-06-04 22:00:32 info: [0mGET /albums/categories [32m201[0m 843.580 ms - 64[0m
2023-06-04 22:00:32 info: [0mGET /albums/popular [32m201[0m 892.590 ms - -[0m
2023-06-04 22:00:34 info: [0mGET /albums/category/fjdsregknerujngdifjnigi [32m201[0m 1836.086 ms - -[0m
2023-06-04 22:00:34 info: [0mGET /public/files/albums/Picsart_22-03-01_14-57-46-602pnge46dae47e1c4a04c0b00ba5bf00a14b38ed3e9e500062023png [33m404[0m 2.640 ms - 242[0m
2023-06-04 22:01:22 info: [0mGET /albums/popular [32m201[0m 685.277 ms - -[0m
2023-06-04 22:01:22 info: [0mGET /albums/categories [32m201[0m 713.472 ms - 64[0m
2023-06-04 22:01:26 info: [0mGET /albums/category/fjdsregknerujngdifjnigi [32m201[0m 3400.946 ms - -[0m
2023-06-04 22:01:26 info: [0mGET /public/files/albums/Picsart_22-03-01_14-57-46-602pnge46dae47e1c4a04c0b00ba5bf00a14b38ed3e9e500062023png [33m404[0m 1.755 ms - 242[0m
2023-06-04 22:01:27 info: [0mGET /public/files/albums/mypicpngd17e588bd4bc0d7308d8f6ba2f2ac544d1ea907337062023png [33m404[0m 14.168 ms - 218[0m
2023-06-04 22:01:28 info: [0mGET /public/files/albums/Picsart_22-03-01_14-57-46-602pnge46dae47e1c4a04c0b00ba5bf00a14b38ed3e9e500062023png [33m404[0m 4.714 ms - 242[0m
2023-06-04 22:02:10 info: [0mGET /public/files/albums/Picsart_22-03-01_14-57-46-602pnge46dae47e1c4a04c0b00ba5bf00a14b38ed3e9e500062023png [33m404[0m 6.157 ms - 242[0m
2023-06-04 22:20:34 info: [0mGET /public/files/albums/Picsart_22-03-01_14-57-46-602pnge46dae47e1c4a04c0b00ba5bf00a14b38ed3e9e500062023png [33m404[0m 5.213 ms - 242[0m
2023-06-04 22:20:37 info: [0mGET /public/files/albums/Picsart_22-03-01_14-57-46-602pnge46dae47e1c4a04c0b00ba5bf00a14b38ed3e9e500062023png [33m404[0m 2.178 ms - 242[0m
2023-06-04 22:20:39 info: [0mGET /public/files/albums/mypicpngd17e588bd4bc0d7308d8f6ba2f2ac544d1ea907337062023png [33m404[0m 5.403 ms - 218[0m
2023-06-04 22:20:40 info: [0mGET /public/files/albums/Picsart_22-03-01_14-57-46-602pnge46dae47e1c4a04c0b00ba5bf00a14b38ed3e9e500062023png [33m404[0m 4.088 ms - 242[0m
2023-06-04 22:20:40 info: [0mGET /public/files/albums/mypicpngd17e588bd4bc0d7308d8f6ba2f2ac544d1ea907337062023png [33m404[0m 9.762 ms - 218[0m
2023-06-04 22:20:52 info: [0mGET /public/files/albums/Picsart_22-03-01_14-57-46-602pnge46dae47e1c4a04c0b00ba5bf00a14b38ed3e9e500062023png [33m404[0m 3.833 ms - 242[0m
2023-06-04 22:20:54 info: [0mGET /public/files/albums/mypicpngd17e588bd4bc0d7308d8f6ba2f2ac544d1ea907337062023png [33m404[0m 4.041 ms - 218[0m
2023-06-04 22:20:55 info: [0mGET /public/files/albums/Picsart_22-03-01_14-57-46-602pnge46dae47e1c4a04c0b00ba5bf00a14b38ed3e9e500062023png [33m404[0m 3.238 ms - 242[0m
2023-06-04 22:22:24 info: [0mGET /public/files/albums/mypicpngd17e588bd4bc0d7308d8f6ba2f2ac544d1ea907337062023png [33m404[0m 5.428 ms - 218[0m
2023-06-04 22:22:26 info: [0mGET /public/files/albums/Picsart_22-03-01_14-57-46-602pnge46dae47e1c4a04c0b00ba5bf00a14b38ed3e9e500062023png [33m404[0m 4.354 ms - 242[0m
2023-06-04 22:25:54 info: [0mGET /public/files/albums/Picsart_22-03-01_14-57-46-602pnge46dae47e1c4a04c0b00ba5bf00a14b38ed3e9e500062023png [33m404[0m 4.623 ms - 242[0m
2023-06-04 22:25:56 info: [0mGET /public/files/albums/mypicpngd17e588bd4bc0d7308d8f6ba2f2ac544d1ea907337062023png [33m404[0m 4.567 ms - 218[0m
2023-06-04 22:25:57 info: [0mGET /public/files/albums/Picsart_22-03-01_14-57-46-602pnge46dae47e1c4a04c0b00ba5bf00a14b38ed3e9e500062023png [33m404[0m 3.868 ms - 242[0m
2023-06-04 22:26:04 info: [0mGET /public/files/albums/Picsart_22-03-01_14-57-46-602pnge46dae47e1c4a04c0b00ba5bf00a14b38ed3e9e500062023png [33m404[0m 3.824 ms - 242[0m
2023-06-04 22:26:24 info: [0mGET /public/files/albums/Picsart_22-03-01_14-57-46-602pnge46dae47e1c4a04c0b00ba5bf00a14b38ed3e9e500062023png [33m404[0m 4.154 ms - 242[0m
2023-06-04 22:27:48 info: [0mGET /public/files/albums/mypicpngd17e588bd4bc0d7308d8f6ba2f2ac544d1ea907337062023png [33m404[0m 3.822 ms - 218[0m
2023-06-04 22:27:49 info: [0mGET /public/files/albums/Picsart_22-03-01_14-57-46-602pnge46dae47e1c4a04c0b00ba5bf00a14b38ed3e9e500062023png [33m404[0m 3.711 ms - 242[0m
2023-06-04 22:36:17 info: [0mGET /public/files/albums/Picsart_22-03-01_14-57-46-602pnge46dae47e1c4a04c0b00ba5bf00a14b38ed3e9e500062023png [33m404[0m 12.644 ms - 242[0m
2023-06-04 22:40:13 info: [0mGET /albums/categories [32m201[0m 762.874 ms - 64[0m
2023-06-04 22:40:13 info: [0mGET /albums/popular [32m201[0m 793.788 ms - -[0m
2023-06-04 22:40:14 info: [0mGET /albums/category/fjdsregknerujngdifjnigi [32m201[0m 1442.025 ms - -[0m
2023-06-04 22:40:15 info: [0mGET /public/files/albums/Picsart_22-03-01_14-57-46-602pnge46dae47e1c4a04c0b00ba5bf00a14b38ed3e9e500062023png [33m404[0m 3.345 ms - 242[0m
2023-06-04 22:40:33 info: [0mGET /public/files/albums/Picsart_22-03-01_14-57-46-602pnge46dae47e1c4a04c0b00ba5bf00a14b38ed3e9e500062023png [33m404[0m 6.573 ms - 242[0m
