2023-07-06 14:42:42 info: =================================
2023-07-06 14:42:42 info: ======= ENV: development =======
2023-07-06 14:42:42 info: 🚀 App listening on the port 4000
2023-07-06 14:42:42 info: =================================
2023-07-06 14:43:47 info: [0mPOST /login [32m200[0m 1243.146 ms - 44[0m
2023-07-06 14:44:04 info: [0mPOST /login [32m200[0m 440.771 ms - 44[0m
2023-07-06 14:44:09 info: [0mPOST /login [32m200[0m 423.826 ms - 44[0m
2023-07-06 14:44:59 error: [GET] /albums/popular >> StatusCode:: 403, Message:: Wrong authentication token
2023-07-06 14:44:59 info: [0mGET /albums/popular [33m403[0m 7.935 ms - 40[0m
2023-07-06 14:44:59 error: [GET] /albums/categories >> StatusCode:: 403, Message:: Wrong authentication token
2023-07-06 14:44:59 info: [0mGET /albums/categories [33m403[0m 5.276 ms - 40[0m
2023-07-06 14:46:58 error: [GET] /albums/popular >> StatusCode:: 403, Message:: Wrong authentication token
2023-07-06 14:46:58 info: [0mGET /albums/popular [33m403[0m 4.778 ms - 40[0m
2023-07-06 14:46:58 error: [GET] /albums/categories >> StatusCode:: 403, Message:: Wrong authentication token
2023-07-06 14:46:58 info: [0mGET /albums/categories [33m403[0m 3.816 ms - 40[0m
2023-07-06 14:46:58 error: [GET] /albums/popular >> StatusCode:: 403, Message:: Wrong authentication token
2023-07-06 14:46:58 info: [0mGET /albums/popular [33m403[0m 3.775 ms - 40[0m
2023-07-06 14:46:58 error: [GET] /albums/categories >> StatusCode:: 403, Message:: Wrong authentication token
2023-07-06 14:46:58 info: [0mGET /albums/categories [33m403[0m 3.804 ms - 40[0m
2023-07-06 14:46:59 error: [GET] /albums/popular >> StatusCode:: 403, Message:: Wrong authentication token
2023-07-06 14:46:59 info: [0mGET /albums/popular [33m403[0m 5.015 ms - 40[0m
2023-07-06 14:46:59 error: [GET] /albums/categories >> StatusCode:: 403, Message:: Wrong authentication token
2023-07-06 14:46:59 info: [0mGET /albums/categories [33m403[0m 4.253 ms - 40[0m
2023-07-06 14:47:24 error: [GET] /albums/popular >> StatusCode:: 403, Message:: Wrong authentication token
2023-07-06 14:47:24 info: [0mGET /albums/popular [33m403[0m 4.035 ms - 40[0m
2023-07-06 14:47:24 error: [GET] /albums/categories >> StatusCode:: 403, Message:: Wrong authentication token
2023-07-06 14:47:24 info: [0mGET /albums/categories [33m403[0m 4.152 ms - 40[0m
