2023-12-26 12:17:36 info: [0mPOST /login [32m200[0m 2989.581 ms - 628[0m
2023-12-26 12:17:40 info: [0mGET /users/plans/cus_PBbQBKCT5KXiiH [32m200[0m 2700.272 ms - 214[0m
2023-12-26 12:17:40 info: [0mGET /albums/all-categories [32m201[0m 2376.414 ms - 114[0m
2023-12-26 12:17:41 info: [0mGET /albums/random/0/cus_PBbQBKCT5KXiiH [32m201[0m 3330.988 ms - -[0m
2023-12-26 12:17:41 info: [0mGET /albums/popular/cus_PBbQBKCT5KXiiH [32m201[0m 3668.416 ms - -[0m
2023-12-26 12:17:41 info: [0mGET /albums/cus_PBbQBKCT5KXiiH [32m201[0m 4236.472 ms - -[0m
2023-12-26 12:17:51 info: [0mGET /wallet/cus_PBbQBKCT5KXiiH [32m201[0m 1681.123 ms - 16[0m
2023-12-26 12:18:00 info: [0mGET /notifications/cus_PBbQBKCT5KXiiH [32m201[0m 811.048 ms - 2[0m
2023-12-26 12:18:13 info: [0mGET /users/plans/e1d640e916c8628de70bf8ec0bd97461577cc85a [32m200[0m 1644.144 ms - 223[0m
2023-12-26 12:28:53 info: =================================
2023-12-26 12:28:53 info: ======= ENV: development =======
2023-12-26 12:28:53 info: 🚀 App listening on the port 8000
2023-12-26 12:28:53 info: =================================
2023-12-26 12:57:40 info: =================================
2023-12-26 12:57:40 info: ======= ENV: development =======
2023-12-26 12:57:40 info: 🚀 App listening on the port 8000
2023-12-26 12:57:40 info: =================================
2023-12-26 12:59:39 error: [POST] /users/subscribe/cus_PFkrPBF1tQEIJq >> StatusCode:: 400, Message:: Authentication token missing
2023-12-26 12:59:39 info: [0mPOST /users/subscribe/cus_PFkrPBF1tQEIJq [33m400[0m 28.254 ms - 42[0m
2023-12-26 12:59:51 info: [0mPOST /refresh [32m200[0m 4.923 ms - 248[0m
2023-12-26 13:00:16 info: [0mPOST /users/subscribe/cus_PFkrPBF1tQEIJq [32m200[0m 4145.379 ms - -[0m
2023-12-26 13:02:54 info: =================================
2023-12-26 13:02:54 info: ======= ENV: development =======
2023-12-26 13:02:54 info: 🚀 App listening on the port 8000
2023-12-26 13:02:54 info: =================================
2023-12-26 13:02:58 info: =================================
2023-12-26 13:02:58 info: ======= ENV: development =======
2023-12-26 13:02:58 info: 🚀 App listening on the port 8000
2023-12-26 13:02:58 info: =================================
2023-12-26 13:05:05 error: [GET] /users/plans/e1d640e916c8628de70bf8ec0bd97461577cc85a >> StatusCode:: 401, Message:: missing token
2023-12-26 13:05:05 info: [0mGET /users/plans/e1d640e916c8628de70bf8ec0bd97461577cc85a [33m401[0m 18.183 ms - 27[0m
2023-12-26 13:05:05 info: [0mPOST /refresh [32m200[0m 15.166 ms - 246[0m
2023-12-26 13:05:08 info: [0mGET /users/plans/e1d640e916c8628de70bf8ec0bd97461577cc85a [32m200[0m 1543.654 ms - 223[0m
2023-12-26 13:11:38 error: [GET] /users/plans/e1d640e916c8628de70bf8ec0bd97461577cc85a >> StatusCode:: 401, Message:: missing token
2023-12-26 13:11:38 info: [0mGET /users/plans/e1d640e916c8628de70bf8ec0bd97461577cc85a [33m401[0m 3.604 ms - 27[0m
2023-12-26 13:11:39 info: [0mPOST /refresh [32m200[0m 2.429 ms - 248[0m
2023-12-26 13:11:41 info: [0mGET /users/plans/e1d640e916c8628de70bf8ec0bd97461577cc85a [32m200[0m 1688.892 ms - 223[0m
2023-12-26 13:12:51 error: [GET] /users/plans/e1d640e916c8628de70bf8ec0bd97461577cc85a >> StatusCode:: 401, Message:: missing token
2023-12-26 13:12:51 info: [0mGET /users/plans/e1d640e916c8628de70bf8ec0bd97461577cc85a [33m401[0m 3.811 ms - 27[0m
2023-12-26 13:12:52 info: [0mPOST /refresh [32m200[0m 2.349 ms - 248[0m
2023-12-26 13:12:55 info: [0mGET /users/plans/e1d640e916c8628de70bf8ec0bd97461577cc85a [32m200[0m 1998.659 ms - 223[0m
2023-12-26 13:13:33 info: [0mGET /users/plans/e1d640e916c8628de70bf8ec0bd97461577cc85a [32m200[0m 1939.275 ms - 223[0m
2023-12-26 13:13:57 error: [GET] /users/plans/e1d640e916c8628de70bf8ec0bd97461577cc85a >> StatusCode:: 401, Message:: missing token
2023-12-26 13:13:57 info: [0mGET /users/plans/e1d640e916c8628de70bf8ec0bd97461577cc85a [33m401[0m 2.677 ms - 27[0m
2023-12-26 13:13:58 info: [0mPOST /refresh [32m200[0m 1.539 ms - 248[0m
2023-12-26 13:14:01 info: [0mGET /users/plans/e1d640e916c8628de70bf8ec0bd97461577cc85a [32m200[0m 2280.358 ms - 223[0m
2023-12-26 13:14:53 info: [0mGET /users/plans/e1d640e916c8628de70bf8ec0bd97461577cc85a [32m200[0m 2417.975 ms - 223[0m
2023-12-26 13:15:43 info: [0mPOST /subscribe/cus_PBbQBKCT5KXiiH [33m404[0m 1.795 ms - 168[0m
2023-12-26 13:16:45 info: [0mPOST /subscribe/cus_PBbQBKCT5KXiiH [33m404[0m 1.407 ms - 168[0m
2023-12-26 13:17:57 info: [0mPOST /subscribe/cus_PBbQBKCT5KXiiH [33m404[0m 0.844 ms - 168[0m
2023-12-26 13:18:52 info: [0mPOST /subscribe/cus_PBbQBKCT5KXiiH [33m404[0m 0.731 ms - 168[0m
2023-12-26 13:20:23 info: [0mPOST /subscribe/cus_PBbQBKCT5KXiiH [33m404[0m 0.702 ms - 168[0m
2023-12-26 13:22:38 info: [0mPOST /subscribe/cus_PBbQBKCT5KXiiH [33m404[0m 0.684 ms - 168[0m
2023-12-26 13:26:22 info: [0mPOST /subscribe/cus_PBbQBKCT5KXiiH [33m404[0m 0.699 ms - 168[0m
2023-12-26 13:26:29 info: [0mPOST /subscribe/cus_PBbQBKCT5KXiiH [33m404[0m 0.703 ms - 168[0m
2023-12-26 13:27:19 error: [POST] /users/subscribe/cus_PBbQBKCT5KXiiH >> StatusCode:: 401, Message:: missing token
2023-12-26 13:27:19 info: [0mPOST /users/subscribe/cus_PBbQBKCT5KXiiH [33m401[0m 3.436 ms - 27[0m
2023-12-26 13:27:19 info: [0mPOST /refresh [32m200[0m 9.627 ms - 248[0m
2023-12-26 13:27:24 info: [0mPOST /users/subscribe/cus_PBbQBKCT5KXiiH [32m200[0m 3984.154 ms - -[0m
2023-12-26 13:29:46 error: [POST] /users/subscribe/cus_PBbQBKCT5KXiiH >> StatusCode:: 401, Message:: missing token
2023-12-26 13:29:46 info: [0mPOST /users/subscribe/cus_PBbQBKCT5KXiiH [33m401[0m 2.528 ms - 27[0m
2023-12-26 13:29:46 info: [0mPOST /refresh [32m200[0m 1.494 ms - 248[0m
2023-12-26 13:29:50 info: [0mPOST /users/subscribe/cus_PBbQBKCT5KXiiH [32m200[0m 3576.158 ms - -[0m
2023-12-26 13:30:39 info: [0mPOST /users/subscribe/cus_PBbQBKCT5KXiiH [32m200[0m 3259.488 ms - -[0m
2023-12-26 13:31:39 error: [POST] /users/subscribe/cus_PBbQBKCT5KXiiH >> StatusCode:: 401, Message:: missing token
2023-12-26 13:31:39 info: [0mPOST /users/subscribe/cus_PBbQBKCT5KXiiH [33m401[0m 3.013 ms - 27[0m
2023-12-26 13:31:39 info: [0mPOST /refresh [32m200[0m 1.246 ms - 248[0m
2023-12-26 13:31:42 info: [0mPOST /users/subscribe/cus_PBbQBKCT5KXiiH [32m200[0m 2786.891 ms - -[0m
2023-12-26 13:32:03 info: [0mPOST /users/subscribe/cus_PBbQBKCT5KXiiH [32m200[0m 3262.566 ms - -[0m
2023-12-26 13:33:14 info: =================================
2023-12-26 13:33:14 info: ======= ENV: development =======
2023-12-26 13:33:14 info: 🚀 App listening on the port 8000
2023-12-26 13:33:14 info: =================================
2023-12-26 13:33:34 info: =================================
2023-12-26 13:33:34 info: ======= ENV: development =======
2023-12-26 13:33:34 info: 🚀 App listening on the port 8000
2023-12-26 13:33:34 info: =================================
2023-12-26 13:33:44 error: [POST] /users/subscribe/cus_PBbQBKCT5KXiiH >> StatusCode:: 401, Message:: missing token
2023-12-26 13:33:44 info: [0mPOST /users/subscribe/cus_PBbQBKCT5KXiiH [33m401[0m 31.818 ms - 27[0m
2023-12-26 13:33:45 info: [0mPOST /refresh [32m200[0m 4.270 ms - 248[0m
2023-12-26 13:33:49 info: [0mPOST /users/subscribe/cus_PBbQBKCT5KXiiH [32m200[0m 3469.446 ms - 423[0m
2023-12-26 13:34:10 info: =================================
2023-12-26 13:34:10 info: ======= ENV: development =======
2023-12-26 13:34:10 info: 🚀 App listening on the port 8000
2023-12-26 13:34:10 info: =================================
2023-12-26 13:34:22 info: [0mPOST /users/subscribe/cus_PBbQBKCT5KXiiH [32m200[0m 3475.614 ms - -[0m
2023-12-26 13:34:34 info: [0mGET /public/files/albums/postPicture5f539a43c377472363dbdd37af8a523e7b124a8022122023.png [33m404[0m 4.501 ms - 222[0m
2023-12-26 13:34:34 info: [0mGET /public/files/albums/postPicture9b11505cfe5bd9b6bef9ae840078e4734144b5d914122023.png [33m404[0m 5.529 ms - 222[0m
2023-12-26 13:34:34 info: [0mGET /public/files/albums/postPicture505cfe5bd9b6bef9ae840078e4734144b5d9dd6e43122023.png [33m404[0m 5.182 ms - 222[0m
2023-12-26 13:34:34 info: [0mGET /public/files/albums/postPictureb25e375f3a97b3467961505186a4241e2a6bbefb22122023.jpeg [33m404[0m 6.434 ms - 223[0m
2023-12-26 13:34:34 info: [0mGET /public/files/albums/postPicturef50e15909b11505cfe5bd9b6bef9ae840078e47327122023.png [33m404[0m 7.378 ms - 222[0m
2023-12-26 13:34:34 info: [0mGET /public/files/albums/postPicturebc134f12720fc7feb9b82da20c66021635b3d5ec16122023.octet-stream [33m404[0m 1.252 ms - 231[0m
2023-12-26 13:34:34 info: [0mGET /public/files/albums/postPicture5d2f8cd3f6f50e15909b11505cfe5bd9b6bef9ae42122023.png [33m404[0m 0.809 ms - 222[0m
2023-12-26 13:34:34 info: [0mGET /public/files/albums/postPicture0fd2c1bb9e191df6d10863a06755757a97f6c1bf31122023.octet-stream [33m404[0m 1.213 ms - 231[0m
2023-12-26 13:34:34 info: [0mGET /public/files/albums/postPictureffe7acebe0fd2c1bb9e191df6d10863a0675575746122023.octet-stream [33m404[0m 1.165 ms - 231[0m
2023-12-26 13:34:35 info: [0mGET /public/files/albums/postPicture3d30f9e2249b636e6a6d423149a491b02cfb8e3927122023.png [33m404[0m 0.701 ms - 222[0m
2023-12-26 13:34:35 info: [0mGET /public/files/albums/postPictureab1ea683903e4ee8f09207748b58848b796d30b002122023.octet-stream [33m404[0m 0.826 ms - 231[0m
2023-12-26 13:34:37 info: [0mGET /public/files/albums/postPicture0fd2c1bb9e191df6d10863a06755757a97f6c1bf31122023.octet-stream [33m404[0m 1.301 ms - 231[0m
2023-12-26 13:34:37 info: [0mGET /public/files/albums/postPicture9b11505cfe5bd9b6bef9ae840078e4734144b5d914122023.png [33m404[0m 2.036 ms - 222[0m
2023-12-26 13:34:37 info: [0mGET /public/files/albums/postPicture5f539a43c377472363dbdd37af8a523e7b124a8022122023.png [33m404[0m 0.965 ms - 222[0m
2023-12-26 13:34:37 info: [0mGET /public/files/albums/postPicture3d30f9e2249b636e6a6d423149a491b02cfb8e3927122023.png [33m404[0m 0.709 ms - 222[0m
2023-12-26 13:34:37 info: [0mGET /public/files/albums/postPicturebc134f12720fc7feb9b82da20c66021635b3d5ec16122023.octet-stream [33m404[0m 1.686 ms - 231[0m
2023-12-26 13:34:37 info: [0mGET /public/files/albums/postPictureb25e375f3a97b3467961505186a4241e2a6bbefb22122023.jpeg [33m404[0m 0.680 ms - 223[0m
2023-12-26 13:34:37 info: [0mGET /public/files/albums/postPictureffe7acebe0fd2c1bb9e191df6d10863a0675575746122023.octet-stream [33m404[0m 0.521 ms - 231[0m
2023-12-26 13:34:37 info: [0mGET /public/files/albums/postPicturef50e15909b11505cfe5bd9b6bef9ae840078e47327122023.png [33m404[0m 0.675 ms - 222[0m
2023-12-26 13:34:37 info: [0mGET /albums/plan/97f004a7b30776d4b031071bc78bf6dc9f52192f [32m200[0m 857.466 ms - 70[0m
2023-12-26 13:34:37 info: [0mGET /public/files/albums/postPicture5d2f8cd3f6f50e15909b11505cfe5bd9b6bef9ae42122023.png [33m404[0m 0.539 ms - 222[0m
2023-12-26 13:34:38 info: [0mGET /public/files/albums/postPicture505cfe5bd9b6bef9ae840078e4734144b5d9dd6e43122023.png [33m404[0m 0.555 ms - 222[0m
2023-12-26 13:34:38 info: [0mGET /public/files/albums/postPictureab1ea683903e4ee8f09207748b58848b796d30b002122023.octet-stream [33m404[0m 0.625 ms - 231[0m
2023-12-26 13:34:39 info: [0mGET /users/plans/e1d640e916c8628de70bf8ec0bd97461577cc85a [32m200[0m 1548.545 ms - 223[0m
2023-12-26 13:34:40 info: [0mGET /users/verify/checkForSale/cus_PBbQBKCT5KXiiH/97f004a7b30776d4b031071bc78bf6dc9f52192f/standard [32m200[0m 1726.973 ms - 4[0m
2023-12-26 13:34:41 info: [0mPOST /users/subscribe/cus_PBbQBKCT5KXiiH [32m200[0m 3231.706 ms - -[0m
2023-12-26 13:35:30 info: [0mGET /public/files/albums/postPicturef50e15909b11505cfe5bd9b6bef9ae840078e47327122023.png [33m404[0m 0.669 ms - 222[0m
2023-12-26 13:35:30 info: [0mGET /public/files/albums/postPicture0fd2c1bb9e191df6d10863a06755757a97f6c1bf31122023.octet-stream [33m404[0m 1.340 ms - 231[0m
2023-12-26 13:35:30 info: [0mGET /public/files/albums/postPicture505cfe5bd9b6bef9ae840078e4734144b5d9dd6e43122023.png [33m404[0m 1.513 ms - 222[0m
2023-12-26 13:35:30 info: [0mGET /public/files/albums/postPicture9b11505cfe5bd9b6bef9ae840078e4734144b5d914122023.png [33m404[0m 1.573 ms - 222[0m
2023-12-26 13:35:30 info: [0mGET /public/files/albums/postPicture5d2f8cd3f6f50e15909b11505cfe5bd9b6bef9ae42122023.png [33m404[0m 1.840 ms - 222[0m
2023-12-26 13:35:30 info: [0mGET /public/files/albums/postPicture5f539a43c377472363dbdd37af8a523e7b124a8022122023.png [33m404[0m 1.984 ms - 222[0m
2023-12-26 13:35:30 info: [0mGET /public/files/albums/postPicture3d30f9e2249b636e6a6d423149a491b02cfb8e3927122023.png [33m404[0m 1.665 ms - 222[0m
2023-12-26 13:35:30 info: [0mGET /public/files/albums/postPictureb25e375f3a97b3467961505186a4241e2a6bbefb22122023.jpeg [33m404[0m 2.595 ms - 223[0m
2023-12-26 13:35:30 info: [0mGET /public/files/albums/postPicturebc134f12720fc7feb9b82da20c66021635b3d5ec16122023.octet-stream [33m404[0m 2.329 ms - 231[0m
2023-12-26 13:35:30 info: [0mGET /public/files/albums/postPictureffe7acebe0fd2c1bb9e191df6d10863a0675575746122023.octet-stream [33m404[0m 2.724 ms - 231[0m
2023-12-26 13:35:31 info: [0mGET /public/files/albums/postPictureab1ea683903e4ee8f09207748b58848b796d30b002122023.octet-stream [33m404[0m 0.581 ms - 231[0m
2023-12-26 13:35:36 info: [0mGET /public/files/albums/postPictureb25e375f3a97b3467961505186a4241e2a6bbefb22122023.jpeg [33m404[0m 0.594 ms - 223[0m
2023-12-26 13:35:36 info: [0mGET /public/files/albums/postPictureffe7acebe0fd2c1bb9e191df6d10863a0675575746122023.octet-stream [33m404[0m 0.552 ms - 231[0m
2023-12-26 13:35:37 info: [0mGET /public/files/albums/postPicturebc134f12720fc7feb9b82da20c66021635b3d5ec16122023.octet-stream [33m404[0m 0.839 ms - 231[0m
2023-12-26 13:35:37 info: [0mGET /public/files/albums/postPictureab1ea683903e4ee8f09207748b58848b796d30b002122023.octet-stream [33m404[0m 1.227 ms - 231[0m
2023-12-26 13:35:37 info: [0mGET /public/files/albums/postPicture9b11505cfe5bd9b6bef9ae840078e4734144b5d914122023.png [33m404[0m 0.750 ms - 222[0m
2023-12-26 13:35:37 info: [0mGET /public/files/albums/postPicturef50e15909b11505cfe5bd9b6bef9ae840078e47327122023.png [33m404[0m 2.195 ms - 222[0m
2023-12-26 13:35:37 info: [0mGET /public/files/albums/postPicture505cfe5bd9b6bef9ae840078e4734144b5d9dd6e43122023.png [33m404[0m 2.365 ms - 222[0m
2023-12-26 13:35:37 info: [0mGET /public/files/albums/postPicture5d2f8cd3f6f50e15909b11505cfe5bd9b6bef9ae42122023.png [33m404[0m 2.855 ms - 222[0m
2023-12-26 13:35:37 info: [0mGET /public/files/albums/postPicture0fd2c1bb9e191df6d10863a06755757a97f6c1bf31122023.octet-stream [33m404[0m 3.404 ms - 231[0m
2023-12-26 13:35:37 info: [0mGET /public/files/albums/postPicture5f539a43c377472363dbdd37af8a523e7b124a8022122023.png [33m404[0m 0.793 ms - 222[0m
2023-12-26 13:35:37 info: [0mGET /public/files/albums/postPicture3d30f9e2249b636e6a6d423149a491b02cfb8e3927122023.png [33m404[0m 0.950 ms - 222[0m
2023-12-26 13:35:39 info: [0mGET /public/files/albums/postPictureb25e375f3a97b3467961505186a4241e2a6bbefb22122023.jpeg [33m404[0m 0.614 ms - 223[0m
2023-12-26 13:35:39 info: [0mGET /public/files/albums/postPicture5d2f8cd3f6f50e15909b11505cfe5bd9b6bef9ae42122023.png [33m404[0m 0.538 ms - 222[0m
2023-12-26 13:35:39 info: [0mGET /public/files/albums/postPictureab1ea683903e4ee8f09207748b58848b796d30b002122023.octet-stream [33m404[0m 0.595 ms - 231[0m
2023-12-26 13:35:39 info: [0mGET /public/files/albums/postPicture3d30f9e2249b636e6a6d423149a491b02cfb8e3927122023.png [33m404[0m 1.308 ms - 222[0m
2023-12-26 13:35:39 info: [0mGET /public/files/albums/postPictureffe7acebe0fd2c1bb9e191df6d10863a0675575746122023.octet-stream [33m404[0m 0.536 ms - 231[0m
2023-12-26 13:35:39 info: [0mGET /public/files/albums/postPicturebc134f12720fc7feb9b82da20c66021635b3d5ec16122023.octet-stream [33m404[0m 0.606 ms - 231[0m
2023-12-26 13:35:39 info: [0mGET /public/files/albums/postPicture9b11505cfe5bd9b6bef9ae840078e4734144b5d914122023.png [33m404[0m 1.307 ms - 222[0m
2023-12-26 13:35:39 info: [0mGET /public/files/albums/postPicture0fd2c1bb9e191df6d10863a06755757a97f6c1bf31122023.octet-stream [33m404[0m 2.054 ms - 231[0m
2023-12-26 13:35:39 info: [0mGET /public/files/albums/postPicture5f539a43c377472363dbdd37af8a523e7b124a8022122023.png [33m404[0m 2.250 ms - 222[0m
2023-12-26 13:35:40 info: [0mGET /public/files/albums/postPicturef50e15909b11505cfe5bd9b6bef9ae840078e47327122023.png [33m404[0m 0.566 ms - 222[0m
2023-12-26 13:35:40 info: [0mGET /albums/plan/97f004a7b30776d4b031071bc78bf6dc9f52192f [32m200[0m 894.988 ms - 70[0m
2023-12-26 13:35:40 info: [0mGET /public/files/albums/postPicture505cfe5bd9b6bef9ae840078e4734144b5d9dd6e43122023.png [33m404[0m 0.765 ms - 222[0m
2023-12-26 13:35:42 info: [0mGET /users/verify/checkForSale/cus_PBbQBKCT5KXiiH/97f004a7b30776d4b031071bc78bf6dc9f52192f/standard [32m200[0m 1593.126 ms - 4[0m
2023-12-26 13:35:48 info: [0mGET /public/files/albums/postPictureb25e375f3a97b3467961505186a4241e2a6bbefb22122023.jpeg [33m404[0m 0.790 ms - 223[0m
2023-12-26 13:35:48 info: [0mGET /public/files/albums/postPictureffe7acebe0fd2c1bb9e191df6d10863a0675575746122023.octet-stream [33m404[0m 0.622 ms - 231[0m
2023-12-26 13:35:48 info: [0mGET /public/files/albums/postPicturebc134f12720fc7feb9b82da20c66021635b3d5ec16122023.octet-stream [33m404[0m 0.749 ms - 231[0m
2023-12-26 13:35:49 info: [0mGET /public/files/albums/postPicturef50e15909b11505cfe5bd9b6bef9ae840078e47327122023.png [33m404[0m 1.054 ms - 222[0m
2023-12-26 13:35:49 info: [0mGET /public/files/albums/postPicture505cfe5bd9b6bef9ae840078e4734144b5d9dd6e43122023.png [33m404[0m 1.630 ms - 222[0m
2023-12-26 13:35:49 info: [0mGET /public/files/albums/postPicture9b11505cfe5bd9b6bef9ae840078e4734144b5d914122023.png [33m404[0m 1.384 ms - 222[0m
2023-12-26 13:35:49 info: [0mGET /public/files/albums/postPicture5d2f8cd3f6f50e15909b11505cfe5bd9b6bef9ae42122023.png [33m404[0m 1.648 ms - 222[0m
2023-12-26 13:35:49 info: [0mGET /public/files/albums/postPicture5f539a43c377472363dbdd37af8a523e7b124a8022122023.png [33m404[0m 1.998 ms - 222[0m
2023-12-26 13:35:49 info: [0mGET /public/files/albums/postPicture0fd2c1bb9e191df6d10863a06755757a97f6c1bf31122023.octet-stream [33m404[0m 1.705 ms - 231[0m
2023-12-26 13:35:49 info: [0mGET /public/files/albums/postPicture3d30f9e2249b636e6a6d423149a491b02cfb8e3927122023.png [33m404[0m 2.021 ms - 222[0m
2023-12-26 13:35:50 info: [0mGET /public/files/albums/postPictureab1ea683903e4ee8f09207748b58848b796d30b002122023.octet-stream [33m404[0m 0.541 ms - 231[0m
2023-12-26 13:35:56 info: [0mGET /public/files/albums/postPicture505cfe5bd9b6bef9ae840078e4734144b5d9dd6e43122023.png [33m404[0m 1.008 ms - 222[0m
2023-12-26 13:35:56 info: [0mGET /public/files/albums/postPicture9b11505cfe5bd9b6bef9ae840078e4734144b5d914122023.png [33m404[0m 1.560 ms - 222[0m
2023-12-26 13:35:57 info: [0mGET /public/files/albums/postPicture5f539a43c377472363dbdd37af8a523e7b124a8022122023.png [33m404[0m 1.060 ms - 222[0m
2023-12-26 13:35:57 info: [0mGET /public/files/albums/postPicture0fd2c1bb9e191df6d10863a06755757a97f6c1bf31122023.octet-stream [33m404[0m 1.210 ms - 231[0m
2023-12-26 13:35:57 info: [0mGET /public/files/albums/postPictureb25e375f3a97b3467961505186a4241e2a6bbefb22122023.jpeg [33m404[0m 1.303 ms - 223[0m
2023-12-26 13:35:57 info: [0mGET /public/files/albums/postPicture3d30f9e2249b636e6a6d423149a491b02cfb8e3927122023.png [33m404[0m 1.281 ms - 222[0m
2023-12-26 13:35:57 info: [0mGET /public/files/albums/postPicturef50e15909b11505cfe5bd9b6bef9ae840078e47327122023.png [33m404[0m 1.432 ms - 222[0m
2023-12-26 13:35:57 info: [0mGET /public/files/albums/postPicture5d2f8cd3f6f50e15909b11505cfe5bd9b6bef9ae42122023.png [33m404[0m 0.493 ms - 222[0m
2023-12-26 13:35:57 info: [0mGET /public/files/albums/postPicturebc134f12720fc7feb9b82da20c66021635b3d5ec16122023.octet-stream [33m404[0m 0.917 ms - 231[0m
2023-12-26 13:35:57 info: [0mGET /public/files/albums/postPictureffe7acebe0fd2c1bb9e191df6d10863a0675575746122023.octet-stream [33m404[0m 1.031 ms - 231[0m
2023-12-26 13:35:58 info: [0mGET /public/files/albums/postPictureab1ea683903e4ee8f09207748b58848b796d30b002122023.octet-stream [33m404[0m 1.224 ms - 231[0m
2023-12-26 13:36:00 info: [0mGET /public/files/albums/postPicture505cfe5bd9b6bef9ae840078e4734144b5d9dd6e43122023.png [33m404[0m 0.654 ms - 222[0m
2023-12-26 13:36:00 info: [0mGET /public/files/albums/postPicture5f539a43c377472363dbdd37af8a523e7b124a8022122023.png [33m404[0m 0.902 ms - 222[0m
2023-12-26 13:36:00 info: [0mGET /public/files/albums/postPictureab1ea683903e4ee8f09207748b58848b796d30b002122023.octet-stream [33m404[0m 1.247 ms - 231[0m
2023-12-26 13:36:00 info: [0mGET /public/files/albums/postPictureffe7acebe0fd2c1bb9e191df6d10863a0675575746122023.octet-stream [33m404[0m 0.818 ms - 231[0m
2023-12-26 13:36:00 info: [0mGET /public/files/albums/postPicturebc134f12720fc7feb9b82da20c66021635b3d5ec16122023.octet-stream [33m404[0m 0.975 ms - 231[0m
2023-12-26 13:36:00 info: [0mGET /public/files/albums/postPicture9b11505cfe5bd9b6bef9ae840078e4734144b5d914122023.png [33m404[0m 0.569 ms - 222[0m
2023-12-26 13:36:01 info: [0mGET /public/files/albums/postPicture0fd2c1bb9e191df6d10863a06755757a97f6c1bf31122023.octet-stream [33m404[0m 0.872 ms - 231[0m
2023-12-26 13:36:01 info: [0mGET /public/files/albums/postPicture5d2f8cd3f6f50e15909b11505cfe5bd9b6bef9ae42122023.png [33m404[0m 1.290 ms - 222[0m
2023-12-26 13:36:01 info: [0mGET /public/files/albums/postPictureb25e375f3a97b3467961505186a4241e2a6bbefb22122023.jpeg [33m404[0m 1.133 ms - 223[0m
2023-12-26 13:36:01 info: [0mGET /public/files/albums/postPicturef50e15909b11505cfe5bd9b6bef9ae840078e47327122023.png [33m404[0m 1.342 ms - 222[0m
2023-12-26 13:36:01 info: [0mGET /public/files/albums/postPicture3d30f9e2249b636e6a6d423149a491b02cfb8e3927122023.png [33m404[0m 0.520 ms - 222[0m
2023-12-26 13:36:07 info: [0mGET /public/files/albums/postPicture9b11505cfe5bd9b6bef9ae840078e4734144b5d914122023.png [33m404[0m 0.837 ms - 222[0m
2023-12-26 13:36:07 info: [0mGET /public/files/albums/postPicture505cfe5bd9b6bef9ae840078e4734144b5d9dd6e43122023.png [33m404[0m 0.592 ms - 222[0m
2023-12-26 13:36:07 info: [0mGET /public/files/albums/postPicturef50e15909b11505cfe5bd9b6bef9ae840078e47327122023.png [33m404[0m 0.587 ms - 222[0m
2023-12-26 13:36:07 info: [0mGET /public/files/albums/postPicture0fd2c1bb9e191df6d10863a06755757a97f6c1bf31122023.octet-stream [33m404[0m 0.792 ms - 231[0m
2023-12-26 13:36:07 info: [0mGET /public/files/albums/postPictureb25e375f3a97b3467961505186a4241e2a6bbefb22122023.jpeg [33m404[0m 1.099 ms - 223[0m
2023-12-26 13:36:07 info: [0mGET /public/files/albums/postPicturebc134f12720fc7feb9b82da20c66021635b3d5ec16122023.octet-stream [33m404[0m 2.101 ms - 231[0m
2023-12-26 13:36:07 info: [0mGET /public/files/albums/postPictureffe7acebe0fd2c1bb9e191df6d10863a0675575746122023.octet-stream [33m404[0m 2.487 ms - 231[0m
2023-12-26 13:36:07 info: [0mGET /public/files/albums/postPicture5d2f8cd3f6f50e15909b11505cfe5bd9b6bef9ae42122023.png [33m404[0m 0.487 ms - 222[0m
2023-12-26 13:36:07 info: [0mGET /public/files/albums/postPicture3d30f9e2249b636e6a6d423149a491b02cfb8e3927122023.png [33m404[0m 0.602 ms - 222[0m
2023-12-26 13:36:08 info: [0mGET /public/files/albums/postPicture5f539a43c377472363dbdd37af8a523e7b124a8022122023.png [33m404[0m 0.500 ms - 222[0m
2023-12-26 13:36:08 info: [0mGET /public/files/albums/postPictureab1ea683903e4ee8f09207748b58848b796d30b002122023.octet-stream [33m404[0m 0.441 ms - 231[0m
2023-12-26 13:36:09 info: [0mGET /albums/plan/97f004a7b30776d4b031071bc78bf6dc9f52192f [32m200[0m 854.466 ms - 70[0m
2023-12-26 13:36:24 info: [0mGET /public/files/albums/postPictureb25e375f3a97b3467961505186a4241e2a6bbefb22122023.jpeg [33m404[0m 0.430 ms - 223[0m
2023-12-26 13:36:24 info: [0mGET /public/files/albums/postPicture0fd2c1bb9e191df6d10863a06755757a97f6c1bf31122023.octet-stream [33m404[0m 1.681 ms - 231[0m
2023-12-26 13:36:24 info: [0mGET /public/files/albums/postPicture9b11505cfe5bd9b6bef9ae840078e4734144b5d914122023.png [33m404[0m 2.427 ms - 222[0m
