2023-03-26 00:13:48 info: =================================
2023-03-26 00:13:48 info: ======= ENV: development =======
2023-03-26 00:13:48 info: 🚀 App listening on the port 3000
2023-03-26 00:13:48 info: =================================
2023-03-26 00:14:01 info: [0mPOST /users/buy/6f7bc771c4c0c76b81d41bdb3726cac97b720166 [32m200[0m 1056.939 ms - 57[0m
2023-03-26 00:14:58 info: =================================
2023-03-26 00:14:58 info: ======= ENV: development =======
2023-03-26 00:14:58 info: 🚀 App listening on the port 3000
2023-03-26 00:14:58 info: =================================
2023-03-26 00:15:01 info: [0mPOST /users/buy/6f7bc771c4c0c76b81d41bdb3726cac97b720166 [32m200[0m 644.280 ms - 57[0m
2023-03-26 00:15:22 info: =================================
2023-03-26 00:15:22 info: ======= ENV: development =======
2023-03-26 00:15:22 info: 🚀 App listening on the port 3000
2023-03-26 00:15:22 info: =================================
2023-03-26 00:15:26 info: [0mPOST /users/buy/6f7bc771c4c0c76b81d41bdb3726cac97b720166 [32m200[0m 668.383 ms - 57[0m
2023-03-26 00:16:37 info: =================================
2023-03-26 00:16:37 info: ======= ENV: development =======
2023-03-26 00:16:37 info: 🚀 App listening on the port 3000
2023-03-26 00:16:37 info: =================================
2023-03-26 00:16:40 info: [0mPOST /users/buy/6f7bc771c4c0c76b81d41bdb3726cac97b720166 [32m200[0m 634.918 ms - 57[0m
2023-03-26 00:17:20 info: =================================
2023-03-26 00:17:20 info: ======= ENV: development =======
2023-03-26 00:17:20 info: 🚀 App listening on the port 3000
2023-03-26 00:17:20 info: =================================
2023-03-26 00:17:23 info: [0mPOST /users/buy/6f7bc771c4c0c76b81d41bdb3726cac97b720166 [32m200[0m 574.225 ms - 57[0m
2023-03-26 13:44:49 info: =================================
2023-03-26 13:44:49 info: ======= ENV: development =======
2023-03-26 13:44:49 info: 🚀 App listening on the port 3000
2023-03-26 13:44:49 info: =================================
2023-03-26 13:44:59 info: [0mPOST /users/buy/6f7bc771c4c0c76b81d41bdb3726cac97b720166 [32m200[0m 1478.833 ms - 57[0m
2023-03-26 13:47:32 info: =================================
2023-03-26 13:47:32 info: ======= ENV: development =======
2023-03-26 13:47:32 info: 🚀 App listening on the port 3000
2023-03-26 13:47:32 info: =================================
2023-03-26 13:47:40 info: [0mPOST /users/buy/6f7bc771c4c0c76b81d41bdb3726cac97b720166 [32m200[0m 4894.459 ms - 57[0m
2023-03-26 13:48:31 info: =================================
2023-03-26 13:48:31 info: ======= ENV: development =======
2023-03-26 13:48:31 info: 🚀 App listening on the port 3000
2023-03-26 13:48:31 info: =================================
2023-03-26 13:48:35 info: [0mPOST /users/buy/6f7bc771c4c0c76b81d41bdb3726cac97b720166 [32m200[0m 584.626 ms - 57[0m
2023-03-26 13:49:42 info: =================================
2023-03-26 13:49:42 info: ======= ENV: development =======
2023-03-26 13:49:42 info: 🚀 App listening on the port 3000
2023-03-26 13:49:42 info: =================================
2023-03-26 13:49:46 info: [0mPOST /users/buy/6f7bc771c4c0c76b81d41bdb3726cac97b720166 [32m200[0m 524.731 ms - 57[0m
2023-03-26 13:50:03 info: =================================
2023-03-26 13:50:03 info: ======= ENV: development =======
2023-03-26 13:50:03 info: 🚀 App listening on the port 3000
2023-03-26 13:50:03 info: =================================
2023-03-26 13:50:08 info: [0mPOST /users/buy/6f7bc771c4c0c76b81d41bdb3726cac97b720166 [32m200[0m 587.697 ms - 57[0m
2023-03-26 13:51:37 info: =================================
2023-03-26 13:51:37 info: ======= ENV: development =======
2023-03-26 13:51:37 info: 🚀 App listening on the port 3000
2023-03-26 13:51:37 info: =================================
2023-03-26 13:51:57 info: =================================
2023-03-26 13:51:57 info: ======= ENV: development =======
2023-03-26 13:51:57 info: 🚀 App listening on the port 3000
2023-03-26 13:51:57 info: =================================
2023-03-26 13:52:01 info: [0mPOST /users/buy/6f7bc771c4c0c76b81d41bdb3726cac97b720166 [32m200[0m 87.040 ms - 57[0m
2023-03-26 13:54:13 info: =================================
2023-03-26 13:54:13 info: ======= ENV: development =======
2023-03-26 13:54:13 info: 🚀 App listening on the port 3000
2023-03-26 13:54:13 info: =================================
2023-03-26 13:54:20 info: [0mPOST /users/buy/6f7bc771c4c0c76b81d41bdb3726cac97b720166 [32m200[0m 572.915 ms - 2[0m
2023-03-26 13:55:21 info: =================================
2023-03-26 13:55:21 info: ======= ENV: development =======
2023-03-26 13:55:21 info: 🚀 App listening on the port 3000
2023-03-26 13:55:21 info: =================================
2023-03-26 13:55:30 info: [0mPOST /users/buy/6f7bc771c4c0c76b81d41bdb3726cac97b720166 [32m200[0m 586.960 ms - 57[0m
2023-03-26 13:57:53 info: =================================
2023-03-26 13:57:53 info: ======= ENV: development =======
2023-03-26 13:57:53 info: 🚀 App listening on the port 3000
2023-03-26 13:57:53 info: =================================
2023-03-26 13:57:57 info: [0mPOST /users/buy/6f7bc771c4c0c76b81d41bdb3726cac97b720166 [32m200[0m 670.856 ms - 57[0m
2023-03-26 13:59:04 info: =================================
2023-03-26 13:59:04 info: ======= ENV: development =======
2023-03-26 13:59:04 info: 🚀 App listening on the port 3000
2023-03-26 13:59:04 info: =================================
2023-03-26 13:59:07 info: [0mPOST /users/buy/6f7bc771c4c0c76b81d41bdb3726cac97b720166 [32m200[0m 513.388 ms - 57[0m
2023-03-26 13:59:55 info: =================================
2023-03-26 13:59:55 info: ======= ENV: development =======
2023-03-26 13:59:55 info: 🚀 App listening on the port 3000
2023-03-26 13:59:55 info: =================================
2023-03-26 14:00:01 info: [0mPOST /users/buy/6f7bc771c4c0c76b81d41bdb3726cac97b720166 [32m200[0m 510.948 ms - 57[0m
2023-03-26 14:00:52 info: =================================
2023-03-26 14:00:52 info: ======= ENV: development =======
2023-03-26 14:00:52 info: 🚀 App listening on the port 3000
2023-03-26 14:00:52 info: =================================
2023-03-26 14:00:56 info: [0mPOST /users/buy/6f7bc771c4c0c76b81d41bdb3726cac97b720166 [32m200[0m 553.691 ms - 57[0m
2023-03-26 14:03:04 info: =================================
2023-03-26 14:03:04 info: ======= ENV: development =======
2023-03-26 14:03:04 info: 🚀 App listening on the port 3000
2023-03-26 14:03:04 info: =================================
2023-03-26 14:03:13 info: =================================
2023-03-26 14:03:13 info: ======= ENV: development =======
2023-03-26 14:03:13 info: 🚀 App listening on the port 3000
2023-03-26 14:03:13 info: =================================
2023-03-26 14:03:16 info: [0mPOST /users/buy/6f7bc771c4c0c76b81d41bdb3726cac97b720166 [32m200[0m 535.623 ms - 2[0m
2023-03-26 14:05:53 info: =================================
2023-03-26 14:05:53 info: ======= ENV: development =======
2023-03-26 14:05:53 info: 🚀 App listening on the port 3000
2023-03-26 14:05:53 info: =================================
2023-03-26 14:05:57 info: [0mPOST /users/buy/6f7bc771c4c0c76b81d41bdb3726cac97b720166 [32m200[0m 500.175 ms - 57[0m
2023-03-26 14:06:56 info: =================================
2023-03-26 14:06:56 info: ======= ENV: development =======
2023-03-26 14:06:56 info: 🚀 App listening on the port 3000
2023-03-26 14:06:56 info: =================================
2023-03-26 14:06:59 info: [0mPOST /users/buy/6f7bc771c4c0c76b81d41bdb3726cac97b720166 [32m200[0m 579.428 ms - 57[0m
2023-03-26 14:11:27 info: =================================
2023-03-26 14:11:27 info: ======= ENV: development =======
2023-03-26 14:11:27 info: 🚀 App listening on the port 3000
2023-03-26 14:11:27 info: =================================
2023-03-26 14:11:33 info: [0mPOST /users/buy/6f7bc771c4c0c76b81d41bdb3726cac97b720166 [32m200[0m 1555.885 ms - 57[0m
2023-03-26 14:12:19 info: =================================
2023-03-26 14:12:19 info: ======= ENV: development =======
2023-03-26 14:12:19 info: 🚀 App listening on the port 3000
2023-03-26 14:12:19 info: =================================
2023-03-26 14:12:22 info: [0mPOST /users/buy/6f7bc771c4c0c76b81d41bdb3726cac97b720166 [32m200[0m 505.505 ms - 57[0m
2023-03-26 14:12:50 info: =================================
2023-03-26 14:12:50 info: ======= ENV: development =======
2023-03-26 14:12:50 info: 🚀 App listening on the port 3000
2023-03-26 14:12:50 info: =================================
2023-03-26 14:12:54 info: [0mPOST /users/buy/6f7bc771c4c0c76b81d41bdb3726cac97b720166 [32m200[0m 583.363 ms - 57[0m
2023-03-26 14:13:18 info: =================================
2023-03-26 14:13:18 info: ======= ENV: development =======
2023-03-26 14:13:18 info: 🚀 App listening on the port 3000
2023-03-26 14:13:18 info: =================================
2023-03-26 14:13:24 info: [0mPOST /users/buy/6f7bc771c4c0c76b81d41bdb3726cac97b720166 [32m200[0m 1443.487 ms - 57[0m
2023-03-26 14:14:12 info: =================================
2023-03-26 14:14:12 info: ======= ENV: development =======
2023-03-26 14:14:12 info: 🚀 App listening on the port 3000
2023-03-26 14:14:12 info: =================================
2023-03-26 14:14:15 info: [0mPOST /users/buy/6f7bc771c4c0c76b81d41bdb3726cac97b720166 [32m200[0m 1230.299 ms - 57[0m
2023-03-26 14:14:44 info: =================================
2023-03-26 14:14:44 info: ======= ENV: development =======
2023-03-26 14:14:44 info: 🚀 App listening on the port 3000
2023-03-26 14:14:44 info: =================================
2023-03-26 14:14:50 info: [0mPOST /users/buy/6f7bc771c4c0c76b81d41bdb3726cac97b720166 [32m200[0m 1480.123 ms - 2[0m
2023-03-26 14:15:26 info: =================================
2023-03-26 14:15:26 info: ======= ENV: development =======
2023-03-26 14:15:26 info: 🚀 App listening on the port 3000
2023-03-26 14:15:26 info: =================================
2023-03-26 14:15:41 info: [0mPOST /users/buy/6f7bc771c4c0c76b81d41bdb3726cac97b720166 [32m200[0m 4379.495 ms - 57[0m
2023-03-26 14:16:49 info: =================================
2023-03-26 14:16:49 info: ======= ENV: development =======
2023-03-26 14:16:49 info: 🚀 App listening on the port 3000
2023-03-26 14:16:49 info: =================================
2023-03-26 14:16:53 info: [0mPOST /users/buy/6f7bc771c4c0c76b81d41bdb3726cac97b720166 [32m200[0m 2003.215 ms - 57[0m
2023-03-26 14:30:13 info: =================================
2023-03-26 14:30:13 info: ======= ENV: development =======
2023-03-26 14:30:13 info: 🚀 App listening on the port 3000
2023-03-26 14:30:13 info: =================================
2023-03-26 14:31:51 info: =================================
2023-03-26 14:31:51 info: ======= ENV: development =======
2023-03-26 14:31:51 info: 🚀 App listening on the port 3000
2023-03-26 14:31:51 info: =================================
2023-03-26 14:35:03 info: =================================
2023-03-26 14:35:03 info: ======= ENV: development =======
2023-03-26 14:35:03 info: 🚀 App listening on the port 3000
2023-03-26 14:35:03 info: =================================
2023-03-26 15:23:42 info: [0mPOST /signup [36m302[0m 6158.209 ms - 347[0m
2023-03-26 15:25:36 info: [0mPOST /signup [36m302[0m 2828.352 ms - 347[0m
2023-03-26 15:25:59 info: [0mPOST /signup [36m302[0m 2462.000 ms - 345[0m
2023-03-26 15:26:16 info: [0mPOST /signup [36m302[0m 1945.849 ms - 282[0m
2023-03-26 15:27:19 info: [0mPOST /post/03d07007d6c2827b85943e4f791cdca5abb9a796 [32m201[0m 2767.605 ms - 202[0m
2023-03-26 15:28:48 error: [POST] /users/buy/d6c2827b85943e4f791cdca5abb9a79613d5f848 >> StatusCode:: 400, Message:: Unexpected token ] in JSON at position 143
2023-03-26 15:28:48 info: [0mPOST /users/buy/d6c2827b85943e4f791cdca5abb9a79613d5f848 [33m400[0m 52.851 ms - 56[0m
2023-03-26 15:28:56 info: [0mPOST /users/buy/d6c2827b85943e4f791cdca5abb9a79613d5f848 [32m200[0m 1095.352 ms - 2[0m
2023-03-26 15:37:28 info: =================================
2023-03-26 15:37:28 info: ======= ENV: development =======
2023-03-26 15:37:29 info: 🚀 App listening on the port 3000
2023-03-26 15:37:29 info: =================================
2023-03-26 15:37:39 info: [0mPOST /users/buy/d6c2827b85943e4f791cdca5abb9a79613d5f848 [32m200[0m 1995.229 ms - 57[0m
2023-03-26 15:39:11 info: =================================
2023-03-26 15:39:11 info: ======= ENV: development =======
2023-03-26 15:39:11 info: 🚀 App listening on the port 3000
2023-03-26 15:39:11 info: =================================
2023-03-26 15:39:16 info: [0mPOST /users/buy/d6c2827b85943e4f791cdca5abb9a79613d5f848 [32m200[0m 2160.747 ms - 57[0m
2023-03-26 15:42:58 info: =================================
2023-03-26 15:42:58 info: ======= ENV: development =======
2023-03-26 15:42:58 info: 🚀 App listening on the port 3000
2023-03-26 15:42:58 info: =================================
2023-03-26 15:43:40 info: [0mPOST /users/buy/d6c2827b85943e4f791cdca5abb9a79613d5f848 [32m200[0m 6688.573 ms - 57[0m
2023-03-26 15:44:50 info: =================================
2023-03-26 15:44:50 info: ======= ENV: development =======
2023-03-26 15:44:50 info: 🚀 App listening on the port 3000
2023-03-26 15:44:50 info: =================================
2023-03-26 15:44:57 info: [0mPOST /users/buy/d6c2827b85943e4f791cdca5abb9a79613d5f848 [32m200[0m 3387.167 ms - 57[0m
2023-03-26 15:46:18 info: =================================
2023-03-26 15:46:18 info: ======= ENV: development =======
2023-03-26 15:46:18 info: 🚀 App listening on the port 3000
2023-03-26 15:46:18 info: =================================
2023-03-26 15:46:23 info: [0mPOST /users/buy/d6c2827b85943e4f791cdca5abb9a79613d5f848 [32m200[0m 2035.406 ms - 57[0m
2023-03-26 15:47:02 info: =================================
2023-03-26 15:47:02 info: ======= ENV: development =======
2023-03-26 15:47:02 info: 🚀 App listening on the port 3000
2023-03-26 15:47:02 info: =================================
2023-03-26 15:47:06 info: [0mPOST /users/buy/d6c2827b85943e4f791cdca5abb9a79613d5f848 [32m200[0m 1884.836 ms - 57[0m
2023-03-26 15:48:08 info: =================================
2023-03-26 15:48:08 info: ======= ENV: development =======
2023-03-26 15:48:08 info: 🚀 App listening on the port 3000
2023-03-26 15:48:08 info: =================================
2023-03-26 15:48:14 info: [0mPOST /users/buy/d6c2827b85943e4f791cdca5abb9a79613d5f848 [32m200[0m 1927.941 ms - 57[0m
2023-03-26 15:49:32 info: =================================
2023-03-26 15:49:32 info: ======= ENV: development =======
2023-03-26 15:49:32 info: 🚀 App listening on the port 3000
2023-03-26 15:49:32 info: =================================
2023-03-26 15:49:58 info: =================================
2023-03-26 15:49:58 info: ======= ENV: development =======
2023-03-26 15:49:58 info: 🚀 App listening on the port 3000
2023-03-26 15:49:58 info: =================================
2023-03-26 15:50:03 info: [0mPOST /users/buy/d6c2827b85943e4f791cdca5abb9a79613d5f848 [32m200[0m 2222.987 ms - 2[0m
2023-03-26 15:55:40 info: =================================
2023-03-26 15:55:40 info: ======= ENV: development =======
2023-03-26 15:55:40 info: 🚀 App listening on the port 3000
2023-03-26 15:55:40 info: =================================
2023-03-26 15:56:12 info: [0mPOST /users/buy/d6c2827b85943e4f791cdca5abb9a79613d5f848 [32m200[0m 1838.153 ms - 57[0m
2023-03-26 15:58:00 info: =================================
2023-03-26 15:58:00 info: ======= ENV: development =======
2023-03-26 15:58:00 info: 🚀 App listening on the port 3000
2023-03-26 15:58:00 info: =================================
2023-03-26 15:58:05 info: [0mPOST /users/buy/d6c2827b85943e4f791cdca5abb9a79613d5f848 [32m200[0m 2099.393 ms - 57[0m
2023-03-26 15:58:59 info: =================================
2023-03-26 15:58:59 info: ======= ENV: development =======
2023-03-26 15:58:59 info: 🚀 App listening on the port 3000
2023-03-26 15:58:59 info: =================================
2023-03-26 15:59:08 info: [0mPOST /users/buy/d6c2827b85943e4f791cdca5abb9a79613d5f848 [32m200[0m 2565.788 ms - 57[0m
2023-03-26 15:59:41 info: =================================
2023-03-26 15:59:41 info: ======= ENV: development =======
2023-03-26 15:59:41 info: 🚀 App listening on the port 3000
2023-03-26 15:59:41 info: =================================
2023-03-26 16:00:07 info: =================================
2023-03-26 16:00:07 info: ======= ENV: development =======
2023-03-26 16:00:07 info: 🚀 App listening on the port 3000
2023-03-26 16:00:07 info: =================================
2023-03-26 16:00:12 info: [0mPOST /users/buy/d6c2827b85943e4f791cdca5abb9a79613d5f848 [32m200[0m 1919.404 ms - 57[0m
2023-03-26 16:13:32 info: =================================
2023-03-26 16:13:32 info: ======= ENV: development =======
2023-03-26 16:13:32 info: 🚀 App listening on the port 3000
2023-03-26 16:13:32 info: =================================
2023-03-26 17:25:18 info: =================================
2023-03-26 17:25:18 info: ======= ENV: development =======
2023-03-26 17:25:18 info: 🚀 App listening on the port 3000
2023-03-26 17:25:18 info: =================================
2023-03-26 17:25:33 info: [0mPOST /users/buy/d6c2827b85943e4f791cdca5abb9a79613d5f848 [32m200[0m 2020.711 ms - 57[0m
2023-03-26 17:27:37 info: =================================
2023-03-26 17:27:37 info: ======= ENV: development =======
2023-03-26 17:27:37 info: 🚀 App listening on the port 3000
2023-03-26 17:27:37 info: =================================
2023-03-26 17:28:13 info: [0mPOST /users/buy/d6c2827b85943e4f791cdca5abb9a79613d5f848 [32m200[0m 1771.869 ms - -[0m
2023-03-26 17:28:43 info: =================================
2023-03-26 17:28:43 info: ======= ENV: development =======
2023-03-26 17:28:43 info: 🚀 App listening on the port 3000
2023-03-26 17:28:43 info: =================================
2023-03-26 17:29:06 info: [0mPOST /users/buy/d6c2827b85943e4f791cdca5abb9a79613d5f848 [32m200[0m 1878.223 ms - -[0m
2023-03-26 17:29:35 info: =================================
2023-03-26 17:29:35 info: ======= ENV: development =======
2023-03-26 17:29:35 info: 🚀 App listening on the port 3000
2023-03-26 17:29:35 info: =================================
2023-03-26 17:29:40 info: [0mPOST /users/buy/d6c2827b85943e4f791cdca5abb9a79613d5f848 [32m200[0m 2010.067 ms - -[0m
2023-03-26 17:40:05 info: =================================
2023-03-26 17:40:05 info: ======= ENV: development =======
2023-03-26 17:40:05 info: 🚀 App listening on the port 3000
2023-03-26 17:40:05 info: =================================
2023-03-26 17:41:17 info: =================================
2023-03-26 17:41:17 info: ======= ENV: development =======
2023-03-26 17:41:17 info: 🚀 App listening on the port 3000
2023-03-26 17:41:17 info: =================================
2023-03-26 17:41:33 info: [0mPOST /users/buy/d6c2827b85943e4f791cdca5abb9a79613d5f848 [32m200[0m 1832.058 ms - -[0m
2023-03-26 17:42:40 info: =================================
2023-03-26 17:42:40 info: ======= ENV: development =======
2023-03-26 17:42:40 info: 🚀 App listening on the port 3000
2023-03-26 17:42:40 info: =================================
2023-03-26 17:42:44 info: [0mPOST /users/buy/d6c2827b85943e4f791cdca5abb9a79613d5f848 [32m200[0m 1938.279 ms - -[0m
2023-03-26 17:43:40 info: =================================
2023-03-26 17:43:40 info: ======= ENV: development =======
2023-03-26 17:43:40 info: 🚀 App listening on the port 3000
2023-03-26 17:43:40 info: =================================
2023-03-26 17:43:47 info: [0mPOST /users/buy/d6c2827b85943e4f791cdca5abb9a79613d5f848 [32m200[0m 1755.829 ms - -[0m
2023-03-26 17:44:16 info: =================================
2023-03-26 17:44:16 info: ======= ENV: development =======
2023-03-26 17:44:16 info: 🚀 App listening on the port 3000
2023-03-26 17:44:16 info: =================================
2023-03-26 17:44:20 info: [0mPOST /users/buy/d6c2827b85943e4f791cdca5abb9a79613d5f848 [32m200[0m 1802.341 ms - -[0m
2023-03-26 17:46:17 info: =================================
2023-03-26 17:46:17 info: ======= ENV: development =======
2023-03-26 17:46:17 info: 🚀 App listening on the port 3000
2023-03-26 17:46:17 info: =================================
2023-03-26 17:51:29 info: =================================
2023-03-26 17:51:29 info: ======= ENV: development =======
2023-03-26 17:51:29 info: 🚀 App listening on the port 3000
2023-03-26 17:51:29 info: =================================
2023-03-26 17:52:05 info: [0mPOST /users/buy/d6c2827b85943e4f791cdca5abb9a79613d5f848 [32m200[0m 1900.222 ms - -[0m
2023-03-26 17:53:21 info: =================================
2023-03-26 17:53:22 info: ======= ENV: development =======
2023-03-26 17:53:22 info: 🚀 App listening on the port 3000
2023-03-26 17:53:22 info: =================================
2023-03-26 17:56:10 info: =================================
2023-03-26 17:56:10 info: ======= ENV: development =======
2023-03-26 17:56:10 info: 🚀 App listening on the port 3000
2023-03-26 17:56:10 info: =================================
2023-03-26 17:56:14 info: [0mPOST /users/buy/d6c2827b85943e4f791cdca5abb9a79613d5f848 [32m200[0m 1893.833 ms - -[0m
2023-03-26 17:57:41 info: =================================
2023-03-26 17:57:41 info: ======= ENV: development =======
2023-03-26 17:57:41 info: 🚀 App listening on the port 3000
2023-03-26 17:57:41 info: =================================
2023-03-26 17:57:55 info: [0mPOST /users/buy/d6c2827b85943e4f791cdca5abb9a79613d5f848 [32m200[0m 1766.516 ms - -[0m
2023-03-26 17:59:37 info: =================================
2023-03-26 17:59:37 info: ======= ENV: development =======
2023-03-26 17:59:37 info: 🚀 App listening on the port 3000
2023-03-26 17:59:37 info: =================================
2023-03-26 17:59:43 info: [0mPOST /users/buy/d6c2827b85943e4f791cdca5abb9a79613d5f848 [32m200[0m 1995.308 ms - -[0m
2023-03-26 18:03:25 info: =================================
2023-03-26 18:03:25 info: ======= ENV: development =======
2023-03-26 18:03:25 info: 🚀 App listening on the port 3000
2023-03-26 18:03:25 info: =================================
2023-03-26 18:03:32 info: [0mPOST /users/buy/d6c2827b85943e4f791cdca5abb9a79613d5f848 [32m200[0m 1916.107 ms - -[0m
2023-03-26 18:06:18 info: =================================
2023-03-26 18:06:18 info: ======= ENV: development =======
2023-03-26 18:06:18 info: 🚀 App listening on the port 3000
2023-03-26 18:06:18 info: =================================
2023-03-26 18:06:26 info: [0mPOST /users/buy/d6c2827b85943e4f791cdca5abb9a79613d5f848 [32m200[0m 1836.389 ms - -[0m
2023-03-26 18:07:05 info: =================================
2023-03-26 18:07:05 info: ======= ENV: development =======
2023-03-26 18:07:05 info: 🚀 App listening on the port 3000
2023-03-26 18:07:05 info: =================================
2023-03-26 18:07:10 info: [0mPOST /users/buy/d6c2827b85943e4f791cdca5abb9a79613d5f848 [32m200[0m 2154.586 ms - -[0m
2023-03-26 18:07:20 info: [0mPOST /users/buy/d6c2827b85943e4f791cdca5abb9a79613d5f848 [32m200[0m 991.238 ms - -[0m
2023-03-26 18:18:31 info: =================================
2023-03-26 18:18:31 info: ======= ENV: development =======
2023-03-26 18:18:31 info: 🚀 App listening on the port 3000
2023-03-26 18:18:31 info: =================================
2023-03-26 18:18:40 info: [0mPOST /users/buy/d6c2827b85943e4f791cdca5abb9a79613d5f848 [32m200[0m 3497.983 ms - -[0m
