2023-03-06 10:50:51 info: =================================
2023-03-06 10:50:51 info: ======= ENV: development =======
2023-03-06 10:50:51 info: 🚀 App listening on the port 3000
2023-03-06 10:50:51 info: =================================
2023-03-06 10:51:00 info: [0mGET /post/recent [32m201[0m 620.968 ms - 856[0m
2023-03-06 11:18:04 info: [0mGET /post/popular [32m201[0m 495.173 ms - -[0m
2023-03-06 11:27:59 info: [0mPOST /post/4d463e5262994a5c8f781af6aedcb974ef84bfe1 [32m201[0m 729.841 ms - -[0m
2023-03-06 11:29:25 info: =================================
2023-03-06 11:29:25 info: ======= ENV: development =======
2023-03-06 11:29:25 info: 🚀 App listening on the port 3000
2023-03-06 11:29:25 info: =================================
2023-03-06 11:29:37 info: [0mPOST /post/4d463e5262994a5c8f781af6aedcb974ef84bfe1 [32m201[0m 598.446 ms - 2[0m
2023-03-06 11:31:06 info: =================================
2023-03-06 11:31:06 info: ======= ENV: development =======
2023-03-06 11:31:06 info: 🚀 App listening on the port 3000
2023-03-06 11:31:06 info: =================================
2023-03-06 11:31:31 info: [0mPOST /post/4d463e5262994a5c8f781af6aedcb974ef84bfe1 [32m201[0m 579.672 ms - 2[0m
2023-03-06 11:33:26 info: =================================
2023-03-06 11:33:26 info: ======= ENV: development =======
2023-03-06 11:33:26 info: 🚀 App listening on the port 3000
2023-03-06 11:33:26 info: =================================
2023-03-06 11:33:36 info: [0mPOST /post/4d463e5262994a5c8f781af6aedcb974ef84bfe1 [32m201[0m 847.506 ms - 2[0m
2023-03-06 11:34:14 info: =================================
2023-03-06 11:34:14 info: ======= ENV: development =======
2023-03-06 11:34:14 info: 🚀 App listening on the port 3000
2023-03-06 11:34:14 info: =================================
2023-03-06 11:34:20 info: [0mPOST /post/4d463e5262994a5c8f781af6aedcb974ef84bfe1 [32m201[0m 595.704 ms - 2[0m
2023-03-06 11:35:51 info: =================================
2023-03-06 11:35:51 info: ======= ENV: development =======
2023-03-06 11:35:51 info: 🚀 App listening on the port 3000
2023-03-06 11:35:51 info: =================================
2023-03-06 11:35:57 info: [0mPOST /post/4d463e5262994a5c8f781af6aedcb974ef84bfe1 [32m201[0m 597.381 ms - 2[0m
2023-03-06 11:36:16 info: =================================
2023-03-06 11:36:16 info: ======= ENV: development =======
2023-03-06 11:36:16 info: 🚀 App listening on the port 3000
2023-03-06 11:36:16 info: =================================
2023-03-06 11:36:20 info: [0mPOST /post/4d463e5262994a5c8f781af6aedcb974ef84bfe1 [32m201[0m 756.749 ms - 2[0m
2023-03-06 11:36:55 info: =================================
2023-03-06 11:36:55 info: ======= ENV: development =======
2023-03-06 11:36:55 info: 🚀 App listening on the port 3000
2023-03-06 11:36:55 info: =================================
2023-03-06 11:37:00 info: [0mPOST /post/4d463e5262994a5c8f781af6aedcb974ef84bfe1 [32m201[0m 700.167 ms - -[0m
2023-03-06 11:40:18 info: =================================
2023-03-06 11:40:18 info: ======= ENV: development =======
2023-03-06 11:40:18 info: 🚀 App listening on the port 3000
2023-03-06 11:40:18 info: =================================
2023-03-06 11:40:26 info: [0mPOST /post/4d463e5262994a5c8f781af6aedcb974ef84bfe1 [32m201[0m 624.868 ms - 2[0m
2023-03-06 11:41:16 info: =================================
2023-03-06 11:41:16 info: ======= ENV: development =======
2023-03-06 11:41:16 info: 🚀 App listening on the port 3000
2023-03-06 11:41:16 info: =================================
2023-03-06 11:41:28 info: [0mPOST /post/4d463e5262994a5c8f781af6aedcb974ef84bfe1 [32m201[0m 636.408 ms - -[0m
2023-03-06 11:44:39 info: =================================
2023-03-06 11:44:39 info: ======= ENV: development =======
2023-03-06 11:44:39 info: 🚀 App listening on the port 3000
2023-03-06 11:44:39 info: =================================
2023-03-06 11:44:44 info: [0mPOST /post/4d463e5262994a5c8f781af6aedcb974ef84bfe1 [32m201[0m 744.002 ms - -[0m
2023-03-06 11:44:54 info: =================================
2023-03-06 11:44:54 info: ======= ENV: development =======
2023-03-06 11:44:54 info: 🚀 App listening on the port 3000
2023-03-06 11:44:54 info: =================================
2023-03-06 11:45:17 info: =================================
2023-03-06 11:45:17 info: ======= ENV: development =======
2023-03-06 11:45:17 info: 🚀 App listening on the port 3000
2023-03-06 11:45:17 info: =================================
2023-03-06 11:45:29 info: [0mPOST /post/4d463e5262994a5c8f781af6aedcb974ef84bfe1 [32m201[0m 694.085 ms - -[0m
2023-03-06 11:50:53 info: =================================
2023-03-06 11:50:53 info: ======= ENV: development =======
2023-03-06 11:50:53 info: 🚀 App listening on the port 3000
2023-03-06 11:50:53 info: =================================
2023-03-06 11:50:57 info: [0mPOST /post/4d463e5262994a5c8f781af6aedcb974ef84bfe1 [32m201[0m 598.870 ms - 2[0m
2023-03-06 11:55:27 info: =================================
2023-03-06 11:55:27 info: ======= ENV: development =======
2023-03-06 11:55:27 info: 🚀 App listening on the port 3000
2023-03-06 11:55:27 info: =================================
2023-03-06 11:55:35 info: [0mPOST /post/4d463e5262994a5c8f781af6aedcb974ef84bfe1 [32m201[0m 608.619 ms - 2[0m
2023-03-06 11:56:56 info: =================================
2023-03-06 11:56:56 info: ======= ENV: development =======
2023-03-06 11:56:56 info: 🚀 App listening on the port 3000
2023-03-06 11:56:56 info: =================================
2023-03-06 11:57:14 info: =================================
2023-03-06 11:57:14 info: ======= ENV: development =======
2023-03-06 11:57:14 info: 🚀 App listening on the port 3000
2023-03-06 11:57:14 info: =================================
2023-03-06 11:57:19 info: [0mPOST /post/4d463e5262994a5c8f781af6aedcb974ef84bfe1 [32m201[0m 616.353 ms - 2[0m
2023-03-06 11:58:57 info: =================================
2023-03-06 11:58:57 info: ======= ENV: development =======
2023-03-06 11:58:57 info: 🚀 App listening on the port 3000
2023-03-06 11:58:57 info: =================================
2023-03-06 11:59:01 info: [0mPOST /post/4d463e5262994a5c8f781af6aedcb974ef84bfe1 [32m201[0m 618.912 ms - 2[0m
2023-03-06 12:02:32 info: =================================
2023-03-06 12:02:32 info: ======= ENV: development =======
2023-03-06 12:02:32 info: 🚀 App listening on the port 3000
2023-03-06 12:02:32 info: =================================
2023-03-06 12:02:38 info: [0mPOST /post/4d463e5262994a5c8f781af6aedcb974ef84bfe1 [32m201[0m 571.757 ms - 2[0m
2023-03-06 12:02:53 info: =================================
2023-03-06 12:02:53 info: ======= ENV: development =======
2023-03-06 12:02:53 info: 🚀 App listening on the port 3000
2023-03-06 12:02:53 info: =================================
2023-03-06 12:03:00 info: [0mPOST /post/4d463e5262994a5c8f781af6aedcb974ef84bfe1 [32m201[0m 572.018 ms - 2[0m
2023-03-06 12:03:35 info: =================================
2023-03-06 12:03:35 info: ======= ENV: development =======
2023-03-06 12:03:35 info: 🚀 App listening on the port 3000
2023-03-06 12:03:35 info: =================================
2023-03-06 12:03:38 info: [0mPOST /post/4d463e5262994a5c8f781af6aedcb974ef84bfe1 [32m201[0m 606.801 ms - 2[0m
2023-03-06 12:03:57 info: =================================
2023-03-06 12:03:57 info: ======= ENV: development =======
2023-03-06 12:03:57 info: 🚀 App listening on the port 3000
2023-03-06 12:03:57 info: =================================
2023-03-06 12:04:01 info: [0mPOST /post/4d463e5262994a5c8f781af6aedcb974ef84bfe1 [32m201[0m 599.254 ms - 2[0m
2023-03-06 12:04:29 info: =================================
2023-03-06 12:04:29 info: ======= ENV: development =======
2023-03-06 12:04:29 info: 🚀 App listening on the port 3000
2023-03-06 12:04:29 info: =================================
2023-03-06 12:04:36 info: [0mPOST /post/4d463e5262994a5c8f781af6aedcb974ef84bfe1 [32m201[0m 615.160 ms - 2[0m
2023-03-06 12:08:58 info: =================================
2023-03-06 12:08:58 info: ======= ENV: development =======
2023-03-06 12:08:58 info: 🚀 App listening on the port 3000
2023-03-06 12:08:58 info: =================================
2023-03-06 12:09:06 info: [0mPOST /post/4d463e5262994a5c8f781af6aedcb974ef84bfe1 [32m201[0m 719.026 ms - -[0m
2023-03-06 12:10:21 info: =================================
2023-03-06 12:10:21 info: ======= ENV: development =======
2023-03-06 12:10:21 info: 🚀 App listening on the port 3000
2023-03-06 12:10:21 info: =================================
2023-03-06 12:10:27 info: [0mPOST /post/4d463e5262994a5c8f781af6aedcb974ef84bfe1 [32m201[0m 727.063 ms - -[0m
2023-03-06 12:11:19 info: =================================
2023-03-06 12:11:19 info: ======= ENV: development =======
2023-03-06 12:11:19 info: 🚀 App listening on the port 3000
2023-03-06 12:11:19 info: =================================
2023-03-06 12:11:30 info: [0mPOST /post/4d463e5262994a5c8f781af6aedcb974ef84bfe1 [32m201[0m 579.428 ms - -[0m
2023-03-06 12:12:37 info: =================================
2023-03-06 12:12:37 info: ======= ENV: development =======
2023-03-06 12:12:37 info: 🚀 App listening on the port 3000
2023-03-06 12:12:37 info: =================================
2023-03-06 12:12:42 info: [0mPOST /post/4d463e5262994a5c8f781af6aedcb974ef84bfe1 [32m201[0m 706.515 ms - -[0m
2023-03-06 12:14:39 info: =================================
2023-03-06 12:14:39 info: ======= ENV: development =======
2023-03-06 12:14:39 info: 🚀 App listening on the port 3000
2023-03-06 12:14:39 info: =================================
2023-03-06 12:14:44 info: [0mPOST /post/4d463e5262994a5c8f781af6aedcb974ef84bfe1 [32m201[0m 644.351 ms - -[0m
2023-03-06 12:14:58 info: =================================
2023-03-06 12:14:58 info: ======= ENV: development =======
2023-03-06 12:14:58 info: 🚀 App listening on the port 3000
2023-03-06 12:14:58 info: =================================
2023-03-06 12:15:07 info: [0mPOST /post/4d463e5262994a5c8f781af6aedcb974ef84bfe1 [32m201[0m 708.076 ms - -[0m
2023-03-06 12:17:53 info: =================================
2023-03-06 12:17:53 info: ======= ENV: development =======
2023-03-06 12:17:53 info: 🚀 App listening on the port 3000
2023-03-06 12:17:53 info: =================================
2023-03-06 12:18:00 info: [0mPOST /post/4d463e5262994a5c8f781af6aedcb974ef84bfe1 [32m201[0m 696.194 ms - -[0m
2023-03-06 12:28:05 info: [0mPOST /post/4d463e5262994a5c8f781af6aedcb974ef84bfe1 [32m201[0m 548.960 ms - -[0m
2023-03-06 12:29:08 info: =================================
2023-03-06 12:29:08 info: ======= ENV: development =======
2023-03-06 12:29:08 info: 🚀 App listening on the port 3000
2023-03-06 12:29:08 info: =================================
2023-03-06 12:29:36 info: =================================
2023-03-06 12:29:36 info: ======= ENV: development =======
2023-03-06 12:29:36 info: 🚀 App listening on the port 3000
2023-03-06 12:29:36 info: =================================
2023-03-06 12:29:40 info: [0mPOST /post/4d463e5262994a5c8f781af6aedcb974ef84bfe1 [32m201[0m 844.233 ms - -[0m
2023-03-06 12:32:04 info: =================================
2023-03-06 12:32:04 info: ======= ENV: development =======
2023-03-06 12:32:04 info: 🚀 App listening on the port 3000
2023-03-06 12:32:04 info: =================================
2023-03-06 12:32:09 info: [0mPOST /post/4d463e5262994a5c8f781af6aedcb974ef84bfe1 [32m201[0m 720.847 ms - -[0m
2023-03-06 12:32:31 info: =================================
2023-03-06 12:32:31 info: ======= ENV: development =======
2023-03-06 12:32:31 info: 🚀 App listening on the port 3000
2023-03-06 12:32:31 info: =================================
2023-03-06 12:32:34 info: [0mPOST /post/4d463e5262994a5c8f781af6aedcb974ef84bfe1 [32m201[0m 758.150 ms - -[0m
2023-03-06 12:34:13 info: [0mPOST /post/4d463e5262994a5c8f781af6aedcb974ef84bfe1 [32m201[0m 739.149 ms - -[0m
2023-03-06 12:37:28 info: =================================
2023-03-06 12:37:28 info: ======= ENV: development =======
2023-03-06 12:37:28 info: 🚀 App listening on the port 3000
2023-03-06 12:37:28 info: =================================
2023-03-06 12:37:35 info: [0mPOST /post/4d463e5262994a5c8f781af6aedcb974ef84bfe1 [32m201[0m 768.353 ms - -[0m
2023-03-06 12:39:31 info: [0mPOST /post/4d463e5262994a5c8f781af6aedcb974ef84bfe1 [32m201[0m 744.272 ms - -[0m
2023-03-06 12:41:36 info: =================================
2023-03-06 12:41:36 info: ======= ENV: development =======
2023-03-06 12:41:36 info: 🚀 App listening on the port 3000
2023-03-06 12:41:36 info: =================================
2023-03-06 12:41:54 info: =================================
2023-03-06 12:41:54 info: ======= ENV: development =======
2023-03-06 12:41:54 info: 🚀 App listening on the port 3000
2023-03-06 12:41:54 info: =================================
2023-03-06 12:41:58 info: [0mPOST /post/4d463e5262994a5c8f781af6aedcb974ef84bfe1 [32m201[0m 763.301 ms - 2[0m
2023-03-06 12:42:18 info: =================================
2023-03-06 12:42:18 info: ======= ENV: development =======
2023-03-06 12:42:18 info: 🚀 App listening on the port 3000
2023-03-06 12:42:18 info: =================================
2023-03-06 12:42:23 info: [0mPOST /post/4d463e5262994a5c8f781af6aedcb974ef84bfe1 [32m201[0m 754.748 ms - -[0m
2023-03-06 12:42:54 info: [0mPOST /post/4d463e5262994a5c8f781af6aedcb974ef84bfe1 [32m201[0m 663.415 ms - -[0m
2023-03-06 12:44:19 info: [0mPOST /post/4d463e5262994a5c8f781af6aedcb974ef84bfe1 [32m201[0m 774.478 ms - -[0m
2023-03-06 12:48:10 info: =================================
2023-03-06 12:48:10 info: ======= ENV: development =======
2023-03-06 12:48:10 info: 🚀 App listening on the port 3000
2023-03-06 12:48:10 info: =================================
2023-03-06 12:48:25 info: [0mPOST /post/4d463e5262994a5c8f781af6aedcb974ef84bfe1 [32m201[0m 800.531 ms - -[0m
2023-03-06 12:48:50 info: [0mPOST /post/4d463e5262994a5c8f781af6aedcb974ef84bfe1 [32m201[0m 712.323 ms - -[0m
2023-03-06 12:49:58 info: =================================
2023-03-06 12:49:58 info: ======= ENV: development =======
2023-03-06 12:49:58 info: 🚀 App listening on the port 3000
2023-03-06 12:49:58 info: =================================
2023-03-06 12:50:06 info: [0mPOST /post/4d463e5262994a5c8f781af6aedcb974ef84bfe1 [32m201[0m 730.540 ms - 2[0m
2023-03-06 12:51:56 info: =================================
2023-03-06 12:51:56 info: ======= ENV: development =======
2023-03-06 12:51:56 info: 🚀 App listening on the port 3000
2023-03-06 12:51:56 info: =================================
2023-03-06 12:52:02 info: [0mPOST /post/4d463e5262994a5c8f781af6aedcb974ef84bfe1 [32m201[0m 798.004 ms - -[0m
2023-03-06 13:09:58 error: [GET] /signup >> StatusCode:: 400, Message:: Unexpected token } in JSON at position 185
2023-03-06 13:09:58 info: [0mGET /signup [33m400[0m 5.127 ms - 56[0m
2023-03-06 13:10:05 info: [0mGET /signup [33m404[0m 1.933 ms - 145[0m
2023-03-06 13:12:18 info: [0mPOST /signup [0m-[0m - ms - -[0m
2023-03-06 13:12:51 info: [0mPOST /signup [0m-[0m - ms - -[0m
2023-03-06 13:13:17 info: [0mPOST /signup [0m-[0m - ms - -[0m
2023-03-06 13:13:48 info: [0mPOST /signup [0m-[0m - ms - -[0m
2023-03-06 13:15:55 info: =================================
2023-03-06 13:15:55 info: ======= ENV: development =======
2023-03-06 13:15:55 info: 🚀 App listening on the port 3000
2023-03-06 13:15:55 info: =================================
2023-03-06 13:16:18 info: =================================
2023-03-06 13:16:18 info: ======= ENV: development =======
2023-03-06 13:16:18 info: 🚀 App listening on the port 3000
2023-03-06 13:16:18 info: =================================
2023-03-06 13:16:22 info: [0mPOST /signup [36m302[0m 664.513 ms - 482[0m
2023-03-06 13:17:36 info: [0mPOST /signup [36m302[0m 623.732 ms - 483[0m
2023-03-06 13:19:13 info: [0mPOST /signup [32m201[0m 423.464 ms - 59[0m
2023-03-06 13:19:38 info: [0mPOST /signup [32m201[0m 445.016 ms - 26[0m
2023-03-06 13:20:56 info: [0mPOST /signup [36m302[0m 628.257 ms - 753[0m
2023-03-06 13:21:50 info: [0mPOST /post/8c1fbfe8f265db6dd307f4bb7e1680776595efcb [32m201[0m 849.708 ms - -[0m
2023-03-06 13:24:38 info: [0mPOST /post/8c1fbfe8f265db6dd307f4bb7e1680776595efcb [32m201[0m 830.434 ms - -[0m
2023-03-06 13:25:01 info: [0mPOST /post/8c1fbfe8f265db6dd307f4bb7e1680776595efcb [32m201[0m 774.003 ms - -[0m
2023-03-06 13:25:16 info: [0mPOST /post/8c1fbfe8f265db6dd307f4bb7e1680776595efcb [32m201[0m 726.473 ms - -[0m
2023-03-06 13:25:34 info: [0mPOST /post/8c1fbfe8f265db6dd307f4bb7e1680776595efcb [32m201[0m 678.225 ms - -[0m
2023-03-06 13:27:47 info: [0mPOST /post/8c1fbfe8f265db6dd307f4bb7e1680776595efcb [32m201[0m 743.989 ms - -[0m
2023-03-06 13:30:19 info: =================================
2023-03-06 13:30:19 info: ======= ENV: development =======
2023-03-06 13:30:19 info: 🚀 App listening on the port 3000
2023-03-06 13:30:19 info: =================================
2023-03-06 13:30:33 info: =================================
2023-03-06 13:30:33 info: ======= ENV: development =======
2023-03-06 13:30:33 info: 🚀 App listening on the port 3000
2023-03-06 13:30:33 info: =================================
2023-03-06 13:31:01 info: =================================
2023-03-06 13:31:01 info: ======= ENV: development =======
2023-03-06 13:31:01 info: 🚀 App listening on the port 3000
2023-03-06 13:31:01 info: =================================
2023-03-06 13:31:11 info: =================================
2023-03-06 13:31:11 info: ======= ENV: development =======
2023-03-06 13:31:11 info: 🚀 App listening on the port 3000
2023-03-06 13:31:11 info: =================================
2023-03-06 13:49:25 info: =================================
2023-03-06 13:49:25 info: ======= ENV: development =======
2023-03-06 13:49:25 info: 🚀 App listening on the port 3000
2023-03-06 13:49:25 info: =================================
2023-03-06 13:49:50 info: =================================
2023-03-06 13:49:50 info: ======= ENV: development =======
2023-03-06 13:49:50 info: 🚀 App listening on the port 3000
2023-03-06 13:49:50 info: =================================
2023-03-06 13:50:02 info: [0mGET /post/popular [32m201[0m 582.537 ms - 11[0m
2023-03-06 13:50:35 info: =================================
2023-03-06 13:50:35 info: ======= ENV: development =======
2023-03-06 13:50:35 info: 🚀 App listening on the port 3000
2023-03-06 13:50:35 info: =================================
2023-03-06 13:50:38 info: [0mGET /post/popular [32m201[0m 539.929 ms - 11[0m
2023-03-06 13:51:07 info: =================================
2023-03-06 13:51:07 info: ======= ENV: development =======
2023-03-06 13:51:07 info: 🚀 App listening on the port 3000
2023-03-06 13:51:07 info: =================================
2023-03-06 13:51:09 info: [0mGET /post/popular [32m201[0m 406.725 ms - 11[0m
2023-03-06 13:53:21 info: =================================
2023-03-06 13:53:21 info: ======= ENV: development =======
2023-03-06 13:53:21 info: 🚀 App listening on the port 3000
2023-03-06 13:53:21 info: =================================
2023-03-06 13:53:25 info: [0mGET /post/popular [32m201[0m 601.350 ms - -[0m
2023-03-06 13:54:10 info: =================================
2023-03-06 13:54:10 info: ======= ENV: development =======
2023-03-06 13:54:10 info: 🚀 App listening on the port 3000
2023-03-06 13:54:10 info: =================================
2023-03-06 13:54:13 info: [0mGET /post/popular [32m201[0m 519.074 ms - -[0m
2023-03-06 14:02:55 info: =================================
2023-03-06 14:02:55 info: ======= ENV: development =======
2023-03-06 14:02:55 info: 🚀 App listening on the port 3000
2023-03-06 14:02:55 info: =================================
2023-03-06 14:02:58 info: [0mGET /post/popular [32m201[0m 497.893 ms - -[0m
2023-03-06 14:04:03 info: =================================
2023-03-06 14:04:03 info: ======= ENV: development =======
2023-03-06 14:04:03 info: 🚀 App listening on the port 3000
2023-03-06 14:04:03 info: =================================
2023-03-06 14:04:08 info: [0mGET /post/popular [32m201[0m 522.481 ms - -[0m
2023-03-06 14:32:49 info: [0mPOST /signup [36m302[0m 704.651 ms - 770[0m
2023-03-06 14:32:59 info: [0mPOST /post/35abb4e1f5addea0b3d02dca3b8da8df3bf05bf8 [32m201[0m 843.885 ms - -[0m
2023-03-06 14:33:04 info: [0mGET /post/popular [32m201[0m 401.251 ms - -[0m
2023-03-06 14:35:48 info: =================================
2023-03-06 14:35:48 info: ======= ENV: development =======
2023-03-06 14:35:48 info: 🚀 App listening on the port 3000
2023-03-06 14:35:48 info: =================================
2023-03-06 15:35:04 info: =================================
2023-03-06 15:35:04 info: ======= ENV: development =======
2023-03-06 15:35:04 info: 🚀 App listening on the port 3000
2023-03-06 15:35:04 info: =================================
2023-03-06 15:35:12 info: =================================
2023-03-06 15:35:12 info: ======= ENV: development =======
2023-03-06 15:35:12 info: 🚀 App listening on the port 3000
2023-03-06 15:35:12 info: =================================
2023-03-06 15:35:19 error: [GET] /post/popular >> StatusCode:: 500, Message:: Converting circular structure to JSON
    --> starting at object with constructor 'Object'
    |     property 'pictures' -> object with constructor 'Array'
    |     index 0 -> object with constructor 'Record'
    |     ...
    |     index 2 -> object with constructor 'Node'
    --- property 'properties' closes the circle
2023-03-06 15:35:19 info: [0mGET /post/popular [31m500[0m 495.376 ms - 343[0m
2023-03-06 15:35:44 info: =================================
2023-03-06 15:35:44 info: ======= ENV: development =======
2023-03-06 15:35:44 info: 🚀 App listening on the port 3000
2023-03-06 15:35:44 info: =================================
2023-03-06 15:35:52 error: [GET] /post/popular >> StatusCode:: 500, Message:: Converting circular structure to JSON
    --> starting at object with constructor 'Object'
    |     property 'pictures' -> object with constructor 'Array'
    |     index 0 -> object with constructor 'Record'
    |     ...
    |     index 2 -> object with constructor 'Node'
    --- property 'properties' closes the circle
2023-03-06 15:35:52 info: [0mGET /post/popular [31m500[0m 489.554 ms - 343[0m
2023-03-06 15:36:23 info: =================================
2023-03-06 15:36:23 info: ======= ENV: development =======
2023-03-06 15:36:23 info: 🚀 App listening on the port 3000
2023-03-06 15:36:23 info: =================================
2023-03-06 15:36:26 info: [0mGET /post/popular [32m201[0m 522.634 ms - -[0m
2023-03-06 15:36:53 info: =================================
2023-03-06 15:36:53 info: ======= ENV: development =======
2023-03-06 15:36:53 info: 🚀 App listening on the port 3000
2023-03-06 15:36:53 info: =================================
2023-03-06 15:36:56 info: [0mGET /post/popular [32m201[0m 497.758 ms - -[0m
2023-03-06 15:37:31 info: =================================
2023-03-06 15:37:31 info: ======= ENV: development =======
2023-03-06 15:37:31 info: 🚀 App listening on the port 3000
2023-03-06 15:37:31 info: =================================
2023-03-06 15:37:36 info: [0mGET /post/popular [32m201[0m 490.566 ms - -[0m
2023-03-06 15:38:10 info: =================================
2023-03-06 15:38:10 info: ======= ENV: development =======
2023-03-06 15:38:10 info: 🚀 App listening on the port 3000
2023-03-06 15:38:10 info: =================================
2023-03-06 15:38:13 info: [0mGET /post/popular [32m201[0m 503.518 ms - -[0m
2023-03-06 15:40:37 info: =================================
2023-03-06 15:40:37 info: ======= ENV: development =======
2023-03-06 15:40:37 info: 🚀 App listening on the port 3000
2023-03-06 15:40:37 info: =================================
2023-03-06 15:41:24 info: =================================
2023-03-06 15:41:24 info: ======= ENV: development =======
2023-03-06 15:41:24 info: 🚀 App listening on the port 3000
2023-03-06 15:41:24 info: =================================
2023-03-06 15:41:28 info: [0mGET /post/popular [32m201[0m 468.765 ms - -[0m
2023-03-06 15:43:37 info: =================================
2023-03-06 15:43:37 info: ======= ENV: development =======
2023-03-06 15:43:37 info: 🚀 App listening on the port 3000
2023-03-06 15:43:37 info: =================================
2023-03-06 15:51:30 info: =================================
2023-03-06 15:51:30 info: ======= ENV: development =======
2023-03-06 15:51:30 info: 🚀 App listening on the port 3000
2023-03-06 15:51:30 info: =================================
