2023-06-03 16:18:27 info: =================================
2023-06-03 16:18:27 info: ======= ENV: development =======
2023-06-03 16:18:27 info: 🚀 App listening on the port 4000
2023-06-03 16:18:27 info: =================================
2023-06-03 16:22:03 info: [0mGET /albums/categories [32m201[0m 2217.566 ms - 234[0m
2023-06-03 16:22:03 info: [0mGET /albums/popular [32m201[0m 2315.548 ms - -[0m
2023-06-03 16:22:04 info: [0mGET /albums/category/dgfbbtrhegbtrgre419ger [32m201[0m 767.769 ms - 22[0m
2023-06-03 17:24:11 info: =================================
2023-06-03 17:24:11 info: ======= ENV: development =======
2023-06-03 17:24:11 info: 🚀 App listening on the port 4000
2023-06-03 17:24:11 info: =================================
2023-06-03 17:24:17 info: [0mGET /albums/categories [32m201[0m 905.779 ms - 234[0m
2023-06-03 17:24:18 info: [0mGET /albums/popular [32m201[0m 1147.026 ms - -[0m
2023-06-03 17:24:19 info: [0mGET /albums/category/dgfbbtrhegbtrgre419ger [32m201[0m 884.433 ms - 2[0m
2023-06-03 17:25:41 info: =================================
2023-06-03 17:25:41 info: ======= ENV: development =======
2023-06-03 17:25:41 info: 🚀 App listening on the port 4000
2023-06-03 17:25:41 info: =================================
2023-06-03 17:26:18 info: =================================
2023-06-03 17:26:18 info: ======= ENV: development =======
2023-06-03 17:26:18 info: 🚀 App listening on the port 4000
2023-06-03 17:26:18 info: =================================
2023-06-03 17:26:32 info: =================================
2023-06-03 17:26:32 info: ======= ENV: development =======
2023-06-03 17:26:32 info: 🚀 App listening on the port 4000
2023-06-03 17:26:32 info: =================================
2023-06-03 17:27:29 info: =================================
2023-06-03 17:27:29 info: ======= ENV: development =======
2023-06-03 17:27:29 info: 🚀 App listening on the port 4000
2023-06-03 17:27:29 info: =================================
2023-06-03 17:27:50 info: =================================
2023-06-03 17:27:50 info: ======= ENV: development =======
2023-06-03 17:27:50 info: 🚀 App listening on the port 4000
2023-06-03 17:27:50 info: =================================
2023-06-03 17:28:10 info: [0mGET /albums/categories [32m201[0m 1556.789 ms - 234[0m
2023-06-03 17:28:10 info: [0mGET /albums/popular [32m201[0m 1643.108 ms - -[0m
2023-06-03 17:28:11 info: [0mGET /albums/category/dgfbbtrhegbtrgre419ger [32m201[0m 843.769 ms - -[0m
2023-06-03 17:30:27 info: =================================
2023-06-03 17:30:27 info: ======= ENV: development =======
2023-06-03 17:30:27 info: 🚀 App listening on the port 4000
2023-06-03 17:30:27 info: =================================
2023-06-03 17:30:42 info: [0mGET /albums/categories [32m201[0m 917.769 ms - 234[0m
2023-06-03 17:30:42 info: [0mGET /albums/popular [32m201[0m 1154.277 ms - -[0m
2023-06-03 17:30:43 info: [0mGET /albums/category/dgfbbtrhegbtrgre419ger [32m201[0m 709.606 ms - -[0m
2023-06-03 17:32:54 info: =================================
2023-06-03 17:32:54 info: ======= ENV: development =======
2023-06-03 17:32:54 info: 🚀 App listening on the port 4000
2023-06-03 17:32:54 info: =================================
2023-06-03 17:33:09 info: [0mGET /albums/category/grtgv841t89rhbtgfrd48hb [32m201[0m 1036.839 ms - -[0m
2023-06-03 17:33:12 info: [0mGET /albums/category/grtgv841tegr52rf6d1gsfez546zefsdsdfb [32m201[0m 741.431 ms - 22[0m
2023-06-03 17:33:13 info: [0mGET /albums/category/grtgv841t89rhbtgfrd48hb [32m201[0m 759.207 ms - -[0m
2023-06-03 17:37:08 info: [0mGET /albums/category/dgfbbtrhegbtrgre419ger [32m201[0m 826.707 ms - -[0m
2023-06-03 17:57:19 error: [POST] /post/cus_NkTy5P9bfCdDea >> StatusCode:: 400, Message:: Unexpected token ] in JSON at position 221
2023-06-03 17:57:19 info: [0mPOST /post/cus_NkTy5P9bfCdDea [33m400[0m 497.386 ms - 56[0m
2023-06-03 17:57:27 error: [POST] /post/cus_NkTy5P9bfCdDea >> StatusCode:: 400, Message:: Unexpected token } in JSON at position 230
2023-06-03 17:57:27 info: [0mPOST /post/cus_NkTy5P9bfCdDea [33m400[0m 7.579 ms - 56[0m
2023-06-03 17:57:38 info: [0mPOST /post/cus_NkTy5P9bfCdDea [33m404[0m 8.239 ms - 163[0m
2023-06-03 17:57:50 info: [0mPOST /albu%C3%B9/cus_NkTy5P9bfCdDea [33m404[0m 3.341 ms - 169[0m
2023-06-03 17:57:56 info: [0mPOST /album/cus_NkTy5P9bfCdDea [33m404[0m 3.248 ms - 164[0m
2023-06-03 17:58:21 info: [0mPOST /album/cus_NkTy5P9bfCdDea [33m404[0m 1.466 ms - 164[0m
2023-06-03 18:00:29 info: [0mPOST /albums/cus_NmLXh0ms2IoGSe [32m201[0m 1953.150 ms - 35[0m
2023-06-03 18:02:22 info: =================================
2023-06-03 18:02:22 info: ======= ENV: development =======
2023-06-03 18:02:22 info: 🚀 App listening on the port 4000
2023-06-03 18:02:22 info: =================================
2023-06-03 18:12:08 info: =================================
2023-06-03 18:12:08 info: ======= ENV: development =======
2023-06-03 18:12:08 info: 🚀 App listening on the port 4000
2023-06-03 18:12:08 info: =================================
2023-06-03 18:18:31 info: [0mPOST /albums/cus_NmLXh0ms2IoGSe [32m201[0m 5997.680 ms - 2[0m
2023-06-03 18:22:52 info: [0mPOST /albums/cus_NmLXh0ms2IoGSe [32m201[0m 6315.729 ms - 291[0m
2023-06-03 18:27:39 info: =================================
2023-06-03 18:27:39 info: ======= ENV: development =======
2023-06-03 18:27:39 info: 🚀 App listening on the port 4000
2023-06-03 18:27:39 info: =================================
2023-06-03 18:29:14 info: =================================
2023-06-03 18:29:14 info: ======= ENV: development =======
2023-06-03 18:29:14 info: 🚀 App listening on the port 4000
2023-06-03 18:29:14 info: =================================
2023-06-03 18:30:46 info: =================================
2023-06-03 18:30:46 info: ======= ENV: development =======
2023-06-03 18:30:46 info: 🚀 App listening on the port 4000
2023-06-03 18:30:46 info: =================================
2023-06-03 18:32:41 info: =================================
2023-06-03 18:32:41 info: ======= ENV: development =======
2023-06-03 18:32:41 info: 🚀 App listening on the port 4000
2023-06-03 18:32:41 info: =================================
2023-06-03 18:33:45 info: [0mGET /albums/upload/cus_NkTy5P9bfCdDea [33m404[0m 9.539 ms - 171[0m
2023-06-03 18:33:57 info: [0mGET /albums/upload/cus_NmLXh0ms2IoGSe [33m404[0m 5.655 ms - 171[0m
2023-06-03 18:39:02 info: [0mGET /albums/upload/cus_NmLXh0ms2IoGSe [33m404[0m 81.379 ms - 171[0m
2023-06-03 18:40:26 info: [0mGET /albums/upload/5f6deabea651865dd5ccee0d5eaa7f2473b3d2eb [33m404[0m 7.032 ms - 193[0m
2023-06-03 18:40:57 info: [0mGET /albums/upload/5f6deabea651865dd5ccee0d5eaa7f2473b3d2eb [33m404[0m 9.538 ms - 193[0m
2023-06-03 18:41:33 info: [0mGET /albums/upload/5f6deabea651865dd5ccee0d5eaa7f2473b3d2eb [33m404[0m 23.748 ms - 193[0m
2023-06-03 18:41:49 info: [0mPOST /albums/upload/5f6deabea651865dd5ccee0d5eaa7f2473b3d2eb [32m201[0m 179.090 ms - 61[0m
2023-06-03 18:44:03 info: =================================
2023-06-03 18:44:03 info: ======= ENV: development =======
2023-06-03 18:44:03 info: 🚀 App listening on the port 4000
2023-06-03 18:44:03 info: =================================
2023-06-03 18:44:07 info: [0mPOST /albums/upload/5f6deabea651865dd5ccee0d5eaa7f2473b3d2eb [32m201[0m 152.109 ms - 61[0m
2023-06-03 18:46:30 info: =================================
2023-06-03 18:46:30 info: ======= ENV: development =======
2023-06-03 18:46:30 info: 🚀 App listening on the port 4000
2023-06-03 18:46:30 info: =================================
2023-06-03 18:46:47 info: [0mPOST /albums/upload/5f6deabea651865dd5ccee0d5eaa7f2473b3d2eb [32m201[0m 149.292 ms - 61[0m
2023-06-03 18:48:12 info: =================================
2023-06-03 18:48:12 info: ======= ENV: development =======
2023-06-03 18:48:12 info: 🚀 App listening on the port 4000
2023-06-03 18:48:12 info: =================================
2023-06-03 18:48:33 info: =================================
2023-06-03 18:48:33 info: ======= ENV: development =======
2023-06-03 18:48:33 info: 🚀 App listening on the port 4000
2023-06-03 18:48:33 info: =================================
2023-06-03 18:48:37 info: [0mPOST /albums/upload/5f6deabea651865dd5ccee0d5eaa7f2473b3d2eb [32m201[0m 174.493 ms - 61[0m
2023-06-03 18:49:49 info: =================================
2023-06-03 18:49:49 info: ======= ENV: development =======
2023-06-03 18:49:49 info: 🚀 App listening on the port 4000
2023-06-03 18:49:49 info: =================================
2023-06-03 18:49:53 info: [0mPOST /albums/upload/5f6deabea651865dd5ccee0d5eaa7f2473b3d2eb [32m201[0m 184.252 ms - 61[0m
2023-06-03 18:55:45 info: =================================
2023-06-03 18:55:45 info: ======= ENV: development =======
2023-06-03 18:55:45 info: 🚀 App listening on the port 4000
2023-06-03 18:55:45 info: =================================
2023-06-03 18:55:47 info: [0mPOST /albums/upload/5f6deabea651865dd5ccee0d5eaa7f2473b3d2eb [32m201[0m 131.606 ms - 61[0m
2023-06-03 18:57:29 info: =================================
2023-06-03 18:57:29 info: ======= ENV: development =======
2023-06-03 18:57:29 info: 🚀 App listening on the port 4000
2023-06-03 18:57:29 info: =================================
2023-06-03 18:57:33 info: [0mPOST /albums/upload/5f6deabea651865dd5ccee0d5eaa7f2473b3d2eb [32m201[0m 239.276 ms - 61[0m
2023-06-03 18:57:59 info: =================================
2023-06-03 18:57:59 info: ======= ENV: development =======
2023-06-03 18:57:59 info: 🚀 App listening on the port 4000
2023-06-03 18:57:59 info: =================================
2023-06-03 18:58:25 info: =================================
2023-06-03 18:58:25 info: ======= ENV: development =======
2023-06-03 18:58:25 info: 🚀 App listening on the port 4000
2023-06-03 18:58:25 info: =================================
2023-06-03 18:58:46 error: [POST] /albums/upload/5f6deabea651865dd5ccee0d5eaa7f2473b3d2eb >> StatusCode:: 500, Message:: Unexpected field
2023-06-03 18:58:46 info: [0mPOST /albums/upload/5f6deabea651865dd5ccee0d5eaa7f2473b3d2eb [31m500[0m 47.951 ms - 30[0m
2023-06-03 18:59:21 info: [0mPOST /albums/upload/5f6deabea651865dd5ccee0d5eaa7f2473b3d2eb [32m201[0m 124.159 ms - 61[0m
2023-06-03 19:01:37 info: =================================
2023-06-03 19:01:37 info: ======= ENV: development =======
2023-06-03 19:01:37 info: 🚀 App listening on the port 4000
2023-06-03 19:01:37 info: =================================
2023-06-03 19:02:40 info: =================================
2023-06-03 19:02:40 info: ======= ENV: development =======
2023-06-03 19:02:40 info: 🚀 App listening on the port 4000
2023-06-03 19:02:40 info: =================================
2023-06-03 19:03:03 info: =================================
2023-06-03 19:03:03 info: ======= ENV: development =======
2023-06-03 19:03:03 info: 🚀 App listening on the port 4000
2023-06-03 19:03:03 info: =================================
2023-06-03 19:03:11 info: [0mPOST /albums/upload/5f6deabea651865dd5ccee0d5eaa7f2473b3d2eb [32m201[0m 203.327 ms - 61[0m
2023-06-03 19:05:03 info: =================================
2023-06-03 19:05:03 info: ======= ENV: development =======
2023-06-03 19:05:03 info: 🚀 App listening on the port 4000
2023-06-03 19:05:03 info: =================================
2023-06-03 19:05:11 info: [0mPOST /albums/upload/5f6deabea651865dd5ccee0d5eaa7f2473b3d2eb [32m201[0m 162.423 ms - 61[0m
2023-06-03 19:07:14 info: =================================
2023-06-03 19:07:14 info: ======= ENV: development =======
2023-06-03 19:07:14 info: 🚀 App listening on the port 4000
2023-06-03 19:07:14 info: =================================
2023-06-03 19:17:28 info: =================================
2023-06-03 19:17:28 info: ======= ENV: development =======
2023-06-03 19:17:28 info: 🚀 App listening on the port 4000
2023-06-03 19:17:28 info: =================================
2023-06-03 19:17:38 info: [0mPOST /albums/upload/5f6deabea651865dd5ccee0d5eaa7f2473b3d2eb [32m201[0m 118.600 ms - 61[0m
2023-06-03 19:18:20 info: =================================
2023-06-03 19:18:20 info: ======= ENV: development =======
2023-06-03 19:18:20 info: 🚀 App listening on the port 4000
2023-06-03 19:18:20 info: =================================
2023-06-03 19:18:22 info: [0mPOST /albums/upload/5f6deabea651865dd5ccee0d5eaa7f2473b3d2eb [32m201[0m 115.186 ms - 61[0m
2023-06-03 19:19:36 info: [0mPOST /albums/upload/5f6deabea651865dd5ccee0d5eaa7f2473b3d2eb [32m201[0m 58.007 ms - 61[0m
2023-06-03 19:20:10 info: [0mPOST /albums/upload/5f6deabea651865dd5ccee0d5eaa7f2473b3d2eb [32m201[0m 46.267 ms - 61[0m
2023-06-03 19:22:48 info: =================================
2023-06-03 19:22:48 info: ======= ENV: development =======
2023-06-03 19:22:48 info: 🚀 App listening on the port 4000
2023-06-03 19:22:48 info: =================================
2023-06-03 19:23:39 info: [0mPOST /albums/upload/5f6deabea651865dd5ccee0d5eaa7f2473b3d2eb [32m201[0m 118.902 ms - 61[0m
2023-06-03 19:31:10 info: =================================
2023-06-03 19:31:10 info: ======= ENV: development =======
2023-06-03 19:31:10 info: 🚀 App listening on the port 4000
2023-06-03 19:31:10 info: =================================
2023-06-03 19:31:22 info: =================================
2023-06-03 19:31:22 info: ======= ENV: development =======
2023-06-03 19:31:22 info: 🚀 App listening on the port 4000
2023-06-03 19:31:22 info: =================================
2023-06-03 19:31:47 info: [0mPOST /albums/upload/f6deabea651865dd5ccee0d5eaa7f2473b3d2eb6 [32m201[0m 106.409 ms - 61[0m
2023-06-03 19:35:04 info: =================================
2023-06-03 19:35:04 info: ======= ENV: development =======
2023-06-03 19:35:04 info: 🚀 App listening on the port 4000
2023-06-03 19:35:04 info: =================================
2023-06-03 19:35:11 info: [0mPOST /albums/upload/f6deabea651865dd5ccee0d5eaa7f2473b3d2eb6 [32m201[0m 110.816 ms - 61[0m
2023-06-03 19:36:10 info: =================================
2023-06-03 19:36:10 info: ======= ENV: development =======
2023-06-03 19:36:10 info: 🚀 App listening on the port 4000
2023-06-03 19:36:10 info: =================================
2023-06-03 19:36:24 info: =================================
2023-06-03 19:36:24 info: ======= ENV: development =======
2023-06-03 19:36:24 info: 🚀 App listening on the port 4000
2023-06-03 19:36:24 info: =================================
2023-06-03 19:39:05 info: [0mPOST /albums/upload/f6deabea651865dd5ccee0d5eaa7f2473b3d2eb6 [32m201[0m 127.730 ms - 61[0m
2023-06-03 20:02:42 info: [0mGET /albums/categories [32m201[0m 875.899 ms - 234[0m
2023-06-03 20:02:42 info: [0mGET /albums/popular [32m201[0m 1109.743 ms - -[0m
2023-06-03 20:02:43 info: [0mGET /albums/category/dgfbbtrhegbtrgre419ger [32m201[0m 926.672 ms - -[0m
2023-06-03 20:05:07 info: [0mPOST /albums/cus_NmLXh0ms2IoGSe [32m201[0m 3019.862 ms - 291[0m
2023-06-03 20:05:21 info: [0mPOST /albums/upload/711eac349c802e52b1a1765bd0efa5dd68ef8c08 [32m201[0m 60.628 ms - 61[0m
2023-06-03 20:06:18 info: [0mPOST /albums/cus_NmLXh0ms2IoGSe [32m201[0m 1822.945 ms - 291[0m
2023-06-03 20:06:49 info: [0mPOST /albums/upload/ac349c802e52b1a1765bd0efa5dd68ef8c085f94 [32m201[0m 161.971 ms - 61[0m
2023-06-03 20:07:27 info: [0mGET /albums/categories [32m201[0m 742.634 ms - 234[0m
2023-06-03 20:07:28 info: [0mGET /albums/popular [32m201[0m 1005.557 ms - -[0m
2023-06-03 20:07:29 info: [0mGET /albums/category/dgfbbtrhegbtrgre419ger [32m201[0m 1109.739 ms - -[0m
2023-06-03 20:08:14 info: [0mGET /albums/category/grtgv841t89rhbtgfrd48hb [32m201[0m 820.245 ms - -[0m
2023-06-03 20:08:25 info: [0mGET /albums/category/dgfbbtrhegbtrgre419ger [32m201[0m 858.934 ms - -[0m
2023-06-03 20:09:31 info: [0mPOST /signup [36m302[0m 2934.148 ms - 321[0m
2023-06-03 20:10:01 info: [0mPOST /albums/cus_O11t5rN8Ww9ZVh [32m201[0m 1977.653 ms - 291[0m
2023-06-03 20:14:02 info: [0mPOST /albums/cus_O11t5rN8Ww9ZVh [32m201[0m 2320.633 ms - 291[0m
2023-06-03 20:14:17 info: [0mPOST /albums/upload/e52b1a1765bd0efa5dd68ef8c085f94ccb527474 [32m201[0m 38.287 ms - 61[0m
2023-06-03 20:14:40 info: [0mGET /albums/categories [32m201[0m 762.474 ms - 166[0m
2023-06-03 20:14:40 info: [0mGET /albums/popular [32m201[0m 885.692 ms - 879[0m
2023-06-03 20:14:41 info: [0mGET /albums/category/fjdsregknerujngdifjnigi [32m201[0m 769.327 ms - 22[0m
2023-06-03 20:14:46 info: [0mGET /albums/category/iuezyhdfcuezbklnuifczeb [32m201[0m 702.222 ms - -[0m
2023-06-03 20:16:51 info: [0mPOST /albums/cus_O11t5rN8Ww9ZVh [32m201[0m 2284.394 ms - 291[0m
2023-06-03 20:17:11 info: [0mPOST /albums/upload/1a1765bd0efa5dd68ef8c085f94ccb5274740b3a [32m201[0m 49.820 ms - 61[0m
2023-06-03 20:19:06 info: =================================
2023-06-03 20:19:06 info: ======= ENV: development =======
2023-06-03 20:19:06 info: 🚀 App listening on the port 4000
2023-06-03 20:19:06 info: =================================
2023-06-03 20:20:02 info: [0mGET /albums/categories [32m201[0m 890.684 ms - 64[0m
2023-06-03 20:20:03 info: [0mGET /albums/popular [32m201[0m 1006.787 ms - -[0m
2023-06-03 20:20:04 info: [0mGET /albums/category/fjdsregknerujngdifjnigi [32m201[0m 811.684 ms - 577[0m
2023-06-03 20:23:04 info: =================================
2023-06-03 20:23:04 info: ======= ENV: development =======
2023-06-03 20:23:04 info: 🚀 App listening on the port 4000
2023-06-03 20:23:04 info: =================================
2023-06-03 20:23:24 info: [0mGET /albums/categories [32m201[0m 890.558 ms - 64[0m
2023-06-03 20:23:24 info: [0mGET /albums/popular [32m201[0m 936.668 ms - -[0m
2023-06-03 20:23:25 info: [0mGET /albums/category/fjdsregknerujngdifjnigi [32m201[0m 766.361 ms - 24[0m
2023-06-03 20:26:20 info: [0mGET /albums/fjdsregknerujngdifjnigi [33m404[0m 7.293 ms - 169[0m
2023-06-03 20:26:50 info: [0mGET /albums/category/fjdsregknerujngdifjnigi [32m201[0m 1003.689 ms - 24[0m
2023-06-03 20:28:45 info: =================================
2023-06-03 20:28:45 info: ======= ENV: development =======
2023-06-03 20:28:45 info: 🚀 App listening on the port 4000
2023-06-03 20:28:45 info: =================================
2023-06-03 20:29:17 info: =================================
2023-06-03 20:29:17 info: ======= ENV: development =======
2023-06-03 20:29:17 info: 🚀 App listening on the port 4000
2023-06-03 20:29:17 info: =================================
2023-06-03 20:29:27 info: [0mGET /albums/category/fjdsregknerujngdifjnigi [32m201[0m 866.462 ms - 24[0m
2023-06-03 20:30:29 info: =================================
2023-06-03 20:30:29 info: ======= ENV: development =======
2023-06-03 20:30:29 info: 🚀 App listening on the port 4000
2023-06-03 20:30:29 info: =================================
2023-06-03 20:30:35 info: [0mGET /albums/category/fjdsregknerujngdifjnigi [32m201[0m 991.150 ms - 24[0m
2023-06-03 20:31:19 info: =================================
2023-06-03 20:31:19 info: ======= ENV: development =======
2023-06-03 20:31:19 info: 🚀 App listening on the port 4000
2023-06-03 20:31:19 info: =================================
2023-06-03 20:31:30 info: =================================
2023-06-03 20:31:30 info: ======= ENV: development =======
2023-06-03 20:31:30 info: 🚀 App listening on the port 4000
2023-06-03 20:31:30 info: =================================
2023-06-03 20:31:36 info: [0mGET /albums/category/fjdsregknerujngdifjnigi [32m201[0m 1021.963 ms - 24[0m
2023-06-03 20:33:34 info: =================================
2023-06-03 20:33:34 info: ======= ENV: development =======
2023-06-03 20:33:34 info: 🚀 App listening on the port 4000
2023-06-03 20:33:34 info: =================================
2023-06-03 20:33:38 info: [0mGET /albums/category/fjdsregknerujngdifjnigi [32m201[0m 1002.274 ms - 24[0m
2023-06-03 20:38:31 info: =================================
2023-06-03 20:38:31 info: ======= ENV: development =======
2023-06-03 20:38:31 info: 🚀 App listening on the port 4000
2023-06-03 20:38:31 info: =================================
2023-06-03 20:39:50 info: =================================
2023-06-03 20:39:50 info: ======= ENV: development =======
2023-06-03 20:39:50 info: 🚀 App listening on the port 4000
2023-06-03 20:39:50 info: =================================
2023-06-03 20:39:54 info: [0mGET /albums/category/fjdsregknerujngdifjnigi [32m201[0m 950.474 ms - 24[0m
2023-06-03 20:40:13 info: =================================
2023-06-03 20:40:13 info: ======= ENV: development =======
2023-06-03 20:40:13 info: 🚀 App listening on the port 4000
2023-06-03 20:40:13 info: =================================
2023-06-03 20:40:44 info: =================================
2023-06-03 20:40:44 info: ======= ENV: development =======
2023-06-03 20:40:44 info: 🚀 App listening on the port 4000
2023-06-03 20:40:44 info: =================================
2023-06-03 20:40:48 info: [0mGET /albums/category/fjdsregknerujngdifjnigi [32m201[0m 1279.660 ms - 24[0m
2023-06-03 20:42:38 info: =================================
2023-06-03 20:42:38 info: ======= ENV: development =======
2023-06-03 20:42:38 info: 🚀 App listening on the port 4000
2023-06-03 20:42:38 info: =================================
2023-06-03 20:43:37 info: =================================
2023-06-03 20:43:37 info: ======= ENV: development =======
2023-06-03 20:43:37 info: 🚀 App listening on the port 4000
2023-06-03 20:43:37 info: =================================
2023-06-03 20:47:43 info: =================================
2023-06-03 20:47:43 info: ======= ENV: development =======
2023-06-03 20:47:43 info: 🚀 App listening on the port 4000
2023-06-03 20:47:43 info: =================================
2023-06-03 20:47:46 info: [0mGET /albums/category/fjdsregknerujngdifjnigi [32m201[0m 885.871 ms - 24[0m
2023-06-03 20:48:25 info: =================================
2023-06-03 20:48:25 info: ======= ENV: development =======
2023-06-03 20:48:25 info: 🚀 App listening on the port 4000
2023-06-03 20:48:25 info: =================================
2023-06-03 20:48:34 info: =================================
2023-06-03 20:48:34 info: ======= ENV: development =======
2023-06-03 20:48:34 info: 🚀 App listening on the port 4000
2023-06-03 20:48:34 info: =================================
2023-06-03 20:48:44 info: [0mGET /albums/category/fjdsregknerujngdifjnigi [32m201[0m 1690.061 ms - 24[0m
2023-06-03 20:49:31 info: =================================
2023-06-03 20:49:31 info: ======= ENV: development =======
2023-06-03 20:49:31 info: 🚀 App listening on the port 4000
2023-06-03 20:49:31 info: =================================
2023-06-03 20:49:38 info: [0mGET /albums/category/fjdsregknerujngdifjnigi [32m201[0m 1569.079 ms - 2[0m
2023-06-03 20:50:01 info: =================================
2023-06-03 20:50:01 info: ======= ENV: development =======
2023-06-03 20:50:01 info: 🚀 App listening on the port 4000
2023-06-03 20:50:01 info: =================================
2023-06-03 20:50:04 info: [0mGET /albums/category/fjdsregknerujngdifjnigi [32m201[0m 1204.677 ms - 24[0m
2023-06-03 20:50:20 info: =================================
2023-06-03 20:50:20 info: ======= ENV: development =======
2023-06-03 20:50:20 info: 🚀 App listening on the port 4000
2023-06-03 20:50:20 info: =================================
2023-06-03 20:50:38 info: [0mGET /albums/category/fjdsregknerujngdifjnigi [32m201[0m 4879.270 ms - 24[0m
2023-06-03 20:50:55 info: [0mGET /albums/category/fjdsregknerujngdifjnigi [32m201[0m 1504.477 ms - 24[0m
2023-06-03 20:52:24 info: =================================
2023-06-03 20:52:24 info: ======= ENV: development =======
2023-06-03 20:52:24 info: 🚀 App listening on the port 4000
2023-06-03 20:52:24 info: =================================
2023-06-03 20:52:54 info: [0mGET /albums/category/fjdsregknerujngdifjnigi [0m-[0m - ms - -[0m
2023-06-03 20:53:08 info: [0mGET /albums/category/fjdsregknerujngdifjnigi [32m201[0m 12841.131 ms - 882[0m
2023-06-03 20:53:26 info: [0mGET /albums/category/fjdsregknerujngdifjnigi [32m201[0m 7411.230 ms - 882[0m
2023-06-03 20:54:13 info: =================================
2023-06-03 20:54:13 info: ======= ENV: development =======
2023-06-03 20:54:13 info: 🚀 App listening on the port 4000
2023-06-03 20:54:13 info: =================================
2023-06-03 20:54:31 info: =================================
2023-06-03 20:54:31 info: ======= ENV: development =======
2023-06-03 20:54:31 info: 🚀 App listening on the port 4000
2023-06-03 20:54:31 info: =================================
2023-06-03 20:54:50 info: =================================
2023-06-03 20:54:50 info: ======= ENV: development =======
2023-06-03 20:54:50 info: 🚀 App listening on the port 4000
2023-06-03 20:54:50 info: =================================
2023-06-03 20:56:39 info: [0mGET /albums/categories [32m201[0m 9317.666 ms - 64[0m
2023-06-03 20:56:39 info: [0mGET /albums/popular [32m201[0m 9394.986 ms - -[0m
2023-06-03 20:58:18 info: [0mGET /albums/categories [32m201[0m 1184.215 ms - 64[0m
2023-06-03 20:58:19 info: [0mGET /albums/popular [32m201[0m 1219.073 ms - -[0m
2023-06-03 20:58:22 info: [0mGET /albums/category/fjdsregknerujngdifjnigi [32m201[0m 3093.314 ms - 882[0m
2023-06-03 20:58:45 info: [0mGET /albums/category/fjdsregknerujngdifjnigi [32m201[0m 1609.305 ms - 882[0m
2023-06-03 20:58:53 info: [0mGET /albums/category/fjdsregknerujngdifjnigi [32m201[0m 1469.902 ms - 882[0m
2023-06-03 20:59:10 info: [0mGET /albums/ [33m404[0m 5.558 ms - 146[0m
2023-06-03 20:59:36 info: [0mGET /albums/popular [32m201[0m 1011.267 ms - -[0m
2023-06-03 20:59:40 info: [0mGET /albums/popular [32m201[0m 777.284 ms - -[0m
2023-06-03 20:59:48 info: [0mGET /albums/popular [32m201[0m 777.869 ms - -[0m
2023-06-03 21:00:47 info: [0mPOST /albums/cus_O11t5rN8Ww9ZVh [32m201[0m 2574.448 ms - 377[0m
2023-06-03 21:01:00 info: [0mPOST /albums/upload/ef1b054566a5e176f9804a312eb62ca8b9a1164e [32m201[0m 69.621 ms - 61[0m
2023-06-03 21:01:10 info: [0mGET /albums/categories [32m201[0m 710.632 ms - 64[0m
2023-06-03 21:01:10 info: [0mGET /albums/popular [32m201[0m 876.809 ms - -[0m
2023-06-03 21:01:11 info: [0mGET /albums/category/fjdsregknerujngdifjnigi [32m201[0m 1526.000 ms - -[0m
