2023-02-26 15:52:36 info: [0mPOST /refresh [32m200[0m 3225.861 ms - -[0m
2023-02-26 15:54:20 info: =================================
2023-02-26 15:54:20 info: ======= ENV: development =======
2023-02-26 15:54:20 info: 🚀 App listening on the port 3000
2023-02-26 15:54:20 info: =================================
2023-02-26 15:54:53 info: =================================
2023-02-26 15:54:53 info: ======= ENV: development =======
2023-02-26 15:54:53 info: 🚀 App listening on the port 3000
2023-02-26 15:54:53 info: =================================
2023-02-26 15:55:56 info: =================================
2023-02-26 15:55:56 info: ======= ENV: development =======
2023-02-26 15:55:56 info: 🚀 App listening on the port 3000
2023-02-26 15:55:56 info: =================================
2023-02-26 15:56:51 info: =================================
2023-02-26 15:56:51 info: ======= ENV: development =======
2023-02-26 15:56:51 info: 🚀 App listening on the port 3000
2023-02-26 15:56:51 info: =================================
2023-02-26 15:57:17 info: =================================
2023-02-26 15:57:17 info: ======= ENV: development =======
2023-02-26 15:57:17 info: 🚀 App listening on the port 3000
2023-02-26 15:57:17 info: =================================
2023-02-26 15:58:44 info: [0mPOST /signup [36m302[0m 1952.933 ms - 735[0m
2023-02-26 15:59:23 info: [0mPOST /login [32m200[0m 11790.632 ms - 471[0m
2023-02-26 15:59:30 info: [0mPOST /refresh [32m200[0m 29.910 ms - -[0m
2023-02-26 15:59:33 info: [0mPOST /refresh [32m200[0m 41.741 ms - -[0m
2023-02-26 16:00:14 info: [0mPOST /refresh [32m200[0m 6379.558 ms - 433[0m
2023-02-26 16:08:57 info: =================================
2023-02-26 16:08:57 info: ======= ENV: development =======
2023-02-26 16:08:57 info: 🚀 App listening on the port 3000
2023-02-26 16:08:57 info: =================================
2023-02-26 16:17:14 info: =================================
2023-02-26 16:17:14 info: ======= ENV: development =======
2023-02-26 16:17:14 info: 🚀 App listening on the port 3000
2023-02-26 16:17:14 info: =================================
2023-02-26 19:35:56 info: =================================
2023-02-26 19:35:56 info: ======= ENV: development =======
2023-02-26 19:35:56 info: 🚀 App listening on the port 3000
2023-02-26 19:35:56 info: =================================
2023-02-26 19:36:47 info: =================================
2023-02-26 19:36:47 info: ======= ENV: development =======
2023-02-26 19:36:47 info: 🚀 App listening on the port 3000
2023-02-26 19:36:47 info: =================================
2023-02-26 21:09:55 info: =================================
2023-02-26 21:09:55 info: ======= ENV: development =======
2023-02-26 21:09:55 info: 🚀 App listening on the port 3000
2023-02-26 21:09:55 info: =================================
2023-02-26 21:12:38 info: [0mPOST /post/afa9efd9aa356b83de86798151dee3dfbcd6a49f [33m404[0m 214.954 ms - 185[0m
2023-02-26 21:13:53 info: =================================
2023-02-26 21:13:53 info: ======= ENV: development =======
2023-02-26 21:13:53 info: 🚀 App listening on the port 3000
2023-02-26 21:13:53 info: =================================
2023-02-26 21:15:30 info: =================================
2023-02-26 21:15:30 info: ======= ENV: development =======
2023-02-26 21:15:30 info: 🚀 App listening on the port 3000
2023-02-26 21:15:30 info: =================================
2023-02-26 21:15:37 info: [0mPOST /post/afa9efd9aa356b83de86798151dee3dfbcd6a49f [0m-[0m - ms - -[0m
2023-02-26 21:15:40 info: [0mPOST /post/afa9efd9aa356b83de86798151dee3dfbcd6a49f [32m201[0m 2061.603 ms - 55[0m
2023-02-26 21:16:04 info: =================================
2023-02-26 21:16:04 info: ======= ENV: development =======
2023-02-26 21:16:04 info: 🚀 App listening on the port 3000
2023-02-26 21:16:04 info: =================================
2023-02-26 21:16:07 info: [0mPOST /post/afa9efd9aa356b83de86798151dee3dfbcd6a49f [32m201[0m 1130.475 ms - 35[0m
2023-02-26 21:16:58 info: =================================
2023-02-26 21:16:58 info: ======= ENV: development =======
2023-02-26 21:16:58 info: 🚀 App listening on the port 3000
2023-02-26 21:16:58 info: =================================
2023-02-26 21:17:25 info: =================================
2023-02-26 21:17:25 info: ======= ENV: development =======
2023-02-26 21:17:25 info: 🚀 App listening on the port 3000
2023-02-26 21:17:25 info: =================================
2023-02-26 21:18:55 info: =================================
2023-02-26 21:18:55 info: ======= ENV: development =======
2023-02-26 21:18:55 info: 🚀 App listening on the port 3000
2023-02-26 21:18:55 info: =================================
2023-02-26 21:19:30 info: =================================
2023-02-26 21:19:30 info: ======= ENV: development =======
2023-02-26 21:19:30 info: 🚀 App listening on the port 3000
2023-02-26 21:19:30 info: =================================
2023-02-26 21:21:23 info: =================================
2023-02-26 21:21:23 info: ======= ENV: development =======
2023-02-26 21:21:23 info: 🚀 App listening on the port 3000
2023-02-26 21:21:23 info: =================================
2023-02-26 21:22:34 info: [0mPOST /post/afa9efd9aa356b83de86798151dee3dfbcd6a49f [0m-[0m - ms - -[0m
2023-02-26 21:24:10 info: =================================
2023-02-26 21:24:10 info: ======= ENV: development =======
2023-02-26 21:24:10 info: 🚀 App listening on the port 3000
2023-02-26 21:24:10 info: =================================
2023-02-26 21:26:24 info: =================================
2023-02-26 21:26:24 info: ======= ENV: development =======
2023-02-26 21:26:24 info: 🚀 App listening on the port 3000
2023-02-26 21:26:24 info: =================================
2023-02-26 21:26:55 info: =================================
2023-02-26 21:26:55 info: ======= ENV: development =======
2023-02-26 21:26:55 info: 🚀 App listening on the port 3000
2023-02-26 21:26:55 info: =================================
2023-02-26 21:28:15 info: [0mPOST /signup [32m201[0m 828.951 ms - 57[0m
2023-02-26 21:28:21 info: [0mPOST /signup [36m302[0m 1203.666 ms - 473[0m
2023-02-26 21:28:27 info: [0mPOST /post/afa9efd9aa356b83de86798151dee3dfbcd6a49f [0m-[0m - ms - -[0m
2023-02-26 21:29:34 info: =================================
2023-02-26 21:29:34 info: ======= ENV: development =======
2023-02-26 21:29:34 info: 🚀 App listening on the port 3000
2023-02-26 21:29:34 info: =================================
2023-02-26 21:31:16 info: =================================
2023-02-26 21:31:16 info: ======= ENV: development =======
2023-02-26 21:31:16 info: 🚀 App listening on the port 3000
2023-02-26 21:31:16 info: =================================
2023-02-26 21:31:19 info: [0mPOST /post/afa9efd9aa356b83de86798151dee3dfbcd6a49f [32m201[0m 1658.236 ms - 2[0m
2023-02-26 21:31:53 info: =================================
2023-02-26 21:31:53 info: ======= ENV: development =======
2023-02-26 21:31:53 info: 🚀 App listening on the port 3000
2023-02-26 21:31:53 info: =================================
2023-02-26 21:32:20 info: =================================
2023-02-26 21:32:20 info: ======= ENV: development =======
2023-02-26 21:32:20 info: 🚀 App listening on the port 3000
2023-02-26 21:32:20 info: =================================
2023-02-26 21:32:24 info: [0mPOST /post/afa9efd9aa356b83de86798151dee3dfbcd6a49f [32m201[0m 1485.780 ms - 2[0m
2023-02-26 21:32:46 info: =================================
2023-02-26 21:32:46 info: ======= ENV: development =======
2023-02-26 21:32:46 info: 🚀 App listening on the port 3000
2023-02-26 21:32:46 info: =================================
2023-02-26 21:32:52 info: [0mPOST /post/afa9efd9aa356b83de86798151dee3dfbcd6a49f [32m201[0m 1571.502 ms - 2[0m
2023-02-26 21:33:27 info: =================================
2023-02-26 21:33:27 info: ======= ENV: development =======
2023-02-26 21:33:27 info: 🚀 App listening on the port 3000
2023-02-26 21:33:27 info: =================================
2023-02-26 21:34:06 info: =================================
2023-02-26 21:34:06 info: ======= ENV: development =======
2023-02-26 21:34:06 info: 🚀 App listening on the port 3000
2023-02-26 21:34:06 info: =================================
2023-02-26 21:35:09 info: =================================
2023-02-26 21:35:09 info: ======= ENV: development =======
2023-02-26 21:35:09 info: 🚀 App listening on the port 3000
2023-02-26 21:35:09 info: =================================
2023-02-26 21:35:42 info: =================================
2023-02-26 21:35:42 info: ======= ENV: development =======
2023-02-26 21:35:42 info: 🚀 App listening on the port 3000
2023-02-26 21:35:42 info: =================================
2023-02-26 21:36:18 info: =================================
2023-02-26 21:36:18 info: ======= ENV: development =======
2023-02-26 21:36:18 info: 🚀 App listening on the port 3000
2023-02-26 21:36:18 info: =================================
2023-02-26 21:36:36 info: =================================
2023-02-26 21:36:36 info: ======= ENV: development =======
2023-02-26 21:36:36 info: 🚀 App listening on the port 3000
2023-02-26 21:36:36 info: =================================
2023-02-26 21:36:40 info: [0mPOST /post/afa9efd9aa356b83de86798151dee3dfbcd6a49f [32m201[0m 1631.732 ms - 2[0m
2023-02-26 21:37:15 info: =================================
2023-02-26 21:37:15 info: ======= ENV: development =======
2023-02-26 21:37:15 info: 🚀 App listening on the port 3000
2023-02-26 21:37:15 info: =================================
2023-02-26 21:37:20 info: [0mPOST /post/afa9efd9aa356b83de86798151dee3dfbcd6a49f [32m201[0m 1679.731 ms - -[0m
2023-02-26 21:46:30 info: =================================
2023-02-26 21:46:30 info: ======= ENV: development =======
2023-02-26 21:46:30 info: 🚀 App listening on the port 3000
2023-02-26 21:46:30 info: =================================
2023-02-26 21:46:35 info: [0mPOST /post/afa9efd9aa356b83de86798151dee3dfbcd6a49f [32m201[0m 1809.194 ms - -[0m
2023-02-26 21:48:03 info: =================================
2023-02-26 21:48:03 info: ======= ENV: development =======
2023-02-26 21:48:03 info: 🚀 App listening on the port 3000
2023-02-26 21:48:03 info: =================================
2023-02-26 21:48:08 info: [0mPOST /post/afa9efd9aa356b83de86798151dee3dfbcd6a49f [32m201[0m 1342.778 ms - -[0m
2023-02-26 21:49:18 info: =================================
2023-02-26 21:49:18 info: ======= ENV: development =======
2023-02-26 21:49:18 info: 🚀 App listening on the port 3000
2023-02-26 21:49:18 info: =================================
2023-02-26 21:49:26 info: [0mPOST /post/afa9efd9aa356b83de86798151dee3dfbcd6a49f [32m201[0m 1293.747 ms - -[0m
2023-02-26 21:49:52 info: =================================
2023-02-26 21:49:52 info: ======= ENV: development =======
2023-02-26 21:49:52 info: 🚀 App listening on the port 3000
2023-02-26 21:49:52 info: =================================
2023-02-26 21:49:58 info: =================================
2023-02-26 21:49:58 info: ======= ENV: development =======
2023-02-26 21:49:58 info: 🚀 App listening on the port 3000
2023-02-26 21:49:58 info: =================================
2023-02-26 21:50:06 info: [0mPOST /post/afa9efd9aa356b83de86798151dee3dfbcd6a49f [32m201[0m 1287.490 ms - -[0m
2023-02-26 21:51:12 info: =================================
2023-02-26 21:51:12 info: ======= ENV: development =======
2023-02-26 21:51:12 info: 🚀 App listening on the port 3000
2023-02-26 21:51:12 info: =================================
2023-02-26 21:51:16 info: [0mPOST /post/afa9efd9aa356b83de86798151dee3dfbcd6a49f [32m201[0m 1328.613 ms - -[0m
2023-02-26 21:51:47 info: =================================
2023-02-26 21:51:47 info: ======= ENV: development =======
2023-02-26 21:51:47 info: 🚀 App listening on the port 3000
2023-02-26 21:51:47 info: =================================
2023-02-26 21:51:52 info: [0mPOST /post/afa9efd9aa356b83de86798151dee3dfbcd6a49f [32m201[0m 1384.520 ms - -[0m
2023-02-26 22:47:24 info: =================================
2023-02-26 22:47:24 info: ======= ENV: development =======
2023-02-26 22:47:24 info: 🚀 App listening on the port 3000
2023-02-26 22:47:24 info: =================================
