2023-07-03 14:18:45 info: =================================
2023-07-03 14:18:45 info: ======= ENV: development =======
2023-07-03 14:18:45 info: 🚀 App listening on the port 4000
2023-07-03 14:18:45 info: =================================
2023-07-03 14:20:42 info: [0mPOST /signup [32m201[0m 33799.462 ms - -[0m
2023-07-03 14:21:33 info: [0mPOST /signup [32m201[0m 31439.171 ms - -[0m
2023-07-03 14:21:39 info: [0mPOST /signup [32m201[0m 30729.648 ms - -[0m
2023-07-03 14:22:47 info: [0mPOST /signup [32m201[0m 32374.505 ms - 224[0m
2023-07-03 14:22:55 info: [0mPOST /signup [32m201[0m 416.602 ms - 63[0m
2023-07-03 14:23:01 info: [0mPOST /signup [32m201[0m 56601.398 ms - -[0m
2023-07-03 14:23:30 info: [0mPOST /signup [32m201[0m 984.523 ms - 224[0m
2023-07-03 14:25:45 info: [0mPOST /signup [32m201[0m 473.211 ms - 27[0m
2023-07-03 14:27:49 info: [0mPOST /signup [32m201[0m 1146.467 ms - 224[0m
2023-07-03 14:27:49 info: [0mGET /users/upload/avatar/cus_OCABLJ0a3QSTuS [33m404[0m 1.706 ms - 177[0m
2023-07-03 14:29:16 info: [0mPOST /signup [32m201[0m 1180.644 ms - 224[0m
2023-07-03 14:33:09 info: [0mPOST /signup [32m201[0m 1287.422 ms - 232[0m
2023-07-03 14:36:32 info: =================================
2023-07-03 14:36:32 info: ======= ENV: development =======
2023-07-03 14:36:32 info: 🚀 App listening on the port 4000
2023-07-03 14:36:32 info: =================================
2023-07-03 14:37:15 info: [0mPOST /users/upload/avatar/cus_O8Rz6pavkTg6Xd [0m-[0m - ms - -[0m
2023-07-03 14:37:16 error: [POST] /users/upload/avatar/cus_O8Rz6pavkTg6Xd >> StatusCode:: 500, Message:: Unexpected field
2023-07-03 14:37:16 info: [0mPOST /users/upload/avatar/cus_O8Rz6pavkTg6Xd [31m500[0m 4.011 ms - 30[0m
2023-07-03 14:42:37 info: [0mPOST /signup [32m201[0m 1401.222 ms - 231[0m
2023-07-03 14:44:45 info: [0mPOST /signup [32m201[0m 1364.699 ms - 232[0m
2023-07-03 14:45:48 info: =================================
2023-07-03 14:45:48 info: ======= ENV: development =======
2023-07-03 14:45:48 info: 🚀 App listening on the port 4000
2023-07-03 14:45:48 info: =================================
2023-07-03 14:45:50 info: =================================
2023-07-03 14:45:50 info: ======= ENV: development =======
2023-07-03 14:45:50 info: 🚀 App listening on the port 4000
2023-07-03 14:45:50 info: =================================
2023-07-03 14:45:54 info: =================================
2023-07-03 14:45:54 info: ======= ENV: development =======
2023-07-03 14:45:54 info: 🚀 App listening on the port 4000
2023-07-03 14:45:54 info: =================================
2023-07-03 14:45:58 info: [0mPOST /signup [32m201[0m 450.429 ms - 71[0m
2023-07-03 14:46:10 info: [0mPOST /signup [32m201[0m 1311.574 ms - 237[0m
2023-07-03 14:46:54 info: [0mPOST /users/upload/avatar/cus_O8Rz6pavkTg6Xd [0m-[0m - ms - -[0m
2023-07-03 14:48:53 info: [0mPOST /signup [32m201[0m 1227.429 ms - 235[0m
2023-07-03 14:49:10 info: [0mPOST /users/upload/avatar/cus_O8Rz6pavkTg6Xd [0m-[0m - ms - -[0m
2023-07-03 14:53:48 info: [0mPOST /signup [32m201[0m 1177.221 ms - 230[0m
2023-07-03 15:07:10 info: [0mPOST /users/upload/avatar/cus_OCAbAEBHmkTUFj [0m-[0m - ms - -[0m
2023-07-03 15:07:10 info: [0mPOST /users/upload/avatar/cus_OCAWePRXzuWDWM [0m-[0m - ms - -[0m
2023-07-03 15:07:10 info: [0mPOST /users/upload/avatar/cus_OCATeNPz3CgzK0 [0m-[0m - ms - -[0m
2023-07-03 16:02:54 info: [0mPOST /users/upload/avatar/cus_O8Rz6pavkTg6Xd [0m-[0m - ms - -[0m
2023-07-03 16:06:10 info: [0mPOST /signup [32m201[0m 476.916 ms - 69[0m
2023-07-03 16:06:24 info: [0mPOST /signup [32m201[0m 1167.553 ms - 233[0m
2023-07-03 16:09:37 info: [0mPOST /signup [32m201[0m 401.214 ms - 72[0m
2023-07-03 16:09:49 info: [0mPOST /signup [32m201[0m 1076.552 ms - 230[0m
2023-07-03 16:10:32 info: [0mPOST /users/upload/avatar/cus_OCBmoXCb7V7883 [0m-[0m - ms - -[0m
2023-07-03 16:10:32 info: [0mPOST /users/upload/avatar/cus_OCBpAgTgeSiS9d [0m-[0m - ms - -[0m
2023-07-03 16:12:55 info: [0mPOST /signup [32m201[0m 1148.577 ms - 232[0m
2023-07-03 16:17:53 info: [0mPOST /users/upload/avatar/cus_OCBsQ4PfGaLb8D [0m-[0m - ms - -[0m
2023-07-03 19:06:32 info: [0mPOST /signup [32m201[0m 1362.784 ms - 234[0m
2023-07-03 19:15:32 info: [0mPOST /signup [32m201[0m 499.860 ms - 27[0m
2023-07-03 19:15:59 info: [0mPOST /signup [32m201[0m 1138.449 ms - 231[0m
2023-07-03 19:16:04 info: [0mPOST /signup [32m201[0m 370.578 ms - 70[0m
2023-07-03 19:16:13 info: [0mPOST /signup [32m201[0m 902.363 ms - 234[0m
2023-07-03 19:17:36 info: [0mPOST /signup [32m201[0m 1223.119 ms - 239[0m
