2023-09-08 10:25:19 info: =================================
2023-09-08 10:25:19 info: ======= ENV: development =======
2023-09-08 10:25:19 info: 🚀 App listening on the port 4000
2023-09-08 10:25:19 info: =================================
2023-09-08 10:26:00 info: [0mPOST /signup [32m201[0m 2914.629 ms - 301[0m
2023-09-08 10:27:25 info: [0mPOST /users/subscribe/cus_OaYPAnng0SBJP8 [32m200[0m 1173.999 ms - -[0m
2023-09-08 10:39:41 info: [0mPOST /users/subscribe/cus_OaYPAnng0SBJP8 [32m200[0m 1143.260 ms - -[0m
2023-09-08 10:40:49 info: =================================
2023-09-08 10:40:49 info: ======= ENV: development =======
2023-09-08 10:40:49 info: 🚀 App listening on the port 4000
2023-09-08 10:40:49 info: =================================
2023-09-08 10:40:55 info: [0mPOST /users/subscribe/cus_OaYPAnng0SBJP8 [32m200[0m 1141.906 ms - -[0m
2023-09-08 10:44:33 info: [0mPOST /users/subscribe/cus_OaYPAnng0SBJP8 [32m200[0m 1080.039 ms - -[0m
2023-09-08 10:59:28 info: =================================
2023-09-08 10:59:28 info: ======= ENV: development =======
2023-09-08 10:59:28 info: 🚀 App listening on the port 4000
2023-09-08 10:59:28 info: =================================
2023-09-08 11:04:22 info: [0mPOST /users/subscribe/cus_OaYPAnng0SBJP8 [32m200[0m 1400.071 ms - -[0m
2023-09-08 11:07:02 info: =================================
2023-09-08 11:07:02 info: ======= ENV: development =======
2023-09-08 11:07:02 info: 🚀 App listening on the port 4000
2023-09-08 11:07:02 info: =================================
2023-09-08 11:13:45 info: =================================
2023-09-08 11:13:45 info: ======= ENV: development =======
2023-09-08 11:13:45 info: 🚀 App listening on the port 4000
2023-09-08 11:13:45 info: =================================
2023-09-08 11:18:23 info: =================================
2023-09-08 11:18:23 info: ======= ENV: development =======
2023-09-08 11:18:23 info: 🚀 App listening on the port 4000
2023-09-08 11:18:23 info: =================================
2023-09-08 11:18:55 info: =================================
2023-09-08 11:18:55 info: ======= ENV: development =======
2023-09-08 11:18:55 info: 🚀 App listening on the port 4000
2023-09-08 11:18:55 info: =================================
2023-09-08 11:18:59 info: =================================
2023-09-08 11:18:59 info: ======= ENV: development =======
2023-09-08 11:18:59 info: 🚀 App listening on the port 4000
2023-09-08 11:18:59 info: =================================
2023-09-08 11:19:51 info: =================================
2023-09-08 11:19:51 info: ======= ENV: development =======
2023-09-08 11:19:51 info: 🚀 App listening on the port 4000
2023-09-08 11:19:51 info: =================================
2023-09-08 11:20:13 info: =================================
2023-09-08 11:20:13 info: ======= ENV: development =======
2023-09-08 11:20:13 info: 🚀 App listening on the port 4000
2023-09-08 11:20:13 info: =================================
2023-09-08 11:20:43 info: =================================
2023-09-08 11:20:43 info: ======= ENV: development =======
2023-09-08 11:20:43 info: 🚀 App listening on the port 4000
2023-09-08 11:20:43 info: =================================
2023-09-08 11:20:53 info: =================================
2023-09-08 11:20:53 info: ======= ENV: development =======
2023-09-08 11:20:53 info: 🚀 App listening on the port 4000
2023-09-08 11:20:53 info: =================================
2023-09-08 11:24:46 info: =================================
2023-09-08 11:24:46 info: ======= ENV: development =======
2023-09-08 11:24:46 info: 🚀 App listening on the port 4000
2023-09-08 11:24:46 info: =================================
2023-09-08 11:25:15 info: =================================
2023-09-08 11:25:15 info: ======= ENV: development =======
2023-09-08 11:25:15 info: 🚀 App listening on the port 4000
2023-09-08 11:25:15 info: =================================
2023-09-08 11:25:21 info: =================================
2023-09-08 11:25:21 info: ======= ENV: development =======
2023-09-08 11:25:21 info: 🚀 App listening on the port 4000
2023-09-08 11:25:21 info: =================================
2023-09-08 11:25:27 info: =================================
2023-09-08 11:25:27 info: ======= ENV: development =======
2023-09-08 11:25:27 info: 🚀 App listening on the port 4000
2023-09-08 11:25:27 info: =================================
2023-09-08 11:29:01 info: =================================
2023-09-08 11:29:01 info: ======= ENV: development =======
2023-09-08 11:29:01 info: 🚀 App listening on the port 4000
2023-09-08 11:29:01 info: =================================
2023-09-08 11:29:08 info: =================================
2023-09-08 11:29:08 info: ======= ENV: development =======
2023-09-08 11:29:08 info: 🚀 App listening on the port 4000
2023-09-08 11:29:08 info: =================================
2023-09-08 11:29:23 info: [0mPOST /users/subscribe/cus_OaYPAnng0SBJP8 [32m200[0m 441.118 ms - 41[0m
2023-09-08 11:32:32 info: [0mPOST /users/subscribe/cus_OaYPAnng0SBJP8 [32m200[0m 1066.891 ms - -[0m
2023-09-08 11:32:54 info: =================================
2023-09-08 11:32:54 info: ======= ENV: development =======
2023-09-08 11:32:54 info: 🚀 App listening on the port 4000
2023-09-08 11:32:54 info: =================================
2023-09-08 11:34:22 info: [0mPOST /signup [32m201[0m 2475.395 ms - 298[0m
2023-09-08 11:34:54 info: [0mPOST /signup [32m201[0m 1109.556 ms - 234[0m
2023-09-08 11:35:44 info: [0mPOST /users/subscribe/cus_ObDW0oePXDcsog [32m200[0m 1303.148 ms - -[0m
2023-09-08 11:42:59 info: =================================
2023-09-08 11:42:59 info: ======= ENV: development =======
2023-09-08 11:42:59 info: 🚀 App listening on the port 4000
2023-09-08 11:42:59 info: =================================
2023-09-08 11:45:14 info: =================================
2023-09-08 11:45:14 info: ======= ENV: development =======
2023-09-08 11:45:14 info: 🚀 App listening on the port 4000
2023-09-08 11:45:14 info: =================================
2023-09-08 11:45:35 info: [0mPOST /users/subscribe/cus_ObDW0oePXDcsog [32m200[0m 1123.002 ms - -[0m
2023-09-08 12:03:02 info: =================================
2023-09-08 12:03:02 info: ======= ENV: development =======
2023-09-08 12:03:02 info: 🚀 App listening on the port 4000
2023-09-08 12:03:02 info: =================================
2023-09-08 12:03:05 info: =================================
2023-09-08 12:03:05 info: ======= ENV: development =======
2023-09-08 12:03:05 info: 🚀 App listening on the port 4000
2023-09-08 12:03:05 info: =================================
2023-09-08 12:03:18 info: [0mPOST /users/subscribe/cus_ObDW0oePXDcsog [32m200[0m 1156.226 ms - -[0m
2023-09-08 12:12:33 info: =================================
2023-09-08 12:12:33 info: ======= ENV: development =======
2023-09-08 12:12:33 info: 🚀 App listening on the port 4000
2023-09-08 12:12:33 info: =================================
2023-09-08 12:12:38 info: =================================
2023-09-08 12:12:38 info: ======= ENV: development =======
2023-09-08 12:12:38 info: 🚀 App listening on the port 4000
2023-09-08 12:12:38 info: =================================
2023-09-08 12:12:49 info: =================================
2023-09-08 12:12:49 info: ======= ENV: development =======
2023-09-08 12:12:49 info: 🚀 App listening on the port 4000
2023-09-08 12:12:49 info: =================================
2023-09-08 12:12:55 info: [0mPOST /users/subscribe/cus_ObDW0oePXDcsog [32m200[0m 1230.954 ms - -[0m
2023-09-08 12:13:36 info: =================================
2023-09-08 12:13:36 info: ======= ENV: development =======
2023-09-08 12:13:36 info: 🚀 App listening on the port 4000
2023-09-08 12:13:36 info: =================================
2023-09-08 12:13:42 info: =================================
2023-09-08 12:13:42 info: ======= ENV: development =======
2023-09-08 12:13:42 info: 🚀 App listening on the port 4000
2023-09-08 12:13:42 info: =================================
2023-09-08 12:13:46 info: [0mPOST /users/subscribe/cus_ObDW0oePXDcsog [32m200[0m 1145.942 ms - -[0m
2023-09-08 12:16:26 info: =================================
2023-09-08 12:16:26 info: ======= ENV: development =======
2023-09-08 12:16:26 info: 🚀 App listening on the port 4000
2023-09-08 12:16:26 info: =================================
2023-09-08 12:22:42 info: =================================
2023-09-08 12:22:42 info: ======= ENV: development =======
2023-09-08 12:22:42 info: 🚀 App listening on the port 4000
2023-09-08 12:22:42 info: =================================
2023-09-08 12:22:47 info: =================================
2023-09-08 12:22:47 info: ======= ENV: development =======
2023-09-08 12:22:47 info: 🚀 App listening on the port 4000
2023-09-08 12:22:47 info: =================================
2023-09-08 12:22:54 info: =================================
2023-09-08 12:22:54 info: ======= ENV: development =======
2023-09-08 12:22:54 info: 🚀 App listening on the port 4000
2023-09-08 12:22:54 info: =================================
2023-09-08 12:24:45 info: [0mPOST /users/subscribe/cus_ObDW0oePXDcsog [32m200[0m 1295.161 ms - -[0m
2023-09-08 12:25:23 info: [0mPOST /signup [32m201[0m 390.727 ms - 55[0m
2023-09-08 12:25:31 info: [0mPOST /signup [32m201[0m 1049.404 ms - 232[0m
2023-09-08 12:27:22 info: [0mPOST /signup [32m201[0m 399.658 ms - 53[0m
2023-09-08 12:27:36 info: [0mPOST /signup [32m201[0m 2854.443 ms - 328[0m
2023-09-08 12:30:22 info: [0mPOST /users/subscribe/cus_ObELbuMpXm0KFM [32m200[0m 1073.588 ms - -[0m
2023-09-08 12:32:42 info: =================================
2023-09-08 12:32:42 info: ======= ENV: development =======
2023-09-08 12:32:42 info: 🚀 App listening on the port 4000
2023-09-08 12:32:42 info: =================================
2023-09-08 12:32:54 info: =================================
2023-09-08 12:32:54 info: ======= ENV: development =======
2023-09-08 12:32:54 info: 🚀 App listening on the port 4000
2023-09-08 12:32:54 info: =================================
2023-09-08 12:32:58 info: =================================
2023-09-08 12:32:58 info: ======= ENV: development =======
2023-09-08 12:32:58 info: 🚀 App listening on the port 4000
2023-09-08 12:32:58 info: =================================
2023-09-08 12:33:02 info: =================================
2023-09-08 12:33:02 info: ======= ENV: development =======
2023-09-08 12:33:02 info: 🚀 App listening on the port 4000
2023-09-08 12:33:02 info: =================================
2023-09-08 12:33:07 info: [0mPOST /users/subscribe/cus_ObELbuMpXm0KFM [32m200[0m 1198.850 ms - -[0m
2023-09-08 12:34:33 info: =================================
2023-09-08 12:34:33 info: ======= ENV: development =======
2023-09-08 12:34:33 info: 🚀 App listening on the port 4000
2023-09-08 12:34:33 info: =================================
2023-09-08 12:34:43 info: =================================
2023-09-08 12:34:43 info: ======= ENV: development =======
2023-09-08 12:34:43 info: 🚀 App listening on the port 4000
2023-09-08 12:34:43 info: =================================
2023-09-08 12:34:49 info: =================================
2023-09-08 12:34:49 info: ======= ENV: development =======
2023-09-08 12:34:49 info: 🚀 App listening on the port 4000
2023-09-08 12:34:49 info: =================================
2023-09-08 12:34:58 info: =================================
2023-09-08 12:34:58 info: ======= ENV: development =======
2023-09-08 12:34:58 info: 🚀 App listening on the port 4000
2023-09-08 12:34:58 info: =================================
2023-09-08 12:35:02 info: =================================
2023-09-08 12:35:02 info: ======= ENV: development =======
2023-09-08 12:35:02 info: 🚀 App listening on the port 4000
2023-09-08 12:35:02 info: =================================
2023-09-08 12:35:06 info: =================================
2023-09-08 12:35:06 info: ======= ENV: development =======
2023-09-08 12:35:06 info: 🚀 App listening on the port 4000
2023-09-08 12:35:06 info: =================================
2023-09-08 12:35:11 info: =================================
2023-09-08 12:35:11 info: ======= ENV: development =======
2023-09-08 12:35:11 info: 🚀 App listening on the port 4000
2023-09-08 12:35:11 info: =================================
2023-09-08 12:35:22 info: =================================
2023-09-08 12:35:22 info: ======= ENV: development =======
2023-09-08 12:35:22 info: 🚀 App listening on the port 4000
2023-09-08 12:35:22 info: =================================
2023-09-08 12:36:18 info: =================================
2023-09-08 12:36:18 info: ======= ENV: development =======
2023-09-08 12:36:18 info: 🚀 App listening on the port 4000
2023-09-08 12:36:18 info: =================================
2023-09-08 12:36:24 info: =================================
2023-09-08 12:36:24 info: ======= ENV: development =======
2023-09-08 12:36:24 info: 🚀 App listening on the port 4000
2023-09-08 12:36:24 info: =================================
2023-09-08 12:36:36 info: =================================
2023-09-08 12:36:36 info: ======= ENV: development =======
2023-09-08 12:36:36 info: 🚀 App listening on the port 4000
2023-09-08 12:36:36 info: =================================
2023-09-08 12:36:45 info: =================================
2023-09-08 12:36:45 info: ======= ENV: development =======
2023-09-08 12:36:45 info: 🚀 App listening on the port 4000
2023-09-08 12:36:45 info: =================================
2023-09-08 12:36:48 info: =================================
2023-09-08 12:36:48 info: ======= ENV: development =======
2023-09-08 12:36:48 info: 🚀 App listening on the port 4000
2023-09-08 12:36:48 info: =================================
2023-09-08 12:36:53 info: =================================
2023-09-08 12:36:53 info: ======= ENV: development =======
2023-09-08 12:36:53 info: 🚀 App listening on the port 4000
2023-09-08 12:36:53 info: =================================
2023-09-08 12:37:02 info: =================================
2023-09-08 12:37:02 info: ======= ENV: development =======
2023-09-08 12:37:02 info: 🚀 App listening on the port 4000
2023-09-08 12:37:02 info: =================================
2023-09-08 12:37:10 info: =================================
2023-09-08 12:37:10 info: ======= ENV: development =======
2023-09-08 12:37:10 info: 🚀 App listening on the port 4000
2023-09-08 12:37:10 info: =================================
2023-09-08 12:37:15 info: [0mPOST /users/subscribe/cus_ObELbuMpXm0KFM [32m200[0m 1253.479 ms - -[0m
2023-09-08 12:37:45 info: [0mPOST /signup [32m201[0m 373.001 ms - 63[0m
2023-09-08 12:37:59 info: [0mPOST /signup [32m201[0m 2972.047 ms - 326[0m
2023-09-08 12:40:38 info: [0mPOST /users/subscribe/cus_ObELbuMpXm0KFM [32m200[0m 1172.552 ms - -[0m
2023-09-08 12:41:22 info: =================================
2023-09-08 12:41:22 info: ======= ENV: development =======
2023-09-08 12:41:22 info: 🚀 App listening on the port 4000
2023-09-08 12:41:22 info: =================================
2023-09-08 12:41:30 info: [0mPOST /users/subscribe/cus_ObELbuMpXm0KFM [32m200[0m 1518.906 ms - -[0m
2023-09-08 12:43:32 info: =================================
2023-09-08 12:43:32 info: ======= ENV: development =======
2023-09-08 12:43:32 info: 🚀 App listening on the port 4000
2023-09-08 12:43:32 info: =================================
2023-09-08 12:43:53 info: [0mPOST /signup [32m201[0m 2945.120 ms - 326[0m
2023-09-08 12:44:50 info: [0mPOST /users/subscribe/cus_ObELbuMpXm0KFM [32m200[0m 943.093 ms - -[0m
2023-09-08 13:28:31 info: =================================
2023-09-08 13:28:31 info: ======= ENV: development =======
2023-09-08 13:28:31 info: 🚀 App listening on the port 4000
2023-09-08 13:28:31 info: =================================
2023-09-08 13:36:31 info: =================================
2023-09-08 13:36:31 info: ======= ENV: development =======
2023-09-08 13:36:31 info: 🚀 App listening on the port 4000
2023-09-08 13:36:31 info: =================================
2023-09-08 13:36:49 info: =================================
2023-09-08 13:36:49 info: ======= ENV: development =======
2023-09-08 13:36:49 info: 🚀 App listening on the port 4000
2023-09-08 13:36:49 info: =================================
2023-09-08 13:37:00 info: =================================
2023-09-08 13:37:00 info: ======= ENV: development =======
2023-09-08 13:37:00 info: 🚀 App listening on the port 4000
2023-09-08 13:37:00 info: =================================
2023-09-08 13:37:13 info: [0mPOST /signup [32m201[0m 3144.893 ms - 329[0m
2023-09-08 13:38:14 info: [0mPOST /users/subscribe/cus_ObELbuMpXm0KFM [32m200[0m 975.347 ms - -[0m
2023-09-08 13:44:14 info: =================================
2023-09-08 13:44:14 info: ======= ENV: development =======
2023-09-08 13:44:14 info: 🚀 App listening on the port 4000
2023-09-08 13:44:14 info: =================================
2023-09-08 13:44:23 info: =================================
2023-09-08 13:44:23 info: ======= ENV: development =======
2023-09-08 13:44:23 info: 🚀 App listening on the port 4000
2023-09-08 13:44:23 info: =================================
2023-09-08 13:44:40 info: =================================
2023-09-08 13:44:40 info: ======= ENV: development =======
2023-09-08 13:44:40 info: 🚀 App listening on the port 4000
2023-09-08 13:44:40 info: =================================
2023-09-08 13:44:47 info: =================================
2023-09-08 13:44:47 info: ======= ENV: development =======
2023-09-08 13:44:47 info: 🚀 App listening on the port 4000
2023-09-08 13:44:47 info: =================================
2023-09-08 13:44:51 info: =================================
2023-09-08 13:44:51 info: ======= ENV: development =======
2023-09-08 13:44:51 info: 🚀 App listening on the port 4000
2023-09-08 13:44:51 info: =================================
2023-09-08 13:44:56 info: =================================
2023-09-08 13:44:56 info: ======= ENV: development =======
2023-09-08 13:44:56 info: 🚀 App listening on the port 4000
2023-09-08 13:44:56 info: =================================
2023-09-08 13:45:30 info: =================================
2023-09-08 13:45:30 info: ======= ENV: development =======
2023-09-08 13:45:30 info: 🚀 App listening on the port 4000
2023-09-08 13:45:30 info: =================================
2023-09-08 13:45:33 info: =================================
2023-09-08 13:45:33 info: ======= ENV: development =======
2023-09-08 13:45:33 info: 🚀 App listening on the port 4000
2023-09-08 13:45:33 info: =================================
2023-09-08 13:45:37 info: =================================
2023-09-08 13:45:37 info: ======= ENV: development =======
2023-09-08 13:45:37 info: 🚀 App listening on the port 4000
2023-09-08 13:45:37 info: =================================
2023-09-08 13:45:40 info: =================================
2023-09-08 13:45:40 info: ======= ENV: development =======
2023-09-08 13:45:40 info: 🚀 App listening on the port 4000
2023-09-08 13:45:40 info: =================================
2023-09-08 13:45:46 info: =================================
2023-09-08 13:45:46 info: ======= ENV: development =======
2023-09-08 13:45:46 info: 🚀 App listening on the port 4000
2023-09-08 13:45:46 info: =================================
2023-09-08 13:45:59 info: =================================
2023-09-08 13:45:59 info: ======= ENV: development =======
2023-09-08 13:45:59 info: 🚀 App listening on the port 4000
2023-09-08 13:45:59 info: =================================
2023-09-08 13:46:05 info: =================================
2023-09-08 13:46:05 info: ======= ENV: development =======
2023-09-08 13:46:05 info: 🚀 App listening on the port 4000
2023-09-08 13:46:05 info: =================================
2023-09-08 13:46:40 info: =================================
2023-09-08 13:46:40 info: ======= ENV: development =======
2023-09-08 13:46:40 info: 🚀 App listening on the port 4000
2023-09-08 13:46:40 info: =================================
2023-09-08 13:47:47 info: =================================
2023-09-08 13:47:47 info: ======= ENV: development =======
2023-09-08 13:47:47 info: 🚀 App listening on the port 4000
2023-09-08 13:47:47 info: =================================
2023-09-08 13:47:52 info: =================================
2023-09-08 13:47:52 info: ======= ENV: development =======
2023-09-08 13:47:52 info: 🚀 App listening on the port 4000
2023-09-08 13:47:52 info: =================================
2023-09-08 13:47:58 info: =================================
2023-09-08 13:47:58 info: ======= ENV: development =======
2023-09-08 13:47:58 info: 🚀 App listening on the port 4000
2023-09-08 13:47:58 info: =================================
2023-09-08 13:48:05 info: =================================
2023-09-08 13:48:05 info: ======= ENV: development =======
2023-09-08 13:48:05 info: 🚀 App listening on the port 4000
2023-09-08 13:48:05 info: =================================
2023-09-08 13:48:08 info: =================================
2023-09-08 13:48:08 info: ======= ENV: development =======
2023-09-08 13:48:08 info: 🚀 App listening on the port 4000
2023-09-08 13:48:08 info: =================================
2023-09-08 13:48:13 info: =================================
2023-09-08 13:48:13 info: ======= ENV: development =======
2023-09-08 13:48:13 info: 🚀 App listening on the port 4000
2023-09-08 13:48:13 info: =================================
2023-09-08 13:48:17 info: =================================
2023-09-08 13:48:17 info: ======= ENV: development =======
2023-09-08 13:48:17 info: 🚀 App listening on the port 4000
2023-09-08 13:48:17 info: =================================
2023-09-08 13:48:23 info: =================================
2023-09-08 13:48:23 info: ======= ENV: development =======
2023-09-08 13:48:23 info: 🚀 App listening on the port 4000
2023-09-08 13:48:23 info: =================================
2023-09-08 13:48:31 info: =================================
2023-09-08 13:48:31 info: ======= ENV: development =======
2023-09-08 13:48:31 info: 🚀 App listening on the port 4000
2023-09-08 13:48:31 info: =================================
2023-09-08 13:48:43 info: =================================
2023-09-08 13:48:43 info: ======= ENV: development =======
2023-09-08 13:48:43 info: 🚀 App listening on the port 4000
2023-09-08 13:48:43 info: =================================
2023-09-08 13:48:49 info: =================================
2023-09-08 13:48:49 info: ======= ENV: development =======
2023-09-08 13:48:49 info: 🚀 App listening on the port 4000
2023-09-08 13:48:49 info: =================================
2023-09-08 13:48:57 info: =================================
2023-09-08 13:48:57 info: ======= ENV: development =======
2023-09-08 13:48:57 info: 🚀 App listening on the port 4000
2023-09-08 13:48:57 info: =================================
2023-09-08 13:50:31 info: =================================
2023-09-08 13:50:31 info: ======= ENV: development =======
2023-09-08 13:50:31 info: 🚀 App listening on the port 4000
2023-09-08 13:50:31 info: =================================
2023-09-08 13:50:40 info: =================================
2023-09-08 13:50:40 info: ======= ENV: development =======
2023-09-08 13:50:40 info: 🚀 App listening on the port 4000
2023-09-08 13:50:40 info: =================================
2023-09-08 13:50:45 info: =================================
2023-09-08 13:50:45 info: ======= ENV: development =======
2023-09-08 13:50:45 info: 🚀 App listening on the port 4000
2023-09-08 13:50:45 info: =================================
2023-09-08 13:51:01 info: =================================
2023-09-08 13:51:01 info: ======= ENV: development =======
2023-09-08 13:51:01 info: 🚀 App listening on the port 4000
2023-09-08 13:51:01 info: =================================
2023-09-08 13:51:09 info: =================================
2023-09-08 13:51:09 info: ======= ENV: development =======
2023-09-08 13:51:09 info: 🚀 App listening on the port 4000
2023-09-08 13:51:09 info: =================================
2023-09-08 13:51:14 info: =================================
2023-09-08 13:51:14 info: ======= ENV: development =======
2023-09-08 13:51:14 info: 🚀 App listening on the port 4000
2023-09-08 13:51:14 info: =================================
2023-09-08 13:51:22 info: =================================
2023-09-08 13:51:22 info: ======= ENV: development =======
2023-09-08 13:51:22 info: 🚀 App listening on the port 4000
2023-09-08 13:51:22 info: =================================
2023-09-08 13:51:24 info: =================================
2023-09-08 13:51:24 info: ======= ENV: development =======
2023-09-08 13:51:24 info: 🚀 App listening on the port 4000
2023-09-08 13:51:24 info: =================================
2023-09-08 13:51:44 info: =================================
2023-09-08 13:51:44 info: ======= ENV: development =======
2023-09-08 13:51:44 info: 🚀 App listening on the port 4000
2023-09-08 13:51:44 info: =================================
2023-09-08 13:51:50 info: =================================
2023-09-08 13:51:50 info: ======= ENV: development =======
2023-09-08 13:51:50 info: 🚀 App listening on the port 4000
2023-09-08 13:51:50 info: =================================
2023-09-08 13:51:52 info: =================================
2023-09-08 13:51:52 info: ======= ENV: development =======
2023-09-08 13:51:52 info: 🚀 App listening on the port 4000
2023-09-08 13:51:52 info: =================================
2023-09-08 13:51:56 info: =================================
2023-09-08 13:51:56 info: ======= ENV: development =======
2023-09-08 13:51:56 info: 🚀 App listening on the port 4000
2023-09-08 13:51:56 info: =================================
2023-09-08 13:52:01 info: =================================
2023-09-08 13:52:01 info: ======= ENV: development =======
2023-09-08 13:52:01 info: 🚀 App listening on the port 4000
2023-09-08 13:52:01 info: =================================
2023-09-08 13:52:10 info: =================================
2023-09-08 13:52:10 info: ======= ENV: development =======
2023-09-08 13:52:10 info: 🚀 App listening on the port 4000
2023-09-08 13:52:10 info: =================================
2023-09-08 13:52:18 info: =================================
2023-09-08 13:52:18 info: ======= ENV: development =======
2023-09-08 13:52:18 info: 🚀 App listening on the port 4000
2023-09-08 13:52:18 info: =================================
2023-09-08 13:52:23 info: =================================
2023-09-08 13:52:23 info: ======= ENV: development =======
2023-09-08 13:52:23 info: 🚀 App listening on the port 4000
2023-09-08 13:52:23 info: =================================
2023-09-08 13:52:39 info: =================================
2023-09-08 13:52:39 info: ======= ENV: development =======
2023-09-08 13:52:39 info: 🚀 App listening on the port 4000
2023-09-08 13:52:39 info: =================================
2023-09-08 13:52:42 info: =================================
2023-09-08 13:52:42 info: ======= ENV: development =======
2023-09-08 13:52:42 info: 🚀 App listening on the port 4000
2023-09-08 13:52:42 info: =================================
2023-09-08 13:52:47 info: =================================
2023-09-08 13:52:47 info: ======= ENV: development =======
2023-09-08 13:52:47 info: 🚀 App listening on the port 4000
2023-09-08 13:52:47 info: =================================
2023-09-08 13:52:52 info: =================================
2023-09-08 13:52:52 info: ======= ENV: development =======
2023-09-08 13:52:52 info: 🚀 App listening on the port 4000
2023-09-08 13:52:52 info: =================================
2023-09-08 13:53:17 info: =================================
2023-09-08 13:53:17 info: ======= ENV: development =======
2023-09-08 13:53:17 info: 🚀 App listening on the port 4000
2023-09-08 13:53:17 info: =================================
2023-09-08 13:53:22 info: =================================
2023-09-08 13:53:22 info: ======= ENV: development =======
2023-09-08 13:53:22 info: 🚀 App listening on the port 4000
2023-09-08 13:53:22 info: =================================
2023-09-08 13:53:26 info: =================================
2023-09-08 13:53:26 info: ======= ENV: development =======
2023-09-08 13:53:26 info: 🚀 App listening on the port 4000
2023-09-08 13:53:26 info: =================================
2023-09-08 13:53:31 info: =================================
2023-09-08 13:53:31 info: ======= ENV: development =======
2023-09-08 13:53:31 info: 🚀 App listening on the port 4000
2023-09-08 13:53:31 info: =================================
2023-09-08 13:53:40 info: =================================
2023-09-08 13:53:40 info: ======= ENV: development =======
2023-09-08 13:53:40 info: 🚀 App listening on the port 4000
2023-09-08 13:53:40 info: =================================
2023-09-08 13:53:46 info: =================================
2023-09-08 13:53:46 info: ======= ENV: development =======
2023-09-08 13:53:46 info: 🚀 App listening on the port 4000
2023-09-08 13:53:46 info: =================================
2023-09-08 13:53:59 info: =================================
2023-09-08 13:53:59 info: ======= ENV: development =======
2023-09-08 13:53:59 info: 🚀 App listening on the port 4000
2023-09-08 13:53:59 info: =================================
2023-09-08 13:54:04 info: =================================
2023-09-08 13:54:04 info: ======= ENV: development =======
2023-09-08 13:54:04 info: 🚀 App listening on the port 4000
2023-09-08 13:54:04 info: =================================
2023-09-08 13:54:08 info: =================================
2023-09-08 13:54:08 info: ======= ENV: development =======
2023-09-08 13:54:08 info: 🚀 App listening on the port 4000
2023-09-08 13:54:08 info: =================================
2023-09-08 13:54:17 info: =================================
2023-09-08 13:54:17 info: ======= ENV: development =======
2023-09-08 13:54:17 info: 🚀 App listening on the port 4000
2023-09-08 13:54:17 info: =================================
2023-09-08 13:54:29 info: =================================
2023-09-08 13:54:29 info: ======= ENV: development =======
2023-09-08 13:54:29 info: 🚀 App listening on the port 4000
2023-09-08 13:54:29 info: =================================
2023-09-08 13:54:33 info: =================================
2023-09-08 13:54:33 info: ======= ENV: development =======
2023-09-08 13:54:33 info: 🚀 App listening on the port 4000
2023-09-08 13:54:33 info: =================================
2023-09-08 13:54:45 info: =================================
2023-09-08 13:54:45 info: ======= ENV: development =======
2023-09-08 13:54:45 info: 🚀 App listening on the port 4000
2023-09-08 13:54:45 info: =================================
2023-09-08 13:54:57 info: =================================
2023-09-08 13:54:57 info: ======= ENV: development =======
2023-09-08 13:54:57 info: 🚀 App listening on the port 4000
2023-09-08 13:54:57 info: =================================
2023-09-08 13:55:07 info: =================================
2023-09-08 13:55:07 info: ======= ENV: development =======
2023-09-08 13:55:07 info: 🚀 App listening on the port 4000
2023-09-08 13:55:07 info: =================================
2023-09-08 13:55:16 info: =================================
2023-09-08 13:55:16 info: ======= ENV: development =======
2023-09-08 13:55:16 info: 🚀 App listening on the port 4000
2023-09-08 13:55:16 info: =================================
2023-09-08 13:55:24 info: =================================
2023-09-08 13:55:24 info: ======= ENV: development =======
2023-09-08 13:55:24 info: 🚀 App listening on the port 4000
2023-09-08 13:55:24 info: =================================
2023-09-08 13:58:17 info: =================================
2023-09-08 13:58:17 info: ======= ENV: development =======
2023-09-08 13:58:17 info: 🚀 App listening on the port 4000
2023-09-08 13:58:17 info: =================================
2023-09-08 13:58:24 info: =================================
2023-09-08 13:58:24 info: ======= ENV: development =======
2023-09-08 13:58:24 info: 🚀 App listening on the port 4000
2023-09-08 13:58:24 info: =================================
2023-09-08 13:58:30 info: =================================
2023-09-08 13:58:30 info: ======= ENV: development =======
2023-09-08 13:58:30 info: 🚀 App listening on the port 4000
2023-09-08 13:58:30 info: =================================
2023-09-08 13:58:37 info: =================================
2023-09-08 13:58:37 info: ======= ENV: development =======
2023-09-08 13:58:37 info: 🚀 App listening on the port 4000
2023-09-08 13:58:37 info: =================================
2023-09-08 13:58:41 info: =================================
2023-09-08 13:58:41 info: ======= ENV: development =======
2023-09-08 13:58:41 info: 🚀 App listening on the port 4000
2023-09-08 13:58:41 info: =================================
2023-09-08 13:58:44 info: =================================
2023-09-08 13:58:44 info: ======= ENV: development =======
2023-09-08 13:58:44 info: 🚀 App listening on the port 4000
2023-09-08 13:58:44 info: =================================
2023-09-08 13:58:58 info: =================================
2023-09-08 13:58:58 info: ======= ENV: development =======
2023-09-08 13:58:58 info: 🚀 App listening on the port 4000
2023-09-08 13:58:58 info: =================================
2023-09-08 13:59:11 info: =================================
2023-09-08 13:59:11 info: ======= ENV: development =======
2023-09-08 13:59:11 info: 🚀 App listening on the port 4000
2023-09-08 13:59:11 info: =================================
2023-09-08 13:59:15 info: =================================
2023-09-08 13:59:15 info: ======= ENV: development =======
2023-09-08 13:59:15 info: 🚀 App listening on the port 4000
2023-09-08 13:59:15 info: =================================
2023-09-08 13:59:40 info: =================================
2023-09-08 13:59:40 info: ======= ENV: development =======
2023-09-08 13:59:40 info: 🚀 App listening on the port 4000
2023-09-08 13:59:40 info: =================================
2023-09-08 14:00:47 info: [0mGET /sellers/followers/acct_1No2zqQWOqak4lRH [32m201[0m 453.327 ms - 34[0m
2023-09-08 14:01:05 info: =================================
2023-09-08 14:01:05 info: ======= ENV: development =======
2023-09-08 14:01:05 info: 🚀 App listening on the port 4000
2023-09-08 14:01:05 info: =================================
2023-09-08 14:01:13 info: [0mPOST /users/subscribe/cus_ObELbuMpXm0KFM [32m200[0m 1308.397 ms - -[0m
2023-09-08 14:01:31 info: [0mPOST /users/subscribe/cus_ObELbuMpXm0KFM [32m200[0m 391.989 ms - 41[0m
2023-09-08 14:01:39 info: [0mGET /sellers/followers/acct_1No2zqQWOqak4lRH [32m201[0m 431.349 ms - 34[0m
2023-09-08 14:02:09 info: [0mGET /sellers/followers/acct_1No2zqQWOqak4lRH [32m201[0m 407.134 ms - 34[0m
2023-09-08 14:02:55 info: =================================
2023-09-08 14:02:55 info: ======= ENV: development =======
2023-09-08 14:02:55 info: 🚀 App listening on the port 4000
2023-09-08 14:02:55 info: =================================
2023-09-08 14:02:59 info: [0mGET /sellers/followers/acct_1No2zqQWOqak4lRH [32m201[0m 480.957 ms - 34[0m
2023-09-08 14:03:18 info: =================================
2023-09-08 14:03:18 info: ======= ENV: development =======
2023-09-08 14:03:18 info: 🚀 App listening on the port 4000
2023-09-08 14:03:18 info: =================================
2023-09-08 14:03:36 info: =================================
2023-09-08 14:03:36 info: ======= ENV: development =======
2023-09-08 14:03:36 info: 🚀 App listening on the port 4000
2023-09-08 14:03:36 info: =================================
2023-09-08 14:03:36 info: [0mGET /sellers/followers/acct_1No2zqQWOqak4lRH [32m201[0m 469.531 ms - 15[0m
2023-09-08 14:05:29 info: =================================
2023-09-08 14:05:29 info: ======= ENV: development =======
2023-09-08 14:05:29 info: 🚀 App listening on the port 4000
2023-09-08 14:05:29 info: =================================
2023-09-08 14:05:33 info: [0mGET /sellers/followers/acct_1No2zqQWOqak4lRH [32m201[0m 531.064 ms - 15[0m
2023-09-08 14:06:09 info: =================================
2023-09-08 14:06:09 info: ======= ENV: development =======
2023-09-08 14:06:09 info: 🚀 App listening on the port 4000
2023-09-08 14:06:09 info: =================================
2023-09-08 14:06:16 info: [0mGET /sellers/followers/acct_1No2zqQWOqak4lRH [32m201[0m 467.470 ms - 15[0m
2023-09-08 14:31:29 info: [0mGET /sellers/followers/acct_1No2zqQWOqak4lRH [32m201[0m 491.500 ms - 15[0m
2023-09-08 14:32:11 info: =================================
2023-09-08 14:32:11 info: ======= ENV: development =======
2023-09-08 14:32:11 info: 🚀 App listening on the port 4000
2023-09-08 14:32:11 info: =================================
2023-09-08 14:32:18 info: =================================
2023-09-08 14:32:18 info: ======= ENV: development =======
2023-09-08 14:32:18 info: 🚀 App listening on the port 4000
2023-09-08 14:32:18 info: =================================
2023-09-08 14:34:01 info: =================================
2023-09-08 14:34:01 info: ======= ENV: development =======
2023-09-08 14:34:01 info: 🚀 App listening on the port 4000
2023-09-08 14:34:01 info: =================================
2023-09-08 14:34:04 info: [0mGET /sellers/followers/acct_1No2zqQWOqak4lRH [32m201[0m 543.649 ms - 2[0m
2023-09-08 14:34:20 info: =================================
2023-09-08 14:34:20 info: ======= ENV: development =======
2023-09-08 14:34:20 info: 🚀 App listening on the port 4000
2023-09-08 14:34:20 info: =================================
2023-09-08 14:34:23 info: [0mGET /sellers/followers/acct_1No2zqQWOqak4lRH [32m201[0m 455.307 ms - 34[0m
2023-09-08 14:35:16 info: =================================
2023-09-08 14:35:16 info: ======= ENV: development =======
2023-09-08 14:35:16 info: 🚀 App listening on the port 4000
2023-09-08 14:35:16 info: =================================
2023-09-08 14:35:25 info: =================================
2023-09-08 14:35:25 info: ======= ENV: development =======
2023-09-08 14:35:25 info: 🚀 App listening on the port 4000
2023-09-08 14:35:25 info: =================================
2023-09-08 14:35:33 info: =================================
2023-09-08 14:35:33 info: ======= ENV: development =======
2023-09-08 14:35:33 info: 🚀 App listening on the port 4000
2023-09-08 14:35:33 info: =================================
2023-09-08 14:35:36 info: =================================
2023-09-08 14:35:36 info: ======= ENV: development =======
2023-09-08 14:35:36 info: 🚀 App listening on the port 4000
2023-09-08 14:35:36 info: =================================
2023-09-08 16:03:11 info: [0mGET /sellers/followers/acct_1No2zqQWOqak4lRH [32m201[0m 548.785 ms - 15[0m
2023-09-08 16:04:57 info: [0mPOST /users/subscribe/0ff4c37686ba1d336e4bb20f905dbf1aeefef2e7 [32m200[0m 913.858 ms - 2[0m
2023-09-08 16:05:39 info: [0mPOST /users/subscribe/cus_ObDW0oePXDcsog [32m200[0m 1023.395 ms - -[0m
2023-09-08 16:06:02 info: [0mGET /sellers/followers/acct_1No2zqQWOqak4lRH [32m201[0m 421.681 ms - 15[0m
2023-09-08 16:06:16 info: [0mGET /sellers/followers/acct_1No2zqQWOqak4lRH [32m201[0m 413.977 ms - 15[0m
2023-09-08 16:07:09 info: =================================
2023-09-08 16:07:09 info: ======= ENV: development =======
2023-09-08 16:07:09 info: 🚀 App listening on the port 4000
2023-09-08 16:07:09 info: =================================
2023-09-08 16:07:12 info: =================================
2023-09-08 16:07:12 info: ======= ENV: development =======
2023-09-08 16:07:12 info: 🚀 App listening on the port 4000
2023-09-08 16:07:12 info: =================================
2023-09-08 16:07:28 info: =================================
2023-09-08 16:07:28 info: ======= ENV: development =======
2023-09-08 16:07:28 info: 🚀 App listening on the port 4000
2023-09-08 16:07:28 info: =================================
2023-09-08 16:07:33 info: =================================
2023-09-08 16:07:33 info: ======= ENV: development =======
2023-09-08 16:07:33 info: 🚀 App listening on the port 4000
2023-09-08 16:07:33 info: =================================
2023-09-08 16:07:49 info: =================================
2023-09-08 16:07:49 info: ======= ENV: development =======
2023-09-08 16:07:49 info: 🚀 App listening on the port 4000
2023-09-08 16:07:49 info: =================================
2023-09-08 16:07:54 info: =================================
2023-09-08 16:07:54 info: ======= ENV: development =======
2023-09-08 16:07:54 info: 🚀 App listening on the port 4000
2023-09-08 16:07:54 info: =================================
2023-09-08 16:08:00 info: =================================
2023-09-08 16:08:00 info: ======= ENV: development =======
2023-09-08 16:08:00 info: 🚀 App listening on the port 4000
2023-09-08 16:08:00 info: =================================
2023-09-08 16:08:04 info: =================================
2023-09-08 16:08:04 info: ======= ENV: development =======
2023-09-08 16:08:04 info: 🚀 App listening on the port 4000
2023-09-08 16:08:04 info: =================================
2023-09-08 16:08:07 info: =================================
2023-09-08 16:08:07 info: ======= ENV: development =======
2023-09-08 16:08:07 info: 🚀 App listening on the port 4000
2023-09-08 16:08:07 info: =================================
2023-09-08 16:08:14 info: =================================
2023-09-08 16:08:14 info: ======= ENV: development =======
2023-09-08 16:08:14 info: 🚀 App listening on the port 4000
2023-09-08 16:08:14 info: =================================
2023-09-08 16:08:22 info: =================================
2023-09-08 16:08:22 info: ======= ENV: development =======
2023-09-08 16:08:22 info: 🚀 App listening on the port 4000
2023-09-08 16:08:22 info: =================================
2023-09-08 16:10:16 info: =================================
2023-09-08 16:10:16 info: ======= ENV: development =======
2023-09-08 16:10:16 info: 🚀 App listening on the port 4000
2023-09-08 16:10:16 info: =================================
2023-09-08 16:10:22 info: =================================
2023-09-08 16:10:22 info: ======= ENV: development =======
2023-09-08 16:10:22 info: 🚀 App listening on the port 4000
2023-09-08 16:10:22 info: =================================
2023-09-08 16:10:28 info: =================================
2023-09-08 16:10:28 info: ======= ENV: development =======
2023-09-08 16:10:28 info: 🚀 App listening on the port 4000
2023-09-08 16:10:28 info: =================================
2023-09-08 16:11:18 info: =================================
2023-09-08 16:11:18 info: ======= ENV: development =======
2023-09-08 16:11:18 info: 🚀 App listening on the port 4000
2023-09-08 16:11:18 info: =================================
2023-09-08 16:11:41 info: =================================
2023-09-08 16:11:41 info: ======= ENV: development =======
2023-09-08 16:11:41 info: 🚀 App listening on the port 4000
2023-09-08 16:11:41 info: =================================
2023-09-08 16:15:25 info: =================================
2023-09-08 16:15:25 info: ======= ENV: development =======
2023-09-08 16:15:25 info: 🚀 App listening on the port 4000
2023-09-08 16:15:25 info: =================================
2023-09-08 16:15:31 info: =================================
2023-09-08 16:15:31 info: ======= ENV: development =======
2023-09-08 16:15:31 info: 🚀 App listening on the port 4000
2023-09-08 16:15:31 info: =================================
2023-09-08 16:15:47 info: [0mPOST /users/subscribe/cus_ObDW0oePXDcsog [32m200[0m 529.984 ms - 41[0m
2023-09-08 16:17:20 info: [0mPOST /users/subscribe/cus_ObDW0oePXDcsog [32m200[0m 1049.346 ms - -[0m
2023-09-08 16:20:44 info: =================================
2023-09-08 16:20:44 info: ======= ENV: development =======
2023-09-08 16:20:44 info: 🚀 App listening on the port 4000
2023-09-08 16:20:44 info: =================================
2023-09-08 16:21:01 info: =================================
2023-09-08 16:21:01 info: ======= ENV: development =======
2023-09-08 16:21:01 info: 🚀 App listening on the port 4000
2023-09-08 16:21:01 info: =================================
2023-09-08 16:21:20 info: =================================
2023-09-08 16:21:20 info: ======= ENV: development =======
2023-09-08 16:21:20 info: 🚀 App listening on the port 4000
2023-09-08 16:21:20 info: =================================
2023-09-08 16:21:26 info: =================================
2023-09-08 16:21:26 info: ======= ENV: development =======
2023-09-08 16:21:26 info: 🚀 App listening on the port 4000
2023-09-08 16:21:26 info: =================================
2023-09-08 16:21:30 info: [0mPOST /users/subscribe/cus_ObDW0oePXDcsog [32m200[0m 1177.801 ms - -[0m
2023-09-08 16:22:19 info: =================================
2023-09-08 16:22:19 info: ======= ENV: development =======
2023-09-08 16:22:19 info: 🚀 App listening on the port 4000
2023-09-08 16:22:19 info: =================================
2023-09-08 16:22:26 info: [0mPOST /users/subscribe/cus_ObDW0oePXDcsog [32m200[0m 1231.661 ms - -[0m
2023-09-08 16:36:52 info: =================================
2023-09-08 16:36:52 info: ======= ENV: development =======
2023-09-08 16:36:52 info: 🚀 App listening on the port 4000
2023-09-08 16:36:52 info: =================================
2023-09-08 16:42:44 info: =================================
2023-09-08 16:42:44 info: ======= ENV: development =======
2023-09-08 16:42:44 info: 🚀 App listening on the port 4000
2023-09-08 16:42:44 info: =================================
2023-09-08 16:42:49 info: =================================
2023-09-08 16:42:49 info: ======= ENV: development =======
2023-09-08 16:42:49 info: 🚀 App listening on the port 4000
2023-09-08 16:42:49 info: =================================
2023-09-08 16:42:53 info: [0mPOST /users/subscribe/cus_ObDW0oePXDcsog [32m200[0m 447.809 ms - 41[0m
2023-09-08 16:43:04 info: [0mPOST /users/subscribe/cus_ObDW0oePXDcsog [32m200[0m 1171.342 ms - -[0m
2023-09-08 16:51:52 info: =================================
2023-09-08 16:51:52 info: ======= ENV: development =======
2023-09-08 16:51:52 info: 🚀 App listening on the port 4000
2023-09-08 16:51:52 info: =================================
2023-09-08 17:03:30 info: [0mPOST /users/subscribe/cus_ObDW0oePXDcsog [32m200[0m 428.386 ms - 41[0m
2023-09-08 17:03:40 info: =================================
2023-09-08 17:03:40 info: ======= ENV: development =======
2023-09-08 17:03:40 info: 🚀 App listening on the port 4000
2023-09-08 17:03:40 info: =================================
2023-09-08 17:20:52 info: [0mPOST /users/subscribe/cus_ObDW0oePXDcsog [32m200[0m 446.675 ms - 41[0m
2023-09-08 17:21:10 info: [0mPOST /users/subscribe/cus_ObDW0oePXDcsog [32m200[0m 1134.018 ms - -[0m
2023-09-08 17:22:35 info: =================================
2023-09-08 17:22:35 info: ======= ENV: development =======
2023-09-08 17:22:35 info: 🚀 App listening on the port 4000
2023-09-08 17:22:35 info: =================================
2023-09-08 17:22:43 info: =================================
2023-09-08 17:22:43 info: ======= ENV: development =======
2023-09-08 17:22:43 info: 🚀 App listening on the port 4000
2023-09-08 17:22:43 info: =================================
2023-09-08 17:32:34 info: =================================
2023-09-08 17:32:34 info: ======= ENV: development =======
2023-09-08 17:32:34 info: 🚀 App listening on the port 4000
2023-09-08 17:32:34 info: =================================
2023-09-08 18:19:03 info: [0mPOST /signup [32m201[0m 620.840 ms - 64[0m
2023-09-08 18:19:22 info: [0mPOST /signup [32m201[0m 3411.090 ms - 330[0m
2023-09-08 18:20:09 info: [0mPOST /signup [32m201[0m 442.164 ms - 65[0m
2023-09-08 18:20:20 info: [0mPOST /signup [32m201[0m 965.075 ms - 245[0m
2023-09-08 18:21:21 info: [0mPOST /users/subscribe/cus_ObK3bHbKcjtp5m [32m200[0m 1039.403 ms - -[0m
2023-09-08 18:23:30 info: [0mPOST /users/subscribe/cus_ObK3bHbKcjtp5m [32m200[0m 377.317 ms - 41[0m
2023-09-08 18:23:57 info: [0mPOST /users/subscribe/cus_ObK3bHbKcjtp5m [32m200[0m 1216.076 ms - -[0m
2023-09-08 18:30:04 info: =================================
2023-09-08 18:30:04 info: ======= ENV: development =======
2023-09-08 18:30:04 info: 🚀 App listening on the port 4000
2023-09-08 18:30:04 info: =================================
2023-09-08 18:30:33 info: =================================
2023-09-08 18:30:33 info: ======= ENV: development =======
2023-09-08 18:30:33 info: 🚀 App listening on the port 4000
2023-09-08 18:30:33 info: =================================
2023-09-08 18:30:43 info: =================================
2023-09-08 18:30:43 info: ======= ENV: development =======
2023-09-08 18:30:43 info: 🚀 App listening on the port 4000
2023-09-08 18:30:43 info: =================================
2023-09-08 18:30:53 info: =================================
2023-09-08 18:30:53 info: ======= ENV: development =======
2023-09-08 18:30:53 info: 🚀 App listening on the port 4000
2023-09-08 18:30:53 info: =================================
2023-09-08 18:32:39 info: =================================
2023-09-08 18:32:39 info: ======= ENV: development =======
2023-09-08 18:32:39 info: 🚀 App listening on the port 4000
2023-09-08 18:32:39 info: =================================
2023-09-08 18:32:42 info: =================================
2023-09-08 18:32:42 info: ======= ENV: development =======
2023-09-08 18:32:42 info: 🚀 App listening on the port 4000
2023-09-08 18:32:42 info: =================================
2023-09-08 18:32:56 info: =================================
2023-09-08 18:32:56 info: ======= ENV: development =======
2023-09-08 18:32:56 info: 🚀 App listening on the port 4000
2023-09-08 18:32:56 info: =================================
2023-09-08 18:34:20 info: =================================
2023-09-08 18:34:20 info: ======= ENV: development =======
2023-09-08 18:34:20 info: 🚀 App listening on the port 4000
2023-09-08 18:34:20 info: =================================
2023-09-08 18:34:24 info: =================================
2023-09-08 18:34:24 info: ======= ENV: development =======
2023-09-08 18:34:24 info: 🚀 App listening on the port 4000
2023-09-08 18:34:24 info: =================================
2023-09-08 18:34:30 info: =================================
2023-09-08 18:34:30 info: ======= ENV: development =======
2023-09-08 18:34:30 info: 🚀 App listening on the port 4000
2023-09-08 18:34:30 info: =================================
2023-09-08 18:34:37 info: =================================
2023-09-08 18:34:37 info: ======= ENV: development =======
2023-09-08 18:34:37 info: 🚀 App listening on the port 4000
2023-09-08 18:34:37 info: =================================
2023-09-08 18:34:50 info: =================================
2023-09-08 18:34:50 info: ======= ENV: development =======
2023-09-08 18:34:50 info: 🚀 App listening on the port 4000
2023-09-08 18:34:50 info: =================================
2023-09-08 18:34:55 info: =================================
2023-09-08 18:34:55 info: ======= ENV: development =======
2023-09-08 18:34:55 info: 🚀 App listening on the port 4000
2023-09-08 18:34:55 info: =================================
2023-09-08 18:35:05 info: =================================
2023-09-08 18:35:05 info: ======= ENV: development =======
2023-09-08 18:35:05 info: 🚀 App listening on the port 4000
2023-09-08 18:35:05 info: =================================
2023-09-08 18:35:13 info: =================================
2023-09-08 18:35:13 info: ======= ENV: development =======
2023-09-08 18:35:13 info: 🚀 App listening on the port 4000
2023-09-08 18:35:13 info: =================================
2023-09-08 18:35:16 info: =================================
2023-09-08 18:35:16 info: ======= ENV: development =======
2023-09-08 18:35:16 info: 🚀 App listening on the port 4000
2023-09-08 18:35:16 info: =================================
2023-09-08 18:36:33 info: =================================
2023-09-08 18:36:33 info: ======= ENV: development =======
2023-09-08 18:36:33 info: 🚀 App listening on the port 4000
2023-09-08 18:36:33 info: =================================
2023-09-08 18:36:45 info: =================================
2023-09-08 18:36:45 info: ======= ENV: development =======
2023-09-08 18:36:45 info: 🚀 App listening on the port 4000
2023-09-08 18:36:45 info: =================================
2023-09-08 18:36:48 info: =================================
2023-09-08 18:36:48 info: ======= ENV: development =======
2023-09-08 18:36:48 info: 🚀 App listening on the port 4000
2023-09-08 18:36:48 info: =================================
2023-09-08 18:36:51 info: =================================
2023-09-08 18:36:51 info: ======= ENV: development =======
2023-09-08 18:36:51 info: 🚀 App listening on the port 4000
2023-09-08 18:36:51 info: =================================
2023-09-08 18:36:55 info: =================================
2023-09-08 18:36:55 info: ======= ENV: development =======
2023-09-08 18:36:55 info: 🚀 App listening on the port 4000
2023-09-08 18:36:55 info: =================================
2023-09-08 18:37:01 info: =================================
2023-09-08 18:37:01 info: ======= ENV: development =======
2023-09-08 18:37:01 info: 🚀 App listening on the port 4000
2023-09-08 18:37:01 info: =================================
2023-09-08 18:37:15 info: =================================
2023-09-08 18:37:15 info: ======= ENV: development =======
2023-09-08 18:37:15 info: 🚀 App listening on the port 4000
2023-09-08 18:37:15 info: =================================
2023-09-08 18:38:08 info: [0mPOST /users/subscribe/cus_ObK3bHbKcjtp5m [33m404[0m 17.792 ms - 174[0m
2023-09-08 18:38:11 info: [0mPOST /users/subscribe/cus_ObK3bHbKcjtp5m [33m404[0m 3.668 ms - 174[0m
2023-09-08 18:38:31 info: =================================
2023-09-08 18:38:31 info: ======= ENV: development =======
2023-09-08 18:38:31 info: 🚀 App listening on the port 4000
2023-09-08 18:38:31 info: =================================
2023-09-08 18:38:41 info: =================================
2023-09-08 18:38:41 info: ======= ENV: development =======
2023-09-08 18:38:41 info: 🚀 App listening on the port 4000
2023-09-08 18:38:41 info: =================================
2023-09-08 18:38:47 info: [0mPOST /users/subscribe/cus_ObK3bHbKcjtp5m [32m200[0m 964.398 ms - 2[0m
2023-09-08 18:44:13 info: [0mPOST /users/subscribe/cus_ObK3bHbKcjtp5m [32m200[0m 800.035 ms - 2[0m
2023-09-08 18:44:51 info: [0mPOST /users/subscribe/cus_ObK3bHbKcjtp5m [32m200[0m 689.099 ms - 2[0m
2023-09-08 18:46:32 info: [0mPOST /signup [32m201[0m 416.865 ms - 66[0m
2023-09-08 18:46:39 info: [0mPOST /signup [32m201[0m 1065.234 ms - 246[0m
2023-09-08 18:46:56 info: [0mPOST /users/subscribe/cus_ObKUCSoTpTR2hj [32m200[0m 690.452 ms - 2[0m
2023-09-08 18:47:26 info: [0mPOST /signup [32m201[0m 687.306 ms - -[0m
