2023-05-10 10:18:26 info: =================================
2023-05-10 10:18:26 info: ======= ENV: development =======
2023-05-10 10:18:26 info: 🚀 App listening on the port 4000
2023-05-10 10:18:26 info: =================================
2023-05-10 11:38:30 info: [0mGET /albums/categories [32m201[0m 559.290 ms - 234[0m
2023-05-10 11:38:30 info: [0mGET /albums/popular [32m201[0m 1071.121 ms - -[0m
2023-05-10 11:38:30 info: [0mGET /albums/category/dgfbbtrhegbtrgre419ger [32m201[0m 671.855 ms - -[0m
2023-05-10 12:03:43 info: [0mGET /albums/categories [32m201[0m 477.549 ms - 234[0m
2023-05-10 12:03:43 info: [0mGET /albums/category/dgfbbtrhegbtrgre419ger [32m201[0m 467.291 ms - -[0m
2023-05-10 12:03:43 info: [0mGET /albums/popular [32m201[0m 433.776 ms - -[0m
2023-05-10 12:07:16 info: [0mGET /albums/category/dgfbbtrhegbtrgre419ger [32m201[0m 378.968 ms - -[0m
2023-05-10 12:07:16 info: [0mGET /albums/categories [32m201[0m 406.061 ms - 234[0m
2023-05-10 12:07:16 info: [0mGET /albums/popular [32m201[0m 432.517 ms - -[0m
2023-05-10 12:08:26 info: [0mGET /albums/categories [32m201[0m 402.875 ms - 234[0m
2023-05-10 12:08:26 info: [0mGET /albums/category/dgfbbtrhegbtrgre419ger [32m201[0m 413.455 ms - -[0m
2023-05-10 12:08:26 info: [0mGET /albums/popular [32m201[0m 449.734 ms - -[0m
2023-05-10 12:09:16 info: [0mGET /albums/category/grtgv841tegr52rf6d1gsfez546zefsdsdfb [32m201[0m 397.948 ms - 22[0m
2023-05-10 12:09:18 info: [0mGET /albums/category/dgfbbtrhegbtrgre419ger [32m201[0m 409.703 ms - -[0m
2023-05-10 12:15:55 info: [0mGET /albums/categories [32m201[0m 438.721 ms - 234[0m
2023-05-10 12:15:55 info: [0mGET /albums/popular [32m201[0m 423.872 ms - -[0m
2023-05-10 12:15:55 info: [0mGET /albums/categories [32m201[0m 384.910 ms - 234[0m
2023-05-10 12:15:55 info: [0mGET /albums/popular [32m201[0m 468.713 ms - -[0m
2023-05-10 12:16:31 info: [0mGET /albums/categories [32m201[0m 401.639 ms - 234[0m
2023-05-10 12:16:31 info: [0mGET /albums/category/dgfbbtrhegbtrgre419ger [32m201[0m 408.888 ms - -[0m
2023-05-10 12:16:31 info: [0mGET /albums/popular [32m201[0m 455.045 ms - -[0m
2023-05-10 12:16:42 info: [0mGET /albums/categories [32m201[0m 389.423 ms - 234[0m
2023-05-10 12:16:42 info: [0mGET /albums/category/dgfbbtrhegbtrgre419ger [32m201[0m 383.930 ms - -[0m
2023-05-10 12:16:42 info: [0mGET /albums/popular [32m201[0m 468.532 ms - -[0m
2023-05-10 12:27:59 info: [0mGET /albums/categories [32m201[0m 387.401 ms - 234[0m
2023-05-10 12:27:59 info: [0mGET /albums/popular [32m201[0m 503.606 ms - -[0m
2023-05-10 12:28:00 info: [0mGET /albums/category/dgfbbtrhegbtrgre419ger [32m201[0m 380.634 ms - -[0m
2023-05-10 12:28:46 info: [0mGET /albums/categories [32m201[0m 407.443 ms - 234[0m
2023-05-10 12:28:49 info: [0mGET /albums/categories [32m201[0m 391.077 ms - 234[0m
2023-05-10 12:28:52 info: [0mGET /albums/categories [32m201[0m 438.093 ms - 234[0m
2023-05-10 12:28:57 info: [0mGET /albums/categories [32m201[0m 389.190 ms - 234[0m
2023-05-10 12:29:03 info: [0mGET /albums/category/dgfbbtrhegbtrgre419ger [32m201[0m 413.858 ms - -[0m
2023-05-10 12:29:03 info: [0mGET /albums/categories [32m201[0m 428.439 ms - 234[0m
2023-05-10 12:29:03 info: [0mGET /albums/popular [32m201[0m 426.326 ms - -[0m
2023-05-10 12:29:19 info: [0mGET /albums/categories [32m201[0m 388.981 ms - 234[0m
2023-05-10 12:29:19 info: [0mGET /albums/category/dgfbbtrhegbtrgre419ger [32m201[0m 443.280 ms - -[0m
2023-05-10 12:29:19 info: [0mGET /albums/popular [32m201[0m 551.770 ms - -[0m
2023-05-10 12:29:24 info: [0mGET /albums/category/dgfbbtrhegbtrgre419ger [0m-[0m - ms - -[0m
2023-05-10 12:29:24 info: [0mGET /albums/popular [0m-[0m - ms - -[0m
2023-05-10 12:29:24 info: [0mGET /albums/categories [0m-[0m - ms - -[0m
2023-05-10 12:29:36 info: [0mGET /albums/popular [0m-[0m - ms - -[0m
2023-05-10 12:29:36 info: [0mGET /albums/categories [0m-[0m - ms - -[0m
2023-05-10 12:30:29 info: [0mGET /albums/popular [0m-[0m - ms - -[0m
2023-05-10 12:30:29 info: [0mGET /albums/categories [0m-[0m - ms - -[0m
2023-05-10 12:31:34 info: [0mGET /albums/popular [0m-[0m - ms - -[0m
2023-05-10 12:31:34 info: [0mGET /albums/categories [0m-[0m - ms - -[0m
2023-05-10 12:32:16 info: [0mGET /albums/popular [32m201[0m 426.047 ms - -[0m
2023-05-10 12:32:16 info: [0mGET /albums/categories [32m201[0m 393.780 ms - 234[0m
2023-05-10 12:32:16 info: [0mGET /albums/category/dgfbbtrhegbtrgre419ger [32m201[0m 367.784 ms - -[0m
2023-05-10 12:32:35 info: [0mGET /albums/categories [32m201[0m 389.021 ms - 234[0m
2023-05-10 12:32:35 info: [0mGET /albums/popular [32m201[0m 412.606 ms - -[0m
2023-05-10 12:32:36 info: [0mGET /albums/category/dgfbbtrhegbtrgre419ger [32m201[0m 392.306 ms - -[0m
2023-05-10 12:33:19 info: [0mGET /albums/categories [32m201[0m 480.658 ms - 234[0m
2023-05-10 12:33:28 info: [0mGET /albums/categories [32m201[0m 372.818 ms - 234[0m
2023-05-10 12:33:34 info: [0mGET /albums/categories [32m201[0m 408.760 ms - 234[0m
2023-05-10 12:33:38 info: [0mGET /albums/categories [32m201[0m 380.884 ms - 234[0m
2023-05-10 12:33:44 info: [0mGET /albums/categories [32m201[0m 402.495 ms - 234[0m
2023-05-10 12:33:50 info: [0mGET /albums/categories [32m201[0m 433.508 ms - 234[0m
2023-05-10 12:33:57 info: [0mGET /albums/categories [32m201[0m 389.627 ms - 234[0m
2023-05-10 12:33:59 info: [0mGET /albums/categories [32m201[0m 380.546 ms - 234[0m
2023-05-10 12:34:22 info: [0mGET /albums/categories [32m201[0m 427.347 ms - 234[0m
2023-05-10 12:34:28 info: [0mGET /albums/categories [32m201[0m 353.434 ms - 234[0m
2023-05-10 12:35:52 info: [0mGET /albums/categories [32m201[0m 386.031 ms - 234[0m
2023-05-10 12:35:57 info: [0mGET /albums/categories [32m201[0m 392.608 ms - 234[0m
2023-05-10 12:35:57 info: [0mGET /albums/popular [32m201[0m 449.263 ms - -[0m
2023-05-10 12:35:58 info: [0mGET /albums/category/dgfbbtrhegbtrgre419ger [32m201[0m 413.267 ms - -[0m
2023-05-10 12:36:43 info: [0mGET /albums/categories [32m201[0m 429.951 ms - 234[0m
2023-05-10 12:37:07 info: [0mGET /albums/categories [32m201[0m 400.018 ms - 234[0m
2023-05-10 12:37:08 info: [0mGET /albums/categories [32m201[0m 393.271 ms - 234[0m
2023-05-10 12:37:10 info: [0mGET /albums/categories [32m201[0m 380.890 ms - 234[0m
2023-05-10 12:37:30 info: [0mGET /albums/categories [32m201[0m 428.922 ms - 234[0m
2023-05-10 12:37:32 info: [0mGET /albums/categories [32m201[0m 371.719 ms - 234[0m
2023-05-10 12:37:32 info: [0mGET /albums/category/dgfbbtrhegbtrgre419ger [32m201[0m 371.140 ms - -[0m
2023-05-10 12:37:32 info: [0mGET /albums/popular [32m201[0m 413.458 ms - -[0m
2023-05-10 12:37:33 info: [0mGET /albums/categories [32m201[0m 394.242 ms - 234[0m
2023-05-10 12:37:35 info: [0mGET /albums/categories [32m201[0m 395.292 ms - 234[0m
2023-05-10 12:37:49 info: [0mGET /albums/categories [32m201[0m 363.253 ms - 234[0m
2023-05-10 12:37:58 info: [0mGET /albums/categories [32m201[0m 407.454 ms - 234[0m
2023-05-10 12:38:00 info: [0mGET /albums/categories [32m201[0m 380.206 ms - 234[0m
2023-05-10 12:38:00 info: [0mGET /albums/popular [32m201[0m 397.485 ms - -[0m
2023-05-10 12:38:00 info: [0mGET /albums/category/dgfbbtrhegbtrgre419ger [32m201[0m 392.652 ms - -[0m
2023-05-10 12:38:02 info: [0mGET /albums/categories [32m201[0m 379.685 ms - 234[0m
2023-05-10 12:38:09 info: [0mGET /albums/categories [32m201[0m 399.723 ms - 234[0m
2023-05-10 12:38:12 info: [0mGET /albums/categories [32m201[0m 425.089 ms - 234[0m
2023-05-10 12:38:15 info: [0mGET /albums/category/dgfbbtrhegbtrgre419ger [32m201[0m 372.678 ms - -[0m
2023-05-10 12:38:15 info: [0mGET /albums/popular [32m201[0m 401.970 ms - -[0m
2023-05-10 12:38:15 info: [0mGET /albums/categories [32m201[0m 400.853 ms - 234[0m
2023-05-10 12:38:22 info: [0mGET /albums/categories [32m201[0m 372.071 ms - 234[0m
2023-05-10 12:38:22 info: [0mGET /albums/categories [32m201[0m 409.472 ms - 234[0m
2023-05-10 12:38:24 info: [0mGET /albums/categories [32m201[0m 362.974 ms - 234[0m
2023-05-10 12:39:18 info: [0mGET /albums/categories [32m201[0m 378.626 ms - 234[0m
2023-05-10 12:39:20 info: [0mGET /albums/categories [32m201[0m 351.976 ms - 234[0m
2023-05-10 12:39:22 info: [0mGET /albums/categories [32m201[0m 359.505 ms - 234[0m
2023-05-10 12:40:04 info: [0mGET /albums/categories [32m201[0m 408.665 ms - 234[0m
2023-05-10 12:40:05 info: [0mGET /albums/categories [32m201[0m 350.911 ms - 234[0m
2023-05-10 12:40:30 info: [0mGET /albums/categories [32m201[0m 380.662 ms - 234[0m
2023-05-10 12:40:43 info: [0mGET /albums/categories [32m201[0m 362.934 ms - 234[0m
2023-05-10 12:40:45 info: [0mGET /albums/categories [32m201[0m 371.894 ms - 234[0m
2023-05-10 12:41:24 info: [0mGET /albums/categories [32m201[0m 393.380 ms - 234[0m
2023-05-10 12:41:25 info: [0mGET /albums/categories [32m201[0m 409.788 ms - 234[0m
2023-05-10 12:41:32 info: [0mGET /albums/categories [32m201[0m 387.231 ms - 234[0m
2023-05-10 12:41:36 info: [0mGET /albums/categories [32m201[0m 375.779 ms - 234[0m
2023-05-10 12:41:43 info: [0mGET /albums/categories [0m-[0m - ms - -[0m
2023-05-10 12:42:10 info: [0mGET /albums/categories [32m201[0m 368.475 ms - 234[0m
2023-05-10 12:42:11 info: [0mGET /albums/popular [32m201[0m 479.749 ms - -[0m
2023-05-10 12:42:11 info: [0mGET /albums/category/dgfbbtrhegbtrgre419ger [32m201[0m 400.634 ms - -[0m
2023-05-10 12:42:14 info: [0mGET /albums/categories [32m201[0m 389.015 ms - 234[0m
2023-05-10 12:42:16 info: [0mGET /albums/categories [32m201[0m 397.687 ms - 234[0m
2023-05-10 12:43:10 info: [0mGET /albums/categories [32m201[0m 376.503 ms - 234[0m
2023-05-10 12:43:15 info: [0mGET /albums/categories [32m201[0m 409.704 ms - 234[0m
2023-05-10 12:43:16 info: [0mGET /albums/categories [32m201[0m 407.107 ms - 234[0m
2023-05-10 12:43:26 info: [0mGET /albums/categories [32m201[0m 360.035 ms - 234[0m
2023-05-10 12:43:36 info: [0mGET /albums/categories [32m201[0m 393.469 ms - 234[0m
2023-05-10 12:43:38 info: [0mGET /albums/categories [32m201[0m 387.540 ms - 234[0m
2023-05-10 12:44:20 info: [0mGET /albums/categories [32m201[0m 364.144 ms - 234[0m
2023-05-10 12:44:22 info: [0mGET /albums/categories [32m201[0m 360.010 ms - 234[0m
2023-05-10 12:44:23 info: [0mGET /albums/categories [32m201[0m 372.315 ms - 234[0m
2023-05-10 12:44:26 info: [0mGET /albums/categories [32m201[0m 400.324 ms - 234[0m
2023-05-10 12:44:27 info: [0mGET /albums/categories [32m201[0m 390.736 ms - 234[0m
2023-05-10 12:44:29 info: [0mGET /albums/categories [32m201[0m 401.058 ms - 234[0m
2023-05-10 12:45:01 info: [0mGET /albums/categories [32m201[0m 382.408 ms - 234[0m
2023-05-10 12:45:04 info: [0mGET /albums/category/dgfbbtrhegbtrgre419ger [32m201[0m 362.835 ms - -[0m
2023-05-10 12:45:04 info: [0mGET /albums/categories [32m201[0m 375.333 ms - 234[0m
2023-05-10 12:45:04 info: [0mGET /albums/popular [32m201[0m 425.641 ms - -[0m
2023-05-10 12:45:14 info: [0mGET /albums/categories [32m201[0m 368.810 ms - 234[0m
2023-05-10 12:45:16 info: [0mGET /albums/categories [32m201[0m 349.623 ms - 234[0m
2023-05-10 12:45:19 info: [0mGET /albums/categories [32m201[0m 394.648 ms - 234[0m
2023-05-10 12:45:26 info: [0mGET /albums/categories [32m201[0m 400.278 ms - 234[0m
2023-05-10 12:45:28 info: [0mGET /albums/categories [32m201[0m 377.383 ms - 234[0m
2023-05-10 12:45:55 info: [0mGET /albums/categories [32m201[0m 370.428 ms - 234[0m
2023-05-10 12:45:56 info: [0mGET /albums/categories [32m201[0m 424.897 ms - 234[0m
2023-05-10 12:45:58 info: [0mGET /albums/categories [32m201[0m 408.475 ms - 234[0m
2023-05-10 12:47:00 info: [0mGET /albums/categories [32m201[0m 369.367 ms - 234[0m
2023-05-10 12:47:03 info: [0mGET /albums/categories [32m201[0m 390.996 ms - 234[0m
2023-05-10 12:47:17 info: [0mGET /albums/categories [32m201[0m 380.775 ms - 234[0m
2023-05-10 12:47:19 info: [0mGET /albums/category/dgfbbtrhegbtrgre419ger [32m201[0m 368.630 ms - -[0m
2023-05-10 12:47:19 info: [0mGET /albums/categories [32m201[0m 381.909 ms - 234[0m
2023-05-10 12:47:19 info: [0mGET /albums/popular [32m201[0m 457.948 ms - -[0m
2023-05-10 12:47:30 info: [0mGET /albums/categories [32m201[0m 366.044 ms - 234[0m
2023-05-10 12:47:30 info: [0mGET /albums/category/dgfbbtrhegbtrgre419ger [32m201[0m 393.965 ms - -[0m
2023-05-10 12:47:30 info: [0mGET /albums/popular [32m201[0m 442.142 ms - -[0m
2023-05-10 12:47:34 info: [0mGET /albums/categories [32m201[0m 377.659 ms - 234[0m
2023-05-10 12:47:38 info: [0mGET /albums/category/dgfbbtrhegbtrgre419ger [32m201[0m 376.807 ms - -[0m
2023-05-10 12:47:38 info: [0mGET /albums/categories [32m201[0m 393.287 ms - 234[0m
2023-05-10 12:47:38 info: [0mGET /albums/popular [32m201[0m 444.681 ms - -[0m
2023-05-10 12:47:39 info: [0mGET /albums/categories [32m201[0m 398.955 ms - 234[0m
2023-05-10 12:47:50 info: [0mGET /albums/categories [32m201[0m 370.444 ms - 234[0m
2023-05-10 12:47:50 info: [0mGET /albums/popular [32m201[0m 473.498 ms - -[0m
2023-05-10 12:47:50 info: [0mGET /albums/category/dgfbbtrhegbtrgre419ger [32m201[0m 378.864 ms - -[0m
2023-05-10 12:49:10 info: [0mGET /albums/popular [32m201[0m 436.089 ms - -[0m
2023-05-10 12:49:10 info: [0mGET /albums/categories [32m201[0m 370.576 ms - 234[0m
2023-05-10 12:49:10 info: [0mGET /albums/category/dgfbbtrhegbtrgre419ger [32m201[0m 380.071 ms - -[0m
2023-05-10 12:49:21 info: [0mGET /albums/categories [32m201[0m 362.772 ms - 234[0m
2023-05-10 12:49:22 info: [0mGET /albums/categories [32m201[0m 374.794 ms - 234[0m
2023-05-10 12:49:24 info: [0mGET /albums/categories [32m201[0m 358.460 ms - 234[0m
2023-05-10 12:49:26 info: [0mGET /albums/categories [32m201[0m 380.853 ms - 234[0m
2023-05-10 12:49:28 info: [0mGET /albums/categories [32m201[0m 356.434 ms - 234[0m
2023-05-10 12:49:35 info: [0mGET /albums/categories [32m201[0m 375.276 ms - 234[0m
2023-05-10 12:49:38 info: [0mGET /albums/categories [32m201[0m 368.187 ms - 234[0m
2023-05-10 12:49:58 info: [0mGET /albums/categories [32m201[0m 374.757 ms - 234[0m
2023-05-10 12:50:00 info: [0mGET /albums/categories [32m201[0m 381.888 ms - 234[0m
2023-05-10 12:50:05 info: [0mGET /albums/categories [32m201[0m 397.853 ms - 234[0m
2023-05-10 12:50:10 info: [0mGET /albums/categories [32m201[0m 383.385 ms - 234[0m
2023-05-10 12:50:12 info: [0mGET /albums/categories [32m201[0m 363.188 ms - 234[0m
2023-05-10 12:50:19 info: [0mGET /albums/categories [32m201[0m 388.952 ms - 234[0m
2023-05-10 12:50:22 info: [0mGET /albums/categories [32m201[0m 405.987 ms - 234[0m
2023-05-10 12:50:25 info: [0mGET /albums/categories [32m201[0m 405.336 ms - 234[0m
2023-05-10 12:50:28 info: [0mGET /albums/categories [32m201[0m 390.942 ms - 234[0m
2023-05-10 12:50:30 info: [0mGET /albums/categories [32m201[0m 387.154 ms - 234[0m
2023-05-10 12:50:40 info: [0mGET /albums/categories [32m201[0m 403.098 ms - 234[0m
2023-05-10 12:50:43 info: [0mGET /albums/categories [32m201[0m 409.340 ms - 234[0m
2023-05-10 12:50:46 info: [0mGET /albums/categories [32m201[0m 358.812 ms - 234[0m
2023-05-10 12:50:47 info: [0mGET /albums/categories [32m201[0m 396.987 ms - 234[0m
2023-05-10 12:50:48 info: [0mGET /albums/categories [32m201[0m 354.295 ms - 234[0m
2023-05-10 12:50:50 info: [0mGET /albums/categories [32m201[0m 364.737 ms - 234[0m
2023-05-10 12:50:58 info: [0mGET /albums/categories [32m201[0m 363.006 ms - 234[0m
2023-05-10 12:51:02 info: [0mGET /albums/categories [32m201[0m 378.368 ms - 234[0m
2023-05-10 12:51:04 info: [0mGET /albums/categories [32m201[0m 376.525 ms - 234[0m
2023-05-10 12:51:05 info: [0mGET /albums/categories [32m201[0m 392.368 ms - 234[0m
2023-05-10 12:51:07 info: [0mGET /albums/categories [32m201[0m 382.721 ms - 234[0m
2023-05-10 12:51:09 info: [0mGET /albums/categories [32m201[0m 372.795 ms - 234[0m
2023-05-10 12:51:10 info: [0mGET /albums/categories [32m201[0m 388.725 ms - 234[0m
2023-05-10 12:51:14 info: [0mGET /albums/categories [32m201[0m 379.395 ms - 234[0m
2023-05-10 12:51:16 info: [0mGET /albums/categories [32m201[0m 395.648 ms - 234[0m
2023-05-10 12:51:18 info: [0mGET /albums/categories [32m201[0m 395.646 ms - 234[0m
2023-05-10 12:51:27 info: [0mGET /albums/categories [32m201[0m 394.743 ms - 234[0m
2023-05-10 12:51:29 info: [0mGET /albums/categories [32m201[0m 355.810 ms - 234[0m
2023-05-10 12:51:38 info: [0mGET /albums/categories [32m201[0m 366.027 ms - 234[0m
2023-05-10 12:51:39 info: [0mGET /albums/categories [32m201[0m 367.260 ms - 234[0m
2023-05-10 12:51:42 info: [0mGET /albums/categories [32m201[0m 392.784 ms - 234[0m
2023-05-10 12:51:44 info: [0mGET /albums/categories [32m201[0m 387.974 ms - 234[0m
2023-05-10 12:52:22 info: [0mGET /albums/popular [32m201[0m 407.159 ms - -[0m
2023-05-10 12:52:35 info: [0mGET /albums/popular [32m201[0m 447.147 ms - -[0m
2023-05-10 12:52:39 info: [0mGET /albums/popular [32m201[0m 436.650 ms - -[0m
2023-05-10 12:52:47 info: [0mGET /albums/popular [32m201[0m 431.754 ms - -[0m
2023-05-10 12:52:57 info: [0mGET /albums/popular [0m-[0m - ms - -[0m
2023-05-10 12:53:44 info: [0mGET /albums/popular [0m-[0m - ms - -[0m
2023-05-10 12:53:44 info: [0mGET /albums/categories [0m-[0m - ms - -[0m
2023-05-10 12:55:05 info: [0mGET /albums/popular [0m-[0m - ms - -[0m
2023-05-10 12:55:05 info: [0mGET /albums/categories [0m-[0m - ms - -[0m
2023-05-10 12:56:51 info: [0mGET /albums/popular [32m201[0m 433.690 ms - -[0m
2023-05-10 12:56:51 info: [0mGET /albums/categories [32m201[0m 369.238 ms - 234[0m
2023-05-10 12:56:51 info: [0mGET /albums/category/dgfbbtrhegbtrgre419ger [32m201[0m 371.832 ms - -[0m
2023-05-10 12:57:10 info: [0mGET /albums/popular [32m201[0m 419.710 ms - -[0m
2023-05-10 12:57:24 info: [0mGET /albums/categories [32m201[0m 366.236 ms - 234[0m
2023-05-10 12:57:24 info: [0mGET /albums/popular [32m201[0m 415.225 ms - -[0m
2023-05-10 12:57:25 info: [0mGET /albums/category/dgfbbtrhegbtrgre419ger [32m201[0m 359.935 ms - -[0m
2023-05-10 12:57:33 info: [0mGET /albums/popular [32m201[0m 433.736 ms - -[0m
2023-05-10 12:58:08 info: [0mGET /albums/categories [32m201[0m 395.639 ms - 234[0m
2023-05-10 12:58:08 info: [0mGET /albums/popular [32m201[0m 432.361 ms - -[0m
2023-05-10 12:58:08 info: [0mGET /albums/category/dgfbbtrhegbtrgre419ger [32m201[0m 384.486 ms - -[0m
2023-05-10 12:59:18 info: [0mGET /albums/popular [32m201[0m 415.915 ms - -[0m
2023-05-10 12:59:21 info: [0mGET /albums/popular [32m201[0m 429.197 ms - -[0m
2023-05-10 12:59:23 info: [0mGET /albums/popular [32m201[0m 450.083 ms - -[0m
2023-05-10 12:59:24 info: [0mGET /albums/popular [32m201[0m 423.011 ms - -[0m
2023-05-10 12:59:28 info: [0mGET /albums/popular [32m201[0m 406.128 ms - -[0m
2023-05-10 12:59:35 info: [0mGET /albums/categories [32m201[0m 385.624 ms - 234[0m
2023-05-10 12:59:35 info: [0mGET /albums/popular [32m201[0m 462.371 ms - -[0m
2023-05-10 12:59:36 info: [0mGET /albums/category/dgfbbtrhegbtrgre419ger [32m201[0m 373.841 ms - -[0m
2023-05-10 13:00:00 info: [0mGET /albums/popular [32m201[0m 402.576 ms - -[0m
2023-05-10 13:00:40 info: [0mGET /albums/category/dgfbbtrhegbtrgre419ger [32m201[0m 388.556 ms - -[0m
2023-05-10 13:00:42 info: [0mGET /albums/category/dgfbbtrhegbtrgre419ger [32m201[0m 406.484 ms - -[0m
2023-05-10 13:00:46 info: [0mGET /albums/category/dgfbbtrhegbtrgre419ger [32m201[0m 388.595 ms - -[0m
2023-05-10 13:00:47 info: [0mGET /albums/category/dgfbbtrhegbtrgre419ger [32m201[0m 379.205 ms - -[0m
2023-05-10 13:00:55 info: [0mGET /albums/category/dgfbbtrhegbtrgre419ger [32m201[0m 370.358 ms - -[0m
2023-05-10 13:00:57 info: [0mGET /albums/category/dgfbbtrhegbtrgre419ger [32m201[0m 395.938 ms - -[0m
2023-05-10 13:00:59 info: [0mGET /albums/category/dgfbbtrhegbtrgre419ger [32m201[0m 371.917 ms - -[0m
2023-05-10 13:01:02 info: [0mGET /albums/categories [32m201[0m 369.747 ms - 234[0m
2023-05-10 13:01:02 info: [0mGET /albums/popular [32m201[0m 429.801 ms - -[0m
2023-05-10 13:01:03 info: [0mGET /albums/category/dgfbbtrhegbtrgre419ger [32m201[0m 389.584 ms - -[0m
2023-05-10 13:01:42 info: [0mGET /albums/category/dgfbbtrhegbtrgre419ger [32m201[0m 415.504 ms - -[0m
2023-05-10 13:01:48 info: [0mGET /albums/category/dgfbbtrhegbtrgre419ger [32m201[0m 389.776 ms - -[0m
2023-05-10 13:01:50 info: [0mGET /albums/category/dgfbbtrhegbtrgre419ger [32m201[0m 362.252 ms - -[0m
2023-05-10 13:02:04 info: [0mGET /albums/category/dgfbbtrhegbtrgre419ger [32m201[0m 393.449 ms - -[0m
2023-05-10 13:02:07 info: [0mGET /albums/category/dgfbbtrhegbtrgre419ger [32m201[0m 407.779 ms - -[0m
2023-05-10 13:02:34 info: [0mGET /albums/category/dgfbbtrhegbtrgre419ger [32m201[0m 373.912 ms - -[0m
2023-05-10 13:02:41 info: [0mGET /albums/category/dgfbbtrhegbtrgre419ger [32m201[0m 465.386 ms - -[0m
2023-05-10 13:02:48 info: [0mGET /albums/category/dgfbbtrhegbtrgre419ger [32m201[0m 394.877 ms - -[0m
2023-05-10 13:02:48 info: [0mGET /albums/category/dgfbbtrhegbtrgre419ger [32m201[0m 389.167 ms - -[0m
2023-05-10 13:03:04 info: [0mGET /albums/category/dgfbbtrhegbtrgre419ger [32m201[0m 384.163 ms - -[0m
2023-05-10 13:03:07 info: [0mGET /albums/popular [32m201[0m 422.223 ms - -[0m
2023-05-10 13:03:07 info: [0mGET /albums/categories [32m201[0m 416.457 ms - 234[0m
2023-05-10 13:03:08 info: [0mGET /albums/category/dgfbbtrhegbtrgre419ger [32m201[0m 396.120 ms - -[0m
2023-05-10 13:03:54 info: [0mGET /albums/category/dgfbbtrhegbtrgre419ger [32m201[0m 365.116 ms - -[0m
2023-05-10 13:03:59 info: [0mGET /albums/category/dgfbbtrhegbtrgre419ger [32m201[0m 370.514 ms - -[0m
2023-05-10 13:04:02 info: [0mGET /albums/category/dgfbbtrhegbtrgre419ger [32m201[0m 385.850 ms - -[0m
2023-05-10 13:04:04 info: [0mGET /albums/categories [32m201[0m 373.994 ms - 234[0m
2023-05-10 13:04:04 info: [0mGET /albums/popular [32m201[0m 448.663 ms - -[0m
2023-05-10 13:04:05 info: [0mGET /albums/category/dgfbbtrhegbtrgre419ger [32m201[0m 375.497 ms - -[0m
2023-05-10 13:04:07 info: [0mGET /albums/categories [32m201[0m 386.557 ms - 234[0m
2023-05-10 13:04:07 info: [0mGET /albums/popular [32m201[0m 442.738 ms - -[0m
2023-05-10 13:04:07 info: [0mGET /albums/category/dgfbbtrhegbtrgre419ger [32m201[0m 363.103 ms - -[0m
2023-05-10 13:04:10 info: [0mGET /albums/categories [32m201[0m 357.347 ms - 234[0m
2023-05-10 13:04:10 info: [0mGET /albums/popular [32m201[0m 404.260 ms - -[0m
2023-05-10 13:04:11 info: [0mGET /albums/category/dgfbbtrhegbtrgre419ger [32m201[0m 416.391 ms - -[0m
2023-05-10 13:04:13 info: [0mGET /albums/categories [32m201[0m 358.743 ms - 234[0m
2023-05-10 13:04:13 info: [0mGET /albums/popular [32m201[0m 409.964 ms - -[0m
2023-05-10 13:04:13 info: [0mGET /albums/category/dgfbbtrhegbtrgre419ger [32m201[0m 410.308 ms - -[0m
2023-05-10 13:04:16 info: [0mGET /albums/categories [32m201[0m 369.166 ms - 234[0m
2023-05-10 13:04:16 info: [0mGET /albums/popular [32m201[0m 414.570 ms - -[0m
2023-05-10 13:04:17 info: [0mGET /albums/category/dgfbbtrhegbtrgre419ger [32m201[0m 367.717 ms - -[0m
2023-05-10 13:04:19 info: [0mGET /albums/categories [32m201[0m 374.724 ms - 234[0m
2023-05-10 13:04:19 info: [0mGET /albums/popular [32m201[0m 416.096 ms - -[0m
2023-05-10 13:04:20 info: [0mGET /albums/category/dgfbbtrhegbtrgre419ger [32m201[0m 396.433 ms - -[0m
2023-05-10 13:04:22 info: [0mGET /albums/categories [32m201[0m 405.340 ms - 234[0m
2023-05-10 13:04:22 info: [0mGET /albums/popular [32m201[0m 431.141 ms - -[0m
2023-05-10 13:04:22 info: [0mGET /albums/category/dgfbbtrhegbtrgre419ger [32m201[0m 381.109 ms - -[0m
2023-05-10 13:04:25 info: [0mGET /albums/categories [32m201[0m 402.351 ms - 234[0m
2023-05-10 13:04:25 info: [0mGET /albums/popular [32m201[0m 448.948 ms - -[0m
2023-05-10 13:04:25 info: [0mGET /albums/category/dgfbbtrhegbtrgre419ger [32m201[0m 383.406 ms - -[0m
2023-05-10 13:04:31 info: [0mGET /albums/categories [32m201[0m 406.552 ms - 234[0m
2023-05-10 13:04:31 info: [0mGET /albums/popular [32m201[0m 445.795 ms - -[0m
2023-05-10 13:04:31 info: [0mGET /albums/category/dgfbbtrhegbtrgre419ger [32m201[0m 369.461 ms - -[0m
2023-05-10 13:04:40 info: [0mGET /albums/categories [32m201[0m 378.519 ms - 234[0m
2023-05-10 13:04:40 info: [0mGET /albums/popular [32m201[0m 394.291 ms - -[0m
2023-05-10 13:04:41 info: [0mGET /albums/category/dgfbbtrhegbtrgre419ger [32m201[0m 368.843 ms - -[0m
2023-05-10 13:04:44 info: [0mGET /albums/categories [32m201[0m 402.729 ms - 234[0m
2023-05-10 13:04:44 info: [0mGET /albums/popular [32m201[0m 429.120 ms - -[0m
2023-05-10 13:04:45 info: [0mGET /albums/category/dgfbbtrhegbtrgre419ger [32m201[0m 385.770 ms - -[0m
2023-05-10 13:04:47 info: [0mGET /albums/categories [32m201[0m 377.012 ms - 234[0m
2023-05-10 13:04:47 info: [0mGET /albums/popular [32m201[0m 390.997 ms - -[0m
2023-05-10 13:04:48 info: [0mGET /albums/category/dgfbbtrhegbtrgre419ger [32m201[0m 398.180 ms - -[0m
2023-05-10 13:05:04 info: [0mGET /albums/popular [32m201[0m 420.683 ms - -[0m
2023-05-10 13:05:05 info: [0mGET /albums/popular [32m201[0m 452.501 ms - -[0m
2023-05-10 13:05:11 info: [0mGET /albums/popular [32m201[0m 450.133 ms - -[0m
2023-05-10 13:05:12 info: [0mGET /albums/popular [32m201[0m 439.513 ms - -[0m
2023-05-10 13:05:14 info: [0mGET /albums/popular [32m201[0m 444.676 ms - -[0m
2023-05-10 13:05:16 info: [0mGET /albums/popular [32m201[0m 402.633 ms - -[0m
2023-05-10 13:05:36 info: [0mGET /albums/popular [32m201[0m 483.111 ms - -[0m
2023-05-10 13:05:42 info: [0mGET /albums/popular [32m201[0m 413.839 ms - -[0m
2023-05-10 13:05:45 info: [0mGET /albums/popular [32m201[0m 420.407 ms - -[0m
2023-05-10 13:05:47 info: [0mGET /albums/popular [32m201[0m 456.894 ms - -[0m
2023-05-10 13:05:50 info: [0mGET /albums/popular [32m201[0m 423.822 ms - -[0m
2023-05-10 13:06:13 info: [0mGET /albums/popular [32m201[0m 433.627 ms - -[0m
2023-05-10 13:06:15 info: [0mGET /albums/popular [32m201[0m 414.430 ms - -[0m
2023-05-10 13:06:17 info: [0mGET /albums/popular [32m201[0m 409.906 ms - -[0m
2023-05-10 13:06:32 info: [0mGET /albums/popular [32m201[0m 453.255 ms - -[0m
2023-05-10 13:06:35 info: [0mGET /albums/popular [32m201[0m 455.080 ms - -[0m
2023-05-10 13:06:40 info: [0mGET /albums/popular [32m201[0m 390.625 ms - -[0m
2023-05-10 13:06:47 info: [0mGET /albums/popular [32m201[0m 415.622 ms - -[0m
2023-05-10 13:06:49 info: [0mGET /albums/popular [32m201[0m 440.973 ms - -[0m
2023-05-10 13:06:51 info: [0mGET /albums/popular [32m201[0m 422.062 ms - -[0m
2023-05-10 13:07:18 info: [0mGET /albums/categories [32m201[0m 393.412 ms - 234[0m
2023-05-10 13:07:22 info: [0mGET /albums/categories [32m201[0m 397.755 ms - 234[0m
2023-05-10 13:07:27 info: [0mGET /albums/categories [32m201[0m 389.455 ms - 234[0m
2023-05-10 13:07:29 info: [0mGET /albums/categories [32m201[0m 383.006 ms - 234[0m
2023-05-10 13:07:31 info: [0mGET /albums/categories [32m201[0m 381.959 ms - 234[0m
2023-05-10 13:07:48 info: [0mGET /albums/category/dgfbbtrhegbtrgre419ger [32m201[0m 356.102 ms - -[0m
2023-05-10 13:07:54 info: [0mGET /albums/category/dgfbbtrhegbtrgre419ger [32m201[0m 354.328 ms - -[0m
2023-05-10 13:07:59 info: [0mGET /albums/category/dgfbbtrhegbtrgre419ger [32m201[0m 370.683 ms - -[0m
2023-05-10 13:08:05 info: [0mGET /albums/category/dgfbbtrhegbtrgre419ger [32m201[0m 402.140 ms - -[0m
2023-05-10 13:08:09 info: [0mGET /albums/category/dgfbbtrhegbtrgre419ger [32m201[0m 360.616 ms - -[0m
2023-05-10 13:08:12 info: [0mGET /albums/categories [32m201[0m 392.556 ms - 234[0m
2023-05-10 13:08:12 info: [0mGET /albums/popular [32m201[0m 444.123 ms - -[0m
2023-05-10 13:08:13 info: [0mGET /albums/category/dgfbbtrhegbtrgre419ger [32m201[0m 393.583 ms - -[0m
2023-05-10 13:08:15 info: [0mGET /albums/categories [32m201[0m 352.389 ms - 234[0m
2023-05-10 13:08:15 info: [0mGET /albums/popular [32m201[0m 444.255 ms - -[0m
2023-05-10 13:08:16 info: [0mGET /albums/category/dgfbbtrhegbtrgre419ger [32m201[0m 369.503 ms - -[0m
2023-05-10 13:08:21 info: [0mGET /albums/categories [32m201[0m 378.131 ms - 234[0m
2023-05-10 13:08:21 info: [0mGET /albums/popular [32m201[0m 465.832 ms - -[0m
2023-05-10 13:08:22 info: [0mGET /albums/category/dgfbbtrhegbtrgre419ger [32m201[0m 401.016 ms - -[0m
2023-05-10 13:08:25 info: [0mGET /albums/popular [32m201[0m 422.347 ms - -[0m
2023-05-10 13:08:25 info: [0mGET /albums/categories [32m201[0m 425.819 ms - 234[0m
2023-05-10 13:08:26 info: [0mGET /albums/category/dgfbbtrhegbtrgre419ger [32m201[0m 387.102 ms - -[0m
2023-05-10 13:08:31 info: [0mGET /albums/categories [32m201[0m 375.230 ms - 234[0m
2023-05-10 13:08:31 info: [0mGET /albums/popular [32m201[0m 422.004 ms - -[0m
2023-05-10 13:08:32 info: [0mGET /albums/category/dgfbbtrhegbtrgre419ger [32m201[0m 417.728 ms - -[0m
2023-05-10 13:08:34 info: [0mGET /albums/categories [32m201[0m 379.128 ms - 234[0m
2023-05-10 13:08:34 info: [0mGET /albums/popular [32m201[0m 423.646 ms - -[0m
2023-05-10 13:08:35 info: [0mGET /albums/category/dgfbbtrhegbtrgre419ger [32m201[0m 396.807 ms - -[0m
2023-05-10 13:08:37 info: [0mGET /albums/categories [32m201[0m 355.259 ms - 234[0m
2023-05-10 13:08:37 info: [0mGET /albums/popular [32m201[0m 411.152 ms - -[0m
2023-05-10 13:08:38 info: [0mGET /albums/category/dgfbbtrhegbtrgre419ger [32m201[0m 409.695 ms - -[0m
2023-05-10 13:08:43 info: [0mGET /albums/popular [32m201[0m 411.260 ms - -[0m
2023-05-10 13:08:43 info: [0mGET /albums/categories [32m201[0m 419.035 ms - 234[0m
2023-05-10 13:08:43 info: [0mGET /albums/category/dgfbbtrhegbtrgre419ger [32m201[0m 376.405 ms - -[0m
2023-05-10 13:08:49 info: [0mGET /albums/categories [32m201[0m 392.092 ms - 234[0m
2023-05-10 13:08:49 info: [0mGET /albums/popular [32m201[0m 442.814 ms - -[0m
2023-05-10 13:08:50 info: [0mGET /albums/category/dgfbbtrhegbtrgre419ger [32m201[0m 414.479 ms - -[0m
2023-05-10 13:09:47 info: [0mGET /albums/popular [32m201[0m 438.773 ms - -[0m
2023-05-10 13:09:50 info: [0mGET /albums/popular [32m201[0m 440.404 ms - -[0m
2023-05-10 13:09:54 info: [0mGET /albums/popular [32m201[0m 432.803 ms - -[0m
2023-05-10 13:09:54 info: [0mGET /albums/popular [32m201[0m 396.915 ms - -[0m
2023-05-10 13:10:02 info: [0mGET /albums/category/dgfbbtrhegbtrgre419ger [32m201[0m 385.263 ms - -[0m
2023-05-10 13:10:02 info: [0mGET /albums/categories [32m201[0m 420.651 ms - 234[0m
2023-05-10 13:10:02 info: [0mGET /albums/popular [32m201[0m 424.281 ms - -[0m
2023-05-10 13:11:17 info: [0mGET /albums/popular [32m201[0m 458.177 ms - -[0m
2023-05-10 13:11:18 info: [0mGET /albums/popular [32m201[0m 398.598 ms - -[0m
2023-05-10 13:11:39 info: [0mGET /albums/popular [32m201[0m 435.445 ms - -[0m
2023-05-10 13:11:47 info: [0mGET /albums/popular [32m201[0m 453.561 ms - -[0m
2023-05-10 13:11:49 info: [0mGET /albums/popular [32m201[0m 404.969 ms - -[0m
2023-05-10 13:12:05 info: [0mGET /albums/popular [32m201[0m 469.170 ms - -[0m
2023-05-10 13:12:14 info: [0mGET /albums/popular [32m201[0m 422.690 ms - -[0m
2023-05-10 13:12:21 info: [0mGET /albums/popular [32m201[0m 442.095 ms - -[0m
2023-05-10 13:12:23 info: [0mGET /albums/category/dgfbbtrhegbtrgre419ger [32m201[0m 361.051 ms - -[0m
2023-05-10 13:12:23 info: [0mGET /albums/categories [32m201[0m 375.629 ms - 234[0m
2023-05-10 13:12:23 info: [0mGET /albums/popular [32m201[0m 423.283 ms - -[0m
2023-05-10 13:12:28 info: [0mGET /albums/popular [32m201[0m 454.675 ms - -[0m
2023-05-10 13:12:31 info: [0mGET /albums/popular [32m201[0m 412.747 ms - -[0m
2023-05-10 13:12:38 info: [0mGET /albums/popular [32m201[0m 388.635 ms - -[0m
2023-05-10 13:12:42 info: [0mGET /albums/popular [32m201[0m 423.267 ms - -[0m
2023-05-10 13:12:47 info: [0mGET /albums/popular [32m201[0m 457.130 ms - -[0m
2023-05-10 13:13:07 info: [0mGET /albums/popular [32m201[0m 414.907 ms - -[0m
2023-05-10 13:21:30 info: [0mGET /albums/categories [32m201[0m 423.487 ms - 234[0m
2023-05-10 13:21:30 info: [0mGET /albums/popular [32m201[0m 481.706 ms - -[0m
2023-05-10 13:21:31 info: [0mGET /albums/category/dgfbbtrhegbtrgre419ger [32m201[0m 355.379 ms - -[0m
2023-05-10 13:21:33 info: [0mGET /albums/categories [32m201[0m 372.029 ms - 234[0m
2023-05-10 13:21:33 info: [0mGET /albums/popular [32m201[0m 445.347 ms - -[0m
2023-05-10 13:21:33 info: [0mGET /albums/category/dgfbbtrhegbtrgre419ger [32m201[0m 408.168 ms - -[0m
2023-05-10 13:21:35 info: [0mGET /albums/categories [32m201[0m 347.667 ms - 234[0m
2023-05-10 13:21:35 info: [0mGET /albums/popular [32m201[0m 393.564 ms - -[0m
2023-05-10 13:21:35 info: [0mGET /albums/category/dgfbbtrhegbtrgre419ger [32m201[0m 367.408 ms - -[0m
2023-05-10 13:21:37 info: [0mGET /albums/categories [32m201[0m 404.418 ms - 234[0m
2023-05-10 13:21:37 info: [0mGET /albums/popular [32m201[0m 455.814 ms - -[0m
2023-05-10 13:21:37 info: [0mGET /albums/category/dgfbbtrhegbtrgre419ger [32m201[0m 350.181 ms - -[0m
2023-05-10 13:21:46 info: [0mGET /albums/categories [32m201[0m 363.279 ms - 234[0m
2023-05-10 13:21:46 info: [0mGET /albums/popular [32m201[0m 440.479 ms - -[0m
2023-05-10 13:21:46 info: [0mGET /albums/category/dgfbbtrhegbtrgre419ger [32m201[0m 364.178 ms - -[0m
2023-05-10 13:21:48 info: [0mGET /albums/categories [32m201[0m 370.951 ms - 234[0m
2023-05-10 13:21:48 info: [0mGET /albums/popular [32m201[0m 405.019 ms - -[0m
2023-05-10 13:21:49 info: [0mGET /albums/category/dgfbbtrhegbtrgre419ger [32m201[0m 382.037 ms - -[0m
2023-05-10 13:22:32 info: [0mGET /albums/popular [32m201[0m 470.234 ms - -[0m
2023-05-10 13:22:34 info: [0mGET /albums/popular [32m201[0m 440.113 ms - -[0m
2023-05-10 13:22:36 info: [0mGET /albums/popular [32m201[0m 424.781 ms - -[0m
2023-05-10 13:22:50 info: [0mGET /albums/popular [32m201[0m 391.711 ms - -[0m
2023-05-10 13:22:52 info: [0mGET /albums/popular [32m201[0m 450.473 ms - -[0m
2023-05-10 13:22:54 info: [0mGET /albums/popular [32m201[0m 475.818 ms - -[0m
2023-05-10 13:22:55 info: [0mGET /albums/popular [32m201[0m 407.886 ms - -[0m
2023-05-10 13:22:57 info: [0mGET /albums/popular [32m201[0m 430.753 ms - -[0m
2023-05-10 13:23:01 info: [0mGET /albums/categories [32m201[0m 355.926 ms - 234[0m
2023-05-10 13:23:01 info: [0mGET /albums/popular [32m201[0m 411.116 ms - -[0m
2023-05-10 13:23:02 info: [0mGET /albums/category/dgfbbtrhegbtrgre419ger [32m201[0m 366.189 ms - -[0m
2023-05-10 13:23:04 info: [0mGET /albums/categories [32m201[0m 368.733 ms - 234[0m
2023-05-10 13:23:04 info: [0mGET /albums/popular [32m201[0m 390.400 ms - -[0m
2023-05-10 13:23:05 info: [0mGET /albums/category/dgfbbtrhegbtrgre419ger [32m201[0m 374.958 ms - -[0m
2023-05-10 13:23:07 info: [0mGET /albums/popular [32m201[0m 387.526 ms - -[0m
2023-05-10 13:23:07 info: [0mGET /albums/categories [32m201[0m 399.349 ms - 234[0m
2023-05-10 13:23:09 info: [0mGET /albums/category/dgfbbtrhegbtrgre419ger [32m201[0m 383.099 ms - -[0m
2023-05-10 13:23:27 info: [0mGET /albums/popular [32m201[0m 392.232 ms - -[0m
2023-05-10 13:23:27 info: [0mGET /albums/categories [32m201[0m 395.672 ms - 234[0m
2023-05-10 13:23:28 info: [0mGET /albums/category/dgfbbtrhegbtrgre419ger [32m201[0m 360.138 ms - -[0m
2023-05-10 13:28:21 info: [0mGET /albums/categories [32m201[0m 372.121 ms - 234[0m
2023-05-10 13:28:21 info: [0mGET /albums/popular [32m201[0m 418.773 ms - -[0m
2023-05-10 13:28:22 info: [0mGET /albums/category/dgfbbtrhegbtrgre419ger [32m201[0m 373.542 ms - -[0m
2023-05-10 13:32:21 info: [0mGET /albums/categories [32m201[0m 403.554 ms - 234[0m
2023-05-10 13:32:21 info: [0mGET /albums/popular [32m201[0m 466.782 ms - -[0m
2023-05-10 13:32:22 info: [0mGET /albums/category/dgfbbtrhegbtrgre419ger [32m201[0m 436.261 ms - -[0m
2023-05-10 13:32:32 info: [0mGET /albums/categories [32m201[0m 421.301 ms - 234[0m
2023-05-10 13:32:32 info: [0mGET /albums/popular [32m201[0m 456.605 ms - -[0m
2023-05-10 13:32:32 info: [0mGET /albums/category/dgfbbtrhegbtrgre419ger [32m201[0m 428.434 ms - -[0m
2023-05-10 13:32:43 info: [0mGET /albums/categories [32m201[0m 400.683 ms - 234[0m
2023-05-10 13:32:43 info: [0mGET /albums/popular [32m201[0m 430.436 ms - -[0m
2023-05-10 13:32:44 info: [0mGET /albums/category/dgfbbtrhegbtrgre419ger [32m201[0m 361.224 ms - -[0m
2023-05-10 13:32:54 info: [0mGET /albums/category/grtgv841t89rhbtgfrd48hb [32m201[0m 517.109 ms - -[0m
2023-05-10 13:32:55 info: [0mGET /albums/category/grtgv841tegr52rf6d1gsfez546zefsdsdfb [32m201[0m 388.529 ms - 22[0m
2023-05-10 13:32:56 info: [0mGET /albums/category/grtgv841t89rhbtgfrd48hb [32m201[0m 406.616 ms - -[0m
2023-05-10 13:32:58 info: [0mGET /albums/category/grtgv841tegr52rf6d1gsfez546zefsdsdfb [32m201[0m 391.636 ms - 22[0m
2023-05-10 13:33:04 info: [0mGET /albums/category/dgfbbtrhegbtrgre419ger [32m201[0m 376.249 ms - -[0m
2023-05-10 13:33:08 info: [0mGET /albums/category/grtgv841t89rhbtgfrd48hb [32m201[0m 391.709 ms - -[0m
2023-05-10 13:33:11 info: [0mGET /albums/category/dgfbbtrhegbtrgre419ger [32m201[0m 398.535 ms - -[0m
2023-05-10 13:33:12 info: [0mGET /albums/category/grtgv841t89rhbtgfrd48hb [32m201[0m 376.874 ms - -[0m
2023-05-10 13:33:14 info: [0mGET /albums/category/grtgv841tegr52rf6d1gsfez546zefsdsdfb [32m201[0m 397.914 ms - 22[0m
2023-05-10 13:37:32 info: [0mGET /albums/categories [32m201[0m 385.028 ms - 234[0m
2023-05-10 13:37:32 info: [0mGET /albums/popular [32m201[0m 535.393 ms - -[0m
2023-05-10 13:37:33 info: [0mGET /albums/category/dgfbbtrhegbtrgre419ger [32m201[0m 385.987 ms - -[0m
2023-05-10 13:37:37 info: [0mGET /albums/categories [32m201[0m 380.129 ms - 234[0m
2023-05-10 13:37:37 info: [0mGET /albums/popular [32m201[0m 425.285 ms - -[0m
2023-05-10 13:37:38 info: [0mGET /albums/category/dgfbbtrhegbtrgre419ger [32m201[0m 375.860 ms - -[0m
2023-05-10 13:37:41 info: [0mGET /albums/categories [32m201[0m 383.796 ms - 234[0m
2023-05-10 13:37:41 info: [0mGET /albums/popular [32m201[0m 410.961 ms - -[0m
2023-05-10 13:37:41 info: [0mGET /albums/category/dgfbbtrhegbtrgre419ger [32m201[0m 364.724 ms - -[0m
2023-05-10 15:11:29 info: [0mGET /albums/categories [32m201[0m 545.468 ms - 234[0m
2023-05-10 15:11:29 info: [0mGET /albums/popular [32m201[0m 581.719 ms - -[0m
2023-05-10 15:11:29 info: [0mGET /albums/category/dgfbbtrhegbtrgre419ger [32m201[0m 390.946 ms - -[0m
2023-05-10 15:11:46 info: [0mGET /albums/categories [32m201[0m 371.944 ms - 234[0m
2023-05-10 15:11:47 info: [0mGET /albums/popular [32m201[0m 445.305 ms - -[0m
2023-05-10 15:11:47 info: [0mGET /albums/category/dgfbbtrhegbtrgre419ger [32m201[0m 374.682 ms - -[0m
2023-05-10 15:11:56 info: [0mGET /albums/categories [32m201[0m 391.303 ms - 234[0m
2023-05-10 15:11:56 info: [0mGET /albums/popular [32m201[0m 422.802 ms - -[0m
2023-05-10 15:11:56 info: [0mGET /albums/category/dgfbbtrhegbtrgre419ger [32m201[0m 378.457 ms - -[0m
2023-05-10 15:12:20 info: [0mGET /albums/categories [32m201[0m 349.691 ms - 234[0m
2023-05-10 15:12:20 info: [0mGET /albums/popular [32m201[0m 415.434 ms - -[0m
2023-05-10 15:12:20 info: [0mGET /albums/category/dgfbbtrhegbtrgre419ger [32m201[0m 384.775 ms - -[0m
2023-05-10 15:12:37 info: [0mGET /albums/category/grtgv841t89rhbtgfrd48hb [32m201[0m 395.361 ms - -[0m
2023-05-10 15:12:39 info: [0mGET /albums/category/grtgv841tegr52rf6d1gsfez546zefsdsdfb [32m201[0m 360.153 ms - 22[0m
2023-05-10 15:12:44 info: [0mGET /albums/category/dgfbbtrhegbtrgre419ger [32m201[0m 396.522 ms - -[0m
2023-05-10 15:12:52 info: [0mGET /albums/categories [32m201[0m 399.780 ms - 234[0m
2023-05-10 15:12:52 info: [0mGET /albums/popular [32m201[0m 432.505 ms - -[0m
2023-05-10 15:12:53 info: [0mGET /albums/category/dgfbbtrhegbtrgre419ger [32m201[0m 393.974 ms - -[0m
2023-05-10 15:13:18 info: [0mGET /albums/categories [32m201[0m 393.503 ms - 234[0m
2023-05-10 15:13:18 info: [0mGET /albums/popular [32m201[0m 405.228 ms - -[0m
2023-05-10 15:13:18 info: [0mGET /albums/category/dgfbbtrhegbtrgre419ger [32m201[0m 364.984 ms - -[0m
2023-05-10 15:13:57 info: [0mGET /albums/categories [32m201[0m 365.032 ms - 234[0m
2023-05-10 15:13:58 info: [0mGET /albums/popular [32m201[0m 449.389 ms - -[0m
2023-05-10 15:13:58 info: [0mGET /albums/category/dgfbbtrhegbtrgre419ger [32m201[0m 407.513 ms - -[0m
2023-05-10 15:15:25 info: [0mGET /albums/category/grtgv841t89rhbtgfrd48hb [32m201[0m 387.859 ms - -[0m
2023-05-10 15:15:26 info: [0mGET /albums/category/dgfbbtrhegbtrgre419ger [32m201[0m 358.288 ms - -[0m
2023-05-10 16:20:20 info: [0mGET /albums/categories [32m201[0m 492.492 ms - 234[0m
2023-05-10 16:20:20 info: [0mGET /albums/popular [32m201[0m 531.548 ms - -[0m
2023-05-10 16:20:21 info: [0mGET /albums/category/dgfbbtrhegbtrgre419ger [32m201[0m 398.859 ms - -[0m
2023-05-10 16:21:01 info: [0mGET /albums/categories [32m201[0m 358.428 ms - 234[0m
2023-05-10 16:21:01 info: [0mGET /albums/popular [32m201[0m 429.465 ms - -[0m
2023-05-10 16:21:02 info: [0mGET /albums/category/dgfbbtrhegbtrgre419ger [32m201[0m 376.683 ms - -[0m
2023-05-10 16:21:04 info: [0mGET /albums/categories [32m201[0m 369.376 ms - 234[0m
2023-05-10 16:21:04 info: [0mGET /albums/popular [32m201[0m 462.716 ms - -[0m
2023-05-10 16:21:04 info: [0mGET /albums/category/dgfbbtrhegbtrgre419ger [32m201[0m 382.025 ms - -[0m
2023-05-10 16:21:07 info: [0mGET /albums/categories [32m201[0m 387.854 ms - 234[0m
2023-05-10 16:21:07 info: [0mGET /albums/popular [32m201[0m 444.644 ms - -[0m
2023-05-10 16:21:07 info: [0mGET /albums/category/dgfbbtrhegbtrgre419ger [32m201[0m 409.311 ms - -[0m
2023-05-10 16:21:10 info: [0mGET /albums/categories [32m201[0m 347.703 ms - 234[0m
2023-05-10 16:21:10 info: [0mGET /albums/popular [32m201[0m 431.679 ms - -[0m
2023-05-10 16:21:11 info: [0mGET /albums/category/dgfbbtrhegbtrgre419ger [32m201[0m 352.128 ms - -[0m
2023-05-10 16:21:13 info: [0mGET /albums/categories [32m201[0m 362.686 ms - 234[0m
2023-05-10 16:21:13 info: [0mGET /albums/popular [32m201[0m 413.413 ms - -[0m
2023-05-10 16:21:15 info: [0mGET /albums/category/dgfbbtrhegbtrgre419ger [32m201[0m 1517.742 ms - -[0m
2023-05-10 16:21:18 info: [0mGET /albums/categories [32m201[0m 369.938 ms - 234[0m
2023-05-10 16:21:18 info: [0mGET /albums/popular [32m201[0m 417.774 ms - -[0m
2023-05-10 16:21:18 info: [0mGET /albums/category/dgfbbtrhegbtrgre419ger [32m201[0m 399.337 ms - -[0m
2023-05-10 16:21:21 info: [0mGET /albums/categories [32m201[0m 432.331 ms - 234[0m
2023-05-10 16:21:21 info: [0mGET /albums/popular [32m201[0m 464.120 ms - -[0m
2023-05-10 16:21:22 info: [0mGET /albums/category/dgfbbtrhegbtrgre419ger [32m201[0m 389.558 ms - -[0m
2023-05-10 16:23:37 info: [0mGET /albums/categories [32m201[0m 398.470 ms - 234[0m
2023-05-10 16:23:37 info: [0mGET /albums/popular [32m201[0m 419.987 ms - -[0m
2023-05-10 16:23:38 info: [0mGET /albums/category/dgfbbtrhegbtrgre419ger [32m201[0m 398.777 ms - -[0m
2023-05-10 16:25:16 info: [0mGET /albums/categories [32m201[0m 405.881 ms - 234[0m
2023-05-10 16:25:16 info: [0mGET /albums/popular [32m201[0m 455.275 ms - -[0m
2023-05-10 16:25:16 info: [0mGET /albums/category/dgfbbtrhegbtrgre419ger [32m201[0m 391.143 ms - -[0m
2023-05-10 16:25:29 info: [0mGET /albums/categories [32m201[0m 356.455 ms - 234[0m
2023-05-10 16:25:29 info: [0mGET /albums/popular [32m201[0m 425.611 ms - -[0m
2023-05-10 16:25:30 info: [0mGET /albums/category/dgfbbtrhegbtrgre419ger [32m201[0m 389.598 ms - -[0m
2023-05-10 16:25:43 info: [0mGET /albums/categories [32m201[0m 363.578 ms - 234[0m
2023-05-10 16:25:43 info: [0mGET /albums/popular [32m201[0m 442.421 ms - -[0m
2023-05-10 16:25:44 info: [0mGET /albums/category/dgfbbtrhegbtrgre419ger [32m201[0m 368.125 ms - -[0m
2023-05-10 16:25:57 info: [0mGET /albums/categories [32m201[0m 360.564 ms - 234[0m
2023-05-10 16:25:57 info: [0mGET /albums/popular [32m201[0m 400.712 ms - -[0m
2023-05-10 16:25:58 info: [0mGET /albums/category/dgfbbtrhegbtrgre419ger [32m201[0m 391.838 ms - -[0m
2023-05-10 16:26:13 info: [0mGET /albums/popular [32m201[0m 408.911 ms - -[0m
2023-05-10 16:26:13 info: [0mGET /albums/categories [32m201[0m 400.466 ms - 234[0m
2023-05-10 16:26:14 info: [0mGET /albums/category/dgfbbtrhegbtrgre419ger [32m201[0m 372.683 ms - -[0m
2023-05-10 16:26:31 info: [0mGET /albums/categories [32m201[0m 390.723 ms - 234[0m
2023-05-10 16:26:31 info: [0mGET /albums/popular [32m201[0m 444.017 ms - -[0m
2023-05-10 16:26:32 info: [0mGET /albums/category/dgfbbtrhegbtrgre419ger [32m201[0m 403.249 ms - -[0m
2023-05-10 16:28:06 info: [0mGET /albums/categories [32m201[0m 378.155 ms - 234[0m
2023-05-10 16:28:06 info: [0mGET /albums/popular [32m201[0m 444.509 ms - -[0m
2023-05-10 16:28:06 info: [0mGET /albums/category/dgfbbtrhegbtrgre419ger [32m201[0m 363.109 ms - -[0m
2023-05-10 16:30:19 info: [0mGET /albums/categories [32m201[0m 410.608 ms - 234[0m
2023-05-10 16:30:19 info: [0mGET /albums/popular [32m201[0m 436.380 ms - -[0m
2023-05-10 16:30:19 info: [0mGET /albums/category/dgfbbtrhegbtrgre419ger [32m201[0m 384.658 ms - -[0m
2023-05-10 16:31:16 info: [0mGET /albums/categories [32m201[0m 398.974 ms - 234[0m
2023-05-10 16:31:16 info: [0mGET /albums/popular [32m201[0m 451.980 ms - -[0m
2023-05-10 16:31:16 info: [0mGET /albums/category/dgfbbtrhegbtrgre419ger [32m201[0m 386.279 ms - -[0m
2023-05-10 16:32:10 info: [0mGET /albums/categories [32m201[0m 382.347 ms - 234[0m
2023-05-10 16:32:10 info: [0mGET /albums/popular [32m201[0m 416.042 ms - -[0m
2023-05-10 16:32:10 info: [0mGET /albums/category/dgfbbtrhegbtrgre419ger [32m201[0m 385.380 ms - -[0m
2023-05-10 16:32:31 info: [0mGET /albums/categories [32m201[0m 347.981 ms - 234[0m
2023-05-10 16:32:31 info: [0mGET /albums/popular [32m201[0m 459.017 ms - -[0m
2023-05-10 16:32:32 info: [0mGET /albums/category/dgfbbtrhegbtrgre419ger [32m201[0m 392.342 ms - -[0m
2023-05-10 16:33:36 info: [0mGET /albums/categories [32m201[0m 366.128 ms - 234[0m
2023-05-10 16:33:36 info: [0mGET /albums/popular [32m201[0m 475.154 ms - -[0m
2023-05-10 16:33:36 info: [0mGET /albums/category/dgfbbtrhegbtrgre419ger [32m201[0m 377.273 ms - -[0m
2023-05-10 16:34:30 info: [0mGET /albums/categories [32m201[0m 769.977 ms - 234[0m
2023-05-10 16:34:31 info: [0mGET /albums/popular [32m201[0m 1552.264 ms - -[0m
2023-05-10 16:34:31 info: [0mGET /albums/category/dgfbbtrhegbtrgre419ger [32m201[0m 616.424 ms - -[0m
2023-05-10 16:34:54 info: [0mGET /albums/categories [32m201[0m 747.103 ms - 234[0m
2023-05-10 16:34:55 info: [0mGET /albums/category/dgfbbtrhegbtrgre419ger [32m201[0m 858.914 ms - -[0m
2023-05-10 16:34:55 info: [0mGET /albums/popular [32m201[0m 1959.972 ms - -[0m
2023-05-10 16:35:20 info: [0mGET /albums/popular [32m201[0m 1366.209 ms - -[0m
2023-05-10 16:35:20 info: [0mGET /albums/categories [32m201[0m 1455.533 ms - 234[0m
2023-05-10 16:35:21 info: [0mGET /albums/category/dgfbbtrhegbtrgre419ger [32m201[0m 631.003 ms - -[0m
2023-05-10 16:35:33 info: [0mGET /albums/categories [32m201[0m 406.619 ms - 234[0m
2023-05-10 16:35:33 info: [0mGET /albums/popular [32m201[0m 424.416 ms - -[0m
2023-05-10 16:35:34 info: [0mGET /albums/category/dgfbbtrhegbtrgre419ger [32m201[0m 405.419 ms - -[0m
2023-05-10 16:43:04 info: [0mGET /albums/categories [32m201[0m 462.270 ms - 234[0m
2023-05-10 16:43:04 info: [0mGET /albums/popular [32m201[0m 502.959 ms - -[0m
2023-05-10 16:43:05 info: [0mGET /albums/category/dgfbbtrhegbtrgre419ger [32m201[0m 419.328 ms - -[0m
2023-05-10 16:43:25 info: [0mGET /albums/categories [32m201[0m 410.592 ms - 234[0m
2023-05-10 16:43:25 info: [0mGET /albums/popular [32m201[0m 455.721 ms - -[0m
2023-05-10 16:43:26 info: [0mGET /albums/category/dgfbbtrhegbtrgre419ger [32m201[0m 408.399 ms - -[0m
2023-05-10 16:46:15 info: [0mGET /albums/categories [32m201[0m 405.925 ms - 234[0m
2023-05-10 16:46:15 info: [0mGET /albums/popular [32m201[0m 440.717 ms - -[0m
2023-05-10 16:46:16 info: [0mGET /albums/category/dgfbbtrhegbtrgre419ger [32m201[0m 410.588 ms - -[0m
2023-05-10 16:46:51 info: [0mGET /albums/categories [32m201[0m 383.208 ms - 234[0m
2023-05-10 16:46:52 info: [0mGET /albums/popular [32m201[0m 479.160 ms - -[0m
2023-05-10 16:46:52 info: [0mGET /albums/category/dgfbbtrhegbtrgre419ger [32m201[0m 542.193 ms - -[0m
2023-05-10 16:48:16 info: [0mGET /albums/categories [32m201[0m 388.112 ms - 234[0m
2023-05-10 16:48:16 info: [0mGET /albums/popular [32m201[0m 417.561 ms - -[0m
2023-05-10 16:48:16 info: [0mGET /albums/category/dgfbbtrhegbtrgre419ger [32m201[0m 394.941 ms - -[0m
2023-05-10 16:54:56 info: [0mGET /albums/categories [32m201[0m 420.160 ms - 234[0m
2023-05-10 16:54:56 info: [0mGET /albums/category/dgfbbtrhegbtrgre419ger [32m201[0m 417.253 ms - -[0m
2023-05-10 16:54:56 info: [0mGET /albums/popular [32m201[0m 465.610 ms - -[0m
2023-05-10 16:55:02 info: [0mGET /albums/categories [32m201[0m 406.339 ms - 234[0m
2023-05-10 16:55:02 info: [0mGET /albums/popular [32m201[0m 411.052 ms - -[0m
2023-05-10 16:55:03 info: [0mGET /albums/category/dgfbbtrhegbtrgre419ger [32m201[0m 379.805 ms - -[0m
2023-05-10 16:57:31 info: [0mGET /albums/categories [32m201[0m 376.752 ms - 234[0m
2023-05-10 16:57:31 info: [0mGET /albums/category/dgfbbtrhegbtrgre419ger [32m201[0m 386.118 ms - -[0m
2023-05-10 16:57:31 info: [0mGET /albums/popular [32m201[0m 417.365 ms - -[0m
2023-05-10 17:04:22 info: [0mGET /albums/category/dgfbbtrhegbtrgre419ger [32m201[0m 419.820 ms - -[0m
2023-05-10 17:04:22 info: [0mGET /albums/categories [32m201[0m 425.315 ms - 234[0m
2023-05-10 17:04:22 info: [0mGET /albums/popular [32m201[0m 431.893 ms - -[0m
2023-05-10 17:07:07 info: [0mGET /albums/categories [32m201[0m 413.451 ms - 234[0m
2023-05-10 17:07:07 info: [0mGET /albums/category/dgfbbtrhegbtrgre419ger [32m201[0m 429.695 ms - -[0m
2023-05-10 17:07:07 info: [0mGET /albums/popular [32m201[0m 469.011 ms - -[0m
2023-05-10 17:07:27 info: [0mGET /albums/categories [32m201[0m 383.053 ms - 234[0m
2023-05-10 17:07:27 info: [0mGET /albums/category/dgfbbtrhegbtrgre419ger [32m201[0m 395.816 ms - -[0m
2023-05-10 17:07:27 info: [0mGET /albums/popular [32m201[0m 482.165 ms - -[0m
2023-05-10 17:07:35 info: [0mGET /albums/categories [32m201[0m 367.080 ms - 234[0m
2023-05-10 17:07:35 info: [0mGET /albums/category/dgfbbtrhegbtrgre419ger [32m201[0m 394.814 ms - -[0m
2023-05-10 17:07:35 info: [0mGET /albums/popular [32m201[0m 427.814 ms - -[0m
2023-05-10 17:11:06 info: [0mGET /albums/categories [32m201[0m 372.616 ms - 234[0m
2023-05-10 17:11:06 info: [0mGET /albums/category/dgfbbtrhegbtrgre419ger [32m201[0m 409.111 ms - -[0m
2023-05-10 17:11:06 info: [0mGET /albums/popular [32m201[0m 442.110 ms - -[0m
2023-05-10 17:12:33 info: [0mGET /albums/category/dgfbbtrhegbtrgre419ger [32m201[0m 377.643 ms - -[0m
2023-05-10 17:12:33 info: [0mGET /albums/categories [32m201[0m 391.229 ms - 234[0m
2023-05-10 17:12:33 info: [0mGET /albums/popular [32m201[0m 450.773 ms - -[0m
2023-05-10 17:12:43 info: [0mGET /albums/categories [32m201[0m 370.506 ms - 234[0m
2023-05-10 17:12:43 info: [0mGET /albums/popular [32m201[0m 414.544 ms - -[0m
2023-05-10 17:12:43 info: [0mGET /albums/category/dgfbbtrhegbtrgre419ger [32m201[0m 412.604 ms - -[0m
2023-05-10 17:17:39 info: [0mGET /albums/categories [32m201[0m 388.109 ms - 234[0m
2023-05-10 17:17:39 info: [0mGET /albums/category/dgfbbtrhegbtrgre419ger [32m201[0m 390.283 ms - -[0m
2023-05-10 17:17:39 info: [0mGET /albums/popular [32m201[0m 438.780 ms - -[0m
2023-05-10 17:21:42 info: [0mGET /albums/categories [32m201[0m 375.520 ms - 234[0m
2023-05-10 17:21:42 info: [0mGET /albums/popular [32m201[0m 462.521 ms - -[0m
2023-05-10 17:21:43 info: [0mGET /albums/category/dgfbbtrhegbtrgre419ger [32m201[0m 362.885 ms - -[0m
2023-05-10 17:30:34 info: [0mGET /albums/categories [32m201[0m 398.386 ms - 234[0m
2023-05-10 17:30:34 info: [0mGET /albums/popular [32m201[0m 463.101 ms - -[0m
2023-05-10 17:30:35 info: [0mGET /albums/category/dgfbbtrhegbtrgre419ger [32m201[0m 376.494 ms - -[0m
2023-05-10 17:31:36 info: [0mGET /albums/categories [32m201[0m 412.374 ms - 234[0m
2023-05-10 17:31:36 info: [0mGET /albums/category/dgfbbtrhegbtrgre419ger [32m201[0m 412.305 ms - -[0m
2023-05-10 17:31:36 info: [0mGET /albums/popular [32m201[0m 456.140 ms - -[0m
2023-05-10 17:31:53 info: [0mGET /albums/categories [32m201[0m 398.896 ms - 234[0m
2023-05-10 17:31:53 info: [0mGET /albums/category/dgfbbtrhegbtrgre419ger [32m201[0m 395.346 ms - -[0m
2023-05-10 17:31:53 info: [0mGET /albums/popular [32m201[0m 418.832 ms - -[0m
2023-05-10 17:33:56 info: [0mGET /albums/categories [32m201[0m 386.735 ms - 234[0m
2023-05-10 17:33:56 info: [0mGET /albums/category/dgfbbtrhegbtrgre419ger [32m201[0m 397.167 ms - -[0m
2023-05-10 17:33:56 info: [0mGET /albums/popular [32m201[0m 403.685 ms - -[0m
2023-05-10 17:36:36 info: [0mGET /albums/categories [32m201[0m 390.678 ms - 234[0m
2023-05-10 17:36:36 info: [0mGET /albums/category/dgfbbtrhegbtrgre419ger [32m201[0m 393.613 ms - -[0m
2023-05-10 17:36:36 info: [0mGET /albums/popular [32m201[0m 439.168 ms - -[0m
2023-05-10 17:39:51 info: [0mGET /albums/categories [32m201[0m 383.970 ms - 234[0m
2023-05-10 17:39:51 info: [0mGET /albums/popular [32m201[0m 401.689 ms - -[0m
2023-05-10 17:39:51 info: [0mGET /albums/category/dgfbbtrhegbtrgre419ger [32m201[0m 394.056 ms - -[0m
2023-05-10 17:40:14 info: [0mGET /albums/categories [32m201[0m 398.772 ms - 234[0m
2023-05-10 17:40:14 info: [0mGET /albums/category/dgfbbtrhegbtrgre419ger [32m201[0m 403.906 ms - -[0m
2023-05-10 17:40:14 info: [0mGET /albums/popular [32m201[0m 482.063 ms - -[0m
2023-05-10 17:40:30 info: [0mGET /albums/categories [32m201[0m 374.800 ms - 234[0m
2023-05-10 17:40:30 info: [0mGET /albums/category/dgfbbtrhegbtrgre419ger [32m201[0m 391.366 ms - -[0m
2023-05-10 17:40:30 info: [0mGET /albums/popular [32m201[0m 419.840 ms - -[0m
2023-05-10 17:50:22 info: [0mGET /albums/categories [32m201[0m 420.245 ms - 234[0m
2023-05-10 17:50:22 info: [0mGET /albums/popular [32m201[0m 493.228 ms - -[0m
2023-05-10 17:50:23 info: [0mGET /albums/category/dgfbbtrhegbtrgre419ger [32m201[0m 366.680 ms - -[0m
2023-05-10 17:51:27 info: [0mGET /albums/categories [32m201[0m 388.871 ms - 234[0m
2023-05-10 17:51:27 info: [0mGET /albums/popular [32m201[0m 409.398 ms - -[0m
2023-05-10 17:51:28 info: [0mGET /albums/category/dgfbbtrhegbtrgre419ger [32m201[0m 359.245 ms - -[0m
2023-05-10 17:53:34 info: [0mGET /albums/popular [32m201[0m 417.061 ms - -[0m
2023-05-10 17:53:34 info: [0mGET /albums/categories [32m201[0m 409.068 ms - 234[0m
2023-05-10 17:53:35 info: [0mGET /albums/category/dgfbbtrhegbtrgre419ger [32m201[0m 389.753 ms - -[0m
2023-05-10 17:54:13 info: [0mGET /albums/categories [32m201[0m 385.396 ms - 234[0m
2023-05-10 17:54:13 info: [0mGET /albums/popular [32m201[0m 424.962 ms - -[0m
2023-05-10 17:54:14 info: [0mGET /albums/category/dgfbbtrhegbtrgre419ger [32m201[0m 374.735 ms - -[0m
2023-05-10 17:56:09 info: [0mGET /albums/categories [32m201[0m 377.328 ms - 234[0m
2023-05-10 17:56:09 info: [0mGET /albums/popular [32m201[0m 423.240 ms - -[0m
2023-05-10 17:56:10 info: [0mGET /albums/category/dgfbbtrhegbtrgre419ger [32m201[0m 391.260 ms - -[0m
2023-05-10 17:57:18 info: [0mGET /albums/categories [32m201[0m 390.107 ms - 234[0m
2023-05-10 17:57:18 info: [0mGET /albums/popular [32m201[0m 429.434 ms - -[0m
2023-05-10 17:57:19 info: [0mGET /albums/category/dgfbbtrhegbtrgre419ger [32m201[0m 353.728 ms - -[0m
2023-05-10 18:00:57 info: [0mGET /albums/category/dgfbbtrhegbtrgre419ger [32m201[0m 402.753 ms - -[0m
2023-05-10 18:00:57 info: [0mGET /albums/categories [32m201[0m 416.754 ms - 234[0m
2023-05-10 18:00:57 info: [0mGET /albums/popular [32m201[0m 440.880 ms - -[0m
2023-05-10 18:01:42 info: [0mGET /albums/category/dgfbbtrhegbtrgre419ger [32m201[0m 386.278 ms - -[0m
2023-05-10 18:01:42 info: [0mGET /albums/categories [32m201[0m 394.575 ms - 234[0m
2023-05-10 18:01:42 info: [0mGET /albums/popular [32m201[0m 478.003 ms - -[0m
2023-05-10 18:04:12 info: [0mGET /albums/categories [32m201[0m 400.584 ms - 234[0m
2023-05-10 18:04:12 info: [0mGET /albums/popular [32m201[0m 424.201 ms - -[0m
2023-05-10 18:04:13 info: [0mGET /albums/category/dgfbbtrhegbtrgre419ger [32m201[0m 377.175 ms - -[0m
2023-05-10 18:09:52 info: [0mGET /albums/categories [32m201[0m 391.433 ms - 234[0m
2023-05-10 18:09:52 info: [0mGET /albums/popular [32m201[0m 450.702 ms - -[0m
2023-05-10 18:09:53 info: [0mGET /albums/category/dgfbbtrhegbtrgre419ger [32m201[0m 378.153 ms - -[0m
2023-05-10 18:14:55 info: [0mGET /albums/categories [32m201[0m 390.557 ms - 234[0m
2023-05-10 18:14:55 info: [0mGET /albums/category/dgfbbtrhegbtrgre419ger [32m201[0m 407.728 ms - -[0m
2023-05-10 18:14:55 info: [0mGET /albums/popular [32m201[0m 423.295 ms - -[0m
2023-05-10 18:15:08 info: [0mGET /albums/category/dgfbbtrhegbtrgre419ger [32m201[0m 416.967 ms - -[0m
2023-05-10 18:15:08 info: [0mGET /albums/categories [32m201[0m 421.069 ms - 234[0m
2023-05-10 18:15:08 info: [0mGET /albums/popular [32m201[0m 448.009 ms - -[0m
2023-05-10 18:15:17 info: [0mGET /albums/category/dgfbbtrhegbtrgre419ger [32m201[0m 358.342 ms - -[0m
2023-05-10 18:15:17 info: [0mGET /albums/categories [32m201[0m 386.921 ms - 234[0m
2023-05-10 18:15:17 info: [0mGET /albums/popular [32m201[0m 442.382 ms - -[0m
2023-05-10 18:21:00 info: [0mGET /albums/categories [32m201[0m 370.585 ms - 234[0m
2023-05-10 18:21:00 info: [0mGET /albums/category/dgfbbtrhegbtrgre419ger [32m201[0m 417.240 ms - -[0m
2023-05-10 18:21:00 info: [0mGET /albums/popular [32m201[0m 441.376 ms - -[0m
2023-05-10 18:21:47 info: [0mGET /albums/category/dgfbbtrhegbtrgre419ger [32m201[0m 391.132 ms - -[0m
2023-05-10 18:21:47 info: [0mGET /albums/categories [32m201[0m 405.175 ms - 234[0m
2023-05-10 18:21:47 info: [0mGET /albums/popular [32m201[0m 414.601 ms - -[0m
2023-05-10 18:23:42 info: [0mGET /albums/category/dgfbbtrhegbtrgre419ger [32m201[0m 367.850 ms - -[0m
2023-05-10 18:23:42 info: [0mGET /albums/categories [32m201[0m 378.960 ms - 234[0m
2023-05-10 18:23:42 info: [0mGET /albums/popular [32m201[0m 453.524 ms - -[0m
2023-05-10 18:24:01 info: [0mGET /albums/categories [32m201[0m 426.560 ms - 234[0m
2023-05-10 18:24:01 info: [0mGET /albums/category/dgfbbtrhegbtrgre419ger [32m201[0m 433.316 ms - -[0m
2023-05-10 18:24:01 info: [0mGET /albums/popular [32m201[0m 475.592 ms - -[0m
2023-05-10 18:25:46 info: [0mGET /albums/categories [32m201[0m 376.766 ms - 234[0m
2023-05-10 18:25:46 info: [0mGET /albums/category/dgfbbtrhegbtrgre419ger [32m201[0m 410.475 ms - -[0m
2023-05-10 18:25:46 info: [0mGET /albums/popular [32m201[0m 441.370 ms - -[0m
2023-05-10 18:27:26 info: [0mGET /albums/categories [32m201[0m 371.216 ms - 234[0m
2023-05-10 18:27:26 info: [0mGET /albums/popular [32m201[0m 454.812 ms - -[0m
2023-05-10 18:27:27 info: [0mGET /albums/category/dgfbbtrhegbtrgre419ger [32m201[0m 421.604 ms - -[0m
2023-05-10 18:29:53 info: [0mGET /albums/categories [32m201[0m 389.457 ms - 234[0m
2023-05-10 18:29:53 info: [0mGET /albums/popular [32m201[0m 422.493 ms - -[0m
2023-05-10 18:29:53 info: [0mGET /albums/category/dgfbbtrhegbtrgre419ger [32m201[0m 390.987 ms - -[0m
2023-05-10 18:46:00 info: [0mGET /albums/category/grtgv841t89rhbtgfrd48hb [32m201[0m 478.704 ms - -[0m
2023-05-10 18:46:01 info: [0mGET /albums/category/grtgv841tegr52rf6d1gsfez546zefsdsdfb [32m201[0m 370.547 ms - 22[0m
2023-05-10 18:46:04 info: [0mGET /albums/category/dgfbbtrhegbtrgre419ger [32m201[0m 371.268 ms - -[0m
2023-05-10 18:46:10 info: [0mPOST /albums/likes/d3b1e4a5f18e1b0096146536f0a89bc006ca480a [32m201[0m 689.482 ms - 12[0m
2023-05-10 18:46:17 info: [0mPOST /albums/likes/b1e4a5f18e1b0096146536f0a89bc006ca480a80 [32m201[0m 418.388 ms - 12[0m
2023-05-10 19:39:47 info: [0mGET /albums/categories [32m201[0m 380.981 ms - 234[0m
2023-05-10 19:39:47 info: [0mGET /albums/popular [32m201[0m 442.315 ms - -[0m
2023-05-10 19:39:48 info: [0mGET /albums/category/dgfbbtrhegbtrgre419ger [32m201[0m 678.059 ms - -[0m
2023-05-10 19:43:14 info: [0mGET /albums/categories [32m201[0m 389.310 ms - 234[0m
2023-05-10 19:43:14 info: [0mGET /albums/popular [32m201[0m 470.208 ms - -[0m
2023-05-10 19:43:14 info: [0mGET /albums/category/dgfbbtrhegbtrgre419ger [32m201[0m 647.467 ms - -[0m
2023-05-10 19:51:40 info: [0mGET /albums/categories [32m201[0m 496.171 ms - 234[0m
2023-05-10 19:51:40 info: [0mGET /albums/category/dgfbbtrhegbtrgre419ger [32m201[0m 500.744 ms - -[0m
2023-05-10 19:51:40 info: [0mGET /albums/popular [32m201[0m 535.680 ms - -[0m
2023-05-10 19:51:47 info: [0mGET /albums/categories [32m201[0m 375.078 ms - 234[0m
2023-05-10 19:51:47 info: [0mGET /albums/category/dgfbbtrhegbtrgre419ger [32m201[0m 381.449 ms - -[0m
2023-05-10 19:51:47 info: [0mGET /albums/popular [32m201[0m 433.733 ms - -[0m
2023-05-10 19:55:56 info: [0mGET /albums/categories [32m201[0m 419.712 ms - 234[0m
2023-05-10 19:55:56 info: [0mGET /albums/category/dgfbbtrhegbtrgre419ger [32m201[0m 422.829 ms - -[0m
2023-05-10 19:55:56 info: [0mGET /albums/popular [32m201[0m 504.822 ms - -[0m
