2023-03-08 12:21:25 info: =================================
2023-03-08 12:21:25 info: ======= ENV: development =======
2023-03-08 12:21:25 info: 🚀 App listening on the port 3000
2023-03-08 12:21:25 info: =================================
2023-03-08 15:44:12 info: [0mGET /post/recent/dgshgfdtyhdfgn5fghjtuyh45d [32m201[0m 1936.806 ms - 11[0m
2023-03-08 15:44:25 info: [0mGET /post/recent/dgshgfdtyhdfgn5fghjtuyh45d [32m201[0m 1465.841 ms - 11[0m
2023-03-08 15:46:18 info: [0mGET /post/recent/dgshgfdtyhdfgn5fghjtuyh45d [32m201[0m 402.081 ms - 11[0m
2023-03-08 15:46:46 info: =================================
2023-03-08 15:46:46 info: ======= ENV: development =======
2023-03-08 15:46:46 info: 🚀 App listening on the port 3000
2023-03-08 15:46:46 info: =================================
2023-03-08 15:46:50 info: [0mGET /post/recent/dgshgfdtyhdfgn5fghjtuyh45d [32m201[0m 537.892 ms - 11[0m
2023-03-08 15:47:36 info: =================================
2023-03-08 15:47:36 info: ======= ENV: development =======
2023-03-08 15:47:36 info: 🚀 App listening on the port 3000
2023-03-08 15:47:36 info: =================================
2023-03-08 15:47:41 info: [0mGET /post/recent/dgshgfdtyhdfgn5fghjtuyh45d [32m201[0m 517.417 ms - 870[0m
2023-03-08 16:20:51 info: [0mGET /post/recent/dgshgfdtyhdfgn5fghjtuyh45d [32m201[0m 395.021 ms - 870[0m
2023-03-08 16:36:45 info: =================================
2023-03-08 16:36:45 info: ======= ENV: development =======
2023-03-08 16:36:45 info: 🚀 App listening on the port 3000
2023-03-08 16:36:45 info: =================================
2023-03-08 16:39:57 info: [0mGET /user [33m404[0m 4.368 ms - 143[0m
2023-03-08 16:40:00 info: [0mGET /users [32m200[0m 2.633 ms - 478[0m
2023-03-08 16:40:43 info: [0mGET /users/eed643debd97315fc74a81c05502487e7e2bf474 [33m404[0m 0.960 ms - 185[0m
2023-03-08 16:41:05 info: =================================
2023-03-08 16:41:05 info: ======= ENV: development =======
2023-03-08 16:41:05 info: 🚀 App listening on the port 3000
2023-03-08 16:41:05 info: =================================
2023-03-08 16:41:10 info: [0mGET /users/eed643debd97315fc74a81c05502487e7e2bf474 [32m200[0m 440.716 ms - 21[0m
2023-03-08 16:41:35 info: =================================
2023-03-08 16:41:35 info: ======= ENV: development =======
2023-03-08 16:41:35 info: 🚀 App listening on the port 3000
2023-03-08 16:41:35 info: =================================
2023-03-08 16:41:39 info: [0mGET /users/eed643debd97315fc74a81c05502487e7e2bf474 [32m200[0m 478.492 ms - 21[0m
2023-03-08 16:43:12 info: =================================
2023-03-08 16:43:12 info: ======= ENV: development =======
2023-03-08 16:43:12 info: 🚀 App listening on the port 3000
2023-03-08 16:43:12 info: =================================
2023-03-08 16:43:14 info: [0mGET /users/eed643debd97315fc74a81c05502487e7e2bf474 [32m200[0m 454.214 ms - 21[0m
2023-03-08 16:43:43 info: =================================
2023-03-08 16:43:43 info: ======= ENV: development =======
2023-03-08 16:43:43 info: 🚀 App listening on the port 3000
2023-03-08 16:43:43 info: =================================
2023-03-08 16:43:45 info: [0mGET /users/eed643debd97315fc74a81c05502487e7e2bf474 [32m200[0m 451.486 ms - 21[0m
2023-03-08 16:44:17 info: =================================
2023-03-08 16:44:17 info: ======= ENV: development =======
2023-03-08 16:44:17 info: 🚀 App listening on the port 3000
2023-03-08 16:44:17 info: =================================
2023-03-08 16:44:23 info: =================================
2023-03-08 16:44:23 info: ======= ENV: development =======
2023-03-08 16:44:23 info: 🚀 App listening on the port 3000
2023-03-08 16:44:23 info: =================================
2023-03-08 16:44:25 info: [0mGET /users/eed643debd97315fc74a81c05502487e7e2bf474 [32m200[0m 479.264 ms - 417[0m
2023-03-08 16:45:30 info: =================================
2023-03-08 16:45:30 info: ======= ENV: development =======
2023-03-08 16:45:30 info: 🚀 App listening on the port 3000
2023-03-08 16:45:30 info: =================================
2023-03-08 16:45:35 info: [0mGET /users/eed643debd97315fc74a81c05502487e7e2bf474 [32m200[0m 426.608 ms - 417[0m
2023-03-08 16:45:39 info: [0mGET /users/eed643debd97315fc74a81c05502487e7e2bf474 [32m200[0m 368.694 ms - 417[0m
2023-03-08 17:00:25 info: =================================
2023-03-08 17:00:25 info: ======= ENV: development =======
2023-03-08 17:00:25 info: 🚀 App listening on the port 3000
2023-03-08 17:00:25 info: =================================
2023-03-08 17:04:51 info: =================================
2023-03-08 17:04:51 info: ======= ENV: development =======
2023-03-08 17:04:51 info: 🚀 App listening on the port 3000
2023-03-08 17:04:51 info: =================================
