2023-12-30 11:56:32 info: [0mPOST /login [32m200[0m 2624.686 ms - 628[0m
2023-12-30 11:56:36 info: [0mGET /albums/random/0/cus_PBbQBKCT5KXiiH [32m201[0m 905.668 ms - -[0m
2023-12-30 11:56:37 info: [0mGET /albums/all-categories [32m201[0m 1621.361 ms - 114[0m
2023-12-30 11:56:37 info: [0mGET /users/plans/cus_PBbQBKCT5KXiiH [32m200[0m 1542.791 ms - 214[0m
2023-12-30 11:56:38 info: [0mGET /albums/cus_PBbQBKCT5KXiiH [32m201[0m 2175.765 ms - -[0m
2023-12-30 11:56:38 info: [0mGET /albums/popular/cus_PBbQBKCT5KXiiH [32m201[0m 2580.375 ms - -[0m
2023-12-30 12:00:40 error: [GET] /users/cus_PBbQBKCT5KXiiH >> StatusCode:: 401, Message:: missing token
2023-12-30 12:00:40 info: [0mGET /users/cus_PBbQBKCT5KXiiH [33m401[0m 20.171 ms - 27[0m
2023-12-30 12:00:42 info: [0mPOST /refresh [32m200[0m 5.572 ms - 247[0m
2023-12-30 12:00:44 info: [0mGET /users/cus_PBbQBKCT5KXiiH [32m200[0m 1579.422 ms - 376[0m
2023-12-30 12:00:47 info: [0mGET /albums/random/0/cus_PBbQBKCT5KXiiH [32m201[0m 1091.641 ms - -[0m
2023-12-30 12:00:50 info: [0mGET /albums/cus_PBbQBKCT5KXiiH [32m201[0m 4461.814 ms - -[0m
2023-12-30 12:00:50 info: [0mGET /users/plans/cus_PBbQBKCT5KXiiH [32m200[0m 4558.425 ms - 214[0m
2023-12-30 12:00:51 info: [0mGET /albums/all-categories [32m201[0m 5387.620 ms - 114[0m
2023-12-30 12:00:56 info: [0mGET /albums/popular/cus_PBbQBKCT5KXiiH [32m201[0m 10409.675 ms - -[0m
2023-12-30 12:57:14 error: [GET] /users/cus_PBbQBKCT5KXiiH >> StatusCode:: 401, Message:: missing token
2023-12-30 12:57:14 info: [0mGET /users/cus_PBbQBKCT5KXiiH [33m401[0m 91.301 ms - 27[0m
2023-12-30 12:57:17 info: [0mPOST /refresh [32m200[0m 20.842 ms - 248[0m
2023-12-30 12:57:22 info: [0mGET /users/cus_PBbQBKCT5KXiiH [32m200[0m 3900.690 ms - 376[0m
2023-12-30 12:57:27 info: [0mGET /albums/random/0/cus_PBbQBKCT5KXiiH [32m201[0m 1227.393 ms - -[0m
2023-12-30 12:57:28 info: [0mGET /users/plans/cus_PBbQBKCT5KXiiH [32m200[0m 1955.571 ms - 214[0m
2023-12-30 12:57:29 info: [0mGET /albums/popular/cus_PBbQBKCT5KXiiH [32m201[0m 2453.033 ms - -[0m
2023-12-30 12:57:29 info: [0mGET /albums/cus_PBbQBKCT5KXiiH [32m201[0m 2909.587 ms - -[0m
2023-12-30 12:57:30 info: [0mGET /albums/all-categories [32m201[0m 3675.669 ms - 114[0m
2023-12-30 14:19:46 info: [0mGET /users/ai/generatePictures [32m200[0m 7725.459 ms - -[0m
2023-12-30 14:20:21 info: =================================
2023-12-30 14:20:21 info: ======= ENV: development =======
2023-12-30 14:20:21 info: 🚀 App listening on the port 8000
2023-12-30 14:20:21 info: =================================
2023-12-30 14:20:27 info: =================================
2023-12-30 14:20:27 info: ======= ENV: development =======
2023-12-30 14:20:27 info: 🚀 App listening on the port 8000
2023-12-30 14:20:27 info: =================================
2023-12-30 14:20:38 info: [0mGET /users/ai/generatePictures [32m200[0m 7690.881 ms - -[0m
2023-12-30 14:22:58 info: =================================
2023-12-30 14:22:58 info: ======= ENV: development =======
2023-12-30 14:22:58 info: 🚀 App listening on the port 8000
2023-12-30 14:22:58 info: =================================
2023-12-30 14:23:58 info: =================================
2023-12-30 14:23:58 info: ======= ENV: development =======
2023-12-30 14:23:58 info: 🚀 App listening on the port 8000
2023-12-30 14:23:58 info: =================================
2023-12-30 14:24:04 info: =================================
2023-12-30 14:24:04 info: ======= ENV: development =======
2023-12-30 14:24:04 info: 🚀 App listening on the port 8000
2023-12-30 14:24:04 info: =================================
2023-12-30 15:08:54 error: [GET] /users/cus_PBbQBKCT5KXiiH >> StatusCode:: 401, Message:: missing token
2023-12-30 15:08:54 info: [0mGET /users/cus_PBbQBKCT5KXiiH [33m401[0m 27.237 ms - 27[0m
2023-12-30 15:08:54 info: [0mPOST /refresh [32m200[0m 30.470 ms - 247[0m
2023-12-30 15:08:56 info: [0mGET /users/cus_PBbQBKCT5KXiiH [32m200[0m 1716.983 ms - 376[0m
2023-12-30 15:08:59 info: [0mGET /albums/all-categories [32m201[0m 1548.123 ms - 114[0m
2023-12-30 15:08:59 info: [0mGET /albums/random/0/cus_PBbQBKCT5KXiiH [32m201[0m 1448.204 ms - -[0m
2023-12-30 15:09:00 info: [0mGET /users/plans/cus_PBbQBKCT5KXiiH [32m200[0m 2353.886 ms - 214[0m
2023-12-30 15:09:00 info: [0mGET /albums/cus_PBbQBKCT5KXiiH [32m201[0m 2774.778 ms - -[0m
2023-12-30 15:09:01 info: [0mGET /albums/popular/cus_PBbQBKCT5KXiiH [32m201[0m 3081.587 ms - -[0m
2023-12-30 15:10:56 error: [GET] /users/cus_PBbQBKCT5KXiiH >> StatusCode:: 401, Message:: missing token
2023-12-30 15:10:56 info: [0mGET /users/cus_PBbQBKCT5KXiiH [33m401[0m 3.271 ms - 27[0m
2023-12-30 15:10:56 info: [0mPOST /refresh [32m200[0m 1.987 ms - 248[0m
2023-12-30 15:10:58 info: [0mGET /users/cus_PBbQBKCT5KXiiH [32m200[0m 1610.481 ms - 376[0m
2023-12-30 15:11:00 info: [0mGET /albums/random/0/cus_PBbQBKCT5KXiiH [32m201[0m 958.147 ms - -[0m
2023-12-30 15:11:01 info: [0mGET /albums/all-categories [32m201[0m 1514.308 ms - 114[0m
2023-12-30 15:11:01 info: [0mGET /users/plans/cus_PBbQBKCT5KXiiH [32m200[0m 1691.373 ms - 214[0m
2023-12-30 15:11:02 info: [0mGET /albums/cus_PBbQBKCT5KXiiH [32m201[0m 2174.208 ms - -[0m
2023-12-30 15:11:02 info: [0mGET /albums/popular/cus_PBbQBKCT5KXiiH [32m201[0m 2715.381 ms - -[0m
2023-12-30 15:11:08 info: [0mPOST /users/ai/generatePictures [33m404[0m 1.569 ms - 165[0m
2023-12-30 15:12:01 info: [0mGET /users/ai/generatePictures [32m200[0m 7740.832 ms - -[0m
2023-12-30 15:13:07 info: =================================
2023-12-30 15:13:07 info: ======= ENV: development =======
2023-12-30 15:13:07 info: 🚀 App listening on the port 8000
2023-12-30 15:13:07 info: =================================
2023-12-30 15:13:24 info: =================================
2023-12-30 15:13:24 info: ======= ENV: development =======
2023-12-30 15:13:24 info: 🚀 App listening on the port 8000
2023-12-30 15:13:24 info: =================================
2023-12-30 15:13:29 info: =================================
2023-12-30 15:13:29 info: ======= ENV: development =======
2023-12-30 15:13:29 info: 🚀 App listening on the port 8000
2023-12-30 15:13:29 info: =================================
2023-12-30 15:13:40 info: [0mGET /users/ai/generatePictures [32m200[0m 7733.834 ms - -[0m
2023-12-30 15:14:51 info: [0mGET /users/ai/generatePictures [32m200[0m 7915.756 ms - -[0m
2023-12-30 15:15:36 info: [0mGET /users/ai/generatePictures [32m200[0m 926.375 ms - -[0m
2023-12-30 15:16:22 info: [0mGET /users/ai/generatePictures [32m200[0m 2208.557 ms - -[0m
2023-12-30 15:17:01 info: [0mGET /users/ai/generatePictures [32m200[0m 7411.138 ms - -[0m
2023-12-30 15:17:28 info: [0mGET /users/ai/generatePictures [32m200[0m 1681.306 ms - -[0m
2023-12-30 15:18:19 info: [0mGET /users/ai/generatePictures [32m200[0m 2309.651 ms - -[0m
2023-12-30 15:18:40 info: [0mGET /users/ai/generatePictures [32m200[0m 957.620 ms - -[0m
2023-12-30 15:20:22 info: [0mGET /users/ai/generatePictures [32m200[0m 1044.629 ms - -[0m
2023-12-30 15:21:14 info: [0mGET /users/ai/generatePictures [32m200[0m 1495.233 ms - -[0m
2023-12-30 15:21:35 info: [0mGET /users/ai/generatePictures [32m200[0m 1186.534 ms - -[0m
2023-12-30 15:22:08 info: [0mGET /users/ai/generatePictures [32m200[0m 2161.704 ms - -[0m
2023-12-30 15:24:49 info: [0mGET /users/ai/generatePictures [32m200[0m 7657.085 ms - -[0m
2023-12-30 15:32:53 info: [0mGET /users/ai/generatePictures [32m200[0m 7926.566 ms - -[0m
2023-12-30 15:33:13 info: =================================
2023-12-30 15:33:13 info: ======= ENV: development =======
2023-12-30 15:33:13 info: 🚀 App listening on the port 8000
2023-12-30 15:33:13 info: =================================
2023-12-30 15:33:22 info: =================================
2023-12-30 15:33:22 info: ======= ENV: development =======
2023-12-30 15:33:22 info: 🚀 App listening on the port 8000
2023-12-30 15:33:22 info: =================================
2023-12-30 15:34:02 info: [0mGET /users/ai/generatePictures [32m200[0m 2554.840 ms - -[0m
2023-12-30 15:36:12 info: [0mGET /users/ai/generatePictures [32m200[0m 2718.370 ms - -[0m
2023-12-30 15:36:57 info: [0mGET /users/ai/generatePictures [32m200[0m 2342.581 ms - -[0m
2023-12-30 15:38:33 info: [0mGET /users/ai/generatePictures [32m200[0m 2308.860 ms - -[0m
2023-12-30 15:39:39 info: [0mGET /users/ai/generatePictures [32m200[0m 2442.431 ms - -[0m
2023-12-30 15:40:00 info: =================================
2023-12-30 15:40:00 info: ======= ENV: development =======
2023-12-30 15:40:00 info: 🚀 App listening on the port 8000
2023-12-30 15:40:00 info: =================================
2023-12-30 15:40:12 info: [0mGET /users/ai/generatePictures [32m200[0m 7830.273 ms - -[0m
2023-12-30 15:40:35 info: [0mGET /users/ai/generatePictures [32m200[0m 7786.825 ms - -[0m
2023-12-30 15:46:02 info: [0mGET /users/ai/generatePictures [32m200[0m 7688.825 ms - -[0m
2023-12-30 15:48:01 info: [0mGET /users/ai/generatePictures [32m200[0m 7711.412 ms - -[0m
2023-12-30 15:53:04 info: [0mGET /users/ai/generatePictures [32m200[0m 7795.558 ms - -[0m
2023-12-30 15:54:22 info: [0mGET /users/ai/generatePictures [32m200[0m 7715.857 ms - -[0m
2023-12-30 15:54:53 info: [0mGET /users/ai/generatePictures [32m200[0m 7815.040 ms - -[0m
2023-12-30 15:55:06 info: [0mGET /users/ai/generatePictures [32m200[0m 2302.680 ms - -[0m
2023-12-30 15:55:38 info: [0mGET /users/ai/generatePictures [32m200[0m 8186.694 ms - -[0m
2023-12-30 15:55:56 info: [0mGET /notifications/cus_PBbQBKCT5KXiiH [32m201[0m 1232.419 ms - 2[0m
