2023-12-11 12:02:52 info: =================================
2023-12-11 12:02:52 info: ======= ENV: development =======
2023-12-11 12:02:52 info: 🚀 App listening on the port 8000
2023-12-11 12:02:52 info: =================================
2023-12-11 12:16:32 error: [GET] /users/e1d640e916c8628de70bf8ec0bd97461577cc85a >> StatusCode:: 401, Message:: Wrong authentication token
2023-12-11 12:16:32 info: [0mGET /users/e1d640e916c8628de70bf8ec0bd97461577cc85a [33m401[0m 24.753 ms - 40[0m
2023-12-11 12:16:33 info: [0mPOST /refresh [32m200[0m 26.242 ms - 277[0m
2023-12-11 12:16:34 info: [0mGET /users/e1d640e916c8628de70bf8ec0bd97461577cc85a [32m200[0m 1481.314 ms - 454[0m
2023-12-11 12:16:37 info: [0mGET /albums/categories [32m201[0m 953.130 ms - 114[0m
2023-12-11 12:16:38 info: [0mGET /users/plans/e1d640e916c8628de70bf8ec0bd97461577cc85a [32m200[0m 1707.953 ms - 223[0m
2023-12-11 12:16:38 info: [0mGET /albums/popular [32m201[0m 2213.252 ms - -[0m
2023-12-11 12:16:38 info: [0mGET /albums [32m201[0m 2278.398 ms - -[0m
2023-12-11 12:16:40 info: [0mGET /public/files/albums/postPicture375f3a97b3467961505186a4241e2a6bbefb451952122023.jpeg [33m404[0m 5.609 ms - 223[0m
2023-12-11 12:16:40 info: [0mGET /public/files/albums/postPicture90dd6f0ab25e375f3a97b3467961505186a4241e55122023.png [33m404[0m 5.244 ms - 222[0m
2023-12-11 12:16:40 info: [0mGET /public/files/albums/postPictured274b9a2a09e590a5f6d2661d9b879f0280663bc02122023.jpeg [33m404[0m 1.539 ms - 223[0m
2023-12-11 12:16:40 info: [0mGET /public/files/albums/postPicturee360b2c019f60ad69535be615770bb1aab06112750122023.png [33m404[0m 1.938 ms - 222[0m
2023-12-11 12:16:40 info: [0mGET /public/files/albums/postPicture6f0ab25e375f3a97b3467961505186a4241e2a6b46122023.octet-stream [33m404[0m 5.429 ms - 231[0m
2023-12-11 12:16:40 info: [0mGET /public/files/albums/postPictureefbe481a61acdf3cafa2071b05e82f15a9cf2ebd02122023.png [33m404[0m 6.249 ms - 222[0m
2023-12-11 12:16:40 info: [0mGET /public/files/albums/postPicture656a08b0890e3b556c9baf2a64cee181b632223f46122023.png [33m404[0m 7.121 ms - 222[0m
2023-12-11 12:16:40 info: [0mGET /public/files/albums/postPicture96bf7dff70c791a395340c0292a9f6fd29340b0625122023.png [33m404[0m 5.210 ms - 222[0m
2023-12-11 12:16:41 info: [0mGET /public/files/albums/postPicture9b11505cfe5bd9b6bef9ae840078e4734144b5d914122023.png [33m404[0m 1.127 ms - 222[0m
2023-12-11 12:16:41 info: [0mGET /public/files/albums/postPicture505cfe5bd9b6bef9ae840078e4734144b5d9dd6e43122023.png [33m404[0m 0.991 ms - 222[0m
2023-12-11 12:16:41 info: [0mGET /public/files/albums/postPicturef50e15909b11505cfe5bd9b6bef9ae840078e47327122023.png [33m404[0m 0.675 ms - 222[0m
2023-12-11 12:16:41 info: [0mGET /public/files/albums/postPicturef6f50e15909b11505cfe5bd9b6bef9ae840078e432122023.png [33m404[0m 0.711 ms - 222[0m
2023-12-11 12:16:41 info: [0mGET /public/files/albums/postPicture5d2f8cd3f6f50e15909b11505cfe5bd9b6bef9ae42122023.png [33m404[0m 0.879 ms - 222[0m
2023-12-11 12:16:41 info: [0mGET /public/files/albums/postPicture7b7c61ab9d61f5d12c3b0122cc6fec73eb64fc6247122023.png [33m404[0m 0.652 ms - 222[0m
2023-12-11 12:16:41 info: [0mGET /public/files/albums/postPicture87395b6b96208af9e910167fbea922bf9dc2427537122023.png [33m404[0m 0.774 ms - 222[0m
2023-12-11 12:16:41 info: [0mGET /public/files/albums/postPicture3d30f9e2249b636e6a6d423149a491b02cfb8e3927122023.png [33m404[0m 0.521 ms - 222[0m
2023-12-11 12:16:41 info: [0mGET /public/files/albums/postPictureea2cd61a368c8e214914d067fa55bccc2895295714122023.png [33m404[0m 0.633 ms - 222[0m
2023-12-11 12:16:41 info: [0mGET /public/files/albums/postPictureac4e6f51f29d58f04d4b8c223edaec3174c9ab6716122023.png [33m404[0m 0.945 ms - 222[0m
2023-12-11 12:16:41 info: [0mGET /public/files/albums/postPictureb25e375f3a97b3467961505186a4241e2a6bbefb22122023.jpeg [33m404[0m 1.364 ms - 223[0m
2023-12-11 12:16:41 info: [0mGET /public/files/albums/postPicture43c377472363dbdd37af8a523e7b124a80f6a91b41122023.png [33m404[0m 0.674 ms - 222[0m
2023-12-11 12:16:41 info: [0mGET /public/files/albums/postPicturee9d11ef13cf36c49bb0e8f4436d4a5003ca20cae33122023.png [33m404[0m 1.969 ms - 222[0m
2023-12-11 12:16:41 info: [0mGET /public/files/albums/postPictureffe7acebe0fd2c1bb9e191df6d10863a0675575746122023.octet-stream [33m404[0m 2.332 ms - 231[0m
2023-12-11 12:16:41 info: [0mGET /public/files/albums/postPictureebe0fd2c1bb9e191df6d10863a06755757a97f6c11122023.octet-stream [33m404[0m 3.461 ms - 231[0m
2023-12-11 12:16:41 info: [0mGET /public/files/albums/postPicture5f539a43c377472363dbdd37af8a523e7b124a8022122023.png [33m404[0m 1.454 ms - 222[0m
2023-12-11 12:16:41 info: [0mGET /public/files/albums/postPicture2c1bb9e191df6d10863a06755757a97f6c1bf0ba11122023.octet-stream [33m404[0m 0.675 ms - 231[0m
2023-12-11 12:16:42 info: [0mGET /public/files/albums/postPicture1485a05ad584f8f22313961672bb1e9e845c6aa205122023.octet-stream [33m404[0m 0.499 ms - 231[0m
2023-12-11 12:16:42 info: [0mGET /public/files/albums/postPicture5a05ad584f8f22313961672bb1e9e845c6aa291024122023.octet-stream [33m404[0m 0.840 ms - 231[0m
2023-12-11 12:16:42 info: [0mGET /public/files/albums/postPicturef5c92c6de44a35f4990bbbe2ecafce86cd5320d926122023.octet-stream [33m404[0m 1.369 ms - 231[0m
2023-12-11 12:16:42 info: [0mGET /public/files/albums/postPicturebc134f12720fc7feb9b82da20c66021635b3d5ec16122023.octet-stream [33m404[0m 1.625 ms - 231[0m
2023-12-11 12:16:42 info: [0mGET /public/files/albums/postPicture0fd2c1bb9e191df6d10863a06755757a97f6c1bf31122023.octet-stream [33m404[0m 0.572 ms - 231[0m
2023-12-11 12:16:42 info: [0mGET /public/files/albums/postPictureea683903e4ee8f09207748b58848b796d30b097221122023.octet-stream [33m404[0m 0.705 ms - 231[0m
2023-12-11 12:16:42 info: [0mGET /public/files/albums/postPicture83903e4ee8f09207748b58848b796d30b097255201122023.png [33m404[0m 0.834 ms - 222[0m
2023-12-11 12:16:42 info: [0mGET /public/files/albums/postPictureab1ea683903e4ee8f09207748b58848b796d30b002122023.octet-stream [33m404[0m 0.559 ms - 231[0m
2023-12-11 12:17:51 info: [0mPOST /login [33m403[0m 805.269 ms - 44[0m
2023-12-11 12:17:58 info: [0mPOST /login [33m403[0m 724.200 ms - 44[0m
2023-12-11 12:18:12 info: [0mPOST /login [32m200[0m 1467.840 ms - 735[0m
2023-12-11 12:18:13 info: [0mGET /albums/categories [32m201[0m 1027.006 ms - 114[0m
2023-12-11 12:18:14 info: [0mGET /albums [32m201[0m 2137.021 ms - -[0m
2023-12-11 12:18:15 info: [0mGET /users/plans/e1d640e916c8628de70bf8ec0bd97461577cc85a [32m200[0m 2701.235 ms - 223[0m
2023-12-11 12:18:15 info: [0mGET /albums/popular [32m201[0m 3059.469 ms - -[0m
2023-12-11 13:02:04 info: [0mGET /public/files/albums/postPictureac4e6f51f29d58f04d4b8c223edaec3174c9ab6716122023.png [33m404[0m 7.333 ms - 222[0m
2023-12-11 13:02:04 info: [0mGET /public/files/albums/postPicture656a08b0890e3b556c9baf2a64cee181b632223f46122023.png [33m404[0m 15.346 ms - 222[0m
2023-12-11 13:02:04 info: [0mGET /public/files/albums/postPicture96bf7dff70c791a395340c0292a9f6fd29340b0625122023.png [33m404[0m 11.631 ms - 222[0m
2023-12-11 13:02:04 info: [0mGET /public/files/albums/postPicture90dd6f0ab25e375f3a97b3467961505186a4241e55122023.png [33m404[0m 8.330 ms - 222[0m
2023-12-11 13:02:04 info: [0mGET /public/files/albums/postPicturee360b2c019f60ad69535be615770bb1aab06112750122023.png [33m404[0m 8.384 ms - 222[0m
2023-12-11 13:02:05 info: [0mGET /public/files/albums/postPicture505cfe5bd9b6bef9ae840078e4734144b5d9dd6e43122023.png [33m404[0m 0.660 ms - 222[0m
2023-12-11 13:02:05 info: [0mGET /public/files/albums/postPicturef50e15909b11505cfe5bd9b6bef9ae840078e47327122023.png [33m404[0m 0.860 ms - 222[0m
2023-12-11 13:02:05 info: [0mGET /public/files/albums/postPicture9b11505cfe5bd9b6bef9ae840078e4734144b5d914122023.png [33m404[0m 0.432 ms - 222[0m
2023-12-11 13:02:05 info: [0mGET /public/files/albums/postPicturef6f50e15909b11505cfe5bd9b6bef9ae840078e432122023.png [33m404[0m 2.634 ms - 222[0m
2023-12-11 13:02:05 info: [0mGET /public/files/albums/postPicture5d2f8cd3f6f50e15909b11505cfe5bd9b6bef9ae42122023.png [33m404[0m 1.374 ms - 222[0m
2023-12-11 13:02:05 info: [0mGET /public/files/albums/postPictured274b9a2a09e590a5f6d2661d9b879f0280663bc02122023.jpeg [33m404[0m 0.595 ms - 223[0m
2023-12-11 13:02:05 info: [0mGET /public/files/albums/postPictureb25e375f3a97b3467961505186a4241e2a6bbefb22122023.jpeg [33m404[0m 1.273 ms - 223[0m
2023-12-11 13:02:05 info: [0mGET /public/files/albums/postPicture375f3a97b3467961505186a4241e2a6bbefb451952122023.jpeg [33m404[0m 0.765 ms - 223[0m
2023-12-11 13:02:05 info: [0mGET /public/files/albums/postPicture3d30f9e2249b636e6a6d423149a491b02cfb8e3927122023.png [33m404[0m 1.253 ms - 222[0m
2023-12-11 13:02:05 info: [0mGET /public/files/albums/postPictureefbe481a61acdf3cafa2071b05e82f15a9cf2ebd02122023.png [33m404[0m 4.752 ms - 222[0m
2023-12-11 13:02:05 info: [0mGET /public/files/albums/postPicture6f0ab25e375f3a97b3467961505186a4241e2a6b46122023.octet-stream [33m404[0m 4.582 ms - 231[0m
2023-12-11 13:02:06 info: [0mGET /public/files/albums/postPicture7b7c61ab9d61f5d12c3b0122cc6fec73eb64fc6247122023.png [33m404[0m 0.811 ms - 222[0m
2023-12-11 13:02:06 info: [0mGET /public/files/albums/postPicture87395b6b96208af9e910167fbea922bf9dc2427537122023.png [33m404[0m 0.691 ms - 222[0m
2023-12-11 13:02:06 info: [0mGET /public/files/albums/postPictureea2cd61a368c8e214914d067fa55bccc2895295714122023.png [33m404[0m 0.633 ms - 222[0m
2023-12-11 13:02:06 info: [0mGET /public/files/albums/postPicture43c377472363dbdd37af8a523e7b124a80f6a91b41122023.png [33m404[0m 0.661 ms - 222[0m
2023-12-11 13:02:06 info: [0mGET /public/files/albums/postPicture5f539a43c377472363dbdd37af8a523e7b124a8022122023.png [33m404[0m 0.613 ms - 222[0m
2023-12-11 13:02:06 info: [0mGET /public/files/albums/postPictureebe0fd2c1bb9e191df6d10863a06755757a97f6c11122023.octet-stream [33m404[0m 1.137 ms - 231[0m
2023-12-11 13:02:06 info: [0mGET /public/files/albums/postPicturee9d11ef13cf36c49bb0e8f4436d4a5003ca20cae33122023.png [33m404[0m 1.644 ms - 222[0m
2023-12-11 13:02:06 info: [0mGET /public/files/albums/postPicture2c1bb9e191df6d10863a06755757a97f6c1bf0ba11122023.octet-stream [33m404[0m 1.481 ms - 231[0m
2023-12-11 13:02:06 info: [0mGET /public/files/albums/postPictureffe7acebe0fd2c1bb9e191df6d10863a0675575746122023.octet-stream [33m404[0m 1.698 ms - 231[0m
2023-12-11 13:02:06 info: [0mGET /public/files/albums/postPicture0fd2c1bb9e191df6d10863a06755757a97f6c1bf31122023.octet-stream [33m404[0m 1.207 ms - 231[0m
2023-12-11 13:02:06 info: [0mGET /public/files/albums/postPicturef5c92c6de44a35f4990bbbe2ecafce86cd5320d926122023.octet-stream [33m404[0m 3.040 ms - 231[0m
2023-12-11 13:02:06 info: [0mGET /public/files/albums/postPicturebc134f12720fc7feb9b82da20c66021635b3d5ec16122023.octet-stream [33m404[0m 3.526 ms - 231[0m
2023-12-11 13:02:06 info: [0mGET /public/files/albums/postPicture1485a05ad584f8f22313961672bb1e9e845c6aa205122023.octet-stream [33m404[0m 3.986 ms - 231[0m
2023-12-11 13:02:06 info: [0mGET /public/files/albums/postPicture5a05ad584f8f22313961672bb1e9e845c6aa291024122023.octet-stream [33m404[0m 7.730 ms - 231[0m
2023-12-11 13:02:07 info: [0mGET /public/files/albums/postPictureab1ea683903e4ee8f09207748b58848b796d30b002122023.octet-stream [33m404[0m 0.657 ms - 231[0m
2023-12-11 13:02:07 info: [0mGET /public/files/albums/postPictureea683903e4ee8f09207748b58848b796d30b097221122023.octet-stream [33m404[0m 1.174 ms - 231[0m
2023-12-11 13:02:07 info: [0mGET /public/files/albums/postPicture83903e4ee8f09207748b58848b796d30b097255201122023.png [33m404[0m 2.086 ms - 222[0m
2023-12-11 13:39:08 info: [0mPOST /login [32m200[0m 1665.597 ms - 630[0m
2023-12-11 13:39:10 info: [0mGET /albums/categories [32m201[0m 891.626 ms - 114[0m
2023-12-11 13:39:11 info: [0mGET /users/plans/62cc6c536ffc0d571c6ac50c04fcccf2baabf068 [32m200[0m 2049.355 ms - 151[0m
2023-12-11 13:39:11 info: [0mGET /albums [32m201[0m 2039.237 ms - -[0m
2023-12-11 13:39:11 info: [0mGET /albums/popular [32m201[0m 2060.588 ms - -[0m
2023-12-11 13:43:12 error: [GET] /users/62cc6c536ffc0d571c6ac50c04fcccf2baabf068 >> StatusCode:: 401, Message:: Wrong authentication token
2023-12-11 13:43:12 info: [0mGET /users/62cc6c536ffc0d571c6ac50c04fcccf2baabf068 [33m401[0m 3.630 ms - 40[0m
2023-12-11 13:43:13 info: [0mPOST /refresh [32m200[0m 12.089 ms - 277[0m
2023-12-11 13:43:15 info: [0mGET /users/62cc6c536ffc0d571c6ac50c04fcccf2baabf068 [32m200[0m 1625.930 ms - 350[0m
2023-12-11 13:44:30 error: [GET] /users/62cc6c536ffc0d571c6ac50c04fcccf2baabf068 >> StatusCode:: 401, Message:: Wrong authentication token
2023-12-11 13:44:30 info: [0mGET /users/62cc6c536ffc0d571c6ac50c04fcccf2baabf068 [33m401[0m 3.246 ms - 40[0m
2023-12-11 13:44:30 info: [0mPOST /refresh [32m200[0m 1.390 ms - 277[0m
2023-12-11 13:44:32 info: [0mGET /users/62cc6c536ffc0d571c6ac50c04fcccf2baabf068 [32m200[0m 1454.319 ms - 350[0m
2023-12-11 13:45:41 error: [GET] /users/62cc6c536ffc0d571c6ac50c04fcccf2baabf068 >> StatusCode:: 401, Message:: Wrong authentication token
2023-12-11 13:45:41 info: [0mGET /users/62cc6c536ffc0d571c6ac50c04fcccf2baabf068 [33m401[0m 3.251 ms - 40[0m
2023-12-11 13:45:42 info: [0mPOST /refresh [32m200[0m 1.195 ms - 277[0m
2023-12-11 13:45:44 info: [0mGET /users/62cc6c536ffc0d571c6ac50c04fcccf2baabf068 [32m200[0m 1540.039 ms - 350[0m
2023-12-11 13:55:27 error: [GET] /users/62cc6c536ffc0d571c6ac50c04fcccf2baabf068 >> StatusCode:: 401, Message:: Wrong authentication token
2023-12-11 13:55:27 info: [0mGET /users/62cc6c536ffc0d571c6ac50c04fcccf2baabf068 [33m401[0m 2.860 ms - 40[0m
2023-12-11 13:55:28 info: [0mPOST /refresh [32m200[0m 6.890 ms - 277[0m
2023-12-11 13:55:30 info: [0mGET /users/62cc6c536ffc0d571c6ac50c04fcccf2baabf068 [32m200[0m 1535.924 ms - 350[0m
2023-12-11 13:55:31 info: [0mGET /albums/categories [32m201[0m 746.959 ms - 114[0m
2023-12-11 13:55:32 info: [0mGET /users/plans/62cc6c536ffc0d571c6ac50c04fcccf2baabf068 [32m200[0m 1625.452 ms - 151[0m
2023-12-11 13:55:33 info: [0mGET /albums/popular [32m201[0m 1894.980 ms - -[0m
2023-12-11 13:55:33 info: [0mGET /albums [32m201[0m 1990.438 ms - -[0m
2023-12-11 13:55:35 info: [0mGET /public/files/albums/postPictureb25e375f3a97b3467961505186a4241e2a6bbefb22122023.jpeg [33m404[0m 1.021 ms - 223[0m
2023-12-11 13:55:35 info: [0mGET /public/files/albums/postPictureac4e6f51f29d58f04d4b8c223edaec3174c9ab6716122023.png [33m404[0m 1.896 ms - 222[0m
2023-12-11 13:55:35 info: [0mGET /public/files/albums/postPicture656a08b0890e3b556c9baf2a64cee181b632223f46122023.png [33m404[0m 2.046 ms - 222[0m
2023-12-11 13:55:35 info: [0mGET /public/files/albums/postPicture90dd6f0ab25e375f3a97b3467961505186a4241e55122023.png [33m404[0m 2.825 ms - 222[0m
2023-12-11 13:55:35 info: [0mGET /public/files/albums/postPicture6f0ab25e375f3a97b3467961505186a4241e2a6b46122023.octet-stream [33m404[0m 3.197 ms - 231[0m
2023-12-11 13:55:35 info: [0mGET /public/files/albums/postPicture375f3a97b3467961505186a4241e2a6bbefb451952122023.jpeg [33m404[0m 0.639 ms - 223[0m
2023-12-11 13:55:35 info: [0mGET /public/files/albums/postPicturee360b2c019f60ad69535be615770bb1aab06112750122023.png [33m404[0m 2.041 ms - 222[0m
2023-12-11 13:55:35 info: [0mGET /public/files/albums/postPictureefbe481a61acdf3cafa2071b05e82f15a9cf2ebd02122023.png [33m404[0m 1.926 ms - 222[0m
2023-12-11 13:55:35 info: [0mGET /public/files/albums/postPicture96bf7dff70c791a395340c0292a9f6fd29340b0625122023.png [33m404[0m 2.203 ms - 222[0m
2023-12-11 13:55:35 info: [0mGET /public/files/albums/postPicture505cfe5bd9b6bef9ae840078e4734144b5d9dd6e43122023.png [33m404[0m 0.594 ms - 222[0m
2023-12-11 13:55:35 info: [0mGET /public/files/albums/postPicture9b11505cfe5bd9b6bef9ae840078e4734144b5d914122023.png [33m404[0m 1.429 ms - 222[0m
2023-12-11 13:55:35 info: [0mGET /public/files/albums/postPicturef50e15909b11505cfe5bd9b6bef9ae840078e47327122023.png [33m404[0m 1.682 ms - 222[0m
2023-12-11 13:55:35 info: [0mGET /public/files/albums/postPicturef6f50e15909b11505cfe5bd9b6bef9ae840078e432122023.png [33m404[0m 2.025 ms - 222[0m
2023-12-11 13:55:36 info: [0mGET /public/files/albums/postPicture7b7c61ab9d61f5d12c3b0122cc6fec73eb64fc6247122023.png [33m404[0m 0.643 ms - 222[0m
2023-12-11 13:55:36 info: [0mGET /public/files/albums/postPicture5d2f8cd3f6f50e15909b11505cfe5bd9b6bef9ae42122023.png [33m404[0m 1.237 ms - 222[0m
2023-12-11 13:55:36 info: [0mGET /public/files/albums/postPicture3d30f9e2249b636e6a6d423149a491b02cfb8e3927122023.png [33m404[0m 1.949 ms - 222[0m
2023-12-11 13:55:36 info: [0mGET /public/files/albums/postPictureea2cd61a368c8e214914d067fa55bccc2895295714122023.png [33m404[0m 1.071 ms - 222[0m
2023-12-11 13:55:36 info: [0mGET /public/files/albums/postPicture87395b6b96208af9e910167fbea922bf9dc2427537122023.png [33m404[0m 1.546 ms - 222[0m
2023-12-11 13:55:36 info: [0mGET /public/files/albums/postPicture43c377472363dbdd37af8a523e7b124a80f6a91b41122023.png [33m404[0m 0.717 ms - 222[0m
2023-12-11 13:55:36 info: [0mGET /public/files/albums/postPictured274b9a2a09e590a5f6d2661d9b879f0280663bc02122023.jpeg [33m404[0m 0.567 ms - 223[0m
2023-12-11 13:55:36 info: [0mGET /public/files/albums/postPicture0fd2c1bb9e191df6d10863a06755757a97f6c1bf31122023.octet-stream [33m404[0m 1.185 ms - 231[0m
2023-12-11 13:55:36 info: [0mGET /public/files/albums/postPicture5f539a43c377472363dbdd37af8a523e7b124a8022122023.png [33m404[0m 1.795 ms - 222[0m
2023-12-11 13:55:36 info: [0mGET /public/files/albums/postPicturee9d11ef13cf36c49bb0e8f4436d4a5003ca20cae33122023.png [33m404[0m 1.076 ms - 222[0m
2023-12-11 13:55:36 info: [0mGET /public/files/albums/postPictureffe7acebe0fd2c1bb9e191df6d10863a0675575746122023.octet-stream [33m404[0m 1.412 ms - 231[0m
2023-12-11 13:55:37 info: [0mGET /public/files/albums/postPictureebe0fd2c1bb9e191df6d10863a06755757a97f6c11122023.octet-stream [33m404[0m 1.038 ms - 231[0m
2023-12-11 13:55:37 info: [0mGET /public/files/albums/postPicture2c1bb9e191df6d10863a06755757a97f6c1bf0ba11122023.octet-stream [33m404[0m 0.662 ms - 231[0m
2023-12-11 13:55:37 info: [0mGET /public/files/albums/postPicture5a05ad584f8f22313961672bb1e9e845c6aa291024122023.octet-stream [33m404[0m 0.595 ms - 231[0m
2023-12-11 13:55:37 info: [0mGET /public/files/albums/postPicture1485a05ad584f8f22313961672bb1e9e845c6aa205122023.octet-stream [33m404[0m 2.226 ms - 231[0m
2023-12-11 13:55:37 info: [0mGET /public/files/albums/postPicturef5c92c6de44a35f4990bbbe2ecafce86cd5320d926122023.octet-stream [33m404[0m 0.616 ms - 231[0m
2023-12-11 13:55:37 info: [0mGET /public/files/albums/postPicturebc134f12720fc7feb9b82da20c66021635b3d5ec16122023.octet-stream [33m404[0m 0.588 ms - 231[0m
2023-12-11 13:55:37 info: [0mGET /public/files/albums/postPictureab1ea683903e4ee8f09207748b58848b796d30b002122023.octet-stream [33m404[0m 1.393 ms - 231[0m
2023-12-11 13:55:37 info: [0mGET /public/files/albums/postPictureea683903e4ee8f09207748b58848b796d30b097221122023.octet-stream [33m404[0m 0.640 ms - 231[0m
2023-12-11 13:55:37 info: [0mGET /public/files/albums/postPicture83903e4ee8f09207748b58848b796d30b097255201122023.png [33m404[0m 0.514 ms - 222[0m
2023-12-11 13:55:40 info: [0mGET /public/files/albums/postPictureac4e6f51f29d58f04d4b8c223edaec3174c9ab6716122023.png [33m404[0m 0.600 ms - 222[0m
2023-12-11 13:55:40 info: [0mGET /public/files/albums/postPictured274b9a2a09e590a5f6d2661d9b879f0280663bc02122023.jpeg [33m404[0m 1.139 ms - 223[0m
2023-12-11 13:55:40 info: [0mGET /public/files/albums/postPicture375f3a97b3467961505186a4241e2a6bbefb451952122023.jpeg [33m404[0m 1.446 ms - 223[0m
2023-12-11 13:55:40 info: [0mGET /public/files/albums/postPictureb25e375f3a97b3467961505186a4241e2a6bbefb22122023.jpeg [33m404[0m 1.901 ms - 223[0m
2023-12-11 13:55:40 info: [0mGET /public/files/albums/postPicture6f0ab25e375f3a97b3467961505186a4241e2a6b46122023.octet-stream [33m404[0m 0.664 ms - 231[0m
2023-12-11 13:55:40 info: [0mGET /public/files/albums/postPicture96bf7dff70c791a395340c0292a9f6fd29340b0625122023.png [33m404[0m 1.486 ms - 222[0m
2023-12-11 13:55:40 info: [0mGET /public/files/albums/postPictureefbe481a61acdf3cafa2071b05e82f15a9cf2ebd02122023.png [33m404[0m 1.777 ms - 222[0m
2023-12-11 13:55:40 info: [0mGET /public/files/albums/postPicturee360b2c019f60ad69535be615770bb1aab06112750122023.png [33m404[0m 2.065 ms - 222[0m
2023-12-11 13:55:40 info: [0mGET /public/files/albums/postPicture90dd6f0ab25e375f3a97b3467961505186a4241e55122023.png [33m404[0m 2.360 ms - 222[0m
2023-12-11 13:55:40 info: [0mGET /public/files/albums/postPicture505cfe5bd9b6bef9ae840078e4734144b5d9dd6e43122023.png [33m404[0m 0.657 ms - 222[0m
2023-12-11 13:55:40 info: [0mGET /public/files/albums/postPicture656a08b0890e3b556c9baf2a64cee181b632223f46122023.png [33m404[0m 1.798 ms - 222[0m
2023-12-11 13:55:41 info: [0mGET /public/files/albums/postPicture9b11505cfe5bd9b6bef9ae840078e4734144b5d914122023.png [33m404[0m 0.655 ms - 222[0m
2023-12-11 13:55:41 info: [0mGET /public/files/albums/postPicture5d2f8cd3f6f50e15909b11505cfe5bd9b6bef9ae42122023.png [33m404[0m 0.557 ms - 222[0m
2023-12-11 13:55:41 info: [0mGET /public/files/albums/postPicture3d30f9e2249b636e6a6d423149a491b02cfb8e3927122023.png [33m404[0m 0.701 ms - 222[0m
2023-12-11 13:55:41 info: [0mGET /public/files/albums/postPicture87395b6b96208af9e910167fbea922bf9dc2427537122023.png [33m404[0m 1.044 ms - 222[0m
2023-12-11 13:55:41 info: [0mGET /public/files/albums/postPicturef50e15909b11505cfe5bd9b6bef9ae840078e47327122023.png [33m404[0m 1.877 ms - 222[0m
2023-12-11 13:55:41 info: [0mGET /public/files/albums/postPicturef6f50e15909b11505cfe5bd9b6bef9ae840078e432122023.png [33m404[0m 1.287 ms - 222[0m
2023-12-11 13:55:41 info: [0mGET /public/files/albums/postPicture7b7c61ab9d61f5d12c3b0122cc6fec73eb64fc6247122023.png [33m404[0m 0.563 ms - 222[0m
2023-12-11 13:55:41 info: [0mGET /public/files/albums/postPictureea2cd61a368c8e214914d067fa55bccc2895295714122023.png [33m404[0m 0.536 ms - 222[0m
2023-12-11 13:55:41 info: [0mGET /public/files/albums/postPicture43c377472363dbdd37af8a523e7b124a80f6a91b41122023.png [33m404[0m 0.613 ms - 222[0m
2023-12-11 13:55:41 info: [0mGET /public/files/albums/postPicture5f539a43c377472363dbdd37af8a523e7b124a8022122023.png [33m404[0m 0.729 ms - 222[0m
2023-12-11 13:55:41 info: [0mGET /public/files/albums/postPicturee9d11ef13cf36c49bb0e8f4436d4a5003ca20cae33122023.png [33m404[0m 0.605 ms - 222[0m
2023-12-11 13:55:41 info: [0mGET /public/files/albums/postPictureffe7acebe0fd2c1bb9e191df6d10863a0675575746122023.octet-stream [33m404[0m 0.644 ms - 231[0m
2023-12-11 13:55:41 info: [0mGET /public/files/albums/postPicture2c1bb9e191df6d10863a06755757a97f6c1bf0ba11122023.octet-stream [33m404[0m 2.238 ms - 231[0m
2023-12-11 13:55:41 info: [0mGET /public/files/albums/postPictureebe0fd2c1bb9e191df6d10863a06755757a97f6c11122023.octet-stream [33m404[0m 1.707 ms - 231[0m
2023-12-11 13:55:41 info: [0mGET /public/files/albums/postPicture0fd2c1bb9e191df6d10863a06755757a97f6c1bf31122023.octet-stream [33m404[0m 1.926 ms - 231[0m
2023-12-11 13:55:41 info: [0mGET /public/files/albums/postPicture5a05ad584f8f22313961672bb1e9e845c6aa291024122023.octet-stream [33m404[0m 0.545 ms - 231[0m
2023-12-11 13:55:41 info: [0mGET /public/files/albums/postPicture1485a05ad584f8f22313961672bb1e9e845c6aa205122023.octet-stream [33m404[0m 0.583 ms - 231[0m
2023-12-11 13:55:42 info: [0mGET /public/files/albums/postPicturebc134f12720fc7feb9b82da20c66021635b3d5ec16122023.octet-stream [33m404[0m 0.561 ms - 231[0m
2023-12-11 13:55:42 info: [0mGET /public/files/albums/postPictureea683903e4ee8f09207748b58848b796d30b097221122023.octet-stream [33m404[0m 1.267 ms - 231[0m
2023-12-11 13:55:42 info: [0mGET /public/files/albums/postPictureab1ea683903e4ee8f09207748b58848b796d30b002122023.octet-stream [33m404[0m 1.468 ms - 231[0m
2023-12-11 13:55:42 info: [0mGET /public/files/albums/postPicturef5c92c6de44a35f4990bbbe2ecafce86cd5320d926122023.octet-stream [33m404[0m 1.793 ms - 231[0m
2023-12-11 13:55:42 info: [0mGET /public/files/albums/postPicture83903e4ee8f09207748b58848b796d30b097255201122023.png [33m404[0m 0.618 ms - 222[0m
2023-12-11 14:43:28 info: [0mPOST /login [32m200[0m 1748.020 ms - 735[0m
2023-12-11 14:43:30 info: [0mGET /albums/popular [32m201[0m 1658.092 ms - -[0m
2023-12-11 14:43:30 info: [0mGET /albums/categories [32m201[0m 1853.480 ms - 114[0m
2023-12-11 14:43:31 info: [0mGET /users/plans/e1d640e916c8628de70bf8ec0bd97461577cc85a [32m200[0m 2628.219 ms - 223[0m
2023-12-11 14:43:31 info: [0mGET /albums [32m201[0m 2821.867 ms - -[0m
2023-12-11 14:43:40 info: [0mGET /notifications/e1d640e916c8628de70bf8ec0bd97461577cc85a [32m201[0m 899.779 ms - -[0m
2023-12-11 14:43:44 info: [0mGET /public/files/albums/postPicture656a08b0890e3b556c9baf2a64cee181b632223f46122023.png [33m404[0m 1.062 ms - 222[0m
2023-12-11 14:43:44 info: [0mGET /public/files/albums/postPictureefbe481a61acdf3cafa2071b05e82f15a9cf2ebd02122023.png [33m404[0m 1.208 ms - 222[0m
2023-12-11 14:43:44 info: [0mGET /public/files/albums/postPicture96bf7dff70c791a395340c0292a9f6fd29340b0625122023.png [33m404[0m 1.494 ms - 222[0m
2023-12-11 14:43:45 info: [0mGET /public/files/albums/postPicture505cfe5bd9b6bef9ae840078e4734144b5d9dd6e43122023.png [33m404[0m 1.963 ms - 222[0m
2023-12-11 14:43:45 info: [0mGET /public/files/albums/postPicture9b11505cfe5bd9b6bef9ae840078e4734144b5d914122023.png [33m404[0m 0.856 ms - 222[0m
2023-12-11 14:43:45 info: [0mGET /public/files/albums/postPicturef50e15909b11505cfe5bd9b6bef9ae840078e47327122023.png [33m404[0m 0.968 ms - 222[0m
2023-12-11 14:43:45 info: [0mGET /public/files/albums/postPicture5d2f8cd3f6f50e15909b11505cfe5bd9b6bef9ae42122023.png [33m404[0m 1.492 ms - 222[0m
2023-12-11 14:43:45 info: [0mGET /public/files/albums/postPicturef6f50e15909b11505cfe5bd9b6bef9ae840078e432122023.png [33m404[0m 1.908 ms - 222[0m
2023-12-11 14:43:45 info: [0mGET /public/files/albums/postPicture3d30f9e2249b636e6a6d423149a491b02cfb8e3927122023.png [33m404[0m 0.847 ms - 222[0m
2023-12-11 14:43:45 info: [0mGET /public/files/albums/postPicture7b7c61ab9d61f5d12c3b0122cc6fec73eb64fc6247122023.png [33m404[0m 0.853 ms - 222[0m
2023-12-11 14:43:45 info: [0mGET /public/files/albums/postPicture87395b6b96208af9e910167fbea922bf9dc2427537122023.png [33m404[0m 0.824 ms - 222[0m
2023-12-11 14:43:45 info: [0mGET /public/files/albums/postPicturee360b2c019f60ad69535be615770bb1aab06112750122023.png [33m404[0m 0.792 ms - 222[0m
2023-12-11 14:43:46 info: [0mGET /public/files/albums/postPicture43c377472363dbdd37af8a523e7b124a80f6a91b41122023.png [33m404[0m 1.739 ms - 222[0m
2023-12-11 14:43:46 info: [0mGET /public/files/albums/postPictureea2cd61a368c8e214914d067fa55bccc2895295714122023.png [33m404[0m 2.221 ms - 222[0m
2023-12-11 14:43:46 info: [0mGET /public/files/albums/postPicture5f539a43c377472363dbdd37af8a523e7b124a8022122023.png [33m404[0m 0.947 ms - 222[0m
2023-12-11 14:43:46 info: [0mGET /public/files/albums/postPicturee9d11ef13cf36c49bb0e8f4436d4a5003ca20cae33122023.png [33m404[0m 1.244 ms - 222[0m
2023-12-11 14:43:46 info: [0mGET /public/files/albums/postPictureffe7acebe0fd2c1bb9e191df6d10863a0675575746122023.octet-stream [33m404[0m 1.132 ms - 231[0m
2023-12-11 14:43:46 info: [0mGET /public/files/albums/postPictureebe0fd2c1bb9e191df6d10863a06755757a97f6c11122023.octet-stream [33m404[0m 1.178 ms - 231[0m
2023-12-11 14:43:46 info: [0mGET /public/files/albums/postPicture0fd2c1bb9e191df6d10863a06755757a97f6c1bf31122023.octet-stream [33m404[0m 1.591 ms - 231[0m
2023-12-11 14:43:46 info: [0mGET /public/files/albums/postPicture2c1bb9e191df6d10863a06755757a97f6c1bf0ba11122023.octet-stream [33m404[0m 1.263 ms - 231[0m
2023-12-11 14:43:46 info: [0mGET /public/files/albums/postPicture1485a05ad584f8f22313961672bb1e9e845c6aa205122023.octet-stream [33m404[0m 1.690 ms - 231[0m
2023-12-11 14:43:46 info: [0mGET /public/files/albums/postPicturebc134f12720fc7feb9b82da20c66021635b3d5ec16122023.octet-stream [33m404[0m 1.382 ms - 231[0m
2023-12-11 14:43:46 info: [0mGET /public/files/albums/postPicture5a05ad584f8f22313961672bb1e9e845c6aa291024122023.octet-stream [33m404[0m 1.839 ms - 231[0m
2023-12-11 14:43:46 info: [0mGET /public/files/albums/postPicturef5c92c6de44a35f4990bbbe2ecafce86cd5320d926122023.octet-stream [33m404[0m 2.335 ms - 231[0m
2023-12-11 14:43:46 info: [0mGET /public/files/albums/postPictureea683903e4ee8f09207748b58848b796d30b097221122023.octet-stream [33m404[0m 1.143 ms - 231[0m
2023-12-11 14:43:46 info: [0mGET /public/files/albums/postPictureab1ea683903e4ee8f09207748b58848b796d30b002122023.octet-stream [33m404[0m 4.627 ms - 231[0m
2023-12-11 14:43:46 info: [0mGET /public/files/albums/postPicture83903e4ee8f09207748b58848b796d30b097255201122023.png [33m404[0m 1.329 ms - 222[0m
2023-12-11 14:46:16 error: [GET] /users/e1d640e916c8628de70bf8ec0bd97461577cc85a >> StatusCode:: 401, Message:: Wrong authentication token
2023-12-11 14:46:16 info: [0mGET /users/e1d640e916c8628de70bf8ec0bd97461577cc85a [33m401[0m 5.470 ms - 40[0m
2023-12-11 14:46:16 info: [0mPOST /refresh [32m200[0m 2.139 ms - 277[0m
2023-12-11 14:46:18 info: [0mGET /users/e1d640e916c8628de70bf8ec0bd97461577cc85a [32m200[0m 1545.622 ms - 454[0m
2023-12-11 14:46:21 info: [0mGET /albums/categories [32m201[0m 729.263 ms - 114[0m
2023-12-11 14:46:22 info: [0mGET /users/plans/e1d640e916c8628de70bf8ec0bd97461577cc85a [32m200[0m 1551.552 ms - 223[0m
2023-12-11 14:46:22 info: [0mGET /albums [32m201[0m 1958.363 ms - -[0m
2023-12-11 14:46:23 info: [0mGET /albums/popular [32m201[0m 2305.148 ms - -[0m
2023-12-11 14:46:25 info: [0mGET /public/files/albums/postPictureac4e6f51f29d58f04d4b8c223edaec3174c9ab6716122023.png [33m404[0m 1.222 ms - 222[0m
2023-12-11 14:46:25 info: [0mGET /public/files/albums/postPictured274b9a2a09e590a5f6d2661d9b879f0280663bc02122023.jpeg [33m404[0m 0.831 ms - 223[0m
2023-12-11 14:46:25 info: [0mGET /public/files/albums/postPicture375f3a97b3467961505186a4241e2a6bbefb451952122023.jpeg [33m404[0m 0.871 ms - 223[0m
2023-12-11 14:46:25 info: [0mGET /public/files/albums/postPicture6f0ab25e375f3a97b3467961505186a4241e2a6b46122023.octet-stream [33m404[0m 1.296 ms - 231[0m
2023-12-11 14:46:25 info: [0mGET /public/files/albums/postPictureb25e375f3a97b3467961505186a4241e2a6bbefb22122023.jpeg [33m404[0m 1.906 ms - 223[0m
2023-12-11 14:46:26 info: [0mGET /public/files/albums/postPicture96bf7dff70c791a395340c0292a9f6fd29340b0625122023.png [33m404[0m 2.749 ms - 222[0m
2023-12-11 14:46:26 info: [0mGET /public/files/albums/postPicture90dd6f0ab25e375f3a97b3467961505186a4241e55122023.png [33m404[0m 3.758 ms - 222[0m
2023-12-11 14:46:26 info: [0mGET /public/files/albums/postPicturee360b2c019f60ad69535be615770bb1aab06112750122023.png [33m404[0m 4.608 ms - 222[0m
2023-12-11 14:46:26 info: [0mGET /public/files/albums/postPicture656a08b0890e3b556c9baf2a64cee181b632223f46122023.png [33m404[0m 5.410 ms - 222[0m
2023-12-11 14:46:26 info: [0mGET /public/files/albums/postPictureefbe481a61acdf3cafa2071b05e82f15a9cf2ebd02122023.png [33m404[0m 0.962 ms - 222[0m
2023-12-11 14:46:26 info: [0mGET /public/files/albums/postPicture505cfe5bd9b6bef9ae840078e4734144b5d9dd6e43122023.png [33m404[0m 0.929 ms - 222[0m
2023-12-11 14:46:26 info: [0mGET /public/files/albums/postPicturef6f50e15909b11505cfe5bd9b6bef9ae840078e432122023.png [33m404[0m 1.011 ms - 222[0m
2023-12-11 14:46:26 info: [0mGET /public/files/albums/postPicturef50e15909b11505cfe5bd9b6bef9ae840078e47327122023.png [33m404[0m 1.188 ms - 222[0m
2023-12-11 14:46:26 info: [0mGET /public/files/albums/postPicture9b11505cfe5bd9b6bef9ae840078e4734144b5d914122023.png [33m404[0m 0.984 ms - 222[0m
2023-12-11 14:46:26 info: [0mGET /public/files/albums/postPicture5d2f8cd3f6f50e15909b11505cfe5bd9b6bef9ae42122023.png [33m404[0m 1.983 ms - 222[0m
2023-12-11 14:46:26 info: [0mGET /public/files/albums/postPicture3d30f9e2249b636e6a6d423149a491b02cfb8e3927122023.png [33m404[0m 0.664 ms - 222[0m
2023-12-11 14:46:27 info: [0mGET /public/files/albums/postPicture7b7c61ab9d61f5d12c3b0122cc6fec73eb64fc6247122023.png [33m404[0m 1.655 ms - 222[0m
2023-12-11 14:46:27 info: [0mGET /public/files/albums/postPicture87395b6b96208af9e910167fbea922bf9dc2427537122023.png [33m404[0m 2.157 ms - 222[0m
2023-12-11 14:46:27 info: [0mGET /public/files/albums/postPictureea2cd61a368c8e214914d067fa55bccc2895295714122023.png [33m404[0m 2.688 ms - 222[0m
2023-12-11 14:46:27 info: [0mGET /public/files/albums/postPicture43c377472363dbdd37af8a523e7b124a80f6a91b41122023.png [33m404[0m 0.851 ms - 222[0m
2023-12-11 14:46:27 info: [0mGET /public/files/albums/postPicture5f539a43c377472363dbdd37af8a523e7b124a8022122023.png [33m404[0m 0.897 ms - 222[0m
2023-12-11 14:46:27 info: [0mGET /public/files/albums/postPicturee9d11ef13cf36c49bb0e8f4436d4a5003ca20cae33122023.png [33m404[0m 1.679 ms - 222[0m
2023-12-11 14:46:27 info: [0mGET /public/files/albums/postPictureffe7acebe0fd2c1bb9e191df6d10863a0675575746122023.octet-stream [33m404[0m 2.165 ms - 231[0m
2023-12-11 14:46:27 info: [0mGET /public/files/albums/postPicture0fd2c1bb9e191df6d10863a06755757a97f6c1bf31122023.octet-stream [33m404[0m 0.862 ms - 231[0m
2023-12-11 14:46:27 info: [0mGET /public/files/albums/postPictureebe0fd2c1bb9e191df6d10863a06755757a97f6c11122023.octet-stream [33m404[0m 0.980 ms - 231[0m
2023-12-11 14:46:27 info: [0mGET /public/files/albums/postPicture2c1bb9e191df6d10863a06755757a97f6c1bf0ba11122023.octet-stream [33m404[0m 2.085 ms - 231[0m
2023-12-11 14:46:27 info: [0mGET /public/files/albums/postPicture5a05ad584f8f22313961672bb1e9e845c6aa291024122023.octet-stream [33m404[0m 0.916 ms - 231[0m
2023-12-11 14:46:27 info: [0mGET /public/files/albums/postPicturebc134f12720fc7feb9b82da20c66021635b3d5ec16122023.octet-stream [33m404[0m 0.991 ms - 231[0m
2023-12-11 14:46:27 info: [0mGET /public/files/albums/postPicture1485a05ad584f8f22313961672bb1e9e845c6aa205122023.octet-stream [33m404[0m 2.077 ms - 231[0m
2023-12-11 14:46:27 info: [0mGET /public/files/albums/postPicturef5c92c6de44a35f4990bbbe2ecafce86cd5320d926122023.octet-stream [33m404[0m 2.736 ms - 231[0m
2023-12-11 14:46:27 info: [0mGET /public/files/albums/postPictureab1ea683903e4ee8f09207748b58848b796d30b002122023.octet-stream [33m404[0m 3.396 ms - 231[0m
2023-12-11 14:46:27 info: [0mGET /public/files/albums/postPictureea683903e4ee8f09207748b58848b796d30b097221122023.octet-stream [33m404[0m 0.970 ms - 231[0m
2023-12-11 14:46:28 info: [0mGET /public/files/albums/postPicture83903e4ee8f09207748b58848b796d30b097255201122023.png [33m404[0m 0.874 ms - 222[0m
2023-12-11 14:47:01 info: [0mGET /public/files/albums/postPicture96bf7dff70c791a395340c0292a9f6fd29340b0625122023.png [33m404[0m 0.836 ms - 222[0m
2023-12-11 14:47:01 info: [0mGET /public/files/albums/postPicture90dd6f0ab25e375f3a97b3467961505186a4241e55122023.png [33m404[0m 1.214 ms - 222[0m
2023-12-11 14:47:01 info: [0mGET /public/files/albums/postPicture656a08b0890e3b556c9baf2a64cee181b632223f46122023.png [33m404[0m 1.961 ms - 222[0m
2023-12-11 14:47:01 info: [0mGET /public/files/albums/postPictureefbe481a61acdf3cafa2071b05e82f15a9cf2ebd02122023.png [33m404[0m 1.131 ms - 222[0m
2023-12-11 14:47:01 info: [0mGET /public/files/albums/postPicturee360b2c019f60ad69535be615770bb1aab06112750122023.png [33m404[0m 1.013 ms - 222[0m
2023-12-11 14:47:02 info: [0mGET /public/files/albums/postPicture505cfe5bd9b6bef9ae840078e4734144b5d9dd6e43122023.png [33m404[0m 0.629 ms - 222[0m
2023-12-11 14:47:02 info: [0mGET /public/files/albums/postPicturef6f50e15909b11505cfe5bd9b6bef9ae840078e432122023.png [33m404[0m 4.132 ms - 222[0m
2023-12-11 14:47:02 info: [0mGET /public/files/albums/postPicture9b11505cfe5bd9b6bef9ae840078e4734144b5d914122023.png [33m404[0m 4.821 ms - 222[0m
2023-12-11 14:47:02 info: [0mGET /public/files/albums/postPicturef50e15909b11505cfe5bd9b6bef9ae840078e47327122023.png [33m404[0m 6.053 ms - 222[0m
2023-12-11 14:47:03 info: [0mGET /public/files/albums/postPicture5d2f8cd3f6f50e15909b11505cfe5bd9b6bef9ae42122023.png [33m404[0m 0.968 ms - 222[0m
2023-12-11 14:47:03 info: [0mGET /public/files/albums/postPicture3d30f9e2249b636e6a6d423149a491b02cfb8e3927122023.png [33m404[0m 0.968 ms - 222[0m
2023-12-11 14:47:03 info: [0mGET /public/files/albums/postPicture7b7c61ab9d61f5d12c3b0122cc6fec73eb64fc6247122023.png [33m404[0m 1.347 ms - 222[0m
2023-12-11 14:47:03 info: [0mGET /public/files/albums/postPicture87395b6b96208af9e910167fbea922bf9dc2427537122023.png [33m404[0m 0.874 ms - 222[0m
2023-12-11 14:47:03 info: [0mGET /public/files/albums/postPictureb25e375f3a97b3467961505186a4241e2a6bbefb22122023.jpeg [33m404[0m 1.157 ms - 223[0m
2023-12-11 14:47:03 info: [0mGET /public/files/albums/postPictureac4e6f51f29d58f04d4b8c223edaec3174c9ab6716122023.png [33m404[0m 4.425 ms - 222[0m
2023-12-11 14:47:03 info: [0mGET /public/files/albums/postPictureea2cd61a368c8e214914d067fa55bccc2895295714122023.png [33m404[0m 4.543 ms - 222[0m
2023-12-11 14:47:03 info: [0mGET /public/files/albums/postPicture375f3a97b3467961505186a4241e2a6bbefb451952122023.jpeg [33m404[0m 4.809 ms - 223[0m
2023-12-11 14:47:03 info: [0mGET /public/files/albums/postPictured274b9a2a09e590a5f6d2661d9b879f0280663bc02122023.jpeg [33m404[0m 5.203 ms - 223[0m
2023-12-11 14:47:03 info: [0mGET /public/files/albums/postPicture6f0ab25e375f3a97b3467961505186a4241e2a6b46122023.octet-stream [33m404[0m 6.014 ms - 231[0m
2023-12-11 14:47:03 info: [0mGET /public/files/albums/postPicture43c377472363dbdd37af8a523e7b124a80f6a91b41122023.png [33m404[0m 0.993 ms - 222[0m
2023-12-11 14:47:04 info: [0mGET /public/files/albums/postPictureffe7acebe0fd2c1bb9e191df6d10863a0675575746122023.octet-stream [33m404[0m 1.799 ms - 231[0m
2023-12-11 14:47:04 info: [0mGET /public/files/albums/postPicturee9d11ef13cf36c49bb0e8f4436d4a5003ca20cae33122023.png [33m404[0m 2.954 ms - 222[0m
2023-12-11 14:47:04 info: [0mGET /public/files/albums/postPicture5f539a43c377472363dbdd37af8a523e7b124a8022122023.png [33m404[0m 2.461 ms - 222[0m
2023-12-11 14:47:04 info: [0mGET /public/files/albums/postPicture0fd2c1bb9e191df6d10863a06755757a97f6c1bf31122023.octet-stream [33m404[0m 2.066 ms - 231[0m
2023-12-11 14:47:04 info: [0mGET /public/files/albums/postPictureebe0fd2c1bb9e191df6d10863a06755757a97f6c11122023.octet-stream [33m404[0m 1.387 ms - 231[0m
2023-12-11 14:47:04 info: [0mGET /public/files/albums/postPicture2c1bb9e191df6d10863a06755757a97f6c1bf0ba11122023.octet-stream [33m404[0m 1.820 ms - 231[0m
2023-12-11 14:47:04 info: [0mGET /public/files/albums/postPicture1485a05ad584f8f22313961672bb1e9e845c6aa205122023.octet-stream [33m404[0m 3.040 ms - 231[0m
2023-12-11 14:47:04 info: [0mGET /public/files/albums/postPicture5a05ad584f8f22313961672bb1e9e845c6aa291024122023.octet-stream [33m404[0m 3.192 ms - 231[0m
2023-12-11 14:47:04 info: [0mGET /public/files/albums/postPicturef5c92c6de44a35f4990bbbe2ecafce86cd5320d926122023.octet-stream [33m404[0m 2.410 ms - 231[0m
2023-12-11 14:47:04 info: [0mGET /public/files/albums/postPicturebc134f12720fc7feb9b82da20c66021635b3d5ec16122023.octet-stream [33m404[0m 3.070 ms - 231[0m
2023-12-11 14:47:05 info: [0mGET /public/files/albums/postPictureab1ea683903e4ee8f09207748b58848b796d30b002122023.octet-stream [33m404[0m 0.921 ms - 231[0m
2023-12-11 14:47:05 info: [0mGET /public/files/albums/postPicture83903e4ee8f09207748b58848b796d30b097255201122023.png [33m404[0m 0.972 ms - 222[0m
2023-12-11 14:47:05 info: [0mGET /public/files/albums/postPictureea683903e4ee8f09207748b58848b796d30b097221122023.octet-stream [33m404[0m 0.812 ms - 231[0m
2023-12-11 14:47:06 info: [0mGET /public/files/albums/postPictured274b9a2a09e590a5f6d2661d9b879f0280663bc02122023.jpeg [33m404[0m 0.692 ms - 223[0m
2023-12-11 14:47:07 info: [0mGET /public/files/albums/postPictureb25e375f3a97b3467961505186a4241e2a6bbefb22122023.jpeg [33m404[0m 5.092 ms - 223[0m
2023-12-11 14:47:07 info: [0mGET /public/files/albums/postPicture656a08b0890e3b556c9baf2a64cee181b632223f46122023.png [33m404[0m 5.437 ms - 222[0m
2023-12-11 14:47:07 info: [0mGET /public/files/albums/postPicture375f3a97b3467961505186a4241e2a6bbefb451952122023.jpeg [33m404[0m 5.739 ms - 223[0m
2023-12-11 14:47:07 info: [0mGET /public/files/albums/postPicture96bf7dff70c791a395340c0292a9f6fd29340b0625122023.png [33m404[0m 6.153 ms - 222[0m
2023-12-11 14:47:07 info: [0mGET /public/files/albums/postPicture90dd6f0ab25e375f3a97b3467961505186a4241e55122023.png [33m404[0m 6.627 ms - 222[0m
2023-12-11 14:47:07 info: [0mGET /public/files/albums/postPictureac4e6f51f29d58f04d4b8c223edaec3174c9ab6716122023.png [33m404[0m 5.824 ms - 222[0m
2023-12-11 14:47:07 info: [0mGET /public/files/albums/postPictureefbe481a61acdf3cafa2071b05e82f15a9cf2ebd02122023.png [33m404[0m 1.605 ms - 222[0m
2023-12-11 14:47:07 info: [0mGET /public/files/albums/postPicturee360b2c019f60ad69535be615770bb1aab06112750122023.png [33m404[0m 1.002 ms - 222[0m
2023-12-11 14:47:07 info: [0mGET /public/files/albums/postPicture505cfe5bd9b6bef9ae840078e4734144b5d9dd6e43122023.png [33m404[0m 0.820 ms - 222[0m
2023-12-11 14:47:07 info: [0mGET /public/files/albums/postPicturef50e15909b11505cfe5bd9b6bef9ae840078e47327122023.png [33m404[0m 1.177 ms - 222[0m
2023-12-11 14:47:08 info: [0mGET /public/files/albums/postPicturef6f50e15909b11505cfe5bd9b6bef9ae840078e432122023.png [33m404[0m 1.613 ms - 222[0m
2023-12-11 14:47:08 info: [0mGET /public/files/albums/postPicture5d2f8cd3f6f50e15909b11505cfe5bd9b6bef9ae42122023.png [33m404[0m 2.152 ms - 222[0m
2023-12-11 14:47:08 info: [0mGET /public/files/albums/postPicture9b11505cfe5bd9b6bef9ae840078e4734144b5d914122023.png [33m404[0m 1.019 ms - 222[0m
2023-12-11 14:47:08 info: [0mGET /public/files/albums/postPicture3d30f9e2249b636e6a6d423149a491b02cfb8e3927122023.png [33m404[0m 2.150 ms - 222[0m
2023-12-11 14:47:08 info: [0mGET /public/files/albums/postPicture87395b6b96208af9e910167fbea922bf9dc2427537122023.png [33m404[0m 2.468 ms - 222[0m
2023-12-11 14:47:08 info: [0mGET /public/files/albums/postPicture7b7c61ab9d61f5d12c3b0122cc6fec73eb64fc6247122023.png [33m404[0m 2.884 ms - 222[0m
2023-12-11 14:47:08 info: [0mGET /public/files/albums/postPictureea2cd61a368c8e214914d067fa55bccc2895295714122023.png [33m404[0m 1.610 ms - 222[0m
2023-12-11 14:47:08 info: [0mGET /public/files/albums/postPicture43c377472363dbdd37af8a523e7b124a80f6a91b41122023.png [33m404[0m 1.072 ms - 222[0m
2023-12-11 14:47:08 info: [0mGET /public/files/albums/postPicture6f0ab25e375f3a97b3467961505186a4241e2a6b46122023.octet-stream [33m404[0m 0.843 ms - 231[0m
2023-12-11 14:47:08 info: [0mGET /public/files/albums/postPicture5f539a43c377472363dbdd37af8a523e7b124a8022122023.png [33m404[0m 0.876 ms - 222[0m
2023-12-11 14:47:08 info: [0mGET /public/files/albums/postPictureffe7acebe0fd2c1bb9e191df6d10863a0675575746122023.octet-stream [33m404[0m 1.339 ms - 231[0m
2023-12-11 14:47:08 info: [0mGET /public/files/albums/postPicturee9d11ef13cf36c49bb0e8f4436d4a5003ca20cae33122023.png [33m404[0m 1.076 ms - 222[0m
2023-12-11 14:47:08 info: [0mGET /public/files/albums/postPicture0fd2c1bb9e191df6d10863a06755757a97f6c1bf31122023.octet-stream [33m404[0m 0.893 ms - 231[0m
2023-12-11 14:47:09 info: [0mGET /public/files/albums/postPicture1485a05ad584f8f22313961672bb1e9e845c6aa205122023.octet-stream [33m404[0m 1.232 ms - 231[0m
2023-12-11 14:47:09 info: [0mGET /public/files/albums/postPicture2c1bb9e191df6d10863a06755757a97f6c1bf0ba11122023.octet-stream [33m404[0m 1.666 ms - 231[0m
2023-12-11 14:47:09 info: [0mGET /public/files/albums/postPicture5a05ad584f8f22313961672bb1e9e845c6aa291024122023.octet-stream [33m404[0m 1.642 ms - 231[0m
2023-12-11 14:47:09 info: [0mGET /public/files/albums/postPicturebc134f12720fc7feb9b82da20c66021635b3d5ec16122023.octet-stream [33m404[0m 0.967 ms - 231[0m
2023-12-11 14:47:09 info: [0mGET /public/files/albums/postPicturef5c92c6de44a35f4990bbbe2ecafce86cd5320d926122023.octet-stream [33m404[0m 1.087 ms - 231[0m
2023-12-11 14:47:09 info: [0mGET /public/files/albums/postPictureebe0fd2c1bb9e191df6d10863a06755757a97f6c11122023.octet-stream [33m404[0m 1.991 ms - 231[0m
2023-12-11 14:48:22 info: [0mGET /public/files/albums/postPictureb25e375f3a97b3467961505186a4241e2a6bbefb22122023.jpeg [33m404[0m 0.924 ms - 223[0m
2023-12-11 14:48:22 info: [0mGET /public/files/albums/postPictureac4e6f51f29d58f04d4b8c223edaec3174c9ab6716122023.png [33m404[0m 0.902 ms - 222[0m
2023-12-11 14:48:23 info: [0mGET /public/files/albums/postPictured274b9a2a09e590a5f6d2661d9b879f0280663bc02122023.jpeg [33m404[0m 0.994 ms - 223[0m
2023-12-11 14:48:23 info: [0mGET /public/files/albums/postPicture375f3a97b3467961505186a4241e2a6bbefb451952122023.jpeg [33m404[0m 0.973 ms - 223[0m
2023-12-11 14:48:23 info: [0mGET /public/files/albums/postPictureefbe481a61acdf3cafa2071b05e82f15a9cf2ebd02122023.png [33m404[0m 5.236 ms - 222[0m
2023-12-11 14:48:23 info: [0mGET /public/files/albums/postPicture6f0ab25e375f3a97b3467961505186a4241e2a6b46122023.octet-stream [33m404[0m 5.642 ms - 231[0m
2023-12-11 14:48:23 info: [0mGET /public/files/albums/postPicture90dd6f0ab25e375f3a97b3467961505186a4241e55122023.png [33m404[0m 6.128 ms - 222[0m
2023-12-11 14:48:23 info: [0mGET /public/files/albums/postPicture656a08b0890e3b556c9baf2a64cee181b632223f46122023.png [33m404[0m 6.708 ms - 222[0m
2023-12-11 14:48:23 info: [0mGET /public/files/albums/postPicturee360b2c019f60ad69535be615770bb1aab06112750122023.png [33m404[0m 7.188 ms - 222[0m
2023-12-11 14:56:59 error: [GET] /users/e1d640e916c8628de70bf8ec0bd97461577cc85a >> StatusCode:: 401, Message:: Wrong authentication token
2023-12-11 14:56:59 info: [0mGET /users/e1d640e916c8628de70bf8ec0bd97461577cc85a [33m401[0m 10.571 ms - 40[0m
2023-12-11 14:57:00 info: [0mPOST /refresh [32m200[0m 3.758 ms - 276[0m
2023-12-11 14:57:02 info: [0mGET /users/e1d640e916c8628de70bf8ec0bd97461577cc85a [32m200[0m 1519.767 ms - 454[0m
2023-12-11 14:57:05 info: [0mGET /albums/categories [32m201[0m 814.305 ms - 114[0m
2023-12-11 14:57:05 info: [0mGET /users/plans/e1d640e916c8628de70bf8ec0bd97461577cc85a [32m200[0m 1546.049 ms - 223[0m
2023-12-11 14:57:06 info: [0mGET /albums/popular [32m201[0m 1793.078 ms - -[0m
2023-12-11 14:57:06 info: [0mGET /albums [32m201[0m 1789.078 ms - -[0m
2023-12-11 14:57:09 info: [0mGET /public/files/albums/postPictureac4e6f51f29d58f04d4b8c223edaec3174c9ab6716122023.png [33m404[0m 1.030 ms - 222[0m
2023-12-11 14:57:09 info: [0mGET /public/files/albums/postPictured274b9a2a09e590a5f6d2661d9b879f0280663bc02122023.jpeg [33m404[0m 0.907 ms - 223[0m
2023-12-11 14:57:09 info: [0mGET /public/files/albums/postPicture375f3a97b3467961505186a4241e2a6bbefb451952122023.jpeg [33m404[0m 0.725 ms - 223[0m
2023-12-11 14:57:09 info: [0mGET /public/files/albums/postPictureb25e375f3a97b3467961505186a4241e2a6bbefb22122023.jpeg [33m404[0m 1.282 ms - 223[0m
2023-12-11 14:57:09 info: [0mGET /public/files/albums/postPicture6f0ab25e375f3a97b3467961505186a4241e2a6b46122023.octet-stream [33m404[0m 2.319 ms - 231[0m
2023-12-11 14:57:09 info: [0mGET /public/files/albums/postPicture90dd6f0ab25e375f3a97b3467961505186a4241e55122023.png [33m404[0m 0.950 ms - 222[0m
2023-12-11 14:57:09 info: [0mGET /public/files/albums/postPicture656a08b0890e3b556c9baf2a64cee181b632223f46122023.png [33m404[0m 1.365 ms - 222[0m
2023-12-11 14:57:09 info: [0mGET /public/files/albums/postPicture96bf7dff70c791a395340c0292a9f6fd29340b0625122023.png [33m404[0m 1.739 ms - 222[0m
2023-12-11 14:57:09 info: [0mGET /public/files/albums/postPicturee360b2c019f60ad69535be615770bb1aab06112750122023.png [33m404[0m 0.791 ms - 222[0m
2023-12-11 14:57:09 info: [0mGET /public/files/albums/postPictureefbe481a61acdf3cafa2071b05e82f15a9cf2ebd02122023.png [33m404[0m 0.820 ms - 222[0m
2023-12-11 14:57:10 info: [0mGET /public/files/albums/postPicture505cfe5bd9b6bef9ae840078e4734144b5d9dd6e43122023.png [33m404[0m 0.822 ms - 222[0m
2023-12-11 14:57:10 info: [0mGET /public/files/albums/postPicture9b11505cfe5bd9b6bef9ae840078e4734144b5d914122023.png [33m404[0m 0.888 ms - 222[0m
2023-12-11 14:57:10 info: [0mGET /public/files/albums/postPicture3d30f9e2249b636e6a6d423149a491b02cfb8e3927122023.png [33m404[0m 2.107 ms - 222[0m
2023-12-11 14:57:10 info: [0mGET /public/files/albums/postPicture5d2f8cd3f6f50e15909b11505cfe5bd9b6bef9ae42122023.png [33m404[0m 1.057 ms - 222[0m
2023-12-11 14:57:10 info: [0mGET /public/files/albums/postPicturef6f50e15909b11505cfe5bd9b6bef9ae840078e432122023.png [33m404[0m 2.205 ms - 222[0m
2023-12-11 14:57:10 info: [0mGET /public/files/albums/postPicture7b7c61ab9d61f5d12c3b0122cc6fec73eb64fc6247122023.png [33m404[0m 2.744 ms - 222[0m
2023-12-11 14:57:10 info: [0mGET /public/files/albums/postPicturef50e15909b11505cfe5bd9b6bef9ae840078e47327122023.png [33m404[0m 3.190 ms - 222[0m
2023-12-11 14:57:10 info: [0mGET /public/files/albums/postPictureea2cd61a368c8e214914d067fa55bccc2895295714122023.png [33m404[0m 0.939 ms - 222[0m
2023-12-11 14:57:10 info: [0mGET /public/files/albums/postPicture87395b6b96208af9e910167fbea922bf9dc2427537122023.png [33m404[0m 0.806 ms - 222[0m
2023-12-11 14:57:10 info: [0mGET /public/files/albums/postPicture43c377472363dbdd37af8a523e7b124a80f6a91b41122023.png [33m404[0m 0.955 ms - 222[0m
2023-12-11 14:57:10 info: [0mGET /public/files/albums/postPicture5f539a43c377472363dbdd37af8a523e7b124a8022122023.png [33m404[0m 1.057 ms - 222[0m
2023-12-11 14:57:11 info: [0mGET /public/files/albums/postPicturee9d11ef13cf36c49bb0e8f4436d4a5003ca20cae33122023.png [33m404[0m 1.157 ms - 222[0m
2023-12-11 14:57:11 info: [0mGET /public/files/albums/postPictureffe7acebe0fd2c1bb9e191df6d10863a0675575746122023.octet-stream [33m404[0m 1.342 ms - 231[0m
2023-12-11 14:57:11 info: [0mGET /public/files/albums/postPictureebe0fd2c1bb9e191df6d10863a06755757a97f6c11122023.octet-stream [33m404[0m 0.817 ms - 231[0m
2023-12-11 14:57:11 info: [0mGET /public/files/albums/postPicture1485a05ad584f8f22313961672bb1e9e845c6aa205122023.octet-stream [33m404[0m 2.596 ms - 231[0m
2023-12-11 14:57:11 info: [0mGET /public/files/albums/postPicture2c1bb9e191df6d10863a06755757a97f6c1bf0ba11122023.octet-stream [33m404[0m 2.984 ms - 231[0m
2023-12-11 14:57:11 info: [0mGET /public/files/albums/postPicture0fd2c1bb9e191df6d10863a06755757a97f6c1bf31122023.octet-stream [33m404[0m 3.561 ms - 231[0m
2023-12-11 14:57:11 info: [0mGET /public/files/albums/postPicturebc134f12720fc7feb9b82da20c66021635b3d5ec16122023.octet-stream [33m404[0m 1.553 ms - 231[0m
2023-12-11 14:57:11 info: [0mGET /public/files/albums/postPicture5a05ad584f8f22313961672bb1e9e845c6aa291024122023.octet-stream [33m404[0m 2.296 ms - 231[0m
2023-12-11 14:57:11 info: [0mGET /public/files/albums/postPicturef5c92c6de44a35f4990bbbe2ecafce86cd5320d926122023.octet-stream [33m404[0m 0.916 ms - 231[0m
2023-12-11 14:57:11 info: [0mGET /public/files/albums/postPictureab1ea683903e4ee8f09207748b58848b796d30b002122023.octet-stream [33m404[0m 0.844 ms - 231[0m
2023-12-11 14:57:11 info: [0mGET /public/files/albums/postPictureea683903e4ee8f09207748b58848b796d30b097221122023.octet-stream [33m404[0m 1.013 ms - 231[0m
2023-12-11 14:57:11 info: [0mGET /public/files/albums/postPicture83903e4ee8f09207748b58848b796d30b097255201122023.png [33m404[0m 0.756 ms - 222[0m
2023-12-11 14:57:40 info: [0mPOST /sellers/upload/identitycard/e1d640e916c8628de70bf8ec0bd97461577cc85a [32m201[0m 1327.358 ms - 71[0m
2023-12-11 14:57:45 info: [0mGET /albums/categories [32m201[0m 806.501 ms - 114[0m
2023-12-11 14:57:46 info: [0mGET /albums/popular [32m201[0m 1749.130 ms - -[0m
2023-12-11 14:57:46 info: [0mGET /users/plans/e1d640e916c8628de70bf8ec0bd97461577cc85a [32m200[0m 1677.446 ms - 223[0m
2023-12-11 14:57:46 info: [0mGET /albums [32m201[0m 1956.955 ms - -[0m
2023-12-11 14:58:39 info: [0mGET /public/files/albums/postPictured274b9a2a09e590a5f6d2661d9b879f0280663bc02122023.jpeg [33m404[0m 2.313 ms - 223[0m
2023-12-11 14:58:39 info: [0mGET /public/files/albums/postPictureac4e6f51f29d58f04d4b8c223edaec3174c9ab6716122023.png [33m404[0m 8.708 ms - 222[0m
2023-12-11 14:58:39 info: [0mGET /public/files/albums/postPictureb25e375f3a97b3467961505186a4241e2a6bbefb22122023.jpeg [33m404[0m 7.519 ms - 223[0m
2023-12-11 14:58:39 info: [0mGET /public/files/albums/postPicture375f3a97b3467961505186a4241e2a6bbefb451952122023.jpeg [33m404[0m 6.752 ms - 223[0m
2023-12-11 14:58:39 info: [0mGET /public/files/albums/postPicture96bf7dff70c791a395340c0292a9f6fd29340b0625122023.png [33m404[0m 5.502 ms - 222[0m
2023-12-11 14:58:39 info: [0mGET /public/files/albums/postPicture6f0ab25e375f3a97b3467961505186a4241e2a6b46122023.octet-stream [33m404[0m 5.686 ms - 231[0m
2023-12-11 14:58:39 info: [0mGET /public/files/albums/postPicture656a08b0890e3b556c9baf2a64cee181b632223f46122023.png [33m404[0m 6.228 ms - 222[0m
2023-12-11 14:58:39 info: [0mGET /public/files/albums/postPicture90dd6f0ab25e375f3a97b3467961505186a4241e55122023.png [33m404[0m 6.917 ms - 222[0m
2023-12-11 14:58:39 info: [0mGET /public/files/albums/postPicturee360b2c019f60ad69535be615770bb1aab06112750122023.png [33m404[0m 1.063 ms - 222[0m
2023-12-11 14:58:39 info: [0mGET /public/files/albums/postPicture505cfe5bd9b6bef9ae840078e4734144b5d9dd6e43122023.png [33m404[0m 1.242 ms - 222[0m
2023-12-11 14:58:39 info: [0mGET /public/files/albums/postPicture9b11505cfe5bd9b6bef9ae840078e4734144b5d914122023.png [33m404[0m 2.457 ms - 222[0m
2023-12-11 14:58:39 info: [0mGET /public/files/albums/postPictureefbe481a61acdf3cafa2071b05e82f15a9cf2ebd02122023.png [33m404[0m 1.096 ms - 222[0m
2023-12-11 14:58:40 info: [0mGET /public/files/albums/postPicturef6f50e15909b11505cfe5bd9b6bef9ae840078e432122023.png [33m404[0m 1.214 ms - 222[0m
2023-12-11 14:58:40 info: [0mGET /public/files/albums/postPicturef50e15909b11505cfe5bd9b6bef9ae840078e47327122023.png [33m404[0m 1.212 ms - 222[0m
2023-12-11 14:58:40 info: [0mGET /public/files/albums/postPicture3d30f9e2249b636e6a6d423149a491b02cfb8e3927122023.png [33m404[0m 0.889 ms - 222[0m
2023-12-11 14:58:40 info: [0mGET /public/files/albums/postPicture5d2f8cd3f6f50e15909b11505cfe5bd9b6bef9ae42122023.png [33m404[0m 0.876 ms - 222[0m
2023-12-11 14:58:40 info: [0mGET /public/files/albums/postPicture87395b6b96208af9e910167fbea922bf9dc2427537122023.png [33m404[0m 1.990 ms - 222[0m
2023-12-11 14:58:40 info: [0mGET /public/files/albums/postPicture7b7c61ab9d61f5d12c3b0122cc6fec73eb64fc6247122023.png [33m404[0m 0.805 ms - 222[0m
2023-12-11 14:58:40 info: [0mGET /public/files/albums/postPictureea2cd61a368c8e214914d067fa55bccc2895295714122023.png [33m404[0m 0.936 ms - 222[0m
2023-12-11 14:58:40 info: [0mGET /public/files/albums/postPicture43c377472363dbdd37af8a523e7b124a80f6a91b41122023.png [33m404[0m 1.074 ms - 222[0m
2023-12-11 14:58:40 info: [0mGET /public/files/albums/postPicturee9d11ef13cf36c49bb0e8f4436d4a5003ca20cae33122023.png [33m404[0m 1.543 ms - 222[0m
2023-12-11 14:58:40 info: [0mGET /public/files/albums/postPicture5f539a43c377472363dbdd37af8a523e7b124a8022122023.png [33m404[0m 1.004 ms - 222[0m
2023-12-11 14:58:40 info: [0mGET /public/files/albums/postPictureffe7acebe0fd2c1bb9e191df6d10863a0675575746122023.octet-stream [33m404[0m 1.611 ms - 231[0m
2023-12-11 14:58:40 info: [0mGET /public/files/albums/postPictureebe0fd2c1bb9e191df6d10863a06755757a97f6c11122023.octet-stream [33m404[0m 1.110 ms - 231[0m
2023-12-11 14:58:40 info: [0mGET /public/files/albums/postPicture2c1bb9e191df6d10863a06755757a97f6c1bf0ba11122023.octet-stream [33m404[0m 1.251 ms - 231[0m
2023-12-11 14:58:40 info: [0mGET /public/files/albums/postPicture0fd2c1bb9e191df6d10863a06755757a97f6c1bf31122023.octet-stream [33m404[0m 0.949 ms - 231[0m
2023-12-11 14:58:41 info: [0mGET /public/files/albums/postPicture1485a05ad584f8f22313961672bb1e9e845c6aa205122023.octet-stream [33m404[0m 0.888 ms - 231[0m
2023-12-11 14:58:41 info: [0mGET /public/files/albums/postPicturebc134f12720fc7feb9b82da20c66021635b3d5ec16122023.octet-stream [33m404[0m 1.050 ms - 231[0m
2023-12-11 14:58:41 info: [0mGET /public/files/albums/postPicture5a05ad584f8f22313961672bb1e9e845c6aa291024122023.octet-stream [33m404[0m 0.916 ms - 231[0m
2023-12-11 14:58:41 info: [0mGET /public/files/albums/postPictureab1ea683903e4ee8f09207748b58848b796d30b002122023.octet-stream [33m404[0m 2.778 ms - 231[0m
2023-12-11 14:58:41 info: [0mGET /public/files/albums/postPicturef5c92c6de44a35f4990bbbe2ecafce86cd5320d926122023.octet-stream [33m404[0m 2.231 ms - 231[0m
2023-12-11 14:58:41 info: [0mGET /public/files/albums/postPictureea683903e4ee8f09207748b58848b796d30b097221122023.octet-stream [33m404[0m 1.350 ms - 231[0m
2023-12-11 14:58:41 info: [0mGET /public/files/albums/postPicture83903e4ee8f09207748b58848b796d30b097255201122023.png [33m404[0m 1.862 ms - 222[0m
2023-12-11 14:58:45 info: [0mGET /public/files/albums/postPicture6f0ab25e375f3a97b3467961505186a4241e2a6b46122023.octet-stream [33m404[0m 2.843 ms - 231[0m
2023-12-11 14:58:45 info: [0mGET /public/files/albums/postPictureefbe481a61acdf3cafa2071b05e82f15a9cf2ebd02122023.png [33m404[0m 3.281 ms - 222[0m
2023-12-11 14:58:45 info: [0mGET /public/files/albums/postPictureb25e375f3a97b3467961505186a4241e2a6bbefb22122023.jpeg [33m404[0m 5.092 ms - 223[0m
2023-12-11 14:58:46 info: [0mGET /public/files/albums/postPicture505cfe5bd9b6bef9ae840078e4734144b5d9dd6e43122023.png [33m404[0m 1.862 ms - 222[0m
2023-12-11 14:58:46 info: [0mGET /public/files/albums/postPicture9b11505cfe5bd9b6bef9ae840078e4734144b5d914122023.png [33m404[0m 2.090 ms - 222[0m
2023-12-11 14:58:46 info: [0mGET /public/files/albums/postPicturef50e15909b11505cfe5bd9b6bef9ae840078e47327122023.png [33m404[0m 0.869 ms - 222[0m
2023-12-11 14:58:46 info: [0mGET /public/files/albums/postPicturef6f50e15909b11505cfe5bd9b6bef9ae840078e432122023.png [33m404[0m 0.808 ms - 222[0m
2023-12-11 14:58:46 info: [0mGET /public/files/albums/postPicture3d30f9e2249b636e6a6d423149a491b02cfb8e3927122023.png [33m404[0m 1.023 ms - 222[0m
2023-12-11 14:58:46 info: [0mGET /public/files/albums/postPicture656a08b0890e3b556c9baf2a64cee181b632223f46122023.png [33m404[0m 0.995 ms - 222[0m
2023-12-11 14:58:46 info: [0mGET /public/files/albums/postPictureac4e6f51f29d58f04d4b8c223edaec3174c9ab6716122023.png [33m404[0m 2.463 ms - 222[0m
2023-12-11 14:58:46 info: [0mGET /public/files/albums/postPicturee360b2c019f60ad69535be615770bb1aab06112750122023.png [33m404[0m 3.005 ms - 222[0m
2023-12-11 14:58:46 info: [0mGET /public/files/albums/postPictured274b9a2a09e590a5f6d2661d9b879f0280663bc02122023.jpeg [33m404[0m 3.472 ms - 223[0m
2023-12-11 14:58:46 info: [0mGET /public/files/albums/postPicture96bf7dff70c791a395340c0292a9f6fd29340b0625122023.png [33m404[0m 4.104 ms - 222[0m
2023-12-11 14:58:46 info: [0mGET /public/files/albums/postPicture5d2f8cd3f6f50e15909b11505cfe5bd9b6bef9ae42122023.png [33m404[0m 4.616 ms - 222[0m
2023-12-11 14:58:47 info: [0mGET /public/files/albums/postPicture90dd6f0ab25e375f3a97b3467961505186a4241e55122023.png [33m404[0m 1.786 ms - 222[0m
2023-12-11 14:58:47 info: [0mGET /public/files/albums/postPicture375f3a97b3467961505186a4241e2a6bbefb451952122023.jpeg [33m404[0m 3.468 ms - 223[0m
2023-12-11 14:58:47 info: [0mGET /public/files/albums/postPicture7b7c61ab9d61f5d12c3b0122cc6fec73eb64fc6247122023.png [33m404[0m 0.997 ms - 222[0m
2023-12-11 14:58:47 info: [0mGET /public/files/albums/postPicture87395b6b96208af9e910167fbea922bf9dc2427537122023.png [33m404[0m 1.208 ms - 222[0m
2023-12-11 14:58:47 info: [0mGET /public/files/albums/postPictureea2cd61a368c8e214914d067fa55bccc2895295714122023.png [33m404[0m 0.842 ms - 222[0m
2023-12-11 14:58:47 info: [0mGET /public/files/albums/postPicture43c377472363dbdd37af8a523e7b124a80f6a91b41122023.png [33m404[0m 0.994 ms - 222[0m
2023-12-11 14:58:47 info: [0mGET /public/files/albums/postPicture5f539a43c377472363dbdd37af8a523e7b124a8022122023.png [33m404[0m 0.946 ms - 222[0m
2023-12-11 14:58:47 info: [0mGET /public/files/albums/postPictureffe7acebe0fd2c1bb9e191df6d10863a0675575746122023.octet-stream [33m404[0m 4.212 ms - 231[0m
2023-12-11 14:58:47 info: [0mGET /public/files/albums/postPicturee9d11ef13cf36c49bb0e8f4436d4a5003ca20cae33122023.png [33m404[0m 4.783 ms - 222[0m
2023-12-11 14:58:47 info: [0mGET /public/files/albums/postPictureebe0fd2c1bb9e191df6d10863a06755757a97f6c11122023.octet-stream [33m404[0m 3.664 ms - 231[0m
2023-12-11 14:58:47 info: [0mGET /public/files/albums/postPicture0fd2c1bb9e191df6d10863a06755757a97f6c1bf31122023.octet-stream [33m404[0m 1.208 ms - 231[0m
2023-12-11 14:58:47 info: [0mGET /public/files/albums/postPicture2c1bb9e191df6d10863a06755757a97f6c1bf0ba11122023.octet-stream [33m404[0m 0.999 ms - 231[0m
2023-12-11 14:58:48 info: [0mGET /public/files/albums/postPicture1485a05ad584f8f22313961672bb1e9e845c6aa205122023.octet-stream [33m404[0m 1.377 ms - 231[0m
2023-12-11 14:58:48 info: [0mGET /public/files/albums/postPicturebc134f12720fc7feb9b82da20c66021635b3d5ec16122023.octet-stream [33m404[0m 1.847 ms - 231[0m
2023-12-11 14:58:48 info: [0mGET /public/files/albums/postPicture5a05ad584f8f22313961672bb1e9e845c6aa291024122023.octet-stream [33m404[0m 5.903 ms - 231[0m
2023-12-11 14:58:48 info: [0mGET /public/files/albums/postPictureab1ea683903e4ee8f09207748b58848b796d30b002122023.octet-stream [33m404[0m 1.152 ms - 231[0m
2023-12-11 14:58:48 info: [0mGET /public/files/albums/postPicturef5c92c6de44a35f4990bbbe2ecafce86cd5320d926122023.octet-stream [33m404[0m 1.298 ms - 231[0m
2023-12-11 14:58:48 info: [0mGET /public/files/albums/postPictureea683903e4ee8f09207748b58848b796d30b097221122023.octet-stream [33m404[0m 1.154 ms - 231[0m
2023-12-11 14:58:48 info: [0mGET /public/files/albums/postPicture83903e4ee8f09207748b58848b796d30b097255201122023.png [33m404[0m 1.702 ms - 222[0m
2023-12-11 14:59:25 info: [0mGET /public/files/albums/postPictureac4e6f51f29d58f04d4b8c223edaec3174c9ab6716122023.png [33m404[0m 0.990 ms - 222[0m
2023-12-11 14:59:25 info: [0mGET /public/files/albums/postPicture375f3a97b3467961505186a4241e2a6bbefb451952122023.jpeg [33m404[0m 2.117 ms - 223[0m
2023-12-11 14:59:25 info: [0mGET /public/files/albums/postPictureb25e375f3a97b3467961505186a4241e2a6bbefb22122023.jpeg [33m404[0m 1.503 ms - 223[0m
2023-12-11 14:59:25 info: [0mGET /public/files/albums/postPicture6f0ab25e375f3a97b3467961505186a4241e2a6b46122023.octet-stream [33m404[0m 1.832 ms - 231[0m
2023-12-11 14:59:25 info: [0mGET /public/files/albums/postPictured274b9a2a09e590a5f6d2661d9b879f0280663bc02122023.jpeg [33m404[0m 0.839 ms - 223[0m
2023-12-11 14:59:25 info: [0mGET /public/files/albums/postPicture96bf7dff70c791a395340c0292a9f6fd29340b0625122023.png [33m404[0m 2.730 ms - 222[0m
2023-12-11 14:59:25 info: [0mGET /public/files/albums/postPicture656a08b0890e3b556c9baf2a64cee181b632223f46122023.png [33m404[0m 3.536 ms - 222[0m
2023-12-11 14:59:25 info: [0mGET /public/files/albums/postPicture90dd6f0ab25e375f3a97b3467961505186a4241e55122023.png [33m404[0m 5.740 ms - 222[0m
2023-12-11 14:59:25 info: [0mGET /public/files/albums/postPicturee360b2c019f60ad69535be615770bb1aab06112750122023.png [33m404[0m 6.307 ms - 222[0m
2023-12-11 14:59:25 info: [0mGET /public/files/albums/postPictureefbe481a61acdf3cafa2071b05e82f15a9cf2ebd02122023.png [33m404[0m 0.985 ms - 222[0m
2023-12-11 14:59:25 info: [0mGET /public/files/albums/postPicture9b11505cfe5bd9b6bef9ae840078e4734144b5d914122023.png [33m404[0m 0.876 ms - 222[0m
2023-12-11 14:59:25 info: [0mGET /public/files/albums/postPicture505cfe5bd9b6bef9ae840078e4734144b5d9dd6e43122023.png [33m404[0m 0.944 ms - 222[0m
2023-12-11 15:07:46 error: [GET] /users/e1d640e916c8628de70bf8ec0bd97461577cc85a >> StatusCode:: 401, Message:: Wrong authentication token
2023-12-11 15:07:46 info: [0mGET /users/e1d640e916c8628de70bf8ec0bd97461577cc85a [33m401[0m 4.633 ms - 40[0m
2023-12-11 15:07:47 info: [0mPOST /refresh [32m200[0m 4.311 ms - 276[0m
2023-12-11 15:07:50 info: [0mGET /users/e1d640e916c8628de70bf8ec0bd97461577cc85a [32m200[0m 2117.507 ms - 454[0m
2023-12-11 15:07:53 info: [0mGET /albums/categories [32m201[0m 1129.358 ms - 114[0m
2023-12-11 15:07:55 info: [0mGET /albums [32m201[0m 2921.676 ms - -[0m
2023-12-11 15:07:56 info: [0mGET /users/plans/e1d640e916c8628de70bf8ec0bd97461577cc85a [32m200[0m 3209.287 ms - 223[0m
2023-12-11 15:07:56 info: [0mGET /albums/popular [32m201[0m 3012.128 ms - -[0m
2023-12-11 15:08:01 info: [0mGET /public/files/albums/postPictureac4e6f51f29d58f04d4b8c223edaec3174c9ab6716122023.png [33m404[0m 1.294 ms - 222[0m
2023-12-11 15:08:01 info: [0mGET /public/files/albums/postPicturee360b2c019f60ad69535be615770bb1aab06112750122023.png [33m404[0m 0.982 ms - 222[0m
2023-12-11 15:08:01 info: [0mGET /public/files/albums/postPicture656a08b0890e3b556c9baf2a64cee181b632223f46122023.png [33m404[0m 1.875 ms - 222[0m
2023-12-11 15:08:01 info: [0mGET /public/files/albums/postPicture90dd6f0ab25e375f3a97b3467961505186a4241e55122023.png [33m404[0m 2.302 ms - 222[0m
2023-12-11 15:08:01 info: [0mGET /public/files/albums/postPictured274b9a2a09e590a5f6d2661d9b879f0280663bc02122023.jpeg [33m404[0m 2.964 ms - 223[0m
2023-12-11 15:08:01 info: [0mGET /public/files/albums/postPictureefbe481a61acdf3cafa2071b05e82f15a9cf2ebd02122023.png [33m404[0m 1.258 ms - 222[0m
2023-12-11 15:08:01 info: [0mGET /public/files/albums/postPicture6f0ab25e375f3a97b3467961505186a4241e2a6b46122023.octet-stream [33m404[0m 2.956 ms - 231[0m
2023-12-11 15:08:01 info: [0mGET /public/files/albums/postPicture375f3a97b3467961505186a4241e2a6bbefb451952122023.jpeg [33m404[0m 3.850 ms - 223[0m
2023-12-11 15:08:01 info: [0mGET /public/files/albums/postPicture96bf7dff70c791a395340c0292a9f6fd29340b0625122023.png [33m404[0m 6.389 ms - 222[0m
2023-12-11 15:08:01 info: [0mGET /public/files/albums/postPictureb25e375f3a97b3467961505186a4241e2a6bbefb22122023.jpeg [33m404[0m 0.911 ms - 223[0m
2023-12-11 15:08:03 info: [0mGET /public/files/albums/postPicture5d2f8cd3f6f50e15909b11505cfe5bd9b6bef9ae42122023.png [33m404[0m 0.776 ms - 222[0m
2023-12-11 15:08:04 info: [0mGET /public/files/albums/postPicture3d30f9e2249b636e6a6d423149a491b02cfb8e3927122023.png [33m404[0m 1.237 ms - 222[0m
2023-12-11 15:08:04 info: [0mGET /public/files/albums/postPicture7b7c61ab9d61f5d12c3b0122cc6fec73eb64fc6247122023.png [33m404[0m 0.737 ms - 222[0m
2023-12-11 15:08:04 info: [0mGET /public/files/albums/postPicturef6f50e15909b11505cfe5bd9b6bef9ae840078e432122023.png [33m404[0m 0.715 ms - 222[0m
2023-12-11 15:08:04 info: [0mGET /public/files/albums/postPicture87395b6b96208af9e910167fbea922bf9dc2427537122023.png [33m404[0m 0.781 ms - 222[0m
2023-12-11 15:08:04 info: [0mGET /public/files/albums/postPictureea2cd61a368c8e214914d067fa55bccc2895295714122023.png [33m404[0m 1.464 ms - 222[0m
2023-12-11 15:08:04 info: [0mGET /public/files/albums/postPicture43c377472363dbdd37af8a523e7b124a80f6a91b41122023.png [33m404[0m 1.762 ms - 222[0m
2023-12-11 15:08:04 info: [0mGET /public/files/albums/postPicture505cfe5bd9b6bef9ae840078e4734144b5d9dd6e43122023.png [33m404[0m 1.054 ms - 222[0m
2023-12-11 15:08:04 info: [0mGET /public/files/albums/postPicture9b11505cfe5bd9b6bef9ae840078e4734144b5d914122023.png [33m404[0m 0.843 ms - 222[0m
2023-12-11 15:08:05 info: [0mGET /public/files/albums/postPicturee9d11ef13cf36c49bb0e8f4436d4a5003ca20cae33122023.png [33m404[0m 1.427 ms - 222[0m
2023-12-11 15:08:05 info: [0mGET /public/files/albums/postPicture5f539a43c377472363dbdd37af8a523e7b124a8022122023.png [33m404[0m 1.976 ms - 222[0m
2023-12-11 15:08:05 info: [0mGET /public/files/albums/postPicture5a05ad584f8f22313961672bb1e9e845c6aa291024122023.octet-stream [33m404[0m 5.153 ms - 231[0m
2023-12-11 15:08:05 info: [0mGET /public/files/albums/postPicture0fd2c1bb9e191df6d10863a06755757a97f6c1bf31122023.octet-stream [33m404[0m 4.279 ms - 231[0m
2023-12-11 15:08:05 info: [0mGET /public/files/albums/postPicture1485a05ad584f8f22313961672bb1e9e845c6aa205122023.octet-stream [33m404[0m 4.744 ms - 231[0m
2023-12-11 15:08:05 info: [0mGET /public/files/albums/postPictureffe7acebe0fd2c1bb9e191df6d10863a0675575746122023.octet-stream [33m404[0m 5.181 ms - 231[0m
2023-12-11 15:08:05 info: [0mGET /public/files/albums/postPictureebe0fd2c1bb9e191df6d10863a06755757a97f6c11122023.octet-stream [33m404[0m 5.155 ms - 231[0m
2023-12-11 15:08:05 info: [0mGET /public/files/albums/postPicturef50e15909b11505cfe5bd9b6bef9ae840078e47327122023.png [33m404[0m 0.830 ms - 222[0m
2023-12-11 15:08:05 info: [0mGET /public/files/albums/postPicturebc134f12720fc7feb9b82da20c66021635b3d5ec16122023.octet-stream [33m404[0m 0.754 ms - 231[0m
2023-12-11 15:08:06 info: [0mGET /public/files/albums/postPicturef5c92c6de44a35f4990bbbe2ecafce86cd5320d926122023.octet-stream [33m404[0m 1.004 ms - 231[0m
2023-12-11 15:08:06 info: [0mGET /public/files/albums/postPicture2c1bb9e191df6d10863a06755757a97f6c1bf0ba11122023.octet-stream [33m404[0m 1.054 ms - 231[0m
2023-12-11 15:08:07 info: [0mGET /public/files/albums/postPictureea683903e4ee8f09207748b58848b796d30b097221122023.octet-stream [33m404[0m 1.042 ms - 231[0m
2023-12-11 15:08:07 info: [0mGET /public/files/albums/postPictureab1ea683903e4ee8f09207748b58848b796d30b002122023.octet-stream [33m404[0m 1.646 ms - 231[0m
2023-12-11 15:08:07 info: [0mGET /public/files/albums/postPicture83903e4ee8f09207748b58848b796d30b097255201122023.png [33m404[0m 2.029 ms - 222[0m
2023-12-11 15:08:19 info: [0mPOST /sellers/upload/identitycard/e1d640e916c8628de70bf8ec0bd97461577cc85a [32m201[0m 2189.957 ms - 71[0m
2023-12-11 15:09:24 error: [GET] /users/e1d640e916c8628de70bf8ec0bd97461577cc85a >> StatusCode:: 401, Message:: Wrong authentication token
2023-12-11 15:09:24 info: [0mGET /users/e1d640e916c8628de70bf8ec0bd97461577cc85a [33m401[0m 7.143 ms - 40[0m
2023-12-11 15:09:24 info: [0mPOST /refresh [32m200[0m 3.410 ms - 276[0m
2023-12-11 15:09:26 info: [0mGET /users/e1d640e916c8628de70bf8ec0bd97461577cc85a [32m200[0m 1683.162 ms - 454[0m
2023-12-11 15:09:29 info: [0mGET /albums/categories [32m201[0m 858.071 ms - 114[0m
2023-12-11 15:09:30 info: [0mGET /users/plans/e1d640e916c8628de70bf8ec0bd97461577cc85a [32m200[0m 2263.256 ms - 223[0m
2023-12-11 15:09:30 info: [0mGET /albums [32m201[0m 2206.039 ms - -[0m
2023-12-11 15:09:31 info: [0mGET /albums/popular [32m201[0m 2762.913 ms - -[0m
2023-12-11 15:09:46 info: [0mPOST /sellers/upload/identitycard/e1d640e916c8628de70bf8ec0bd97461577cc85a [32m201[0m 1561.441 ms - 71[0m
2023-12-11 15:09:51 info: [0mGET /albums/categories [32m201[0m 766.958 ms - 114[0m
2023-12-11 15:09:52 info: [0mGET /users/plans/e1d640e916c8628de70bf8ec0bd97461577cc85a [32m200[0m 1656.951 ms - 223[0m
2023-12-11 15:09:52 info: [0mGET /albums/popular [32m201[0m 1815.871 ms - -[0m
2023-12-11 15:09:52 info: [0mGET /albums [32m201[0m 1769.247 ms - -[0m
2023-12-11 15:17:54 error: [GET] /users/e1d640e916c8628de70bf8ec0bd97461577cc85a >> StatusCode:: 401, Message:: Wrong authentication token
2023-12-11 15:17:54 info: [0mGET /users/e1d640e916c8628de70bf8ec0bd97461577cc85a [33m401[0m 12.828 ms - 40[0m
2023-12-11 15:17:54 info: [0mPOST /refresh [32m200[0m 2.588 ms - 277[0m
2023-12-11 15:17:57 info: [0mGET /users/e1d640e916c8628de70bf8ec0bd97461577cc85a [32m200[0m 1545.050 ms - 454[0m
2023-12-11 15:18:00 info: [0mGET /albums/categories [32m201[0m 1213.321 ms - 114[0m
2023-12-11 15:18:00 info: [0mGET /users/plans/e1d640e916c8628de70bf8ec0bd97461577cc85a [32m200[0m 1544.026 ms - 223[0m
2023-12-11 15:18:00 info: [0mGET /albums/popular [32m201[0m 1645.752 ms - -[0m
2023-12-11 15:18:00 info: [0mGET /albums [32m201[0m 1716.420 ms - -[0m
2023-12-11 15:18:18 info: [0mPOST /sellers/upload/identitycard/e1d640e916c8628de70bf8ec0bd97461577cc85a [32m201[0m 1269.059 ms - 71[0m
2023-12-11 15:18:23 info: [0mGET /albums/categories [32m201[0m 807.516 ms - 114[0m
2023-12-11 15:18:24 info: [0mGET /users/plans/e1d640e916c8628de70bf8ec0bd97461577cc85a [32m200[0m 1593.791 ms - 223[0m
2023-12-11 15:18:24 info: [0mGET /albums [32m201[0m 1789.904 ms - -[0m
2023-12-11 15:18:24 info: [0mGET /albums/popular [32m201[0m 1859.726 ms - -[0m
2023-12-11 18:39:23 error: [GET] /users/e1d640e916c8628de70bf8ec0bd97461577cc85a >> StatusCode:: 401, Message:: Wrong authentication token
2023-12-11 18:39:23 info: [0mGET /users/e1d640e916c8628de70bf8ec0bd97461577cc85a [33m401[0m 119.633 ms - 40[0m
2023-12-11 18:39:24 info: [0mPOST /refresh [32m200[0m 15.290 ms - 277[0m
2023-12-11 18:39:26 info: [0mGET /users/e1d640e916c8628de70bf8ec0bd97461577cc85a [32m200[0m 1641.685 ms - 454[0m
2023-12-11 18:39:28 info: [0mGET /albums/categories [32m201[0m 813.691 ms - 114[0m
2023-12-11 18:39:29 info: [0mGET /users/plans/e1d640e916c8628de70bf8ec0bd97461577cc85a [32m200[0m 1552.345 ms - 223[0m
2023-12-11 18:39:29 info: [0mGET /albums/popular [32m201[0m 1791.222 ms - -[0m
2023-12-11 18:39:30 info: [0mGET /albums [32m201[0m 2827.542 ms - -[0m
2023-12-11 18:39:32 info: [0mGET /public/files/albums/postPicture656a08b0890e3b556c9baf2a64cee181b632223f46122023.png [33m404[0m 4.045 ms - 222[0m
2023-12-11 18:39:32 info: [0mGET /public/files/albums/postPictureefbe481a61acdf3cafa2071b05e82f15a9cf2ebd02122023.png [33m404[0m 2.601 ms - 222[0m
2023-12-11 18:39:32 info: [0mGET /public/files/albums/postPictured274b9a2a09e590a5f6d2661d9b879f0280663bc02122023.jpeg [33m404[0m 0.672 ms - 223[0m
2023-12-11 18:39:32 info: [0mGET /public/files/albums/postPicture96bf7dff70c791a395340c0292a9f6fd29340b0625122023.png [33m404[0m 1.521 ms - 222[0m
2023-12-11 18:39:32 info: [0mGET /public/files/albums/postPicture375f3a97b3467961505186a4241e2a6bbefb451952122023.jpeg [33m404[0m 1.663 ms - 223[0m
2023-12-11 18:39:32 info: [0mGET /public/files/albums/postPicture9b11505cfe5bd9b6bef9ae840078e4734144b5d914122023.png [33m404[0m 2.452 ms - 222[0m
2023-12-11 18:39:32 info: [0mGET /public/files/albums/postPicture505cfe5bd9b6bef9ae840078e4734144b5d9dd6e43122023.png [33m404[0m 1.323 ms - 222[0m
2023-12-11 18:39:32 info: [0mGET /public/files/albums/postPicture5d2f8cd3f6f50e15909b11505cfe5bd9b6bef9ae42122023.png [33m404[0m 0.552 ms - 222[0m
2023-12-11 18:39:33 info: [0mGET /public/files/albums/postPicturef6f50e15909b11505cfe5bd9b6bef9ae840078e432122023.png [33m404[0m 0.573 ms - 222[0m
2023-12-11 18:39:33 info: [0mGET /public/files/albums/postPicturef50e15909b11505cfe5bd9b6bef9ae840078e47327122023.png [33m404[0m 0.508 ms - 222[0m
2023-12-11 18:39:33 info: [0mGET /public/files/albums/postPicture3d30f9e2249b636e6a6d423149a491b02cfb8e3927122023.png [33m404[0m 0.516 ms - 222[0m
2023-12-11 18:39:33 info: [0mGET /public/files/albums/postPicture7b7c61ab9d61f5d12c3b0122cc6fec73eb64fc6247122023.png [33m404[0m 0.475 ms - 222[0m
2023-12-11 18:39:33 info: [0mGET /public/files/albums/postPicture87395b6b96208af9e910167fbea922bf9dc2427537122023.png [33m404[0m 1.244 ms - 222[0m
2023-12-11 18:39:33 info: [0mGET /public/files/albums/postPicture43c377472363dbdd37af8a523e7b124a80f6a91b41122023.png [33m404[0m 1.300 ms - 222[0m
2023-12-11 18:39:33 info: [0mGET /public/files/albums/postPictureea2cd61a368c8e214914d067fa55bccc2895295714122023.png [33m404[0m 1.666 ms - 222[0m
2023-12-11 18:39:33 info: [0mGET /public/files/albums/postPictureac4e6f51f29d58f04d4b8c223edaec3174c9ab6716122023.png [33m404[0m 0.664 ms - 222[0m
2023-12-11 18:39:33 info: [0mGET /public/files/albums/postPicture90dd6f0ab25e375f3a97b3467961505186a4241e55122023.png [33m404[0m 1.544 ms - 222[0m
2023-12-11 18:39:33 info: [0mGET /public/files/albums/postPictureb25e375f3a97b3467961505186a4241e2a6bbefb22122023.jpeg [33m404[0m 1.680 ms - 223[0m
2023-12-11 18:39:33 info: [0mGET /public/files/albums/postPicture6f0ab25e375f3a97b3467961505186a4241e2a6b46122023.octet-stream [33m404[0m 2.000 ms - 231[0m
2023-12-11 18:39:33 info: [0mGET /public/files/albums/postPicturee360b2c019f60ad69535be615770bb1aab06112750122023.png [33m404[0m 2.224 ms - 222[0m
2023-12-11 18:39:33 info: [0mGET /public/files/albums/postPicture5f539a43c377472363dbdd37af8a523e7b124a8022122023.png [33m404[0m 0.675 ms - 222[0m
2023-12-11 18:39:33 info: [0mGET /public/files/albums/postPictureffe7acebe0fd2c1bb9e191df6d10863a0675575746122023.octet-stream [33m404[0m 0.613 ms - 231[0m
2023-12-11 18:39:33 info: [0mGET /public/files/albums/postPicturee9d11ef13cf36c49bb0e8f4436d4a5003ca20cae33122023.png [33m404[0m 0.835 ms - 222[0m
2023-12-11 18:39:34 info: [0mGET /public/files/albums/postPictureebe0fd2c1bb9e191df6d10863a06755757a97f6c11122023.octet-stream [33m404[0m 0.818 ms - 231[0m
2023-12-11 18:39:34 info: [0mGET /public/files/albums/postPicture0fd2c1bb9e191df6d10863a06755757a97f6c1bf31122023.octet-stream [33m404[0m 0.771 ms - 231[0m
2023-12-11 18:39:34 info: [0mGET /public/files/albums/postPicture2c1bb9e191df6d10863a06755757a97f6c1bf0ba11122023.octet-stream [33m404[0m 0.674 ms - 231[0m
2023-12-11 18:39:34 info: [0mGET /public/files/albums/postPicture1485a05ad584f8f22313961672bb1e9e845c6aa205122023.octet-stream [33m404[0m 0.715 ms - 231[0m
2023-12-11 18:39:34 info: [0mGET /public/files/albums/postPicturef5c92c6de44a35f4990bbbe2ecafce86cd5320d926122023.octet-stream [33m404[0m 0.720 ms - 231[0m
2023-12-11 18:39:34 info: [0mGET /public/files/albums/postPicture5a05ad584f8f22313961672bb1e9e845c6aa291024122023.octet-stream [33m404[0m 0.830 ms - 231[0m
2023-12-11 18:39:34 info: [0mGET /public/files/albums/postPictureab1ea683903e4ee8f09207748b58848b796d30b002122023.octet-stream [33m404[0m 1.322 ms - 231[0m
2023-12-11 18:39:34 info: [0mGET /public/files/albums/postPicturebc134f12720fc7feb9b82da20c66021635b3d5ec16122023.octet-stream [33m404[0m 0.615 ms - 231[0m
2023-12-11 18:39:34 info: [0mGET /public/files/albums/postPictureea683903e4ee8f09207748b58848b796d30b097221122023.octet-stream [33m404[0m 1.567 ms - 231[0m
2023-12-11 18:39:34 info: [0mGET /public/files/albums/postPicture83903e4ee8f09207748b58848b796d30b097255201122023.png [33m404[0m 0.702 ms - 222[0m
2023-12-11 19:16:46 info: [0mGET /public/files/albums/postPictureefbe481a61acdf3cafa2071b05e82f15a9cf2ebd02122023.png [33m404[0m 0.601 ms - 222[0m
2023-12-11 19:16:46 info: [0mGET /public/files/albums/postPictureac4e6f51f29d58f04d4b8c223edaec3174c9ab6716122023.png [33m404[0m 3.016 ms - 222[0m
2023-12-11 19:16:46 info: [0mGET /public/files/albums/postPicture6f0ab25e375f3a97b3467961505186a4241e2a6b46122023.octet-stream [33m404[0m 3.307 ms - 231[0m
2023-12-11 19:16:46 info: [0mGET /public/files/albums/postPicturee360b2c019f60ad69535be615770bb1aab06112750122023.png [33m404[0m 3.305 ms - 222[0m
2023-12-11 19:16:46 info: [0mGET /public/files/albums/postPicture375f3a97b3467961505186a4241e2a6bbefb451952122023.jpeg [33m404[0m 3.466 ms - 223[0m
2023-12-11 19:16:46 info: [0mGET /public/files/albums/postPictured274b9a2a09e590a5f6d2661d9b879f0280663bc02122023.jpeg [33m404[0m 3.390 ms - 223[0m
2023-12-11 19:16:46 info: [0mGET /public/files/albums/postPicture96bf7dff70c791a395340c0292a9f6fd29340b0625122023.png [33m404[0m 2.933 ms - 222[0m
2023-12-11 19:16:46 info: [0mGET /public/files/albums/postPictureb25e375f3a97b3467961505186a4241e2a6bbefb22122023.jpeg [33m404[0m 3.285 ms - 223[0m
2023-12-11 19:16:46 info: [0mGET /public/files/albums/postPicture90dd6f0ab25e375f3a97b3467961505186a4241e55122023.png [33m404[0m 3.924 ms - 222[0m
2023-12-11 19:16:46 info: [0mGET /public/files/albums/postPicture656a08b0890e3b556c9baf2a64cee181b632223f46122023.png [33m404[0m 4.460 ms - 222[0m
2023-12-11 19:16:46 info: [0mGET /public/files/albums/postPicture505cfe5bd9b6bef9ae840078e4734144b5d9dd6e43122023.png [33m404[0m 0.596 ms - 222[0m
2023-12-11 19:16:47 info: [0mGET /public/files/albums/postPicturef50e15909b11505cfe5bd9b6bef9ae840078e47327122023.png [33m404[0m 0.523 ms - 222[0m
2023-12-11 19:16:47 info: [0mGET /public/files/albums/postPicture9b11505cfe5bd9b6bef9ae840078e4734144b5d914122023.png [33m404[0m 0.542 ms - 222[0m
2023-12-11 19:16:47 info: [0mGET /public/files/albums/postPicture5d2f8cd3f6f50e15909b11505cfe5bd9b6bef9ae42122023.png [33m404[0m 2.528 ms - 222[0m
2023-12-11 19:16:47 info: [0mGET /public/files/albums/postPicturef6f50e15909b11505cfe5bd9b6bef9ae840078e432122023.png [33m404[0m 1.857 ms - 222[0m
2023-12-11 19:16:47 info: [0mGET /public/files/albums/postPictureea2cd61a368c8e214914d067fa55bccc2895295714122023.png [33m404[0m 0.665 ms - 222[0m
2023-12-11 19:16:47 info: [0mGET /public/files/albums/postPicture7b7c61ab9d61f5d12c3b0122cc6fec73eb64fc6247122023.png [33m404[0m 2.073 ms - 222[0m
2023-12-11 19:16:47 info: [0mGET /public/files/albums/postPicture3d30f9e2249b636e6a6d423149a491b02cfb8e3927122023.png [33m404[0m 2.333 ms - 222[0m
2023-12-11 19:16:47 info: [0mGET /public/files/albums/postPicture43c377472363dbdd37af8a523e7b124a80f6a91b41122023.png [33m404[0m 2.867 ms - 222[0m
2023-12-11 19:16:47 info: [0mGET /public/files/albums/postPicture87395b6b96208af9e910167fbea922bf9dc2427537122023.png [33m404[0m 2.901 ms - 222[0m
2023-12-11 19:16:47 info: [0mGET /public/files/albums/postPicture5f539a43c377472363dbdd37af8a523e7b124a8022122023.png [33m404[0m 1.337 ms - 222[0m
2023-12-11 19:16:47 info: [0mGET /public/files/albums/postPicturee9d11ef13cf36c49bb0e8f4436d4a5003ca20cae33122023.png [33m404[0m 2.357 ms - 222[0m
2023-12-11 19:16:47 info: [0mGET /public/files/albums/postPictureffe7acebe0fd2c1bb9e191df6d10863a0675575746122023.octet-stream [33m404[0m 2.680 ms - 231[0m
2023-12-11 19:16:47 info: [0mGET /public/files/albums/postPicture0fd2c1bb9e191df6d10863a06755757a97f6c1bf31122023.octet-stream [33m404[0m 2.481 ms - 231[0m
2023-12-11 19:16:47 info: [0mGET /public/files/albums/postPictureebe0fd2c1bb9e191df6d10863a06755757a97f6c11122023.octet-stream [33m404[0m 0.429 ms - 231[0m
2023-12-11 19:16:48 info: [0mGET /public/files/albums/postPicture2c1bb9e191df6d10863a06755757a97f6c1bf0ba11122023.octet-stream [33m404[0m 0.485 ms - 231[0m
2023-12-11 19:16:48 info: [0mGET /public/files/albums/postPicture1485a05ad584f8f22313961672bb1e9e845c6aa205122023.octet-stream [33m404[0m 2.480 ms - 231[0m
2023-12-11 19:16:48 info: [0mGET /public/files/albums/postPicture5a05ad584f8f22313961672bb1e9e845c6aa291024122023.octet-stream [33m404[0m 1.183 ms - 231[0m
2023-12-11 19:16:48 info: [0mGET /public/files/albums/postPicturebc134f12720fc7feb9b82da20c66021635b3d5ec16122023.octet-stream [33m404[0m 0.649 ms - 231[0m
2023-12-11 19:16:48 info: [0mGET /public/files/albums/postPictureab1ea683903e4ee8f09207748b58848b796d30b002122023.octet-stream [33m404[0m 1.020 ms - 231[0m
2023-12-11 19:16:48 info: [0mGET /public/files/albums/postPicturef5c92c6de44a35f4990bbbe2ecafce86cd5320d926122023.octet-stream [33m404[0m 1.514 ms - 231[0m
2023-12-11 19:16:48 info: [0mGET /public/files/albums/postPictureea683903e4ee8f09207748b58848b796d30b097221122023.octet-stream [33m404[0m 0.916 ms - 231[0m
2023-12-11 19:16:48 info: [0mGET /public/files/albums/postPicture83903e4ee8f09207748b58848b796d30b097255201122023.png [33m404[0m 1.360 ms - 222[0m
2023-12-11 19:17:01 error: [GET] /users/e1d640e916c8628de70bf8ec0bd97461577cc85a >> StatusCode:: 401, Message:: Wrong authentication token
2023-12-11 19:17:01 info: [0mGET /users/e1d640e916c8628de70bf8ec0bd97461577cc85a [33m401[0m 9.759 ms - 40[0m
2023-12-11 19:17:02 info: [0mPOST /refresh [32m200[0m 1.435 ms - 276[0m
2023-12-11 19:17:03 info: [0mGET /users/e1d640e916c8628de70bf8ec0bd97461577cc85a [32m200[0m 1507.684 ms - 454[0m
2023-12-11 19:17:06 info: [0mGET /albums/categories [32m201[0m 1059.389 ms - 114[0m
2023-12-11 19:17:07 info: [0mGET /albums/popular [32m201[0m 2361.210 ms - -[0m
2023-12-11 19:17:07 info: [0mGET /users/plans/e1d640e916c8628de70bf8ec0bd97461577cc85a [32m200[0m 2517.127 ms - 223[0m
2023-12-11 19:17:08 info: [0mGET /albums [32m201[0m 3196.684 ms - -[0m
2023-12-11 20:58:11 info: =================================
2023-12-11 20:58:11 info: ======= ENV: development =======
2023-12-11 20:58:11 info: 🚀 App listening on the port 8000
2023-12-11 20:58:11 info: =================================
2023-12-11 21:02:17 info: =================================
2023-12-11 21:02:17 info: ======= ENV: development =======
2023-12-11 21:02:17 info: 🚀 App listening on the port 8000
2023-12-11 21:02:17 info: =================================
2023-12-11 21:03:16 info: =================================
2023-12-11 21:03:16 info: ======= ENV: development =======
2023-12-11 21:03:16 info: 🚀 App listening on the port 8000
2023-12-11 21:03:16 info: =================================
2023-12-11 21:03:25 info: =================================
2023-12-11 21:03:25 info: ======= ENV: development =======
2023-12-11 21:03:25 info: 🚀 App listening on the port 8000
2023-12-11 21:03:25 info: =================================
2023-12-11 21:09:04 info: [0mPOST /wallet/e1d640e916c8628de70bf8ec0bd97461577cc85a [33m404[0m 7.217 ms - 187[0m
2023-12-11 21:09:11 error: [GET] /wallet/e1d640e916c8628de70bf8ec0bd97461577cc85a >> StatusCode:: 401, Message:: Wrong authentication token
2023-12-11 21:09:11 info: [0mGET /wallet/e1d640e916c8628de70bf8ec0bd97461577cc85a [33m401[0m 37.724 ms - 40[0m
2023-12-11 21:09:11 info: [0mPOST /refresh [32m200[0m 34.313 ms - 276[0m
2023-12-11 21:09:13 info: [0mGET /wallet/e1d640e916c8628de70bf8ec0bd97461577cc85a [32m201[0m 1951.075 ms - 13[0m
2023-12-11 21:11:28 error: [GET] /wallet/e1d640e916c8628de70bf8ec0bd97461577cc85a >> StatusCode:: 401, Message:: Wrong authentication token
2023-12-11 21:11:28 info: [0mGET /wallet/e1d640e916c8628de70bf8ec0bd97461577cc85a [33m401[0m 4.995 ms - 40[0m
2023-12-11 21:11:28 info: [0mPOST /refresh [32m200[0m 3.492 ms - 277[0m
2023-12-11 21:11:31 info: [0mGET /wallet/e1d640e916c8628de70bf8ec0bd97461577cc85a [32m201[0m 1711.930 ms - 13[0m
2023-12-11 21:12:12 info: [0mGET /wallet/e1d640e916c8628de70bf8ec0bd97461577cc85a [32m201[0m 2142.682 ms - 13[0m
2023-12-11 21:14:23 error: [GET] /wallet/e1d640e916c8628de70bf8ec0bd97461577cc85a >> StatusCode:: 401, Message:: Wrong authentication token
2023-12-11 21:14:23 info: [0mGET /wallet/e1d640e916c8628de70bf8ec0bd97461577cc85a [33m401[0m 7.476 ms - 40[0m
2023-12-11 21:14:24 info: [0mPOST /refresh [32m200[0m 1.794 ms - 277[0m
2023-12-11 21:14:26 info: [0mGET /wallet/e1d640e916c8628de70bf8ec0bd97461577cc85a [32m201[0m 1699.260 ms - 2[0m
2023-12-11 21:15:30 error: [GET] /wallet/e1d640e916c8628de70bf8ec0bd97461577cc85a >> StatusCode:: 401, Message:: Wrong authentication token
2023-12-11 21:15:30 info: [0mGET /wallet/e1d640e916c8628de70bf8ec0bd97461577cc85a [33m401[0m 6.341 ms - 40[0m
2023-12-11 21:15:30 info: [0mPOST /refresh [32m200[0m 5.718 ms - 277[0m
2023-12-11 21:15:32 info: [0mGET /wallet/e1d640e916c8628de70bf8ec0bd97461577cc85a [32m201[0m 1378.434 ms - 2[0m
2023-12-11 21:19:35 info: =================================
2023-12-11 21:19:35 info: ======= ENV: development =======
2023-12-11 21:19:35 info: 🚀 App listening on the port 8000
2023-12-11 21:19:35 info: =================================
2023-12-11 21:19:39 error: [GET] /wallet/e1d640e916c8628de70bf8ec0bd97461577cc85a >> StatusCode:: 401, Message:: Wrong authentication token
2023-12-11 21:19:39 info: [0mGET /wallet/e1d640e916c8628de70bf8ec0bd97461577cc85a [33m401[0m 28.192 ms - 40[0m
2023-12-11 21:19:40 info: [0mPOST /refresh [32m200[0m 24.355 ms - 277[0m
2023-12-11 21:19:41 info: [0mGET /wallet/e1d640e916c8628de70bf8ec0bd97461577cc85a [32m201[0m 1555.529 ms - 2[0m
2023-12-11 21:19:52 info: =================================
2023-12-11 21:19:52 info: ======= ENV: development =======
2023-12-11 21:19:52 info: 🚀 App listening on the port 8000
2023-12-11 21:19:52 info: =================================
2023-12-11 21:20:11 info: =================================
2023-12-11 21:20:11 info: ======= ENV: development =======
2023-12-11 21:20:11 info: 🚀 App listening on the port 8000
2023-12-11 21:20:11 info: =================================
2023-12-11 21:20:25 info: [0mGET /wallet/e1d640e916c8628de70bf8ec0bd97461577cc85a [32m201[0m 1954.880 ms - 2[0m
2023-12-11 21:20:42 info: =================================
2023-12-11 21:20:42 info: ======= ENV: development =======
2023-12-11 21:20:42 info: 🚀 App listening on the port 8000
2023-12-11 21:20:42 info: =================================
2023-12-11 21:20:50 error: [GET] /wallet/e1d640e916c8628de70bf8ec0bd97461577cc85a >> StatusCode:: 401, Message:: Wrong authentication token
2023-12-11 21:20:50 info: [0mGET /wallet/e1d640e916c8628de70bf8ec0bd97461577cc85a [33m401[0m 30.512 ms - 40[0m
2023-12-11 21:20:51 info: [0mPOST /refresh [32m200[0m 21.087 ms - 277[0m
2023-12-11 21:20:53 info: [0mGET /wallet/e1d640e916c8628de70bf8ec0bd97461577cc85a [32m201[0m 1846.366 ms - 13[0m
2023-12-11 21:21:18 info: [0mGET /wallet/e1d640e916c8628de70bf8ec0bd97461577cc85a [32m201[0m 1672.871 ms - 16[0m
2023-12-11 21:23:24 error: [GET] /wallet/e1d640e916c8628de70bf8ec0bd97461577cc85a >> StatusCode:: 401, Message:: Wrong authentication token
2023-12-11 21:23:24 info: [0mGET /wallet/e1d640e916c8628de70bf8ec0bd97461577cc85a [33m401[0m 5.056 ms - 40[0m
2023-12-11 21:23:24 info: [0mPOST /refresh [32m200[0m 2.403 ms - 277[0m
2023-12-11 21:23:26 info: [0mGET /wallet/e1d640e916c8628de70bf8ec0bd97461577cc85a [32m201[0m 1384.876 ms - 16[0m
