2023-04-25 09:37:06 info: =================================
2023-04-25 09:37:06 info: ======= ENV: development =======
2023-04-25 09:37:06 info: 🚀 App listening on the port 3000
2023-04-25 09:37:06 info: =================================
2023-04-25 09:37:35 info: =================================
2023-04-25 09:37:35 info: ======= ENV: development =======
2023-04-25 09:37:35 info: 🚀 App listening on the port 3000
2023-04-25 09:37:35 info: =================================
2023-04-25 09:37:39 info: =================================
2023-04-25 09:37:39 info: ======= ENV: development =======
2023-04-25 09:37:39 info: 🚀 App listening on the port 3000
2023-04-25 09:37:39 info: =================================
2023-04-25 09:40:12 info: [0mPOST /users/subscribe/cus_NkTxUHTr9TbISa [32m200[0m 714.798 ms - 41[0m
2023-04-25 09:42:23 info: =================================
2023-04-25 09:42:23 info: ======= ENV: development =======
2023-04-25 09:42:23 info: 🚀 App listening on the port 3000
2023-04-25 09:42:23 info: =================================
2023-04-25 09:42:29 info: [0mPOST /users/subscribe/cus_NkTxUHTr9TbISa [32m200[0m 516.066 ms - 41[0m
2023-04-25 09:42:56 info: [0mPOST /users/subscribe/cus_NkTxUHTr9TbISa [32m200[0m 1281.462 ms - -[0m
2023-04-25 09:43:35 info: [0mPOST /users/subscribe/cus_NkTxUHTr9TbISa [32m200[0m 953.598 ms - -[0m
2023-04-25 09:43:41 info: [0mPOST /users/subscribe/cus_NkTxUHTr9TbISa [32m200[0m 1048.205 ms - -[0m
2023-04-25 09:48:39 info: [0mPOST /users/subscribe/cus_NkTxUHTr9TbISa [32m200[0m 1176.890 ms - -[0m
2023-04-25 09:50:47 info: =================================
2023-04-25 09:50:47 info: ======= ENV: development =======
2023-04-25 09:50:47 info: 🚀 App listening on the port 3000
2023-04-25 09:50:47 info: =================================
2023-04-25 09:51:14 info: =================================
2023-04-25 09:51:14 info: ======= ENV: development =======
2023-04-25 09:51:14 info: 🚀 App listening on the port 3000
2023-04-25 09:51:14 info: =================================
2023-04-25 09:51:30 info: [0mPOST /users/subscribe/cus_NkTxUHTr9TbISa [32m200[0m 1285.111 ms - -[0m
2023-04-25 09:53:42 info: [0mGET /sellers/plans/cus_NkTy5P9bfCdDea [32m200[0m 519.208 ms - 163[0m
2023-04-25 09:57:16 info: [0mPOST /users/subscribe/cus_NkTxUHTr9TbISa [32m200[0m 1112.525 ms - -[0m
2023-04-25 09:57:59 info: [0mPOST /users/subscribe/cus_NkTxUHTr9TbISa [32m200[0m 445.581 ms - 41[0m
2023-04-25 09:58:13 info: [0mPOST /users/subscribe/cus_NkTxUHTr9TbISa [32m200[0m 959.944 ms - -[0m
2023-04-25 10:17:40 info: =================================
2023-04-25 10:17:40 info: ======= ENV: development =======
2023-04-25 10:17:40 info: 🚀 App listening on the port 3000
2023-04-25 10:17:40 info: =================================
2023-04-25 10:17:54 info: =================================
2023-04-25 10:17:54 info: ======= ENV: development =======
2023-04-25 10:17:54 info: 🚀 App listening on the port 3000
2023-04-25 10:17:54 info: =================================
2023-04-25 10:17:59 info: =================================
2023-04-25 10:17:59 info: ======= ENV: development =======
2023-04-25 10:17:59 info: 🚀 App listening on the port 3000
2023-04-25 10:17:59 info: =================================
2023-04-25 10:18:09 info: =================================
2023-04-25 10:18:09 info: ======= ENV: development =======
2023-04-25 10:18:09 info: 🚀 App listening on the port 3000
2023-04-25 10:18:09 info: =================================
2023-04-25 10:18:21 info: =================================
2023-04-25 10:18:21 info: ======= ENV: development =======
2023-04-25 10:18:21 info: 🚀 App listening on the port 3000
2023-04-25 10:18:21 info: =================================
2023-04-25 10:18:23 info: =================================
2023-04-25 10:18:23 info: ======= ENV: development =======
2023-04-25 10:18:23 info: 🚀 App listening on the port 3000
2023-04-25 10:18:23 info: =================================
2023-04-25 10:18:28 info: =================================
2023-04-25 10:18:28 info: ======= ENV: development =======
2023-04-25 10:18:28 info: 🚀 App listening on the port 3000
2023-04-25 10:18:28 info: =================================
2023-04-25 10:18:33 info: =================================
2023-04-25 10:18:33 info: ======= ENV: development =======
2023-04-25 10:18:33 info: 🚀 App listening on the port 3000
2023-04-25 10:18:33 info: =================================
2023-04-25 10:18:38 info: =================================
2023-04-25 10:18:38 info: ======= ENV: development =======
2023-04-25 10:18:38 info: 🚀 App listening on the port 3000
2023-04-25 10:18:38 info: =================================
2023-04-25 10:18:42 info: =================================
2023-04-25 10:18:42 info: ======= ENV: development =======
2023-04-25 10:18:42 info: 🚀 App listening on the port 3000
2023-04-25 10:18:42 info: =================================
2023-04-25 10:18:46 info: =================================
2023-04-25 10:18:46 info: ======= ENV: development =======
2023-04-25 10:18:46 info: 🚀 App listening on the port 3000
2023-04-25 10:18:46 info: =================================
2023-04-25 10:21:59 info: =================================
2023-04-25 10:21:59 info: ======= ENV: development =======
2023-04-25 10:21:59 info: 🚀 App listening on the port 3000
2023-04-25 10:21:59 info: =================================
2023-04-25 10:22:10 info: =================================
2023-04-25 10:22:10 info: ======= ENV: development =======
2023-04-25 10:22:10 info: 🚀 App listening on the port 3000
2023-04-25 10:22:10 info: =================================
2023-04-25 10:22:19 info: =================================
2023-04-25 10:22:19 info: ======= ENV: development =======
2023-04-25 10:22:19 info: 🚀 App listening on the port 3000
2023-04-25 10:22:19 info: =================================
2023-04-25 10:54:56 info: =================================
2023-04-25 10:54:56 info: ======= ENV: development =======
2023-04-25 10:54:56 info: 🚀 App listening on the port 3000
2023-04-25 10:54:56 info: =================================
2023-04-25 10:55:04 info: =================================
2023-04-25 10:55:04 info: ======= ENV: development =======
2023-04-25 10:55:04 info: 🚀 App listening on the port 3000
2023-04-25 10:55:04 info: =================================
2023-04-25 10:55:16 info: =================================
2023-04-25 10:55:16 info: ======= ENV: development =======
2023-04-25 10:55:16 info: 🚀 App listening on the port 3000
2023-04-25 10:55:16 info: =================================
2023-04-25 10:56:43 info: =================================
2023-04-25 10:56:43 info: ======= ENV: development =======
2023-04-25 10:56:43 info: 🚀 App listening on the port 3000
2023-04-25 10:56:43 info: =================================
2023-04-25 10:56:48 info: =================================
2023-04-25 10:56:48 info: ======= ENV: development =======
2023-04-25 10:56:48 info: 🚀 App listening on the port 3000
2023-04-25 10:56:48 info: =================================
2023-04-25 10:56:51 info: =================================
2023-04-25 10:56:51 info: ======= ENV: development =======
2023-04-25 10:56:51 info: 🚀 App listening on the port 3000
2023-04-25 10:56:51 info: =================================
2023-04-25 10:56:54 info: =================================
2023-04-25 10:56:54 info: ======= ENV: development =======
2023-04-25 10:56:54 info: 🚀 App listening on the port 3000
2023-04-25 10:56:54 info: =================================
2023-04-25 10:57:02 info: =================================
2023-04-25 10:57:02 info: ======= ENV: development =======
2023-04-25 10:57:02 info: 🚀 App listening on the port 3000
2023-04-25 10:57:02 info: =================================
2023-04-25 10:57:27 info: =================================
2023-04-25 10:57:27 info: ======= ENV: development =======
2023-04-25 10:57:27 info: 🚀 App listening on the port 3000
2023-04-25 10:57:27 info: =================================
2023-04-25 11:15:26 info: =================================
2023-04-25 11:15:26 info: ======= ENV: development =======
2023-04-25 11:15:26 info: 🚀 App listening on the port 3000
2023-04-25 11:15:26 info: =================================
2023-04-25 11:15:33 info: =================================
2023-04-25 11:15:33 info: ======= ENV: development =======
2023-04-25 11:15:33 info: 🚀 App listening on the port 3000
2023-04-25 11:15:33 info: =================================
2023-04-25 11:15:39 info: =================================
2023-04-25 11:15:39 info: ======= ENV: development =======
2023-04-25 11:15:39 info: 🚀 App listening on the port 3000
2023-04-25 11:15:39 info: =================================
2023-04-25 11:15:54 info: =================================
2023-04-25 11:15:54 info: ======= ENV: development =======
2023-04-25 11:15:54 info: 🚀 App listening on the port 3000
2023-04-25 11:15:54 info: =================================
2023-04-25 11:15:59 info: [0mPOST /users/subscribe/cus_NkTxUHTr9TbISa [32m200[0m 498.936 ms - 41[0m
2023-04-25 11:16:25 info: [0mPOST /users/subscribe/cus_NkTxUHTr9TbISa [32m200[0m 1434.063 ms - -[0m
2023-04-25 11:39:06 info: =================================
2023-04-25 11:39:06 info: ======= ENV: development =======
2023-04-25 11:39:06 info: 🚀 App listening on the port 3000
2023-04-25 11:39:06 info: =================================
2023-04-25 11:39:10 info: =================================
2023-04-25 11:39:10 info: ======= ENV: development =======
2023-04-25 11:39:10 info: 🚀 App listening on the port 3000
2023-04-25 11:39:10 info: =================================
2023-04-25 11:39:34 info: =================================
2023-04-25 11:39:34 info: ======= ENV: development =======
2023-04-25 11:39:34 info: 🚀 App listening on the port 3000
2023-04-25 11:39:34 info: =================================
2023-04-25 11:39:37 info: =================================
2023-04-25 11:39:37 info: ======= ENV: development =======
2023-04-25 11:39:37 info: 🚀 App listening on the port 3000
2023-04-25 11:39:37 info: =================================
2023-04-25 12:41:21 info: =================================
2023-04-25 12:41:21 info: ======= ENV: development =======
2023-04-25 12:41:21 info: 🚀 App listening on the port 3000
2023-04-25 12:41:21 info: =================================
2023-04-25 16:20:09 info: =================================
2023-04-25 16:20:09 info: ======= ENV: development =======
2023-04-25 16:20:09 info: 🚀 App listening on the port 3000
2023-04-25 16:20:09 info: =================================
2023-04-25 16:22:25 info: =================================
2023-04-25 16:22:25 info: ======= ENV: development =======
2023-04-25 16:22:25 info: 🚀 App listening on the port 3000
2023-04-25 16:22:25 info: =================================
2023-04-25 16:22:36 info: =================================
2023-04-25 16:22:36 info: ======= ENV: development =======
2023-04-25 16:22:36 info: 🚀 App listening on the port 3000
2023-04-25 16:22:36 info: =================================
2023-04-25 16:22:44 info: =================================
2023-04-25 16:22:44 info: ======= ENV: development =======
2023-04-25 16:22:44 info: 🚀 App listening on the port 3000
2023-04-25 16:22:44 info: =================================
2023-04-25 16:22:48 info: =================================
2023-04-25 16:22:48 info: ======= ENV: development =======
2023-04-25 16:22:48 info: 🚀 App listening on the port 3000
2023-04-25 16:22:48 info: =================================
2023-04-25 16:23:07 info: =================================
2023-04-25 16:23:07 info: ======= ENV: development =======
2023-04-25 16:23:07 info: 🚀 App listening on the port 3000
2023-04-25 16:23:07 info: =================================
2023-04-25 16:23:12 info: =================================
2023-04-25 16:23:12 info: ======= ENV: development =======
2023-04-25 16:23:12 info: 🚀 App listening on the port 3000
2023-04-25 16:23:12 info: =================================
2023-04-25 16:23:17 info: =================================
2023-04-25 16:23:17 info: ======= ENV: development =======
2023-04-25 16:23:17 info: 🚀 App listening on the port 3000
2023-04-25 16:23:17 info: =================================
2023-04-25 16:23:25 info: =================================
2023-04-25 16:23:25 info: ======= ENV: development =======
2023-04-25 16:23:25 info: 🚀 App listening on the port 3000
2023-04-25 16:23:25 info: =================================
2023-04-25 16:23:40 info: [0mPOST /signup [36m302[0m 2344.143 ms - 327[0m
2023-04-25 16:24:16 info: [0mPOST /signup [36m302[0m 1610.163 ms - 326[0m
2023-04-25 16:27:26 info: [0mPOST /signup [36m302[0m 1861.693 ms - 324[0m
2023-04-25 16:39:45 info: =================================
2023-04-25 16:39:45 info: ======= ENV: development =======
2023-04-25 16:39:45 info: 🚀 App listening on the port 3000
2023-04-25 16:39:45 info: =================================
2023-04-25 16:41:25 info: [0mPOST /signup [36m302[0m 2034.454 ms - 326[0m
2023-04-25 16:42:43 info: [0mPOST /signup [32m201[0m 644.560 ms - 63[0m
2023-04-25 16:43:38 info: [0mPOST /signup [36m302[0m 1968.766 ms - 326[0m
2023-04-25 16:44:30 info: [0mPOST /signup [36m302[0m 1488.671 ms - 326[0m
2023-04-25 16:45:29 info: [0mGET /users/confirmation/eyJhbGciOiJIUzI1NiIsInR5cCI6IkpXVCJ9.eyJkYXRhIjoiY3VzX05tTG9XVmZ6bGVBQUVSIiwiaWF0IjoxNjgyNDMzODcwLCJleHAiOjE2ODI0Mzc0NzB9.K85ONx3CBTgOAJVkM3OJoPzTgqqVYW3ysrBFVrvo_PE [36m302[0m 943.251 ms - 46[0m
2023-04-25 16:45:29 info: [0mGET / [32m200[0m 0.651 ms - 2[0m
2023-04-25 16:52:36 info: =================================
2023-04-25 16:52:36 info: ======= ENV: development =======
2023-04-25 16:52:36 info: 🚀 App listening on the port 3000
2023-04-25 16:52:36 info: =================================
2023-04-25 16:52:47 info: =================================
2023-04-25 16:52:47 info: ======= ENV: development =======
2023-04-25 16:52:47 info: 🚀 App listening on the port 3000
2023-04-25 16:52:47 info: =================================
2023-04-25 16:52:51 info: =================================
2023-04-25 16:52:51 info: ======= ENV: development =======
2023-04-25 16:52:51 info: 🚀 App listening on the port 3000
2023-04-25 16:52:51 info: =================================
2023-04-25 16:52:57 info: =================================
2023-04-25 16:52:57 info: ======= ENV: development =======
2023-04-25 16:52:57 info: 🚀 App listening on the port 3000
2023-04-25 16:52:57 info: =================================
2023-04-25 16:53:01 info: =================================
2023-04-25 16:53:01 info: ======= ENV: development =======
2023-04-25 16:53:01 info: 🚀 App listening on the port 3000
2023-04-25 16:53:01 info: =================================
2023-04-25 16:53:04 info: =================================
2023-04-25 16:53:04 info: ======= ENV: development =======
2023-04-25 16:53:04 info: 🚀 App listening on the port 3000
2023-04-25 16:53:04 info: =================================
2023-04-25 16:53:10 info: =================================
2023-04-25 16:53:10 info: ======= ENV: development =======
2023-04-25 16:53:10 info: 🚀 App listening on the port 3000
2023-04-25 16:53:10 info: =================================
2023-04-25 16:53:25 info: =================================
2023-04-25 16:53:25 info: ======= ENV: development =======
2023-04-25 16:53:25 info: 🚀 App listening on the port 3000
2023-04-25 16:53:25 info: =================================
2023-04-25 16:59:50 info: =================================
2023-04-25 16:59:50 info: ======= ENV: development =======
2023-04-25 16:59:50 info: 🚀 App listening on the port 3000
2023-04-25 16:59:50 info: =================================
2023-04-25 16:59:59 info: =================================
2023-04-25 16:59:59 info: ======= ENV: development =======
2023-04-25 16:59:59 info: 🚀 App listening on the port 3000
2023-04-25 16:59:59 info: =================================
2023-04-25 17:00:06 info: =================================
2023-04-25 17:00:06 info: ======= ENV: development =======
2023-04-25 17:00:06 info: 🚀 App listening on the port 3000
2023-04-25 17:00:06 info: =================================
2023-04-25 17:00:11 info: =================================
2023-04-25 17:00:11 info: ======= ENV: development =======
2023-04-25 17:00:11 info: 🚀 App listening on the port 3000
2023-04-25 17:00:11 info: =================================
2023-04-25 17:00:34 info: =================================
2023-04-25 17:00:34 info: ======= ENV: development =======
2023-04-25 17:00:34 info: 🚀 App listening on the port 3000
2023-04-25 17:00:34 info: =================================
2023-04-25 17:00:42 info: =================================
2023-04-25 17:00:42 info: ======= ENV: development =======
2023-04-25 17:00:42 info: 🚀 App listening on the port 3000
2023-04-25 17:00:42 info: =================================
2023-04-25 17:00:52 info: =================================
2023-04-25 17:00:52 info: ======= ENV: development =======
2023-04-25 17:00:52 info: 🚀 App listening on the port 3000
2023-04-25 17:00:52 info: =================================
2023-04-25 17:02:16 info: [0mPOST /sellers/upload/identitycard/cus_Nes05P2erB7zKg [32m200[0m 22.536 ms - 2[0m
2023-04-25 17:02:50 info: =================================
2023-04-25 17:02:50 info: ======= ENV: development =======
2023-04-25 17:02:50 info: 🚀 App listening on the port 3000
2023-04-25 17:02:50 info: =================================
2023-04-25 17:02:59 info: =================================
2023-04-25 17:02:59 info: ======= ENV: development =======
2023-04-25 17:02:59 info: 🚀 App listening on the port 3000
2023-04-25 17:02:59 info: =================================
2023-04-25 17:03:46 info: =================================
2023-04-25 17:03:46 info: ======= ENV: development =======
2023-04-25 17:03:46 info: 🚀 App listening on the port 3000
2023-04-25 17:03:46 info: =================================
2023-04-25 17:04:23 info: =================================
2023-04-25 17:04:23 info: ======= ENV: development =======
2023-04-25 17:04:23 info: 🚀 App listening on the port 3000
2023-04-25 17:04:23 info: =================================
2023-04-25 17:04:28 info: [0mPOST /sellers/upload/identitycard/cus_Nes05P2erB7zKg [32m200[0m 20.864 ms - 2[0m
2023-04-25 17:06:08 info: =================================
2023-04-25 17:06:08 info: ======= ENV: development =======
2023-04-25 17:06:08 info: 🚀 App listening on the port 3000
2023-04-25 17:06:08 info: =================================
2023-04-25 17:06:20 info: [0mPOST /sellers/upload/identitycard/cus_Nes05P2erB7zKg [32m200[0m 20.433 ms - 2[0m
2023-04-25 17:07:13 info: [0mPOST /sellers/upload/identitycard/cus_Nes05P2erB7zKg [32m200[0m 1732.697 ms - 2[0m
2023-04-25 17:08:56 info: =================================
2023-04-25 17:08:56 info: ======= ENV: development =======
2023-04-25 17:08:56 info: 🚀 App listening on the port 3000
2023-04-25 17:08:56 info: =================================
2023-04-25 17:10:23 info: =================================
2023-04-25 17:10:23 info: ======= ENV: development =======
2023-04-25 17:10:23 info: 🚀 App listening on the port 3000
2023-04-25 17:10:23 info: =================================
2023-04-25 17:10:29 info: =================================
2023-04-25 17:10:29 info: ======= ENV: development =======
2023-04-25 17:10:29 info: 🚀 App listening on the port 3000
2023-04-25 17:10:29 info: =================================
2023-04-25 17:10:33 info: [0mPOST /sellers/upload/identitycard/cus_Nes05P2erB7zKg [32m200[0m 1262.141 ms - 2[0m
2023-04-25 17:10:58 info: =================================
2023-04-25 17:10:58 info: ======= ENV: development =======
2023-04-25 17:10:58 info: 🚀 App listening on the port 3000
2023-04-25 17:10:58 info: =================================
2023-04-25 17:11:01 info: [0mPOST /sellers/upload/identitycard/cus_Nes05P2erB7zKg [32m200[0m 1297.022 ms - 2[0m
2023-04-25 17:12:30 info: =================================
2023-04-25 17:12:30 info: ======= ENV: development =======
2023-04-25 17:12:30 info: 🚀 App listening on the port 3000
2023-04-25 17:12:30 info: =================================
2023-04-25 17:12:36 info: =================================
2023-04-25 17:12:36 info: ======= ENV: development =======
2023-04-25 17:12:36 info: 🚀 App listening on the port 3000
2023-04-25 17:12:36 info: =================================
2023-04-25 17:12:39 info: =================================
2023-04-25 17:12:39 info: ======= ENV: development =======
2023-04-25 17:12:39 info: 🚀 App listening on the port 3000
2023-04-25 17:12:39 info: =================================
2023-04-25 17:12:43 info: [0mPOST /sellers/upload/identitycard/cus_Nes05P2erB7zKg [32m200[0m 499.500 ms - 2[0m
2023-04-25 17:13:02 info: =================================
2023-04-25 17:13:02 info: ======= ENV: development =======
2023-04-25 17:13:02 info: 🚀 App listening on the port 3000
2023-04-25 17:13:02 info: =================================
2023-04-25 17:13:08 info: =================================
2023-04-25 17:13:08 info: ======= ENV: development =======
2023-04-25 17:13:08 info: 🚀 App listening on the port 3000
2023-04-25 17:13:08 info: =================================
2023-04-25 17:13:53 info: =================================
2023-04-25 17:13:53 info: ======= ENV: development =======
2023-04-25 17:13:53 info: 🚀 App listening on the port 3000
2023-04-25 17:13:53 info: =================================
2023-04-25 17:13:58 info: =================================
2023-04-25 17:13:58 info: ======= ENV: development =======
2023-04-25 17:13:58 info: 🚀 App listening on the port 3000
2023-04-25 17:13:58 info: =================================
2023-04-25 17:14:07 info: =================================
2023-04-25 17:14:07 info: ======= ENV: development =======
2023-04-25 17:14:07 info: 🚀 App listening on the port 3000
2023-04-25 17:14:07 info: =================================
2023-04-25 17:15:09 info: =================================
2023-04-25 17:15:09 info: ======= ENV: development =======
2023-04-25 17:15:09 info: 🚀 App listening on the port 3000
2023-04-25 17:15:09 info: =================================
2023-04-25 17:15:20 info: =================================
2023-04-25 17:15:20 info: ======= ENV: development =======
2023-04-25 17:15:20 info: 🚀 App listening on the port 3000
2023-04-25 17:15:20 info: =================================
2023-04-25 17:15:24 info: =================================
2023-04-25 17:15:24 info: ======= ENV: development =======
2023-04-25 17:15:24 info: 🚀 App listening on the port 3000
2023-04-25 17:15:24 info: =================================
2023-04-25 17:15:39 info: =================================
2023-04-25 17:15:39 info: ======= ENV: development =======
2023-04-25 17:15:39 info: 🚀 App listening on the port 3000
2023-04-25 17:15:39 info: =================================
2023-04-25 17:15:43 info: =================================
2023-04-25 17:15:43 info: ======= ENV: development =======
2023-04-25 17:15:43 info: 🚀 App listening on the port 3000
2023-04-25 17:15:43 info: =================================
2023-04-25 17:15:49 info: =================================
2023-04-25 17:15:49 info: ======= ENV: development =======
2023-04-25 17:15:49 info: 🚀 App listening on the port 3000
2023-04-25 17:15:49 info: =================================
2023-04-25 17:16:03 info: [0mPOST /sellers/upload/identitycard/cus_Nes05P2erB7zKg [32m200[0m 392.706 ms - 2[0m
2023-04-25 17:16:32 info: =================================
2023-04-25 17:16:32 info: ======= ENV: development =======
2023-04-25 17:16:32 info: 🚀 App listening on the port 3000
2023-04-25 17:16:32 info: =================================
2023-04-25 17:17:02 info: =================================
2023-04-25 17:17:02 info: ======= ENV: development =======
2023-04-25 17:17:02 info: 🚀 App listening on the port 3000
2023-04-25 17:17:02 info: =================================
2023-04-25 17:17:05 info: [0mPOST /sellers/upload/identitycard/cus_Nes05P2erB7zKg [32m200[0m 252.107 ms - 2[0m
2023-04-25 17:17:16 info: =================================
2023-04-25 17:17:16 info: ======= ENV: development =======
2023-04-25 17:17:16 info: 🚀 App listening on the port 3000
2023-04-25 17:17:16 info: =================================
2023-04-25 17:17:17 info: [0mPOST /sellers/upload/identitycard/cus_Nes05P2erB7zKg [32m200[0m 212.494 ms - 2[0m
2023-04-25 17:17:44 info: =================================
2023-04-25 17:17:44 info: ======= ENV: development =======
2023-04-25 17:17:44 info: 🚀 App listening on the port 3000
2023-04-25 17:17:44 info: =================================
2023-04-25 17:17:45 info: [0mPOST /sellers/upload/identitycard/cus_Nes05P2erB7zKg [32m200[0m 212.459 ms - 2[0m
2023-04-25 17:17:56 info: =================================
2023-04-25 17:17:56 info: ======= ENV: development =======
2023-04-25 17:17:56 info: 🚀 App listening on the port 3000
2023-04-25 17:17:56 info: =================================
2023-04-25 17:17:56 info: [0mPOST /sellers/upload/identitycard/cus_Nes05P2erB7zKg [32m200[0m 271.916 ms - 2[0m
2023-04-25 17:18:11 info: =================================
2023-04-25 17:18:11 info: ======= ENV: development =======
2023-04-25 17:18:11 info: 🚀 App listening on the port 3000
2023-04-25 17:18:11 info: =================================
2023-04-25 17:18:15 info: =================================
2023-04-25 17:18:15 info: ======= ENV: development =======
2023-04-25 17:18:15 info: 🚀 App listening on the port 3000
2023-04-25 17:18:15 info: =================================
2023-04-25 17:18:21 info: =================================
2023-04-25 17:18:21 info: ======= ENV: development =======
2023-04-25 17:18:21 info: 🚀 App listening on the port 3000
2023-04-25 17:18:21 info: =================================
2023-04-25 17:18:27 info: =================================
2023-04-25 17:18:27 info: ======= ENV: development =======
2023-04-25 17:18:27 info: 🚀 App listening on the port 3000
2023-04-25 17:18:27 info: =================================
2023-04-25 17:18:31 info: [0mPOST /sellers/upload/identitycard/cus_Nes05P2erB7zKg [32m200[0m 170.801 ms - 2[0m
2023-04-25 17:21:14 info: [0mPOST /sellers/upload/identitycard/cus_NmLXh0ms2IoGSe [32m200[0m 147.858 ms - 2[0m
2023-04-25 17:26:37 info: =================================
2023-04-25 17:26:37 info: ======= ENV: development =======
2023-04-25 17:26:37 info: 🚀 App listening on the port 3000
2023-04-25 17:26:37 info: =================================
2023-04-25 17:26:41 info: =================================
2023-04-25 17:26:41 info: ======= ENV: development =======
2023-04-25 17:26:41 info: 🚀 App listening on the port 3000
2023-04-25 17:26:41 info: =================================
2023-04-25 17:27:13 info: =================================
2023-04-25 17:27:13 info: ======= ENV: development =======
2023-04-25 17:27:13 info: 🚀 App listening on the port 3000
2023-04-25 17:27:13 info: =================================
2023-04-25 17:27:16 info: =================================
2023-04-25 17:27:16 info: ======= ENV: development =======
2023-04-25 17:27:16 info: 🚀 App listening on the port 3000
2023-04-25 17:27:16 info: =================================
2023-04-25 17:27:19 info: [0mPOST /sellers/upload/identitycard/cus_NmLXh0ms2IoGSe [32m200[0m 835.371 ms - 2[0m
2023-04-25 17:27:43 info: =================================
2023-04-25 17:27:43 info: ======= ENV: development =======
2023-04-25 17:27:43 info: 🚀 App listening on the port 3000
2023-04-25 17:27:43 info: =================================
2023-04-25 17:28:12 info: =================================
2023-04-25 17:28:12 info: ======= ENV: development =======
2023-04-25 17:28:12 info: 🚀 App listening on the port 3000
2023-04-25 17:28:12 info: =================================
2023-04-25 17:28:21 info: =================================
2023-04-25 17:28:21 info: ======= ENV: development =======
2023-04-25 17:28:21 info: 🚀 App listening on the port 3000
2023-04-25 17:28:21 info: =================================
2023-04-25 17:28:24 info: =================================
2023-04-25 17:28:24 info: ======= ENV: development =======
2023-04-25 17:28:24 info: 🚀 App listening on the port 3000
2023-04-25 17:28:24 info: =================================
2023-04-25 17:28:28 info: =================================
2023-04-25 17:28:28 info: ======= ENV: development =======
2023-04-25 17:28:28 info: 🚀 App listening on the port 3000
2023-04-25 17:28:28 info: =================================
2023-04-25 17:28:34 info: =================================
2023-04-25 17:28:34 info: ======= ENV: development =======
2023-04-25 17:28:34 info: 🚀 App listening on the port 3000
2023-04-25 17:28:34 info: =================================
2023-04-25 17:28:41 info: =================================
2023-04-25 17:28:41 info: ======= ENV: development =======
2023-04-25 17:28:41 info: 🚀 App listening on the port 3000
2023-04-25 17:28:41 info: =================================
2023-04-25 17:28:46 info: =================================
2023-04-25 17:28:46 info: ======= ENV: development =======
2023-04-25 17:28:46 info: 🚀 App listening on the port 3000
2023-04-25 17:28:46 info: =================================
2023-04-25 17:28:54 info: =================================
2023-04-25 17:28:54 info: ======= ENV: development =======
2023-04-25 17:28:54 info: 🚀 App listening on the port 3000
2023-04-25 17:28:54 info: =================================
2023-04-25 17:28:56 info: [0mPOST /sellers/upload/identitycard/cus_NmLXh0ms2IoGSe [32m200[0m 505.125 ms - 2[0m
2023-04-25 17:33:04 info: =================================
2023-04-25 17:33:04 info: ======= ENV: development =======
2023-04-25 17:33:04 info: 🚀 App listening on the port 3000
2023-04-25 17:33:04 info: =================================
2023-04-25 17:33:26 info: =================================
2023-04-25 17:33:26 info: ======= ENV: development =======
2023-04-25 17:33:26 info: 🚀 App listening on the port 3000
2023-04-25 17:33:26 info: =================================
2023-04-25 17:33:28 info: =================================
2023-04-25 17:33:28 info: ======= ENV: development =======
2023-04-25 17:33:28 info: 🚀 App listening on the port 3000
2023-04-25 17:33:28 info: =================================
2023-04-25 17:33:37 info: =================================
2023-04-25 17:33:37 info: ======= ENV: development =======
2023-04-25 17:33:37 info: 🚀 App listening on the port 3000
2023-04-25 17:33:37 info: =================================
2023-04-25 17:33:43 info: =================================
2023-04-25 17:33:43 info: ======= ENV: development =======
2023-04-25 17:33:43 info: 🚀 App listening on the port 3000
2023-04-25 17:33:43 info: =================================
2023-04-25 17:36:37 info: =================================
2023-04-25 17:36:37 info: ======= ENV: development =======
2023-04-25 17:36:37 info: 🚀 App listening on the port 3000
2023-04-25 17:36:37 info: =================================
2023-04-25 17:37:12 info: =================================
2023-04-25 17:37:12 info: ======= ENV: development =======
2023-04-25 17:37:12 info: 🚀 App listening on the port 3000
2023-04-25 17:37:12 info: =================================
2023-04-25 17:37:20 info: =================================
2023-04-25 17:37:20 info: ======= ENV: development =======
2023-04-25 17:37:20 info: 🚀 App listening on the port 3000
2023-04-25 17:37:20 info: =================================
2023-04-25 17:37:26 info: =================================
2023-04-25 17:37:26 info: ======= ENV: development =======
2023-04-25 17:37:26 info: 🚀 App listening on the port 3000
2023-04-25 17:37:26 info: =================================
2023-04-25 17:37:40 info: =================================
2023-04-25 17:37:40 info: ======= ENV: development =======
2023-04-25 17:37:40 info: 🚀 App listening on the port 3000
2023-04-25 17:37:40 info: =================================
2023-04-25 17:37:49 info: =================================
2023-04-25 17:37:49 info: ======= ENV: development =======
2023-04-25 17:37:49 info: 🚀 App listening on the port 3000
2023-04-25 17:37:49 info: =================================
2023-04-25 17:38:00 info: [0mPOST /sellers/upload/identitycard/cus_NmLXh0ms2IoGSe [32m200[0m 225.501 ms - 2[0m
2023-04-25 17:51:04 info: =================================
2023-04-25 17:51:04 info: ======= ENV: development =======
2023-04-25 17:51:04 info: 🚀 App listening on the port 3000
2023-04-25 17:51:04 info: =================================
2023-04-25 17:51:20 info: =================================
2023-04-25 17:51:20 info: ======= ENV: development =======
2023-04-25 17:51:20 info: 🚀 App listening on the port 3000
2023-04-25 17:51:20 info: =================================
2023-04-25 17:51:38 info: =================================
2023-04-25 17:51:38 info: ======= ENV: development =======
2023-04-25 17:51:38 info: 🚀 App listening on the port 3000
2023-04-25 17:51:38 info: =================================
2023-04-25 17:51:46 info: =================================
2023-04-25 17:51:46 info: ======= ENV: development =======
2023-04-25 17:51:46 info: 🚀 App listening on the port 3000
2023-04-25 17:51:46 info: =================================
2023-04-25 17:51:52 info: =================================
2023-04-25 17:51:52 info: ======= ENV: development =======
2023-04-25 17:51:52 info: 🚀 App listening on the port 3000
2023-04-25 17:51:52 info: =================================
2023-04-25 17:51:56 info: =================================
2023-04-25 17:51:56 info: ======= ENV: development =======
2023-04-25 17:51:56 info: 🚀 App listening on the port 3000
2023-04-25 17:51:56 info: =================================
2023-04-25 17:51:59 info: =================================
2023-04-25 17:51:59 info: ======= ENV: development =======
2023-04-25 17:51:59 info: 🚀 App listening on the port 3000
2023-04-25 17:51:59 info: =================================
2023-04-25 17:52:03 info: =================================
2023-04-25 17:52:03 info: ======= ENV: development =======
2023-04-25 17:52:03 info: 🚀 App listening on the port 3000
2023-04-25 17:52:03 info: =================================
2023-04-25 17:52:09 info: =================================
2023-04-25 17:52:09 info: ======= ENV: development =======
2023-04-25 17:52:09 info: 🚀 App listening on the port 3000
2023-04-25 17:52:09 info: =================================
2023-04-25 17:52:13 info: =================================
2023-04-25 17:52:13 info: ======= ENV: development =======
2023-04-25 17:52:13 info: 🚀 App listening on the port 3000
2023-04-25 17:52:13 info: =================================
2023-04-25 17:52:44 info: =================================
2023-04-25 17:52:44 info: ======= ENV: development =======
2023-04-25 17:52:44 info: 🚀 App listening on the port 3000
2023-04-25 17:52:44 info: =================================
2023-04-25 17:52:58 info: =================================
2023-04-25 17:52:58 info: ======= ENV: development =======
2023-04-25 17:52:58 info: 🚀 App listening on the port 3000
2023-04-25 17:52:58 info: =================================
2023-04-25 17:53:05 info: =================================
2023-04-25 17:53:05 info: ======= ENV: development =======
2023-04-25 17:53:05 info: 🚀 App listening on the port 3000
2023-04-25 17:53:05 info: =================================
2023-04-25 17:53:10 info: =================================
2023-04-25 17:53:10 info: ======= ENV: development =======
2023-04-25 17:53:10 info: 🚀 App listening on the port 3000
2023-04-25 17:53:10 info: =================================
2023-04-25 17:53:52 info: =================================
2023-04-25 17:53:52 info: ======= ENV: development =======
2023-04-25 17:53:52 info: 🚀 App listening on the port 3000
2023-04-25 17:53:52 info: =================================
2023-04-25 17:53:57 info: =================================
2023-04-25 17:53:57 info: ======= ENV: development =======
2023-04-25 17:53:57 info: 🚀 App listening on the port 3000
2023-04-25 17:53:57 info: =================================
2023-04-25 17:54:06 info: =================================
2023-04-25 17:54:06 info: ======= ENV: development =======
2023-04-25 17:54:06 info: 🚀 App listening on the port 3000
2023-04-25 17:54:06 info: =================================
2023-04-25 17:54:10 info: =================================
2023-04-25 17:54:10 info: ======= ENV: development =======
2023-04-25 17:54:10 info: 🚀 App listening on the port 3000
2023-04-25 17:54:10 info: =================================
2023-04-25 17:54:16 info: =================================
2023-04-25 17:54:16 info: ======= ENV: development =======
2023-04-25 17:54:16 info: 🚀 App listening on the port 3000
2023-04-25 17:54:16 info: =================================
2023-04-25 17:54:20 info: =================================
2023-04-25 17:54:20 info: ======= ENV: development =======
2023-04-25 17:54:20 info: 🚀 App listening on the port 3000
2023-04-25 17:54:20 info: =================================
2023-04-25 17:54:26 info: =================================
2023-04-25 17:54:26 info: ======= ENV: development =======
2023-04-25 17:54:26 info: 🚀 App listening on the port 3000
2023-04-25 17:54:26 info: =================================
2023-04-25 17:55:18 info: =================================
2023-04-25 17:55:18 info: ======= ENV: development =======
2023-04-25 17:55:18 info: 🚀 App listening on the port 3000
2023-04-25 17:55:18 info: =================================
2023-04-25 17:55:21 info: =================================
2023-04-25 17:55:21 info: ======= ENV: development =======
2023-04-25 17:55:21 info: 🚀 App listening on the port 3000
2023-04-25 17:55:21 info: =================================
2023-04-25 17:56:16 info: =================================
2023-04-25 17:56:16 info: ======= ENV: development =======
2023-04-25 17:56:16 info: 🚀 App listening on the port 3000
2023-04-25 17:56:16 info: =================================
2023-04-25 17:57:11 info: =================================
2023-04-25 17:57:11 info: ======= ENV: development =======
2023-04-25 17:57:11 info: 🚀 App listening on the port 3000
2023-04-25 17:57:11 info: =================================
2023-04-25 17:57:16 info: =================================
2023-04-25 17:57:16 info: ======= ENV: development =======
2023-04-25 17:57:16 info: 🚀 App listening on the port 3000
2023-04-25 17:57:16 info: =================================
2023-04-25 17:57:22 info: =================================
2023-04-25 17:57:22 info: ======= ENV: development =======
2023-04-25 17:57:22 info: 🚀 App listening on the port 3000
2023-04-25 17:57:22 info: =================================
2023-04-25 17:57:40 info: =================================
2023-04-25 17:57:40 info: ======= ENV: development =======
2023-04-25 17:57:40 info: 🚀 App listening on the port 3000
2023-04-25 17:57:40 info: =================================
2023-04-25 17:57:54 info: =================================
2023-04-25 17:57:54 info: ======= ENV: development =======
2023-04-25 17:57:54 info: 🚀 App listening on the port 3000
2023-04-25 17:57:54 info: =================================
2023-04-25 17:58:12 info: =================================
2023-04-25 17:58:12 info: ======= ENV: development =======
2023-04-25 17:58:12 info: 🚀 App listening on the port 3000
2023-04-25 17:58:12 info: =================================
2023-04-25 17:58:21 info: =================================
2023-04-25 17:58:21 info: ======= ENV: development =======
2023-04-25 17:58:21 info: 🚀 App listening on the port 3000
2023-04-25 17:58:21 info: =================================
2023-04-25 17:59:01 info: =================================
2023-04-25 17:59:01 info: ======= ENV: development =======
2023-04-25 17:59:01 info: 🚀 App listening on the port 3000
2023-04-25 17:59:01 info: =================================
2023-04-25 17:59:07 info: =================================
2023-04-25 17:59:07 info: ======= ENV: development =======
2023-04-25 17:59:07 info: 🚀 App listening on the port 3000
2023-04-25 17:59:07 info: =================================
2023-04-25 17:59:12 info: =================================
2023-04-25 17:59:12 info: ======= ENV: development =======
2023-04-25 17:59:12 info: 🚀 App listening on the port 3000
2023-04-25 17:59:12 info: =================================
2023-04-25 17:59:25 info: =================================
2023-04-25 17:59:25 info: ======= ENV: development =======
2023-04-25 17:59:25 info: 🚀 App listening on the port 3000
2023-04-25 17:59:25 info: =================================
2023-04-25 17:59:29 info: =================================
2023-04-25 17:59:29 info: ======= ENV: development =======
2023-04-25 17:59:29 info: 🚀 App listening on the port 3000
2023-04-25 17:59:29 info: =================================
2023-04-25 17:59:32 info: =================================
2023-04-25 17:59:32 info: ======= ENV: development =======
2023-04-25 17:59:32 info: 🚀 App listening on the port 3000
2023-04-25 17:59:32 info: =================================
2023-04-25 18:00:17 info: =================================
2023-04-25 18:00:17 info: ======= ENV: development =======
2023-04-25 18:00:17 info: 🚀 App listening on the port 3000
2023-04-25 18:00:17 info: =================================
2023-04-25 18:00:19 info: =================================
2023-04-25 18:00:19 info: ======= ENV: development =======
2023-04-25 18:00:19 info: 🚀 App listening on the port 3000
2023-04-25 18:00:19 info: =================================
2023-04-25 18:00:25 info: =================================
2023-04-25 18:00:25 info: ======= ENV: development =======
2023-04-25 18:00:25 info: 🚀 App listening on the port 3000
2023-04-25 18:00:25 info: =================================
2023-04-25 18:00:28 info: =================================
2023-04-25 18:00:28 info: ======= ENV: development =======
2023-04-25 18:00:28 info: 🚀 App listening on the port 3000
2023-04-25 18:00:28 info: =================================
2023-04-25 18:01:39 info: =================================
2023-04-25 18:01:39 info: ======= ENV: development =======
2023-04-25 18:01:39 info: 🚀 App listening on the port 3000
2023-04-25 18:01:39 info: =================================
2023-04-25 18:02:03 info: [0mGET /sellers/upload/avatar/cus_NmLXh0ms2IoGSe [33m404[0m 63.622 ms - 179[0m
2023-04-25 18:02:07 error: [POST] /sellers/upload/avatar/cus_NmLXh0ms2IoGSe >> StatusCode:: 500, Message:: Unexpected field
2023-04-25 18:02:07 info: [0mPOST /sellers/upload/avatar/cus_NmLXh0ms2IoGSe [31m500[0m 125.339 ms - 30[0m
2023-04-25 18:03:11 info: [0mPOST /sellers/upload/avatar/cus_NmLXh0ms2IoGSe [32m200[0m 242.054 ms - 2[0m
2023-04-25 18:03:20 info: [0mPOST /sellers/upload/avatar/cus_NmLXh0ms2IoGSe [32m200[0m 411.147 ms - 2[0m
2023-04-25 18:04:48 info: =================================
2023-04-25 18:04:48 info: ======= ENV: development =======
2023-04-25 18:04:48 info: 🚀 App listening on the port 3000
2023-04-25 18:04:48 info: =================================
2023-04-25 18:04:56 info: [0mPOST /sellers/upload/avatar/cus_NmLXh0ms2IoGSe [32m200[0m 480.417 ms - 2[0m
2023-04-25 18:05:23 info: =================================
2023-04-25 18:05:23 info: ======= ENV: development =======
2023-04-25 18:05:23 info: 🚀 App listening on the port 3000
2023-04-25 18:05:23 info: =================================
2023-04-25 18:05:56 info: [0mPOST /sellers/upload/avatar/cus_NmLXh0ms2IoGSe [32m200[0m 139.072 ms - 2[0m
2023-04-25 18:06:13 info: =================================
2023-04-25 18:06:13 info: ======= ENV: development =======
2023-04-25 18:06:13 info: 🚀 App listening on the port 3000
2023-04-25 18:06:13 info: =================================
2023-04-25 18:06:19 info: =================================
2023-04-25 18:06:19 info: ======= ENV: development =======
2023-04-25 18:06:19 info: 🚀 App listening on the port 3000
2023-04-25 18:06:19 info: =================================
2023-04-25 18:06:20 info: [0mPOST /sellers/upload/avatar/cus_NmLXh0ms2IoGSe [32m200[0m 135.337 ms - 2[0m
2023-04-25 18:06:29 info: =================================
2023-04-25 18:06:29 info: ======= ENV: development =======
2023-04-25 18:06:29 info: 🚀 App listening on the port 3000
2023-04-25 18:06:29 info: =================================
2023-04-25 18:06:32 info: =================================
2023-04-25 18:06:32 info: ======= ENV: development =======
2023-04-25 18:06:32 info: 🚀 App listening on the port 3000
2023-04-25 18:06:32 info: =================================
2023-04-25 18:06:50 info: =================================
2023-04-25 18:06:50 info: ======= ENV: development =======
2023-04-25 18:06:50 info: 🚀 App listening on the port 3000
2023-04-25 18:06:50 info: =================================
2023-04-25 18:06:50 info: [0mPOST /sellers/upload/avatar/cus_NmLXh0ms2IoGSe [32m200[0m 190.731 ms - 2[0m
2023-04-25 18:07:05 info: =================================
2023-04-25 18:07:05 info: ======= ENV: development =======
2023-04-25 18:07:05 info: 🚀 App listening on the port 3000
2023-04-25 18:07:05 info: =================================
2023-04-25 18:07:10 info: =================================
2023-04-25 18:07:10 info: ======= ENV: development =======
2023-04-25 18:07:10 info: 🚀 App listening on the port 3000
2023-04-25 18:07:10 info: =================================
2023-04-25 18:07:22 info: =================================
2023-04-25 18:07:22 info: ======= ENV: development =======
2023-04-25 18:07:22 info: 🚀 App listening on the port 3000
2023-04-25 18:07:22 info: =================================
2023-04-25 18:07:33 info: =================================
2023-04-25 18:07:33 info: ======= ENV: development =======
2023-04-25 18:07:33 info: 🚀 App listening on the port 3000
2023-04-25 18:07:33 info: =================================
2023-04-25 18:07:33 info: [0mPOST /sellers/upload/avatar/cus_NmLXh0ms2IoGSe [32m200[0m 42.731 ms - 2[0m
2023-04-25 18:09:03 info: =================================
2023-04-25 18:09:03 info: ======= ENV: development =======
2023-04-25 18:09:03 info: 🚀 App listening on the port 3000
2023-04-25 18:09:03 info: =================================
2023-04-25 18:09:05 info: =================================
2023-04-25 18:09:05 info: ======= ENV: development =======
2023-04-25 18:09:05 info: 🚀 App listening on the port 3000
2023-04-25 18:09:05 info: =================================
2023-04-25 18:09:53 info: =================================
2023-04-25 18:09:53 info: ======= ENV: development =======
2023-04-25 18:09:53 info: 🚀 App listening on the port 3000
2023-04-25 18:09:53 info: =================================
2023-04-25 18:10:30 info: =================================
2023-04-25 18:10:30 info: ======= ENV: development =======
2023-04-25 18:10:30 info: 🚀 App listening on the port 3000
2023-04-25 18:10:30 info: =================================
2023-04-25 18:10:34 info: =================================
2023-04-25 18:10:34 info: ======= ENV: development =======
2023-04-25 18:10:34 info: 🚀 App listening on the port 3000
2023-04-25 18:10:34 info: =================================
2023-04-25 18:11:01 info: =================================
2023-04-25 18:11:01 info: ======= ENV: development =======
2023-04-25 18:11:01 info: 🚀 App listening on the port 3000
2023-04-25 18:11:01 info: =================================
2023-04-25 18:12:22 info: =================================
2023-04-25 18:12:22 info: ======= ENV: development =======
2023-04-25 18:12:22 info: 🚀 App listening on the port 3000
2023-04-25 18:12:22 info: =================================
2023-04-25 18:12:37 info: =================================
2023-04-25 18:12:37 info: ======= ENV: development =======
2023-04-25 18:12:37 info: 🚀 App listening on the port 3000
2023-04-25 18:12:37 info: =================================
2023-04-25 18:13:05 info: =================================
2023-04-25 18:13:05 info: ======= ENV: development =======
2023-04-25 18:13:05 info: 🚀 App listening on the port 3000
2023-04-25 18:13:05 info: =================================
2023-04-25 18:13:36 info: =================================
2023-04-25 18:13:36 info: ======= ENV: development =======
2023-04-25 18:13:36 info: 🚀 App listening on the port 3000
2023-04-25 18:13:36 info: =================================
2023-04-25 18:15:25 info: [0mPOST /sellers/upload/avatar/cus_NmLXh0ms2IoGSe [33m404[0m 116.670 ms - 180[0m
2023-04-25 18:15:33 info: [0mPOST /users/upload/avatar/cus_NmLXh0ms2IoGSe [32m200[0m 210.333 ms - 2[0m
2023-04-25 18:15:41 info: =================================
2023-04-25 18:15:41 info: ======= ENV: development =======
2023-04-25 18:15:41 info: 🚀 App listening on the port 3000
2023-04-25 18:15:41 info: =================================
2023-04-25 18:16:43 info: [0mPOST /users/upload/avatar/cus_NmLXh0ms2IoGSe [32m200[0m 203.072 ms - 2[0m
2023-04-25 18:17:27 info: [0mPOST /users/upload/avatar/cus_NmLXh0ms2IoGSe [32m200[0m 127.620 ms - 2[0m
2023-04-25 18:19:02 info: =================================
2023-04-25 18:19:02 info: ======= ENV: development =======
2023-04-25 18:19:02 info: 🚀 App listening on the port 3000
2023-04-25 18:19:02 info: =================================
2023-04-25 18:19:12 info: [0mPOST /users/upload/avatar/cus_NmLXh0ms2IoGSe [32m200[0m 92.796 ms - 2[0m
2023-04-25 18:21:44 info: =================================
2023-04-25 18:21:44 info: ======= ENV: development =======
2023-04-25 18:21:44 info: 🚀 App listening on the port 3000
2023-04-25 18:21:44 info: =================================
2023-04-25 18:22:00 info: =================================
2023-04-25 18:22:00 info: ======= ENV: development =======
2023-04-25 18:22:00 info: 🚀 App listening on the port 3000
2023-04-25 18:22:00 info: =================================
2023-04-25 18:22:04 info: =================================
2023-04-25 18:22:04 info: ======= ENV: development =======
2023-04-25 18:22:04 info: 🚀 App listening on the port 3000
2023-04-25 18:22:04 info: =================================
2023-04-25 18:23:35 info: =================================
2023-04-25 18:23:35 info: ======= ENV: development =======
2023-04-25 18:23:35 info: 🚀 App listening on the port 3000
2023-04-25 18:23:35 info: =================================
2023-04-25 18:36:54 info: =================================
2023-04-25 18:36:54 info: ======= ENV: development =======
2023-04-25 18:36:54 info: 🚀 App listening on the port 3000
2023-04-25 18:36:54 info: =================================
2023-04-25 18:37:08 info: =================================
2023-04-25 18:37:08 info: ======= ENV: development =======
2023-04-25 18:37:08 info: 🚀 App listening on the port 3000
2023-04-25 18:37:08 info: =================================
2023-04-25 18:37:11 info: =================================
2023-04-25 18:37:11 info: ======= ENV: development =======
2023-04-25 18:37:11 info: 🚀 App listening on the port 3000
2023-04-25 18:37:11 info: =================================
2023-04-25 18:37:36 info: =================================
2023-04-25 18:37:36 info: ======= ENV: development =======
2023-04-25 18:37:36 info: 🚀 App listening on the port 3000
2023-04-25 18:37:36 info: =================================
2023-04-25 18:37:45 info: =================================
2023-04-25 18:37:45 info: ======= ENV: development =======
2023-04-25 18:37:45 info: 🚀 App listening on the port 3000
2023-04-25 18:37:45 info: =================================
2023-04-25 18:37:51 info: =================================
2023-04-25 18:37:51 info: ======= ENV: development =======
2023-04-25 18:37:51 info: 🚀 App listening on the port 3000
2023-04-25 18:37:51 info: =================================
2023-04-25 18:38:19 info: =================================
2023-04-25 18:38:19 info: ======= ENV: development =======
2023-04-25 18:38:19 info: 🚀 App listening on the port 3000
2023-04-25 18:38:19 info: =================================
2023-04-25 18:39:09 info: =================================
2023-04-25 18:39:09 info: ======= ENV: development =======
2023-04-25 18:39:09 info: 🚀 App listening on the port 3000
2023-04-25 18:39:09 info: =================================
2023-04-25 18:39:12 info: =================================
2023-04-25 18:39:12 info: ======= ENV: development =======
2023-04-25 18:39:12 info: 🚀 App listening on the port 3000
2023-04-25 18:39:12 info: =================================
2023-04-25 18:39:29 info: =================================
2023-04-25 18:39:29 info: ======= ENV: development =======
2023-04-25 18:39:29 info: 🚀 App listening on the port 3000
2023-04-25 18:39:29 info: =================================
2023-04-25 18:40:43 info: =================================
2023-04-25 18:40:43 info: ======= ENV: development =======
2023-04-25 18:40:43 info: 🚀 App listening on the port 3000
2023-04-25 18:40:43 info: =================================
2023-04-25 18:40:51 info: =================================
2023-04-25 18:40:51 info: ======= ENV: development =======
2023-04-25 18:40:51 info: 🚀 App listening on the port 3000
2023-04-25 18:40:51 info: =================================
2023-04-25 18:40:57 info: =================================
2023-04-25 18:40:57 info: ======= ENV: development =======
2023-04-25 18:40:57 info: 🚀 App listening on the port 3000
2023-04-25 18:40:57 info: =================================
2023-04-25 18:41:04 info: =================================
2023-04-25 18:41:04 info: ======= ENV: development =======
2023-04-25 18:41:04 info: 🚀 App listening on the port 3000
2023-04-25 18:41:04 info: =================================
2023-04-25 18:41:15 info: =================================
2023-04-25 18:41:15 info: ======= ENV: development =======
2023-04-25 18:41:15 info: 🚀 App listening on the port 3000
2023-04-25 18:41:15 info: =================================
2023-04-25 18:41:22 info: =================================
2023-04-25 18:41:22 info: ======= ENV: development =======
2023-04-25 18:41:22 info: 🚀 App listening on the port 3000
2023-04-25 18:41:22 info: =================================
2023-04-25 18:41:28 info: =================================
2023-04-25 18:41:28 info: ======= ENV: development =======
2023-04-25 18:41:28 info: 🚀 App listening on the port 3000
2023-04-25 18:41:28 info: =================================
2023-04-25 18:47:07 info: =================================
2023-04-25 18:47:07 info: ======= ENV: development =======
2023-04-25 18:47:07 info: 🚀 App listening on the port 3000
2023-04-25 18:47:07 info: =================================
2023-04-25 18:47:12 info: =================================
2023-04-25 18:47:12 info: ======= ENV: development =======
2023-04-25 18:47:12 info: 🚀 App listening on the port 3000
2023-04-25 18:47:12 info: =================================
2023-04-25 18:47:18 info: =================================
2023-04-25 18:47:18 info: ======= ENV: development =======
2023-04-25 18:47:18 info: 🚀 App listening on the port 3000
2023-04-25 18:47:18 info: =================================
2023-04-25 18:47:21 info: =================================
2023-04-25 18:47:21 info: ======= ENV: development =======
2023-04-25 18:47:21 info: 🚀 App listening on the port 3000
2023-04-25 18:47:21 info: =================================
2023-04-25 18:47:27 info: =================================
2023-04-25 18:47:27 info: ======= ENV: development =======
2023-04-25 18:47:27 info: 🚀 App listening on the port 3000
2023-04-25 18:47:27 info: =================================
2023-04-25 18:47:36 info: =================================
2023-04-25 18:47:36 info: ======= ENV: development =======
2023-04-25 18:47:36 info: 🚀 App listening on the port 3000
2023-04-25 18:47:36 info: =================================
2023-04-25 18:47:43 info: =================================
2023-04-25 18:47:43 info: ======= ENV: development =======
2023-04-25 18:47:43 info: 🚀 App listening on the port 3000
2023-04-25 18:47:43 info: =================================
2023-04-25 18:47:46 info: =================================
2023-04-25 18:47:46 info: ======= ENV: development =======
2023-04-25 18:47:46 info: 🚀 App listening on the port 3000
2023-04-25 18:47:46 info: =================================
2023-04-25 18:47:55 info: =================================
2023-04-25 18:47:55 info: ======= ENV: development =======
2023-04-25 18:47:55 info: 🚀 App listening on the port 3000
2023-04-25 18:47:55 info: =================================
2023-04-25 18:47:59 info: =================================
2023-04-25 18:47:59 info: ======= ENV: development =======
2023-04-25 18:47:59 info: 🚀 App listening on the port 3000
2023-04-25 18:47:59 info: =================================
2023-04-25 18:48:07 info: =================================
2023-04-25 18:48:07 info: ======= ENV: development =======
2023-04-25 18:48:07 info: 🚀 App listening on the port 3000
2023-04-25 18:48:07 info: =================================
2023-04-25 18:50:48 info: =================================
2023-04-25 18:50:48 info: ======= ENV: development =======
2023-04-25 18:50:48 info: 🚀 App listening on the port 3000
2023-04-25 18:50:48 info: =================================
2023-04-25 18:50:55 info: [0mPOST /sellers/upload/identitycard/cus_NmLXh0ms2IoGSe [32m200[0m 238.265 ms - 2[0m
2023-04-25 18:51:39 info: =================================
2023-04-25 18:51:39 info: ======= ENV: development =======
2023-04-25 18:51:39 info: 🚀 App listening on the port 3000
2023-04-25 18:51:39 info: =================================
2023-04-25 18:52:04 info: =================================
2023-04-25 18:52:04 info: ======= ENV: development =======
2023-04-25 18:52:04 info: 🚀 App listening on the port 3000
2023-04-25 18:52:04 info: =================================
2023-04-25 18:52:27 info: =================================
2023-04-25 18:52:27 info: ======= ENV: development =======
2023-04-25 18:52:27 info: 🚀 App listening on the port 3000
2023-04-25 18:52:27 info: =================================
2023-04-25 18:52:31 info: [0mPOST /users/upload/avatar/cus_NmLXh0ms2IoGSe [32m200[0m 95.517 ms - 2[0m
2023-04-25 18:52:37 info: [0mPOST /users/upload/avatar/cus_NmLXh0ms2IoGSe [32m200[0m 18.413 ms - 2[0m
2023-04-25 18:53:08 info: [0mPOST /sellers/upload/identitycard/cus_NmLXh0ms2IoGSe [32m200[0m 1081.818 ms - 2[0m
2023-04-25 18:53:13 info: [0mPOST /sellers/upload/identitycard/cus_NmLXh0ms2IoGSe [32m200[0m 1425.966 ms - 2[0m
2023-04-25 18:53:19 info: [0mPOST /sellers/upload/identitycard/cus_NmLXh0ms2IoGSe [32m200[0m 765.759 ms - 2[0m
2023-04-25 18:53:25 info: [0mPOST /users/upload/avatar/cus_NmLXh0ms2IoGSe [32m200[0m 248.548 ms - 2[0m
2023-04-25 18:53:30 info: [0mPOST /sellers/upload/identitycard/cus_NmLXh0ms2IoGSe [32m200[0m 752.066 ms - 2[0m
2023-04-25 18:54:12 info: =================================
2023-04-25 18:54:12 info: ======= ENV: development =======
2023-04-25 18:54:12 info: 🚀 App listening on the port 3000
2023-04-25 18:54:12 info: =================================
2023-04-25 18:54:19 info: =================================
2023-04-25 18:54:19 info: ======= ENV: development =======
2023-04-25 18:54:19 info: 🚀 App listening on the port 3000
2023-04-25 18:54:19 info: =================================
2023-04-25 18:54:26 info: =================================
2023-04-25 18:54:26 info: ======= ENV: development =======
2023-04-25 18:54:26 info: 🚀 App listening on the port 3000
2023-04-25 18:54:26 info: =================================
2023-04-25 18:54:29 info: =================================
2023-04-25 18:54:29 info: ======= ENV: development =======
2023-04-25 18:54:29 info: 🚀 App listening on the port 3000
2023-04-25 18:54:29 info: =================================
2023-04-25 18:54:34 info: =================================
2023-04-25 18:54:34 info: ======= ENV: development =======
2023-04-25 18:54:34 info: 🚀 App listening on the port 3000
2023-04-25 18:54:34 info: =================================
2023-04-25 18:54:38 info: =================================
2023-04-25 18:54:38 info: ======= ENV: development =======
2023-04-25 18:54:38 info: 🚀 App listening on the port 3000
2023-04-25 18:54:38 info: =================================
2023-04-25 18:54:42 info: =================================
2023-04-25 18:54:42 info: ======= ENV: development =======
2023-04-25 18:54:42 info: 🚀 App listening on the port 3000
2023-04-25 18:54:42 info: =================================
2023-04-25 18:54:48 info: =================================
2023-04-25 18:54:48 info: ======= ENV: development =======
2023-04-25 18:54:48 info: 🚀 App listening on the port 3000
2023-04-25 18:54:48 info: =================================
2023-04-25 18:55:00 info: [0mPOST /sellers/upload/identitycard/cus_NmLXh0ms2IoGSe [0m-[0m - ms - -[0m
2023-04-25 18:55:10 info: [0mPOST /users/upload/avatar/cus_NmLXh0ms2IoGSe [0m-[0m - ms - -[0m
2023-04-25 18:55:52 info: =================================
2023-04-25 18:55:52 info: ======= ENV: development =======
2023-04-25 18:55:52 info: 🚀 App listening on the port 3000
2023-04-25 18:55:52 info: =================================
2023-04-25 18:55:56 info: =================================
2023-04-25 18:55:56 info: ======= ENV: development =======
2023-04-25 18:55:56 info: 🚀 App listening on the port 3000
2023-04-25 18:55:56 info: =================================
2023-04-25 18:55:59 info: =================================
2023-04-25 18:55:59 info: ======= ENV: development =======
2023-04-25 18:55:59 info: 🚀 App listening on the port 3000
2023-04-25 18:55:59 info: =================================
2023-04-25 18:56:03 info: =================================
2023-04-25 18:56:03 info: ======= ENV: development =======
2023-04-25 18:56:03 info: 🚀 App listening on the port 3000
2023-04-25 18:56:03 info: =================================
2023-04-25 18:56:08 info: =================================
2023-04-25 18:56:08 info: ======= ENV: development =======
2023-04-25 18:56:08 info: 🚀 App listening on the port 3000
2023-04-25 18:56:08 info: =================================
2023-04-25 18:56:11 info: =================================
2023-04-25 18:56:11 info: ======= ENV: development =======
2023-04-25 18:56:11 info: 🚀 App listening on the port 3000
2023-04-25 18:56:11 info: =================================
2023-04-25 19:00:59 info: =================================
2023-04-25 19:00:59 info: ======= ENV: development =======
2023-04-25 19:00:59 info: 🚀 App listening on the port 3000
2023-04-25 19:00:59 info: =================================
2023-04-25 19:01:09 info: =================================
2023-04-25 19:01:09 info: ======= ENV: development =======
2023-04-25 19:01:09 info: 🚀 App listening on the port 3000
2023-04-25 19:01:09 info: =================================
2023-04-25 19:01:12 info: [0mPOST /users/upload/avatar/cus_NmLXh0ms2IoGSe [0m-[0m - ms - -[0m
2023-04-25 19:01:23 info: [0mPOST /sellers/upload/identitycard/cus_NmLXh0ms2IoGSe [0m-[0m - ms - -[0m
2023-04-25 19:02:16 info: =================================
2023-04-25 19:02:16 info: ======= ENV: development =======
2023-04-25 19:02:16 info: 🚀 App listening on the port 3000
2023-04-25 19:02:16 info: =================================
2023-04-25 19:02:30 info: =================================
2023-04-25 19:02:30 info: ======= ENV: development =======
2023-04-25 19:02:30 info: 🚀 App listening on the port 3000
2023-04-25 19:02:30 info: =================================
2023-04-25 19:02:38 info: =================================
2023-04-25 19:02:38 info: ======= ENV: development =======
2023-04-25 19:02:38 info: 🚀 App listening on the port 3000
2023-04-25 19:02:38 info: =================================
2023-04-25 19:02:42 info: =================================
2023-04-25 19:02:42 info: ======= ENV: development =======
2023-04-25 19:02:42 info: 🚀 App listening on the port 3000
2023-04-25 19:02:42 info: =================================
2023-04-25 19:02:53 info: =================================
2023-04-25 19:02:53 info: ======= ENV: development =======
2023-04-25 19:02:53 info: 🚀 App listening on the port 3000
2023-04-25 19:02:53 info: =================================
2023-04-25 19:03:03 info: =================================
2023-04-25 19:03:03 info: ======= ENV: development =======
2023-04-25 19:03:03 info: 🚀 App listening on the port 3000
2023-04-25 19:03:03 info: =================================
2023-04-25 19:03:48 info: =================================
2023-04-25 19:03:48 info: ======= ENV: development =======
2023-04-25 19:03:48 info: 🚀 App listening on the port 3000
2023-04-25 19:03:48 info: =================================
2023-04-25 19:03:53 info: =================================
2023-04-25 19:03:53 info: ======= ENV: development =======
2023-04-25 19:03:53 info: 🚀 App listening on the port 3000
2023-04-25 19:03:53 info: =================================
2023-04-25 19:04:29 info: =================================
2023-04-25 19:04:29 info: ======= ENV: development =======
2023-04-25 19:04:29 info: 🚀 App listening on the port 3000
2023-04-25 19:04:29 info: =================================
2023-04-25 19:04:33 info: =================================
2023-04-25 19:04:33 info: ======= ENV: development =======
2023-04-25 19:04:33 info: 🚀 App listening on the port 3000
2023-04-25 19:04:33 info: =================================
2023-04-25 19:04:46 info: =================================
2023-04-25 19:04:46 info: ======= ENV: development =======
2023-04-25 19:04:46 info: 🚀 App listening on the port 3000
2023-04-25 19:04:46 info: =================================
2023-04-25 19:11:16 info: =================================
2023-04-25 19:11:16 info: ======= ENV: development =======
2023-04-25 19:11:16 info: 🚀 App listening on the port 3000
2023-04-25 19:11:16 info: =================================
2023-04-25 19:11:35 info: =================================
2023-04-25 19:11:35 info: ======= ENV: development =======
2023-04-25 19:11:35 info: 🚀 App listening on the port 3000
2023-04-25 19:11:35 info: =================================
2023-04-25 19:11:43 info: =================================
2023-04-25 19:11:43 info: ======= ENV: development =======
2023-04-25 19:11:43 info: 🚀 App listening on the port 3000
2023-04-25 19:11:43 info: =================================
2023-04-25 19:12:00 info: =================================
2023-04-25 19:12:00 info: ======= ENV: development =======
2023-04-25 19:12:00 info: 🚀 App listening on the port 3000
2023-04-25 19:12:00 info: =================================
2023-04-25 19:12:16 info: =================================
2023-04-25 19:12:16 info: ======= ENV: development =======
2023-04-25 19:12:16 info: 🚀 App listening on the port 3000
2023-04-25 19:12:16 info: =================================
2023-04-25 19:12:21 info: =================================
2023-04-25 19:12:21 info: ======= ENV: development =======
2023-04-25 19:12:21 info: 🚀 App listening on the port 3000
2023-04-25 19:12:21 info: =================================
2023-04-25 19:12:27 info: =================================
2023-04-25 19:12:27 info: ======= ENV: development =======
2023-04-25 19:12:27 info: 🚀 App listening on the port 3000
2023-04-25 19:12:27 info: =================================
2023-04-25 19:12:35 info: =================================
2023-04-25 19:12:35 info: ======= ENV: development =======
2023-04-25 19:12:35 info: 🚀 App listening on the port 3000
2023-04-25 19:12:35 info: =================================
2023-04-25 19:12:39 info: =================================
2023-04-25 19:12:39 info: ======= ENV: development =======
2023-04-25 19:12:39 info: 🚀 App listening on the port 3000
2023-04-25 19:12:39 info: =================================
2023-04-25 19:13:24 info: =================================
2023-04-25 19:13:24 info: ======= ENV: development =======
2023-04-25 19:13:24 info: 🚀 App listening on the port 3000
2023-04-25 19:13:24 info: =================================
2023-04-25 19:13:27 info: =================================
2023-04-25 19:13:27 info: ======= ENV: development =======
2023-04-25 19:13:27 info: 🚀 App listening on the port 3000
2023-04-25 19:13:27 info: =================================
2023-04-25 19:13:35 info: =================================
2023-04-25 19:13:35 info: ======= ENV: development =======
2023-04-25 19:13:35 info: 🚀 App listening on the port 3000
2023-04-25 19:13:35 info: =================================
2023-04-25 19:13:57 info: =================================
2023-04-25 19:13:57 info: ======= ENV: development =======
2023-04-25 19:13:57 info: 🚀 App listening on the port 3000
2023-04-25 19:13:57 info: =================================
2023-04-25 19:14:26 info: =================================
2023-04-25 19:14:26 info: ======= ENV: development =======
2023-04-25 19:14:26 info: 🚀 App listening on the port 3000
2023-04-25 19:14:26 info: =================================
2023-04-25 19:14:29 info: =================================
2023-04-25 19:14:29 info: ======= ENV: development =======
2023-04-25 19:14:29 info: 🚀 App listening on the port 3000
2023-04-25 19:14:29 info: =================================
2023-04-25 19:14:46 info: =================================
2023-04-25 19:14:46 info: ======= ENV: development =======
2023-04-25 19:14:46 info: 🚀 App listening on the port 3000
2023-04-25 19:14:46 info: =================================
2023-04-25 19:14:50 info: =================================
2023-04-25 19:14:50 info: ======= ENV: development =======
2023-04-25 19:14:50 info: 🚀 App listening on the port 3000
2023-04-25 19:14:50 info: =================================
2023-04-25 19:14:54 info: =================================
2023-04-25 19:14:54 info: ======= ENV: development =======
2023-04-25 19:14:54 info: 🚀 App listening on the port 3000
2023-04-25 19:14:54 info: =================================
2023-04-25 19:15:01 info: =================================
2023-04-25 19:15:01 info: ======= ENV: development =======
2023-04-25 19:15:01 info: 🚀 App listening on the port 3000
2023-04-25 19:15:01 info: =================================
2023-04-25 19:15:04 info: =================================
2023-04-25 19:15:04 info: ======= ENV: development =======
2023-04-25 19:15:04 info: 🚀 App listening on the port 3000
2023-04-25 19:15:04 info: =================================
2023-04-25 19:15:58 info: =================================
2023-04-25 19:15:58 info: ======= ENV: development =======
2023-04-25 19:15:58 info: 🚀 App listening on the port 3000
2023-04-25 19:15:58 info: =================================
2023-04-25 19:16:12 info: =================================
2023-04-25 19:16:12 info: ======= ENV: development =======
2023-04-25 19:16:12 info: 🚀 App listening on the port 3000
2023-04-25 19:16:12 info: =================================
2023-04-25 19:16:18 info: =================================
2023-04-25 19:16:18 info: ======= ENV: development =======
2023-04-25 19:16:18 info: 🚀 App listening on the port 3000
2023-04-25 19:16:18 info: =================================
2023-04-25 19:16:28 info: =================================
2023-04-25 19:16:28 info: ======= ENV: development =======
2023-04-25 19:16:28 info: 🚀 App listening on the port 3000
2023-04-25 19:16:28 info: =================================
2023-04-25 19:16:34 info: =================================
2023-04-25 19:16:34 info: ======= ENV: development =======
2023-04-25 19:16:34 info: 🚀 App listening on the port 3000
2023-04-25 19:16:34 info: =================================
2023-04-25 19:16:55 info: =================================
2023-04-25 19:16:55 info: ======= ENV: development =======
2023-04-25 19:16:55 info: 🚀 App listening on the port 3000
2023-04-25 19:16:55 info: =================================
2023-04-25 19:17:23 info: =================================
2023-04-25 19:17:23 info: ======= ENV: development =======
2023-04-25 19:17:23 info: 🚀 App listening on the port 3000
2023-04-25 19:17:23 info: =================================
2023-04-25 19:17:25 info: =================================
2023-04-25 19:17:25 info: ======= ENV: development =======
2023-04-25 19:17:25 info: 🚀 App listening on the port 3000
2023-04-25 19:17:25 info: =================================
2023-04-25 19:17:36 info: =================================
2023-04-25 19:17:36 info: ======= ENV: development =======
2023-04-25 19:17:36 info: 🚀 App listening on the port 3000
2023-04-25 19:17:36 info: =================================
2023-04-25 19:17:42 info: =================================
2023-04-25 19:17:42 info: ======= ENV: development =======
2023-04-25 19:17:42 info: 🚀 App listening on the port 3000
2023-04-25 19:17:42 info: =================================
2023-04-25 19:17:46 info: =================================
2023-04-25 19:17:46 info: ======= ENV: development =======
2023-04-25 19:17:46 info: 🚀 App listening on the port 3000
2023-04-25 19:17:46 info: =================================
2023-04-25 19:18:16 info: =================================
2023-04-25 19:18:16 info: ======= ENV: development =======
2023-04-25 19:18:16 info: 🚀 App listening on the port 3000
2023-04-25 19:18:16 info: =================================
2023-04-25 19:18:23 info: =================================
2023-04-25 19:18:23 info: ======= ENV: development =======
2023-04-25 19:18:23 info: 🚀 App listening on the port 3000
2023-04-25 19:18:23 info: =================================
2023-04-25 19:18:28 info: =================================
2023-04-25 19:18:28 info: ======= ENV: development =======
2023-04-25 19:18:28 info: 🚀 App listening on the port 3000
2023-04-25 19:18:28 info: =================================
2023-04-25 19:18:43 info: =================================
2023-04-25 19:18:43 info: ======= ENV: development =======
2023-04-25 19:18:43 info: 🚀 App listening on the port 3000
2023-04-25 19:18:43 info: =================================
2023-04-25 19:18:49 info: =================================
2023-04-25 19:18:49 info: ======= ENV: development =======
2023-04-25 19:18:49 info: 🚀 App listening on the port 3000
2023-04-25 19:18:49 info: =================================
2023-04-25 19:18:52 info: =================================
2023-04-25 19:18:52 info: ======= ENV: development =======
2023-04-25 19:18:52 info: 🚀 App listening on the port 3000
2023-04-25 19:18:52 info: =================================
2023-04-25 19:18:56 info: [0mPOST /sellers/upload/identitycard/cus_NmLXh0ms2IoGSe [32m200[0m 2638.084 ms - 2[0m
2023-04-25 19:19:10 info: =================================
2023-04-25 19:19:10 info: ======= ENV: development =======
2023-04-25 19:19:10 info: 🚀 App listening on the port 3000
2023-04-25 19:19:10 info: =================================
2023-04-25 19:19:20 info: [0mPOST /users/upload/avatar/cus_NmLXh0ms2IoGSe [32m200[0m 500.668 ms - 2[0m
2023-04-25 19:19:40 info: =================================
2023-04-25 19:19:40 info: ======= ENV: development =======
2023-04-25 19:19:40 info: 🚀 App listening on the port 3000
2023-04-25 19:19:40 info: =================================
2023-04-25 19:19:42 info: [0mPOST /users/upload/avatar/cus_NmLXh0ms2IoGSe [32m200[0m 159.634 ms - 2[0m
2023-04-25 19:19:52 info: =================================
2023-04-25 19:19:52 info: ======= ENV: development =======
2023-04-25 19:19:52 info: 🚀 App listening on the port 3000
2023-04-25 19:19:52 info: =================================
2023-04-25 19:19:54 info: [0mPOST /users/upload/avatar/cus_NmLXh0ms2IoGSe [32m200[0m 93.030 ms - 2[0m
2023-04-25 19:21:47 error: [POST] /users/upload/avatar/cus_NmLXh0ms2IoGSe >> StatusCode:: 401, Message:: undefined is too large
2023-04-25 19:21:47 info: [0mPOST /users/upload/avatar/cus_NmLXh0ms2IoGSe [33m401[0m 6640.035 ms - 36[0m
2023-04-25 19:22:23 info: =================================
2023-04-25 19:22:23 info: ======= ENV: development =======
2023-04-25 19:22:23 info: 🚀 App listening on the port 3000
2023-04-25 19:22:23 info: =================================
2023-04-25 19:22:25 info: =================================
2023-04-25 19:22:25 info: ======= ENV: development =======
2023-04-25 19:22:25 info: 🚀 App listening on the port 3000
2023-04-25 19:22:25 info: =================================
2023-04-25 19:22:30 info: =================================
2023-04-25 19:22:30 info: ======= ENV: development =======
2023-04-25 19:22:30 info: 🚀 App listening on the port 3000
2023-04-25 19:22:30 info: =================================
2023-04-25 19:22:54 info: =================================
2023-04-25 19:22:54 info: ======= ENV: development =======
2023-04-25 19:22:54 info: 🚀 App listening on the port 3000
2023-04-25 19:22:54 info: =================================
2023-04-25 19:23:00 error: [POST] /users/upload/avatar/cus_NmLXh0ms2IoGSe >> StatusCode:: 401, Message:: avatar is too large
2023-04-25 19:23:00 info: [0mPOST /users/upload/avatar/cus_NmLXh0ms2IoGSe [33m401[0m 5065.649 ms - 33[0m
2023-04-25 19:23:27 info: [0mPOST /users/upload/avatar/cus_NmLXh0ms2IoGSe [32m200[0m 1288.358 ms - 2[0m
2023-04-25 19:23:37 info: [0mPOST /sellers/upload/identitycard/cus_NmLXh0ms2IoGSe [32m200[0m 143.168 ms - 2[0m
2023-04-25 19:24:37 info: [0mPOST /sellers/upload/identitycard/cus_NmLXh0ms2IoGSe [0m-[0m - ms - -[0m
2023-04-25 19:25:11 info: =================================
2023-04-25 19:25:11 info: ======= ENV: development =======
2023-04-25 19:25:11 info: 🚀 App listening on the port 3000
2023-04-25 19:25:11 info: =================================
2023-04-25 19:25:24 info: =================================
2023-04-25 19:25:24 info: ======= ENV: development =======
2023-04-25 19:25:24 info: 🚀 App listening on the port 3000
2023-04-25 19:25:24 info: =================================
2023-04-25 19:25:28 info: =================================
2023-04-25 19:25:28 info: ======= ENV: development =======
2023-04-25 19:25:28 info: 🚀 App listening on the port 3000
2023-04-25 19:25:28 info: =================================
2023-04-25 19:25:42 info: =================================
2023-04-25 19:25:42 info: ======= ENV: development =======
2023-04-25 19:25:42 info: 🚀 App listening on the port 3000
2023-04-25 19:25:42 info: =================================
2023-04-25 19:25:50 info: =================================
2023-04-25 19:25:50 info: ======= ENV: development =======
2023-04-25 19:25:50 info: 🚀 App listening on the port 3000
2023-04-25 19:25:50 info: =================================
2023-04-25 19:25:56 info: =================================
2023-04-25 19:25:56 info: ======= ENV: development =======
2023-04-25 19:25:56 info: 🚀 App listening on the port 3000
2023-04-25 19:25:56 info: =================================
2023-04-25 19:26:02 info: =================================
2023-04-25 19:26:02 info: ======= ENV: development =======
2023-04-25 19:26:02 info: 🚀 App listening on the port 3000
2023-04-25 19:26:02 info: =================================
2023-04-25 19:26:08 info: =================================
2023-04-25 19:26:08 info: ======= ENV: development =======
2023-04-25 19:26:08 info: 🚀 App listening on the port 3000
2023-04-25 19:26:08 info: =================================
2023-04-25 19:26:34 info: =================================
2023-04-25 19:26:34 info: ======= ENV: development =======
2023-04-25 19:26:34 info: 🚀 App listening on the port 3000
2023-04-25 19:26:34 info: =================================
2023-04-25 19:26:39 info: =================================
2023-04-25 19:26:39 info: ======= ENV: development =======
2023-04-25 19:26:39 info: 🚀 App listening on the port 3000
2023-04-25 19:26:39 info: =================================
2023-04-25 19:26:42 info: =================================
2023-04-25 19:26:42 info: ======= ENV: development =======
2023-04-25 19:26:42 info: 🚀 App listening on the port 3000
2023-04-25 19:26:42 info: =================================
2023-04-25 19:26:59 info: =================================
2023-04-25 19:26:59 info: ======= ENV: development =======
2023-04-25 19:26:59 info: 🚀 App listening on the port 3000
2023-04-25 19:26:59 info: =================================
2023-04-25 19:27:18 info: =================================
2023-04-25 19:27:18 info: ======= ENV: development =======
2023-04-25 19:27:18 info: 🚀 App listening on the port 3000
2023-04-25 19:27:18 info: =================================
2023-04-25 19:27:23 info: =================================
2023-04-25 19:27:23 info: ======= ENV: development =======
2023-04-25 19:27:23 info: 🚀 App listening on the port 3000
2023-04-25 19:27:23 info: =================================
2023-04-25 19:27:29 info: =================================
2023-04-25 19:27:29 info: ======= ENV: development =======
2023-04-25 19:27:29 info: 🚀 App listening on the port 3000
2023-04-25 19:27:29 info: =================================
2023-04-25 19:27:33 info: =================================
2023-04-25 19:27:33 info: ======= ENV: development =======
2023-04-25 19:27:33 info: 🚀 App listening on the port 3000
2023-04-25 19:27:33 info: =================================
2023-04-25 19:27:55 info: =================================
2023-04-25 19:27:55 info: ======= ENV: development =======
2023-04-25 19:27:55 info: 🚀 App listening on the port 3000
2023-04-25 19:27:55 info: =================================
2023-04-25 19:28:10 info: =================================
2023-04-25 19:28:10 info: ======= ENV: development =======
2023-04-25 19:28:10 info: 🚀 App listening on the port 3000
2023-04-25 19:28:10 info: =================================
2023-04-25 19:28:16 info: =================================
2023-04-25 19:28:16 info: ======= ENV: development =======
2023-04-25 19:28:16 info: 🚀 App listening on the port 3000
2023-04-25 19:28:16 info: =================================
2023-04-25 19:28:26 info: =================================
2023-04-25 19:28:26 info: ======= ENV: development =======
2023-04-25 19:28:26 info: 🚀 App listening on the port 3000
2023-04-25 19:28:26 info: =================================
2023-04-25 19:28:31 info: =================================
2023-04-25 19:28:31 info: ======= ENV: development =======
2023-04-25 19:28:31 info: 🚀 App listening on the port 3000
2023-04-25 19:28:31 info: =================================
2023-04-25 19:29:46 info: [0mPOST /sellers/upload/identitycard/cus_NmLXh0ms2IoGSe [0m-[0m - ms - -[0m
2023-04-25 19:29:57 info: =================================
2023-04-25 19:29:57 info: ======= ENV: development =======
2023-04-25 19:29:57 info: 🚀 App listening on the port 3000
2023-04-25 19:29:57 info: =================================
2023-04-25 19:30:01 info: =================================
2023-04-25 19:30:01 info: ======= ENV: development =======
2023-04-25 19:30:01 info: 🚀 App listening on the port 3000
2023-04-25 19:30:01 info: =================================
2023-04-25 19:30:21 info: =================================
2023-04-25 19:30:21 info: ======= ENV: development =======
2023-04-25 19:30:21 info: 🚀 App listening on the port 3000
2023-04-25 19:30:21 info: =================================
2023-04-25 19:31:15 info: =================================
2023-04-25 19:31:15 info: ======= ENV: development =======
2023-04-25 19:31:15 info: 🚀 App listening on the port 3000
2023-04-25 19:31:15 info: =================================
2023-04-25 19:32:21 info: [0mPOST /sellers/upload/identitycard/cus_NmLXh0ms2IoGSe [0m-[0m - ms - -[0m
