2023-06-22 12:05:19 info: =================================
2023-06-22 12:05:19 info: ======= ENV: development =======
2023-06-22 12:05:19 info: 🚀 App listening on the port 4000
2023-06-22 12:05:19 info: =================================
2023-06-22 12:14:45 info: [0mPOST /signup [32m201[0m 596.148 ms - 63[0m
2023-06-22 12:14:52 info: [0mPOST /signup [32m201[0m 423.620 ms - 63[0m
2023-06-22 12:14:54 info: [0mPOST /signup [32m201[0m 405.013 ms - 63[0m
2023-06-22 12:14:59 info: [0mPOST /signup [32m201[0m 410.876 ms - 63[0m
2023-06-22 12:15:01 info: [0mPOST /signup [32m201[0m 403.506 ms - 63[0m
2023-06-22 12:15:01 info: [0mPOST /signup [32m201[0m 409.677 ms - 63[0m
2023-06-22 12:15:01 info: [0mPOST /signup [32m201[0m 415.020 ms - 63[0m
2023-06-22 12:15:02 info: [0mPOST /signup [32m201[0m 406.407 ms - 63[0m
2023-06-22 12:15:02 info: [0mPOST /signup [32m201[0m 420.807 ms - 63[0m
2023-06-22 12:15:02 info: [0mPOST /signup [32m201[0m 376.160 ms - 63[0m
2023-06-22 12:15:02 info: [0mPOST /signup [32m201[0m 366.994 ms - 63[0m
2023-06-22 12:43:45 info: [0mPOST /signup [36m302[0m 1348.188 ms - 225[0m
2023-06-22 12:44:02 info: [0mPOST /signup [32m201[0m 445.367 ms - 64[0m
2023-06-22 12:44:25 info: [0mPOST /signup [32m201[0m 414.097 ms - 64[0m
2023-06-22 12:47:52 info: [0mPOST /signup [32m201[0m 393.479 ms - 63[0m
2023-06-22 12:48:45 info: [0mPOST /signup [32m201[0m 393.329 ms - 63[0m
2023-06-22 12:57:21 info: [0mPOST /signup [32m201[0m 435.738 ms - 63[0m
2023-06-22 13:03:45 info: [0mPOST /signup [32m201[0m 444.165 ms - 63[0m
2023-06-22 13:04:37 info: [0mPOST /signup [32m201[0m 377.149 ms - 63[0m
2023-06-22 13:04:41 info: [0mPOST /signup [32m201[0m 392.840 ms - 63[0m
2023-06-22 13:05:29 info: [0mPOST /signup [32m201[0m 439.199 ms - 64[0m
2023-06-22 13:05:35 info: [0mPOST /signup [32m201[0m 421.263 ms - 64[0m
2023-06-22 13:09:10 info: [0mPOST /signup [32m201[0m 407.663 ms - 63[0m
2023-06-22 13:13:19 info: [0mPOST /signup [32m201[0m 430.637 ms - 63[0m
2023-06-22 13:33:17 info: [0mPOST /signup [32m201[0m 918.979 ms - 63[0m
2023-06-22 13:34:42 info: [0mPOST /signup [32m201[0m 412.735 ms - 63[0m
2023-06-22 13:38:38 info: =================================
2023-06-22 13:38:38 info: ======= ENV: development =======
2023-06-22 13:38:38 info: 🚀 App listening on the port 4000
2023-06-22 13:38:38 info: =================================
2023-06-22 13:39:28 info: [0mPOST /signup [32m201[0m 517.688 ms - 63[0m
2023-06-22 13:39:34 info: [0mPOST /signup [32m201[0m 424.195 ms - 63[0m
2023-06-22 13:42:05 info: [0mPOST /signup [32m201[0m 388.029 ms - 63[0m
2023-06-22 13:42:12 info: [0mPOST /signup [32m201[0m 426.169 ms - 63[0m
2023-06-22 13:43:35 info: [0mPOST /signup [32m201[0m 424.982 ms - 63[0m
2023-06-22 13:46:41 info: [0mPOST /signup [32m201[0m 405.954 ms - 63[0m
2023-06-22 13:49:34 info: [0mPOST /signup [32m201[0m 418.690 ms - 63[0m
2023-06-22 14:15:32 info: [0mPOST /signup [32m201[0m 545.742 ms - 63[0m
2023-06-22 14:16:07 info: [0mPOST /signup [32m201[0m 390.048 ms - 63[0m
2023-06-22 14:17:15 info: [0mPOST /signup [32m201[0m 450.755 ms - 63[0m
2023-06-22 14:17:39 info: [0mPOST /signup [32m201[0m 388.572 ms - 63[0m
2023-06-22 14:17:39 info: [0mPOST /signup [32m201[0m 396.025 ms - 63[0m
2023-06-22 14:17:44 info: [0mPOST /signup [32m201[0m 403.843 ms - 63[0m
2023-06-22 14:18:23 info: [0mPOST /signup [32m201[0m 407.459 ms - 63[0m
2023-06-22 14:18:56 info: [0mPOST /signup [36m302[0m 1179.458 ms - 221[0m
2023-06-22 14:20:21 info: [0mPOST /signup [32m201[0m 433.982 ms - 60[0m
2023-06-22 14:21:23 info: [0mPOST /signup [32m201[0m 405.006 ms - 60[0m
2023-06-22 14:21:25 info: [0mPOST /signup [32m201[0m 404.548 ms - 60[0m
2023-06-22 14:22:30 info: [0mPOST /signup [32m201[0m 404.645 ms - 60[0m
2023-06-22 14:22:37 info: [0mPOST /signup [32m201[0m 415.355 ms - 60[0m
2023-06-22 14:24:36 info: [0mPOST /signup [32m201[0m 391.870 ms - 60[0m
2023-06-22 14:24:47 info: [0mPOST /signup [32m201[0m 404.944 ms - 60[0m
2023-06-22 14:28:12 info: [0mPOST /signup [32m201[0m 417.549 ms - 60[0m
2023-06-22 14:30:19 info: [0mPOST /signup [36m302[0m 930.346 ms - 227[0m
2023-06-22 14:30:44 info: [0mPOST /signup [32m201[0m 396.420 ms - 66[0m
2023-06-22 14:41:07 info: [0mPOST /signup [32m201[0m 423.736 ms - 63[0m
2023-06-22 14:41:17 info: [0mPOST /signup [36m302[0m 1314.985 ms - 224[0m
2023-06-22 14:43:03 info: [0mPOST /signup [32m201[0m 478.734 ms - 63[0m
2023-06-22 14:43:24 info: [0mPOST /signup [32m201[0m 413.373 ms - 63[0m
2023-06-22 14:43:27 info: [0mPOST /signup [32m201[0m 403.773 ms - 63[0m
2023-06-22 14:43:30 info: [0mPOST /signup [32m201[0m 399.790 ms - 63[0m
2023-06-22 14:43:35 info: [0mPOST /signup [32m201[0m 404.824 ms - 63[0m
2023-06-22 14:45:56 info: [0mPOST /signup [32m201[0m 422.695 ms - 63[0m
2023-06-22 14:48:06 info: [0mPOST /signup [32m201[0m 506.983 ms - 63[0m
2023-06-22 16:02:50 info: [0mPOST /signup [32m201[0m 533.516 ms - 63[0m
2023-06-22 16:04:00 info: [0mPOST /signup [0m-[0m - ms - -[0m
2023-06-22 16:04:00 info: [0mPOST /signup [0m-[0m - ms - -[0m
2023-06-22 17:22:18 info: [0mPOST /signup [32m201[0m 442.519 ms - 63[0m
2023-06-22 17:24:28 info: [0mPOST /signup [32m201[0m 463.046 ms - 63[0m
2023-06-22 17:25:14 info: [0mPOST /signup [32m201[0m 390.985 ms - 63[0m
2023-06-22 17:25:17 info: [0mPOST /signup [32m201[0m 419.663 ms - 63[0m
2023-06-22 17:42:58 info: [0mPOST /signup [32m201[0m 509.291 ms - 27[0m
2023-06-22 17:43:34 info: [0mPOST /signup [32m201[0m 444.862 ms - 27[0m
2023-06-22 17:43:40 info: [0mPOST /signup [32m201[0m 470.916 ms - 27[0m
2023-06-22 17:43:43 info: [0mPOST /signup [32m201[0m 464.470 ms - 27[0m
2023-06-22 17:45:03 info: [0mPOST /signup [32m201[0m 477.556 ms - 27[0m
2023-06-22 17:45:42 info: [0mPOST /signup [36m302[0m 1382.369 ms - 220[0m
2023-06-22 17:47:49 info: [0mPOST /signup [32m201[0m 541.660 ms - 63[0m
2023-06-22 17:48:09 info: [0mPOST /signup [36m302[0m 1228.587 ms - 222[0m
2023-06-22 17:50:12 info: [0mPOST /signup [36m302[0m 1260.559 ms - 222[0m
2023-06-22 17:53:57 info: [0mPOST /signup [36m302[0m 1298.657 ms - 223[0m
2023-06-22 17:58:09 info: [0mPOST /signup [32m201[0m 427.665 ms - 62[0m
2023-06-22 17:59:27 info: [0mPOST /signup [36m302[0m 1304.049 ms - 220[0m
2023-06-22 18:05:05 info: [0mPOST /signup [32m201[0m 406.172 ms - 59[0m
2023-06-22 18:21:57 info: [0mPOST /signup [36m302[0m 1159.697 ms - 228[0m
2023-06-22 18:25:27 info: [0mPOST /signup [32m201[0m 440.620 ms - 63[0m
2023-06-22 18:26:29 info: [0mPOST /signup [32m201[0m 431.241 ms - 63[0m
2023-06-22 18:26:35 info: [0mPOST /signup [32m201[0m 404.174 ms - 63[0m
2023-06-22 18:26:36 info: [0mPOST /signup [32m201[0m 392.088 ms - 63[0m
2023-06-22 18:26:50 info: [0mPOST /signup [32m201[0m 399.057 ms - 63[0m
2023-06-22 18:27:05 info: [0mPOST /signup [32m201[0m 432.791 ms - 27[0m
2023-06-22 18:27:24 info: [0mPOST /signup [36m302[0m 1254.269 ms - 228[0m
2023-06-22 18:27:46 info: [0mPOST /signup [32m201[0m 421.523 ms - 61[0m
2023-06-22 18:29:15 info: =================================
2023-06-22 18:29:15 info: ======= ENV: development =======
2023-06-22 18:29:15 info: 🚀 App listening on the port 4000
2023-06-22 18:29:15 info: =================================
