2024-04-19 05:44:42 info: =================================
2024-04-19 05:44:42 info: ======= ENV: development =======
2024-04-19 05:44:42 info: 🚀 App listening on the port 8000
2024-04-19 05:44:42 info: =================================
2024-04-19 05:46:05 info: =================================
2024-04-19 05:46:05 info: ======= ENV: development =======
2024-04-19 05:46:05 info: 🚀 App listening on the port 8000
2024-04-19 05:46:05 info: =================================
2024-04-19 05:46:19 info: [0mPOST /users/buy/sent/cus_PvTUMZ8OOvcw4N [32m200[0m 2296.440 ms - 361[0m
2024-04-19 05:48:14 info: =================================
2024-04-19 05:48:14 info: ======= ENV: development =======
2024-04-19 05:48:14 info: 🚀 App listening on the port 8000
2024-04-19 05:48:14 info: =================================
2024-04-19 05:48:27 info: [0mPOST /users/buy/sent/cus_PvTUMZ8OOvcw4N [32m200[0m 2851.032 ms - 361[0m
2024-04-19 05:48:29 info: [0mPOST /users/buy/sent/cus_PvTUMZ8OOvcw4N [32m200[0m 1868.819 ms - 361[0m
2024-04-19 05:48:35 info: [0mPOST /users/buy/sent/cus_PvTUMZ8OOvcw4N [32m200[0m 1842.146 ms - 361[0m
2024-04-19 05:50:32 info: =================================
2024-04-19 05:50:32 info: ======= ENV: development =======
2024-04-19 05:50:32 info: 🚀 App listening on the port 8000
2024-04-19 05:50:32 info: =================================
2024-04-19 06:00:37 info: [0mGET /users/cus_PvTUMZ8OOvcw4N [32m200[0m 1102.280 ms - 374[0m
2024-04-19 06:00:41 info: [0mGET /albums/random/0/cus_PvTUMZ8OOvcw4N [32m201[0m 695.195 ms - 2[0m
2024-04-19 06:00:41 info: [0mGET /users/plans/cus_PvTUMZ8OOvcw4N [32m200[0m 914.142 ms - 145[0m
2024-04-19 06:00:41 info: [0mGET /albums/all-categories [32m201[0m 864.522 ms - 177[0m
2024-04-19 06:00:42 info: [0mGET /albums/popular/cus_PvTUMZ8OOvcw4N [32m201[0m 1204.377 ms - 19[0m
2024-04-19 06:00:42 info: [0mGET /albums/cus_PvTUMZ8OOvcw4N [32m201[0m 1170.796 ms - -[0m
2024-04-19 06:03:07 info: [0mPOST /sellers/upload/sent/picture/cus_PvTUMZ8OOvcw4N/2.0/cus_Pvg0MFXb2kst3h [32m201[0m 3585.736 ms - 127[0m
2024-04-19 06:03:10 info: [0mGET /public/files/sent/sentcus_PvTUMZ8OOvcw4N06042024.jpeg [32m200[0m 17.671 ms - 1408556[0m
2024-04-19 06:03:44 info: [0mPOST /sellers/upload/sent/picture/cus_PvTUMZ8OOvcw4N/2.0/cus_Pvg0MFXb2kst3h [32m201[0m 2091.948 ms - 127[0m
2024-04-19 06:04:04 info: [0mGET /users/cus_Pvg0MFXb2kst3h [32m200[0m 1009.015 ms - 278[0m
2024-04-19 06:04:06 info: [0mGET /albums/random/0/cus_Pvg0MFXb2kst3h [32m201[0m 655.073 ms - -[0m
2024-04-19 06:04:06 info: [0mGET /albums/all-categories [32m201[0m 934.028 ms - 177[0m
2024-04-19 06:04:06 info: [0mGET /albums/popular/cus_Pvg0MFXb2kst3h [32m201[0m 1138.515 ms - -[0m
2024-04-19 06:04:06 info: [0mGET /albums/cus_Pvg0MFXb2kst3h [32m201[0m 1113.248 ms - -[0m
2024-04-19 06:07:36 info: [0mGET /users/cus_Pvg0MFXb2kst3h [32m200[0m 1129.782 ms - 278[0m
2024-04-19 06:07:37 info: [0mGET /albums/random/0/cus_Pvg0MFXb2kst3h [32m201[0m 583.282 ms - -[0m
2024-04-19 06:07:38 info: [0mGET /albums/all-categories [32m201[0m 1004.018 ms - 177[0m
2024-04-19 06:07:38 info: [0mGET /albums/cus_Pvg0MFXb2kst3h [32m201[0m 1115.850 ms - -[0m
2024-04-19 06:07:38 info: [0mGET /albums/popular/cus_Pvg0MFXb2kst3h [32m201[0m 1210.468 ms - -[0m
2024-04-19 06:07:53 info: [0mGET /users/followed/cus_PvTUMZ8OOvcw4N/Seller [32m200[0m 942.524 ms - 280[0m
2024-04-19 06:07:57 info: [0mGET /users/followed/cus_PvTUMZ8OOvcw4N/Seller [32m200[0m 449.894 ms - 280[0m
2024-04-19 06:08:30 info: [0mPOST /sellers/upload/sent/picture/cus_PvTUMZ8OOvcw4N/2.0/cus_Pvg0MFXb2kst3h [32m201[0m 1701.607 ms - 127[0m
2024-04-19 06:08:30 info: [0mGET /public/files/sent/sentcus_PvTUMZ8OOvcw4N29042024.jpeg [32m200[0m 4.884 ms - 46228[0m
2024-04-19 06:08:36 info: [0mPOST /users/buy/sent/cus_PvTUMZ8OOvcw4N [32m200[0m 3887.869 ms - 361[0m
2024-04-19 06:11:28 info: =================================
2024-04-19 06:11:28 info: ======= ENV: development =======
2024-04-19 06:11:28 info: 🚀 App listening on the port 8000
2024-04-19 06:11:28 info: =================================
2024-04-19 06:11:37 info: [0mPOST /users/buy/sent/cus_PvTUMZ8OOvcw4N [32m200[0m 2138.608 ms - 361[0m
2024-04-19 06:12:55 info: =================================
2024-04-19 06:12:55 info: ======= ENV: development =======
2024-04-19 06:12:55 info: 🚀 App listening on the port 8000
2024-04-19 06:12:55 info: =================================
2024-04-19 06:13:02 info: [0mPOST /users/buy/sent/cus_PvTUMZ8OOvcw4N [32m200[0m 2153.980 ms - 361[0m
2024-04-19 06:15:14 info: =================================
2024-04-19 06:15:14 info: ======= ENV: development =======
2024-04-19 06:15:14 info: 🚀 App listening on the port 8000
2024-04-19 06:15:14 info: =================================
2024-04-19 06:15:22 info: [0mGET /albums/plan/3da011fef808e2d88707194a0a76a037ae7e0083 [32m200[0m 681.501 ms - 69[0m
2024-04-19 06:15:23 info: [0mGET /users/verify/checkForSale/cus_Pvg0MFXb2kst3h/3da011fef808e2d88707194a0a76a037ae7e0083/standard [32m200[0m 958.590 ms - 5[0m
2024-04-19 06:15:26 info: [0mGET /albums/plan/ec863a3da011fef808e2d88707194a0a76a037ae [32m200[0m 482.515 ms - 64[0m
2024-04-19 06:15:27 info: [0mGET /users/verify/checkForSale/cus_Pvg0MFXb2kst3h/ec863a3da011fef808e2d88707194a0a76a037ae/vip [32m200[0m 954.707 ms - 4[0m
2024-04-19 06:15:33 info: [0mGET /public/files/albums/postPicture-50c7e759-3796-41fe-9c76-f97edc029e42fef808e2d88707194a0a76a037ae7e0083a98e4904042024.jpeg [32m200[0m 14.555 ms - 23444[0m
2024-04-19 06:15:33 info: [0mGET /public/files/albums/postPicture-244c91e8-42de-42e0-84ca-eb988a225215fef808e2d88707194a0a76a037ae7e0083a98e4904042024.jpeg [32m200[0m 34.598 ms - 17716[0m
2024-04-19 06:15:33 info: [0mGET /albums/plan/1fef808e2d88707194a0a76a037ae7e0083a98e4 [32m200[0m 471.074 ms - 69[0m
2024-04-19 06:15:35 info: [0mGET /users/verify/checkForSale/cus_Pvg0MFXb2kst3h/1fef808e2d88707194a0a76a037ae7e0083a98e4/standard [32m200[0m 934.403 ms - 5[0m
2024-04-19 06:15:39 info: [0mGET /albums/plan/08e2d88707194a0a76a037ae7e0083a98e490df9 [32m200[0m 469.533 ms - 69[0m
2024-04-19 06:15:40 info: [0mGET /users/verify/checkForSale/cus_Pvg0MFXb2kst3h/08e2d88707194a0a76a037ae7e0083a98e490df9/standard [32m200[0m 895.412 ms - 5[0m
2024-04-19 06:15:48 info: [0mPOST /users/buy/cus_Pvg0MFXb2kst3h [32m200[0m 2462.330 ms - 369[0m
2024-04-19 06:16:29 info: [0mGET /notifications/cus_PvTUMZ8OOvcw4N [32m201[0m 525.231 ms - 761[0m
2024-04-19 06:16:32 info: [0mGET /notifications/cus_PvTUMZ8OOvcw4N [32m201[0m 420.950 ms - 761[0m
2024-04-19 06:20:01 info: [0mGET /albums/plan/08e2d88707194a0a76a037ae7e0083a98e490df9 [32m200[0m 534.226 ms - 69[0m
2024-04-19 06:20:02 info: [0mGET /users/verify/checkForSale/cus_Pvg0MFXb2kst3h/08e2d88707194a0a76a037ae7e0083a98e490df9/standard [32m200[0m 935.101 ms - 4[0m
2024-04-19 06:20:22 info: [0mPOST /users/buy/sent/cus_PvTUMZ8OOvcw4N [32m200[0m 2874.481 ms - 361[0m
2024-04-19 06:23:04 info: =================================
2024-04-19 06:23:04 info: ======= ENV: development =======
2024-04-19 06:23:04 info: 🚀 App listening on the port 8000
2024-04-19 06:23:04 info: =================================
2024-04-19 06:23:14 info: =================================
2024-04-19 06:23:14 info: ======= ENV: development =======
2024-04-19 06:23:14 info: 🚀 App listening on the port 8000
2024-04-19 06:23:14 info: =================================
2024-04-19 06:26:24 info: =================================
2024-04-19 06:26:24 info: ======= ENV: development =======
2024-04-19 06:26:24 info: 🚀 App listening on the port 8000
2024-04-19 06:26:24 info: =================================
2024-04-19 06:29:57 info: =================================
2024-04-19 06:29:57 info: ======= ENV: development =======
2024-04-19 06:29:57 info: 🚀 App listening on the port 8000
2024-04-19 06:29:57 info: =================================
2024-04-19 06:42:03 info: =================================
2024-04-19 06:42:03 info: ======= ENV: development =======
2024-04-19 06:42:03 info: 🚀 App listening on the port 8000
2024-04-19 06:42:03 info: =================================
2024-04-19 06:42:10 info: [0mPOST /users/buy/sent/cus_PvTUMZ8OOvcw4N [32m200[0m 2109.481 ms - 361[0m
2024-04-19 06:43:04 info: =================================
2024-04-19 06:43:04 info: ======= ENV: development =======
2024-04-19 06:43:04 info: 🚀 App listening on the port 8000
2024-04-19 06:43:04 info: =================================
2024-04-19 06:43:16 info: =================================
2024-04-19 06:43:16 info: ======= ENV: development =======
2024-04-19 06:43:16 info: 🚀 App listening on the port 8000
2024-04-19 06:43:16 info: =================================
2024-04-19 06:43:24 info: [0mPOST /users/buy/sent/cus_PvTUMZ8OOvcw4N [32m200[0m 2185.543 ms - 361[0m
2024-04-19 06:46:54 info: =================================
2024-04-19 06:46:54 info: ======= ENV: development =======
2024-04-19 06:46:54 info: 🚀 App listening on the port 8000
2024-04-19 06:46:54 info: =================================
2024-04-19 06:47:08 info: [0mPOST /users/buy/sent/cus_PvTUMZ8OOvcw4N [32m200[0m 2230.744 ms - 361[0m
2024-04-19 06:48:18 info: =================================
2024-04-19 06:48:18 info: ======= ENV: development =======
2024-04-19 06:48:18 info: 🚀 App listening on the port 8000
2024-04-19 06:48:18 info: =================================
2024-04-19 06:48:27 info: [0mPOST /users/buy/sent/cus_PvTUMZ8OOvcw4N [32m200[0m 2282.879 ms - 361[0m
2024-04-19 06:49:29 info: =================================
2024-04-19 06:49:29 info: ======= ENV: development =======
2024-04-19 06:49:29 info: 🚀 App listening on the port 8000
2024-04-19 06:49:29 info: =================================
2024-04-19 06:49:37 info: [0mPOST /users/buy/sent/cus_PvTUMZ8OOvcw4N [32m200[0m 2232.622 ms - 361[0m
2024-04-19 06:50:35 info: =================================
2024-04-19 06:50:35 info: ======= ENV: development =======
2024-04-19 06:50:35 info: 🚀 App listening on the port 8000
2024-04-19 06:50:35 info: =================================
2024-04-19 06:50:39 info: =================================
2024-04-19 06:50:39 info: ======= ENV: development =======
2024-04-19 06:50:39 info: 🚀 App listening on the port 8000
2024-04-19 06:50:39 info: =================================
2024-04-19 06:50:45 info: [0mPOST /users/buy/sent/cus_PvTUMZ8OOvcw4N [32m200[0m 2255.901 ms - 361[0m
2024-04-19 06:52:14 info: [0mPOST /users/buy/sent/cus_PvTUMZ8OOvcw4N [32m200[0m 2063.354 ms - 361[0m
2024-04-19 06:54:15 info: [0mGET /albums/plan/3da011fef808e2d88707194a0a76a037ae7e0083 [32m200[0m 600.110 ms - 69[0m
2024-04-19 06:54:16 info: [0mGET /users/verify/checkForSale/cus_Pvg0MFXb2kst3h/3da011fef808e2d88707194a0a76a037ae7e0083/standard [32m200[0m 943.165 ms - 5[0m
2024-04-19 06:54:23 info: [0mGET /albums/plan/7b9a0b87875a389aa943df15da6a027bf7839926 [32m200[0m 733.946 ms - 69[0m
2024-04-19 06:54:25 info: [0mGET /users/verify/checkForSale/cus_Pvg0MFXb2kst3h/7b9a0b87875a389aa943df15da6a027bf7839926/standard [32m200[0m 1332.783 ms - 5[0m
2024-04-19 06:54:29 info: [0mPOST /users/buy/cus_Pvg0MFXb2kst3h [32m200[0m 2617.582 ms - 369[0m
2024-04-19 06:55:02 info: [0mGET /public/files/albums/postPicture-85b907ea-c1db-4346-8cb4-4bcc0d6cccd3a389aa943df15da6a027bf78399267524eafd33647042024.jpeg [32m200[0m 188.418 ms - 52007[0m
2024-04-19 06:55:02 info: [0mGET /public/files/albums/postPicture-4ecd7ddf-30a6-435b-9153-ed4738f1a2d6a389aa943df15da6a027bf78399267524eafd33647042024.jpeg [32m200[0m 11.555 ms - 43259[0m
2024-04-19 06:55:02 info: [0mGET /public/files/albums/postPicture-480b9a10-4231-481a-9049-3bf22715b787a389aa943df15da6a027bf78399267524eafd33647042024.jpeg [32m200[0m 17.089 ms - 83013[0m
2024-04-19 06:55:02 info: [0mGET /albums/random/1/cus_Pvg0MFXb2kst3h [32m201[0m 1225.966 ms - 2[0m
2024-04-19 06:55:02 info: [0mGET /albums/plan/5a389aa943df15da6a027bf78399267524eafd33 [32m200[0m 789.936 ms - 64[0m
2024-04-19 06:55:04 info: [0mGET /users/verify/checkForSale/cus_Pvg0MFXb2kst3h/5a389aa943df15da6a027bf78399267524eafd33/vip [32m200[0m 1055.313 ms - 4[0m
2024-04-19 06:55:10 info: [0mGET /albums/plan/3da011fef808e2d88707194a0a76a037ae7e0083 [32m200[0m 505.574 ms - 69[0m
2024-04-19 06:55:11 info: [0mGET /users/verify/checkForSale/cus_Pvg0MFXb2kst3h/3da011fef808e2d88707194a0a76a037ae7e0083/standard [32m200[0m 911.420 ms - 5[0m
2024-04-19 06:55:36 info: [0mGET /albums/plan/3da011fef808e2d88707194a0a76a037ae7e0083 [32m200[0m 567.434 ms - 69[0m
2024-04-19 06:55:38 info: [0mGET /users/verify/checkForSale/cus_Pvg0MFXb2kst3h/3da011fef808e2d88707194a0a76a037ae7e0083/standard [32m200[0m 1003.391 ms - 5[0m
2024-04-19 06:55:38 info: [0mGET /users/plans/cus_PvTUMZ8OOvcw4N [32m200[0m 1027.377 ms - 145[0m
2024-04-19 06:55:41 info: [0mPOST /users/subscribe/cus_Pvg0MFXb2kst3h [32m200[0m 2148.947 ms - -[0m
2024-04-19 06:56:19 info: [0mGET /notifications/cus_Pvg0MFXb2kst3h [32m201[0m 579.414 ms - 2[0m
2024-04-19 06:56:27 info: [0mPOST /users/buy/sent/cus_PvTUMZ8OOvcw4N [32m200[0m 1846.805 ms - 361[0m
2024-04-19 07:18:59 info: =================================
2024-04-19 07:18:59 info: ======= ENV: development =======
2024-04-19 07:18:59 info: 🚀 App listening on the port 8000
2024-04-19 07:18:59 info: =================================
2024-04-19 07:21:42 info: =================================
2024-04-19 07:21:42 info: ======= ENV: development =======
2024-04-19 07:21:42 info: 🚀 App listening on the port 8000
2024-04-19 07:21:42 info: =================================
2024-04-19 07:31:47 info: =================================
2024-04-19 07:31:47 info: ======= ENV: development =======
2024-04-19 07:31:47 info: 🚀 App listening on the port 8000
2024-04-19 07:31:47 info: =================================
2024-04-19 07:31:52 info: =================================
2024-04-19 07:31:52 info: ======= ENV: development =======
2024-04-19 07:31:52 info: 🚀 App listening on the port 8000
2024-04-19 07:31:52 info: =================================
2024-04-19 07:33:11 info: [0mPOST /sellers/upload/sent/picture/cus_PvTUMZ8OOvcw4N/2.0/cus_Pvg0MFXb2kst3h [32m201[0m 1735.161 ms - 127[0m
2024-04-19 07:33:41 info: [0mPOST /users/buy/sent/cus_PvTUMZ8OOvcw4N [32m200[0m 2053.370 ms - 361[0m
2024-04-19 07:34:07 info: [0mGET /users/followed/cus_PvTUMZ8OOvcw4N/Seller [32m200[0m 690.433 ms - 559[0m
2024-04-19 07:34:12 info: [0mGET /users/followed/cus_PvTUMZ8OOvcw4N/Seller [32m200[0m 480.181 ms - 559[0m
2024-04-19 07:34:38 info: [0mPOST /sellers/upload/sent/picture/cus_PvTUMZ8OOvcw4N/2.0/cus_Pvg0MFXb2kst3h [32m201[0m 2342.845 ms - 127[0m
2024-04-19 07:34:59 info: [0mPOST /users/buy/sent/cus_PvTUMZ8OOvcw4N [32m200[0m 1906.340 ms - 361[0m
2024-04-19 07:37:13 info: [0mGET /users/followed/cus_PvTUMZ8OOvcw4N/Seller [32m200[0m 614.842 ms - 559[0m
2024-04-19 07:39:13 info: [0mPOST /sellers/upload/sent/picture/cus_PvTUMZ8OOvcw4N/2.0/cus_Pvg0MFXb2kst3h [32m201[0m 2595.351 ms - 127[0m
2024-04-19 07:39:14 info: [0mGET /public/files/sent/sentcus_PvTUMZ8OOvcw4N12042024.jpeg [32m200[0m 38.030 ms - 878968[0m
2024-04-19 07:40:46 info: [0mGET /users/followed/cus_PvTUMZ8OOvcw4N/Seller [32m200[0m 468.418 ms - 559[0m
2024-04-19 07:41:18 info: [0mPOST /sellers/upload/sent/picture/cus_PvTUMZ8OOvcw4N/2.0/cus_Pvg0MFXb2kst3h [32m201[0m 2180.376 ms - 127[0m
2024-04-19 07:43:23 info: [0mGET /users/followed/cus_PvTUMZ8OOvcw4N/Seller [32m200[0m 659.601 ms - 559[0m
2024-04-19 07:43:53 info: [0mPOST /sellers/upload/sent/picture/cus_PvTUMZ8OOvcw4N/2.0/cus_Pvg0MFXb2kst3h [32m201[0m 1982.642 ms - 127[0m
2024-04-19 07:43:56 info: [0mGET /public/files/sent/sentcus_PvTUMZ8OOvcw4N52042024.jpeg [32m200[0m 9.221 ms - 878968[0m
2024-04-19 07:44:02 info: [0mGET /public/files/sent/sentcus_PvTUMZ8OOvcw4N52042024.jpeg [32m200[0m 4.817 ms - 878968[0m
2024-04-19 07:46:20 info: [0mGET /users/followed/cus_PvTUMZ8OOvcw4N/Seller [32m200[0m 556.057 ms - 559[0m
2024-04-19 07:47:14 info: [0mPOST /sellers/upload/sent/picture/cus_PvTUMZ8OOvcw4N/2.0/cus_Pvg0MFXb2kst3h [32m201[0m 2300.394 ms - 127[0m
2024-04-19 07:47:16 info: [0mGET /public/files/sent/sentcus_PvTUMZ8OOvcw4N13042024.jpeg [32m200[0m 97.190 ms - 878968[0m
2024-04-19 07:47:17 info: [0mGET /public/files/sent/sentcus_PvTUMZ8OOvcw4N13042024.jpeg [32m200[0m 3.274 ms - 878968[0m
2024-04-19 07:50:52 info: [0mPOST /sellers/upload/sent/picture/cus_PvTUMZ8OOvcw4N/2.0/cus_Pvg0MFXb2kst3h [32m201[0m 2343.928 ms - 127[0m
2024-04-19 07:50:53 info: [0mGET /public/files/sent/sentcus_PvTUMZ8OOvcw4N51042024.jpeg [32m200[0m 6.023 ms - 878968[0m
2024-04-19 07:50:53 info: [0mGET /public/files/sent/sentcus_PvTUMZ8OOvcw4N51042024.jpeg [32m200[0m 2.793 ms - 878968[0m
2024-04-19 07:51:52 info: [0mPOST /sellers/upload/sent/picture/cus_PvTUMZ8OOvcw4N/2.0/cus_Pvg0MFXb2kst3h [32m201[0m 1496.203 ms - 127[0m
2024-04-19 07:52:57 info: [0mGET /users/followed/cus_PvTUMZ8OOvcw4N/Seller [32m200[0m 538.828 ms - 559[0m
2024-04-19 07:56:01 info: [0mGET /users/followed/cus_PvTUMZ8OOvcw4N/Seller [32m200[0m 483.977 ms - 559[0m
2024-04-19 07:57:44 info: [0mGET /users/followed/cus_PvTUMZ8OOvcw4N/Seller [32m200[0m 577.028 ms - 559[0m
2024-04-19 07:57:55 info: [0mGET /users/followed/cus_PvTUMZ8OOvcw4N/Seller [32m200[0m 448.154 ms - 559[0m
2024-04-19 08:03:38 info: [0mGET /users/followed/cus_PvTUMZ8OOvcw4N/Seller [32m200[0m 559.669 ms - 559[0m
2024-04-19 16:19:46 info: =================================
2024-04-19 16:19:46 info: ======= ENV: development =======
2024-04-19 16:19:46 info: 🚀 App listening on the port 8000
2024-04-19 16:19:46 info: =================================
2024-04-19 16:21:29 info: [0mGET /users/followed/cus_PvTUMZ8OOvcw4N/Seller [32m200[0m 842.946 ms - 559[0m
2024-04-19 18:14:14 info: [0mGET /users/cus_Pvg0MFXb2kst3h [32m200[0m 1802.759 ms - 278[0m
2024-04-19 18:14:16 info: [0mGET /albums/random/0/cus_Pvg0MFXb2kst3h [32m201[0m 597.709 ms - -[0m
2024-04-19 18:14:16 info: [0mGET /albums/all-categories [32m201[0m 910.742 ms - 177[0m
2024-04-19 18:14:16 info: [0mGET /albums/cus_Pvg0MFXb2kst3h [32m201[0m 1045.126 ms - -[0m
2024-04-19 18:14:16 info: [0mGET /albums/popular/cus_Pvg0MFXb2kst3h [32m201[0m 1051.144 ms - -[0m
2024-04-19 18:18:01 info: [0mGET /users/cus_PvTUMZ8OOvcw4N [32m200[0m 986.194 ms - 374[0m
2024-04-19 18:18:05 info: [0mGET /albums/random/0/cus_PvTUMZ8OOvcw4N [32m201[0m 576.217 ms - 2[0m
2024-04-19 18:18:06 info: [0mGET /albums/cus_PvTUMZ8OOvcw4N [32m201[0m 1004.285 ms - -[0m
2024-04-19 18:18:06 info: [0mGET /albums/all-categories [32m201[0m 985.778 ms - 177[0m
2024-04-19 18:18:06 info: [0mGET /users/plans/cus_PvTUMZ8OOvcw4N [32m200[0m 956.415 ms - 145[0m
2024-04-19 18:18:06 info: [0mGET /albums/popular/cus_PvTUMZ8OOvcw4N [32m201[0m 1012.735 ms - 19[0m
2024-04-19 18:19:10 info: [0mGET /users/followed/cus_PvTUMZ8OOvcw4N/Seller [32m200[0m 528.694 ms - 559[0m
2024-04-19 18:29:56 info: [0mPOST /sellers/upload/sent/picture/cus_PvTUMZ8OOvcw4N/2.0/cus_Pvg0MFXb2kst3h [32m201[0m 1871.876 ms - 127[0m
2024-04-19 18:29:57 info: [0mGET /public/files/sent/sentcus_PvTUMZ8OOvcw4N55042024.jpeg [32m200[0m 18.377 ms - 67255[0m
2024-04-19 18:29:57 info: [0mGET /public/files/sent/sentcus_PvTUMZ8OOvcw4N55042024.jpeg [32m200[0m 2.182 ms - 67255[0m
2024-04-19 18:30:06 info: [0mPOST /users/buy/sent/cus_PvTUMZ8OOvcw4N [32m200[0m 1932.982 ms - 361[0m
2024-04-19 18:37:06 info: =================================
2024-04-19 18:37:06 info: ======= ENV: development =======
2024-04-19 18:37:06 info: 🚀 App listening on the port 8000
2024-04-19 18:37:06 info: =================================
2024-04-19 18:37:18 info: =================================
2024-04-19 18:37:18 info: ======= ENV: development =======
2024-04-19 18:37:18 info: 🚀 App listening on the port 8000
2024-04-19 18:37:18 info: =================================
2024-04-19 18:37:56 info: [0mPOST /sellers/upload/sent/picture/cus_PvTUMZ8OOvcw4N/2.0/cus_Pvg0MFXb2kst3h [32m201[0m 1743.443 ms - 127[0m
2024-04-19 18:38:04 info: [0mPOST /users/buy/sent/cus_PvTUMZ8OOvcw4N [32m200[0m 2047.028 ms - 361[0m
2024-04-19 18:40:16 info: =================================
2024-04-19 18:40:16 info: ======= ENV: development =======
2024-04-19 18:40:16 info: 🚀 App listening on the port 8000
2024-04-19 18:40:16 info: =================================
2024-04-19 18:40:19 info: =================================
2024-04-19 18:40:19 info: ======= ENV: development =======
2024-04-19 18:40:19 info: 🚀 App listening on the port 8000
2024-04-19 18:40:19 info: =================================
2024-04-19 18:40:29 info: [0mPOST /users/buy/sent/cus_PvTUMZ8OOvcw4N [32m200[0m 2279.383 ms - 361[0m
2024-04-19 18:40:30 info: [0mPOST /users/buy/sent/cus_PvTUMZ8OOvcw4N [32m200[0m 1951.653 ms - 361[0m
2024-04-19 18:42:41 info: =================================
2024-04-19 18:42:41 info: ======= ENV: development =======
2024-04-19 18:42:41 info: 🚀 App listening on the port 8000
2024-04-19 18:42:41 info: =================================
2024-04-19 18:42:46 info: =================================
2024-04-19 18:42:46 info: ======= ENV: development =======
2024-04-19 18:42:46 info: 🚀 App listening on the port 8000
2024-04-19 18:42:46 info: =================================
2024-04-19 18:43:01 info: =================================
2024-04-19 18:43:01 info: ======= ENV: development =======
2024-04-19 18:43:01 info: 🚀 App listening on the port 8000
2024-04-19 18:43:01 info: =================================
2024-04-19 18:43:13 info: =================================
2024-04-19 18:43:13 info: ======= ENV: development =======
2024-04-19 18:43:13 info: 🚀 App listening on the port 8000
2024-04-19 18:43:13 info: =================================
2024-04-19 18:43:19 info: [0mPOST /users/buy/sent/cus_PvTUMZ8OOvcw4N [32m200[0m 2072.948 ms - 361[0m
2024-04-19 18:45:14 info: =================================
2024-04-19 18:45:14 info: ======= ENV: development =======
2024-04-19 18:45:14 info: 🚀 App listening on the port 8000
2024-04-19 18:45:14 info: =================================
2024-04-19 18:45:24 info: =================================
2024-04-19 18:45:24 info: ======= ENV: development =======
2024-04-19 18:45:24 info: 🚀 App listening on the port 8000
2024-04-19 18:45:24 info: =================================
2024-04-19 18:45:44 info: =================================
2024-04-19 18:45:44 info: ======= ENV: development =======
2024-04-19 18:45:44 info: 🚀 App listening on the port 8000
2024-04-19 18:45:44 info: =================================
2024-04-19 18:46:01 info: [0mPOST /users/buy/sent/cus_PvTUMZ8OOvcw4N [32m200[0m 3496.160 ms - 361[0m
2024-04-19 18:49:23 info: =================================
2024-04-19 18:49:23 info: ======= ENV: development =======
2024-04-19 18:49:23 info: 🚀 App listening on the port 8000
2024-04-19 18:49:23 info: =================================
2024-04-19 18:49:30 info: [0mPOST /users/buy/sent/cus_PvTUMZ8OOvcw4N [32m200[0m 2255.960 ms - 361[0m
2024-04-19 18:52:25 info: =================================
2024-04-19 18:52:25 info: ======= ENV: development =======
2024-04-19 18:52:25 info: 🚀 App listening on the port 8000
2024-04-19 18:52:25 info: =================================
2024-04-19 18:52:33 info: [0mPOST /users/buy/sent/cus_PvTUMZ8OOvcw4N [32m200[0m 2168.820 ms - 361[0m
2024-04-19 18:54:18 info: =================================
2024-04-19 18:54:18 info: ======= ENV: development =======
2024-04-19 18:54:18 info: 🚀 App listening on the port 8000
2024-04-19 18:54:18 info: =================================
2024-04-19 18:54:29 info: [0mPOST /users/buy/sent/cus_PvTUMZ8OOvcw4N [32m200[0m 2375.663 ms - 361[0m
2024-04-19 18:55:54 info: =================================
2024-04-19 18:55:54 info: ======= ENV: development =======
2024-04-19 18:55:54 info: 🚀 App listening on the port 8000
2024-04-19 18:55:54 info: =================================
2024-04-19 18:56:48 info: =================================
2024-04-19 18:56:48 info: ======= ENV: development =======
2024-04-19 18:56:48 info: 🚀 App listening on the port 8000
2024-04-19 18:56:48 info: =================================
2024-04-19 18:56:55 info: [0mPOST /users/buy/sent/cus_PvTUMZ8OOvcw4N [32m200[0m 2145.911 ms - 361[0m
2024-04-19 18:59:08 info: [0mGET /users/followed/cus_PvTUMZ8OOvcw4N/Seller [32m200[0m 576.070 ms - 559[0m
2024-04-19 18:59:36 info: [0mPOST /sellers/upload/sent/picture/cus_PvTUMZ8OOvcw4N/2.0/cus_Pvg0MFXb2kst3h [32m201[0m 1738.719 ms - 127[0m
2024-04-19 18:59:37 info: [0mGET /public/files/sent/sentcus_PvTUMZ8OOvcw4N35042024.jpeg [32m200[0m 8.425 ms - 87457[0m
2024-04-19 18:59:37 info: [0mGET /public/files/sent/sentcus_PvTUMZ8OOvcw4N35042024.jpeg [32m200[0m 1.379 ms - 87457[0m
2024-04-19 18:59:42 info: [0mPOST /users/buy/sent/cus_PvTUMZ8OOvcw4N [32m200[0m 2090.017 ms - 361[0m
2024-04-19 19:00:50 info: =================================
2024-04-19 19:00:50 info: ======= ENV: development =======
2024-04-19 19:00:50 info: 🚀 App listening on the port 8000
2024-04-19 19:00:50 info: =================================
2024-04-19 19:01:28 info: [0mPOST /users/buy/sent/cus_PvTUMZ8OOvcw4N [32m200[0m 2131.309 ms - 361[0m
2024-04-19 19:01:30 info: [0mPOST /users/buy/sent/cus_PvTUMZ8OOvcw4N [32m200[0m 1834.078 ms - 361[0m
2024-04-19 21:49:18 info: [0mGET /users/cus_PvTUMZ8OOvcw4N [32m200[0m 1595.099 ms - 374[0m
2024-04-19 21:49:21 info: [0mGET /albums/random/0/cus_PvTUMZ8OOvcw4N [32m201[0m 557.425 ms - 2[0m
2024-04-19 21:49:22 info: [0mGET /albums/all-categories [32m201[0m 951.962 ms - 177[0m
2024-04-19 21:49:22 info: [0mGET /users/plans/cus_PvTUMZ8OOvcw4N [32m200[0m 941.597 ms - 145[0m
2024-04-19 21:49:22 info: [0mGET /albums/popular/cus_PvTUMZ8OOvcw4N [32m201[0m 1034.164 ms - 19[0m
2024-04-19 21:49:22 info: [0mGET /albums/cus_PvTUMZ8OOvcw4N [32m201[0m 1028.480 ms - -[0m
2024-04-19 21:50:46 info: [0mPOST /sellers/upload/sent/picture/cus_PvTUMZ8OOvcw4N/2.0/cus_Pvg0MFXb2kst3h [32m201[0m 5119.063 ms - 127[0m
2024-04-19 21:51:15 info: [0mPOST /users/buy/sent/cus_PvTUMZ8OOvcw4N [32m200[0m 2957.420 ms - 361[0m
2024-04-19 21:51:33 info: [0mPOST /users/buy/sent/cus_PvTUMZ8OOvcw4N [32m200[0m 3302.576 ms - 361[0m
2024-04-19 21:51:33 info: [0mPOST /users/buy/sent/cus_PvTUMZ8OOvcw4N [32m200[0m 3010.455 ms - 361[0m
2024-04-19 21:51:59 info: [0mPOST /sellers/upload/sent/picture/cus_PvTUMZ8OOvcw4N/2.0/cus_Pvg0MFXb2kst3h [32m201[0m 3681.269 ms - 127[0m
2024-04-19 21:52:02 info: [0mGET /public/files/sent/sentcus_PvTUMZ8OOvcw4N57042024.jpeg [32m200[0m 20.889 ms - 1408556[0m
2024-04-19 21:52:02 info: [0mGET /public/files/sent/sentcus_PvTUMZ8OOvcw4N57042024.jpeg [32m200[0m 2.772 ms - 1408556[0m
2024-04-19 21:52:30 info: [0mGET /albums/plan/3da011fef808e2d88707194a0a76a037ae7e0083 [32m200[0m 1077.843 ms - 69[0m
2024-04-19 21:52:32 info: [0mGET /users/verify/checkForSale/cus_Pvg0MFXb2kst3h/3da011fef808e2d88707194a0a76a037ae7e0083/standard [32m200[0m 1096.763 ms - 4[0m
2024-04-19 21:52:37 info: [0mGET /albums/plan/b87875a389aa943df15da6a027bf78399267524e [32m200[0m 688.172 ms - 69[0m
2024-04-19 21:52:39 info: [0mGET /users/verify/checkForSale/cus_Pvg0MFXb2kst3h/b87875a389aa943df15da6a027bf78399267524e/standard [32m200[0m 1055.944 ms - 4[0m
2024-04-19 21:52:41 info: [0mGET /albums/plan/5a389aa943df15da6a027bf78399267524eafd33 [32m200[0m 686.531 ms - 64[0m
2024-04-19 21:52:41 info: [0mGET /albums/random/1/cus_Pvg0MFXb2kst3h [32m201[0m 830.953 ms - 2[0m
2024-04-19 21:52:42 info: [0mGET /users/verify/checkForSale/cus_Pvg0MFXb2kst3h/5a389aa943df15da6a027bf78399267524eafd33/vip [32m200[0m 1047.124 ms - 4[0m
2024-04-19 21:52:46 info: [0mGET /albums/plan/08e2d88707194a0a76a037ae7e0083a98e490df9 [32m200[0m 598.501 ms - 69[0m
2024-04-19 21:52:48 info: [0mGET /users/verify/checkForSale/cus_Pvg0MFXb2kst3h/08e2d88707194a0a76a037ae7e0083a98e490df9/standard [32m200[0m 1628.352 ms - 4[0m
2024-04-19 21:52:49 info: [0mGET /albums/plan/7b9a0b87875a389aa943df15da6a027bf7839926 [32m200[0m 666.477 ms - 69[0m
2024-04-19 21:52:51 info: [0mGET /users/verify/checkForSale/cus_Pvg0MFXb2kst3h/7b9a0b87875a389aa943df15da6a027bf7839926/standard [32m200[0m 1116.063 ms - 4[0m
2024-04-19 21:52:53 info: [0mGET /albums/plan/1fef808e2d88707194a0a76a037ae7e0083a98e4 [32m200[0m 462.279 ms - 69[0m
2024-04-19 21:52:55 info: [0mGET /users/verify/checkForSale/cus_Pvg0MFXb2kst3h/1fef808e2d88707194a0a76a037ae7e0083a98e4/standard [32m200[0m 1006.754 ms - 4[0m
2024-04-19 21:52:57 info: [0mGET /albums/plan/ec863a3da011fef808e2d88707194a0a76a037ae [32m200[0m 902.058 ms - 64[0m
2024-04-19 21:52:59 info: [0mGET /users/verify/checkForSale/cus_Pvg0MFXb2kst3h/ec863a3da011fef808e2d88707194a0a76a037ae/vip [32m200[0m 1007.718 ms - 4[0m
2024-04-19 21:53:00 info: [0mGET /albums/plan/3da011fef808e2d88707194a0a76a037ae7e0083 [32m200[0m 432.388 ms - 69[0m
2024-04-19 21:53:02 info: [0mGET /users/verify/checkForSale/cus_Pvg0MFXb2kst3h/3da011fef808e2d88707194a0a76a037ae7e0083/standard [32m200[0m 847.887 ms - 4[0m
2024-04-19 21:53:07 info: [0mGET /albums/random/3/cus_Pvg0MFXb2kst3h [32m201[0m 592.959 ms - 2[0m
2024-04-19 21:53:41 info: [0mGET /notifications/cus_Pvg0MFXb2kst3h [32m201[0m 492.787 ms - 2[0m
2024-04-19 21:53:44 info: [0mGET /notifications/cus_PvTUMZ8OOvcw4N [32m201[0m 492.531 ms - -[0m
