2024-01-27 14:44:27 info: =================================
2024-01-27 14:44:27 info: ======= ENV: development =======
2024-01-27 14:44:27 info: 🚀 App listening on the port 8000
2024-01-27 14:44:27 info: =================================
2024-01-27 14:44:39 error: [GET] /users/cus_POhM4sebYS0ITQ >> StatusCode:: 401, Message:: missing token
2024-01-27 14:44:39 info: [0mGET /users/cus_POhM4sebYS0ITQ [33m401[0m 39.428 ms - 27[0m
2024-01-27 14:44:39 info: [0mPOST /refresh [32m200[0m 18.553 ms - 248[0m
2024-01-27 14:49:54 info: =================================
2024-01-27 14:49:54 info: ======= ENV: development =======
2024-01-27 14:49:54 info: 🚀 App listening on the port 8000
2024-01-27 14:49:54 info: =================================
2024-01-27 14:50:05 error: [GET] /users/cus_POhM4sebYS0ITQ >> StatusCode:: 401, Message:: missing token
2024-01-27 14:50:05 info: [0mGET /users/cus_POhM4sebYS0ITQ [33m401[0m 32.598 ms - 27[0m
2024-01-27 14:50:05 info: [0mPOST /refresh [32m200[0m 13.700 ms - 247[0m
2024-01-27 14:50:06 error: [GET] /users/cus_POhM4sebYS0ITQ >> StatusCode:: 400, Message:: Wrong authentication token
2024-01-27 14:50:06 info: [0mGET /users/cus_POhM4sebYS0ITQ [33m400[0m 638.747 ms - 40[0m
2024-01-27 14:50:33 info: [0mPOST /users/generateOtp/mouaddigoug12@gmail.com [32m200[0m 10.332 ms - 80[0m
2024-01-27 14:51:39 info: [0mPOST /users/generateOtp/mouaddigoug12@gmail.com [32m200[0m 1.964 ms - 80[0m
2024-01-27 14:52:37 info: [0mPOST /login [32m200[0m 1088.515 ms - 485[0m
2024-01-27 14:52:38 info: [0mGET /albums/all-categories [32m201[0m 745.442 ms - 17[0m
2024-01-27 14:52:38 info: [0mGET /albums/popular/cus_PNLVv8BOVunkBc [32m201[0m 1456.933 ms - 19[0m
2024-01-27 14:52:38 info: [0mGET /albums/cus_PNLVv8BOVunkBc [32m201[0m 1455.538 ms - 16[0m
2024-01-27 14:52:38 info: [0mGET /albums/random/0/cus_PNLVv8BOVunkBc [32m201[0m 1447.215 ms - 2[0m
2024-01-27 14:52:47 info: [0mGET /notifications/cus_PNLVv8BOVunkBc [32m201[0m 394.037 ms - 2[0m
2024-01-27 15:53:58 info: [0mGET / [32m200[0m 0.777 ms - 2[0m
