2023-06-08 18:17:53 info: =================================
2023-06-08 18:17:53 info: ======= ENV: development =======
2023-06-08 18:17:53 info: 🚀 App listening on the port 4000
2023-06-08 18:17:53 info: =================================
2023-06-08 18:17:55 info: [0mGET /login [33m404[0m 4.329 ms - 144[0m
2023-06-08 18:18:52 info: [0mGET /login [33m404[0m 1.853 ms - 144[0m
2023-06-08 18:20:27 info: [0mGET /login [33m404[0m 0.480 ms - 144[0m
2023-06-08 18:24:01 info: [0mPOST /login [32m200[0m 135.335 ms - -[0m
2023-06-08 18:24:11 info: [0mPOST /login [32m200[0m 5.002 ms - -[0m
2023-06-08 18:24:20 info: [0mGET /login [33m404[0m 0.653 ms - 144[0m
2023-06-08 18:25:11 info: [0mPOST /login [32m200[0m 635.249 ms - 63[0m
2023-06-08 18:25:51 info: [0mPOST /login [32m200[0m 394.656 ms - 63[0m
2023-06-08 18:26:27 info: [0mPOST /signup [32m201[0m 740.547 ms - 26[0m
2023-06-08 18:29:17 info: [0mPOST /login [32m200[0m 412.232 ms - 62[0m
2023-06-08 18:29:36 info: =================================
2023-06-08 18:29:36 info: ======= ENV: development =======
2023-06-08 18:29:36 info: 🚀 App listening on the port 4000
2023-06-08 18:29:36 info: =================================
2023-06-08 18:30:30 info: [0mPOST /login [32m200[0m 453.509 ms - 62[0m
2023-06-08 18:31:52 info: [0mPOST /login [32m200[0m 401.808 ms - 62[0m
2023-06-08 18:32:32 info: =================================
2023-06-08 18:32:32 info: ======= ENV: development =======
2023-06-08 18:32:32 info: 🚀 App listening on the port 4000
2023-06-08 18:32:32 info: =================================
2023-06-08 18:36:07 info: [0mPOST /login [32m200[0m 432.306 ms - 61[0m
2023-06-08 18:38:32 info: [0mPOST /login [32m200[0m 830.534 ms - 61[0m
2023-06-08 18:39:18 info: [0mPOST /login [32m200[0m 449.584 ms - 61[0m
2023-06-08 18:42:13 info: =================================
2023-06-08 18:42:13 info: ======= ENV: development =======
2023-06-08 18:42:13 info: 🚀 App listening on the port 4000
2023-06-08 18:42:13 info: =================================
2023-06-08 18:42:15 info: =================================
2023-06-08 18:42:15 info: ======= ENV: development =======
2023-06-08 18:42:15 info: 🚀 App listening on the port 4000
2023-06-08 18:42:15 info: =================================
2023-06-08 18:42:19 info: =================================
2023-06-08 18:42:19 info: ======= ENV: development =======
2023-06-08 18:42:19 info: 🚀 App listening on the port 4000
2023-06-08 18:42:19 info: =================================
2023-06-08 18:42:22 info: =================================
2023-06-08 18:42:22 info: ======= ENV: development =======
2023-06-08 18:42:22 info: 🚀 App listening on the port 4000
2023-06-08 18:42:22 info: =================================
2023-06-08 18:42:29 info: [0mPOST /login [32m200[0m 444.141 ms - 61[0m
2023-06-08 18:42:41 info: =================================
2023-06-08 18:42:41 info: ======= ENV: development =======
2023-06-08 18:42:41 info: 🚀 App listening on the port 4000
2023-06-08 18:42:41 info: =================================
2023-06-08 18:43:12 info: [0mPOST /login [32m200[0m 442.060 ms - 61[0m
2023-06-08 18:50:41 info: [0mPOST /login [32m200[0m 426.443 ms - 61[0m
2023-06-08 18:51:25 info: [0mPOST /login [32m200[0m 373.622 ms - 61[0m
2023-06-08 18:52:10 info: [0mPOST /login [32m200[0m 391.800 ms - 61[0m
2023-06-08 18:53:11 info: =================================
2023-06-08 18:53:11 info: ======= ENV: development =======
2023-06-08 18:53:11 info: 🚀 App listening on the port 4000
2023-06-08 18:53:11 info: =================================
2023-06-08 18:53:49 info: [0mPOST /login [32m200[0m 436.217 ms - 61[0m
2023-06-08 18:54:47 info: [0mPOST /login [32m200[0m 381.392 ms - 61[0m
2023-06-08 18:55:22 info: [0mPOST /login [32m200[0m 399.648 ms - 61[0m
2023-06-08 18:56:07 info: [0mPOST /login [32m200[0m 400.717 ms - 61[0m
2023-06-08 18:57:03 info: [0mPOST /login [32m200[0m 407.847 ms - 61[0m
2023-06-08 18:58:37 info: [0mPOST /login [32m200[0m 394.547 ms - 62[0m
2023-06-08 19:00:58 info: [0mPOST /login [32m200[0m 391.145 ms - 62[0m
2023-06-08 19:03:51 info: [0mPOST /login [32m200[0m 390.162 ms - 62[0m
2023-06-08 19:04:29 info: [0mPOST /login [32m200[0m 383.833 ms - 62[0m
2023-06-08 19:04:49 info: [0mPOST /login [32m200[0m 363.642 ms - 62[0m
2023-06-08 19:04:56 info: [0mPOST /login [32m200[0m 400.218 ms - 62[0m
2023-06-08 19:05:34 info: [0mPOST /login [32m200[0m 415.997 ms - 62[0m
2023-06-08 19:05:54 info: [0mPOST /login [32m200[0m 388.880 ms - 62[0m
2023-06-08 19:06:02 info: [0mPOST /login [32m200[0m 373.919 ms - 62[0m
2023-06-08 19:06:37 info: [0mPOST /login [32m200[0m 404.347 ms - 62[0m
2023-06-08 19:07:10 info: [0mPOST /login [32m200[0m 395.510 ms - 62[0m
2023-06-08 19:07:38 info: [0mPOST /login [32m200[0m 405.665 ms - 62[0m
2023-06-08 19:07:51 info: [0mPOST /login [32m200[0m 403.254 ms - 62[0m
2023-06-08 19:08:30 info: [0mPOST /login [32m200[0m 388.722 ms - 62[0m
2023-06-08 19:10:13 info: [0mPOST /login [32m200[0m 442.832 ms - 62[0m
2023-06-08 19:10:42 info: [0mPOST /login [32m200[0m 379.524 ms - 62[0m
2023-06-08 19:11:10 info: [0mPOST /login [32m200[0m 392.346 ms - 62[0m
2023-06-08 19:11:37 info: [0mPOST /login [32m200[0m 386.048 ms - 62[0m
2023-06-08 19:12:27 info: [0mPOST /login [32m200[0m 395.166 ms - 61[0m
2023-06-08 19:14:52 info: [0mPOST /login [32m200[0m 388.930 ms - 61[0m
2023-06-08 19:15:41 info: [0mPOST /login [32m200[0m 431.623 ms - 61[0m
2023-06-08 19:17:43 info: [0mPOST /login [32m200[0m 395.989 ms - 61[0m
2023-06-08 19:19:04 info: [0mPOST /login [32m200[0m 389.291 ms - 61[0m
2023-06-08 19:19:29 info: [0mPOST /login [32m200[0m 378.748 ms - 61[0m
2023-06-08 19:19:53 info: [0mPOST /login [32m200[0m 365.284 ms - 61[0m
2023-06-08 19:22:21 info: [0mPOST /login [32m200[0m 367.507 ms - 61[0m
2023-06-08 19:24:25 info: [0mPOST /login [32m200[0m 390.731 ms - 61[0m
2023-06-08 19:24:31 info: [0mPOST /login [32m200[0m 369.258 ms - 61[0m
2023-06-08 19:25:41 info: [0mPOST /login [32m200[0m 386.615 ms - 61[0m
2023-06-08 19:26:50 info: [0mPOST /login [32m200[0m 400.519 ms - 61[0m
2023-06-08 19:30:07 info: [0mPOST /login [32m200[0m 423.175 ms - 61[0m
2023-06-08 19:31:37 info: [0mPOST /login [32m200[0m 421.736 ms - 61[0m
2023-06-08 19:32:02 info: [0mPOST /login [32m200[0m 391.856 ms - 61[0m
2023-06-08 19:33:35 info: [0mPOST /login [32m200[0m 387.841 ms - 61[0m
2023-06-08 19:33:51 info: [0mPOST /login [32m200[0m 391.056 ms - 61[0m
2023-06-08 19:33:59 info: [0mPOST /login [32m200[0m 401.198 ms - 61[0m
2023-06-08 19:35:51 info: [0mPOST /login [32m200[0m 389.755 ms - 61[0m
2023-06-08 19:37:19 info: [0mPOST /login [32m200[0m 424.357 ms - 61[0m
2023-06-08 19:37:38 info: [0mPOST /login [32m200[0m 400.130 ms - 61[0m
2023-06-08 19:37:55 info: [0mPOST /login [32m200[0m 376.832 ms - 61[0m
2023-06-08 19:38:38 info: [0mPOST /login [32m200[0m 375.630 ms - 61[0m
2023-06-08 19:40:11 info: [0mPOST /login [32m200[0m 468.907 ms - 61[0m
