2023-03-22 11:01:53 info: =================================
2023-03-22 11:01:53 info: ======= ENV: development =======
2023-03-22 11:01:53 info: 🚀 App listening on the port 3000
2023-03-22 11:01:53 info: =================================
2023-03-22 11:03:39 info: =================================
2023-03-22 11:03:39 info: ======= ENV: development =======
2023-03-22 11:03:39 info: 🚀 App listening on the port 3000
2023-03-22 11:03:39 info: =================================
2023-03-22 11:03:43 info: =================================
2023-03-22 11:03:43 info: ======= ENV: development =======
2023-03-22 11:03:43 info: 🚀 App listening on the port 3000
2023-03-22 11:03:43 info: =================================
2023-03-22 11:07:33 info: =================================
2023-03-22 11:07:33 info: ======= ENV: development =======
2023-03-22 11:07:33 info: 🚀 App listening on the port 3000
2023-03-22 11:07:33 info: =================================
2023-03-22 11:09:47 info: =================================
2023-03-22 11:09:47 info: ======= ENV: development =======
2023-03-22 11:09:47 info: 🚀 App listening on the port 3000
2023-03-22 11:09:47 info: =================================
2023-03-22 11:33:20 info: =================================
2023-03-22 11:33:20 info: ======= ENV: development =======
2023-03-22 11:33:20 info: 🚀 App listening on the port 3000
2023-03-22 11:33:20 info: =================================
2023-03-22 11:41:10 info: [0mPOST /signup [32m201[0m 660.740 ms - 61[0m
2023-03-22 11:41:22 info: [0mPOST /signup [36m302[0m 854.340 ms - 283[0m
2023-03-22 11:43:24 info: =================================
2023-03-22 11:43:24 info: ======= ENV: development =======
2023-03-22 11:43:24 info: 🚀 App listening on the port 3000
2023-03-22 11:43:24 info: =================================
2023-03-22 11:43:30 info: =================================
2023-03-22 11:43:30 info: ======= ENV: development =======
2023-03-22 11:43:30 info: 🚀 App listening on the port 3000
2023-03-22 11:43:30 info: =================================
2023-03-22 11:44:26 info: =================================
2023-03-22 11:44:26 info: ======= ENV: development =======
2023-03-22 11:44:26 info: 🚀 App listening on the port 3000
2023-03-22 11:44:26 info: =================================
2023-03-22 11:44:29 info: =================================
2023-03-22 11:44:29 info: ======= ENV: development =======
2023-03-22 11:44:29 info: 🚀 App listening on the port 3000
2023-03-22 11:44:29 info: =================================
2023-03-22 11:44:32 info: =================================
2023-03-22 11:44:32 info: ======= ENV: development =======
2023-03-22 11:44:32 info: 🚀 App listening on the port 3000
2023-03-22 11:44:32 info: =================================
2023-03-22 11:44:36 info: =================================
2023-03-22 11:44:36 info: ======= ENV: development =======
2023-03-22 11:44:36 info: 🚀 App listening on the port 3000
2023-03-22 11:44:36 info: =================================
2023-03-22 11:44:48 info: =================================
2023-03-22 11:44:48 info: ======= ENV: development =======
2023-03-22 11:44:48 info: 🚀 App listening on the port 3000
2023-03-22 11:44:48 info: =================================
2023-03-22 11:46:48 info: =================================
2023-03-22 11:46:48 info: ======= ENV: development =======
2023-03-22 11:46:48 info: 🚀 App listening on the port 3000
2023-03-22 11:46:48 info: =================================
2023-03-22 11:46:54 info: =================================
2023-03-22 11:46:54 info: ======= ENV: development =======
2023-03-22 11:46:54 info: 🚀 App listening on the port 3000
2023-03-22 11:46:54 info: =================================
2023-03-22 11:47:00 info: =================================
2023-03-22 11:47:00 info: ======= ENV: development =======
2023-03-22 11:47:00 info: 🚀 App listening on the port 3000
2023-03-22 11:47:00 info: =================================
2023-03-22 11:47:03 info: =================================
2023-03-22 11:47:03 info: ======= ENV: development =======
2023-03-22 11:47:03 info: 🚀 App listening on the port 3000
2023-03-22 11:47:03 info: =================================
2023-03-22 11:47:07 info: =================================
2023-03-22 11:47:07 info: ======= ENV: development =======
2023-03-22 11:47:07 info: 🚀 App listening on the port 3000
2023-03-22 11:47:07 info: =================================
2023-03-22 11:47:15 info: =================================
2023-03-22 11:47:15 info: ======= ENV: development =======
2023-03-22 11:47:15 info: 🚀 App listening on the port 3000
2023-03-22 11:47:15 info: =================================
2023-03-22 11:47:20 info: =================================
2023-03-22 11:47:20 info: ======= ENV: development =======
2023-03-22 11:47:20 info: 🚀 App listening on the port 3000
2023-03-22 11:47:20 info: =================================
2023-03-22 11:47:23 info: =================================
2023-03-22 11:47:23 info: ======= ENV: development =======
2023-03-22 11:47:23 info: 🚀 App listening on the port 3000
2023-03-22 11:47:23 info: =================================
2023-03-22 11:47:32 info: =================================
2023-03-22 11:47:32 info: ======= ENV: development =======
2023-03-22 11:47:32 info: 🚀 App listening on the port 3000
2023-03-22 11:47:32 info: =================================
2023-03-22 11:47:37 info: =================================
2023-03-22 11:47:37 info: ======= ENV: development =======
2023-03-22 11:47:37 info: 🚀 App listening on the port 3000
2023-03-22 11:47:37 info: =================================
2023-03-22 11:47:43 info: =================================
2023-03-22 11:47:43 info: ======= ENV: development =======
2023-03-22 11:47:43 info: 🚀 App listening on the port 3000
2023-03-22 11:47:43 info: =================================
2023-03-22 11:47:48 info: =================================
2023-03-22 11:47:48 info: ======= ENV: development =======
2023-03-22 11:47:48 info: 🚀 App listening on the port 3000
2023-03-22 11:47:48 info: =================================
2023-03-22 11:48:17 info: =================================
2023-03-22 11:48:17 info: ======= ENV: development =======
2023-03-22 11:48:17 info: 🚀 App listening on the port 3000
2023-03-22 11:48:17 info: =================================
2023-03-22 11:49:21 info: =================================
2023-03-22 11:49:21 info: ======= ENV: development =======
2023-03-22 11:49:21 info: 🚀 App listening on the port 3000
2023-03-22 11:49:21 info: =================================
2023-03-22 11:49:27 info: =================================
2023-03-22 11:49:27 info: ======= ENV: development =======
2023-03-22 11:49:27 info: 🚀 App listening on the port 3000
2023-03-22 11:49:27 info: =================================
2023-03-22 11:49:32 info: =================================
2023-03-22 11:49:32 info: ======= ENV: development =======
2023-03-22 11:49:32 info: 🚀 App listening on the port 3000
2023-03-22 11:49:32 info: =================================
2023-03-22 11:49:37 info: =================================
2023-03-22 11:49:37 info: ======= ENV: development =======
2023-03-22 11:49:37 info: 🚀 App listening on the port 3000
2023-03-22 11:49:37 info: =================================
2023-03-22 11:49:42 info: =================================
2023-03-22 11:49:42 info: ======= ENV: development =======
2023-03-22 11:49:42 info: 🚀 App listening on the port 3000
2023-03-22 11:49:42 info: =================================
2023-03-22 11:49:45 info: =================================
2023-03-22 11:49:45 info: ======= ENV: development =======
2023-03-22 11:49:45 info: 🚀 App listening on the port 3000
2023-03-22 11:49:45 info: =================================
2023-03-22 11:49:48 info: =================================
2023-03-22 11:49:48 info: ======= ENV: development =======
2023-03-22 11:49:48 info: 🚀 App listening on the port 3000
2023-03-22 11:49:48 info: =================================
2023-03-22 11:49:51 info: =================================
2023-03-22 11:49:51 info: ======= ENV: development =======
2023-03-22 11:49:51 info: 🚀 App listening on the port 3000
2023-03-22 11:49:51 info: =================================
2023-03-22 11:50:11 info: =================================
2023-03-22 11:50:11 info: ======= ENV: development =======
2023-03-22 11:50:11 info: 🚀 App listening on the port 3000
2023-03-22 11:50:11 info: =================================
2023-03-22 11:50:29 info: =================================
2023-03-22 11:50:29 info: ======= ENV: development =======
2023-03-22 11:50:29 info: 🚀 App listening on the port 3000
2023-03-22 11:50:29 info: =================================
2023-03-22 11:50:37 info: =================================
2023-03-22 11:50:37 info: ======= ENV: development =======
2023-03-22 11:50:37 info: 🚀 App listening on the port 3000
2023-03-22 11:50:37 info: =================================
2023-03-22 11:50:53 info: =================================
2023-03-22 11:50:53 info: ======= ENV: development =======
2023-03-22 11:50:53 info: 🚀 App listening on the port 3000
2023-03-22 11:50:53 info: =================================
2023-03-22 11:50:56 info: =================================
2023-03-22 11:50:56 info: ======= ENV: development =======
2023-03-22 11:50:56 info: 🚀 App listening on the port 3000
2023-03-22 11:50:56 info: =================================
2023-03-22 11:51:01 info: =================================
2023-03-22 11:51:01 info: ======= ENV: development =======
2023-03-22 11:51:01 info: 🚀 App listening on the port 3000
2023-03-22 11:51:01 info: =================================
2023-03-22 11:51:12 info: =================================
2023-03-22 11:51:12 info: ======= ENV: development =======
2023-03-22 11:51:12 info: 🚀 App listening on the port 3000
2023-03-22 11:51:12 info: =================================
2023-03-22 11:51:16 info: =================================
2023-03-22 11:51:16 info: ======= ENV: development =======
2023-03-22 11:51:16 info: 🚀 App listening on the port 3000
2023-03-22 11:51:16 info: =================================
2023-03-22 11:51:20 info: =================================
2023-03-22 11:51:20 info: ======= ENV: development =======
2023-03-22 11:51:20 info: 🚀 App listening on the port 3000
2023-03-22 11:51:20 info: =================================
2023-03-22 11:51:39 info: =================================
2023-03-22 11:51:39 info: ======= ENV: development =======
2023-03-22 11:51:39 info: 🚀 App listening on the port 3000
2023-03-22 11:51:39 info: =================================
2023-03-22 11:51:43 info: =================================
2023-03-22 11:51:43 info: ======= ENV: development =======
2023-03-22 11:51:43 info: 🚀 App listening on the port 3000
2023-03-22 11:51:43 info: =================================
2023-03-22 11:51:54 info: =================================
2023-03-22 11:51:54 info: ======= ENV: development =======
2023-03-22 11:51:54 info: 🚀 App listening on the port 3000
2023-03-22 11:51:54 info: =================================
2023-03-22 13:56:50 info: =================================
2023-03-22 13:56:50 info: ======= ENV: development =======
2023-03-22 13:56:50 info: 🚀 App listening on the port 3000
2023-03-22 13:56:50 info: =================================
2023-03-22 13:56:55 info: =================================
2023-03-22 13:56:55 info: ======= ENV: development =======
2023-03-22 13:56:55 info: 🚀 App listening on the port 3000
2023-03-22 13:56:55 info: =================================
2023-03-22 14:49:29 info: =================================
2023-03-22 14:49:29 info: ======= ENV: development =======
2023-03-22 14:49:29 info: 🚀 App listening on the port 3000
2023-03-22 14:49:29 info: =================================
2023-03-22 14:50:10 info: =================================
2023-03-22 14:50:10 info: ======= ENV: development =======
2023-03-22 14:50:10 info: 🚀 App listening on the port 3000
2023-03-22 14:50:10 info: =================================
2023-03-22 14:50:25 info: =================================
2023-03-22 14:50:25 info: ======= ENV: development =======
2023-03-22 14:50:25 info: 🚀 App listening on the port 3000
2023-03-22 14:50:25 info: =================================
2023-03-22 14:50:31 info: =================================
2023-03-22 14:50:31 info: ======= ENV: development =======
2023-03-22 14:50:31 info: 🚀 App listening on the port 3000
2023-03-22 14:50:31 info: =================================
2023-03-22 14:50:49 info: =================================
2023-03-22 14:50:49 info: ======= ENV: development =======
2023-03-22 14:50:49 info: 🚀 App listening on the port 3000
2023-03-22 14:50:49 info: =================================
2023-03-22 14:50:57 info: =================================
2023-03-22 14:50:57 info: ======= ENV: development =======
2023-03-22 14:50:57 info: 🚀 App listening on the port 3000
2023-03-22 14:50:57 info: =================================
2023-03-22 14:51:33 info: =================================
2023-03-22 14:51:33 info: ======= ENV: development =======
2023-03-22 14:51:33 info: 🚀 App listening on the port 3000
2023-03-22 14:51:33 info: =================================
2023-03-22 14:51:50 info: =================================
2023-03-22 14:51:50 info: ======= ENV: development =======
2023-03-22 14:51:50 info: 🚀 App listening on the port 3000
2023-03-22 14:51:50 info: =================================
2023-03-22 14:51:56 info: =================================
2023-03-22 14:51:56 info: ======= ENV: development =======
2023-03-22 14:51:56 info: 🚀 App listening on the port 3000
2023-03-22 14:51:56 info: =================================
2023-03-22 14:51:59 info: =================================
2023-03-22 14:51:59 info: ======= ENV: development =======
2023-03-22 14:51:59 info: 🚀 App listening on the port 3000
2023-03-22 14:51:59 info: =================================
2023-03-22 14:52:36 info: =================================
2023-03-22 14:52:36 info: ======= ENV: development =======
2023-03-22 14:52:36 info: 🚀 App listening on the port 3000
2023-03-22 14:52:36 info: =================================
2023-03-22 14:52:49 info: =================================
2023-03-22 14:52:49 info: ======= ENV: development =======
2023-03-22 14:52:49 info: 🚀 App listening on the port 3000
2023-03-22 14:52:49 info: =================================
2023-03-22 14:52:59 info: =================================
2023-03-22 14:52:59 info: ======= ENV: development =======
2023-03-22 14:52:59 info: 🚀 App listening on the port 3000
2023-03-22 14:52:59 info: =================================
2023-03-22 14:53:03 info: =================================
2023-03-22 14:53:03 info: ======= ENV: development =======
2023-03-22 14:53:03 info: 🚀 App listening on the port 3000
2023-03-22 14:53:03 info: =================================
2023-03-22 14:53:05 info: =================================
2023-03-22 14:53:05 info: ======= ENV: development =======
2023-03-22 14:53:05 info: 🚀 App listening on the port 3000
2023-03-22 14:53:05 info: =================================
2023-03-22 14:53:16 info: =================================
2023-03-22 14:53:16 info: ======= ENV: development =======
2023-03-22 14:53:16 info: 🚀 App listening on the port 3000
2023-03-22 14:53:16 info: =================================
2023-03-22 14:53:19 info: =================================
2023-03-22 14:53:19 info: ======= ENV: development =======
2023-03-22 14:53:19 info: 🚀 App listening on the port 3000
2023-03-22 14:53:19 info: =================================
2023-03-22 14:53:26 info: =================================
2023-03-22 14:53:26 info: ======= ENV: development =======
2023-03-22 14:53:26 info: 🚀 App listening on the port 3000
2023-03-22 14:53:26 info: =================================
2023-03-22 16:25:48 info: =================================
2023-03-22 16:25:48 info: ======= ENV: development =======
2023-03-22 16:25:48 info: 🚀 App listening on the port 3000
2023-03-22 16:25:48 info: =================================
2023-03-22 16:26:21 info: =================================
2023-03-22 16:26:21 info: ======= ENV: development =======
2023-03-22 16:26:21 info: 🚀 App listening on the port 3000
2023-03-22 16:26:21 info: =================================
2023-03-22 16:26:28 info: =================================
2023-03-22 16:26:28 info: ======= ENV: development =======
2023-03-22 16:26:28 info: 🚀 App listening on the port 3000
2023-03-22 16:26:28 info: =================================
2023-03-22 16:26:36 info: =================================
2023-03-22 16:26:36 info: ======= ENV: development =======
2023-03-22 16:26:36 info: 🚀 App listening on the port 3000
2023-03-22 16:26:36 info: =================================
2023-03-22 16:26:40 info: =================================
2023-03-22 16:26:40 info: ======= ENV: development =======
2023-03-22 16:26:40 info: 🚀 App listening on the port 3000
2023-03-22 16:26:40 info: =================================
2023-03-22 16:26:46 info: =================================
2023-03-22 16:26:46 info: ======= ENV: development =======
2023-03-22 16:26:46 info: 🚀 App listening on the port 3000
2023-03-22 16:26:46 info: =================================
2023-03-22 16:26:52 info: =================================
2023-03-22 16:26:52 info: ======= ENV: development =======
2023-03-22 16:26:52 info: 🚀 App listening on the port 3000
2023-03-22 16:26:52 info: =================================
2023-03-22 16:26:59 info: =================================
2023-03-22 16:26:59 info: ======= ENV: development =======
2023-03-22 16:26:59 info: 🚀 App listening on the port 3000
2023-03-22 16:26:59 info: =================================
2023-03-22 16:27:02 info: =================================
2023-03-22 16:27:02 info: ======= ENV: development =======
2023-03-22 16:27:02 info: 🚀 App listening on the port 3000
2023-03-22 16:27:02 info: =================================
2023-03-22 16:27:15 info: =================================
2023-03-22 16:27:15 info: ======= ENV: development =======
2023-03-22 16:27:15 info: 🚀 App listening on the port 3000
2023-03-22 16:27:15 info: =================================
2023-03-22 16:27:31 info: [0mPOST /post/dbe0347eec5f2cc481624412003278f1697770cb [32m201[0m 562.488 ms - 46[0m
2023-03-22 16:28:29 info: [0mPOST /post/7e8ca6cf707c0ea2cbefed7f193ceb8251283038 [32m201[0m 1021.892 ms - 204[0m
2023-03-22 17:34:57 info: =================================
2023-03-22 17:34:57 info: ======= ENV: development =======
2023-03-22 17:34:57 info: 🚀 App listening on the port 3000
2023-03-22 17:34:57 info: =================================
2023-03-22 17:35:35 info: =================================
2023-03-22 17:35:35 info: ======= ENV: development =======
2023-03-22 17:35:35 info: 🚀 App listening on the port 3000
2023-03-22 17:35:35 info: =================================
2023-03-22 17:36:05 info: =================================
2023-03-22 17:36:05 info: ======= ENV: development =======
2023-03-22 17:36:05 info: 🚀 App listening on the port 3000
2023-03-22 17:36:05 info: =================================
2023-03-22 17:36:10 info: =================================
2023-03-22 17:36:10 info: ======= ENV: development =======
2023-03-22 17:36:10 info: 🚀 App listening on the port 3000
2023-03-22 17:36:10 info: =================================
2023-03-22 17:36:14 info: =================================
2023-03-22 17:36:14 info: ======= ENV: development =======
2023-03-22 17:36:14 info: 🚀 App listening on the port 3000
2023-03-22 17:36:14 info: =================================
2023-03-22 17:36:41 info: =================================
2023-03-22 17:36:41 info: ======= ENV: development =======
2023-03-22 17:36:41 info: 🚀 App listening on the port 3000
2023-03-22 17:36:41 info: =================================
2023-03-22 17:36:51 info: =================================
2023-03-22 17:36:51 info: ======= ENV: development =======
2023-03-22 17:36:51 info: 🚀 App listening on the port 3000
2023-03-22 17:36:51 info: =================================
2023-03-22 17:36:57 info: =================================
2023-03-22 17:36:57 info: ======= ENV: development =======
2023-03-22 17:36:57 info: 🚀 App listening on the port 3000
2023-03-22 17:36:57 info: =================================
2023-03-22 17:37:07 info: =================================
2023-03-22 17:37:07 info: ======= ENV: development =======
2023-03-22 17:37:07 info: 🚀 App listening on the port 3000
2023-03-22 17:37:07 info: =================================
2023-03-22 17:37:12 info: =================================
2023-03-22 17:37:12 info: ======= ENV: development =======
2023-03-22 17:37:12 info: 🚀 App listening on the port 3000
2023-03-22 17:37:12 info: =================================
2023-03-22 17:37:14 info: =================================
2023-03-22 17:37:14 info: ======= ENV: development =======
2023-03-22 17:37:14 info: 🚀 App listening on the port 3000
2023-03-22 17:37:14 info: =================================
2023-03-22 17:37:18 info: =================================
2023-03-22 17:37:18 info: ======= ENV: development =======
2023-03-22 17:37:18 info: 🚀 App listening on the port 3000
2023-03-22 17:37:18 info: =================================
2023-03-22 17:37:20 info: =================================
2023-03-22 17:37:20 info: ======= ENV: development =======
2023-03-22 17:37:20 info: 🚀 App listening on the port 3000
2023-03-22 17:37:20 info: =================================
2023-03-22 17:38:03 info: =================================
2023-03-22 17:38:03 info: ======= ENV: development =======
2023-03-22 17:38:03 info: 🚀 App listening on the port 3000
2023-03-22 17:38:03 info: =================================
2023-03-22 17:38:16 info: =================================
2023-03-22 17:38:16 info: ======= ENV: development =======
2023-03-22 17:38:16 info: 🚀 App listening on the port 3000
2023-03-22 17:38:16 info: =================================
2023-03-22 17:38:20 info: =================================
2023-03-22 17:38:20 info: ======= ENV: development =======
2023-03-22 17:38:20 info: 🚀 App listening on the port 3000
2023-03-22 17:38:20 info: =================================
2023-03-22 17:38:24 info: =================================
2023-03-22 17:38:24 info: ======= ENV: development =======
2023-03-22 17:38:24 info: 🚀 App listening on the port 3000
2023-03-22 17:38:24 info: =================================
2023-03-22 17:38:32 info: =================================
2023-03-22 17:38:32 info: ======= ENV: development =======
2023-03-22 17:38:32 info: 🚀 App listening on the port 3000
2023-03-22 17:38:32 info: =================================
2023-03-22 17:39:05 info: =================================
2023-03-22 17:39:05 info: ======= ENV: development =======
2023-03-22 17:39:05 info: 🚀 App listening on the port 3000
2023-03-22 17:39:05 info: =================================
2023-03-22 17:39:22 info: =================================
2023-03-22 17:39:22 info: ======= ENV: development =======
2023-03-22 17:39:22 info: 🚀 App listening on the port 3000
2023-03-22 17:39:22 info: =================================
2023-03-22 17:39:42 info: =================================
2023-03-22 17:39:42 info: ======= ENV: development =======
2023-03-22 17:39:42 info: 🚀 App listening on the port 3000
2023-03-22 17:39:42 info: =================================
2023-03-22 17:39:44 info: =================================
2023-03-22 17:39:44 info: ======= ENV: development =======
2023-03-22 17:39:44 info: 🚀 App listening on the port 3000
2023-03-22 17:39:44 info: =================================
2023-03-22 17:39:49 info: =================================
2023-03-22 17:39:49 info: ======= ENV: development =======
2023-03-22 17:39:49 info: 🚀 App listening on the port 3000
2023-03-22 17:39:49 info: =================================
2023-03-22 17:39:54 info: =================================
2023-03-22 17:39:54 info: ======= ENV: development =======
2023-03-22 17:39:54 info: 🚀 App listening on the port 3000
2023-03-22 17:39:54 info: =================================
2023-03-22 17:40:10 info: =================================
2023-03-22 17:40:10 info: ======= ENV: development =======
2023-03-22 17:40:10 info: 🚀 App listening on the port 3000
2023-03-22 17:40:10 info: =================================
2023-03-22 17:40:22 info: [0mPOST /post/7e8ca6cf707c0ea2cbefed7f193ceb8251283038 [32m201[0m 4192.225 ms - 2[0m
2023-03-22 17:41:46 info: =================================
2023-03-22 17:41:46 info: ======= ENV: development =======
2023-03-22 17:41:46 info: 🚀 App listening on the port 3000
2023-03-22 17:41:46 info: =================================
2023-03-22 17:41:53 info: =================================
2023-03-22 17:41:53 info: ======= ENV: development =======
2023-03-22 17:41:53 info: 🚀 App listening on the port 3000
2023-03-22 17:41:53 info: =================================
2023-03-22 17:41:57 info: =================================
2023-03-22 17:41:57 info: ======= ENV: development =======
2023-03-22 17:41:57 info: 🚀 App listening on the port 3000
2023-03-22 17:41:57 info: =================================
2023-03-22 17:42:01 info: =================================
2023-03-22 17:42:01 info: ======= ENV: development =======
2023-03-22 17:42:01 info: 🚀 App listening on the port 3000
2023-03-22 17:42:01 info: =================================
2023-03-22 17:42:20 info: [0mPOST /post/7e8ca6cf707c0ea2cbefed7f193ceb8251283038 [32m201[0m 13812.497 ms - 2[0m
2023-03-22 17:42:28 info: =================================
2023-03-22 17:42:28 info: ======= ENV: development =======
2023-03-22 17:42:28 info: 🚀 App listening on the port 3000
2023-03-22 17:42:28 info: =================================
2023-03-22 17:42:32 info: =================================
2023-03-22 17:42:32 info: ======= ENV: development =======
2023-03-22 17:42:32 info: 🚀 App listening on the port 3000
2023-03-22 17:42:32 info: =================================
2023-03-22 17:43:02 info: =================================
2023-03-22 17:43:02 info: ======= ENV: development =======
2023-03-22 17:43:02 info: 🚀 App listening on the port 3000
2023-03-22 17:43:02 info: =================================
2023-03-22 17:43:21 info: =================================
2023-03-22 17:43:21 info: ======= ENV: development =======
2023-03-22 17:43:21 info: 🚀 App listening on the port 3000
2023-03-22 17:43:21 info: =================================
2023-03-22 17:43:27 info: =================================
2023-03-22 17:43:27 info: ======= ENV: development =======
2023-03-22 17:43:27 info: 🚀 App listening on the port 3000
2023-03-22 17:43:27 info: =================================
2023-03-22 17:44:52 info: =================================
2023-03-22 17:44:52 info: ======= ENV: development =======
2023-03-22 17:44:52 info: 🚀 App listening on the port 3000
2023-03-22 17:44:52 info: =================================
2023-03-22 17:46:01 info: =================================
2023-03-22 17:46:01 info: ======= ENV: development =======
2023-03-22 17:46:01 info: 🚀 App listening on the port 3000
2023-03-22 17:46:01 info: =================================
2023-03-22 17:53:17 info: =================================
2023-03-22 17:53:17 info: ======= ENV: development =======
2023-03-22 17:53:17 info: 🚀 App listening on the port 3000
2023-03-22 17:53:17 info: =================================
2023-03-22 17:53:49 info: =================================
2023-03-22 17:53:49 info: ======= ENV: development =======
2023-03-22 17:53:49 info: 🚀 App listening on the port 3000
2023-03-22 17:53:49 info: =================================
2023-03-22 17:53:55 info: =================================
2023-03-22 17:53:55 info: ======= ENV: development =======
2023-03-22 17:53:55 info: 🚀 App listening on the port 3000
2023-03-22 17:53:55 info: =================================
2023-03-22 17:54:01 info: [0mPOST /post/7e8ca6cf707c0ea2cbefed7f193ceb8251283038 [32m201[0m 4982.486 ms - 2[0m
2023-03-22 17:54:22 info: [0mPOST /post/7e8ca6cf707c0ea2cbefed7f193ceb8251283038 [32m201[0m 1328.253 ms - 202[0m
2023-03-22 17:55:55 info: =================================
2023-03-22 17:55:55 info: ======= ENV: development =======
2023-03-22 17:55:55 info: 🚀 App listening on the port 3000
2023-03-22 17:55:55 info: =================================
2023-03-22 17:56:02 info: [0mPOST /post/7e8ca6cf707c0ea2cbefed7f193ceb8251283038 [32m201[0m 2364.667 ms - 202[0m
2023-03-22 17:56:28 info: =================================
2023-03-22 17:56:28 info: ======= ENV: development =======
2023-03-22 17:56:28 info: 🚀 App listening on the port 3000
2023-03-22 17:56:28 info: =================================
2023-03-22 17:58:16 info: =================================
2023-03-22 17:58:16 info: ======= ENV: development =======
2023-03-22 17:58:16 info: 🚀 App listening on the port 3000
2023-03-22 17:58:16 info: =================================
2023-03-22 17:59:12 info: =================================
2023-03-22 17:59:12 info: ======= ENV: development =======
2023-03-22 17:59:12 info: 🚀 App listening on the port 3000
2023-03-22 17:59:12 info: =================================
2023-03-22 17:59:29 info: =================================
2023-03-22 17:59:29 info: ======= ENV: development =======
2023-03-22 17:59:29 info: 🚀 App listening on the port 3000
2023-03-22 17:59:29 info: =================================
2023-03-22 17:59:36 info: =================================
2023-03-22 17:59:36 info: ======= ENV: development =======
2023-03-22 17:59:36 info: 🚀 App listening on the port 3000
2023-03-22 17:59:36 info: =================================
2023-03-22 18:00:26 info: =================================
2023-03-22 18:00:26 info: ======= ENV: development =======
2023-03-22 18:00:26 info: 🚀 App listening on the port 3000
2023-03-22 18:00:26 info: =================================
2023-03-22 18:00:32 info: =================================
2023-03-22 18:00:32 info: ======= ENV: development =======
2023-03-22 18:00:32 info: 🚀 App listening on the port 3000
2023-03-22 18:00:32 info: =================================
2023-03-22 18:02:01 info: =================================
2023-03-22 18:02:01 info: ======= ENV: development =======
2023-03-22 18:02:01 info: 🚀 App listening on the port 3000
2023-03-22 18:02:01 info: =================================
2023-03-22 18:02:13 info: =================================
2023-03-22 18:02:13 info: ======= ENV: development =======
2023-03-22 18:02:13 info: 🚀 App listening on the port 3000
2023-03-22 18:02:13 info: =================================
2023-03-22 18:02:17 info: =================================
2023-03-22 18:02:17 info: ======= ENV: development =======
2023-03-22 18:02:17 info: 🚀 App listening on the port 3000
2023-03-22 18:02:17 info: =================================
2023-03-22 18:02:23 info: =================================
2023-03-22 18:02:23 info: ======= ENV: development =======
2023-03-22 18:02:23 info: 🚀 App listening on the port 3000
2023-03-22 18:02:23 info: =================================
2023-03-22 18:02:26 info: =================================
2023-03-22 18:02:26 info: ======= ENV: development =======
2023-03-22 18:02:26 info: 🚀 App listening on the port 3000
2023-03-22 18:02:26 info: =================================
2023-03-22 18:06:13 info: =================================
2023-03-22 18:06:13 info: ======= ENV: development =======
2023-03-22 18:06:13 info: 🚀 App listening on the port 3000
2023-03-22 18:06:13 info: =================================
2023-03-22 18:07:49 info: =================================
2023-03-22 18:07:49 info: ======= ENV: development =======
2023-03-22 18:07:49 info: 🚀 App listening on the port 3000
2023-03-22 18:07:49 info: =================================
2023-03-22 18:11:02 info: =================================
2023-03-22 18:11:02 info: ======= ENV: development =======
2023-03-22 18:11:02 info: 🚀 App listening on the port 3000
2023-03-22 18:11:02 info: =================================
2023-03-22 18:11:26 info: =================================
2023-03-22 18:11:26 info: ======= ENV: development =======
2023-03-22 18:11:26 info: 🚀 App listening on the port 3000
2023-03-22 18:11:26 info: =================================
2023-03-22 18:12:00 info: =================================
2023-03-22 18:12:00 info: ======= ENV: development =======
2023-03-22 18:12:00 info: 🚀 App listening on the port 3000
2023-03-22 18:12:00 info: =================================
2023-03-22 18:15:30 info: [0mGET /post/popular/dgshgfdtyhdfgn5fghjtuyh45d [32m201[0m 885.312 ms - 11[0m
2023-03-22 18:15:34 info: [0mGET /post/popular/dgshgfdtyhdfgn5fghjtuyh45d [32m201[0m 1697.785 ms - 11[0m
2023-03-22 18:15:44 info: [0mPOST /post/7e8ca6cf707c0ea2cbefed7f193ceb8251283038 [32m201[0m 1991.204 ms - 202[0m
2023-03-22 18:30:14 info: =================================
2023-03-22 18:30:14 info: ======= ENV: development =======
2023-03-22 18:30:14 info: 🚀 App listening on the port 3000
2023-03-22 18:30:14 info: =================================
2023-03-22 18:37:58 info: =================================
2023-03-22 18:37:58 info: ======= ENV: development =======
2023-03-22 18:37:58 info: 🚀 App listening on the port 3000
2023-03-22 18:37:58 info: =================================
2023-03-22 18:38:47 info: =================================
2023-03-22 18:38:47 info: ======= ENV: development =======
2023-03-22 18:38:47 info: 🚀 App listening on the port 3000
2023-03-22 18:38:47 info: =================================
2023-03-22 18:39:00 info: =================================
2023-03-22 18:39:00 info: ======= ENV: development =======
2023-03-22 18:39:00 info: 🚀 App listening on the port 3000
2023-03-22 18:39:00 info: =================================
2023-03-22 18:39:41 info: =================================
2023-03-22 18:39:41 info: ======= ENV: development =======
2023-03-22 18:39:41 info: 🚀 App listening on the port 3000
2023-03-22 18:39:41 info: =================================
2023-03-22 18:40:42 info: =================================
2023-03-22 18:40:42 info: ======= ENV: development =======
2023-03-22 18:40:42 info: 🚀 App listening on the port 3000
2023-03-22 18:40:42 info: =================================
2023-03-22 19:23:48 info: =================================
2023-03-22 19:23:49 info: ======= ENV: development =======
2023-03-22 19:23:49 info: 🚀 App listening on the port 3000
2023-03-22 19:23:49 info: =================================
2023-03-22 19:24:13 info: =================================
2023-03-22 19:24:13 info: ======= ENV: development =======
2023-03-22 19:24:13 info: 🚀 App listening on the port 3000
2023-03-22 19:24:13 info: =================================
2023-03-22 19:24:35 info: =================================
2023-03-22 19:24:35 info: ======= ENV: development =======
2023-03-22 19:24:35 info: 🚀 App listening on the port 3000
2023-03-22 19:24:35 info: =================================
2023-03-22 19:25:14 info: =================================
2023-03-22 19:25:14 info: ======= ENV: development =======
2023-03-22 19:25:14 info: 🚀 App listening on the port 3000
2023-03-22 19:25:14 info: =================================
2023-03-22 19:25:26 info: =================================
2023-03-22 19:25:26 info: ======= ENV: development =======
2023-03-22 19:25:26 info: 🚀 App listening on the port 3000
2023-03-22 19:25:26 info: =================================
2023-03-22 19:26:29 info: =================================
2023-03-22 19:26:29 info: ======= ENV: development =======
2023-03-22 19:26:29 info: 🚀 App listening on the port 3000
2023-03-22 19:26:29 info: =================================
2023-03-22 19:26:33 info: =================================
2023-03-22 19:26:33 info: ======= ENV: development =======
2023-03-22 19:26:33 info: 🚀 App listening on the port 3000
2023-03-22 19:26:33 info: =================================
2023-03-22 19:26:48 info: =================================
2023-03-22 19:26:48 info: ======= ENV: development =======
2023-03-22 19:26:48 info: 🚀 App listening on the port 3000
2023-03-22 19:26:48 info: =================================
2023-03-22 19:32:04 info: =================================
2023-03-22 19:32:04 info: ======= ENV: development =======
2023-03-22 19:32:04 info: 🚀 App listening on the port 3000
2023-03-22 19:32:04 info: =================================
2023-03-22 19:32:19 info: =================================
2023-03-22 19:32:19 info: ======= ENV: development =======
2023-03-22 19:32:19 info: 🚀 App listening on the port 3000
2023-03-22 19:32:19 info: =================================
2023-03-22 19:32:42 info: =================================
2023-03-22 19:32:42 info: ======= ENV: development =======
2023-03-22 19:32:42 info: 🚀 App listening on the port 3000
2023-03-22 19:32:42 info: =================================
2023-03-22 19:32:44 info: =================================
2023-03-22 19:32:44 info: ======= ENV: development =======
2023-03-22 19:32:44 info: 🚀 App listening on the port 3000
2023-03-22 19:32:44 info: =================================
2023-03-22 19:33:55 info: =================================
2023-03-22 19:33:55 info: ======= ENV: development =======
2023-03-22 19:33:55 info: 🚀 App listening on the port 3000
2023-03-22 19:33:55 info: =================================
