2023-05-09 14:10:37 info: =================================
2023-05-09 14:10:37 info: ======= ENV: development =======
2023-05-09 14:10:37 info: 🚀 App listening on the port 4000
2023-05-09 14:10:37 info: =================================
2023-05-09 14:11:37 info: [0mGET /albums/popular [32m201[0m 634.863 ms - -[0m
2023-05-09 14:11:49 info: [0mGET /albums/categories [32m201[0m 418.469 ms - 114[0m
2023-05-09 14:11:49 info: [0mGET /albums/popular [32m201[0m 453.824 ms - -[0m
2023-05-09 14:11:53 info: [0mGET /albums/categories [32m201[0m 374.976 ms - 114[0m
2023-05-09 14:11:53 info: [0mGET /albums/popular [32m201[0m 402.674 ms - -[0m
2023-05-09 14:11:53 info: [0mGET /albums/categories [32m201[0m 419.653 ms - 114[0m
2023-05-09 14:11:53 info: [0mGET /albums/popular [32m201[0m 485.433 ms - -[0m
2023-05-09 14:18:51 info: [0mGET /albums/categories [32m201[0m 418.043 ms - 114[0m
2023-05-09 14:18:51 info: [0mGET /albums/category/dgfbbtrhegbtrgre419ger [32m201[0m 423.477 ms - -[0m
2023-05-09 14:18:52 info: [0mGET /albums/popular [32m201[0m 521.761 ms - -[0m
2023-05-09 14:20:03 info: [0mGET /albums/category/dgfbbtrhegbtrgre419ger [32m201[0m 353.824 ms - -[0m
2023-05-09 14:20:03 info: [0mGET /albums/categories [32m201[0m 373.417 ms - 114[0m
2023-05-09 14:20:04 info: [0mGET /albums/popular [32m201[0m 460.174 ms - -[0m
2023-05-09 14:44:22 info: [0mGET /albums/category/grtgv841t89rhbtgfrd48hb [32m201[0m 460.115 ms - -[0m
2023-05-09 14:44:23 info: [0mGET /albums/category/dgfbbtrhegbtrgre419ger [32m201[0m 380.385 ms - -[0m
2023-05-09 14:44:24 info: [0mGET /albums/category/grtgv841t89rhbtgfrd48hb [32m201[0m 391.691 ms - -[0m
2023-05-09 14:44:30 info: [0mGET /albums/category/dgfbbtrhegbtrgre419ger [32m201[0m 366.101 ms - -[0m
2023-05-09 14:44:32 info: [0mGET /albums/category/grtgv841t89rhbtgfrd48hb [32m201[0m 381.226 ms - -[0m
2023-05-09 14:44:37 info: [0mGET /albums/category/dgfbbtrhegbtrgre419ger [32m201[0m 368.229 ms - -[0m
2023-05-09 14:44:38 info: [0mGET /albums/category/grtgv841t89rhbtgfrd48hb [32m201[0m 365.956 ms - -[0m
2023-05-09 14:44:38 info: [0mGET /albums/category/dgfbbtrhegbtrgre419ger [32m201[0m 362.137 ms - -[0m
2023-05-09 14:44:45 info: [0mGET /albums/category/grtgv841t89rhbtgfrd48hb [32m201[0m 376.038 ms - -[0m
2023-05-09 14:44:46 info: [0mGET /albums/category/dgfbbtrhegbtrgre419ger [32m201[0m 357.864 ms - -[0m
2023-05-09 15:08:14 info: [0mGET /albums/category/grtgv841t89rhbtgfrd48hb [32m201[0m 399.746 ms - -[0m
2023-05-09 15:08:18 info: [0mGET /albums/category/dgfbbtrhegbtrgre419ger [32m201[0m 358.361 ms - -[0m
2023-05-09 15:08:29 info: [0mGET /albums/category/grtgv841t89rhbtgfrd48hb [32m201[0m 370.158 ms - -[0m
2023-05-09 15:08:30 info: [0mGET /albums/category/dgfbbtrhegbtrgre419ger [32m201[0m 371.962 ms - -[0m
2023-05-09 15:08:32 info: [0mGET /albums/category/grtgv841t89rhbtgfrd48hb [32m201[0m 370.619 ms - -[0m
2023-05-09 15:08:33 info: [0mGET /albums/category/dgfbbtrhegbtrgre419ger [32m201[0m 380.141 ms - -[0m
2023-05-09 15:09:08 info: [0mGET /albums/category/grtgv841t89rhbtgfrd48hb [32m201[0m 401.385 ms - -[0m
2023-05-09 15:09:08 info: [0mGET /albums/category/dgfbbtrhegbtrgre419ger [32m201[0m 394.547 ms - -[0m
2023-05-09 15:09:09 info: [0mGET /albums/category/grtgv841t89rhbtgfrd48hb [32m201[0m 364.735 ms - -[0m
2023-05-09 15:09:10 info: [0mGET /albums/category/dgfbbtrhegbtrgre419ger [32m201[0m 394.124 ms - -[0m
2023-05-09 15:09:12 info: [0mGET /albums/category/grtgv841t89rhbtgfrd48hb [32m201[0m 371.283 ms - -[0m
2023-05-09 15:09:40 info: [0mGET /albums/category/dgfbbtrhegbtrgre419ger [32m201[0m 365.406 ms - -[0m
2023-05-09 15:57:50 info: [0mGET /albums/category/grtgv841t89rhbtgfrd48hb [32m201[0m 665.552 ms - -[0m
2023-05-09 15:57:51 info: [0mGET /albums/category/dgfbbtrhegbtrgre419ger [32m201[0m 391.461 ms - -[0m
2023-05-09 15:57:52 info: [0mGET /albums/category/grtgv841t89rhbtgfrd48hb [32m201[0m 391.157 ms - -[0m
2023-05-09 15:57:54 info: [0mGET /albums/category/dgfbbtrhegbtrgre419ger [32m201[0m 402.124 ms - -[0m
2023-05-09 15:57:54 info: [0mGET /albums/category/grtgv841t89rhbtgfrd48hb [32m201[0m 383.615 ms - -[0m
2023-05-09 15:57:58 info: [0mGET /albums/category/dgfbbtrhegbtrgre419ger [32m201[0m 380.541 ms - -[0m
2023-05-09 15:58:00 info: [0mGET /albums/category/grtgv841t89rhbtgfrd48hb [32m201[0m 370.869 ms - -[0m
2023-05-09 15:58:26 info: [0mGET /albums/category/dgfbbtrhegbtrgre419ger [32m201[0m 370.616 ms - -[0m
2023-05-09 15:58:29 info: [0mGET /albums/category/grtgv841t89rhbtgfrd48hb [32m201[0m 372.277 ms - -[0m
2023-05-09 15:58:30 info: [0mGET /albums/category/dgfbbtrhegbtrgre419ger [32m201[0m 390.948 ms - -[0m
2023-05-09 15:58:31 info: [0mGET /albums/category/grtgv841t89rhbtgfrd48hb [32m201[0m 366.731 ms - -[0m
2023-05-09 15:58:32 info: [0mGET /albums/category/dgfbbtrhegbtrgre419ger [32m201[0m 381.780 ms - -[0m
2023-05-09 16:05:16 info: [0mGET /albums/category/grtgv841t89rhbtgfrd48hb [32m201[0m 404.965 ms - -[0m
2023-05-09 16:07:16 info: [0mGET /albums/category/dgfbbtrhegbtrgre419ger [32m201[0m 388.333 ms - -[0m
2023-05-09 16:07:21 info: [0mGET /albums/category/grtgv841t89rhbtgfrd48hb [32m201[0m 381.458 ms - -[0m
2023-05-09 16:07:41 info: [0mPOST /posts/cus_NmLXh0ms2IoGSe/ [33m404[0m 84.397 ms - 165[0m
2023-05-09 16:07:53 info: [0mPOST /albums/cus_NmLXh0ms2IoGSe/ [32m201[0m 1856.411 ms - 287[0m
2023-05-09 16:07:55 info: [0mPOST /albums/cus_NmLXh0ms2IoGSe/ [32m201[0m 1091.829 ms - 287[0m
2023-05-09 16:07:58 info: [0mPOST /albums/cus_NmLXh0ms2IoGSe/ [32m201[0m 1172.089 ms - 287[0m
2023-05-09 16:08:00 info: [0mPOST /albums/cus_NmLXh0ms2IoGSe/ [32m201[0m 1092.847 ms - 287[0m
2023-05-09 16:08:04 info: [0mGET /albums/category/dgfbbtrhegbtrgre419ger [32m201[0m 601.915 ms - -[0m
2023-05-09 16:08:11 info: [0mGET /albums/category/grtgv841t89rhbtgfrd48hb [32m201[0m 390.940 ms - -[0m
2023-05-09 16:08:14 info: [0mGET /albums/category/dgfbbtrhegbtrgre419ger [32m201[0m 385.398 ms - -[0m
2023-05-09 16:11:33 info: [0mGET /albums/categories [32m201[0m 416.442 ms - 114[0m
2023-05-09 16:11:33 info: [0mGET /albums/popular [32m201[0m 719.027 ms - -[0m
2023-05-09 16:11:33 info: [0mGET /albums/category/dgfbbtrhegbtrgre419ger [32m201[0m 403.300 ms - -[0m
2023-05-09 16:11:53 info: [0mGET /albums/popular [32m201[0m 454.286 ms - -[0m
2023-05-09 16:11:53 info: [0mGET /albums/categories [32m201[0m 373.937 ms - 114[0m
2023-05-09 16:11:54 info: [0mGET /albums/category/dgfbbtrhegbtrgre419ger [32m201[0m 368.514 ms - -[0m
2023-05-09 16:13:20 info: [0mGET /albums/popular [32m201[0m 437.565 ms - -[0m
2023-05-09 16:13:20 info: [0mGET /albums/categories [32m201[0m 399.581 ms - 114[0m
2023-05-09 16:13:21 info: [0mGET /albums/category/dgfbbtrhegbtrgre419ger [32m201[0m 392.705 ms - -[0m
2023-05-09 16:14:54 info: [0mGET /albums/popular [32m201[0m 448.471 ms - -[0m
2023-05-09 16:14:54 info: [0mGET /albums/categories [32m201[0m 393.644 ms - 114[0m
2023-05-09 16:14:55 info: [0mGET /albums/category/dgfbbtrhegbtrgre419ger [32m201[0m 391.461 ms - -[0m
2023-05-09 16:16:52 info: [0mGET /albums/popular [32m201[0m 441.835 ms - -[0m
2023-05-09 16:16:52 info: [0mGET /albums/categories [32m201[0m 412.112 ms - 114[0m
2023-05-09 16:16:53 info: [0mGET /albums/category/dgfbbtrhegbtrgre419ger [32m201[0m 381.687 ms - -[0m
2023-05-09 16:17:11 info: [0mGET /albums/popular [32m201[0m 427.361 ms - -[0m
2023-05-09 16:17:11 info: [0mGET /albums/categories [32m201[0m 368.582 ms - 114[0m
2023-05-09 16:17:11 info: [0mGET /albums/category/dgfbbtrhegbtrgre419ger [32m201[0m 367.599 ms - -[0m
2023-05-09 16:17:32 info: [0mGET /albums/popular [32m201[0m 407.402 ms - -[0m
2023-05-09 16:17:33 info: [0mGET /albums/categories [32m201[0m 381.044 ms - 114[0m
2023-05-09 16:17:33 info: [0mGET /albums/category/dgfbbtrhegbtrgre419ger [32m201[0m 373.832 ms - -[0m
2023-05-09 16:18:12 info: [0mGET /albums/categories [32m201[0m 375.946 ms - 114[0m
2023-05-09 16:18:12 info: [0mGET /albums/category/dgfbbtrhegbtrgre419ger [32m201[0m 386.808 ms - -[0m
2023-05-09 16:18:12 info: [0mGET /albums/popular [32m201[0m 454.414 ms - -[0m
2023-05-09 16:24:48 info: [0mGET /albums/categories [32m201[0m 407.065 ms - 114[0m
2023-05-09 16:24:48 info: [0mGET /albums/category/dgfbbtrhegbtrgre419ger [32m201[0m 422.406 ms - -[0m
2023-05-09 16:24:48 info: [0mGET /albums/popular [32m201[0m 450.865 ms - -[0m
2023-05-09 16:26:08 info: [0mGET /albums/category/dgfbbtrhegbtrgre419ger [32m201[0m 365.638 ms - -[0m
2023-05-09 16:26:08 info: [0mGET /albums/categories [32m201[0m 381.537 ms - 114[0m
2023-05-09 16:26:08 info: [0mGET /albums/popular [32m201[0m 443.280 ms - -[0m
2023-05-09 16:26:31 info: [0mGET /albums/categories [32m201[0m 405.988 ms - 114[0m
2023-05-09 16:26:31 info: [0mGET /albums/popular [32m201[0m 479.278 ms - -[0m
2023-05-09 16:26:31 info: [0mGET /albums/category/dgfbbtrhegbtrgre419ger [32m201[0m 376.010 ms - -[0m
2023-05-09 16:26:36 info: [0mGET /albums/categories [32m201[0m 367.070 ms - 114[0m
2023-05-09 16:26:36 info: [0mGET /albums/popular [32m201[0m 425.142 ms - -[0m
2023-05-09 16:26:37 info: [0mGET /albums/category/dgfbbtrhegbtrgre419ger [32m201[0m 383.714 ms - -[0m
2023-05-09 16:26:45 info: [0mGET /albums/categories [32m201[0m 375.494 ms - 114[0m
2023-05-09 16:26:45 info: [0mGET /albums/popular [32m201[0m 441.646 ms - -[0m
2023-05-09 16:26:45 info: [0mGET /albums/category/dgfbbtrhegbtrgre419ger [32m201[0m 384.581 ms - -[0m
2023-05-09 16:26:47 info: [0mGET /albums/categories [32m201[0m 369.463 ms - 114[0m
2023-05-09 16:26:47 info: [0mGET /albums/popular [32m201[0m 461.241 ms - -[0m
2023-05-09 16:26:48 info: [0mGET /albums/category/dgfbbtrhegbtrgre419ger [32m201[0m 373.506 ms - -[0m
2023-05-09 16:27:01 info: [0mGET /albums/categories [32m201[0m 401.692 ms - 114[0m
2023-05-09 16:27:01 info: [0mGET /albums/popular [32m201[0m 443.654 ms - -[0m
2023-05-09 16:27:01 info: [0mGET /albums/category/dgfbbtrhegbtrgre419ger [32m201[0m 382.207 ms - -[0m
2023-05-09 16:27:07 info: [0mGET /albums/categories [32m201[0m 380.962 ms - 114[0m
2023-05-09 16:27:07 info: [0mGET /albums/popular [32m201[0m 428.774 ms - -[0m
2023-05-09 16:27:07 info: [0mGET /albums/category/dgfbbtrhegbtrgre419ger [32m201[0m 372.925 ms - -[0m
2023-05-09 16:27:14 info: [0mGET /albums/categories [32m201[0m 367.731 ms - 114[0m
2023-05-09 16:27:14 info: [0mGET /albums/popular [32m201[0m 427.450 ms - -[0m
2023-05-09 16:27:14 info: [0mGET /albums/category/dgfbbtrhegbtrgre419ger [32m201[0m 346.656 ms - -[0m
2023-05-09 16:27:31 info: [0mGET /albums/categories [32m201[0m 386.326 ms - 114[0m
2023-05-09 16:27:31 info: [0mGET /albums/popular [32m201[0m 414.449 ms - -[0m
2023-05-09 16:27:32 info: [0mGET /albums/category/dgfbbtrhegbtrgre419ger [32m201[0m 346.007 ms - -[0m
2023-05-09 16:27:57 info: [0mGET /albums/categories [32m201[0m 378.680 ms - 114[0m
2023-05-09 16:27:57 info: [0mGET /albums/popular [32m201[0m 390.613 ms - -[0m
2023-05-09 16:27:57 info: [0mGET /albums/category/dgfbbtrhegbtrgre419ger [32m201[0m 376.320 ms - -[0m
2023-05-09 16:27:58 info: [0mGET /albums/categories [32m201[0m 371.550 ms - 114[0m
2023-05-09 16:27:58 info: [0mGET /albums/popular [32m201[0m 429.696 ms - -[0m
2023-05-09 16:27:59 info: [0mGET /albums/category/dgfbbtrhegbtrgre419ger [32m201[0m 350.529 ms - -[0m
2023-05-09 16:28:15 info: [0mGET /albums/categories [32m201[0m 387.038 ms - 114[0m
2023-05-09 16:28:15 info: [0mGET /albums/popular [32m201[0m 448.856 ms - -[0m
2023-05-09 16:28:16 info: [0mGET /albums/category/dgfbbtrhegbtrgre419ger [32m201[0m 393.767 ms - -[0m
2023-05-09 16:28:19 info: [0mGET /albums/categories [32m201[0m 372.279 ms - 114[0m
2023-05-09 16:28:19 info: [0mGET /albums/popular [32m201[0m 442.641 ms - -[0m
2023-05-09 16:28:19 info: [0mGET /albums/category/dgfbbtrhegbtrgre419ger [32m201[0m 377.472 ms - -[0m
2023-05-09 16:28:46 info: [0mGET /albums/categories [32m201[0m 395.776 ms - 114[0m
2023-05-09 16:28:46 info: [0mGET /albums/popular [32m201[0m 440.600 ms - -[0m
2023-05-09 16:28:47 info: [0mGET /albums/category/dgfbbtrhegbtrgre419ger [32m201[0m 371.915 ms - -[0m
2023-05-09 16:28:48 info: [0mGET /albums/popular [32m201[0m 394.029 ms - -[0m
2023-05-09 16:28:48 info: [0mGET /albums/categories [32m201[0m 384.931 ms - 114[0m
2023-05-09 16:28:49 info: [0mGET /albums/category/dgfbbtrhegbtrgre419ger [32m201[0m 391.825 ms - -[0m
2023-05-09 16:28:55 info: [0mGET /albums/categories [32m201[0m 371.592 ms - 114[0m
2023-05-09 16:28:55 info: [0mGET /albums/popular [32m201[0m 406.591 ms - -[0m
2023-05-09 16:28:55 info: [0mGET /albums/category/dgfbbtrhegbtrgre419ger [32m201[0m 432.397 ms - -[0m
2023-05-09 16:28:59 info: [0mGET /albums/categories [32m201[0m 366.013 ms - 114[0m
2023-05-09 16:28:59 info: [0mGET /albums/popular [32m201[0m 431.172 ms - -[0m
2023-05-09 16:29:00 info: [0mGET /albums/category/dgfbbtrhegbtrgre419ger [32m201[0m 362.779 ms - -[0m
2023-05-09 16:29:09 info: [0mGET /albums/categories [32m201[0m 370.797 ms - 114[0m
2023-05-09 16:29:10 info: [0mGET /albums/popular [32m201[0m 461.548 ms - -[0m
2023-05-09 16:29:10 info: [0mGET /albums/category/dgfbbtrhegbtrgre419ger [32m201[0m 378.618 ms - -[0m
2023-05-09 16:29:17 info: [0mGET /albums/categories [32m201[0m 387.934 ms - 114[0m
2023-05-09 16:29:17 info: [0mGET /albums/popular [32m201[0m 432.303 ms - -[0m
2023-05-09 16:29:18 info: [0mGET /albums/category/dgfbbtrhegbtrgre419ger [32m201[0m 387.441 ms - -[0m
2023-05-09 16:29:54 info: [0mGET /albums/category/grtgv841t89rhbtgfrd48hb [32m201[0m 395.276 ms - -[0m
2023-05-09 16:29:58 info: [0mGET /albums/category/dgfbbtrhegbtrgre419ger [32m201[0m 380.291 ms - -[0m
2023-05-09 16:31:59 info: [0mGET /albums/categories [32m201[0m 368.664 ms - 114[0m
2023-05-09 16:31:59 info: [0mGET /albums/popular [32m201[0m 426.031 ms - -[0m
2023-05-09 16:31:59 info: [0mGET /albums/category/dgfbbtrhegbtrgre419ger [32m201[0m 388.580 ms - -[0m
2023-05-09 16:32:02 info: [0mGET /albums/categories [32m201[0m 364.049 ms - 114[0m
2023-05-09 16:32:02 info: [0mGET /albums/popular [32m201[0m 394.480 ms - -[0m
2023-05-09 16:32:02 info: [0mGET /albums/category/dgfbbtrhegbtrgre419ger [32m201[0m 371.652 ms - -[0m
2023-05-09 16:32:09 info: [0mGET /albums/categories [32m201[0m 396.404 ms - 114[0m
2023-05-09 16:32:09 info: [0mGET /albums/popular [32m201[0m 434.036 ms - -[0m
2023-05-09 16:32:10 info: [0mGET /albums/category/dgfbbtrhegbtrgre419ger [32m201[0m 392.752 ms - -[0m
2023-05-09 16:32:11 info: [0mGET /albums/popular [32m201[0m 399.707 ms - -[0m
2023-05-09 16:32:11 info: [0mGET /albums/categories [32m201[0m 389.977 ms - 114[0m
2023-05-09 16:32:12 info: [0mGET /albums/category/dgfbbtrhegbtrgre419ger [32m201[0m 353.908 ms - -[0m
2023-05-09 16:32:13 info: [0mGET /albums/categories [32m201[0m 369.194 ms - 114[0m
2023-05-09 16:32:13 info: [0mGET /albums/popular [32m201[0m 425.637 ms - -[0m
2023-05-09 16:32:14 info: [0mGET /albums/category/dgfbbtrhegbtrgre419ger [32m201[0m 395.574 ms - -[0m
2023-05-09 16:32:24 info: [0mGET /albums/categories [32m201[0m 369.855 ms - 114[0m
2023-05-09 16:32:24 info: [0mGET /albums/popular [32m201[0m 413.398 ms - -[0m
2023-05-09 16:32:24 info: [0mGET /albums/category/dgfbbtrhegbtrgre419ger [32m201[0m 376.803 ms - -[0m
2023-05-09 16:33:10 info: [0mGET /albums/popular [32m201[0m 402.192 ms - -[0m
2023-05-09 16:33:10 info: [0mGET /albums/categories [32m201[0m 409.899 ms - 114[0m
2023-05-09 16:33:10 info: [0mGET /albums/category/dgfbbtrhegbtrgre419ger [32m201[0m 373.213 ms - -[0m
2023-05-09 16:33:13 info: [0mGET /albums/categories [32m201[0m 370.491 ms - 114[0m
2023-05-09 16:33:13 info: [0mGET /albums/popular [32m201[0m 446.237 ms - -[0m
2023-05-09 16:33:13 info: [0mGET /albums/category/dgfbbtrhegbtrgre419ger [32m201[0m 383.232 ms - -[0m
2023-05-09 16:33:15 info: [0mGET /albums/categories [32m201[0m 372.058 ms - 114[0m
2023-05-09 16:33:15 info: [0mGET /albums/popular [32m201[0m 462.902 ms - -[0m
2023-05-09 16:33:16 info: [0mGET /albums/category/dgfbbtrhegbtrgre419ger [32m201[0m 355.421 ms - -[0m
2023-05-09 17:21:00 info: [0mGET /albums/categories [32m201[0m 377.539 ms - 114[0m
2023-05-09 17:21:00 info: [0mGET /albums/popular [32m201[0m 505.783 ms - -[0m
2023-05-09 17:21:00 info: [0mGET /albums/category/dgfbbtrhegbtrgre419ger [32m201[0m 365.059 ms - -[0m
2023-05-09 17:22:49 info: [0mGET /albums/categories [32m201[0m 389.315 ms - 114[0m
2023-05-09 17:22:49 info: [0mGET /albums/popular [32m201[0m 425.714 ms - -[0m
2023-05-09 17:22:50 info: [0mGET /albums/category/dgfbbtrhegbtrgre419ger [32m201[0m 369.402 ms - -[0m
2023-05-09 17:23:09 info: =================================
2023-05-09 17:23:09 info: ======= ENV: development =======
2023-05-09 17:23:09 info: 🚀 App listening on the port 4000
2023-05-09 17:23:09 info: =================================
2023-05-09 17:23:19 info: [0mGET /albums/categories [32m201[0m 451.437 ms - 114[0m
2023-05-09 17:23:19 info: [0mGET /albums/popular [32m201[0m 518.116 ms - -[0m
2023-05-09 17:23:19 info: [0mGET /albums/category/dgfbbtrhegbtrgre419ger [32m201[0m 388.145 ms - -[0m
2023-05-09 17:23:21 info: [0mGET /albums/popular [32m201[0m 403.418 ms - -[0m
2023-05-09 17:23:21 info: [0mGET /albums/categories [32m201[0m 398.198 ms - 114[0m
2023-05-09 17:23:23 info: [0mGET /albums/category/dgfbbtrhegbtrgre419ger [32m201[0m 357.274 ms - -[0m
2023-05-09 17:23:28 info: [0mGET /albums/categories [32m201[0m 354.791 ms - 114[0m
2023-05-09 17:23:28 info: [0mGET /albums/popular [32m201[0m 473.103 ms - -[0m
2023-05-09 17:23:29 info: [0mGET /albums/category/dgfbbtrhegbtrgre419ger [32m201[0m 391.421 ms - -[0m
2023-05-09 17:23:31 info: [0mGET /albums/categories [32m201[0m 360.061 ms - 114[0m
2023-05-09 17:23:31 info: [0mGET /albums/popular [32m201[0m 401.455 ms - -[0m
2023-05-09 17:23:32 info: [0mGET /albums/category/dgfbbtrhegbtrgre419ger [32m201[0m 367.565 ms - -[0m
2023-05-09 17:23:51 info: =================================
2023-05-09 17:23:51 info: ======= ENV: development =======
2023-05-09 17:23:51 info: 🚀 App listening on the port 4000
2023-05-09 17:23:51 info: =================================
2023-05-09 17:23:57 info: =================================
2023-05-09 17:23:57 info: ======= ENV: development =======
2023-05-09 17:23:57 info: 🚀 App listening on the port 4000
2023-05-09 17:23:57 info: =================================
2023-05-09 17:24:00 info: =================================
2023-05-09 17:24:00 info: ======= ENV: development =======
2023-05-09 17:24:00 info: 🚀 App listening on the port 4000
2023-05-09 17:24:00 info: =================================
2023-05-09 17:40:40 info: [0mGET /albums/category/grtgv841t89rhbtgfrd48hb [32m201[0m 464.942 ms - -[0m
2023-05-09 17:40:41 info: [0mGET /albums/category/dgfbbtrhegbtrgre419ger [32m201[0m 392.900 ms - -[0m
2023-05-09 17:40:41 info: [0mGET /albums/category/grtgv841t89rhbtgfrd48hb [32m201[0m 383.471 ms - -[0m
2023-05-09 17:40:42 info: [0mGET /albums/category/dgfbbtrhegbtrgre419ger [32m201[0m 419.926 ms - -[0m
2023-05-09 17:40:42 info: [0mGET /albums/category/grtgv841t89rhbtgfrd48hb [32m201[0m 365.947 ms - -[0m
2023-05-09 17:42:21 info: [0mGET /albums/categories [32m201[0m 404.969 ms - 181[0m
2023-05-09 17:42:21 info: [0mGET /albums/popular [32m201[0m 459.911 ms - -[0m
2023-05-09 17:42:22 info: [0mGET /albums/category/dgfbbtrhegbtrgre419ger [32m201[0m 398.317 ms - -[0m
2023-05-09 17:42:46 info: [0mGET /albums/category/grtgv841tegr52rf6d1gsfez546zefsdsdfb [32m201[0m 390.688 ms - 22[0m
2023-05-09 17:42:48 info: [0mGET /albums/category/dgfbbtrhegbtrgre419ger [32m201[0m 379.463 ms - -[0m
2023-05-09 17:43:39 info: [0mGET /albums/categories [32m201[0m 400.127 ms - 234[0m
2023-05-09 17:43:39 info: [0mGET /albums/popular [32m201[0m 411.274 ms - -[0m
2023-05-09 17:43:40 info: [0mGET /albums/category/dgfbbtrhegbtrgre419ger [32m201[0m 385.468 ms - -[0m
2023-05-09 17:45:20 info: [0mGET /albums/category/grtgv841t89rhbtgfrd48hb [32m201[0m 403.375 ms - -[0m
2023-05-09 17:45:22 info: [0mGET /albums/category/grtgv841tegr52rf6d1gsfez546zefsdsdfb [32m201[0m 368.904 ms - 22[0m
2023-05-09 17:45:31 info: [0mGET /albums/category/sgregfdg564fdv81df9g52d6f1v [32m201[0m 362.477 ms - 22[0m
2023-05-09 17:46:19 info: [0mGET /albums/category/sgregfdg564fdv81df9g52d6f1v [32m201[0m 360.726 ms - 22[0m
2023-05-09 17:46:28 info: [0mGET /albums/category/sgregfdg564fdv81df9g52d6f1v [32m201[0m 381.842 ms - 22[0m
2023-05-09 17:46:30 info: [0mGET /albums/category/sgregfdg564fdv81df9g52d6f1v [32m201[0m 383.398 ms - 22[0m
2023-05-09 17:46:47 info: [0mGET /albums/category/sgregfdg564fdv81df9g52d6f1v [32m201[0m 411.466 ms - 22[0m
2023-05-09 17:46:47 info: [0mGET /albums/categories [32m201[0m 415.137 ms - 234[0m
2023-05-09 17:46:47 info: [0mGET /albums/popular [32m201[0m 433.012 ms - -[0m
2023-05-09 17:46:48 info: [0mGET /albums/category/dgfbbtrhegbtrgre419ger [32m201[0m 353.252 ms - -[0m
2023-05-09 17:46:48 info: [0mGET /albums/category/dgfbbtrhegbtrgre419ger [32m201[0m 376.201 ms - -[0m
2023-05-09 17:46:52 info: [0mGET /albums/category/dgfbbtrhegbtrgre419ger [32m201[0m 362.708 ms - -[0m
2023-05-09 17:46:55 info: [0mGET /albums/category/dgfbbtrhegbtrgre419ger [32m201[0m 388.329 ms - -[0m
2023-05-09 17:47:40 info: [0mGET /albums/category/grtgv841t89rhbtgfrd48hb [32m201[0m 367.665 ms - -[0m
2023-05-09 17:47:42 info: [0mGET /albums/category/dgfbbtrhegbtrgre419ger [32m201[0m 365.574 ms - -[0m
2023-05-09 17:47:43 info: [0mGET /albums/category/grtgv841tegr52rf6d1gsfez546zefsdsdfb [32m201[0m 369.987 ms - 22[0m
2023-05-09 17:47:45 info: [0mGET /albums/category/sgregfdg564fdv81df9g52d6f1v [32m201[0m 359.386 ms - 22[0m
2023-05-09 17:47:47 info: [0mGET /albums/category/dgfbbtrhegbtrgre419ger [32m201[0m 379.659 ms - -[0m
2023-05-09 17:48:03 info: =================================
2023-05-09 17:48:03 info: ======= ENV: development =======
2023-05-09 17:48:03 info: 🚀 App listening on the port 4000
2023-05-09 17:48:03 info: =================================
2023-05-09 17:48:11 info: [0mGET /albums/category/dgfbbtrhegbtrgre419ger [32m201[0m 418.292 ms - -[0m
2023-05-09 17:48:15 info: [0mGET /albums/categories [32m201[0m 367.881 ms - 234[0m
2023-05-09 17:48:15 info: [0mGET /albums/popular [32m201[0m 434.507 ms - -[0m
2023-05-09 17:48:16 info: [0mGET /albums/category/dgfbbtrhegbtrgre419ger [32m201[0m 383.121 ms - -[0m
2023-05-09 17:48:26 info: [0mGET /albums/category/grtgv841t89rhbtgfrd48hb [32m201[0m 377.111 ms - -[0m
2023-05-09 17:48:28 info: [0mGET /albums/category/sgregfdg564fdv81df9g52d6f1v [32m201[0m 372.295 ms - 22[0m
2023-05-09 17:48:29 info: [0mGET /albums/category/grtgv841tegr52rf6d1gsfez546zefsdsdfb [32m201[0m 394.965 ms - 22[0m
2023-05-09 17:48:30 info: [0mGET /albums/category/dgfbbtrhegbtrgre419ger [32m201[0m 378.558 ms - -[0m
2023-05-09 17:48:40 info: [0mGET /albums/category/grtgv841t89rhbtgfrd48hb [32m201[0m 392.440 ms - -[0m
2023-05-09 17:48:41 info: [0mGET /albums/category/dgfbbtrhegbtrgre419ger [32m201[0m 374.439 ms - -[0m
2023-05-09 17:48:42 info: [0mGET /albums/category/grtgv841tegr52rf6d1gsfez546zefsdsdfb [32m201[0m 388.085 ms - 22[0m
2023-05-09 17:48:44 info: [0mGET /albums/category/dgfbbtrhegbtrgre419ger [32m201[0m 362.811 ms - -[0m
2023-05-09 17:49:15 info: [0mGET /albums/category/dgfbbtrhegbtrgre419ger [32m201[0m 376.986 ms - -[0m
2023-05-09 17:49:18 info: [0mGET /albums/category/dgfbbtrhegbtrgre419ger [32m201[0m 389.323 ms - -[0m
2023-05-09 17:49:30 info: [0mGET /albums/category/dgfbbtrhegbtrgre419ger [32m201[0m 397.867 ms - -[0m
2023-05-09 17:49:38 info: [0mGET /albums/category/dgfbbtrhegbtrgre419ger [32m201[0m 386.512 ms - -[0m
2023-05-09 17:50:04 info: [0mGET /albums/category/dgfbbtrhegbtrgre419ger [32m201[0m 366.149 ms - -[0m
2023-05-09 17:50:15 info: [0mGET /albums/category/dgfbbtrhegbtrgre419ger [32m201[0m 382.225 ms - -[0m
2023-05-09 17:50:22 info: [0mGET /albums/category/dgfbbtrhegbtrgre419ger [32m201[0m 370.180 ms - -[0m
2023-05-09 17:50:23 info: [0mGET /albums/category/dgfbbtrhegbtrgre419ger [32m201[0m 365.104 ms - -[0m
2023-05-09 18:42:30 info: [0mGET /albums/category/grtgv841tegr52rf6d1gsfez546zefsdsdfb [32m201[0m 384.126 ms - 22[0m
2023-05-09 18:43:08 info: [0mGET /albums/categories [32m201[0m 369.011 ms - 234[0m
2023-05-09 18:43:08 info: [0mGET /albums/popular [32m201[0m 430.596 ms - -[0m
2023-05-09 18:43:09 info: [0mGET /albums/category/dgfbbtrhegbtrgre419ger [32m201[0m 366.158 ms - -[0m
2023-05-09 18:43:12 info: [0mGET /albums/category/grtgv841tegr52rf6d1gsfez546zefsdsdfb [32m201[0m 358.203 ms - 22[0m
2023-05-09 18:43:13 info: [0mGET /albums/category/grtgv841t89rhbtgfrd48hb [32m201[0m 388.401 ms - -[0m
2023-05-09 18:43:15 info: [0mGET /albums/category/dgfbbtrhegbtrgre419ger [32m201[0m 401.082 ms - -[0m
2023-05-09 18:43:18 info: [0mGET /albums/category/grtgv841tegr52rf6d1gsfez546zefsdsdfb [32m201[0m 1885.220 ms - 22[0m
2023-05-09 18:43:19 info: [0mGET /albums/category/dgfbbtrhegbtrgre419ger [32m201[0m 626.431 ms - -[0m
2023-05-09 18:43:21 info: [0mGET /albums/category/grtgv841tegr52rf6d1gsfez546zefsdsdfb [32m201[0m 372.881 ms - 22[0m
2023-05-09 18:43:23 info: [0mGET /albums/category/dgfbbtrhegbtrgre419ger [32m201[0m 370.467 ms - -[0m
2023-05-09 18:47:21 info: [0mGET /albums/categories [32m201[0m 405.795 ms - 234[0m
2023-05-09 18:47:21 info: [0mGET /albums/popular [32m201[0m 426.780 ms - -[0m
2023-05-09 18:47:21 info: [0mGET /albums/category/dgfbbtrhegbtrgre419ger [32m201[0m 379.543 ms - -[0m
2023-05-09 18:47:22 info: [0mGET /albums/categories [32m201[0m 388.796 ms - 234[0m
2023-05-09 18:47:22 info: [0mGET /albums/popular [32m201[0m 449.269 ms - -[0m
2023-05-09 18:47:23 info: [0mGET /albums/category/dgfbbtrhegbtrgre419ger [32m201[0m 373.226 ms - -[0m
2023-05-09 18:48:15 info: [0mGET /albums/categories [32m201[0m 359.870 ms - 234[0m
2023-05-09 18:48:15 info: [0mGET /albums/category/dgfbbtrhegbtrgre419ger [32m201[0m 383.385 ms - -[0m
2023-05-09 18:48:16 info: [0mGET /albums/popular [32m201[0m 424.423 ms - -[0m
2023-05-09 18:50:07 info: [0mGET /albums/categories [32m201[0m 400.123 ms - 234[0m
2023-05-09 18:50:07 info: [0mGET /albums/popular [32m201[0m 428.614 ms - -[0m
2023-05-09 18:50:07 info: [0mGET /albums/category/dgfbbtrhegbtrgre419ger [32m201[0m 371.750 ms - -[0m
2023-05-09 18:50:12 info: [0mGET /albums/likes/[object%20Object] [33m404[0m 1.808 ms - 169[0m
2023-05-09 18:50:21 info: [0mGET /albums/categories [32m201[0m 375.455 ms - 234[0m
2023-05-09 18:50:21 info: [0mGET /albums/popular [32m201[0m 440.031 ms - -[0m
2023-05-09 18:50:22 info: [0mGET /albums/category/dgfbbtrhegbtrgre419ger [32m201[0m 358.598 ms - -[0m
2023-05-09 18:51:26 info: [0mGET /albums/likes/[object%20Object] [33m404[0m 0.837 ms - 169[0m
2023-05-09 18:52:25 info: [0mGET /albums/category/grtgv841t89rhbtgfrd48hb [32m201[0m 368.400 ms - -[0m
2023-05-09 18:52:26 info: [0mGET /albums/category/dgfbbtrhegbtrgre419ger [32m201[0m 368.155 ms - -[0m
2023-05-09 18:52:34 info: [0mGET /albums/likes/[object%20Object] [33m404[0m 0.473 ms - 169[0m
2023-05-09 18:52:53 info: [0mGET /albums/categories [32m201[0m 402.389 ms - 234[0m
2023-05-09 18:52:53 info: [0mGET /albums/popular [32m201[0m 450.024 ms - -[0m
2023-05-09 18:52:54 info: [0mGET /albums/category/dgfbbtrhegbtrgre419ger [32m201[0m 389.013 ms - -[0m
2023-05-09 18:52:54 info: [0mGET /albums/categories [32m201[0m 386.922 ms - 234[0m
2023-05-09 18:52:54 info: [0mGET /albums/popular [32m201[0m 439.374 ms - -[0m
2023-05-09 18:52:55 info: [0mGET /albums/category/dgfbbtrhegbtrgre419ger [32m201[0m 392.829 ms - -[0m
2023-05-09 18:52:58 info: [0mGET /albums/categories [32m201[0m 429.527 ms - 234[0m
2023-05-09 18:52:58 info: [0mGET /albums/popular [32m201[0m 500.706 ms - -[0m
2023-05-09 18:52:58 info: [0mGET /albums/categories [32m201[0m 382.884 ms - 234[0m
2023-05-09 18:52:58 info: [0mGET /albums/popular [32m201[0m 452.319 ms - -[0m
2023-05-09 18:52:58 info: [0mGET /albums/category/dgfbbtrhegbtrgre419ger [32m201[0m 397.974 ms - -[0m
2023-05-09 18:53:05 info: [0mGET /albums/likes/[object%20Object] [33m404[0m 0.541 ms - 169[0m
2023-05-09 18:53:16 info: [0mGET /albums/categories [32m201[0m 380.523 ms - 234[0m
2023-05-09 18:53:16 info: [0mGET /albums/popular [32m201[0m 413.683 ms - -[0m
2023-05-09 18:53:16 info: [0mGET /albums/category/dgfbbtrhegbtrgre419ger [32m201[0m 361.055 ms - -[0m
2023-05-09 18:53:19 info: [0mGET /albums/categories [32m201[0m 371.627 ms - 234[0m
2023-05-09 18:53:19 info: [0mGET /albums/popular [32m201[0m 438.921 ms - -[0m
2023-05-09 18:53:19 info: [0mGET /albums/category/dgfbbtrhegbtrgre419ger [32m201[0m 369.017 ms - -[0m
2023-05-09 18:53:23 info: [0mGET /albums/likes/d3b1e4a5f18e1b0096146536f0a89bc006ca480a [33m404[0m 0.451 ms - 192[0m
2023-05-09 18:54:21 info: [0mGET /albums/categories [32m201[0m 413.151 ms - 234[0m
2023-05-09 18:54:21 info: [0mGET /albums/popular [32m201[0m 456.774 ms - -[0m
2023-05-09 18:54:22 info: [0mGET /albums/category/dgfbbtrhegbtrgre419ger [32m201[0m 362.835 ms - -[0m
2023-05-09 18:54:35 info: [0mPOST /albums/likes/d3b1e4a5f18e1b0096146536f0a89bc006ca480a [32m201[0m 710.052 ms - 217[0m
2023-05-09 18:56:21 info: [0mGET /albums/categories [32m201[0m 362.777 ms - 234[0m
2023-05-09 18:56:21 info: [0mGET /albums/popular [32m201[0m 452.005 ms - -[0m
2023-05-09 18:56:22 info: [0mGET /albums/category/dgfbbtrhegbtrgre419ger [32m201[0m 372.096 ms - -[0m
2023-05-09 18:56:27 info: [0mPOST /albums/likes/d3b1e4a5f18e1b0096146536f0a89bc006ca480a [32m201[0m 427.987 ms - 217[0m
2023-05-09 18:57:09 info: [0mGET /albums/categories [32m201[0m 412.504 ms - 234[0m
2023-05-09 18:57:09 info: [0mGET /albums/popular [32m201[0m 441.295 ms - -[0m
2023-05-09 18:57:09 info: [0mGET /albums/category/dgfbbtrhegbtrgre419ger [32m201[0m 364.909 ms - -[0m
2023-05-09 18:57:10 info: [0mGET /albums/categories [32m201[0m 388.747 ms - 234[0m
2023-05-09 18:57:10 info: [0mGET /albums/popular [32m201[0m 410.105 ms - -[0m
2023-05-09 18:57:11 info: [0mGET /albums/category/dgfbbtrhegbtrgre419ger [32m201[0m 375.808 ms - -[0m
2023-05-09 18:57:11 info: [0mGET /albums/categories [32m201[0m 361.486 ms - 234[0m
2023-05-09 18:57:11 info: [0mGET /albums/popular [32m201[0m 421.233 ms - -[0m
2023-05-09 18:57:12 info: [0mGET /albums/category/dgfbbtrhegbtrgre419ger [32m201[0m 373.961 ms - -[0m
2023-05-09 18:57:17 info: [0mGET /albums/categories [32m201[0m 395.908 ms - 234[0m
2023-05-09 18:57:17 info: [0mGET /albums/popular [32m201[0m 439.597 ms - -[0m
2023-05-09 18:57:17 info: [0mGET /albums/category/dgfbbtrhegbtrgre419ger [32m201[0m 400.820 ms - -[0m
2023-05-09 18:57:18 info: [0mGET /albums/categories [32m201[0m 369.129 ms - 234[0m
2023-05-09 18:57:19 info: [0mGET /albums/popular [32m201[0m 454.528 ms - -[0m
2023-05-09 18:57:19 info: [0mGET /albums/category/dgfbbtrhegbtrgre419ger [32m201[0m 370.567 ms - -[0m
2023-05-09 18:57:26 info: [0mGET /albums/categories [32m201[0m 373.841 ms - 234[0m
2023-05-09 18:57:26 info: [0mGET /albums/popular [32m201[0m 446.241 ms - -[0m
2023-05-09 18:57:26 info: [0mGET /albums/category/dgfbbtrhegbtrgre419ger [32m201[0m 387.656 ms - -[0m
2023-05-09 18:57:40 info: [0mPOST /albums/likes/d3b1e4a5f18e1b0096146536f0a89bc006ca480a [32m201[0m 378.095 ms - 217[0m
2023-05-09 18:58:13 info: [0mGET /albums/categories [32m201[0m 375.502 ms - 234[0m
2023-05-09 18:58:13 info: [0mGET /albums/popular [32m201[0m 422.227 ms - -[0m
2023-05-09 18:58:13 info: [0mGET /albums/category/dgfbbtrhegbtrgre419ger [32m201[0m 358.596 ms - -[0m
2023-05-09 18:58:17 info: [0mGET /albums/categories [32m201[0m 387.023 ms - 234[0m
2023-05-09 18:58:17 info: [0mGET /albums/popular [32m201[0m 442.116 ms - -[0m
2023-05-09 18:58:17 info: [0mGET /albums/category/dgfbbtrhegbtrgre419ger [32m201[0m 381.739 ms - -[0m
2023-05-09 18:58:18 info: [0mGET /albums/categories [32m201[0m 368.483 ms - 234[0m
2023-05-09 18:58:18 info: [0mGET /albums/popular [32m201[0m 424.932 ms - -[0m
2023-05-09 18:58:19 info: [0mGET /albums/category/dgfbbtrhegbtrgre419ger [32m201[0m 390.045 ms - -[0m
2023-05-09 18:58:19 info: [0mGET /albums/categories [32m201[0m 382.766 ms - 234[0m
2023-05-09 18:58:19 info: [0mGET /albums/popular [32m201[0m 427.144 ms - -[0m
2023-05-09 18:58:19 info: [0mGET /albums/category/dgfbbtrhegbtrgre419ger [32m201[0m 373.212 ms - -[0m
2023-05-09 18:58:26 info: [0mGET /albums/categories [32m201[0m 385.544 ms - 234[0m
2023-05-09 18:58:26 info: [0mGET /albums/popular [32m201[0m 445.270 ms - -[0m
2023-05-09 18:58:27 info: [0mGET /albums/category/dgfbbtrhegbtrgre419ger [32m201[0m 397.893 ms - -[0m
2023-05-09 18:58:31 info: [0mGET /albums/categories [32m201[0m 375.629 ms - 234[0m
2023-05-09 18:58:31 info: [0mGET /albums/popular [32m201[0m 439.221 ms - -[0m
2023-05-09 18:58:32 info: [0mGET /albums/category/dgfbbtrhegbtrgre419ger [32m201[0m 366.397 ms - -[0m
2023-05-09 18:58:35 info: [0mPOST /albums/likes/d3b1e4a5f18e1b0096146536f0a89bc006ca480a [32m201[0m 422.014 ms - 217[0m
2023-05-09 18:59:31 info: [0mGET /albums/categories [32m201[0m 397.361 ms - 234[0m
2023-05-09 18:59:31 info: [0mGET /albums/popular [32m201[0m 436.766 ms - -[0m
2023-05-09 18:59:31 info: [0mGET /albums/categories [32m201[0m 392.441 ms - 234[0m
2023-05-09 18:59:31 info: [0mGET /albums/popular [32m201[0m 472.838 ms - -[0m
2023-05-09 18:59:32 info: [0mGET /albums/category/dgfbbtrhegbtrgre419ger [32m201[0m 371.211 ms - -[0m
2023-05-09 18:59:36 info: [0mPOST /albums/likes/d3b1e4a5f18e1b0096146536f0a89bc006ca480a [32m201[0m 392.821 ms - 217[0m
2023-05-09 19:00:29 info: [0mGET /albums/categories [32m201[0m 381.063 ms - 234[0m
2023-05-09 19:00:29 info: [0mGET /albums/popular [32m201[0m 435.703 ms - -[0m
2023-05-09 19:00:30 info: [0mGET /albums/category/dgfbbtrhegbtrgre419ger [32m201[0m 383.385 ms - -[0m
2023-05-09 19:00:41 info: [0mGET /albums/categories [32m201[0m 391.181 ms - 234[0m
2023-05-09 19:00:41 info: [0mGET /albums/popular [32m201[0m 440.975 ms - -[0m
2023-05-09 19:00:41 info: [0mGET /albums/category/dgfbbtrhegbtrgre419ger [32m201[0m 393.706 ms - -[0m
2023-05-09 19:00:51 info: [0mGET /albums/categories [32m201[0m 416.340 ms - 234[0m
2023-05-09 19:00:51 info: [0mGET /albums/popular [32m201[0m 428.174 ms - -[0m
2023-05-09 19:00:52 info: [0mGET /albums/category/dgfbbtrhegbtrgre419ger [32m201[0m 382.045 ms - -[0m
2023-05-09 19:01:30 info: [0mGET /albums/categories [32m201[0m 369.377 ms - 234[0m
2023-05-09 19:01:30 info: [0mGET /albums/popular [32m201[0m 401.936 ms - -[0m
2023-05-09 19:01:31 info: [0mGET /albums/category/dgfbbtrhegbtrgre419ger [32m201[0m 412.234 ms - -[0m
2023-05-09 19:01:34 info: [0mGET /albums/popular [32m201[0m 427.367 ms - -[0m
2023-05-09 19:01:34 info: [0mGET /albums/categories [32m201[0m 412.742 ms - 234[0m
2023-05-09 19:01:35 info: [0mGET /albums/category/dgfbbtrhegbtrgre419ger [32m201[0m 362.167 ms - -[0m
2023-05-09 19:01:43 info: [0mGET /albums/categories [32m201[0m 368.304 ms - 234[0m
2023-05-09 19:01:43 info: [0mGET /albums/popular [32m201[0m 442.705 ms - -[0m
2023-05-09 19:01:43 info: [0mGET /albums/category/dgfbbtrhegbtrgre419ger [32m201[0m 388.982 ms - -[0m
2023-05-09 19:01:47 info: [0mGET /albums/popular [32m201[0m 397.874 ms - -[0m
2023-05-09 19:01:47 info: [0mGET /albums/categories [32m201[0m 387.817 ms - 234[0m
2023-05-09 19:01:48 info: [0mGET /albums/category/dgfbbtrhegbtrgre419ger [32m201[0m 391.979 ms - -[0m
2023-05-09 19:02:08 info: [0mGET /albums/categories [32m201[0m 403.317 ms - 234[0m
2023-05-09 19:02:08 info: [0mGET /albums/popular [32m201[0m 439.948 ms - -[0m
2023-05-09 19:02:09 info: [0mGET /albums/category/dgfbbtrhegbtrgre419ger [32m201[0m 423.214 ms - -[0m
2023-05-09 19:02:18 info: [0mGET /albums/categories [32m201[0m 368.536 ms - 234[0m
2023-05-09 19:02:19 info: [0mGET /albums/popular [32m201[0m 457.786 ms - -[0m
2023-05-09 19:02:19 info: [0mGET /albums/category/dgfbbtrhegbtrgre419ger [32m201[0m 387.115 ms - -[0m
2023-05-09 19:02:25 info: [0mGET /albums/categories [32m201[0m 377.157 ms - 234[0m
2023-05-09 19:02:25 info: [0mGET /albums/popular [32m201[0m 420.030 ms - -[0m
2023-05-09 19:02:26 info: [0mGET /albums/category/dgfbbtrhegbtrgre419ger [32m201[0m 392.533 ms - -[0m
2023-05-09 19:02:38 info: [0mGET /albums/categories [32m201[0m 412.985 ms - 234[0m
2023-05-09 19:02:38 info: [0mGET /albums/popular [32m201[0m 454.317 ms - -[0m
2023-05-09 19:02:39 info: [0mGET /albums/category/dgfbbtrhegbtrgre419ger [32m201[0m 362.534 ms - -[0m
2023-05-09 19:02:46 info: [0mGET /albums/popular [32m201[0m 442.149 ms - -[0m
2023-05-09 19:02:46 info: [0mGET /albums/categories [32m201[0m 420.903 ms - 234[0m
2023-05-09 19:02:46 info: [0mGET /albums/category/dgfbbtrhegbtrgre419ger [32m201[0m 349.974 ms - -[0m
2023-05-09 19:02:56 info: [0mGET /albums/categories [32m201[0m 387.968 ms - 234[0m
2023-05-09 19:02:56 info: [0mGET /albums/popular [32m201[0m 474.377 ms - -[0m
2023-05-09 19:02:57 info: [0mGET /albums/category/dgfbbtrhegbtrgre419ger [32m201[0m 387.859 ms - -[0m
2023-05-09 19:03:03 info: [0mGET /albums/categories [32m201[0m 369.668 ms - 234[0m
2023-05-09 19:03:04 info: [0mGET /albums/popular [32m201[0m 416.076 ms - -[0m
2023-05-09 19:03:04 info: [0mGET /albums/category/dgfbbtrhegbtrgre419ger [32m201[0m 378.354 ms - -[0m
2023-05-09 19:03:07 info: [0mGET /albums/categories [32m201[0m 385.622 ms - 234[0m
2023-05-09 19:03:07 info: [0mGET /albums/popular [32m201[0m 411.362 ms - -[0m
2023-05-09 19:03:08 info: [0mGET /albums/category/dgfbbtrhegbtrgre419ger [32m201[0m 417.364 ms - -[0m
2023-05-09 19:03:08 info: [0mGET /albums/categories [32m201[0m 349.557 ms - 234[0m
2023-05-09 19:03:08 info: [0mGET /albums/popular [32m201[0m 416.712 ms - -[0m
2023-05-09 19:03:08 info: [0mGET /albums/category/dgfbbtrhegbtrgre419ger [32m201[0m 381.128 ms - -[0m
2023-05-09 19:03:14 info: [0mGET /albums/popular [32m201[0m 467.360 ms - -[0m
2023-05-09 19:03:14 info: [0mGET /albums/categories [32m201[0m 422.382 ms - 234[0m
2023-05-09 19:03:14 info: [0mGET /albums/category/dgfbbtrhegbtrgre419ger [32m201[0m 391.007 ms - -[0m
2023-05-09 19:03:21 info: [0mGET /albums/categories [32m201[0m 382.755 ms - 234[0m
2023-05-09 19:03:21 info: [0mGET /albums/popular [32m201[0m 433.515 ms - -[0m
2023-05-09 19:03:21 info: [0mGET /albums/category/dgfbbtrhegbtrgre419ger [32m201[0m 396.767 ms - -[0m
2023-05-09 19:03:30 info: [0mGET /albums/categories [32m201[0m 374.239 ms - 234[0m
2023-05-09 19:03:30 info: [0mGET /albums/popular [32m201[0m 448.400 ms - -[0m
2023-05-09 19:03:30 info: [0mGET /albums/category/dgfbbtrhegbtrgre419ger [32m201[0m 383.018 ms - -[0m
2023-05-09 19:03:38 info: [0mGET /albums/categories [32m201[0m 394.903 ms - 234[0m
2023-05-09 19:03:38 info: [0mGET /albums/popular [32m201[0m 423.373 ms - -[0m
2023-05-09 19:03:38 info: [0mGET /albums/category/dgfbbtrhegbtrgre419ger [32m201[0m 429.327 ms - -[0m
2023-05-09 19:04:21 info: =================================
2023-05-09 19:04:21 info: ======= ENV: development =======
2023-05-09 19:04:21 info: 🚀 App listening on the port 4000
2023-05-09 19:04:21 info: =================================
2023-05-09 19:04:43 info: =================================
2023-05-09 19:04:43 info: ======= ENV: development =======
2023-05-09 19:04:43 info: 🚀 App listening on the port 4000
2023-05-09 19:04:43 info: =================================
2023-05-09 19:04:47 info: =================================
2023-05-09 19:04:47 info: ======= ENV: development =======
2023-05-09 19:04:47 info: 🚀 App listening on the port 4000
2023-05-09 19:04:47 info: =================================
2023-05-09 19:04:55 info: =================================
2023-05-09 19:04:55 info: ======= ENV: development =======
2023-05-09 19:04:55 info: 🚀 App listening on the port 4000
2023-05-09 19:04:55 info: =================================
2023-05-09 19:04:59 info: =================================
2023-05-09 19:04:59 info: ======= ENV: development =======
2023-05-09 19:04:59 info: 🚀 App listening on the port 4000
2023-05-09 19:04:59 info: =================================
2023-05-09 19:05:06 info: =================================
2023-05-09 19:05:06 info: ======= ENV: development =======
2023-05-09 19:05:06 info: 🚀 App listening on the port 4000
2023-05-09 19:05:06 info: =================================
2023-05-09 19:05:56 info: [0mPOST /albums/likes/d3b1e4a5f18e1b0096146536f0a89bc006ca480a [32m201[0m 446.334 ms - 11[0m
2023-05-09 19:06:48 info: [0mGET /albums/categories [32m201[0m 440.794 ms - 234[0m
2023-05-09 19:06:48 info: [0mGET /albums/popular [32m201[0m 482.488 ms - -[0m
2023-05-09 19:06:49 info: [0mGET /albums/category/dgfbbtrhegbtrgre419ger [32m201[0m 384.833 ms - -[0m
2023-05-09 19:06:52 info: [0mGET /albums/categories [32m201[0m 379.664 ms - 234[0m
2023-05-09 19:06:52 info: [0mGET /albums/popular [32m201[0m 442.387 ms - -[0m
2023-05-09 19:06:52 info: [0mGET /albums/category/dgfbbtrhegbtrgre419ger [32m201[0m 376.775 ms - -[0m
2023-05-09 19:07:17 info: [0mGET /albums/categories [32m201[0m 393.852 ms - 234[0m
2023-05-09 19:07:17 info: [0mGET /albums/popular [32m201[0m 427.173 ms - -[0m
2023-05-09 19:07:17 info: [0mGET /albums/category/dgfbbtrhegbtrgre419ger [32m201[0m 356.469 ms - -[0m
2023-05-09 19:07:25 info: [0mGET /albums/categories [32m201[0m 395.421 ms - 234[0m
2023-05-09 19:07:25 info: [0mGET /albums/popular [32m201[0m 430.028 ms - -[0m
2023-05-09 19:07:25 info: [0mGET /albums/category/dgfbbtrhegbtrgre419ger [32m201[0m 391.001 ms - -[0m
2023-05-09 19:07:30 info: [0mGET /albums/categories [32m201[0m 396.708 ms - 234[0m
2023-05-09 19:07:30 info: [0mGET /albums/popular [32m201[0m 449.046 ms - -[0m
2023-05-09 19:07:30 info: [0mGET /albums/category/dgfbbtrhegbtrgre419ger [32m201[0m 445.089 ms - -[0m
2023-05-09 19:07:31 info: [0mGET /albums/popular [32m201[0m 421.409 ms - -[0m
2023-05-09 19:07:31 info: [0mGET /albums/categories [32m201[0m 420.201 ms - 234[0m
2023-05-09 19:07:32 info: [0mGET /albums/category/dgfbbtrhegbtrgre419ger [32m201[0m 382.340 ms - -[0m
2023-05-09 19:07:55 info: [0mGET /albums/categories [32m201[0m 418.344 ms - 234[0m
2023-05-09 19:07:55 info: [0mGET /albums/popular [32m201[0m 454.100 ms - -[0m
2023-05-09 19:07:56 info: [0mGET /albums/category/dgfbbtrhegbtrgre419ger [32m201[0m 375.793 ms - -[0m
2023-05-09 19:08:38 info: [0mGET /albums/categories [32m201[0m 408.316 ms - 234[0m
2023-05-09 19:08:38 info: [0mGET /albums/category/dgfbbtrhegbtrgre419ger [32m201[0m 412.957 ms - -[0m
2023-05-09 19:08:38 info: [0mGET /albums/popular [32m201[0m 456.803 ms - -[0m
2023-05-09 19:10:15 info: [0mGET /albums/categories [32m201[0m 383.039 ms - 234[0m
2023-05-09 19:10:15 info: [0mGET /albums/category/dgfbbtrhegbtrgre419ger [32m201[0m 403.336 ms - -[0m
2023-05-09 19:10:15 info: [0mGET /albums/popular [32m201[0m 474.310 ms - -[0m
2023-05-09 19:11:14 info: [0mPOST /albums/likes/d3b1e4a5f18e1b0096146536f0a89bc006ca480a [32m201[0m 416.974 ms - 11[0m
2023-05-09 19:11:20 info: [0mPOST /albums/likes/b1e4a5f18e1b0096146536f0a89bc006ca480a80 [32m201[0m 371.287 ms - 11[0m
2023-05-09 19:11:24 info: [0mPOST /albums/likes/b1e4a5f18e1b0096146536f0a89bc006ca480a80 [32m201[0m 384.259 ms - 11[0m
2023-05-09 19:11:27 info: [0mPOST /albums/likes/b1e4a5f18e1b0096146536f0a89bc006ca480a80 [32m201[0m 385.115 ms - 11[0m
2023-05-09 19:11:29 info: [0mPOST /albums/likes/b1e4a5f18e1b0096146536f0a89bc006ca480a80 [32m201[0m 453.893 ms - 11[0m
2023-05-09 19:11:29 info: [0mPOST /albums/likes/b1e4a5f18e1b0096146536f0a89bc006ca480a80 [32m201[0m 401.757 ms - 11[0m
2023-05-09 19:11:40 info: [0mGET /albums/popular [32m201[0m 445.025 ms - -[0m
2023-05-09 19:11:40 info: [0mGET /albums/categories [32m201[0m 423.858 ms - 234[0m
2023-05-09 19:11:41 info: [0mGET /albums/category/dgfbbtrhegbtrgre419ger [32m201[0m 401.485 ms - -[0m
2023-05-09 19:11:55 info: [0mPOST /albums/likes/d3b1e4a5f18e1b0096146536f0a89bc006ca480a [32m201[0m 392.523 ms - 11[0m
2023-05-09 19:12:12 info: [0mGET /albums/category/dgfbbtrhegbtrgre419ger [32m201[0m 373.490 ms - -[0m
2023-05-09 19:12:12 info: [0mGET /albums/categories [32m201[0m 360.918 ms - 234[0m
2023-05-09 19:12:12 info: [0mGET /albums/popular [32m201[0m 415.095 ms - -[0m
2023-05-09 19:12:34 info: [0mPOST /albums/likes/d3b1e4a5f18e1b0096146536f0a89bc006ca480a [32m201[0m 395.835 ms - 11[0m
2023-05-09 19:14:25 info: [0mGET /albums/categories [32m201[0m 364.048 ms - 234[0m
2023-05-09 19:14:25 info: [0mGET /albums/popular [32m201[0m 452.171 ms - -[0m
2023-05-09 19:14:26 info: [0mGET /albums/category/dgfbbtrhegbtrgre419ger [32m201[0m 371.968 ms - -[0m
2023-05-09 19:14:26 info: [0mGET /albums/popular [32m201[0m 396.857 ms - -[0m
2023-05-09 19:14:27 info: [0mGET /albums/categories [32m201[0m 400.908 ms - 234[0m
2023-05-09 19:14:27 info: [0mGET /albums/category/dgfbbtrhegbtrgre419ger [32m201[0m 394.590 ms - -[0m
2023-05-09 19:15:09 info: [0mGET /albums/categories [32m201[0m 377.376 ms - 234[0m
2023-05-09 19:15:09 info: [0mGET /albums/category/dgfbbtrhegbtrgre419ger [32m201[0m 377.128 ms - -[0m
2023-05-09 19:15:09 info: [0mGET /albums/popular [32m201[0m 435.287 ms - -[0m
2023-05-09 19:15:43 info: [0mGET /albums/categories [32m201[0m 424.552 ms - 234[0m
2023-05-09 19:15:43 info: [0mGET /albums/popular [32m201[0m 461.608 ms - -[0m
2023-05-09 19:15:43 info: [0mGET /albums/category/dgfbbtrhegbtrgre419ger [32m201[0m 404.991 ms - -[0m
2023-05-09 19:15:44 info: [0mGET /albums/categories [32m201[0m 392.907 ms - 234[0m
2023-05-09 19:15:44 info: [0mGET /albums/popular [32m201[0m 464.216 ms - -[0m
2023-05-09 19:15:44 info: [0mGET /albums/popular [32m201[0m 417.416 ms - -[0m
2023-05-09 19:15:44 info: [0mGET /albums/categories [32m201[0m 411.908 ms - 234[0m
2023-05-09 19:15:45 info: [0mGET /albums/category/dgfbbtrhegbtrgre419ger [32m201[0m 385.887 ms - -[0m
2023-05-09 19:15:47 info: [0mGET /albums/categories [32m201[0m 363.978 ms - 234[0m
2023-05-09 19:15:47 info: [0mGET /albums/popular [32m201[0m 418.589 ms - -[0m
2023-05-09 19:15:47 info: [0mGET /albums/category/dgfbbtrhegbtrgre419ger [32m201[0m 372.421 ms - -[0m
2023-05-09 19:16:10 info: [0mGET /albums/categories [32m201[0m 396.083 ms - 234[0m
2023-05-09 19:16:10 info: [0mGET /albums/popular [32m201[0m 434.808 ms - -[0m
2023-05-09 19:16:11 info: [0mGET /albums/category/dgfbbtrhegbtrgre419ger [32m201[0m 397.921 ms - -[0m
2023-05-09 19:16:24 info: [0mGET /albums/categories [32m201[0m 389.727 ms - 234[0m
2023-05-09 19:16:24 info: [0mGET /albums/popular [32m201[0m 411.025 ms - -[0m
2023-05-09 19:16:25 info: [0mGET /albums/category/dgfbbtrhegbtrgre419ger [32m201[0m 360.032 ms - -[0m
2023-05-09 19:16:28 info: [0mGET /albums/categories [32m201[0m 387.219 ms - 234[0m
2023-05-09 19:16:28 info: [0mGET /albums/popular [32m201[0m 426.147 ms - -[0m
2023-05-09 19:16:29 info: [0mGET /albums/category/dgfbbtrhegbtrgre419ger [32m201[0m 379.986 ms - -[0m
2023-05-09 19:16:35 info: [0mGET /albums/categories [32m201[0m 366.866 ms - 234[0m
2023-05-09 19:16:35 info: [0mGET /albums/popular [32m201[0m 429.510 ms - -[0m
2023-05-09 19:16:36 info: [0mGET /albums/category/dgfbbtrhegbtrgre419ger [32m201[0m 395.209 ms - -[0m
2023-05-09 19:16:39 info: [0mGET /albums/categories [32m201[0m 344.001 ms - 234[0m
2023-05-09 19:16:39 info: [0mGET /albums/popular [32m201[0m 430.445 ms - -[0m
2023-05-09 19:16:39 info: [0mGET /albums/category/dgfbbtrhegbtrgre419ger [32m201[0m 360.738 ms - -[0m
2023-05-09 19:16:48 info: [0mGET /albums/categories [32m201[0m 394.717 ms - 234[0m
2023-05-09 19:16:48 info: [0mGET /albums/popular [32m201[0m 449.469 ms - -[0m
2023-05-09 19:16:48 info: [0mGET /albums/category/dgfbbtrhegbtrgre419ger [32m201[0m 386.726 ms - -[0m
2023-05-09 19:16:51 info: [0mGET /albums/categories [32m201[0m 390.177 ms - 234[0m
2023-05-09 19:16:51 info: [0mGET /albums/popular [32m201[0m 430.932 ms - -[0m
2023-05-09 19:16:52 info: [0mGET /albums/category/dgfbbtrhegbtrgre419ger [32m201[0m 418.969 ms - -[0m
2023-05-09 19:16:55 info: [0mGET /albums/categories [32m201[0m 397.222 ms - 234[0m
2023-05-09 19:16:55 info: [0mGET /albums/popular [32m201[0m 440.303 ms - -[0m
2023-05-09 19:16:56 info: [0mGET /albums/category/dgfbbtrhegbtrgre419ger [32m201[0m 373.887 ms - -[0m
2023-05-09 19:17:01 info: [0mGET /albums/categories [32m201[0m 380.543 ms - 234[0m
2023-05-09 19:17:01 info: [0mGET /albums/popular [32m201[0m 473.375 ms - -[0m
2023-05-09 19:17:01 info: [0mGET /albums/category/dgfbbtrhegbtrgre419ger [32m201[0m 409.518 ms - -[0m
2023-05-09 19:17:07 info: [0mGET /albums/categories [32m201[0m 363.133 ms - 234[0m
2023-05-09 19:17:07 info: [0mGET /albums/popular [32m201[0m 427.482 ms - -[0m
2023-05-09 19:17:08 info: [0mGET /albums/category/dgfbbtrhegbtrgre419ger [32m201[0m 401.606 ms - -[0m
2023-05-09 19:17:09 info: [0mGET /albums/categories [32m201[0m 383.774 ms - 234[0m
2023-05-09 19:17:09 info: [0mGET /albums/popular [32m201[0m 436.271 ms - -[0m
2023-05-09 19:17:10 info: [0mGET /albums/category/dgfbbtrhegbtrgre419ger [32m201[0m 387.866 ms - -[0m
2023-05-09 19:19:37 info: [0mPOST /albums/likes/d3b1e4a5f18e1b0096146536f0a89bc006ca480a [32m201[0m 397.947 ms - 12[0m
2023-05-09 19:20:42 info: [0mGET /albums/categories [32m201[0m 415.484 ms - 234[0m
2023-05-09 19:20:42 info: [0mGET /albums/category/dgfbbtrhegbtrgre419ger [32m201[0m 420.218 ms - -[0m
2023-05-09 19:20:42 info: [0mGET /albums/popular [32m201[0m 471.609 ms - -[0m
2023-05-09 19:25:45 info: [0mGET /albums/category/dgfbbtrhegbtrgre419ger [32m201[0m 381.977 ms - -[0m
2023-05-09 19:25:45 info: [0mGET /albums/popular [32m201[0m 444.528 ms - -[0m
2023-05-09 19:25:45 info: [0mGET /albums/categories [32m201[0m 427.973 ms - 234[0m
2023-05-09 19:27:11 info: [0mPOST /albums/likes/d3b1e4a5f18e1b0096146536f0a89bc006ca480a [32m201[0m 386.866 ms - 12[0m
2023-05-09 19:28:09 info: [0mPOST /albums/likes/d3b1e4a5f18e1b0096146536f0a89bc006ca480a [32m201[0m 409.930 ms - 12[0m
2023-05-09 19:28:37 info: [0mPOST /albums/likes/d3b1e4a5f18e1b0096146536f0a89bc006ca480a [32m201[0m 372.999 ms - 12[0m
2023-05-09 19:28:46 info: [0mGET /albums/categories [32m201[0m 358.212 ms - 234[0m
2023-05-09 19:28:46 info: [0mGET /albums/popular [32m201[0m 438.745 ms - -[0m
2023-05-09 19:28:47 info: [0mGET /albums/category/dgfbbtrhegbtrgre419ger [32m201[0m 386.668 ms - -[0m
2023-05-09 19:28:53 info: [0mPOST /albums/likes/d3b1e4a5f18e1b0096146536f0a89bc006ca480a [32m201[0m 394.717 ms - 12[0m
2023-05-09 19:28:56 info: [0mGET /albums/categories [32m201[0m 380.292 ms - 234[0m
2023-05-09 19:28:56 info: [0mGET /albums/popular [32m201[0m 421.726 ms - -[0m
2023-05-09 19:28:56 info: [0mGET /albums/category/dgfbbtrhegbtrgre419ger [32m201[0m 369.509 ms - -[0m
2023-05-09 19:29:04 info: [0mPOST /albums/likes/b1e4a5f18e1b0096146536f0a89bc006ca480a80 [32m201[0m 361.619 ms - 11[0m
2023-05-09 19:29:05 info: [0mPOST /albums/likes/b1e4a5f18e1b0096146536f0a89bc006ca480a80 [32m201[0m 364.600 ms - 11[0m
2023-05-09 19:29:08 info: [0mGET /albums/categories [32m201[0m 384.290 ms - 234[0m
2023-05-09 19:29:08 info: [0mGET /albums/popular [32m201[0m 457.753 ms - -[0m
2023-05-09 19:29:08 info: [0mGET /albums/category/dgfbbtrhegbtrgre419ger [32m201[0m 373.110 ms - -[0m
2023-05-09 19:29:12 info: [0mPOST /albums/likes/b1e4a5f18e1b0096146536f0a89bc006ca480a80 [32m201[0m 390.683 ms - 11[0m
2023-05-09 19:29:15 info: [0mPOST /albums/likes/b1e4a5f18e1b0096146536f0a89bc006ca480a80 [32m201[0m 372.475 ms - 11[0m
2023-05-09 19:29:17 info: [0mPOST /albums/likes/b1e4a5f18e1b0096146536f0a89bc006ca480a80 [32m201[0m 371.799 ms - 12[0m
2023-05-09 19:29:18 info: [0mPOST /albums/likes/b1e4a5f18e1b0096146536f0a89bc006ca480a80 [32m201[0m 389.834 ms - 12[0m
2023-05-09 19:29:20 info: [0mGET /albums/categories [32m201[0m 377.440 ms - 234[0m
2023-05-09 19:29:20 info: [0mGET /albums/popular [32m201[0m 441.083 ms - -[0m
2023-05-09 19:29:21 info: [0mGET /albums/category/dgfbbtrhegbtrgre419ger [32m201[0m 382.470 ms - -[0m
2023-05-09 19:29:55 info: [0mGET /albums/category/grtgv841t89rhbtgfrd48hb [32m201[0m 384.045 ms - -[0m
2023-05-09 19:34:15 info: [0mPOST /albums/likes/e6509091c1cb978ab73fcec01a1cb535a6b5c170 [32m201[0m 422.896 ms - 11[0m
2023-05-09 19:34:20 info: [0mGET /albums/categories [32m201[0m 366.488 ms - 234[0m
2023-05-09 19:34:20 info: [0mGET /albums/popular [32m201[0m 433.133 ms - -[0m
2023-05-09 19:34:21 info: [0mGET /albums/category/dgfbbtrhegbtrgre419ger [32m201[0m 385.205 ms - -[0m
2023-05-09 19:34:25 info: [0mPOST /albums/likes/d3b1e4a5f18e1b0096146536f0a89bc006ca480a [32m201[0m 397.733 ms - 12[0m
2023-05-09 19:34:26 info: [0mPOST /albums/likes/d3b1e4a5f18e1b0096146536f0a89bc006ca480a [32m201[0m 374.471 ms - 12[0m
2023-05-09 19:34:28 info: [0mGET /albums/categories [32m201[0m 364.954 ms - 234[0m
2023-05-09 19:34:28 info: [0mGET /albums/popular [32m201[0m 421.162 ms - -[0m
2023-05-09 19:34:28 info: [0mGET /albums/category/dgfbbtrhegbtrgre419ger [32m201[0m 392.699 ms - -[0m
2023-05-09 19:37:16 info: [0mGET /albums/popular [32m201[0m 441.330 ms - -[0m
2023-05-09 19:37:16 info: [0mGET /albums/categories [32m201[0m 402.825 ms - 234[0m
2023-05-09 19:37:17 info: [0mGET /albums/category/dgfbbtrhegbtrgre419ger [32m201[0m 384.879 ms - -[0m
2023-05-09 19:37:28 info: [0mGET /albums/category/grtgv841tegr52rf6d1gsfez546zefsdsdfb [32m201[0m 400.358 ms - 22[0m
2023-05-09 19:37:29 info: [0mGET /albums/category/grtgv841t89rhbtgfrd48hb [32m201[0m 400.528 ms - -[0m
2023-05-09 19:37:59 info: [0mGET /albums/categories [32m201[0m 379.069 ms - 234[0m
2023-05-09 19:37:59 info: [0mGET /albums/popular [32m201[0m 450.743 ms - -[0m
2023-05-09 19:37:59 info: [0mGET /albums/category/dgfbbtrhegbtrgre419ger [32m201[0m 382.508 ms - -[0m
2023-05-09 19:38:37 info: [0mPOST /albums/likes/d3b1e4a5f18e1b0096146536f0a89bc006ca480a [32m201[0m 394.948 ms - 12[0m
2023-05-09 19:38:48 info: [0mGET /albums/categories [32m201[0m 379.083 ms - 234[0m
2023-05-09 19:38:48 info: [0mGET /albums/popular [32m201[0m 418.478 ms - -[0m
2023-05-09 19:38:49 info: [0mGET /albums/category/dgfbbtrhegbtrgre419ger [32m201[0m 385.249 ms - -[0m
2023-05-09 19:40:02 info: [0mPOST /albums/likes/d3b1e4a5f18e1b0096146536f0a89bc006ca480a [32m201[0m 431.448 ms - 12[0m
2023-05-09 19:40:12 info: [0mPOST /albums/likes/b1e4a5f18e1b0096146536f0a89bc006ca480a80 [32m201[0m 392.438 ms - 12[0m
2023-05-09 19:40:16 info: [0mGET /albums/categories [32m201[0m 428.542 ms - 234[0m
2023-05-09 19:40:16 info: [0mGET /albums/popular [32m201[0m 469.656 ms - -[0m
2023-05-09 19:40:17 info: [0mGET /albums/category/dgfbbtrhegbtrgre419ger [32m201[0m 371.352 ms - -[0m
2023-05-09 19:41:09 info: [0mPOST /albums/likes/b1e4a5f18e1b0096146536f0a89bc006ca480a80 [32m201[0m 383.739 ms - 12[0m
2023-05-09 19:42:57 info: [0mGET /albums/categories [32m201[0m 381.885 ms - 234[0m
2023-05-09 19:42:57 info: [0mGET /albums/popular [32m201[0m 416.621 ms - -[0m
2023-05-09 19:42:58 info: [0mGET /albums/category/dgfbbtrhegbtrgre419ger [32m201[0m 379.684 ms - -[0m
2023-05-09 19:43:03 info: [0mPOST /albums/likes/d3b1e4a5f18e1b0096146536f0a89bc006ca480a [32m201[0m 374.907 ms - 12[0m
2023-05-09 19:43:07 info: [0mGET /albums/categories [32m201[0m 385.635 ms - 234[0m
2023-05-09 19:43:07 info: [0mGET /albums/popular [32m201[0m 437.223 ms - -[0m
2023-05-09 19:43:08 info: [0mGET /albums/category/dgfbbtrhegbtrgre419ger [32m201[0m 395.047 ms - -[0m
2023-05-09 19:43:49 info: [0mGET /albums/category/sgregfdg564fdv81df9g52d6f1v [32m201[0m 371.576 ms - 22[0m
2023-05-09 19:43:54 info: [0mGET /albums/category/grtgv841t89rhbtgfrd48hb [32m201[0m 360.504 ms - -[0m
2023-05-09 19:43:59 info: [0mPOST /albums/likes/e3e6509091c1cb978ab73fcec01a1cb535a6b5c1 [32m201[0m 378.403 ms - 11[0m
2023-05-09 19:44:03 info: [0mGET /albums/categories [32m201[0m 413.185 ms - 234[0m
2023-05-09 19:44:03 info: [0mGET /albums/popular [32m201[0m 473.565 ms - -[0m
2023-05-09 19:44:04 info: [0mGET /albums/category/dgfbbtrhegbtrgre419ger [32m201[0m 383.748 ms - -[0m
2023-05-09 19:44:07 info: [0mGET /albums/category/grtgv841t89rhbtgfrd48hb [32m201[0m 366.902 ms - -[0m
2023-05-09 20:02:00 info: [0mGET /albums/categories [32m201[0m 381.216 ms - 234[0m
2023-05-09 20:02:00 info: [0mGET /albums/popular [32m201[0m 427.632 ms - -[0m
2023-05-09 20:02:00 info: [0mGET /albums/category/dgfbbtrhegbtrgre419ger [32m201[0m 385.604 ms - -[0m
