2023-03-25 15:08:48 info: =================================
2023-03-25 15:08:48 info: ======= ENV: development =======
2023-03-25 15:08:48 info: 🚀 App listening on the port 3000
2023-03-25 15:08:48 info: =================================
2023-03-25 15:10:04 info: [0mPOST /post/7e8ca6cf707c0ea2cbefed7f193ceb8251283038 [32m201[0m 2895.519 ms - 2[0m
2023-03-25 15:10:48 info: [0mPOST /post/7e8ca6cf707c0ea2cbefed7f193ceb8251283038 [32m201[0m 1778.723 ms - 202[0m
2023-03-25 15:38:33 info: =================================
2023-03-25 15:38:33 info: ======= ENV: development =======
2023-03-25 15:38:33 info: 🚀 App listening on the port 3000
2023-03-25 15:38:33 info: =================================
2023-03-25 15:40:09 info: [0mPOST /post/7e8ca6cf707c0ea2cbefed7f193ceb8251283038 [32m201[0m 6490.852 ms - 202[0m
2023-03-25 17:19:45 info: =================================
2023-03-25 17:19:45 info: ======= ENV: development =======
2023-03-25 17:19:45 info: 🚀 App listening on the port 3000
2023-03-25 17:19:45 info: =================================
2023-03-25 17:35:16 info: =================================
2023-03-25 17:35:16 info: ======= ENV: development =======
2023-03-25 17:35:16 info: 🚀 App listening on the port 3000
2023-03-25 17:35:16 info: =================================
2023-03-25 17:35:49 info: =================================
2023-03-25 17:35:49 info: ======= ENV: development =======
2023-03-25 17:35:49 info: 🚀 App listening on the port 3000
2023-03-25 17:35:49 info: =================================
2023-03-25 17:36:35 info: =================================
2023-03-25 17:36:35 info: ======= ENV: development =======
2023-03-25 17:36:35 info: 🚀 App listening on the port 3000
2023-03-25 17:36:35 info: =================================
2023-03-25 17:36:46 info: [0mPOST /signup [32m201[0m 1557.330 ms - 26[0m
2023-03-25 17:37:30 info: [0mPOST /signup [36m302[0m 3133.086 ms - 346[0m
2023-03-25 17:39:07 info: [0mPOST /signup [36m302[0m 1875.753 ms - 286[0m
2023-03-25 17:52:34 info: =================================
2023-03-25 17:52:34 info: ======= ENV: development =======
2023-03-25 17:52:34 info: 🚀 App listening on the port 3000
2023-03-25 17:52:34 info: =================================
2023-03-25 17:53:09 info: =================================
2023-03-25 17:53:09 info: ======= ENV: development =======
2023-03-25 17:53:09 info: 🚀 App listening on the port 3000
2023-03-25 17:53:09 info: =================================
2023-03-25 17:55:14 info: [0mGET /but/7a66067646043d5d1b5a1192a2de47cdae16bdc7 [33m404[0m 13.148 ms - 183[0m
2023-03-25 17:55:19 info: [0mPOST /but/7a66067646043d5d1b5a1192a2de47cdae16bdc7 [33m404[0m 4.229 ms - 184[0m
2023-03-25 17:55:38 info: =================================
2023-03-25 17:55:38 info: ======= ENV: development =======
2023-03-25 17:55:38 info: 🚀 App listening on the port 3000
2023-03-25 17:55:38 info: =================================
2023-03-25 17:55:53 info: [0mPOST /buy/7a66067646043d5d1b5a1192a2de47cdae16bdc7 [33m404[0m 9.043 ms - 184[0m
2023-03-25 17:56:42 info: [0mPOST /users/buy/7a66067646043d5d1b5a1192a2de47cdae16bdc7 [32m200[0m 192.496 ms - 2[0m
2023-03-25 18:01:57 info: [0mPOST /users/buy/6f7bc771c4c0c76b81d41bdb3726cac97b720166 [32m200[0m 12.765 ms - 2[0m
2023-03-25 18:03:01 info: =================================
2023-03-25 18:03:01 info: ======= ENV: development =======
2023-03-25 18:03:01 info: 🚀 App listening on the port 3000
2023-03-25 18:03:01 info: =================================
2023-03-25 18:03:10 info: [0mPOST /users/buy/6f7bc771c4c0c76b81d41bdb3726cac97b720166 [32m200[0m 63.558 ms - 2[0m
2023-03-25 18:04:01 info: =================================
2023-03-25 18:04:01 info: ======= ENV: development =======
2023-03-25 18:04:01 info: 🚀 App listening on the port 3000
2023-03-25 18:04:01 info: =================================
2023-03-25 18:05:57 info: [0mPOST /users/buy/6f7bc771c4c0c76b81d41bdb3726cac97b720166 [32m200[0m 79.786 ms - 2[0m
2023-03-25 18:07:07 info: =================================
2023-03-25 18:07:07 info: ======= ENV: development =======
2023-03-25 18:07:07 info: 🚀 App listening on the port 3000
2023-03-25 18:07:07 info: =================================
2023-03-25 18:07:11 info: [0mPOST /users/buy/6f7bc771c4c0c76b81d41bdb3726cac97b720166 [32m200[0m 115.580 ms - 57[0m
2023-03-25 18:07:55 info: =================================
2023-03-25 18:07:55 info: ======= ENV: development =======
2023-03-25 18:07:55 info: 🚀 App listening on the port 3000
2023-03-25 18:07:55 info: =================================
2023-03-25 18:07:58 info: [0mPOST /users/buy/6f7bc771c4c0c76b81d41bdb3726cac97b720166 [32m200[0m 135.266 ms - 57[0m
2023-03-25 18:09:57 info: =================================
2023-03-25 18:09:57 info: ======= ENV: development =======
2023-03-25 18:09:57 info: 🚀 App listening on the port 3000
2023-03-25 18:09:57 info: =================================
2023-03-25 18:10:00 info: [0mPOST /users/buy/6f7bc771c4c0c76b81d41bdb3726cac97b720166 [32m200[0m 105.700 ms - 57[0m
2023-03-25 18:11:46 info: [0mPOST /users/buy/6f7bc771c4c0c76b81d41bdb3726cac97b720166 [32m200[0m 13.684 ms - 57[0m
2023-03-25 18:12:23 info: =================================
2023-03-25 18:12:23 info: ======= ENV: development =======
2023-03-25 18:12:23 info: 🚀 App listening on the port 3000
2023-03-25 18:12:23 info: =================================
2023-03-25 18:12:28 info: [0mPOST /users/buy/6f7bc771c4c0c76b81d41bdb3726cac97b720166 [32m200[0m 85.837 ms - 57[0m
2023-03-25 18:12:58 info: =================================
2023-03-25 18:12:58 info: ======= ENV: development =======
2023-03-25 18:12:58 info: 🚀 App listening on the port 3000
2023-03-25 18:12:58 info: =================================
2023-03-25 18:13:11 info: =================================
2023-03-25 18:13:11 info: ======= ENV: development =======
2023-03-25 18:13:11 info: 🚀 App listening on the port 3000
2023-03-25 18:13:11 info: =================================
2023-03-25 18:13:13 info: [0mPOST /users/buy/6f7bc771c4c0c76b81d41bdb3726cac97b720166 [32m200[0m 83.024 ms - 57[0m
2023-03-25 18:15:51 info: =================================
2023-03-25 18:15:51 info: ======= ENV: development =======
2023-03-25 18:15:51 info: 🚀 App listening on the port 3000
2023-03-25 18:15:51 info: =================================
2023-03-25 18:15:53 info: [0mPOST /users/buy/6f7bc771c4c0c76b81d41bdb3726cac97b720166 [32m200[0m 74.916 ms - 57[0m
2023-03-25 18:17:07 info: =================================
2023-03-25 18:17:07 info: ======= ENV: development =======
2023-03-25 18:17:07 info: 🚀 App listening on the port 3000
2023-03-25 18:17:07 info: =================================
2023-03-25 18:17:09 info: [0mPOST /users/buy/6f7bc771c4c0c76b81d41bdb3726cac97b720166 [32m200[0m 84.253 ms - 57[0m
2023-03-25 18:19:36 info: =================================
2023-03-25 18:19:36 info: ======= ENV: development =======
2023-03-25 18:19:36 info: 🚀 App listening on the port 3000
2023-03-25 18:19:36 info: =================================
2023-03-25 18:20:58 info: [0mPOST /users/buy/6f7bc771c4c0c76b81d41bdb3726cac97b720166 [32m200[0m 91.824 ms - 57[0m
2023-03-25 18:21:14 info: =================================
2023-03-25 18:21:14 info: ======= ENV: development =======
2023-03-25 18:21:14 info: 🚀 App listening on the port 3000
2023-03-25 18:21:14 info: =================================
2023-03-25 18:21:17 info: [0mPOST /users/buy/6f7bc771c4c0c76b81d41bdb3726cac97b720166 [32m200[0m 84.723 ms - 57[0m
2023-03-25 18:21:49 info: =================================
2023-03-25 18:21:49 info: ======= ENV: development =======
2023-03-25 18:21:49 info: 🚀 App listening on the port 3000
2023-03-25 18:21:49 info: =================================
2023-03-25 18:21:52 info: [0mPOST /users/buy/6f7bc771c4c0c76b81d41bdb3726cac97b720166 [32m200[0m 89.448 ms - 57[0m
2023-03-25 18:24:16 info: =================================
2023-03-25 18:24:16 info: ======= ENV: development =======
2023-03-25 18:24:16 info: 🚀 App listening on the port 3000
2023-03-25 18:24:16 info: =================================
2023-03-25 18:24:19 info: [0mPOST /users/buy/6f7bc771c4c0c76b81d41bdb3726cac97b720166 [32m200[0m 84.923 ms - 57[0m
2023-03-25 18:24:53 info: =================================
2023-03-25 18:24:53 info: ======= ENV: development =======
2023-03-25 18:24:53 info: 🚀 App listening on the port 3000
2023-03-25 18:24:53 info: =================================
2023-03-25 18:25:07 info: =================================
2023-03-25 18:25:07 info: ======= ENV: development =======
2023-03-25 18:25:07 info: 🚀 App listening on the port 3000
2023-03-25 18:25:07 info: =================================
2023-03-25 18:25:18 info: [0mPOST /users/buy/6f7bc771c4c0c76b81d41bdb3726cac97b720166 [32m200[0m 75.290 ms - 57[0m
2023-03-25 18:26:53 info: =================================
2023-03-25 18:26:53 info: ======= ENV: development =======
2023-03-25 18:26:53 info: 🚀 App listening on the port 3000
2023-03-25 18:26:53 info: =================================
2023-03-25 18:26:57 info: [0mPOST /users/buy/6f7bc771c4c0c76b81d41bdb3726cac97b720166 [32m200[0m 94.568 ms - 57[0m
2023-03-25 18:28:05 info: =================================
2023-03-25 18:28:05 info: ======= ENV: development =======
2023-03-25 18:28:05 info: 🚀 App listening on the port 3000
2023-03-25 18:28:05 info: =================================
2023-03-25 18:28:08 info: [0mPOST /users/buy/6f7bc771c4c0c76b81d41bdb3726cac97b720166 [32m200[0m 85.839 ms - 57[0m
2023-03-25 18:29:15 info: =================================
2023-03-25 18:29:15 info: ======= ENV: development =======
2023-03-25 18:29:15 info: 🚀 App listening on the port 3000
2023-03-25 18:29:15 info: =================================
2023-03-25 18:29:17 info: [0mPOST /users/buy/6f7bc771c4c0c76b81d41bdb3726cac97b720166 [32m200[0m 116.332 ms - 57[0m
2023-03-25 18:30:36 info: =================================
2023-03-25 18:30:36 info: ======= ENV: development =======
2023-03-25 18:30:36 info: 🚀 App listening on the port 3000
2023-03-25 18:30:36 info: =================================
2023-03-25 18:30:41 info: [0mPOST /users/buy/6f7bc771c4c0c76b81d41bdb3726cac97b720166 [32m200[0m 87.763 ms - 57[0m
2023-03-25 18:32:19 info: [0mPOST /users/buy/6f7bc771c4c0c76b81d41bdb3726cac97b720166 [32m200[0m 9.800 ms - 57[0m
2023-03-25 18:32:31 info: =================================
2023-03-25 18:32:31 info: ======= ENV: development =======
2023-03-25 18:32:31 info: 🚀 App listening on the port 3000
2023-03-25 18:32:31 info: =================================
2023-03-25 18:32:36 info: [0mPOST /users/buy/6f7bc771c4c0c76b81d41bdb3726cac97b720166 [32m200[0m 2355.414 ms - 2[0m
2023-03-25 18:33:42 info: =================================
2023-03-25 18:33:42 info: ======= ENV: development =======
2023-03-25 18:33:42 info: 🚀 App listening on the port 3000
2023-03-25 18:33:42 info: =================================
2023-03-25 18:33:47 info: [0mPOST /users/buy/6f7bc771c4c0c76b81d41bdb3726cac97b720166 [32m200[0m 1218.622 ms - 2[0m
2023-03-25 18:35:24 info: =================================
2023-03-25 18:35:24 info: ======= ENV: development =======
2023-03-25 18:35:24 info: 🚀 App listening on the port 3000
2023-03-25 18:35:24 info: =================================
2023-03-25 18:35:27 info: [0mPOST /users/buy/6f7bc771c4c0c76b81d41bdb3726cac97b720166 [32m200[0m 87.280 ms - 57[0m
2023-03-25 18:38:46 info: =================================
2023-03-25 18:38:46 info: ======= ENV: development =======
2023-03-25 18:38:46 info: 🚀 App listening on the port 3000
2023-03-25 18:38:46 info: =================================
2023-03-25 18:38:54 info: =================================
2023-03-25 18:38:54 info: ======= ENV: development =======
2023-03-25 18:38:54 info: 🚀 App listening on the port 3000
2023-03-25 18:38:54 info: =================================
2023-03-25 18:38:57 info: [0mPOST /users/buy/6f7bc771c4c0c76b81d41bdb3726cac97b720166 [32m200[0m 98.173 ms - 57[0m
2023-03-25 18:39:24 info: =================================
2023-03-25 18:39:24 info: ======= ENV: development =======
2023-03-25 18:39:24 info: 🚀 App listening on the port 3000
2023-03-25 18:39:24 info: =================================
2023-03-25 18:39:27 info: [0mPOST /users/buy/6f7bc771c4c0c76b81d41bdb3726cac97b720166 [32m200[0m 87.111 ms - 57[0m
2023-03-25 18:40:59 info: =================================
2023-03-25 18:40:59 info: ======= ENV: development =======
2023-03-25 18:40:59 info: 🚀 App listening on the port 3000
2023-03-25 18:40:59 info: =================================
2023-03-25 18:42:23 info: =================================
2023-03-25 18:42:23 info: ======= ENV: development =======
2023-03-25 18:42:23 info: 🚀 App listening on the port 3000
2023-03-25 18:42:23 info: =================================
2023-03-25 18:42:25 info: [0mPOST /users/buy/6f7bc771c4c0c76b81d41bdb3726cac97b720166 [32m200[0m 168.004 ms - 57[0m
2023-03-25 18:43:02 info: =================================
2023-03-25 18:43:02 info: ======= ENV: development =======
2023-03-25 18:43:02 info: 🚀 App listening on the port 3000
2023-03-25 18:43:02 info: =================================
2023-03-25 18:43:06 info: [0mPOST /users/buy/6f7bc771c4c0c76b81d41bdb3726cac97b720166 [32m200[0m 89.047 ms - 57[0m
2023-03-25 18:43:58 info: =================================
2023-03-25 18:43:58 info: ======= ENV: development =======
2023-03-25 18:43:58 info: 🚀 App listening on the port 3000
2023-03-25 18:43:58 info: =================================
2023-03-25 18:44:01 info: [0mPOST /users/buy/6f7bc771c4c0c76b81d41bdb3726cac97b720166 [32m200[0m 72.647 ms - 57[0m
2023-03-25 18:45:03 info: =================================
2023-03-25 18:45:03 info: ======= ENV: development =======
2023-03-25 18:45:03 info: 🚀 App listening on the port 3000
2023-03-25 18:45:03 info: =================================
2023-03-25 18:45:39 info: =================================
2023-03-25 18:45:39 info: ======= ENV: development =======
2023-03-25 18:45:39 info: 🚀 App listening on the port 3000
2023-03-25 18:45:39 info: =================================
2023-03-25 18:45:41 info: [0mPOST /users/buy/6f7bc771c4c0c76b81d41bdb3726cac97b720166 [32m200[0m 66.038 ms - 57[0m
2023-03-25 18:47:42 info: =================================
2023-03-25 18:47:42 info: ======= ENV: development =======
2023-03-25 18:47:42 info: 🚀 App listening on the port 3000
2023-03-25 18:47:42 info: =================================
2023-03-25 18:47:45 info: [0mPOST /users/buy/6f7bc771c4c0c76b81d41bdb3726cac97b720166 [32m200[0m 56.750 ms - 57[0m
2023-03-25 18:48:41 info: =================================
2023-03-25 18:48:41 info: ======= ENV: development =======
2023-03-25 18:48:41 info: 🚀 App listening on the port 3000
2023-03-25 18:48:41 info: =================================
2023-03-25 18:48:43 info: [0mPOST /users/buy/6f7bc771c4c0c76b81d41bdb3726cac97b720166 [32m200[0m 88.105 ms - 57[0m
2023-03-25 18:49:06 info: =================================
2023-03-25 18:49:06 info: ======= ENV: development =======
2023-03-25 18:49:06 info: 🚀 App listening on the port 3000
2023-03-25 18:49:06 info: =================================
2023-03-25 18:49:16 info: [0mPOST /users/buy/6f7bc771c4c0c76b81d41bdb3726cac97b720166 [32m200[0m 70.184 ms - 57[0m
2023-03-25 18:49:29 info: =================================
2023-03-25 18:49:29 info: ======= ENV: development =======
2023-03-25 18:49:29 info: 🚀 App listening on the port 3000
2023-03-25 18:49:29 info: =================================
2023-03-25 18:49:32 info: [0mPOST /users/buy/6f7bc771c4c0c76b81d41bdb3726cac97b720166 [32m200[0m 80.706 ms - 57[0m
2023-03-25 18:51:04 info: =================================
2023-03-25 18:51:04 info: ======= ENV: development =======
2023-03-25 18:51:04 info: 🚀 App listening on the port 3000
2023-03-25 18:51:04 info: =================================
2023-03-25 18:51:27 info: =================================
2023-03-25 18:51:27 info: ======= ENV: development =======
2023-03-25 18:51:27 info: 🚀 App listening on the port 3000
2023-03-25 18:51:27 info: =================================
2023-03-25 18:51:29 info: [0mPOST /users/buy/6f7bc771c4c0c76b81d41bdb3726cac97b720166 [32m200[0m 70.981 ms - 57[0m
2023-03-25 18:52:52 info: =================================
2023-03-25 18:52:52 info: ======= ENV: development =======
2023-03-25 18:52:52 info: 🚀 App listening on the port 3000
2023-03-25 18:52:52 info: =================================
2023-03-25 18:52:59 info: =================================
2023-03-25 18:52:59 info: ======= ENV: development =======
2023-03-25 18:52:59 info: 🚀 App listening on the port 3000
2023-03-25 18:52:59 info: =================================
2023-03-25 18:53:02 info: [0mPOST /users/buy/6f7bc771c4c0c76b81d41bdb3726cac97b720166 [32m200[0m 88.592 ms - 57[0m
2023-03-25 18:53:23 info: =================================
2023-03-25 18:53:23 info: ======= ENV: development =======
2023-03-25 18:53:23 info: 🚀 App listening on the port 3000
2023-03-25 18:53:23 info: =================================
2023-03-25 18:53:27 info: [0mPOST /users/buy/6f7bc771c4c0c76b81d41bdb3726cac97b720166 [32m200[0m 73.256 ms - 57[0m
2023-03-25 18:54:03 info: =================================
2023-03-25 18:54:03 info: ======= ENV: development =======
2023-03-25 18:54:03 info: 🚀 App listening on the port 3000
2023-03-25 18:54:03 info: =================================
2023-03-25 18:54:09 info: =================================
2023-03-25 18:54:09 info: ======= ENV: development =======
2023-03-25 18:54:09 info: 🚀 App listening on the port 3000
2023-03-25 18:54:09 info: =================================
2023-03-25 18:54:12 info: [0mPOST /users/buy/6f7bc771c4c0c76b81d41bdb3726cac97b720166 [32m200[0m 81.293 ms - 57[0m
2023-03-25 18:55:23 info: =================================
2023-03-25 18:55:23 info: ======= ENV: development =======
2023-03-25 18:55:23 info: 🚀 App listening on the port 3000
2023-03-25 18:55:23 info: =================================
2023-03-25 18:55:27 info: [0mPOST /users/buy/6f7bc771c4c0c76b81d41bdb3726cac97b720166 [32m200[0m 70.314 ms - 57[0m
2023-03-25 18:56:16 info: =================================
2023-03-25 18:56:16 info: ======= ENV: development =======
2023-03-25 18:56:16 info: 🚀 App listening on the port 3000
2023-03-25 18:56:16 info: =================================
2023-03-25 18:56:27 info: =================================
2023-03-25 18:56:27 info: ======= ENV: development =======
2023-03-25 18:56:27 info: 🚀 App listening on the port 3000
2023-03-25 18:56:27 info: =================================
2023-03-25 18:56:30 info: [0mPOST /users/buy/6f7bc771c4c0c76b81d41bdb3726cac97b720166 [32m200[0m 79.300 ms - 57[0m
2023-03-25 18:56:57 info: =================================
2023-03-25 18:56:57 info: ======= ENV: development =======
2023-03-25 18:56:57 info: 🚀 App listening on the port 3000
2023-03-25 18:56:57 info: =================================
2023-03-25 18:57:19 info: =================================
2023-03-25 18:57:19 info: ======= ENV: development =======
2023-03-25 18:57:19 info: 🚀 App listening on the port 3000
2023-03-25 18:57:19 info: =================================
2023-03-25 18:57:22 info: [0mPOST /users/buy/6f7bc771c4c0c76b81d41bdb3726cac97b720166 [32m200[0m 78.751 ms - 57[0m
2023-03-25 18:58:01 info: =================================
2023-03-25 18:58:01 info: ======= ENV: development =======
2023-03-25 18:58:01 info: 🚀 App listening on the port 3000
2023-03-25 18:58:01 info: =================================
2023-03-25 18:58:04 info: [0mPOST /users/buy/6f7bc771c4c0c76b81d41bdb3726cac97b720166 [32m200[0m 116.433 ms - 57[0m
2023-03-25 21:14:47 info: =================================
2023-03-25 21:14:47 info: ======= ENV: development =======
2023-03-25 21:14:47 info: 🚀 App listening on the port 3000
2023-03-25 21:14:47 info: =================================
2023-03-25 21:14:51 info: [0mPOST /users/buy/6f7bc771c4c0c76b81d41bdb3726cac97b720166 [32m200[0m 701.855 ms - 57[0m
2023-03-25 21:16:28 info: =================================
2023-03-25 21:16:28 info: ======= ENV: development =======
2023-03-25 21:16:28 info: 🚀 App listening on the port 3000
2023-03-25 21:16:28 info: =================================
2023-03-25 21:16:32 info: [0mPOST /users/buy/6f7bc771c4c0c76b81d41bdb3726cac97b720166 [32m200[0m 558.892 ms - 57[0m
2023-03-25 21:16:57 info: =================================
2023-03-25 21:16:57 info: ======= ENV: development =======
2023-03-25 21:16:57 info: 🚀 App listening on the port 3000
2023-03-25 21:16:57 info: =================================
2023-03-25 21:17:01 info: [0mPOST /users/buy/6f7bc771c4c0c76b81d41bdb3726cac97b720166 [32m200[0m 116.267 ms - 57[0m
2023-03-25 21:17:42 info: =================================
2023-03-25 21:17:42 info: ======= ENV: development =======
2023-03-25 21:17:42 info: 🚀 App listening on the port 3000
2023-03-25 21:17:42 info: =================================
2023-03-25 21:17:47 info: [0mPOST /users/buy/6f7bc771c4c0c76b81d41bdb3726cac97b720166 [32m200[0m 573.739 ms - 57[0m
2023-03-25 21:18:19 info: =================================
2023-03-25 21:18:19 info: ======= ENV: development =======
2023-03-25 21:18:19 info: 🚀 App listening on the port 3000
2023-03-25 21:18:19 info: =================================
2023-03-25 21:18:30 info: =================================
2023-03-25 21:18:30 info: ======= ENV: development =======
2023-03-25 21:18:30 info: 🚀 App listening on the port 3000
2023-03-25 21:18:30 info: =================================
2023-03-25 21:18:34 info: [0mPOST /users/buy/6f7bc771c4c0c76b81d41bdb3726cac97b720166 [32m200[0m 574.604 ms - 57[0m
2023-03-25 21:20:17 info: =================================
2023-03-25 21:20:17 info: ======= ENV: development =======
2023-03-25 21:20:17 info: 🚀 App listening on the port 3000
2023-03-25 21:20:17 info: =================================
2023-03-25 21:20:32 info: [0mPOST /users/buy/6f7bc771c4c0c76b81d41bdb3726cac97b720166 [32m200[0m 566.579 ms - 57[0m
2023-03-25 21:21:02 info: =================================
2023-03-25 21:21:02 info: ======= ENV: development =======
2023-03-25 21:21:02 info: 🚀 App listening on the port 3000
2023-03-25 21:21:02 info: =================================
2023-03-25 21:21:18 info: =================================
2023-03-25 21:21:18 info: ======= ENV: development =======
2023-03-25 21:21:18 info: 🚀 App listening on the port 3000
2023-03-25 21:21:18 info: =================================
2023-03-25 21:21:21 info: [0mPOST /users/buy/6f7bc771c4c0c76b81d41bdb3726cac97b720166 [32m200[0m 620.208 ms - 57[0m
2023-03-25 21:23:36 info: =================================
2023-03-25 21:23:36 info: ======= ENV: development =======
2023-03-25 21:23:36 info: 🚀 App listening on the port 3000
2023-03-25 21:23:36 info: =================================
2023-03-25 21:23:44 info: [0mPOST /users/buy/6f7bc771c4c0c76b81d41bdb3726cac97b720166 [32m200[0m 759.791 ms - 57[0m
2023-03-25 21:24:20 info: =================================
2023-03-25 21:24:20 info: ======= ENV: development =======
2023-03-25 21:24:20 info: 🚀 App listening on the port 3000
2023-03-25 21:24:20 info: =================================
2023-03-25 21:48:37 info: =================================
2023-03-25 21:48:37 info: ======= ENV: development =======
2023-03-25 21:48:37 info: 🚀 App listening on the port 3000
2023-03-25 21:48:37 info: =================================
2023-03-25 21:48:43 info: [0mPOST /users/buy/6f7bc771c4c0c76b81d41bdb3726cac97b720166 [32m200[0m 857.443 ms - 57[0m
2023-03-25 21:53:09 info: =================================
2023-03-25 21:53:09 info: ======= ENV: development =======
2023-03-25 21:53:09 info: 🚀 App listening on the port 3000
2023-03-25 21:53:09 info: =================================
2023-03-25 21:53:13 info: [0mPOST /users/buy/6f7bc771c4c0c76b81d41bdb3726cac97b720166 [32m200[0m 89.925 ms - 57[0m
2023-03-25 21:57:07 info: =================================
2023-03-25 21:57:07 info: ======= ENV: development =======
2023-03-25 21:57:07 info: 🚀 App listening on the port 3000
2023-03-25 21:57:07 info: =================================
2023-03-25 21:57:13 info: [0mPOST /users/buy/6f7bc771c4c0c76b81d41bdb3726cac97b720166 [32m200[0m 665.802 ms - 57[0m
2023-03-25 21:59:48 info: =================================
2023-03-25 21:59:48 info: ======= ENV: development =======
2023-03-25 21:59:48 info: 🚀 App listening on the port 3000
2023-03-25 21:59:48 info: =================================
2023-03-25 22:00:23 info: =================================
2023-03-25 22:00:23 info: ======= ENV: development =======
2023-03-25 22:00:23 info: 🚀 App listening on the port 3000
2023-03-25 22:00:23 info: =================================
2023-03-25 22:00:25 info: [0mPOST /users/buy/6f7bc771c4c0c76b81d41bdb3726cac97b720166 [32m200[0m 710.558 ms - 57[0m
2023-03-25 22:02:15 info: =================================
2023-03-25 22:02:15 info: ======= ENV: development =======
2023-03-25 22:02:15 info: 🚀 App listening on the port 3000
2023-03-25 22:02:15 info: =================================
2023-03-25 22:02:18 info: [0mPOST /users/buy/6f7bc771c4c0c76b81d41bdb3726cac97b720166 [32m200[0m 608.827 ms - 57[0m
2023-03-25 22:03:00 info: =================================
2023-03-25 22:03:00 info: ======= ENV: development =======
2023-03-25 22:03:00 info: 🚀 App listening on the port 3000
2023-03-25 22:03:00 info: =================================
2023-03-25 22:03:04 info: [0mPOST /users/buy/6f7bc771c4c0c76b81d41bdb3726cac97b720166 [32m200[0m 567.404 ms - 57[0m
2023-03-25 22:03:28 info: =================================
2023-03-25 22:03:28 info: ======= ENV: development =======
2023-03-25 22:03:28 info: 🚀 App listening on the port 3000
2023-03-25 22:03:28 info: =================================
2023-03-25 22:03:36 info: [0mPOST /users/buy/6f7bc771c4c0c76b81d41bdb3726cac97b720166 [32m200[0m 623.937 ms - 57[0m
2023-03-25 22:03:43 info: [0mPOST /users/buy/6f7bc771c4c0c76b81d41bdb3726cac97b720166 [32m200[0m 10.214 ms - 57[0m
2023-03-25 22:03:53 info: [0mPOST /users/buy/6f7bc771c4c0c76b81d41bdb3726cac97b720166 [32m200[0m 32.920 ms - 57[0m
2023-03-25 22:04:38 info: =================================
2023-03-25 22:04:38 info: ======= ENV: development =======
2023-03-25 22:04:38 info: 🚀 App listening on the port 3000
2023-03-25 22:04:38 info: =================================
2023-03-25 22:04:41 info: [0mPOST /users/buy/6f7bc771c4c0c76b81d41bdb3726cac97b720166 [32m200[0m 221.612 ms - 57[0m
