2023-12-17 11:56:47 info: =================================
2023-12-17 11:56:47 info: ======= ENV: development =======
2023-12-17 11:56:47 info: 🚀 App listening on the port 8000
2023-12-17 11:56:47 info: =================================
2023-12-17 12:28:09 info: =================================
2023-12-17 12:28:09 info: ======= ENV: development =======
2023-12-17 12:28:09 info: 🚀 App listening on the port 8000
2023-12-17 12:28:09 info: =================================
2023-12-17 12:34:24 error: [GET] /users/cus_PBbQBKCT5KXiiH >> StatusCode:: 401, Message:: missing token
2023-12-17 12:34:24 info: [0mGET /users/cus_PBbQBKCT5KXiiH [33m401[0m 41.852 ms - 27[0m
2023-12-17 12:34:25 info: [0mPOST /refresh [32m200[0m 80.950 ms - 248[0m
2023-12-17 12:34:27 info: [0mGET /users/cus_PBbQBKCT5KXiiH [32m200[0m 1873.593 ms - 377[0m
2023-12-17 12:34:30 info: [0mGET /public/files/avatars/avatarcus_PBbQBKCT5KXiiH.jpeg [32m200[0m 11.594 ms - 63869[0m
2023-12-17 12:34:32 info: [0mGET /users/plans/cus_PBbQBKCT5KXiiH [32m200[0m 2222.511 ms - 214[0m
2023-12-17 12:34:32 info: [0mGET /albums/all-categories [32m201[0m 2169.823 ms - 114[0m
2023-12-17 12:34:32 info: [0mGET /albums/popular/cus_PBbQBKCT5KXiiH [32m201[0m 2607.779 ms - -[0m
2023-12-17 12:34:33 info: [0mGET /public/files/albums/postPicture-37072eed-ffa4-4732-901f-69ff0ebf31964283235459063127545jpg'4a7b30776d4b031071bc78bf6dc9f52192f93a9527122023.jpeg [32m200[0m 7.467 ms - 64166[0m
2023-12-17 12:34:34 info: [0mGET /public/files/albums/postPicture-68a722d5-48db-4c56-9094-875d4930d6a96403750345436467466jpg'd8afa6550240c203bb59a5ce94ef6847d3fa453f30122023.png [32m200[0m 9.261 ms - 63629[0m
2023-12-17 12:34:34 info: [0mGET /public/files/albums/postPicture-f5b606e7-ea02-4b6d-abff-29e591ecedaa8594422175717132219jpg'8cbf7d8afa6550240c203bb59a5ce94ef6847d3f05122023.jpeg [32m200[0m 11.563 ms - 63414[0m
2023-12-17 12:34:34 info: [0mGET /public/files/avatars/avatare1d640e916c8628de70bf8ec0bd97461577cc85a.jpeg [32m200[0m 2.351 ms - 63720[0m
2023-12-17 12:34:34 info: [0mGET /public/files/albums/postPicture-37072eed-ffa4-4732-901f-69ff0ebf31964283235459063127545jpg'7f004a7b30776d4b031071bc78bf6dc9f52192f919122023.jpeg [32m200[0m 2.960 ms - 64166[0m
2023-12-17 12:52:32 error: [GET] /users/cus_PBbQBKCT5KXiiH >> StatusCode:: 401, Message:: missing token
2023-12-17 12:52:32 info: [0mGET /users/cus_PBbQBKCT5KXiiH [33m401[0m 3.447 ms - 27[0m
2023-12-17 12:52:33 info: [0mPOST /refresh [32m200[0m 2.423 ms - 248[0m
2023-12-17 12:52:36 info: [0mGET /users/cus_PBbQBKCT5KXiiH [32m200[0m 1782.232 ms - 377[0m
2023-12-17 12:52:39 info: [0mGET /users/plans/cus_PBbQBKCT5KXiiH [32m200[0m 1808.076 ms - 214[0m
2023-12-17 12:52:40 info: [0mGET /albums/all-categories [32m201[0m 1753.961 ms - 114[0m
2023-12-17 12:59:52 error: [GET] /users/8c0301acd2507f0955d9b3a0d5167fc1aabe43ac >> StatusCode:: 401, Message:: missing token
2023-12-17 12:59:52 info: [0mGET /users/8c0301acd2507f0955d9b3a0d5167fc1aabe43ac [33m401[0m 3.689 ms - 27[0m
2023-12-17 12:59:52 info: [0mPOST /refresh [32m200[0m 3.081 ms - 277[0m
2023-12-17 12:59:53 error: [GET] /users/8c0301acd2507f0955d9b3a0d5167fc1aabe43ac >> StatusCode:: 400, Message:: Wrong authentication token
2023-12-17 12:59:53 info: [0mGET /users/8c0301acd2507f0955d9b3a0d5167fc1aabe43ac [33m400[0m 837.207 ms - 40[0m
2023-12-17 13:01:45 error: [GET] /users/8c0301acd2507f0955d9b3a0d5167fc1aabe43ac >> StatusCode:: 401, Message:: missing token
2023-12-17 13:01:45 info: [0mGET /users/8c0301acd2507f0955d9b3a0d5167fc1aabe43ac [33m401[0m 4.345 ms - 27[0m
2023-12-17 13:01:46 info: [0mPOST /refresh [32m200[0m 1.595 ms - 276[0m
2023-12-17 13:01:47 error: [GET] /users/8c0301acd2507f0955d9b3a0d5167fc1aabe43ac >> StatusCode:: 400, Message:: Wrong authentication token
2023-12-17 13:01:47 info: [0mGET /users/8c0301acd2507f0955d9b3a0d5167fc1aabe43ac [33m400[0m 912.856 ms - 40[0m
2023-12-17 13:22:35 error: [GET] /users/cus_PBbQBKCT5KXiiH >> StatusCode:: 401, Message:: missing token
2023-12-17 13:22:35 info: [0mGET /users/cus_PBbQBKCT5KXiiH [33m401[0m 9.166 ms - 27[0m
2023-12-17 13:22:35 info: [0mPOST /refresh [32m200[0m 6.128 ms - 248[0m
2023-12-17 13:22:38 info: [0mGET /users/cus_PBbQBKCT5KXiiH [32m200[0m 1596.198 ms - 377[0m
2023-12-17 13:22:42 info: [0mGET /users/plans/cus_PBbQBKCT5KXiiH [32m200[0m 1779.179 ms - 214[0m
2023-12-17 13:22:43 info: [0mGET /albums/all-categories [32m201[0m 2478.895 ms - 114[0m
2023-12-17 13:22:44 info: [0mGET /albums/popular/cus_PBbQBKCT5KXiiH [32m201[0m 4150.284 ms - -[0m
2023-12-17 13:22:46 info: [0mGET /albums/cus_PBbQBKCT5KXiiH [32m201[0m 5526.726 ms - -[0m
2023-12-17 13:22:47 info: [0mGET /public/files/albums/postPicture-f5b606e7-ea02-4b6d-abff-29e591ecedaa8594422175717132219jpg'b2cb830fcd753b660667ff950cd132a686781f6d46122023.jpeg [32m200[0m 8.690 ms - 63414[0m
2023-12-17 13:22:48 info: [0mGET /public/files/albums/postPictureb25e375f3a97b3467961505186a4241e2a6bbefb22122023.jpeg [33m404[0m 5.840 ms - 223[0m
2023-12-17 13:22:48 info: [0mGET /public/files/albums/postPicturef50e15909b11505cfe5bd9b6bef9ae840078e47327122023.png [33m404[0m 6.099 ms - 222[0m
2023-12-17 13:22:48 info: [0mGET /public/files/albums/postPicture9b11505cfe5bd9b6bef9ae840078e4734144b5d914122023.png [33m404[0m 6.218 ms - 222[0m
2023-12-17 13:22:49 info: [0mGET /public/files/albums/postPicture5d2f8cd3f6f50e15909b11505cfe5bd9b6bef9ae42122023.png [33m404[0m 1.094 ms - 222[0m
2023-12-17 13:22:49 info: [0mGET /public/files/albums/postPicture-1d039e14-9252-47d6-8d39-92f625d46f435867363189936475864jpg'0776d4b031071bc78bf6dc9f52192f93a957ba5247122023.jpeg [32m200[0m 2.099 ms - 63869[0m
2023-12-17 13:22:50 info: [0mGET /public/files/albums/postPicture3d30f9e2249b636e6a6d423149a491b02cfb8e3927122023.png [33m404[0m 1.639 ms - 222[0m
2023-12-17 13:22:50 info: [0mGET /public/files/albums/postPicture-27d6b646-950f-4783-a244-a5d24771130b8314993466251131527jpg'f526f886bf9c48e7074b216f58f32573b03d539914122023.jpeg [32m200[0m 4.137 ms - 64254[0m
2023-12-17 13:22:51 info: [0mGET /public/files/albums/postPictureffe7acebe0fd2c1bb9e191df6d10863a0675575746122023.octet-stream [33m404[0m 0.807 ms - 231[0m
2023-12-17 13:22:51 info: [0mGET /public/files/albums/postPicture0fd2c1bb9e191df6d10863a06755757a97f6c1bf31122023.octet-stream [33m404[0m 1.492 ms - 231[0m
2023-12-17 13:22:51 info: [0mGET /public/files/albums/postPicture5f539a43c377472363dbdd37af8a523e7b124a8022122023.png [33m404[0m 1.739 ms - 222[0m
2023-12-17 13:22:52 info: [0mGET /public/files/albums/postPicturebc134f12720fc7feb9b82da20c66021635b3d5ec16122023.octet-stream [33m404[0m 0.674 ms - 231[0m
2023-12-17 13:23:47 info: [0mGET /public/files/albums/postPicture-845deff6-be96-43f5-b109-af54ffe139ae4617808164101427779jpg'4a7b30776d4b031071bc78bf6dc9f52192f93a9527122023.jpeg [32m200[0m 6.966 ms - 64510[0m
2023-12-17 13:23:48 info: [0mGET /public/files/albums/postPictureb25e375f3a97b3467961505186a4241e2a6bbefb22122023.jpeg [33m404[0m 0.633 ms - 223[0m
2023-12-17 13:23:48 info: [0mGET /public/files/albums/postPicture9b11505cfe5bd9b6bef9ae840078e4734144b5d914122023.png [33m404[0m 0.981 ms - 222[0m
2023-12-17 13:23:49 info: [0mGET /public/files/albums/postPicture0fd2c1bb9e191df6d10863a06755757a97f6c1bf31122023.octet-stream [33m404[0m 0.766 ms - 231[0m
2023-12-17 13:23:49 info: [0mGET /public/files/albums/postPicturebc134f12720fc7feb9b82da20c66021635b3d5ec16122023.octet-stream [33m404[0m 9.023 ms - 231[0m
2023-12-17 13:23:49 info: [0mGET /public/files/albums/postPicturef50e15909b11505cfe5bd9b6bef9ae840078e47327122023.png [33m404[0m 3.262 ms - 222[0m
2023-12-17 13:23:49 info: [0mGET /public/files/albums/postPicture3d30f9e2249b636e6a6d423149a491b02cfb8e3927122023.png [33m404[0m 3.557 ms - 222[0m
2023-12-17 13:23:49 info: [0mGET /public/files/albums/postPicture505cfe5bd9b6bef9ae840078e4734144b5d9dd6e43122023.png [33m404[0m 3.126 ms - 222[0m
2023-12-17 13:23:49 info: [0mGET /public/files/albums/postPicture-67cacd40-f40d-4408-b887-a888d25b2ab6327830558753184262jpg'9b12bf526f886bf9c48e7074b216f58f32573b0349122023.jpeg [32m200[0m 4.983 ms - 63629[0m
2023-12-17 13:23:50 info: [0mGET /public/files/albums/postPicture-1d039e14-9252-47d6-8d39-92f625d46f435867363189936475864jpg'4a7b30776d4b031071bc78bf6dc9f52192f93a9527122023.jpeg [32m200[0m 1.859 ms - 63869[0m
2023-12-17 13:23:50 info: [0mGET /public/files/albums/postPicture-27d6b646-950f-4783-a244-a5d24771130b8314993466251131527jpg'956db2cb830fcd753b660667ff950cd132a6867812122023.jpeg [32m200[0m 1.766 ms - 64254[0m
2023-12-17 13:23:51 info: [0mGET /public/files/albums/postPictureffe7acebe0fd2c1bb9e191df6d10863a0675575746122023.octet-stream [33m404[0m 0.541 ms - 231[0m
2023-12-17 13:23:56 error: [POST] /users/buy/cus_PBbQBKCT5KXiiH >> StatusCode:: 401, Message:: missing token
2023-12-17 13:23:56 info: [0mPOST /users/buy/cus_PBbQBKCT5KXiiH [33m401[0m 4.356 ms - 27[0m
2023-12-17 13:23:56 info: [0mPOST /refresh [32m200[0m 2.156 ms - 248[0m
2023-12-17 13:24:03 info: [0mPOST /users/buy/cus_PBbQBKCT5KXiiH [32m200[0m 5928.997 ms - 369[0m
2023-12-17 13:24:14 info: [0mGET /users/plans/e1d640e916c8628de70bf8ec0bd97461577cc85a [32m200[0m 2032.594 ms - 223[0m
2023-12-17 13:24:18 info: [0mGET /public/files/albums/postPictureb25e375f3a97b3467961505186a4241e2a6bbefb22122023.jpeg [33m404[0m 0.566 ms - 223[0m
2023-12-17 13:24:18 info: [0mGET /public/files/albums/postPicture9b11505cfe5bd9b6bef9ae840078e4734144b5d914122023.png [33m404[0m 0.731 ms - 222[0m
2023-12-17 13:24:18 info: [0mGET /public/files/albums/postPictureffe7acebe0fd2c1bb9e191df6d10863a0675575746122023.octet-stream [33m404[0m 1.234 ms - 231[0m
2023-12-17 13:24:18 info: [0mGET /public/files/albums/postPicture5d2f8cd3f6f50e15909b11505cfe5bd9b6bef9ae42122023.png [33m404[0m 1.475 ms - 222[0m
2023-12-17 13:24:18 info: [0mGET /public/files/albums/postPictureab1ea683903e4ee8f09207748b58848b796d30b002122023.octet-stream [33m404[0m 0.524 ms - 231[0m
2023-12-17 13:24:19 info: [0mGET /public/files/albums/postPicture3d30f9e2249b636e6a6d423149a491b02cfb8e3927122023.png [33m404[0m 0.937 ms - 222[0m
2023-12-17 13:24:19 info: [0mGET /public/files/albums/postPicture5f539a43c377472363dbdd37af8a523e7b124a8022122023.png [33m404[0m 1.298 ms - 222[0m
2023-12-17 13:24:19 info: [0mGET /public/files/albums/postPicture505cfe5bd9b6bef9ae840078e4734144b5d9dd6e43122023.png [33m404[0m 0.456 ms - 222[0m
2023-12-17 13:24:19 info: [0mGET /public/files/albums/postPicture0fd2c1bb9e191df6d10863a06755757a97f6c1bf31122023.octet-stream [33m404[0m 0.752 ms - 231[0m
2023-12-17 13:24:19 info: [0mGET /public/files/albums/postPicturef50e15909b11505cfe5bd9b6bef9ae840078e47327122023.png [33m404[0m 0.512 ms - 222[0m
2023-12-17 13:24:20 info: [0mGET /public/files/albums/postPicturebc134f12720fc7feb9b82da20c66021635b3d5ec16122023.octet-stream [33m404[0m 0.502 ms - 231[0m
2023-12-17 13:24:33 info: [0mGET /wallet/cus_PBbQBKCT5KXiiH [32m201[0m 1887.782 ms - 27[0m
2023-12-17 13:24:39 info: [0mGET /notifications/cus_PBbQBKCT5KXiiH [32m201[0m 1269.180 ms - 2[0m
2023-12-17 13:24:41 info: [0mGET /public/files/albums/postPicture505cfe5bd9b6bef9ae840078e4734144b5d9dd6e43122023.png [33m404[0m 0.655 ms - 222[0m
2023-12-17 13:24:41 info: [0mGET /public/files/albums/postPicturef50e15909b11505cfe5bd9b6bef9ae840078e47327122023.png [33m404[0m 1.361 ms - 222[0m
2023-12-17 13:24:41 info: [0mGET /public/files/albums/postPictureffe7acebe0fd2c1bb9e191df6d10863a0675575746122023.octet-stream [33m404[0m 2.473 ms - 231[0m
2023-12-17 13:24:42 info: [0mGET /public/files/albums/postPicture5f539a43c377472363dbdd37af8a523e7b124a8022122023.png [33m404[0m 0.945 ms - 222[0m
2023-12-17 13:24:42 info: [0mGET /public/files/albums/postPicture5d2f8cd3f6f50e15909b11505cfe5bd9b6bef9ae42122023.png [33m404[0m 2.018 ms - 222[0m
2023-12-17 13:24:42 info: [0mGET /public/files/albums/postPicturebc134f12720fc7feb9b82da20c66021635b3d5ec16122023.octet-stream [33m404[0m 2.253 ms - 231[0m
2023-12-17 13:24:42 info: [0mGET /public/files/albums/postPicture3d30f9e2249b636e6a6d423149a491b02cfb8e3927122023.png [33m404[0m 2.471 ms - 222[0m
2023-12-17 13:24:42 info: [0mGET /public/files/albums/postPictureab1ea683903e4ee8f09207748b58848b796d30b002122023.octet-stream [33m404[0m 3.766 ms - 231[0m
2023-12-17 13:24:42 info: [0mGET /public/files/albums/postPicture9b11505cfe5bd9b6bef9ae840078e4734144b5d914122023.png [33m404[0m 4.329 ms - 222[0m
2023-12-17 13:24:42 info: [0mGET /public/files/albums/postPictureb25e375f3a97b3467961505186a4241e2a6bbefb22122023.jpeg [33m404[0m 4.930 ms - 223[0m
2023-12-17 13:24:43 info: [0mGET /public/files/albums/postPicture0fd2c1bb9e191df6d10863a06755757a97f6c1bf31122023.octet-stream [33m404[0m 0.482 ms - 231[0m
2023-12-17 13:26:26 info: [0mGET /public/files/albums/postPicture5d2f8cd3f6f50e15909b11505cfe5bd9b6bef9ae42122023.png [33m404[0m 1.120 ms - 222[0m
2023-12-17 13:26:26 info: [0mGET /public/files/albums/postPicture5f539a43c377472363dbdd37af8a523e7b124a8022122023.png [33m404[0m 1.491 ms - 222[0m
2023-12-17 13:26:26 info: [0mGET /public/files/albums/postPicture9b11505cfe5bd9b6bef9ae840078e4734144b5d914122023.png [33m404[0m 1.216 ms - 222[0m
2023-12-17 13:26:26 info: [0mGET /public/files/albums/postPicturef50e15909b11505cfe5bd9b6bef9ae840078e47327122023.png [33m404[0m 1.589 ms - 222[0m
2023-12-17 13:26:27 info: [0mGET /public/files/albums/postPicture3d30f9e2249b636e6a6d423149a491b02cfb8e3927122023.png [33m404[0m 3.310 ms - 222[0m
2023-12-17 13:26:27 info: [0mGET /public/files/albums/postPicture505cfe5bd9b6bef9ae840078e4734144b5d9dd6e43122023.png [33m404[0m 3.238 ms - 222[0m
2023-12-17 13:26:27 info: [0mGET /public/files/albums/postPicturebc134f12720fc7feb9b82da20c66021635b3d5ec16122023.octet-stream [33m404[0m 3.587 ms - 231[0m
2023-12-17 13:26:27 info: [0mGET /public/files/albums/postPictureb25e375f3a97b3467961505186a4241e2a6bbefb22122023.jpeg [33m404[0m 4.007 ms - 223[0m
2023-12-17 13:26:27 info: [0mGET /public/files/albums/postPicture0fd2c1bb9e191df6d10863a06755757a97f6c1bf31122023.octet-stream [33m404[0m 4.089 ms - 231[0m
2023-12-17 13:26:27 info: [0mGET /public/files/albums/postPictureffe7acebe0fd2c1bb9e191df6d10863a0675575746122023.octet-stream [33m404[0m 0.664 ms - 231[0m
2023-12-17 13:26:36 info: [0mGET /public/files/albums/postPicture5f539a43c377472363dbdd37af8a523e7b124a8022122023.png [33m404[0m 2.576 ms - 222[0m
2023-12-17 13:26:36 info: [0mGET /public/files/albums/postPicture9b11505cfe5bd9b6bef9ae840078e4734144b5d914122023.png [33m404[0m 2.087 ms - 222[0m
2023-12-17 13:26:36 info: [0mGET /public/files/albums/postPicture0fd2c1bb9e191df6d10863a06755757a97f6c1bf31122023.octet-stream [33m404[0m 2.405 ms - 231[0m
2023-12-17 13:26:36 info: [0mGET /public/files/albums/postPictureb25e375f3a97b3467961505186a4241e2a6bbefb22122023.jpeg [33m404[0m 1.925 ms - 223[0m
2023-12-17 13:26:37 info: [0mGET /public/files/albums/postPicturebc134f12720fc7feb9b82da20c66021635b3d5ec16122023.octet-stream [33m404[0m 0.890 ms - 231[0m
2023-12-17 13:26:37 info: [0mGET /public/files/albums/postPicture505cfe5bd9b6bef9ae840078e4734144b5d9dd6e43122023.png [33m404[0m 0.487 ms - 222[0m
2023-12-17 13:26:37 info: [0mGET /public/files/albums/postPicture5d2f8cd3f6f50e15909b11505cfe5bd9b6bef9ae42122023.png [33m404[0m 0.587 ms - 222[0m
2023-12-17 13:26:37 info: [0mGET /public/files/albums/postPictureab1ea683903e4ee8f09207748b58848b796d30b002122023.octet-stream [33m404[0m 0.769 ms - 231[0m
2023-12-17 13:26:37 info: [0mGET /public/files/albums/postPicture3d30f9e2249b636e6a6d423149a491b02cfb8e3927122023.png [33m404[0m 1.233 ms - 222[0m
2023-12-17 13:26:37 info: [0mGET /public/files/albums/postPictureffe7acebe0fd2c1bb9e191df6d10863a0675575746122023.octet-stream [33m404[0m 0.697 ms - 231[0m
2023-12-17 13:28:42 info: [0mGET /public/files/albums/postPicture5d2f8cd3f6f50e15909b11505cfe5bd9b6bef9ae42122023.png [33m404[0m 1.207 ms - 222[0m
2023-12-17 13:28:42 info: [0mGET /public/files/albums/postPicturef50e15909b11505cfe5bd9b6bef9ae840078e47327122023.png [33m404[0m 1.394 ms - 222[0m
2023-12-17 13:28:43 info: [0mGET /public/files/albums/postPictureb25e375f3a97b3467961505186a4241e2a6bbefb22122023.jpeg [33m404[0m 3.472 ms - 223[0m
2023-12-17 13:28:43 info: [0mGET /public/files/albums/postPictureffe7acebe0fd2c1bb9e191df6d10863a0675575746122023.octet-stream [33m404[0m 5.022 ms - 231[0m
2023-12-17 13:28:43 info: [0mGET /public/files/albums/postPicture5f539a43c377472363dbdd37af8a523e7b124a8022122023.png [33m404[0m 4.560 ms - 222[0m
2023-12-17 13:28:43 info: [0mGET /public/files/albums/postPicture505cfe5bd9b6bef9ae840078e4734144b5d9dd6e43122023.png [33m404[0m 4.953 ms - 222[0m
2023-12-17 13:28:43 info: [0mGET /public/files/albums/postPicture3d30f9e2249b636e6a6d423149a491b02cfb8e3927122023.png [33m404[0m 3.958 ms - 222[0m
2023-12-17 13:28:43 info: [0mGET /public/files/albums/postPicture0fd2c1bb9e191df6d10863a06755757a97f6c1bf31122023.octet-stream [33m404[0m 4.232 ms - 231[0m
2023-12-17 13:28:43 info: [0mGET /public/files/albums/postPicture9b11505cfe5bd9b6bef9ae840078e4734144b5d914122023.png [33m404[0m 4.498 ms - 222[0m
2023-12-17 13:28:43 info: [0mGET /public/files/albums/postPicturebc134f12720fc7feb9b82da20c66021635b3d5ec16122023.octet-stream [33m404[0m 1.158 ms - 231[0m
2023-12-17 13:28:44 info: [0mGET /public/files/albums/postPictureab1ea683903e4ee8f09207748b58848b796d30b002122023.octet-stream [33m404[0m 0.502 ms - 231[0m
2023-12-17 13:29:53 info: [0mPOST /login [32m200[0m 2430.968 ms - 629[0m
2023-12-17 13:29:56 info: [0mGET /public/files/avatars/avatarcus_PBbQBKCT5KXiiH.jpeg [32m200[0m 3.248 ms - 63869[0m
2023-12-17 13:29:57 info: [0mGET /users/plans/cus_PBbQBKCT5KXiiH [32m200[0m 2225.663 ms - 214[0m
2023-12-17 13:29:58 info: [0mGET /albums/all-categories [32m201[0m 2561.042 ms - 114[0m
2023-12-17 13:29:59 info: [0mGET /albums/popular/cus_PBbQBKCT5KXiiH [32m201[0m 3034.404 ms - -[0m
2023-12-17 13:29:59 info: [0mGET /public/files/albums/postPicture-37072eed-ffa4-4732-901f-69ff0ebf31964283235459063127545jpg'4a7b30776d4b031071bc78bf6dc9f52192f93a9527122023.jpeg [32m200[0m 8.178 ms - 64166[0m
2023-12-17 13:30:00 info: [0mGET /public/files/albums/postPicture-37072eed-ffa4-4732-901f-69ff0ebf31964283235459063127545jpg'7f004a7b30776d4b031071bc78bf6dc9f52192f919122023.jpeg [32m200[0m 6.685 ms - 64166[0m
2023-12-17 13:30:00 info: [0mGET /public/files/albums/postPicture-f5b606e7-ea02-4b6d-abff-29e591ecedaa8594422175717132219jpg'8cbf7d8afa6550240c203bb59a5ce94ef6847d3f05122023.jpeg [32m200[0m 1.672 ms - 63414[0m
2023-12-17 13:30:01 info: [0mGET /public/files/albums/postPicture-68a722d5-48db-4c56-9094-875d4930d6a96403750345436467466jpg'd8afa6550240c203bb59a5ce94ef6847d3fa453f30122023.png [32m200[0m 1.308 ms - 63629[0m
2023-12-17 13:30:02 info: [0mGET /public/files/avatars/avatare1d640e916c8628de70bf8ec0bd97461577cc85a.jpeg [32m200[0m 2.052 ms - 63720[0m
2023-12-17 13:30:17 info: [0mGET /public/files/albums/postPicture-1d039e14-9252-47d6-8d39-92f625d46f435867363189936475864jpg'4a7b30776d4b031071bc78bf6dc9f52192f93a9527122023.jpeg [32m200[0m 6.897 ms - 63869[0m
2023-12-17 13:30:17 info: [0mGET /public/files/albums/postPicture-845deff6-be96-43f5-b109-af54ffe139ae4617808164101427779jpg'4a7b30776d4b031071bc78bf6dc9f52192f93a9527122023.jpeg [32m200[0m 1.242 ms - 64510[0m
2023-12-17 13:30:48 info: [0mGET /users/cus_PBbQBKCT5KXiiH [32m200[0m 1535.954 ms - 377[0m
2023-12-17 13:30:53 info: [0mGET /albums/all-categories [32m201[0m 1904.177 ms - 114[0m
2023-12-17 13:30:53 info: [0mGET /albums/cus_PBbQBKCT5KXiiH [32m201[0m 2324.646 ms - -[0m
2023-12-17 13:30:54 info: [0mGET /users/plans/cus_PBbQBKCT5KXiiH [32m200[0m 2105.446 ms - 214[0m
2023-12-17 13:30:54 info: [0mGET /albums/popular/cus_PBbQBKCT5KXiiH [32m201[0m 2193.198 ms - -[0m
2023-12-17 13:31:02 info: [0mGET /public/files/albums/postPicture-27d6b646-950f-4783-a244-a5d24771130b8314993466251131527jpg'f526f886bf9c48e7074b216f58f32573b03d539914122023.jpeg [32m200[0m 6.330 ms - 64254[0m
2023-12-17 13:31:02 info: [0mGET /public/files/albums/postPicture9b11505cfe5bd9b6bef9ae840078e4734144b5d914122023.png [33m404[0m 0.584 ms - 222[0m
2023-12-17 13:31:03 info: [0mGET /public/files/albums/postPicture-67cacd40-f40d-4408-b887-a888d25b2ab6327830558753184262jpg'9b12bf526f886bf9c48e7074b216f58f32573b0349122023.jpeg [32m200[0m 6.604 ms - 63629[0m
2023-12-17 13:31:03 info: [0mGET /public/files/albums/postPicture-1d039e14-9252-47d6-8d39-92f625d46f435867363189936475864jpg'0776d4b031071bc78bf6dc9f52192f93a957ba5247122023.jpeg [32m200[0m 7.294 ms - 63869[0m
2023-12-17 13:31:03 info: [0mGET /public/files/albums/postPicture-27d6b646-950f-4783-a244-a5d24771130b8314993466251131527jpg'956db2cb830fcd753b660667ff950cd132a6867812122023.jpeg [32m200[0m 2.281 ms - 64254[0m
2023-12-17 13:31:03 info: [0mGET /public/files/albums/postPicture-f5b606e7-ea02-4b6d-abff-29e591ecedaa8594422175717132219jpg'b2cb830fcd753b660667ff950cd132a686781f6d46122023.jpeg [32m200[0m 2.543 ms - 63414[0m
2023-12-17 13:31:04 info: [0mGET /public/files/albums/WhatsApp%20Image%202023-09-23%20at%201957.21.jpeg0e916c8628de70bf8ec0bd97461577cc85aa578627122023.jpeg [33m404[0m 0.484 ms - 261[0m
2023-12-17 13:31:04 info: [0mGET /public/files/albums/postPictureb25e375f3a97b3467961505186a4241e2a6bbefb22122023.jpeg [33m404[0m 0.450 ms - 223[0m
2023-12-17 13:31:04 info: [0mGET /public/files/albums/postPicture505cfe5bd9b6bef9ae840078e4734144b5d9dd6e43122023.png [33m404[0m 0.460 ms - 222[0m
2023-12-17 13:31:04 info: [0mGET /public/files/albums/postPicture3d30f9e2249b636e6a6d423149a491b02cfb8e3927122023.png [33m404[0m 1.202 ms - 222[0m
2023-12-17 13:31:04 info: [0mGET /public/files/albums/postPicturef50e15909b11505cfe5bd9b6bef9ae840078e47327122023.png [33m404[0m 1.024 ms - 222[0m
2023-12-17 13:31:05 info: [0mGET /public/files/albums/postPicture5d2f8cd3f6f50e15909b11505cfe5bd9b6bef9ae42122023.png [33m404[0m 0.511 ms - 222[0m
2023-12-17 13:31:05 info: [0mGET /public/files/albums/postPicture5f539a43c377472363dbdd37af8a523e7b124a8022122023.png [33m404[0m 0.509 ms - 222[0m
2023-12-17 13:31:07 info: [0mGET /public/files/albums/postPictureffe7acebe0fd2c1bb9e191df6d10863a0675575746122023.octet-stream [33m404[0m 0.746 ms - 231[0m
2023-12-17 13:31:07 info: [0mGET /public/files/albums/postPicture0fd2c1bb9e191df6d10863a06755757a97f6c1bf31122023.octet-stream [33m404[0m 0.552 ms - 231[0m
2023-12-17 13:31:07 info: [0mGET /public/files/albums/postPictureab1ea683903e4ee8f09207748b58848b796d30b002122023.octet-stream [33m404[0m 0.643 ms - 231[0m
2023-12-17 13:31:08 info: [0mGET /public/files/albums/postPicturebc134f12720fc7feb9b82da20c66021635b3d5ec16122023.octet-stream [33m404[0m 0.450 ms - 231[0m
2023-12-17 13:31:15 info: [0mGET /public/files/albums/postPicturef50e15909b11505cfe5bd9b6bef9ae840078e47327122023.png [33m404[0m 1.665 ms - 222[0m
2023-12-17 13:31:15 info: [0mGET /public/files/albums/postPicture-37072eed-ffa4-4732-901f-69ff0ebf31964283235459063127545jpg'0776d4b031071bc78bf6dc9f52192f93a957ba5247122023.jpeg [32m200[0m 3.930 ms - 64166[0m
2023-12-17 13:31:15 info: [0mGET /public/files/albums/postPicture-845deff6-be96-43f5-b109-af54ffe139ae4617808164101427779jpg'0776d4b031071bc78bf6dc9f52192f93a957ba5247122023.jpeg [32m200[0m 3.915 ms - 64510[0m
2023-12-17 13:31:16 info: [0mGET /public/files/albums/postPictureffe7acebe0fd2c1bb9e191df6d10863a0675575746122023.octet-stream [33m404[0m 1.204 ms - 231[0m
2023-12-17 13:31:16 info: [0mGET /public/files/albums/postPicture0fd2c1bb9e191df6d10863a06755757a97f6c1bf31122023.octet-stream [33m404[0m 1.394 ms - 231[0m
2023-12-17 13:31:16 info: [0mGET /public/files/albums/postPicture5f539a43c377472363dbdd37af8a523e7b124a8022122023.png [33m404[0m 0.491 ms - 222[0m
2023-12-17 13:31:16 info: [0mGET /public/files/albums/postPicture5d2f8cd3f6f50e15909b11505cfe5bd9b6bef9ae42122023.png [33m404[0m 0.513 ms - 222[0m
2023-12-17 13:31:17 info: [0mGET /public/files/albums/postPictureb25e375f3a97b3467961505186a4241e2a6bbefb22122023.jpeg [33m404[0m 2.816 ms - 223[0m
2023-12-17 13:31:17 info: [0mGET /public/files/albums/postPicture9b11505cfe5bd9b6bef9ae840078e4734144b5d914122023.png [33m404[0m 1.837 ms - 222[0m
2023-12-17 13:31:17 info: [0mGET /public/files/albums/postPicturebc134f12720fc7feb9b82da20c66021635b3d5ec16122023.octet-stream [33m404[0m 0.683 ms - 231[0m
2023-12-17 13:31:29 error: [GET] /users/plans/e1d640e916c8628de70bf8ec0bd97461577cc85a >> StatusCode:: 401, Message:: missing token
2023-12-17 13:31:29 info: [0mGET /users/plans/e1d640e916c8628de70bf8ec0bd97461577cc85a [33m401[0m 2.353 ms - 27[0m
2023-12-17 13:31:30 info: [0mPOST /refresh [32m200[0m 30.972 ms - 248[0m
2023-12-17 13:31:32 info: [0mGET /users/plans/e1d640e916c8628de70bf8ec0bd97461577cc85a [32m200[0m 1608.860 ms - 223[0m
2023-12-17 13:31:40 info: [0mPOST /users/buy/cus_PBbQBKCT5KXiiH [32m200[0m 3778.863 ms - 369[0m
2023-12-17 13:32:06 info: [0mGET /public/files/albums/postPicturef50e15909b11505cfe5bd9b6bef9ae840078e47327122023.png [33m404[0m 8.187 ms - 222[0m
2023-12-17 13:32:06 info: [0mGET /public/files/albums/postPicture3d30f9e2249b636e6a6d423149a491b02cfb8e3927122023.png [33m404[0m 8.422 ms - 222[0m
2023-12-17 13:32:06 info: [0mGET /public/files/albums/postPicture0fd2c1bb9e191df6d10863a06755757a97f6c1bf31122023.octet-stream [33m404[0m 0.619 ms - 231[0m
2023-12-17 13:32:06 info: [0mGET /public/files/albums/postPicture9b11505cfe5bd9b6bef9ae840078e4734144b5d914122023.png [33m404[0m 0.699 ms - 222[0m
2023-12-17 13:32:06 info: [0mGET /public/files/albums/postPictureab1ea683903e4ee8f09207748b58848b796d30b002122023.octet-stream [33m404[0m 1.060 ms - 231[0m
2023-12-17 13:32:06 info: [0mGET /public/files/albums/postPictureb25e375f3a97b3467961505186a4241e2a6bbefb22122023.jpeg [33m404[0m 0.546 ms - 223[0m
2023-12-17 13:32:06 info: [0mGET /public/files/albums/postPictureffe7acebe0fd2c1bb9e191df6d10863a0675575746122023.octet-stream [33m404[0m 3.105 ms - 231[0m
2023-12-17 13:32:06 info: [0mGET /public/files/albums/postPicture5f539a43c377472363dbdd37af8a523e7b124a8022122023.png [33m404[0m 2.887 ms - 222[0m
2023-12-17 13:32:06 info: [0mGET /public/files/albums/postPicture5d2f8cd3f6f50e15909b11505cfe5bd9b6bef9ae42122023.png [33m404[0m 3.167 ms - 222[0m
2023-12-17 13:32:06 info: [0mGET /public/files/albums/postPicturebc134f12720fc7feb9b82da20c66021635b3d5ec16122023.octet-stream [33m404[0m 3.590 ms - 231[0m
2023-12-17 13:32:07 info: [0mGET /public/files/albums/postPicture505cfe5bd9b6bef9ae840078e4734144b5d9dd6e43122023.png [33m404[0m 0.673 ms - 222[0m
2023-12-17 13:42:50 error: [GET] /users/cus_PBbQBKCT5KXiiH >> StatusCode:: 401, Message:: missing token
2023-12-17 13:42:50 info: [0mGET /users/cus_PBbQBKCT5KXiiH [33m401[0m 3.510 ms - 27[0m
2023-12-17 13:42:51 info: [0mPOST /refresh [32m200[0m 1.740 ms - 248[0m
2023-12-17 13:42:53 info: [0mGET /users/cus_PBbQBKCT5KXiiH [32m200[0m 1781.258 ms - 377[0m
2023-12-17 13:43:16 info: [0mGET /albums/all-categories [32m201[0m 2065.396 ms - 114[0m
2023-12-17 13:43:16 info: [0mGET /albums/popular/cus_PBbQBKCT5KXiiH [32m201[0m 2307.614 ms - -[0m
2023-12-17 13:43:17 info: [0mGET /users/plans/cus_PBbQBKCT5KXiiH [32m200[0m 2839.291 ms - 214[0m
2023-12-17 13:43:17 info: [0mGET /albums/cus_PBbQBKCT5KXiiH [32m201[0m 3232.825 ms - -[0m
2023-12-17 13:43:21 info: [0mGET /public/files/albums/postPicture505cfe5bd9b6bef9ae840078e4734144b5d9dd6e43122023.png [33m404[0m 1.208 ms - 222[0m
2023-12-17 13:43:21 info: [0mGET /public/files/albums/postPictureb25e375f3a97b3467961505186a4241e2a6bbefb22122023.jpeg [33m404[0m 1.448 ms - 223[0m
2023-12-17 13:43:21 info: [0mGET /public/files/albums/postPicture9b11505cfe5bd9b6bef9ae840078e4734144b5d914122023.png [33m404[0m 1.605 ms - 222[0m
2023-12-17 13:43:21 info: [0mGET /public/files/albums/postPicturef50e15909b11505cfe5bd9b6bef9ae840078e47327122023.png [33m404[0m 0.447 ms - 222[0m
2023-12-17 13:43:21 info: [0mGET /public/files/albums/postPicture5f539a43c377472363dbdd37af8a523e7b124a8022122023.png [33m404[0m 0.459 ms - 222[0m
2023-12-17 13:43:21 info: [0mGET /public/files/albums/postPicture0fd2c1bb9e191df6d10863a06755757a97f6c1bf31122023.octet-stream [33m404[0m 1.011 ms - 231[0m
2023-12-17 13:43:22 info: [0mGET /public/files/albums/postPicturebc134f12720fc7feb9b82da20c66021635b3d5ec16122023.octet-stream [33m404[0m 1.095 ms - 231[0m
2023-12-17 13:43:22 info: [0mGET /public/files/albums/postPicture5d2f8cd3f6f50e15909b11505cfe5bd9b6bef9ae42122023.png [33m404[0m 6.925 ms - 222[0m
2023-12-17 13:43:22 info: [0mGET /public/files/albums/postPicture3d30f9e2249b636e6a6d423149a491b02cfb8e3927122023.png [33m404[0m 0.610 ms - 222[0m
2023-12-17 13:43:22 info: [0mGET /public/files/albums/postPictureab1ea683903e4ee8f09207748b58848b796d30b002122023.octet-stream [33m404[0m 0.506 ms - 231[0m
2023-12-17 13:43:23 info: [0mGET /public/files/albums/postPictureffe7acebe0fd2c1bb9e191df6d10863a0675575746122023.octet-stream [33m404[0m 0.828 ms - 231[0m
2023-12-17 13:44:23 error: [GET] /wallet/cus_PBbQBKCT5KXiiH >> StatusCode:: 401, Message:: missing token
2023-12-17 13:44:23 info: [0mGET /wallet/cus_PBbQBKCT5KXiiH [33m401[0m 3.628 ms - 27[0m
2023-12-17 13:44:24 info: [0mPOST /refresh [32m200[0m 1.777 ms - 248[0m
2023-12-17 13:44:26 info: [0mGET /wallet/cus_PBbQBKCT5KXiiH [32m201[0m 1876.728 ms - 27[0m
2023-12-17 13:44:52 info: [0mGET /public/files/albums/postPicture3d30f9e2249b636e6a6d423149a491b02cfb8e3927122023.png [33m404[0m 0.961 ms - 222[0m
2023-12-17 13:44:52 info: [0mGET /public/files/albums/postPictureb25e375f3a97b3467961505186a4241e2a6bbefb22122023.jpeg [33m404[0m 1.203 ms - 223[0m
2023-12-17 13:44:52 info: [0mGET /public/files/albums/postPicturef50e15909b11505cfe5bd9b6bef9ae840078e47327122023.png [33m404[0m 1.593 ms - 222[0m
2023-12-17 13:44:52 info: [0mGET /public/files/albums/postPicture5d2f8cd3f6f50e15909b11505cfe5bd9b6bef9ae42122023.png [33m404[0m 1.995 ms - 222[0m
2023-12-17 13:44:53 info: [0mGET /public/files/albums/postPicture505cfe5bd9b6bef9ae840078e4734144b5d9dd6e43122023.png [33m404[0m 0.531 ms - 222[0m
2023-12-17 13:44:53 info: [0mGET /public/files/albums/postPicture5f539a43c377472363dbdd37af8a523e7b124a8022122023.png [33m404[0m 1.950 ms - 222[0m
2023-12-17 13:44:53 info: [0mGET /public/files/albums/postPicture0fd2c1bb9e191df6d10863a06755757a97f6c1bf31122023.octet-stream [33m404[0m 2.249 ms - 231[0m
2023-12-17 13:44:53 info: [0mGET /public/files/albums/postPictureffe7acebe0fd2c1bb9e191df6d10863a0675575746122023.octet-stream [33m404[0m 2.753 ms - 231[0m
2023-12-17 13:44:53 info: [0mGET /public/files/albums/postPicture9b11505cfe5bd9b6bef9ae840078e4734144b5d914122023.png [33m404[0m 3.312 ms - 222[0m
2023-12-17 13:44:53 info: [0mGET /public/files/albums/postPicturebc134f12720fc7feb9b82da20c66021635b3d5ec16122023.octet-stream [33m404[0m 3.756 ms - 231[0m
2023-12-17 13:44:53 info: [0mGET /public/files/albums/postPictureab1ea683903e4ee8f09207748b58848b796d30b002122023.octet-stream [33m404[0m 0.587 ms - 231[0m
2023-12-17 13:45:14 info: [0mGET /public/files/albums/postPicturef50e15909b11505cfe5bd9b6bef9ae840078e47327122023.png [33m404[0m 0.705 ms - 222[0m
2023-12-17 13:45:14 info: [0mGET /public/files/albums/postPicture3d30f9e2249b636e6a6d423149a491b02cfb8e3927122023.png [33m404[0m 2.124 ms - 222[0m
2023-12-17 13:45:14 info: [0mGET /public/files/albums/postPicture0fd2c1bb9e191df6d10863a06755757a97f6c1bf31122023.octet-stream [33m404[0m 1.984 ms - 231[0m
2023-12-17 13:45:14 info: [0mGET /public/files/albums/postPicturebc134f12720fc7feb9b82da20c66021635b3d5ec16122023.octet-stream [33m404[0m 2.225 ms - 231[0m
2023-12-17 13:45:14 info: [0mGET /public/files/albums/postPicture5d2f8cd3f6f50e15909b11505cfe5bd9b6bef9ae42122023.png [33m404[0m 2.501 ms - 222[0m
2023-12-17 13:45:14 info: [0mGET /public/files/albums/postPicture5f539a43c377472363dbdd37af8a523e7b124a8022122023.png [33m404[0m 0.498 ms - 222[0m
2023-12-17 13:45:14 info: [0mGET /public/files/albums/postPictureffe7acebe0fd2c1bb9e191df6d10863a0675575746122023.octet-stream [33m404[0m 0.521 ms - 231[0m
2023-12-17 13:45:14 info: [0mGET /public/files/albums/postPicture9b11505cfe5bd9b6bef9ae840078e4734144b5d914122023.png [33m404[0m 1.033 ms - 222[0m
2023-12-17 13:45:14 info: [0mGET /public/files/albums/postPicture505cfe5bd9b6bef9ae840078e4734144b5d9dd6e43122023.png [33m404[0m 0.593 ms - 222[0m
2023-12-17 13:45:14 info: [0mGET /public/files/albums/postPictureab1ea683903e4ee8f09207748b58848b796d30b002122023.octet-stream [33m404[0m 0.561 ms - 231[0m
2023-12-17 14:02:16 info: [0mPOST /login [32m200[0m 1781.934 ms - 628[0m
2023-12-17 14:02:19 info: [0mGET /users/plans/cus_PBbQBKCT5KXiiH [32m200[0m 1635.177 ms - 214[0m
2023-12-17 14:02:20 info: [0mGET /albums/popular/cus_PBbQBKCT5KXiiH [32m201[0m 2196.448 ms - -[0m
2023-12-17 14:02:20 info: [0mGET /albums/cus_PBbQBKCT5KXiiH [32m201[0m 2437.470 ms - -[0m
2023-12-17 14:02:21 info: [0mGET /albums/all-categories [32m201[0m 2846.485 ms - 114[0m
2023-12-17 14:03:20 info: [0mPOST /login [32m200[0m 1865.498 ms - 628[0m
2023-12-17 14:03:24 info: [0mGET /albums/popular/cus_PBbQBKCT5KXiiH [32m201[0m 1858.411 ms - -[0m
2023-12-17 14:03:25 info: [0mGET /users/plans/cus_PBbQBKCT5KXiiH [32m200[0m 1739.073 ms - 214[0m
2023-12-17 14:03:25 info: [0mGET /albums/all-categories [32m201[0m 1775.131 ms - 114[0m
2023-12-17 14:03:25 info: [0mGET /albums/cus_PBbQBKCT5KXiiH [32m201[0m 1954.225 ms - -[0m
2023-12-17 14:03:28 info: [0mGET /public/files/albums/postPicture9b11505cfe5bd9b6bef9ae840078e4734144b5d914122023.png [33m404[0m 0.574 ms - 222[0m
2023-12-17 14:03:28 info: [0mGET /public/files/albums/postPicturef50e15909b11505cfe5bd9b6bef9ae840078e47327122023.png [33m404[0m 0.468 ms - 222[0m
2023-12-17 14:03:28 info: [0mGET /public/files/albums/postPicture3d30f9e2249b636e6a6d423149a491b02cfb8e3927122023.png [33m404[0m 0.444 ms - 222[0m
2023-12-17 14:03:28 info: [0mGET /public/files/albums/postPicture5f539a43c377472363dbdd37af8a523e7b124a8022122023.png [33m404[0m 0.507 ms - 222[0m
2023-12-17 14:03:28 info: [0mGET /public/files/albums/postPicture0fd2c1bb9e191df6d10863a06755757a97f6c1bf31122023.octet-stream [33m404[0m 0.508 ms - 231[0m
2023-12-17 14:03:28 info: [0mGET /public/files/albums/postPicture505cfe5bd9b6bef9ae840078e4734144b5d9dd6e43122023.png [33m404[0m 0.484 ms - 222[0m
2023-12-17 14:03:28 info: [0mGET /public/files/albums/postPictureb25e375f3a97b3467961505186a4241e2a6bbefb22122023.jpeg [33m404[0m 0.468 ms - 223[0m
2023-12-17 14:03:28 info: [0mGET /public/files/albums/postPicture5d2f8cd3f6f50e15909b11505cfe5bd9b6bef9ae42122023.png [33m404[0m 0.495 ms - 222[0m
2023-12-17 14:03:29 info: [0mGET /public/files/albums/postPictureffe7acebe0fd2c1bb9e191df6d10863a0675575746122023.octet-stream [33m404[0m 0.444 ms - 231[0m
2023-12-17 14:03:29 info: [0mGET /public/files/albums/postPicturebc134f12720fc7feb9b82da20c66021635b3d5ec16122023.octet-stream [33m404[0m 0.547 ms - 231[0m
2023-12-17 14:03:29 info: [0mGET /public/files/albums/postPictureab1ea683903e4ee8f09207748b58848b796d30b002122023.octet-stream [33m404[0m 0.531 ms - 231[0m
2023-12-17 14:03:32 info: [0mGET /public/files/albums/postPictureab1ea683903e4ee8f09207748b58848b796d30b002122023.octet-stream [33m404[0m 0.766 ms - 231[0m
2023-12-17 14:03:32 info: [0mGET /public/files/albums/postPicturef50e15909b11505cfe5bd9b6bef9ae840078e47327122023.png [33m404[0m 0.752 ms - 222[0m
2023-12-17 14:03:32 info: [0mGET /public/files/albums/postPictureb25e375f3a97b3467961505186a4241e2a6bbefb22122023.jpeg [33m404[0m 0.977 ms - 223[0m
2023-12-17 14:03:32 info: [0mGET /public/files/albums/postPicture9b11505cfe5bd9b6bef9ae840078e4734144b5d914122023.png [33m404[0m 0.985 ms - 222[0m
2023-12-17 14:03:32 info: [0mGET /public/files/albums/postPicturebc134f12720fc7feb9b82da20c66021635b3d5ec16122023.octet-stream [33m404[0m 0.472 ms - 231[0m
2023-12-17 14:03:33 info: [0mGET /public/files/albums/postPicture5f539a43c377472363dbdd37af8a523e7b124a8022122023.png [33m404[0m 1.148 ms - 222[0m
2023-12-17 14:03:33 info: [0mGET /public/files/albums/postPicture0fd2c1bb9e191df6d10863a06755757a97f6c1bf31122023.octet-stream [33m404[0m 1.354 ms - 231[0m
2023-12-17 14:03:33 info: [0mGET /public/files/albums/postPicture5d2f8cd3f6f50e15909b11505cfe5bd9b6bef9ae42122023.png [33m404[0m 1.765 ms - 222[0m
2023-12-17 14:03:33 info: [0mGET /public/files/albums/postPicture505cfe5bd9b6bef9ae840078e4734144b5d9dd6e43122023.png [33m404[0m 0.901 ms - 222[0m
2023-12-17 14:03:33 info: [0mGET /public/files/albums/postPicture3d30f9e2249b636e6a6d423149a491b02cfb8e3927122023.png [33m404[0m 0.967 ms - 222[0m
2023-12-17 14:03:33 info: [0mGET /public/files/albums/postPictureffe7acebe0fd2c1bb9e191df6d10863a0675575746122023.octet-stream [33m404[0m 0.441 ms - 231[0m
2023-12-17 14:05:12 error: [GET] /users/cus_PBbQBKCT5KXiiH >> StatusCode:: 401, Message:: missing token
2023-12-17 14:05:12 info: [0mGET /users/cus_PBbQBKCT5KXiiH [33m401[0m 2.462 ms - 27[0m
2023-12-17 14:05:13 info: [0mPOST /refresh [32m200[0m 1.895 ms - 247[0m
2023-12-17 14:05:15 info: [0mGET /users/cus_PBbQBKCT5KXiiH [32m200[0m 1688.072 ms - 377[0m
2023-12-17 14:05:22 info: [0mGET /albums/all-categories [32m201[0m 2045.279 ms - 114[0m
2023-12-17 14:05:23 info: [0mGET /users/plans/cus_PBbQBKCT5KXiiH [32m200[0m 2033.680 ms - 214[0m
2023-12-17 14:05:23 info: [0mGET /albums/cus_PBbQBKCT5KXiiH [32m201[0m 2130.468 ms - -[0m
2023-12-17 14:05:23 info: [0mGET /albums/popular/cus_PBbQBKCT5KXiiH [32m201[0m 2370.842 ms - -[0m
2023-12-17 14:05:29 info: [0mGET /public/files/albums/postPictureb25e375f3a97b3467961505186a4241e2a6bbefb22122023.jpeg [33m404[0m 0.440 ms - 223[0m
2023-12-17 14:05:30 info: [0mGET /public/files/albums/postPicture9b11505cfe5bd9b6bef9ae840078e4734144b5d914122023.png [33m404[0m 0.429 ms - 222[0m
2023-12-17 14:05:30 info: [0mGET /public/files/albums/postPicture505cfe5bd9b6bef9ae840078e4734144b5d9dd6e43122023.png [33m404[0m 0.951 ms - 222[0m
2023-12-17 14:05:30 info: [0mGET /public/files/albums/postPictureffe7acebe0fd2c1bb9e191df6d10863a0675575746122023.octet-stream [33m404[0m 1.492 ms - 231[0m
2023-12-17 14:05:30 info: [0mGET /public/files/albums/postPicturebc134f12720fc7feb9b82da20c66021635b3d5ec16122023.octet-stream [33m404[0m 1.983 ms - 231[0m
2023-12-17 14:05:30 info: [0mGET /public/files/albums/postPicturef50e15909b11505cfe5bd9b6bef9ae840078e47327122023.png [33m404[0m 2.221 ms - 222[0m
2023-12-17 14:05:30 info: [0mGET /public/files/albums/postPicture3d30f9e2249b636e6a6d423149a491b02cfb8e3927122023.png [33m404[0m 2.141 ms - 222[0m
2023-12-17 14:05:30 info: [0mGET /public/files/albums/postPicture5d2f8cd3f6f50e15909b11505cfe5bd9b6bef9ae42122023.png [33m404[0m 2.564 ms - 222[0m
2023-12-17 14:05:30 info: [0mGET /public/files/albums/postPicture0fd2c1bb9e191df6d10863a06755757a97f6c1bf31122023.octet-stream [33m404[0m 2.733 ms - 231[0m
2023-12-17 14:05:30 info: [0mGET /public/files/albums/postPicture5f539a43c377472363dbdd37af8a523e7b124a8022122023.png [33m404[0m 9.337 ms - 222[0m
2023-12-17 14:05:31 info: [0mGET /public/files/albums/postPictureab1ea683903e4ee8f09207748b58848b796d30b002122023.octet-stream [33m404[0m 0.579 ms - 231[0m
2023-12-17 14:05:57 info: [0mGET /public/files/albums/postPicture3d30f9e2249b636e6a6d423149a491b02cfb8e3927122023.png [33m404[0m 0.428 ms - 222[0m
2023-12-17 14:05:57 info: [0mGET /public/files/albums/postPicture505cfe5bd9b6bef9ae840078e4734144b5d9dd6e43122023.png [33m404[0m 0.913 ms - 222[0m
2023-12-17 14:05:57 info: [0mGET /public/files/albums/postPicture5d2f8cd3f6f50e15909b11505cfe5bd9b6bef9ae42122023.png [33m404[0m 1.318 ms - 222[0m
2023-12-17 14:05:57 info: [0mGET /public/files/albums/postPicture5f539a43c377472363dbdd37af8a523e7b124a8022122023.png [33m404[0m 1.850 ms - 222[0m
2023-12-17 14:05:57 info: [0mGET /public/files/albums/postPictureb25e375f3a97b3467961505186a4241e2a6bbefb22122023.jpeg [33m404[0m 2.975 ms - 223[0m
2023-12-17 14:05:57 info: [0mGET /public/files/albums/postPicture0fd2c1bb9e191df6d10863a06755757a97f6c1bf31122023.octet-stream [33m404[0m 2.490 ms - 231[0m
2023-12-17 14:05:57 info: [0mGET /public/files/albums/postPicture9b11505cfe5bd9b6bef9ae840078e4734144b5d914122023.png [33m404[0m 3.260 ms - 222[0m
2023-12-17 14:05:57 info: [0mGET /public/files/albums/postPicturebc134f12720fc7feb9b82da20c66021635b3d5ec16122023.octet-stream [33m404[0m 3.697 ms - 231[0m
2023-12-17 14:05:57 info: [0mGET /public/files/albums/postPicturef50e15909b11505cfe5bd9b6bef9ae840078e47327122023.png [33m404[0m 4.061 ms - 222[0m
2023-12-17 14:05:57 info: [0mGET /public/files/albums/postPictureffe7acebe0fd2c1bb9e191df6d10863a0675575746122023.octet-stream [33m404[0m 4.159 ms - 231[0m
2023-12-17 14:05:58 info: [0mGET /public/files/albums/postPictureab1ea683903e4ee8f09207748b58848b796d30b002122023.octet-stream [33m404[0m 0.493 ms - 231[0m
2023-12-17 14:05:59 info: [0mGET /public/files/albums/postPicture3d30f9e2249b636e6a6d423149a491b02cfb8e3927122023.png [33m404[0m 1.323 ms - 222[0m
2023-12-17 14:06:38 error: [GET] /users/cus_PBbQBKCT5KXiiH >> StatusCode:: 401, Message:: missing token
2023-12-17 14:06:38 info: [0mGET /users/cus_PBbQBKCT5KXiiH [33m401[0m 2.237 ms - 27[0m
2023-12-17 14:06:39 info: [0mPOST /refresh [32m200[0m 1.126 ms - 247[0m
2023-12-17 14:06:41 info: [0mGET /users/cus_PBbQBKCT5KXiiH [32m200[0m 1486.354 ms - 377[0m
2023-12-17 14:06:46 info: [0mGET /albums/all-categories [32m201[0m 1760.711 ms - 114[0m
2023-12-17 14:06:46 info: [0mGET /albums/cus_PBbQBKCT5KXiiH [32m201[0m 1833.146 ms - -[0m
2023-12-17 14:06:46 info: [0mGET /users/plans/cus_PBbQBKCT5KXiiH [32m200[0m 1543.768 ms - 214[0m
2023-12-17 14:06:46 info: [0mGET /albums/popular/cus_PBbQBKCT5KXiiH [32m201[0m 1820.470 ms - -[0m
2023-12-17 14:06:50 info: [0mGET /public/files/albums/postPicture3d30f9e2249b636e6a6d423149a491b02cfb8e3927122023.png [33m404[0m 0.635 ms - 222[0m
2023-12-17 14:06:50 info: [0mGET /public/files/albums/postPicturebc134f12720fc7feb9b82da20c66021635b3d5ec16122023.octet-stream [33m404[0m 0.762 ms - 231[0m
2023-12-17 14:06:50 info: [0mGET /public/files/albums/postPicture0fd2c1bb9e191df6d10863a06755757a97f6c1bf31122023.octet-stream [33m404[0m 1.012 ms - 231[0m
2023-12-17 14:06:50 info: [0mGET /public/files/albums/postPicture9b11505cfe5bd9b6bef9ae840078e4734144b5d914122023.png [33m404[0m 0.722 ms - 222[0m
2023-12-17 14:06:50 info: [0mGET /public/files/albums/postPicture505cfe5bd9b6bef9ae840078e4734144b5d9dd6e43122023.png [33m404[0m 2.269 ms - 222[0m
2023-12-17 14:06:50 info: [0mGET /public/files/albums/postPictureb25e375f3a97b3467961505186a4241e2a6bbefb22122023.jpeg [33m404[0m 2.214 ms - 223[0m
2023-12-17 14:06:50 info: [0mGET /public/files/albums/postPicture5d2f8cd3f6f50e15909b11505cfe5bd9b6bef9ae42122023.png [33m404[0m 2.852 ms - 222[0m
2023-12-17 14:06:50 info: [0mGET /public/files/albums/postPicture5f539a43c377472363dbdd37af8a523e7b124a8022122023.png [33m404[0m 3.439 ms - 222[0m
2023-12-17 14:06:50 info: [0mGET /public/files/albums/postPictureffe7acebe0fd2c1bb9e191df6d10863a0675575746122023.octet-stream [33m404[0m 2.204 ms - 231[0m
2023-12-17 14:06:50 info: [0mGET /public/files/albums/postPicturef50e15909b11505cfe5bd9b6bef9ae840078e47327122023.png [33m404[0m 1.583 ms - 222[0m
2023-12-17 14:06:51 info: [0mGET /public/files/albums/postPictureab1ea683903e4ee8f09207748b58848b796d30b002122023.octet-stream [33m404[0m 0.465 ms - 231[0m
2023-12-17 14:06:55 info: [0mGET /public/files/albums/postPictureab1ea683903e4ee8f09207748b58848b796d30b002122023.octet-stream [33m404[0m 1.032 ms - 231[0m
2023-12-17 14:06:55 info: [0mGET /public/files/albums/postPicture0fd2c1bb9e191df6d10863a06755757a97f6c1bf31122023.octet-stream [33m404[0m 1.038 ms - 231[0m
2023-12-17 14:06:56 info: [0mGET /public/files/albums/postPictureb25e375f3a97b3467961505186a4241e2a6bbefb22122023.jpeg [33m404[0m 2.058 ms - 223[0m
2023-12-17 14:06:56 info: [0mGET /public/files/albums/postPicture5d2f8cd3f6f50e15909b11505cfe5bd9b6bef9ae42122023.png [33m404[0m 2.180 ms - 222[0m
2023-12-17 14:06:56 info: [0mGET /public/files/albums/postPicture3d30f9e2249b636e6a6d423149a491b02cfb8e3927122023.png [33m404[0m 0.652 ms - 222[0m
2023-12-17 14:06:56 info: [0mGET /public/files/albums/postPictureffe7acebe0fd2c1bb9e191df6d10863a0675575746122023.octet-stream [33m404[0m 0.732 ms - 231[0m
2023-12-17 14:06:56 info: [0mGET /public/files/albums/postPicture505cfe5bd9b6bef9ae840078e4734144b5d9dd6e43122023.png [33m404[0m 0.525 ms - 222[0m
2023-12-17 14:06:56 info: [0mGET /public/files/albums/postPicturebc134f12720fc7feb9b82da20c66021635b3d5ec16122023.octet-stream [33m404[0m 0.484 ms - 231[0m
2023-12-17 14:06:56 info: [0mGET /public/files/albums/postPicture5f539a43c377472363dbdd37af8a523e7b124a8022122023.png [33m404[0m 0.455 ms - 222[0m
2023-12-17 14:06:56 info: [0mGET /public/files/albums/postPicturef50e15909b11505cfe5bd9b6bef9ae840078e47327122023.png [33m404[0m 0.468 ms - 222[0m
2023-12-17 14:06:56 info: [0mGET /public/files/albums/postPicture9b11505cfe5bd9b6bef9ae840078e4734144b5d914122023.png [33m404[0m 0.635 ms - 222[0m
2023-12-17 14:07:09 info: [0mPOST /users/buy/cus_PBbQBKCT5KXiiH [32m200[0m 3768.441 ms - 369[0m
2023-12-17 14:08:04 info: [0mGET /public/files/albums/postPictureb25e375f3a97b3467961505186a4241e2a6bbefb22122023.jpeg [33m404[0m 0.890 ms - 223[0m
2023-12-17 14:08:04 info: [0mGET /public/files/albums/postPicture0fd2c1bb9e191df6d10863a06755757a97f6c1bf31122023.octet-stream [33m404[0m 1.436 ms - 231[0m
2023-12-17 14:08:04 info: [0mGET /public/files/albums/postPictureffe7acebe0fd2c1bb9e191df6d10863a0675575746122023.octet-stream [33m404[0m 1.516 ms - 231[0m
2023-12-17 14:08:04 info: [0mGET /public/files/albums/postPicturebc134f12720fc7feb9b82da20c66021635b3d5ec16122023.octet-stream [33m404[0m 1.354 ms - 231[0m
2023-12-17 14:08:04 info: [0mGET /public/files/albums/postPicture505cfe5bd9b6bef9ae840078e4734144b5d9dd6e43122023.png [33m404[0m 1.721 ms - 222[0m
2023-12-17 14:08:04 info: [0mGET /public/files/albums/postPicturef50e15909b11505cfe5bd9b6bef9ae840078e47327122023.png [33m404[0m 0.476 ms - 222[0m
2023-12-17 14:08:04 info: [0mGET /public/files/albums/postPictureab1ea683903e4ee8f09207748b58848b796d30b002122023.octet-stream [33m404[0m 0.568 ms - 231[0m
2023-12-17 14:08:04 info: [0mGET /public/files/albums/postPicture9b11505cfe5bd9b6bef9ae840078e4734144b5d914122023.png [33m404[0m 1.395 ms - 222[0m
2023-12-17 14:08:04 info: [0mGET /public/files/albums/postPicture3d30f9e2249b636e6a6d423149a491b02cfb8e3927122023.png [33m404[0m 1.845 ms - 222[0m
2023-12-17 14:08:04 info: [0mGET /public/files/albums/postPicture5f539a43c377472363dbdd37af8a523e7b124a8022122023.png [33m404[0m 0.665 ms - 222[0m
2023-12-17 14:08:04 info: [0mGET /public/files/albums/postPicture5d2f8cd3f6f50e15909b11505cfe5bd9b6bef9ae42122023.png [33m404[0m 0.467 ms - 222[0m
2023-12-17 14:13:19 info: [0mPOST /login [32m200[0m 1952.046 ms - 735[0m
2023-12-17 14:13:24 info: [0mGET /albums/e1d640e916c8628de70bf8ec0bd97461577cc85a [32m201[0m 2458.975 ms - -[0m
2023-12-17 14:13:24 info: [0mGET /users/plans/e1d640e916c8628de70bf8ec0bd97461577cc85a [32m200[0m 2253.265 ms - 223[0m
2023-12-17 14:13:24 info: [0mGET /albums/all-categories [32m201[0m 1708.441 ms - 114[0m
2023-12-17 14:13:25 info: [0mGET /albums/popular/e1d640e916c8628de70bf8ec0bd97461577cc85a [32m201[0m 2897.197 ms - -[0m
2023-12-17 14:13:38 info: [0mGET /public/files/albums/postPictureb25e375f3a97b3467961505186a4241e2a6bbefb22122023.jpeg [33m404[0m 0.507 ms - 223[0m
2023-12-17 14:13:38 info: [0mGET /public/files/albums/postPicture505cfe5bd9b6bef9ae840078e4734144b5d9dd6e43122023.png [33m404[0m 0.505 ms - 222[0m
2023-12-17 14:13:41 info: [0mGET /public/files/albums/postPictureb25e375f3a97b3467961505186a4241e2a6bbefb22122023.jpeg [33m404[0m 0.500 ms - 223[0m
2023-12-17 14:13:41 info: [0mGET /public/files/albums/postPicture9b11505cfe5bd9b6bef9ae840078e4734144b5d914122023.png [33m404[0m 0.480 ms - 222[0m
2023-12-17 14:13:41 info: [0mGET /public/files/albums/postPicture5d2f8cd3f6f50e15909b11505cfe5bd9b6bef9ae42122023.png [33m404[0m 0.461 ms - 222[0m
2023-12-17 14:13:42 info: [0mGET /public/files/albums/postPicture505cfe5bd9b6bef9ae840078e4734144b5d9dd6e43122023.png [33m404[0m 0.443 ms - 222[0m
2023-12-17 14:13:42 info: [0mGET /public/files/albums/postPicturef50e15909b11505cfe5bd9b6bef9ae840078e47327122023.png [33m404[0m 0.464 ms - 222[0m
2023-12-17 14:13:43 info: [0mGET /public/files/albums/postPicture505cfe5bd9b6bef9ae840078e4734144b5d9dd6e43122023.png [33m404[0m 0.503 ms - 222[0m
2023-12-17 14:13:43 info: [0mGET /public/files/albums/postPicture9b11505cfe5bd9b6bef9ae840078e4734144b5d914122023.png [33m404[0m 0.479 ms - 222[0m
2023-12-17 14:13:55 info: [0mGET /notifications/e1d640e916c8628de70bf8ec0bd97461577cc85a [32m201[0m 1137.428 ms - -[0m
2023-12-17 14:14:19 error: [POST] /users/upload/avatar/e1d640e916c8628de70bf8ec0bd97461577cc85a >> StatusCode:: 401, Message:: missing token
2023-12-17 14:14:19 info: [0mPOST /users/upload/avatar/e1d640e916c8628de70bf8ec0bd97461577cc85a [33m401[0m 3.465 ms - 27[0m
2023-12-17 14:15:19 error: [PUT] /users/e1d640e916c8628de70bf8ec0bd97461577cc85a >> StatusCode:: 401, Message:: missing token
2023-12-17 14:15:19 info: [0mPUT /users/e1d640e916c8628de70bf8ec0bd97461577cc85a [33m401[0m 10.312 ms - 27[0m
2023-12-17 14:15:19 info: [0mPOST /refresh [32m200[0m 2.068 ms - 277[0m
2023-12-17 14:15:22 info: [0mPUT /users/e1d640e916c8628de70bf8ec0bd97461577cc85a [32m200[0m 2088.931 ms - 492[0m
2023-12-17 14:15:32 info: [0mPUT /users/e1d640e916c8628de70bf8ec0bd97461577cc85a [32m200[0m 2186.653 ms - 475[0m
2023-12-17 14:16:46 info: [0mPOST /users/upload/avatar/e1d640e916c8628de70bf8ec0bd97461577cc85a [32m201[0m 36183.709 ms - 52[0m
2023-12-17 14:19:00 info: [0mPOST /sellers/upload/identitycard/e1d640e916c8628de70bf8ec0bd97461577cc85a [32m201[0m 88664.311 ms - 71[0m
2023-12-17 14:19:04 error: [GET] /users/plans/e1d640e916c8628de70bf8ec0bd97461577cc85a >> StatusCode:: 401, Message:: missing token
2023-12-17 14:19:04 info: [0mGET /users/plans/e1d640e916c8628de70bf8ec0bd97461577cc85a [33m401[0m 3.264 ms - 27[0m
2023-12-17 14:19:04 info: [0mPOST /refresh [32m200[0m 1.236 ms - 276[0m
2023-12-17 14:19:04 error: [GET] /albums/all-categories >> StatusCode:: 401, Message:: missing token
2023-12-17 14:19:04 info: [0mGET /albums/all-categories [33m401[0m 2.912 ms - 27[0m
2023-12-17 14:19:04 error: [GET] /albums/e1d640e916c8628de70bf8ec0bd97461577cc85a >> StatusCode:: 401, Message:: missing token
2023-12-17 14:19:04 info: [0mGET /albums/e1d640e916c8628de70bf8ec0bd97461577cc85a [33m401[0m 2.089 ms - 27[0m
2023-12-17 14:19:05 info: [0mPOST /refresh [32m200[0m 1.040 ms - 276[0m
2023-12-17 14:19:05 info: [0mPOST /refresh [32m200[0m 1.122 ms - 276[0m
2023-12-17 14:19:06 info: [0mGET /users/plans/e1d640e916c8628de70bf8ec0bd97461577cc85a [32m200[0m 1968.383 ms - 223[0m
2023-12-17 14:19:07 info: [0mGET /albums/all-categories [32m201[0m 1941.432 ms - 114[0m
2023-12-17 14:19:08 info: [0mGET /albums/e1d640e916c8628de70bf8ec0bd97461577cc85a [32m201[0m 2360.551 ms - -[0m
2023-12-17 14:19:09 info: [0mGET /public/files/albums/postPicture9b11505cfe5bd9b6bef9ae840078e4734144b5d914122023.png [33m404[0m 0.551 ms - 222[0m
2023-12-17 14:19:09 info: [0mGET /public/files/albums/postPicture5d2f8cd3f6f50e15909b11505cfe5bd9b6bef9ae42122023.png [33m404[0m 0.669 ms - 222[0m
2023-12-17 14:19:09 info: [0mGET /public/files/albums/postPictureffe7acebe0fd2c1bb9e191df6d10863a0675575746122023.octet-stream [33m404[0m 0.676 ms - 231[0m
2023-12-17 14:19:09 info: [0mGET /public/files/albums/postPicture0fd2c1bb9e191df6d10863a06755757a97f6c1bf31122023.octet-stream [33m404[0m 1.375 ms - 231[0m
2023-12-17 14:19:09 info: [0mGET /public/files/albums/postPicturebc134f12720fc7feb9b82da20c66021635b3d5ec16122023.octet-stream [33m404[0m 1.025 ms - 231[0m
2023-12-17 14:19:10 info: [0mGET /public/files/albums/postPictureb25e375f3a97b3467961505186a4241e2a6bbefb22122023.jpeg [33m404[0m 0.812 ms - 223[0m
2023-12-17 14:19:10 info: [0mGET /public/files/albums/postPicture505cfe5bd9b6bef9ae840078e4734144b5d9dd6e43122023.png [33m404[0m 0.486 ms - 222[0m
2023-12-17 14:19:10 info: [0mGET /public/files/albums/postPicturef50e15909b11505cfe5bd9b6bef9ae840078e47327122023.png [33m404[0m 0.588 ms - 222[0m
2023-12-17 14:19:10 info: [0mGET /public/files/albums/postPicture3d30f9e2249b636e6a6d423149a491b02cfb8e3927122023.png [33m404[0m 0.550 ms - 222[0m
2023-12-17 14:19:10 info: [0mGET /public/files/albums/postPicture5f539a43c377472363dbdd37af8a523e7b124a8022122023.png [33m404[0m 0.478 ms - 222[0m
2023-12-17 14:19:10 info: [0mGET /public/files/albums/postPictureab1ea683903e4ee8f09207748b58848b796d30b002122023.octet-stream [33m404[0m 0.666 ms - 231[0m
2023-12-17 15:48:44 error: [GET] /wallet/e1d640e916c8628de70bf8ec0bd97461577cc85a >> StatusCode:: 401, Message:: missing token
2023-12-17 15:48:44 info: [0mGET /wallet/e1d640e916c8628de70bf8ec0bd97461577cc85a [33m401[0m 8.795 ms - 27[0m
2023-12-17 15:48:45 info: [0mPOST /refresh [32m200[0m 2.167 ms - 277[0m
2023-12-17 15:48:48 info: [0mGET /wallet/e1d640e916c8628de70bf8ec0bd97461577cc85a [32m201[0m 2196.474 ms - 16[0m
2023-12-17 15:49:07 info: [0mGET /public/files/albums/postPicture9b11505cfe5bd9b6bef9ae840078e4734144b5d914122023.png [33m404[0m 1.529 ms - 222[0m
2023-12-17 15:49:07 info: [0mGET /public/files/albums/postPictureb25e375f3a97b3467961505186a4241e2a6bbefb22122023.jpeg [33m404[0m 0.842 ms - 223[0m
2023-12-17 15:49:07 info: [0mGET /public/files/albums/postPicturef50e15909b11505cfe5bd9b6bef9ae840078e47327122023.png [33m404[0m 1.133 ms - 222[0m
2023-12-17 15:49:07 info: [0mGET /public/files/albums/postPicture3d30f9e2249b636e6a6d423149a491b02cfb8e3927122023.png [33m404[0m 0.919 ms - 222[0m
2023-12-17 15:49:07 info: [0mGET /public/files/albums/postPicture5f539a43c377472363dbdd37af8a523e7b124a8022122023.png [33m404[0m 1.199 ms - 222[0m
2023-12-17 15:49:07 info: [0mGET /public/files/albums/postPicture5d2f8cd3f6f50e15909b11505cfe5bd9b6bef9ae42122023.png [33m404[0m 1.514 ms - 222[0m
2023-12-17 15:49:09 info: [0mGET /public/files/albums/postPictureab1ea683903e4ee8f09207748b58848b796d30b002122023.octet-stream [33m404[0m 0.677 ms - 231[0m
2023-12-17 15:49:12 info: [0mGET /public/files/albums/postPicture5d2f8cd3f6f50e15909b11505cfe5bd9b6bef9ae42122023.png [33m404[0m 1.159 ms - 222[0m
2023-12-17 15:49:18 info: [0mGET /public/files/albums/postPictureab1ea683903e4ee8f09207748b58848b796d30b002122023.octet-stream [33m404[0m 0.466 ms - 231[0m
2023-12-17 15:49:18 info: [0mGET /public/files/albums/postPicture0fd2c1bb9e191df6d10863a06755757a97f6c1bf31122023.octet-stream [33m404[0m 4.353 ms - 231[0m
2023-12-17 15:49:18 info: [0mGET /public/files/albums/postPicture3d30f9e2249b636e6a6d423149a491b02cfb8e3927122023.png [33m404[0m 4.449 ms - 222[0m
2023-12-17 15:49:18 info: [0mGET /public/files/albums/postPicture9b11505cfe5bd9b6bef9ae840078e4734144b5d914122023.png [33m404[0m 4.648 ms - 222[0m
2023-12-17 15:49:18 info: [0mGET /public/files/albums/postPicturebc134f12720fc7feb9b82da20c66021635b3d5ec16122023.octet-stream [33m404[0m 4.768 ms - 231[0m
2023-12-17 15:49:18 info: [0mGET /public/files/albums/postPicture505cfe5bd9b6bef9ae840078e4734144b5d9dd6e43122023.png [33m404[0m 5.077 ms - 222[0m
2023-12-17 15:49:18 info: [0mGET /public/files/albums/postPicture5f539a43c377472363dbdd37af8a523e7b124a8022122023.png [33m404[0m 5.395 ms - 222[0m
2023-12-17 15:49:18 info: [0mGET /public/files/albums/postPictureb25e375f3a97b3467961505186a4241e2a6bbefb22122023.jpeg [33m404[0m 5.264 ms - 223[0m
2023-12-17 15:49:18 info: [0mGET /public/files/albums/postPicturef50e15909b11505cfe5bd9b6bef9ae840078e47327122023.png [33m404[0m 4.765 ms - 222[0m
2023-12-17 15:49:18 info: [0mGET /public/files/albums/postPictureffe7acebe0fd2c1bb9e191df6d10863a0675575746122023.octet-stream [33m404[0m 5.006 ms - 231[0m
2023-12-17 16:14:06 error: [GET] /users/e1d640e916c8628de70bf8ec0bd97461577cc85a >> StatusCode:: 401, Message:: missing token
2023-12-17 16:14:06 info: [0mGET /users/e1d640e916c8628de70bf8ec0bd97461577cc85a [33m401[0m 3.860 ms - 27[0m
2023-12-17 16:14:06 info: [0mPOST /refresh [32m200[0m 3.534 ms - 276[0m
2023-12-17 16:14:08 info: [0mGET /users/e1d640e916c8628de70bf8ec0bd97461577cc85a [32m200[0m 1626.716 ms - 446[0m
2023-12-17 16:14:14 info: [0mGET /albums/all-categories [32m201[0m 2616.850 ms - 114[0m
2023-12-17 16:14:14 info: [0mGET /users/plans/e1d640e916c8628de70bf8ec0bd97461577cc85a [32m200[0m 3116.114 ms - 223[0m
2023-12-17 16:14:15 info: [0mGET /albums/e1d640e916c8628de70bf8ec0bd97461577cc85a [32m201[0m 3440.297 ms - -[0m
2023-12-17 16:14:15 info: [0mGET /albums/popular/e1d640e916c8628de70bf8ec0bd97461577cc85a [32m201[0m 3892.593 ms - -[0m
2023-12-17 16:14:17 info: [0mGET /public/files/albums/postPicture505cfe5bd9b6bef9ae840078e4734144b5d9dd6e43122023.png [33m404[0m 0.844 ms - 222[0m
2023-12-17 16:14:17 info: [0mGET /public/files/albums/postPicture9b11505cfe5bd9b6bef9ae840078e4734144b5d914122023.png [33m404[0m 0.967 ms - 222[0m
2023-12-17 16:14:18 info: [0mGET /public/files/albums/postPictureb25e375f3a97b3467961505186a4241e2a6bbefb22122023.jpeg [33m404[0m 0.574 ms - 223[0m
2023-12-17 16:14:18 info: [0mGET /public/files/albums/postPicturef50e15909b11505cfe5bd9b6bef9ae840078e47327122023.png [33m404[0m 0.439 ms - 222[0m
2023-12-17 16:14:18 info: [0mGET /public/files/albums/postPicturebc134f12720fc7feb9b82da20c66021635b3d5ec16122023.octet-stream [33m404[0m 1.087 ms - 231[0m
2023-12-17 16:14:18 info: [0mGET /public/files/albums/postPicture3d30f9e2249b636e6a6d423149a491b02cfb8e3927122023.png [33m404[0m 1.054 ms - 222[0m
2023-12-17 16:14:18 info: [0mGET /public/files/albums/postPicture5f539a43c377472363dbdd37af8a523e7b124a8022122023.png [33m404[0m 1.319 ms - 222[0m
2023-12-17 16:14:18 info: [0mGET /public/files/albums/postPicture5d2f8cd3f6f50e15909b11505cfe5bd9b6bef9ae42122023.png [33m404[0m 1.806 ms - 222[0m
2023-12-17 16:14:18 info: [0mGET /public/files/albums/postPictureffe7acebe0fd2c1bb9e191df6d10863a0675575746122023.octet-stream [33m404[0m 1.136 ms - 231[0m
2023-12-17 16:14:18 info: [0mGET /public/files/albums/postPicture0fd2c1bb9e191df6d10863a06755757a97f6c1bf31122023.octet-stream [33m404[0m 1.404 ms - 231[0m
2023-12-17 16:14:19 info: [0mGET /public/files/albums/postPictureab1ea683903e4ee8f09207748b58848b796d30b002122023.octet-stream [33m404[0m 0.470 ms - 231[0m
2023-12-17 16:17:59 error: [GET] /users/cus_PBbQBKCT5KXiiH >> StatusCode:: 401, Message:: missing token
2023-12-17 16:17:59 info: [0mGET /users/cus_PBbQBKCT5KXiiH [33m401[0m 3.143 ms - 27[0m
2023-12-17 16:18:00 info: [0mPOST /refresh [32m200[0m 1.268 ms - 247[0m
2023-12-17 16:18:02 info: [0mGET /users/cus_PBbQBKCT5KXiiH [32m200[0m 1478.404 ms - 377[0m
2023-12-17 16:18:05 info: [0mGET /users/plans/cus_PBbQBKCT5KXiiH [32m200[0m 1690.473 ms - 214[0m
2023-12-17 16:18:05 info: [0mGET /albums/popular/cus_PBbQBKCT5KXiiH [32m201[0m 2081.979 ms - -[0m
2023-12-17 16:18:06 info: [0mGET /albums/all-categories [32m201[0m 2069.682 ms - 114[0m
2023-12-17 16:18:06 info: [0mGET /albums/cus_PBbQBKCT5KXiiH [32m201[0m 2226.311 ms - -[0m
2023-12-17 16:18:08 info: [0mGET /public/files/albums/postPicture505cfe5bd9b6bef9ae840078e4734144b5d9dd6e43122023.png [33m404[0m 1.366 ms - 222[0m
2023-12-17 16:18:08 info: [0mGET /public/files/albums/postPicture5f539a43c377472363dbdd37af8a523e7b124a8022122023.png [33m404[0m 1.679 ms - 222[0m
2023-12-17 16:18:08 info: [0mGET /public/files/albums/postPictureb25e375f3a97b3467961505186a4241e2a6bbefb22122023.jpeg [33m404[0m 2.405 ms - 223[0m
2023-12-17 16:18:08 info: [0mGET /public/files/albums/postPicture5d2f8cd3f6f50e15909b11505cfe5bd9b6bef9ae42122023.png [33m404[0m 2.961 ms - 222[0m
2023-12-17 16:18:08 info: [0mGET /public/files/albums/postPicture0fd2c1bb9e191df6d10863a06755757a97f6c1bf31122023.octet-stream [33m404[0m 0.552 ms - 231[0m
2023-12-17 16:18:08 info: [0mGET /public/files/albums/postPictureab1ea683903e4ee8f09207748b58848b796d30b002122023.octet-stream [33m404[0m 0.457 ms - 231[0m
