2023-09-27 16:19:05 info: =================================
2023-09-27 16:19:05 info: ======= ENV: development =======
2023-09-27 16:19:05 info: 🚀 App listening on the port 4000
2023-09-27 16:19:05 info: =================================
2023-09-27 16:20:42 info: [0mGET /albums/categories [32m201[0m 1223.657 ms - 184[0m
2023-09-27 16:20:42 info: [0mGET /albums/popular [32m201[0m 1762.045 ms - -[0m
2023-09-27 16:20:42 info: [0mGET /albums [32m201[0m 1759.249 ms - -[0m
2023-09-27 16:20:44 info: [0mGET /public/files/albums/WhatsApp%20Image%202023-09-23%20at%201956.37.jpeg0034f1afcc9e592713c9ee5552d73c5c673bbb4734092023.jpeg [32m200[0m 4.780 ms - 64745[0m
2023-09-27 16:20:44 info: [0mGET /public/files/albums/WhatsApp%20Image%202023-09-23%20at%201956.37.jpeg4f1afcc9e592713c9ee5552d73c5c673bbb47dff30092023.jpeg [32m200[0m 3.793 ms - 64745[0m
2023-09-27 16:20:44 info: [0mGET /public/files/albums/WhatsApp%20Image%202023-09-23%20at%201957.21.jpeg5afb0f0034f1afcc9e592713c9ee5552d73c5c6737092023.jpeg [32m200[0m 2.759 ms - 41707[0m
2023-09-27 16:20:44 info: [0mGET /public/files/albums/WhatsApp%20Image%202023-09-23%20at%201956.38.jpegb0f0034f1afcc9e592713c9ee5552d73c5c673bb47092023.jpeg [32m200[0m 2.450 ms - 137382[0m
2023-09-27 16:40:11 info: [0mGET /public/files/albums/WhatsApp%20Image%202023-09-23%20at%201957.21%20(1).jpeg6b65afb0f0034f1afcc9e592713c9ee5552d73c524092023.jpeg [32m200[0m 1.524 ms - 123689[0m
2023-09-27 17:10:34 info: =================================
2023-09-27 17:10:34 info: ======= ENV: development =======
2023-09-27 17:10:34 info: 🚀 App listening on the port 4000
2023-09-27 17:10:34 info: =================================
2023-09-27 17:10:34 info: [0mGET /albums/categories [32m201[0m 438.143 ms - 184[0m
2023-09-27 17:10:34 info: [0mGET /albums/popular [32m201[0m 480.037 ms - -[0m
2023-09-27 17:10:34 info: [0mGET /albums [32m201[0m 493.179 ms - -[0m
2023-09-27 17:10:35 info: [0mGET /public/files/albums/WhatsApp%20Image%202023-09-23%20at%201956.37.jpeg4f1afcc9e592713c9ee5552d73c5c673bbb47dff30092023.jpeg [32m200[0m 2.433 ms - 64745[0m
2023-09-27 17:10:36 info: [0mGET /public/files/albums/WhatsApp%20Image%202023-09-23%20at%201956.37.jpeg0034f1afcc9e592713c9ee5552d73c5c673bbb4734092023.jpeg [32m200[0m 1.952 ms - 64745[0m
2023-09-27 17:10:36 info: [0mGET /public/files/albums/WhatsApp%20Image%202023-09-23%20at%201957.21.jpeg5afb0f0034f1afcc9e592713c9ee5552d73c5c6737092023.jpeg [32m200[0m 2.184 ms - 41707[0m
2023-09-27 17:10:36 info: [0mGET /public/files/albums/WhatsApp%20Image%202023-09-23%20at%201956.38.jpegb0f0034f1afcc9e592713c9ee5552d73c5c673bb47092023.jpeg [32m200[0m 1.646 ms - 137382[0m
2023-09-27 17:14:32 info: [0mGET /albums [32m201[0m 373.053 ms - -[0m
2023-09-27 17:14:32 info: [0mGET /albums/popular [32m201[0m 447.269 ms - -[0m
2023-09-27 17:14:33 info: [0mGET /albums/categories [32m201[0m 403.719 ms - 184[0m
2023-09-27 17:15:34 info: [0mGET /albums/popular [32m201[0m 423.340 ms - -[0m
2023-09-27 17:15:34 info: [0mGET /albums [32m201[0m 427.960 ms - -[0m
2023-09-27 17:15:34 info: [0mGET /albums/categories [32m201[0m 353.020 ms - 184[0m
2023-09-27 17:15:57 info: [0mGET /public/files/albums/WhatsApp%20Image%202023-09-23%20at%201957.21%20(1).jpeg6b65afb0f0034f1afcc9e592713c9ee5552d73c524092023.jpeg [32m200[0m 1.058 ms - 123689[0m
2023-09-27 17:17:24 info: [0mGET /albums/categories [32m201[0m 381.009 ms - 184[0m
2023-09-27 17:17:24 info: [0mGET /albums [32m201[0m 380.825 ms - -[0m
2023-09-27 17:17:24 info: [0mGET /albums/popular [32m201[0m 384.083 ms - -[0m
2023-09-27 17:37:44 info: [0mGET /albums [32m201[0m 418.899 ms - -[0m
2023-09-27 17:37:44 info: [0mGET /albums/popular [32m201[0m 420.810 ms - -[0m
2023-09-27 17:37:44 info: [0mGET /albums/categories [32m201[0m 408.877 ms - 184[0m
2023-09-27 17:41:49 info: [0mGET /albums [32m201[0m 403.966 ms - -[0m
2023-09-27 17:41:49 info: [0mGET /albums/popular [32m201[0m 418.208 ms - -[0m
2023-09-27 17:41:49 info: [0mGET /albums/categories [32m201[0m 394.143 ms - 184[0m
2023-09-27 18:09:12 info: [0mGET /albums/popular [32m201[0m 444.418 ms - -[0m
2023-09-27 18:09:12 info: [0mGET /albums [32m201[0m 409.542 ms - -[0m
2023-09-27 18:09:12 info: [0mGET /albums/categories [32m201[0m 410.367 ms - 184[0m
2023-09-27 18:09:54 info: [0mGET /albums/popular [32m201[0m 420.086 ms - -[0m
2023-09-27 18:09:54 info: [0mGET /albums [32m201[0m 372.601 ms - -[0m
2023-09-27 18:09:54 info: [0mGET /albums/categories [32m201[0m 373.748 ms - 184[0m
2023-09-27 18:10:27 info: [0mGET /albums/categories [32m201[0m 413.592 ms - 184[0m
2023-09-27 18:10:27 info: [0mGET /albums [32m201[0m 391.810 ms - -[0m
2023-09-27 18:10:27 info: [0mGET /albums/popular [32m201[0m 429.184 ms - -[0m
2023-09-27 18:18:06 info: [0mGET /albums/categories [32m201[0m 500.094 ms - 184[0m
2023-09-27 18:18:06 info: [0mGET /albums [32m201[0m 581.486 ms - -[0m
2023-09-27 18:18:06 info: [0mGET /albums/popular [32m201[0m 545.144 ms - -[0m
2023-09-27 18:19:07 info: [0mGET /albums [32m201[0m 426.859 ms - -[0m
2023-09-27 18:19:26 info: [0mGET /albums/popular [32m201[0m 384.083 ms - -[0m
2023-09-27 18:19:26 info: [0mGET /albums/categories [32m201[0m 372.755 ms - 184[0m
2023-09-27 18:19:26 info: [0mGET /albums [32m201[0m 412.014 ms - -[0m
