2023-06-07 10:31:27 info: =================================
2023-06-07 10:31:27 info: ======= ENV: development =======
2023-06-07 10:31:27 info: 🚀 App listening on the port 4000
2023-06-07 10:31:27 info: =================================
2023-06-07 10:31:53 info: [0mGET /albums/popular [32m201[0m 1397.042 ms - -[0m
2023-06-07 10:31:53 info: [0mGET /albums/categories [32m201[0m 1521.428 ms - 64[0m
2023-06-07 10:31:56 info: [0mGET /albums/category/fjdsregknerujngdifjnigi [32m201[0m 2287.623 ms - -[0m
2023-06-07 10:31:56 info: [0mGET /public/files/albums/Picsart_22-03-01_14-57-46-602pngd17e588bd4bc0d7308d8f6ba2f2ac544d1ea907317062023.png [33m404[0m 3.728 ms - 243[0m
2023-06-07 10:31:56 info: [0mGET /public/files/albums/Picsart_22-03-01_14-57-46-602pnge46dae47e1c4a04c0b00ba5bf00a14b38ed3e9e500062023png [33m404[0m 3.766 ms - 242[0m
2023-06-07 10:32:02 info: [0mGET /public/files/albums/mypicpngd17e588bd4bc0d7308d8f6ba2f2ac544d1ea907337062023png [33m404[0m 0.856 ms - 218[0m
2023-06-07 10:32:04 info: [0mGET /public/files/albums/Picsart_22-03-01_14-57-46-602pngd17e588bd4bc0d7308d8f6ba2f2ac544d1ea907317062023.png [33m404[0m 0.691 ms - 243[0m
2023-06-07 10:32:04 info: [0mGET /public/files/albums/Picsart_22-03-01_14-57-46-602pnge46dae47e1c4a04c0b00ba5bf00a14b38ed3e9e500062023png [33m404[0m 1.292 ms - 242[0m
2023-06-07 10:32:06 info: [0mGET /public/files/albums/mypicpngd17e588bd4bc0d7308d8f6ba2f2ac544d1ea907337062023png [33m404[0m 0.613 ms - 218[0m
2023-06-07 10:32:10 info: [0mGET /public/files/albums/Picsart_22-03-01_14-57-46-602pngd17e588bd4bc0d7308d8f6ba2f2ac544d1ea907317062023.png [33m404[0m 0.730 ms - 243[0m
2023-06-07 10:32:10 info: [0mGET /public/files/albums/Picsart_22-03-01_14-57-46-602pnge46dae47e1c4a04c0b00ba5bf00a14b38ed3e9e500062023png [33m404[0m 0.649 ms - 242[0m
2023-06-07 10:32:11 info: [0mGET /public/files/albums/mypicpngd17e588bd4bc0d7308d8f6ba2f2ac544d1ea907337062023png [33m404[0m 0.656 ms - 218[0m
2023-06-07 10:32:37 info: [0mGET /public/files/albums/Picsart_22-03-01_14-57-46-602pngd17e588bd4bc0d7308d8f6ba2f2ac544d1ea907317062023.png [33m404[0m 0.700 ms - 243[0m
2023-06-07 10:32:37 info: [0mGET /public/files/albums/Picsart_22-03-01_14-57-46-602pnge46dae47e1c4a04c0b00ba5bf00a14b38ed3e9e500062023png [33m404[0m 0.552 ms - 242[0m
2023-06-07 10:32:53 info: [0mGET /public/files/albums/mypicpngd17e588bd4bc0d7308d8f6ba2f2ac544d1ea907337062023png [33m404[0m 1.754 ms - 218[0m
2023-06-07 10:34:26 info: [0mGET /public/files/albums/Picsart_22-03-01_14-57-46-602pnge46dae47e1c4a04c0b00ba5bf00a14b38ed3e9e500062023png [33m404[0m 0.918 ms - 242[0m
2023-06-07 10:34:26 info: [0mGET /public/files/albums/Picsart_22-03-01_14-57-46-602pngd17e588bd4bc0d7308d8f6ba2f2ac544d1ea907317062023.png [33m404[0m 1.493 ms - 243[0m
2023-06-07 10:34:27 info: [0mGET /public/files/albums/mypicpngd17e588bd4bc0d7308d8f6ba2f2ac544d1ea907337062023png [33m404[0m 0.635 ms - 218[0m
2023-06-07 10:34:40 info: [0mGET /public/files/albums/Picsart_22-03-01_14-57-46-602pnge46dae47e1c4a04c0b00ba5bf00a14b38ed3e9e500062023png [33m404[0m 0.634 ms - 242[0m
2023-06-07 10:34:40 info: [0mGET /public/files/albums/Picsart_22-03-01_14-57-46-602pngd17e588bd4bc0d7308d8f6ba2f2ac544d1ea907317062023.png [33m404[0m 0.677 ms - 243[0m
2023-06-07 10:34:41 info: [0mGET /public/files/albums/mypicpngd17e588bd4bc0d7308d8f6ba2f2ac544d1ea907337062023png [33m404[0m 0.633 ms - 218[0m
2023-06-07 10:35:11 info: [0mGET /albums/categories [32m201[0m 378.360 ms - 64[0m
2023-06-07 10:35:11 info: [0mGET /albums/popular [32m201[0m 390.793 ms - -[0m
2023-06-07 10:35:12 info: [0mGET /albums/category/fjdsregknerujngdifjnigi [32m201[0m 756.148 ms - -[0m
2023-06-07 10:35:13 info: [0mGET /public/files/albums/Picsart_22-03-01_14-57-46-602pnge46dae47e1c4a04c0b00ba5bf00a14b38ed3e9e500062023png [33m404[0m 0.561 ms - 242[0m
2023-06-07 10:35:13 info: [0mGET /public/files/albums/Picsart_22-03-01_14-57-46-602pngd17e588bd4bc0d7308d8f6ba2f2ac544d1ea907317062023.png [33m404[0m 0.555 ms - 243[0m
2023-06-07 10:35:14 info: [0mGET /public/files/albums/mypicpngd17e588bd4bc0d7308d8f6ba2f2ac544d1ea907337062023png [33m404[0m 0.723 ms - 218[0m
2023-06-07 10:35:20 info: [0mGET /public/files/albums/Picsart_22-03-01_14-57-46-602pnge46dae47e1c4a04c0b00ba5bf00a14b38ed3e9e500062023png [33m404[0m 0.943 ms - 242[0m
2023-06-07 10:35:20 info: [0mGET /public/files/albums/Picsart_22-03-01_14-57-46-602pngd17e588bd4bc0d7308d8f6ba2f2ac544d1ea907317062023.png [33m404[0m 1.403 ms - 243[0m
2023-06-07 10:35:21 info: [0mGET /public/files/albums/mypicpngd17e588bd4bc0d7308d8f6ba2f2ac544d1ea907337062023png [33m404[0m 0.621 ms - 218[0m
2023-06-07 10:35:29 info: [0mGET /albums/categories [32m201[0m 358.055 ms - 64[0m
2023-06-07 10:35:29 info: [0mGET /albums/popular [32m201[0m 382.031 ms - -[0m
2023-06-07 10:35:30 info: [0mGET /albums/category/fjdsregknerujngdifjnigi [32m201[0m 773.962 ms - -[0m
2023-06-07 10:35:30 info: [0mGET /public/files/albums/Picsart_22-03-01_14-57-46-602pngd17e588bd4bc0d7308d8f6ba2f2ac544d1ea907317062023.png [33m404[0m 0.663 ms - 243[0m
2023-06-07 10:35:30 info: [0mGET /public/files/albums/Picsart_22-03-01_14-57-46-602pnge46dae47e1c4a04c0b00ba5bf00a14b38ed3e9e500062023png [33m404[0m 0.428 ms - 242[0m
2023-06-07 10:35:31 info: [0mGET /public/files/albums/mypicpngd17e588bd4bc0d7308d8f6ba2f2ac544d1ea907337062023png [33m404[0m 0.602 ms - 218[0m
2023-06-07 10:37:07 info: =================================
2023-06-07 10:37:07 info: ======= ENV: development =======
2023-06-07 10:37:07 info: 🚀 App listening on the port 4000
2023-06-07 10:37:07 info: =================================
2023-06-07 10:37:14 info: =================================
2023-06-07 10:37:14 info: ======= ENV: development =======
2023-06-07 10:37:14 info: 🚀 App listening on the port 4000
2023-06-07 10:37:14 info: =================================
2023-06-07 10:37:20 info: =================================
2023-06-07 10:37:20 info: ======= ENV: development =======
2023-06-07 10:37:20 info: 🚀 App listening on the port 4000
2023-06-07 10:37:20 info: =================================
2023-06-07 10:37:27 info: =================================
2023-06-07 10:37:27 info: ======= ENV: development =======
2023-06-07 10:37:27 info: 🚀 App listening on the port 4000
2023-06-07 10:37:27 info: =================================
2023-06-07 10:37:34 info: =================================
2023-06-07 10:37:34 info: ======= ENV: development =======
2023-06-07 10:37:34 info: 🚀 App listening on the port 4000
2023-06-07 10:37:34 info: =================================
2023-06-07 10:37:39 info: =================================
2023-06-07 10:37:39 info: ======= ENV: development =======
2023-06-07 10:37:39 info: 🚀 App listening on the port 4000
2023-06-07 10:37:39 info: =================================
2023-06-07 10:37:45 info: =================================
2023-06-07 10:37:45 info: ======= ENV: development =======
2023-06-07 10:37:45 info: 🚀 App listening on the port 4000
2023-06-07 10:37:45 info: =================================
2023-06-07 10:39:19 info: [0mGET /public/files/albums/Picsart_22-03-01_14-57-46-602pnge46dae47e1c4a04c0b00ba5bf00a14b38ed3e9e500062023png [33m404[0m 6.866 ms - 242[0m
2023-06-07 10:39:19 info: [0mGET /public/files/albums/Picsart_22-03-01_14-57-46-602pngd17e588bd4bc0d7308d8f6ba2f2ac544d1ea907317062023.png [33m404[0m 6.869 ms - 243[0m
2023-06-07 10:39:20 info: [0mGET /public/files/albums/mypicpngd17e588bd4bc0d7308d8f6ba2f2ac544d1ea907337062023png [33m404[0m 0.736 ms - 218[0m
2023-06-07 10:39:37 info: [0mGET /public/files/albums/Picsart_22-03-01_14-57-46-602pnge46dae47e1c4a04c0b00ba5bf00a14b38ed3e9e500062023png [33m404[0m 0.723 ms - 242[0m
2023-06-07 10:39:37 info: [0mGET /public/files/albums/Picsart_22-03-01_14-57-46-602pngd17e588bd4bc0d7308d8f6ba2f2ac544d1ea907317062023.png [33m404[0m 0.701 ms - 243[0m
2023-06-07 10:39:38 info: [0mGET /public/files/albums/mypicpngd17e588bd4bc0d7308d8f6ba2f2ac544d1ea907337062023png [33m404[0m 0.633 ms - 218[0m
2023-06-07 10:39:55 info: [0mGET /public/files/albums/Picsart_22-03-01_14-57-46-602pngd17e588bd4bc0d7308d8f6ba2f2ac544d1ea907317062023.png [33m404[0m 1.091 ms - 243[0m
2023-06-07 10:39:55 info: [0mGET /public/files/albums/Picsart_22-03-01_14-57-46-602pnge46dae47e1c4a04c0b00ba5bf00a14b38ed3e9e500062023png [33m404[0m 1.576 ms - 242[0m
2023-06-07 10:40:33 info: [0mGET /public/files/albums/Picsart_22-03-01_14-57-46-602pnge46dae47e1c4a04c0b00ba5bf00a14b38ed3e9e500062023png [33m404[0m 0.647 ms - 242[0m
2023-06-07 10:40:33 info: [0mGET /public/files/albums/Picsart_22-03-01_14-57-46-602pngd17e588bd4bc0d7308d8f6ba2f2ac544d1ea907317062023.png [33m404[0m 0.734 ms - 243[0m
2023-06-07 10:40:37 info: [0mGET /public/files/albums/Picsart_22-03-01_14-57-46-602pnge46dae47e1c4a04c0b00ba5bf00a14b38ed3e9e500062023png [33m404[0m 0.633 ms - 242[0m
2023-06-07 10:40:37 info: [0mGET /public/files/albums/Picsart_22-03-01_14-57-46-602pngd17e588bd4bc0d7308d8f6ba2f2ac544d1ea907317062023.png [33m404[0m 0.998 ms - 243[0m
2023-06-07 10:40:38 info: [0mGET /public/files/albums/mypicpngd17e588bd4bc0d7308d8f6ba2f2ac544d1ea907337062023png [33m404[0m 0.649 ms - 218[0m
2023-06-07 10:40:44 info: [0mGET /public/files/albums/Picsart_22-03-01_14-57-46-602pngd17e588bd4bc0d7308d8f6ba2f2ac544d1ea907317062023.png [33m404[0m 1.568 ms - 243[0m
2023-06-07 10:40:44 info: [0mGET /public/files/albums/Picsart_22-03-01_14-57-46-602pnge46dae47e1c4a04c0b00ba5bf00a14b38ed3e9e500062023png [33m404[0m 1.397 ms - 242[0m
2023-06-07 10:40:46 info: [0mGET /public/files/albums/mypicpnge46dae47e1c4a04c0b00ba5bf00a14b38ed3e9e517062023.png [32m200[0m 5.754 ms - 606857[0m
2023-06-07 10:40:48 info: [0mGET /public/files/albums/Picsart_22-03-01_14-57-46-602pngd17e588bd4bc0d7308d8f6ba2f2ac544d1ea907317062023.png [33m404[0m 0.656 ms - 243[0m
2023-06-07 10:40:48 info: [0mGET /public/files/albums/Picsart_22-03-01_14-57-46-602pnge46dae47e1c4a04c0b00ba5bf00a14b38ed3e9e500062023png [33m404[0m 0.632 ms - 242[0m
2023-06-07 11:38:36 info: [0mGET /albums/categories [32m201[0m 525.808 ms - 64[0m
2023-06-07 11:38:36 info: [0mGET /albums/popular [32m201[0m 568.364 ms - -[0m
2023-06-07 11:38:37 info: [0mGET /albums/category/fjdsregknerujngdifjnigi [32m201[0m 859.395 ms - -[0m
2023-06-07 11:38:38 info: [0mGET /public/files/albums/Picsart_22-03-01_14-57-46-602pnge46dae47e1c4a04c0b00ba5bf00a14b38ed3e9e500062023png [33m404[0m 2.108 ms - 242[0m
2023-06-07 11:38:38 info: [0mGET /public/files/albums/Picsart_22-03-01_14-57-46-602pngd17e588bd4bc0d7308d8f6ba2f2ac544d1ea907317062023.png [33m404[0m 1.764 ms - 243[0m
2023-06-07 11:38:39 info: [0mGET /public/files/albums/mypicpngd17e588bd4bc0d7308d8f6ba2f2ac544d1ea907337062023png [33m404[0m 0.622 ms - 218[0m
2023-06-07 14:05:41 info: [0mGET /public/files/albums/mypicpngd17e588bd4bc0d7308d8f6ba2f2ac544d1ea907337062023png [33m404[0m 0.913 ms - 218[0m
2023-06-07 14:05:43 info: [0mGET /public/files/albums/Picsart_22-03-01_14-57-46-602pngd17e588bd4bc0d7308d8f6ba2f2ac544d1ea907317062023.png [33m404[0m 0.619 ms - 243[0m
2023-06-07 14:05:43 info: [0mGET /public/files/albums/Picsart_22-03-01_14-57-46-602pnge46dae47e1c4a04c0b00ba5bf00a14b38ed3e9e500062023png [33m404[0m 0.577 ms - 242[0m
2023-06-07 14:05:45 info: [0mGET /public/files/albums/mypicpngd17e588bd4bc0d7308d8f6ba2f2ac544d1ea907337062023png [33m404[0m 0.635 ms - 218[0m
2023-06-07 14:05:46 info: [0mGET /public/files/albums/Picsart_22-03-01_14-57-46-602pngd17e588bd4bc0d7308d8f6ba2f2ac544d1ea907317062023.png [33m404[0m 0.901 ms - 243[0m
2023-06-07 14:05:46 info: [0mGET /public/files/albums/Picsart_22-03-01_14-57-46-602pnge46dae47e1c4a04c0b00ba5bf00a14b38ed3e9e500062023png [33m404[0m 1.409 ms - 242[0m
2023-06-07 14:05:57 info: [0mGET /public/files/albums/Picsart_22-03-01_14-57-46-602pngd17e588bd4bc0d7308d8f6ba2f2ac544d1ea907317062023.png [33m404[0m 0.598 ms - 243[0m
2023-06-07 14:07:45 info: [0mGET /public/files/albums/Picsart_22-03-01_14-57-46-602pngd17e588bd4bc0d7308d8f6ba2f2ac544d1ea907317062023.png [33m404[0m 0.563 ms - 243[0m
2023-06-07 14:07:45 info: [0mGET /public/files/albums/Picsart_22-03-01_14-57-46-602pnge46dae47e1c4a04c0b00ba5bf00a14b38ed3e9e500062023png [33m404[0m 0.670 ms - 242[0m
2023-06-07 14:13:43 info: =================================
2023-06-07 14:13:43 info: ======= ENV: development =======
2023-06-07 14:13:43 info: 🚀 App listening on the port 4000
2023-06-07 14:13:43 info: =================================
2023-06-07 14:27:07 info: [0mGET /albums/categories [32m201[0m 530.324 ms - 64[0m
2023-06-07 14:27:07 info: [0mGET /albums/popular [32m201[0m 545.107 ms - -[0m
2023-06-07 14:27:08 info: [0mGET /albums/category/fjdsregknerujngdifjnigi [32m201[0m 785.181 ms - -[0m
2023-06-07 14:27:08 info: [0mGET /public/files/albums/Picsart_22-03-01_14-57-46-602pnge46dae47e1c4a04c0b00ba5bf00a14b38ed3e9e500062023png [33m404[0m 3.513 ms - 242[0m
2023-06-07 14:27:08 info: [0mGET /public/files/albums/Picsart_22-03-01_14-57-46-602pngd17e588bd4bc0d7308d8f6ba2f2ac544d1ea907317062023.png [33m404[0m 3.554 ms - 243[0m
2023-06-07 14:27:18 info: [0mGET /public/files/albums/Picsart_22-03-01_14-57-46-602pngd17e588bd4bc0d7308d8f6ba2f2ac544d1ea907317062023.png [33m404[0m 0.692 ms - 243[0m
2023-06-07 14:32:27 info: =================================
2023-06-07 14:32:27 info: ======= ENV: development =======
2023-06-07 14:32:27 info: 🚀 App listening on the port 4000
2023-06-07 14:32:27 info: =================================
2023-06-07 14:32:32 info: =================================
2023-06-07 14:32:32 info: ======= ENV: development =======
2023-06-07 14:32:32 info: 🚀 App listening on the port 4000
2023-06-07 14:32:32 info: =================================
2023-06-07 14:32:35 info: =================================
2023-06-07 14:32:35 info: ======= ENV: development =======
2023-06-07 14:32:35 info: 🚀 App listening on the port 4000
2023-06-07 14:32:35 info: =================================
2023-06-07 14:32:44 info: =================================
2023-06-07 14:32:44 info: ======= ENV: development =======
2023-06-07 14:32:44 info: 🚀 App listening on the port 4000
2023-06-07 14:32:44 info: =================================
2023-06-07 14:32:45 info: [0mGET /public/files/albums/Picsart_22-03-01_14-57-46-602pnge46dae47e1c4a04c0b00ba5bf00a14b38ed3e9e500062023png [33m404[0m 5.808 ms - 242[0m
2023-06-07 14:32:45 info: [0mGET /public/files/albums/Picsart_22-03-01_14-57-46-602pngd17e588bd4bc0d7308d8f6ba2f2ac544d1ea907317062023.png [33m404[0m 6.773 ms - 243[0m
2023-06-07 18:14:50 info: [0mGET /albums/popular [32m201[0m 632.084 ms - -[0m
2023-06-07 18:14:50 info: [0mGET /albums/categories [32m201[0m 614.778 ms - 64[0m
2023-06-07 18:14:51 info: [0mGET /albums/category/fjdsregknerujngdifjnigi [32m201[0m 779.462 ms - -[0m
2023-06-07 18:14:51 info: [0mGET /public/files/albums/Picsart_22-03-01_14-57-46-602pngd17e588bd4bc0d7308d8f6ba2f2ac544d1ea907317062023.png [33m404[0m 2.481 ms - 243[0m
2023-06-07 18:14:51 info: [0mGET /public/files/albums/Picsart_22-03-01_14-57-46-602pnge46dae47e1c4a04c0b00ba5bf00a14b38ed3e9e500062023png [33m404[0m 1.808 ms - 242[0m
2023-06-07 18:15:24 info: [0mGET /albums/popular [32m201[0m 383.188 ms - -[0m
2023-06-07 18:15:24 info: [0mGET /albums/categories [32m201[0m 413.273 ms - 64[0m
2023-06-07 18:15:25 info: [0mGET /albums/category/fjdsregknerujngdifjnigi [32m201[0m 828.413 ms - -[0m
2023-06-07 18:15:25 info: [0mGET /public/files/albums/Picsart_22-03-01_14-57-46-602pnge46dae47e1c4a04c0b00ba5bf00a14b38ed3e9e500062023png [33m404[0m 1.013 ms - 242[0m
2023-06-07 18:15:25 info: [0mGET /public/files/albums/Picsart_22-03-01_14-57-46-602pngd17e588bd4bc0d7308d8f6ba2f2ac544d1ea907317062023.png [33m404[0m 1.453 ms - 243[0m
2023-06-07 18:15:26 info: [0mGET /public/files/albums/mypicpngd17e588bd4bc0d7308d8f6ba2f2ac544d1ea907337062023png [33m404[0m 0.678 ms - 218[0m
2023-06-07 18:21:01 info: [0mGET /albums/categories [32m201[0m 378.462 ms - 64[0m
2023-06-07 18:21:01 info: [0mGET /albums/popular [32m201[0m 499.764 ms - -[0m
2023-06-07 18:21:02 info: [0mGET /albums/category/fjdsregknerujngdifjnigi [32m201[0m 759.018 ms - -[0m
2023-06-07 18:21:02 info: [0mGET /public/files/albums/Picsart_22-03-01_14-57-46-602pngd17e588bd4bc0d7308d8f6ba2f2ac544d1ea907317062023.png [33m404[0m 0.662 ms - 243[0m
2023-06-07 18:21:02 info: [0mGET /public/files/albums/Picsart_22-03-01_14-57-46-602pnge46dae47e1c4a04c0b00ba5bf00a14b38ed3e9e500062023png [33m404[0m 0.637 ms - 242[0m
2023-06-07 18:24:06 info: [0mGET /albums/popular [32m201[0m 387.726 ms - -[0m
2023-06-07 18:24:06 info: [0mGET /albums/categories [32m201[0m 388.567 ms - 64[0m
2023-06-07 18:24:07 info: [0mGET /albums/category/fjdsregknerujngdifjnigi [32m201[0m 765.510 ms - -[0m
2023-06-07 18:24:08 info: [0mGET /public/files/albums/Picsart_22-03-01_14-57-46-602pngd17e588bd4bc0d7308d8f6ba2f2ac544d1ea907317062023.png [33m404[0m 0.710 ms - 243[0m
2023-06-07 18:24:08 info: [0mGET /public/files/albums/Picsart_22-03-01_14-57-46-602pnge46dae47e1c4a04c0b00ba5bf00a14b38ed3e9e500062023png [33m404[0m 1.116 ms - 242[0m
2023-06-07 18:24:29 info: [0mGET /albums/popular [32m201[0m 368.141 ms - -[0m
2023-06-07 18:24:29 info: [0mGET /albums/categories [32m201[0m 379.686 ms - 64[0m
2023-06-07 18:24:30 info: [0mGET /albums/category/fjdsregknerujngdifjnigi [32m201[0m 764.795 ms - -[0m
2023-06-07 18:24:30 info: [0mGET /public/files/albums/Picsart_22-03-01_14-57-46-602pnge46dae47e1c4a04c0b00ba5bf00a14b38ed3e9e500062023png [33m404[0m 1.671 ms - 242[0m
2023-06-07 18:24:30 info: [0mGET /public/files/albums/Picsart_22-03-01_14-57-46-602pngd17e588bd4bc0d7308d8f6ba2f2ac544d1ea907317062023.png [33m404[0m 1.398 ms - 243[0m
2023-06-07 18:24:47 info: [0mGET /albums/categories [32m201[0m 384.840 ms - 64[0m
2023-06-07 18:24:47 info: [0mGET /albums/popular [32m201[0m 419.510 ms - -[0m
2023-06-07 18:24:48 info: [0mGET /albums/category/fjdsregknerujngdifjnigi [32m201[0m 745.935 ms - -[0m
2023-06-07 18:24:49 info: [0mGET /public/files/albums/Picsart_22-03-01_14-57-46-602pngd17e588bd4bc0d7308d8f6ba2f2ac544d1ea907317062023.png [33m404[0m 0.786 ms - 243[0m
2023-06-07 18:24:49 info: [0mGET /public/files/albums/Picsart_22-03-01_14-57-46-602pnge46dae47e1c4a04c0b00ba5bf00a14b38ed3e9e500062023png [33m404[0m 0.885 ms - 242[0m
2023-06-07 18:25:32 info: [0mGET /albums/categories [32m201[0m 392.835 ms - 64[0m
2023-06-07 18:25:32 info: [0mGET /albums/popular [32m201[0m 409.386 ms - -[0m
2023-06-07 18:25:33 info: [0mGET /albums/category/fjdsregknerujngdifjnigi [32m201[0m 794.851 ms - -[0m
2023-06-07 18:25:33 info: [0mGET /public/files/albums/Picsart_22-03-01_14-57-46-602pngd17e588bd4bc0d7308d8f6ba2f2ac544d1ea907317062023.png [33m404[0m 0.868 ms - 243[0m
2023-06-07 18:25:33 info: [0mGET /public/files/albums/Picsart_22-03-01_14-57-46-602pnge46dae47e1c4a04c0b00ba5bf00a14b38ed3e9e500062023png [33m404[0m 0.430 ms - 242[0m
2023-06-07 18:25:39 info: [0mGET /public/files/albums/Picsart_22-03-01_14-57-46-602pnge46dae47e1c4a04c0b00ba5bf00a14b38ed3e9e500062023png [33m404[0m 1.670 ms - 242[0m
2023-06-07 18:25:39 info: [0mGET /public/files/albums/Picsart_22-03-01_14-57-46-602pngd17e588bd4bc0d7308d8f6ba2f2ac544d1ea907317062023.png [33m404[0m 2.289 ms - 243[0m
2023-06-07 18:27:01 info: [0mGET /albums/categories [32m201[0m 363.967 ms - 64[0m
2023-06-07 18:27:01 info: [0mGET /albums/popular [32m201[0m 383.035 ms - -[0m
2023-06-07 18:27:02 info: [0mGET /albums/category/fjdsregknerujngdifjnigi [32m201[0m 768.625 ms - -[0m
2023-06-07 18:27:03 info: [0mGET /public/files/albums/Picsart_22-03-01_14-57-46-602pngd17e588bd4bc0d7308d8f6ba2f2ac544d1ea907317062023.png [33m404[0m 0.888 ms - 243[0m
2023-06-07 18:27:03 info: [0mGET /public/files/albums/Picsart_22-03-01_14-57-46-602pnge46dae47e1c4a04c0b00ba5bf00a14b38ed3e9e500062023png [33m404[0m 1.456 ms - 242[0m
2023-06-07 18:31:27 info: [0mGET /albums/categories [32m201[0m 357.419 ms - 64[0m
2023-06-07 18:31:27 info: [0mGET /albums/popular [32m201[0m 369.823 ms - -[0m
2023-06-07 18:31:28 info: [0mGET /albums/category/fjdsregknerujngdifjnigi [32m201[0m 737.919 ms - -[0m
2023-06-07 18:31:29 info: [0mGET /public/files/albums/Picsart_22-03-01_14-57-46-602pngd17e588bd4bc0d7308d8f6ba2f2ac544d1ea907317062023.png [33m404[0m 1.566 ms - 243[0m
2023-06-07 18:31:29 info: [0mGET /public/files/albums/Picsart_22-03-01_14-57-46-602pnge46dae47e1c4a04c0b00ba5bf00a14b38ed3e9e500062023png [33m404[0m 2.100 ms - 242[0m
2023-06-07 18:33:06 info: [0mGET /albums/categories [32m201[0m 375.345 ms - 64[0m
2023-06-07 18:33:06 info: [0mGET /albums/popular [32m201[0m 428.384 ms - -[0m
2023-06-07 18:33:07 info: [0mGET /albums/category/fjdsregknerujngdifjnigi [32m201[0m 823.818 ms - -[0m
2023-06-07 18:33:08 info: [0mGET /public/files/albums/Picsart_22-03-01_14-57-46-602pngd17e588bd4bc0d7308d8f6ba2f2ac544d1ea907317062023.png [33m404[0m 0.584 ms - 243[0m
2023-06-07 18:33:08 info: [0mGET /public/files/albums/Picsart_22-03-01_14-57-46-602pnge46dae47e1c4a04c0b00ba5bf00a14b38ed3e9e500062023png [33m404[0m 0.493 ms - 242[0m
2023-06-07 18:34:18 info: [0mGET /albums/categories [32m201[0m 397.744 ms - 64[0m
2023-06-07 18:34:18 info: [0mGET /albums/popular [32m201[0m 433.562 ms - -[0m
2023-06-07 18:34:20 info: [0mGET /albums/category/fjdsregknerujngdifjnigi [32m201[0m 805.110 ms - -[0m
2023-06-07 18:34:20 info: [0mGET /public/files/albums/Picsart_22-03-01_14-57-46-602pngd17e588bd4bc0d7308d8f6ba2f2ac544d1ea907317062023.png [33m404[0m 0.606 ms - 243[0m
2023-06-07 18:34:20 info: [0mGET /public/files/albums/Picsart_22-03-01_14-57-46-602pnge46dae47e1c4a04c0b00ba5bf00a14b38ed3e9e500062023png [33m404[0m 0.420 ms - 242[0m
2023-06-07 18:35:09 info: [0mGET /albums/categories [32m201[0m 366.825 ms - 64[0m
2023-06-07 18:35:09 info: [0mGET /albums/popular [32m201[0m 385.454 ms - -[0m
2023-06-07 18:35:11 info: [0mGET /albums/category/fjdsregknerujngdifjnigi [32m201[0m 1045.863 ms - -[0m
2023-06-07 18:35:11 info: [0mGET /public/files/albums/Picsart_22-03-01_14-57-46-602pnge46dae47e1c4a04c0b00ba5bf00a14b38ed3e9e500062023png [33m404[0m 1.310 ms - 242[0m
2023-06-07 18:35:11 info: [0mGET /public/files/albums/Picsart_22-03-01_14-57-46-602pngd17e588bd4bc0d7308d8f6ba2f2ac544d1ea907317062023.png [33m404[0m 0.380 ms - 243[0m
2023-06-07 18:35:39 info: [0mGET /albums/popular [32m201[0m 383.104 ms - -[0m
2023-06-07 18:35:39 info: [0mGET /albums/categories [32m201[0m 677.055 ms - 64[0m
2023-06-07 18:35:40 info: [0mGET /albums/category/fjdsregknerujngdifjnigi [32m201[0m 813.033 ms - -[0m
2023-06-07 18:35:40 info: [0mGET /public/files/albums/Picsart_22-03-01_14-57-46-602pngd17e588bd4bc0d7308d8f6ba2f2ac544d1ea907317062023.png [33m404[0m 0.609 ms - 243[0m
2023-06-07 18:35:40 info: [0mGET /public/files/albums/Picsart_22-03-01_14-57-46-602pnge46dae47e1c4a04c0b00ba5bf00a14b38ed3e9e500062023png [33m404[0m 0.429 ms - 242[0m
2023-06-07 18:36:58 info: [0mGET /albums/popular [32m201[0m 383.457 ms - -[0m
2023-06-07 18:36:58 info: [0mGET /albums/categories [32m201[0m 390.792 ms - 64[0m
2023-06-07 18:36:58 info: [0mGET /albums/category/fjdsregknerujngdifjnigi [32m201[0m 767.017 ms - -[0m
2023-06-07 18:36:59 info: [0mGET /public/files/albums/Picsart_22-03-01_14-57-46-602pngd17e588bd4bc0d7308d8f6ba2f2ac544d1ea907317062023.png [33m404[0m 0.638 ms - 243[0m
2023-06-07 18:36:59 info: [0mGET /public/files/albums/Picsart_22-03-01_14-57-46-602pnge46dae47e1c4a04c0b00ba5bf00a14b38ed3e9e500062023png [33m404[0m 0.526 ms - 242[0m
2023-06-07 18:37:36 info: [0mGET /albums/popular [32m201[0m 403.683 ms - -[0m
2023-06-07 18:37:36 info: [0mGET /albums/categories [32m201[0m 392.670 ms - 64[0m
2023-06-07 18:37:36 info: [0mGET /albums/category/fjdsregknerujngdifjnigi [0m-[0m - ms - -[0m
