2023-03-16 11:29:54 info: =================================
2023-03-16 11:29:54 info: ======= ENV: development =======
2023-03-16 11:29:54 info: 🚀 App listening on the port 3000
2023-03-16 11:29:54 info: =================================
2023-03-16 12:39:13 info: =================================
2023-03-16 12:39:13 info: ======= ENV: development =======
2023-03-16 12:39:13 info: 🚀 App listening on the port 3000
2023-03-16 12:39:13 info: =================================
2023-03-16 12:42:38 info: =================================
2023-03-16 12:42:38 info: ======= ENV: development =======
2023-03-16 12:42:38 info: 🚀 App listening on the port 3000
2023-03-16 12:42:38 info: =================================
2023-03-16 12:42:48 info: =================================
2023-03-16 12:42:48 info: ======= ENV: development =======
2023-03-16 12:42:48 info: 🚀 App listening on the port 3000
2023-03-16 12:42:48 info: =================================
2023-03-16 12:43:08 info: =================================
2023-03-16 12:43:08 info: ======= ENV: development =======
2023-03-16 12:43:08 info: 🚀 App listening on the port 3000
2023-03-16 12:43:08 info: =================================
2023-03-16 12:43:15 info: =================================
2023-03-16 12:43:15 info: ======= ENV: development =======
2023-03-16 12:43:15 info: 🚀 App listening on the port 3000
2023-03-16 12:43:15 info: =================================
2023-03-16 12:43:19 info: =================================
2023-03-16 12:43:19 info: ======= ENV: development =======
2023-03-16 12:43:19 info: 🚀 App listening on the port 3000
2023-03-16 12:43:19 info: =================================
2023-03-16 12:43:22 info: =================================
2023-03-16 12:43:22 info: ======= ENV: development =======
2023-03-16 12:43:22 info: 🚀 App listening on the port 3000
2023-03-16 12:43:22 info: =================================
2023-03-16 12:43:29 info: =================================
2023-03-16 12:43:29 info: ======= ENV: development =======
2023-03-16 12:43:29 info: 🚀 App listening on the port 3000
2023-03-16 12:43:29 info: =================================
2023-03-16 12:43:32 info: =================================
2023-03-16 12:43:32 info: ======= ENV: development =======
2023-03-16 12:43:32 info: 🚀 App listening on the port 3000
2023-03-16 12:43:32 info: =================================
2023-03-16 12:43:41 info: =================================
2023-03-16 12:43:41 info: ======= ENV: development =======
2023-03-16 12:43:41 info: 🚀 App listening on the port 3000
2023-03-16 12:43:41 info: =================================
2023-03-16 12:43:47 info: =================================
2023-03-16 12:43:47 info: ======= ENV: development =======
2023-03-16 12:43:47 info: 🚀 App listening on the port 3000
2023-03-16 12:43:47 info: =================================
2023-03-16 12:43:55 info: =================================
2023-03-16 12:43:55 info: ======= ENV: development =======
2023-03-16 12:43:55 info: 🚀 App listening on the port 3000
2023-03-16 12:43:55 info: =================================
2023-03-16 12:44:12 info: =================================
2023-03-16 12:44:12 info: ======= ENV: development =======
2023-03-16 12:44:12 info: 🚀 App listening on the port 3000
2023-03-16 12:44:12 info: =================================
2023-03-16 12:44:15 info: =================================
2023-03-16 12:44:15 info: ======= ENV: development =======
2023-03-16 12:44:15 info: 🚀 App listening on the port 3000
2023-03-16 12:44:15 info: =================================
2023-03-16 12:44:22 info: =================================
2023-03-16 12:44:22 info: ======= ENV: development =======
2023-03-16 12:44:22 info: 🚀 App listening on the port 3000
2023-03-16 12:44:22 info: =================================
2023-03-16 12:44:27 info: =================================
2023-03-16 12:44:27 info: ======= ENV: development =======
2023-03-16 12:44:27 info: 🚀 App listening on the port 3000
2023-03-16 12:44:27 info: =================================
2023-03-16 12:44:44 info: =================================
2023-03-16 12:44:44 info: ======= ENV: development =======
2023-03-16 12:44:44 info: 🚀 App listening on the port 3000
2023-03-16 12:44:44 info: =================================
2023-03-16 12:44:48 info: =================================
2023-03-16 12:44:48 info: ======= ENV: development =======
2023-03-16 12:44:48 info: 🚀 App listening on the port 3000
2023-03-16 12:44:48 info: =================================
2023-03-16 12:45:01 info: =================================
2023-03-16 12:45:01 info: ======= ENV: development =======
2023-03-16 12:45:01 info: 🚀 App listening on the port 3000
2023-03-16 12:45:01 info: =================================
2023-03-16 12:45:04 info: =================================
2023-03-16 12:45:04 info: ======= ENV: development =======
2023-03-16 12:45:04 info: 🚀 App listening on the port 3000
2023-03-16 12:45:04 info: =================================
2023-03-16 12:46:33 info: =================================
2023-03-16 12:46:33 info: ======= ENV: development =======
2023-03-16 12:46:33 info: 🚀 App listening on the port 3000
2023-03-16 12:46:33 info: =================================
2023-03-16 12:46:43 info: =================================
2023-03-16 12:46:43 info: ======= ENV: development =======
2023-03-16 12:46:43 info: 🚀 App listening on the port 3000
2023-03-16 12:46:43 info: =================================
2023-03-16 12:50:11 info: =================================
2023-03-16 12:50:11 info: ======= ENV: development =======
2023-03-16 12:50:11 info: 🚀 App listening on the port 3000
2023-03-16 12:50:11 info: =================================
2023-03-16 12:50:22 info: =================================
2023-03-16 12:50:22 info: ======= ENV: development =======
2023-03-16 12:50:22 info: 🚀 App listening on the port 3000
2023-03-16 12:50:22 info: =================================
2023-03-16 12:50:39 info: =================================
2023-03-16 12:50:39 info: ======= ENV: development =======
2023-03-16 12:50:39 info: 🚀 App listening on the port 3000
2023-03-16 12:50:39 info: =================================
2023-03-16 12:51:00 info: =================================
2023-03-16 12:51:00 info: ======= ENV: development =======
2023-03-16 12:51:00 info: 🚀 App listening on the port 3000
2023-03-16 12:51:00 info: =================================
2023-03-16 12:51:02 info: =================================
2023-03-16 12:51:02 info: ======= ENV: development =======
2023-03-16 12:51:02 info: 🚀 App listening on the port 3000
2023-03-16 12:51:02 info: =================================
2023-03-16 12:51:09 info: =================================
2023-03-16 12:51:09 info: ======= ENV: development =======
2023-03-16 12:51:09 info: 🚀 App listening on the port 3000
2023-03-16 12:51:09 info: =================================
2023-03-16 12:51:24 info: =================================
2023-03-16 12:51:24 info: ======= ENV: development =======
2023-03-16 12:51:24 info: 🚀 App listening on the port 3000
2023-03-16 12:51:24 info: =================================
2023-03-16 12:51:43 info: =================================
2023-03-16 12:51:43 info: ======= ENV: development =======
2023-03-16 12:51:43 info: 🚀 App listening on the port 3000
2023-03-16 12:51:43 info: =================================
2023-03-16 12:51:51 error: [GET] /users/eed643debd97315fc74a81c05502487e7e2bf474 >> StatusCode:: 400, Message:: userData is empty
2023-03-16 12:51:51 info: [0mGET /users/eed643debd97315fc74a81c05502487e7e2bf474 [33m400[0m 5.156 ms - 31[0m
2023-03-16 12:53:51 error: [GET] /users/60c43f97442beb8d618cf2998ae7910550a10297 >> StatusCode:: 400, Message:: userData is empty
2023-03-16 12:53:51 info: [0mGET /users/60c43f97442beb8d618cf2998ae7910550a10297 [33m400[0m 1.847 ms - 31[0m
2023-03-16 12:54:40 info: =================================
2023-03-16 12:54:40 info: ======= ENV: development =======
2023-03-16 12:54:40 info: 🚀 App listening on the port 3000
2023-03-16 12:54:40 info: =================================
2023-03-16 12:54:47 info: =================================
2023-03-16 12:54:47 info: ======= ENV: development =======
2023-03-16 12:54:47 info: 🚀 App listening on the port 3000
2023-03-16 12:54:47 info: =================================
2023-03-16 12:54:50 error: [GET] /users/60c43f97442beb8d618cf2998ae7910550a10297 >> StatusCode:: 400, Message:: userData is empty
2023-03-16 12:54:50 info: [0mGET /users/60c43f97442beb8d618cf2998ae7910550a10297 [33m400[0m 5.875 ms - 31[0m
2023-03-16 12:54:54 error: [GET] /users/60c43f97442beb8d618cf2998ae7910550a10297 >> StatusCode:: 400, Message:: userData is empty
2023-03-16 12:54:54 info: [0mGET /users/60c43f97442beb8d618cf2998ae7910550a10297 [33m400[0m 1.748 ms - 31[0m
2023-03-16 12:58:13 error: [GET] /users/60c43f97442beb8d618cf2998ae7910550a10297 >> StatusCode:: 400, Message:: userData is empty
2023-03-16 12:58:13 info: [0mGET /users/60c43f97442beb8d618cf2998ae7910550a10297 [33m400[0m 1.412 ms - 31[0m
2023-03-16 12:58:22 info: =================================
2023-03-16 12:58:22 info: ======= ENV: development =======
2023-03-16 12:58:22 info: 🚀 App listening on the port 3000
2023-03-16 12:58:22 info: =================================
2023-03-16 12:58:56 info: =================================
2023-03-16 12:58:56 info: ======= ENV: development =======
2023-03-16 12:58:56 info: 🚀 App listening on the port 3000
2023-03-16 12:58:56 info: =================================
2023-03-16 12:59:05 info: =================================
2023-03-16 12:59:05 info: ======= ENV: development =======
2023-03-16 12:59:05 info: 🚀 App listening on the port 3000
2023-03-16 12:59:05 info: =================================
2023-03-16 12:59:10 info: =================================
2023-03-16 12:59:10 info: ======= ENV: development =======
2023-03-16 12:59:10 info: 🚀 App listening on the port 3000
2023-03-16 12:59:10 info: =================================
2023-03-16 12:59:16 info: =================================
2023-03-16 12:59:16 info: ======= ENV: development =======
2023-03-16 12:59:16 info: 🚀 App listening on the port 3000
2023-03-16 12:59:16 info: =================================
2023-03-16 12:59:18 info: [0mGET /users/60c43f97442beb8d618cf2998ae7910550a10297 [32m200[0m 491.359 ms - 21[0m
2023-03-16 12:59:51 info: =================================
2023-03-16 12:59:51 info: ======= ENV: development =======
2023-03-16 12:59:51 info: 🚀 App listening on the port 3000
2023-03-16 12:59:51 info: =================================
2023-03-16 13:00:04 info: =================================
2023-03-16 13:00:04 info: ======= ENV: development =======
2023-03-16 13:00:04 info: 🚀 App listening on the port 3000
2023-03-16 13:00:04 info: =================================
2023-03-16 13:00:05 info: [0mGET /users/60c43f97442beb8d618cf2998ae7910550a10297 [32m200[0m 450.886 ms - 2[0m
2023-03-16 13:00:11 info: =================================
2023-03-16 13:00:11 info: ======= ENV: development =======
2023-03-16 13:00:11 info: 🚀 App listening on the port 3000
2023-03-16 13:00:11 info: =================================
2023-03-16 13:00:43 info: =================================
2023-03-16 13:00:43 info: ======= ENV: development =======
2023-03-16 13:00:43 info: 🚀 App listening on the port 3000
2023-03-16 13:00:43 info: =================================
2023-03-16 13:00:46 info: =================================
2023-03-16 13:00:46 info: ======= ENV: development =======
2023-03-16 13:00:46 info: 🚀 App listening on the port 3000
2023-03-16 13:00:46 info: =================================
2023-03-16 13:00:50 info: [0mGET /users/60c43f97442beb8d618cf2998ae7910550a10297 [32m200[0m 427.472 ms - 2[0m
2023-03-16 13:01:38 info: =================================
2023-03-16 13:01:38 info: ======= ENV: development =======
2023-03-16 13:01:38 info: 🚀 App listening on the port 3000
2023-03-16 13:01:38 info: =================================
2023-03-16 13:01:47 info: [0mGET /users/60c43f97442beb8d618cf2998ae7910550a10297 [32m200[0m 421.067 ms - 2[0m
2023-03-16 13:02:01 info: =================================
2023-03-16 13:02:01 info: ======= ENV: development =======
2023-03-16 13:02:01 info: 🚀 App listening on the port 3000
2023-03-16 13:02:01 info: =================================
2023-03-16 13:02:08 info: =================================
2023-03-16 13:02:08 info: ======= ENV: development =======
2023-03-16 13:02:08 info: 🚀 App listening on the port 3000
2023-03-16 13:02:08 info: =================================
2023-03-16 13:02:16 info: =================================
2023-03-16 13:02:16 info: ======= ENV: development =======
2023-03-16 13:02:16 info: 🚀 App listening on the port 3000
2023-03-16 13:02:16 info: =================================
2023-03-16 13:02:19 info: =================================
2023-03-16 13:02:19 info: ======= ENV: development =======
2023-03-16 13:02:19 info: 🚀 App listening on the port 3000
2023-03-16 13:02:19 info: =================================
2023-03-16 13:02:23 info: =================================
2023-03-16 13:02:23 info: ======= ENV: development =======
2023-03-16 13:02:23 info: 🚀 App listening on the port 3000
2023-03-16 13:02:23 info: =================================
2023-03-16 13:02:25 info: [0mGET /users/60c43f97442beb8d618cf2998ae7910550a10297 [32m200[0m 420.961 ms - 2[0m
2023-03-16 13:02:32 info: =================================
2023-03-16 13:02:32 info: ======= ENV: development =======
2023-03-16 13:02:32 info: 🚀 App listening on the port 3000
2023-03-16 13:02:32 info: =================================
2023-03-16 13:02:41 info: =================================
2023-03-16 13:02:41 info: ======= ENV: development =======
2023-03-16 13:02:41 info: 🚀 App listening on the port 3000
2023-03-16 13:02:41 info: =================================
2023-03-16 13:02:44 info: [0mGET /users/60c43f97442beb8d618cf2998ae7910550a10297 [32m200[0m 408.034 ms - 2[0m
2023-03-16 13:03:10 info: =================================
2023-03-16 13:03:10 info: ======= ENV: development =======
2023-03-16 13:03:10 info: 🚀 App listening on the port 3000
2023-03-16 13:03:10 info: =================================
2023-03-16 13:03:12 info: [0mGET /users/60c43f97442beb8d618cf2998ae7910550a10297 [32m200[0m 414.470 ms - 2[0m
2023-03-16 13:03:22 info: =================================
2023-03-16 13:03:22 info: ======= ENV: development =======
2023-03-16 13:03:22 info: 🚀 App listening on the port 3000
2023-03-16 13:03:22 info: =================================
2023-03-16 13:03:58 info: =================================
2023-03-16 13:03:58 info: ======= ENV: development =======
2023-03-16 13:03:58 info: 🚀 App listening on the port 3000
2023-03-16 13:03:58 info: =================================
2023-03-16 13:04:02 info: [0mGET /users/60c43f97442beb8d618cf2998ae7910550a10297 [32m200[0m 443.127 ms - 2[0m
2023-03-16 13:04:13 info: =================================
2023-03-16 13:04:13 info: ======= ENV: development =======
2023-03-16 13:04:13 info: 🚀 App listening on the port 3000
2023-03-16 13:04:13 info: =================================
2023-03-16 13:04:16 info: [0mGET /users/60c43f97442beb8d618cf2998ae7910550a10297 [32m200[0m 420.020 ms - 2[0m
2023-03-16 13:04:32 info: =================================
2023-03-16 13:04:32 info: ======= ENV: development =======
2023-03-16 13:04:32 info: 🚀 App listening on the port 3000
2023-03-16 13:04:32 info: =================================
2023-03-16 13:04:38 info: =================================
2023-03-16 13:04:38 info: ======= ENV: development =======
2023-03-16 13:04:38 info: 🚀 App listening on the port 3000
2023-03-16 13:04:38 info: =================================
2023-03-16 13:04:40 info: [0mGET /users/60c43f97442beb8d618cf2998ae7910550a10297 [32m200[0m 400.237 ms - 284[0m
2023-03-16 13:05:00 info: =================================
2023-03-16 13:05:00 info: ======= ENV: development =======
2023-03-16 13:05:00 info: 🚀 App listening on the port 3000
2023-03-16 13:05:00 info: =================================
2023-03-16 13:05:04 info: =================================
2023-03-16 13:05:04 info: ======= ENV: development =======
2023-03-16 13:05:04 info: 🚀 App listening on the port 3000
2023-03-16 13:05:04 info: =================================
2023-03-16 13:05:05 info: [0mGET /users/60c43f97442beb8d618cf2998ae7910550a10297 [32m200[0m 661.554 ms - 282[0m
2023-03-16 13:05:33 info: =================================
2023-03-16 13:05:33 info: ======= ENV: development =======
2023-03-16 13:05:33 info: 🚀 App listening on the port 3000
2023-03-16 13:05:33 info: =================================
2023-03-16 13:05:38 info: [0mGET /users/60c43f97442beb8d618cf2998ae7910550a10297 [32m200[0m 561.472 ms - 282[0m
2023-03-16 13:07:26 info: =================================
2023-03-16 13:07:26 info: ======= ENV: development =======
2023-03-16 13:07:26 info: 🚀 App listening on the port 3000
2023-03-16 13:07:26 info: =================================
2023-03-16 13:07:31 info: =================================
2023-03-16 13:07:31 info: ======= ENV: development =======
2023-03-16 13:07:31 info: 🚀 App listening on the port 3000
2023-03-16 13:07:31 info: =================================
2023-03-16 13:07:38 info: =================================
2023-03-16 13:07:38 info: ======= ENV: development =======
2023-03-16 13:07:38 info: 🚀 App listening on the port 3000
2023-03-16 13:07:38 info: =================================
2023-03-16 13:07:39 info: [0mGET /users/60c43f97442beb8d618cf2998ae7910550a10297 [32m200[0m 422.904 ms - 282[0m
2023-03-16 13:07:54 info: =================================
2023-03-16 13:07:54 info: ======= ENV: development =======
2023-03-16 13:07:54 info: 🚀 App listening on the port 3000
2023-03-16 13:07:54 info: =================================
2023-03-16 13:08:14 info: =================================
2023-03-16 13:08:15 info: ======= ENV: development =======
2023-03-16 13:08:15 info: 🚀 App listening on the port 3000
2023-03-16 13:08:15 info: =================================
2023-03-16 13:08:18 info: =================================
2023-03-16 13:08:18 info: ======= ENV: development =======
2023-03-16 13:08:18 info: 🚀 App listening on the port 3000
2023-03-16 13:08:18 info: =================================
2023-03-16 13:08:26 info: =================================
2023-03-16 13:08:26 info: ======= ENV: development =======
2023-03-16 13:08:26 info: 🚀 App listening on the port 3000
2023-03-16 13:08:26 info: =================================
2023-03-16 13:08:38 info: =================================
2023-03-16 13:08:38 info: ======= ENV: development =======
2023-03-16 13:08:38 info: 🚀 App listening on the port 3000
2023-03-16 13:08:38 info: =================================
2023-03-16 13:08:42 info: =================================
2023-03-16 13:08:42 info: ======= ENV: development =======
2023-03-16 13:08:42 info: 🚀 App listening on the port 3000
2023-03-16 13:08:42 info: =================================
2023-03-16 13:08:46 info: =================================
2023-03-16 13:08:46 info: ======= ENV: development =======
2023-03-16 13:08:46 info: 🚀 App listening on the port 3000
2023-03-16 13:08:46 info: =================================
2023-03-16 13:08:54 info: =================================
2023-03-16 13:08:54 info: ======= ENV: development =======
2023-03-16 13:08:54 info: 🚀 App listening on the port 3000
2023-03-16 13:08:54 info: =================================
2023-03-16 13:09:01 info: =================================
2023-03-16 13:09:01 info: ======= ENV: development =======
2023-03-16 13:09:01 info: 🚀 App listening on the port 3000
2023-03-16 13:09:01 info: =================================
2023-03-16 13:09:07 info: =================================
2023-03-16 13:09:07 info: ======= ENV: development =======
2023-03-16 13:09:07 info: 🚀 App listening on the port 3000
2023-03-16 13:09:07 info: =================================
2023-03-16 13:09:12 info: =================================
2023-03-16 13:09:12 info: ======= ENV: development =======
2023-03-16 13:09:12 info: 🚀 App listening on the port 3000
2023-03-16 13:09:12 info: =================================
2023-03-16 13:09:18 info: =================================
2023-03-16 13:09:18 info: ======= ENV: development =======
2023-03-16 13:09:18 info: 🚀 App listening on the port 3000
2023-03-16 13:09:18 info: =================================
2023-03-16 13:09:24 info: =================================
2023-03-16 13:09:24 info: ======= ENV: development =======
2023-03-16 13:09:24 info: 🚀 App listening on the port 3000
2023-03-16 13:09:24 info: =================================
2023-03-16 13:09:35 info: =================================
2023-03-16 13:09:35 info: ======= ENV: development =======
2023-03-16 13:09:35 info: 🚀 App listening on the port 3000
2023-03-16 13:09:35 info: =================================
2023-03-16 13:09:40 info: =================================
2023-03-16 13:09:40 info: ======= ENV: development =======
2023-03-16 13:09:40 info: 🚀 App listening on the port 3000
2023-03-16 13:09:40 info: =================================
2023-03-16 13:09:44 info: =================================
2023-03-16 13:09:44 info: ======= ENV: development =======
2023-03-16 13:09:44 info: 🚀 App listening on the port 3000
2023-03-16 13:09:44 info: =================================
2023-03-16 13:09:51 info: =================================
2023-03-16 13:09:51 info: ======= ENV: development =======
2023-03-16 13:09:51 info: 🚀 App listening on the port 3000
2023-03-16 13:09:51 info: =================================
2023-03-16 13:13:31 info: =================================
2023-03-16 13:13:31 info: ======= ENV: development =======
2023-03-16 13:13:31 info: 🚀 App listening on the port 3000
2023-03-16 13:13:31 info: =================================
2023-03-16 13:14:27 info: =================================
2023-03-16 13:14:27 info: ======= ENV: development =======
2023-03-16 13:14:27 info: 🚀 App listening on the port 3000
2023-03-16 13:14:27 info: =================================
2023-03-16 13:37:17 info: =================================
2023-03-16 13:37:17 info: ======= ENV: development =======
2023-03-16 13:37:17 info: 🚀 App listening on the port 3000
2023-03-16 13:37:17 info: =================================
2023-03-16 13:39:43 info: =================================
2023-03-16 13:39:43 info: ======= ENV: development =======
2023-03-16 13:39:43 info: 🚀 App listening on the port 3000
2023-03-16 13:39:43 info: =================================
2023-03-16 13:39:55 info: =================================
2023-03-16 13:39:55 info: ======= ENV: development =======
2023-03-16 13:39:55 info: 🚀 App listening on the port 3000
2023-03-16 13:39:55 info: =================================
2023-03-16 13:39:58 info: [0mPOST /signup [32m201[0m 477.604 ms - 2[0m
2023-03-16 13:40:07 info: [0mPOST /signup [32m201[0m 461.764 ms - 2[0m
2023-03-16 13:40:18 info: =================================
2023-03-16 13:40:18 info: ======= ENV: development =======
2023-03-16 13:40:18 info: 🚀 App listening on the port 3000
2023-03-16 13:40:18 info: =================================
2023-03-16 13:40:41 info: =================================
2023-03-16 13:40:41 info: ======= ENV: development =======
2023-03-16 13:40:41 info: 🚀 App listening on the port 3000
2023-03-16 13:40:41 info: =================================
2023-03-16 13:40:44 info: [0mPOST /signup [36m302[0m 1568.036 ms - 305[0m
2023-03-16 13:47:39 info: =================================
2023-03-16 13:47:39 info: ======= ENV: development =======
2023-03-16 13:47:39 info: 🚀 App listening on the port 3000
2023-03-16 13:47:39 info: =================================
2023-03-16 13:47:47 info: =================================
2023-03-16 13:47:47 info: ======= ENV: development =======
2023-03-16 13:47:47 info: 🚀 App listening on the port 3000
2023-03-16 13:47:47 info: =================================
2023-03-16 13:47:55 info: =================================
2023-03-16 13:47:55 info: ======= ENV: development =======
2023-03-16 13:47:55 info: 🚀 App listening on the port 3000
2023-03-16 13:47:55 info: =================================
2023-03-16 13:50:46 info: =================================
2023-03-16 13:50:46 info: ======= ENV: development =======
2023-03-16 13:50:46 info: 🚀 App listening on the port 3000
2023-03-16 13:50:46 info: =================================
2023-03-16 13:50:55 info: =================================
2023-03-16 13:50:55 info: ======= ENV: development =======
2023-03-16 13:50:55 info: 🚀 App listening on the port 3000
2023-03-16 13:50:55 info: =================================
2023-03-16 13:51:42 info: =================================
2023-03-16 13:51:42 info: ======= ENV: development =======
2023-03-16 13:51:42 info: 🚀 App listening on the port 3000
2023-03-16 13:51:42 info: =================================
2023-03-16 13:51:53 info: =================================
2023-03-16 13:51:53 info: ======= ENV: development =======
2023-03-16 13:51:53 info: 🚀 App listening on the port 3000
2023-03-16 13:51:53 info: =================================
2023-03-16 13:52:03 info: =================================
2023-03-16 13:52:03 info: ======= ENV: development =======
2023-03-16 13:52:03 info: 🚀 App listening on the port 3000
2023-03-16 13:52:03 info: =================================
2023-03-16 13:52:17 info: =================================
2023-03-16 13:52:17 info: ======= ENV: development =======
2023-03-16 13:52:17 info: 🚀 App listening on the port 3000
2023-03-16 13:52:17 info: =================================
2023-03-16 13:52:24 info: =================================
2023-03-16 13:52:24 info: ======= ENV: development =======
2023-03-16 13:52:24 info: 🚀 App listening on the port 3000
2023-03-16 13:52:24 info: =================================
2023-03-16 13:55:25 info: =================================
2023-03-16 13:55:25 info: ======= ENV: development =======
2023-03-16 13:55:25 info: 🚀 App listening on the port 3000
2023-03-16 13:55:25 info: =================================
2023-03-16 13:55:56 info: =================================
2023-03-16 13:55:56 info: ======= ENV: development =======
2023-03-16 13:55:56 info: 🚀 App listening on the port 3000
2023-03-16 13:55:56 info: =================================
2023-03-16 13:56:00 info: =================================
2023-03-16 13:56:00 info: ======= ENV: development =======
2023-03-16 13:56:00 info: 🚀 App listening on the port 3000
2023-03-16 13:56:00 info: =================================
2023-03-16 13:56:03 info: =================================
2023-03-16 13:56:03 info: ======= ENV: development =======
2023-03-16 13:56:03 info: 🚀 App listening on the port 3000
2023-03-16 13:56:03 info: =================================
2023-03-16 13:56:18 info: =================================
2023-03-16 13:56:18 info: ======= ENV: development =======
2023-03-16 13:56:18 info: 🚀 App listening on the port 3000
2023-03-16 13:56:18 info: =================================
2023-03-16 13:56:21 info: =================================
2023-03-16 13:56:21 info: ======= ENV: development =======
2023-03-16 13:56:21 info: 🚀 App listening on the port 3000
2023-03-16 13:56:21 info: =================================
2023-03-16 13:56:24 info: =================================
2023-03-16 13:56:24 info: ======= ENV: development =======
2023-03-16 13:56:24 info: 🚀 App listening on the port 3000
2023-03-16 13:56:24 info: =================================
2023-03-16 13:56:50 info: =================================
2023-03-16 13:56:50 info: ======= ENV: development =======
2023-03-16 13:56:50 info: 🚀 App listening on the port 3000
2023-03-16 13:56:50 info: =================================
2023-03-16 13:56:56 info: =================================
2023-03-16 13:56:56 info: ======= ENV: development =======
2023-03-16 13:56:56 info: 🚀 App listening on the port 3000
2023-03-16 13:56:56 info: =================================
2023-03-16 13:57:03 info: =================================
2023-03-16 13:57:03 info: ======= ENV: development =======
2023-03-16 13:57:03 info: 🚀 App listening on the port 3000
2023-03-16 13:57:03 info: =================================
2023-03-16 13:57:07 info: =================================
2023-03-16 13:57:07 info: ======= ENV: development =======
2023-03-16 13:57:07 info: 🚀 App listening on the port 3000
2023-03-16 13:57:07 info: =================================
2023-03-16 13:57:11 info: =================================
2023-03-16 13:57:11 info: ======= ENV: development =======
2023-03-16 13:57:11 info: 🚀 App listening on the port 3000
2023-03-16 13:57:11 info: =================================
2023-03-16 13:57:15 info: =================================
2023-03-16 13:57:15 info: ======= ENV: development =======
2023-03-16 13:57:15 info: 🚀 App listening on the port 3000
2023-03-16 13:57:15 info: =================================
2023-03-16 13:57:19 info: =================================
2023-03-16 13:57:19 info: ======= ENV: development =======
2023-03-16 13:57:19 info: 🚀 App listening on the port 3000
2023-03-16 13:57:19 info: =================================
2023-03-16 13:57:22 info: =================================
2023-03-16 13:57:22 info: ======= ENV: development =======
2023-03-16 13:57:22 info: 🚀 App listening on the port 3000
2023-03-16 13:57:22 info: =================================
2023-03-16 13:57:25 info: =================================
2023-03-16 13:57:25 info: ======= ENV: development =======
2023-03-16 13:57:25 info: 🚀 App listening on the port 3000
2023-03-16 13:57:25 info: =================================
2023-03-16 13:57:46 info: =================================
2023-03-16 13:57:46 info: ======= ENV: development =======
2023-03-16 13:57:46 info: 🚀 App listening on the port 3000
2023-03-16 13:57:46 info: =================================
2023-03-16 13:57:54 info: =================================
2023-03-16 13:57:54 info: ======= ENV: development =======
2023-03-16 13:57:54 info: 🚀 App listening on the port 3000
2023-03-16 13:57:54 info: =================================
2023-03-16 13:57:59 info: =================================
2023-03-16 13:57:59 info: ======= ENV: development =======
2023-03-16 13:57:59 info: 🚀 App listening on the port 3000
2023-03-16 13:57:59 info: =================================
2023-03-16 13:58:08 info: =================================
2023-03-16 13:58:08 info: ======= ENV: development =======
2023-03-16 13:58:08 info: 🚀 App listening on the port 3000
2023-03-16 13:58:08 info: =================================
2023-03-16 13:58:12 info: =================================
2023-03-16 13:58:12 info: ======= ENV: development =======
2023-03-16 13:58:12 info: 🚀 App listening on the port 3000
2023-03-16 13:58:12 info: =================================
2023-03-16 13:58:17 info: =================================
2023-03-16 13:58:17 info: ======= ENV: development =======
2023-03-16 13:58:17 info: 🚀 App listening on the port 3000
2023-03-16 13:58:17 info: =================================
2023-03-16 13:58:35 info: =================================
2023-03-16 13:58:35 info: ======= ENV: development =======
2023-03-16 13:58:35 info: 🚀 App listening on the port 3000
2023-03-16 13:58:35 info: =================================
2023-03-16 13:58:39 info: =================================
2023-03-16 13:58:39 info: ======= ENV: development =======
2023-03-16 13:58:39 info: 🚀 App listening on the port 3000
2023-03-16 13:58:39 info: =================================
2023-03-16 13:58:46 info: =================================
2023-03-16 13:58:46 info: ======= ENV: development =======
2023-03-16 13:58:46 info: 🚀 App listening on the port 3000
2023-03-16 13:58:46 info: =================================
2023-03-16 13:59:24 info: =================================
2023-03-16 13:59:24 info: ======= ENV: development =======
2023-03-16 13:59:24 info: 🚀 App listening on the port 3000
2023-03-16 13:59:24 info: =================================
2023-03-16 13:59:39 info: =================================
2023-03-16 13:59:39 info: ======= ENV: development =======
2023-03-16 13:59:39 info: 🚀 App listening on the port 3000
2023-03-16 13:59:39 info: =================================
2023-03-16 13:59:44 info: =================================
2023-03-16 13:59:44 info: ======= ENV: development =======
2023-03-16 13:59:44 info: 🚀 App listening on the port 3000
2023-03-16 13:59:44 info: =================================
2023-03-16 14:00:11 info: =================================
2023-03-16 14:00:11 info: ======= ENV: development =======
2023-03-16 14:00:11 info: 🚀 App listening on the port 3000
2023-03-16 14:00:11 info: =================================
2023-03-16 14:00:18 info: =================================
2023-03-16 14:00:18 info: ======= ENV: development =======
2023-03-16 14:00:18 info: 🚀 App listening on the port 3000
2023-03-16 14:00:18 info: =================================
2023-03-16 14:00:22 info: =================================
2023-03-16 14:00:22 info: ======= ENV: development =======
2023-03-16 14:00:22 info: 🚀 App listening on the port 3000
2023-03-16 14:00:22 info: =================================
2023-03-16 14:00:27 info: =================================
2023-03-16 14:00:27 info: ======= ENV: development =======
2023-03-16 14:00:27 info: 🚀 App listening on the port 3000
2023-03-16 14:00:27 info: =================================
2023-03-16 14:00:38 info: =================================
2023-03-16 14:00:38 info: ======= ENV: development =======
2023-03-16 14:00:38 info: 🚀 App listening on the port 3000
2023-03-16 14:00:38 info: =================================
