2023-06-16 13:55:39 info: =================================
2023-06-16 13:55:39 info: ======= ENV: development =======
2023-06-16 13:55:39 info: 🚀 App listening on the port 4000
2023-06-16 13:55:39 info: =================================
2023-06-16 14:12:13 info: [0mGET /albums/categories [32m201[0m 32698.445 ms - 2[0m
2023-06-16 14:12:14 info: [0mGET /albums/popular [32m201[0m 33760.644 ms - 2[0m
2023-06-16 14:19:40 info: [0mGET /albums/categories [32m201[0m 588.392 ms - 64[0m
2023-06-16 14:19:40 info: [0mGET /albums/popular [32m201[0m 1032.148 ms - -[0m
2023-06-16 14:19:41 info: [0mGET /albums/category/fjdsregknerujngdifjnigi [32m201[0m 1133.581 ms - -[0m
2023-06-16 14:19:42 info: [0mGET /public/files/albums/Picsart_22-03-01_14-57-46-602pngd17e588bd4bc0d7308d8f6ba2f2ac544d1ea907317062023.png [33m404[0m 2.707 ms - 243[0m
2023-06-16 14:19:42 info: [0mGET /public/files/albums/Picsart_22-03-01_14-57-46-602pnge46dae47e1c4a04c0b00ba5bf00a14b38ed3e9e500062023png [33m404[0m 1.065 ms - 242[0m
2023-06-16 14:43:46 info: [0mGET /albums/categories [32m201[0m 419.155 ms - 64[0m
2023-06-16 14:43:47 info: [0mGET /albums/popular [32m201[0m 449.954 ms - -[0m
2023-06-16 14:43:47 info: [0mGET /albums/category/fjdsregknerujngdifjnigi [32m201[0m 818.183 ms - -[0m
2023-06-16 14:43:48 info: [0mGET /public/files/albums/Picsart_22-03-01_14-57-46-602pnge46dae47e1c4a04c0b00ba5bf00a14b38ed3e9e500062023png [33m404[0m 0.658 ms - 242[0m
2023-06-16 14:43:48 info: [0mGET /public/files/albums/Picsart_22-03-01_14-57-46-602pngd17e588bd4bc0d7308d8f6ba2f2ac544d1ea907317062023.png [33m404[0m 0.758 ms - 243[0m
2023-06-16 14:52:39 info: [0mGET /albums/categories [32m201[0m 424.895 ms - 64[0m
2023-06-16 14:52:39 info: [0mGET /albums/popular [32m201[0m 460.022 ms - -[0m
2023-06-16 14:52:40 info: [0mGET /albums/category/fjdsregknerujngdifjnigi [32m201[0m 862.007 ms - -[0m
2023-06-16 14:52:41 info: [0mGET /public/files/albums/Picsart_22-03-01_14-57-46-602pngd17e588bd4bc0d7308d8f6ba2f2ac544d1ea907317062023.png [33m404[0m 1.248 ms - 243[0m
2023-06-16 14:52:41 info: [0mGET /public/files/albums/Picsart_22-03-01_14-57-46-602pnge46dae47e1c4a04c0b00ba5bf00a14b38ed3e9e500062023png [33m404[0m 0.604 ms - 242[0m
2023-06-16 14:53:40 info: [0mGET /albums/popular [32m201[0m 429.518 ms - -[0m
2023-06-16 14:53:40 info: [0mGET /albums/categories [32m201[0m 442.572 ms - 64[0m
2023-06-16 14:53:40 info: [0mGET /public/files/albums/Picsart_22-03-01_14-57-46-602pngd17e588bd4bc0d7308d8f6ba2f2ac544d1ea907317062023.png [33m404[0m 0.850 ms - 243[0m
2023-06-16 14:53:40 info: [0mGET /public/files/albums/Picsart_22-03-01_14-57-46-602pnge46dae47e1c4a04c0b00ba5bf00a14b38ed3e9e500062023png [33m404[0m 0.684 ms - 242[0m
2023-06-16 14:53:40 info: [0mGET /albums/category/fjdsregknerujngdifjnigi [32m201[0m 862.210 ms - -[0m
2023-06-16 14:53:45 info: [0mGET /public/files/albums/Picsart_22-03-01_14-57-46-602pngd17e588bd4bc0d7308d8f6ba2f2ac544d1ea907317062023.png [33m404[0m 0.826 ms - 243[0m
2023-06-16 14:53:45 info: [0mGET /public/files/albums/Picsart_22-03-01_14-57-46-602pnge46dae47e1c4a04c0b00ba5bf00a14b38ed3e9e500062023png [33m404[0m 1.032 ms - 242[0m
2023-06-16 14:53:45 info: [0mGET /albums/categories [32m201[0m 423.549 ms - 64[0m
2023-06-16 14:53:45 info: [0mGET /albums/popular [32m201[0m 448.555 ms - -[0m
2023-06-16 14:53:45 info: [0mGET /albums/category/fjdsregknerujngdifjnigi [32m201[0m 800.003 ms - -[0m
2023-06-16 14:54:00 info: [0mGET /albums/popular [32m201[0m 403.216 ms - -[0m
2023-06-16 14:54:00 info: [0mGET /albums/categories [32m201[0m 398.785 ms - 64[0m
2023-06-16 14:54:01 info: [0mGET /albums/category/fjdsregknerujngdifjnigi [32m201[0m 908.356 ms - -[0m
2023-06-16 14:54:01 info: [0mGET /public/files/albums/Picsart_22-03-01_14-57-46-602pnge46dae47e1c4a04c0b00ba5bf00a14b38ed3e9e500062023png [33m404[0m 0.595 ms - 242[0m
2023-06-16 14:54:01 info: [0mGET /public/files/albums/Picsart_22-03-01_14-57-46-602pngd17e588bd4bc0d7308d8f6ba2f2ac544d1ea907317062023.png [33m404[0m 0.439 ms - 243[0m
2023-06-16 14:56:53 info: [0mGET /albums/popular [32m201[0m 387.504 ms - -[0m
2023-06-16 14:56:53 info: [0mGET /albums/categories [32m201[0m 396.935 ms - 64[0m
2023-06-16 14:56:54 info: [0mGET /albums/category/fjdsregknerujngdifjnigi [32m201[0m 811.644 ms - -[0m
2023-06-16 14:56:54 info: [0mGET /public/files/albums/Picsart_22-03-01_14-57-46-602pngd17e588bd4bc0d7308d8f6ba2f2ac544d1ea907317062023.png [33m404[0m 1.098 ms - 243[0m
2023-06-16 14:56:54 info: [0mGET /public/files/albums/Picsart_22-03-01_14-57-46-602pnge46dae47e1c4a04c0b00ba5bf00a14b38ed3e9e500062023png [33m404[0m 1.427 ms - 242[0m
2023-06-16 14:57:07 info: [0mGET /public/files/albums/mypicpngd17e588bd4bc0d7308d8f6ba2f2ac544d1ea907337062023png [33m404[0m 0.602 ms - 218[0m
2023-06-16 14:57:11 info: [0mGET /public/files/albums/Picsart_22-03-01_14-57-46-602pngd17e588bd4bc0d7308d8f6ba2f2ac544d1ea907317062023.png [33m404[0m 0.848 ms - 243[0m
2023-06-16 14:57:11 info: [0mGET /public/files/albums/Picsart_22-03-01_14-57-46-602pnge46dae47e1c4a04c0b00ba5bf00a14b38ed3e9e500062023png [33m404[0m 2.274 ms - 242[0m
2023-06-16 14:57:12 info: [0mGET /public/files/albums/Picsart_22-03-01_14-57-46-602pngd17e588bd4bc0d7308d8f6ba2f2ac544d1ea907317062023.png [33m404[0m 0.624 ms - 243[0m
2023-06-16 14:57:13 info: [0mGET /public/files/albums/Picsart_22-03-01_14-57-46-602pnge46dae47e1c4a04c0b00ba5bf00a14b38ed3e9e500062023png [33m404[0m 0.616 ms - 242[0m
2023-06-16 14:57:13 info: [0mGET /public/files/albums/Picsart_22-03-01_14-57-46-602pngd17e588bd4bc0d7308d8f6ba2f2ac544d1ea907317062023.png [33m404[0m 0.727 ms - 243[0m
2023-06-16 14:57:15 info: [0mGET /public/files/albums/Picsart_22-03-01_14-57-46-602pngd17e588bd4bc0d7308d8f6ba2f2ac544d1ea907317062023.png [33m404[0m 0.730 ms - 243[0m
2023-06-16 14:57:15 info: [0mGET /public/files/albums/Picsart_22-03-01_14-57-46-602pnge46dae47e1c4a04c0b00ba5bf00a14b38ed3e9e500062023png [33m404[0m 1.011 ms - 242[0m
2023-06-16 14:57:15 info: [0mGET /public/files/albums/Picsart_22-03-01_14-57-46-602pngd17e588bd4bc0d7308d8f6ba2f2ac544d1ea907317062023.png [33m404[0m 1.353 ms - 243[0m
2023-06-16 14:57:16 info: [0mGET /public/files/albums/Picsart_22-03-01_14-57-46-602pngd17e588bd4bc0d7308d8f6ba2f2ac544d1ea907317062023.png [33m404[0m 0.677 ms - 243[0m
2023-06-16 14:57:17 info: [0mGET /public/files/albums/Picsart_22-03-01_14-57-46-602pnge46dae47e1c4a04c0b00ba5bf00a14b38ed3e9e500062023png [33m404[0m 0.563 ms - 242[0m
2023-06-16 14:57:17 info: [0mGET /public/files/albums/Picsart_22-03-01_14-57-46-602pngd17e588bd4bc0d7308d8f6ba2f2ac544d1ea907317062023.png [33m404[0m 0.680 ms - 243[0m
2023-06-16 14:57:18 info: [0mGET /public/files/albums/Picsart_22-03-01_14-57-46-602pngd17e588bd4bc0d7308d8f6ba2f2ac544d1ea907317062023.png [33m404[0m 0.599 ms - 243[0m
2023-06-16 14:57:19 info: [0mGET /public/files/albums/Picsart_22-03-01_14-57-46-602pngd17e588bd4bc0d7308d8f6ba2f2ac544d1ea907317062023.png [33m404[0m 0.855 ms - 243[0m
2023-06-16 14:57:19 info: [0mGET /public/files/albums/Picsart_22-03-01_14-57-46-602pnge46dae47e1c4a04c0b00ba5bf00a14b38ed3e9e500062023png [33m404[0m 1.537 ms - 242[0m
2023-06-16 14:57:27 info: [0mGET /public/files/albums/Picsart_22-03-01_14-57-46-602pngd17e588bd4bc0d7308d8f6ba2f2ac544d1ea907317062023.png [33m404[0m 1.320 ms - 243[0m
2023-06-16 14:57:27 info: [0mGET /public/files/albums/Picsart_22-03-01_14-57-46-602pnge46dae47e1c4a04c0b00ba5bf00a14b38ed3e9e500062023png [33m404[0m 0.829 ms - 242[0m
2023-06-16 14:57:44 info: [0mGET /public/files/albums/Picsart_22-03-01_14-57-46-602pngd17e588bd4bc0d7308d8f6ba2f2ac544d1ea907317062023.png [33m404[0m 0.568 ms - 243[0m
2023-06-16 14:57:44 info: [0mGET /public/files/albums/Picsart_22-03-01_14-57-46-602pnge46dae47e1c4a04c0b00ba5bf00a14b38ed3e9e500062023png [33m404[0m 0.662 ms - 242[0m
2023-06-16 14:57:47 info: [0mGET /public/files/albums/Picsart_22-03-01_14-57-46-602pnge46dae47e1c4a04c0b00ba5bf00a14b38ed3e9e500062023png [33m404[0m 0.582 ms - 242[0m
2023-06-16 14:57:47 info: [0mGET /public/files/albums/Picsart_22-03-01_14-57-46-602pngd17e588bd4bc0d7308d8f6ba2f2ac544d1ea907317062023.png [33m404[0m 0.609 ms - 243[0m
2023-06-16 14:57:48 info: [0mGET /public/files/albums/Picsart_22-03-01_14-57-46-602pngd17e588bd4bc0d7308d8f6ba2f2ac544d1ea907317062023.png [33m404[0m 1.398 ms - 243[0m
2023-06-16 14:57:48 info: [0mGET /public/files/albums/Picsart_22-03-01_14-57-46-602pnge46dae47e1c4a04c0b00ba5bf00a14b38ed3e9e500062023png [33m404[0m 0.729 ms - 242[0m
2023-06-16 14:57:51 info: [0mGET /public/files/albums/Picsart_22-03-01_14-57-46-602pnge46dae47e1c4a04c0b00ba5bf00a14b38ed3e9e500062023png [33m404[0m 0.814 ms - 242[0m
2023-06-16 14:57:51 info: [0mGET /public/files/albums/Picsart_22-03-01_14-57-46-602pngd17e588bd4bc0d7308d8f6ba2f2ac544d1ea907317062023.png [33m404[0m 1.396 ms - 243[0m
2023-06-16 14:57:54 info: [0mGET /public/files/albums/Picsart_22-03-01_14-57-46-602pnge46dae47e1c4a04c0b00ba5bf00a14b38ed3e9e500062023png [33m404[0m 0.633 ms - 242[0m
2023-06-16 14:57:54 info: [0mGET /public/files/albums/Picsart_22-03-01_14-57-46-602pngd17e588bd4bc0d7308d8f6ba2f2ac544d1ea907317062023.png [33m404[0m 0.771 ms - 243[0m
2023-06-16 15:03:00 info: [0mPOST /login [32m200[0m 655.005 ms - 514[0m
2023-06-16 17:29:04 info: [0mGET /albums/categories [32m201[0m 569.394 ms - 64[0m
2023-06-16 17:29:04 info: [0mGET /albums/popular [32m201[0m 597.435 ms - -[0m
2023-06-16 17:29:05 info: [0mGET /albums/category/fjdsregknerujngdifjnigi [32m201[0m 823.405 ms - -[0m
2023-06-16 17:29:05 info: [0mGET /public/files/albums/Picsart_22-03-01_14-57-46-602pnge46dae47e1c4a04c0b00ba5bf00a14b38ed3e9e500062023png [33m404[0m 4.056 ms - 242[0m
2023-06-16 17:29:05 info: [0mGET /public/files/albums/Picsart_22-03-01_14-57-46-602pngd17e588bd4bc0d7308d8f6ba2f2ac544d1ea907317062023.png [33m404[0m 0.602 ms - 243[0m
2023-06-16 17:34:41 info: [0mPOST /login [32m200[0m 504.405 ms - 514[0m
2023-06-16 17:34:51 info: [0mPOST /login [32m200[0m 496.399 ms - 514[0m
2023-06-16 17:35:48 info: [0mGET /albums/categories [32m201[0m 372.082 ms - 64[0m
2023-06-16 17:35:48 info: [0mGET /albums/popular [32m201[0m 382.596 ms - -[0m
2023-06-16 17:35:49 info: [0mGET /albums/category/fjdsregknerujngdifjnigi [32m201[0m 750.405 ms - -[0m
2023-06-16 17:35:49 info: [0mGET /public/files/albums/Picsart_22-03-01_14-57-46-602pnge46dae47e1c4a04c0b00ba5bf00a14b38ed3e9e500062023png [33m404[0m 16.939 ms - 242[0m
2023-06-16 17:35:49 info: [0mGET /public/files/albums/Picsart_22-03-01_14-57-46-602pngd17e588bd4bc0d7308d8f6ba2f2ac544d1ea907317062023.png [33m404[0m 5.425 ms - 243[0m
2023-06-16 17:35:49 info: [0mGET /public/files/albums/mypicpng9de0ca407278611ad6ee8decd4fd1ea7157b895d35062023.png [32m200[0m 24.516 ms - 606857[0m
2023-06-16 17:36:19 info: [0mGET /public/files/albums/Picsart_22-03-01_14-57-46-602pngd17e588bd4bc0d7308d8f6ba2f2ac544d1ea907317062023.png [33m404[0m 0.589 ms - 243[0m
2023-06-16 17:36:19 info: [0mGET /public/files/albums/Picsart_22-03-01_14-57-46-602pnge46dae47e1c4a04c0b00ba5bf00a14b38ed3e9e500062023png [33m404[0m 2.244 ms - 242[0m
2023-06-16 17:36:20 info: [0mGET /albums/popular [32m201[0m 407.565 ms - -[0m
2023-06-16 17:36:20 info: [0mGET /albums/categories [32m201[0m 422.344 ms - 64[0m
2023-06-16 17:36:20 info: [0mGET /albums/category/fjdsregknerujngdifjnigi [32m201[0m 825.330 ms - -[0m
2023-06-16 17:37:08 info: [0mGET /public/files/albums/Picsart_22-03-01_14-57-46-602pngd17e588bd4bc0d7308d8f6ba2f2ac544d1ea907317062023.png [33m404[0m 2.160 ms - 243[0m
2023-06-16 17:37:08 info: [0mGET /public/files/albums/Picsart_22-03-01_14-57-46-602pnge46dae47e1c4a04c0b00ba5bf00a14b38ed3e9e500062023png [33m404[0m 1.346 ms - 242[0m
2023-06-16 17:37:08 info: [0mGET /albums/popular [32m201[0m 466.931 ms - -[0m
2023-06-16 17:37:09 info: [0mGET /albums/categories [32m201[0m 479.373 ms - 64[0m
2023-06-16 17:37:09 info: [0mGET /albums/category/fjdsregknerujngdifjnigi [32m201[0m 1346.513 ms - -[0m
2023-06-16 17:37:17 info: [0mGET /public/files/albums/Picsart_22-03-01_14-57-46-602pnge46dae47e1c4a04c0b00ba5bf00a14b38ed3e9e500062023png [33m404[0m 0.791 ms - 242[0m
2023-06-16 17:37:17 info: [0mGET /public/files/albums/Picsart_22-03-01_14-57-46-602pngd17e588bd4bc0d7308d8f6ba2f2ac544d1ea907317062023.png [33m404[0m 1.270 ms - 243[0m
2023-06-16 17:38:58 info: [0mPOST /login [32m200[0m 446.409 ms - 514[0m
2023-06-16 17:39:03 info: [0mPOST /login [32m200[0m 461.361 ms - 514[0m
2023-06-16 17:39:10 info: [0mGET /albums/categories [32m201[0m 389.603 ms - 64[0m
2023-06-16 17:39:11 info: [0mGET /albums/popular [32m201[0m 499.158 ms - -[0m
2023-06-16 17:39:11 info: [0mGET /albums/category/fjdsregknerujngdifjnigi [32m201[0m 811.646 ms - -[0m
2023-06-16 17:39:12 info: [0mGET /public/files/albums/Picsart_22-03-01_14-57-46-602pnge46dae47e1c4a04c0b00ba5bf00a14b38ed3e9e500062023png [33m404[0m 0.760 ms - 242[0m
2023-06-16 17:39:12 info: [0mGET /public/files/albums/Picsart_22-03-01_14-57-46-602pngd17e588bd4bc0d7308d8f6ba2f2ac544d1ea907317062023.png [33m404[0m 1.472 ms - 243[0m
2023-06-16 17:39:17 info: [0mGET /albums/categories [32m201[0m 369.231 ms - 64[0m
2023-06-16 17:39:17 info: [0mGET /albums/popular [32m201[0m 386.357 ms - -[0m
2023-06-16 17:39:18 info: [0mGET /albums/category/fjdsregknerujngdifjnigi [32m201[0m 785.826 ms - -[0m
2023-06-16 17:39:18 info: [0mGET /public/files/albums/Picsart_22-03-01_14-57-46-602pnge46dae47e1c4a04c0b00ba5bf00a14b38ed3e9e500062023png [33m404[0m 0.601 ms - 242[0m
2023-06-16 17:39:18 info: [0mGET /public/files/albums/Picsart_22-03-01_14-57-46-602pngd17e588bd4bc0d7308d8f6ba2f2ac544d1ea907317062023.png [33m404[0m 0.371 ms - 243[0m
2023-06-16 17:42:22 info: [0mGET /albums/popular [32m201[0m 387.003 ms - -[0m
2023-06-16 17:42:22 info: [0mGET /albums/categories [32m201[0m 422.518 ms - 64[0m
2023-06-16 17:42:23 info: [0mGET /albums/category/fjdsregknerujngdifjnigi [32m201[0m 848.418 ms - -[0m
2023-06-16 17:42:23 info: [0mGET /public/files/albums/Picsart_22-03-01_14-57-46-602pnge46dae47e1c4a04c0b00ba5bf00a14b38ed3e9e500062023png [33m404[0m 0.569 ms - 242[0m
2023-06-16 17:42:23 info: [0mGET /public/files/albums/Picsart_22-03-01_14-57-46-602pngd17e588bd4bc0d7308d8f6ba2f2ac544d1ea907317062023.png [33m404[0m 0.542 ms - 243[0m
2023-06-16 17:42:56 info: [0mGET /public/files/albums/Picsart_22-03-01_14-57-46-602pngd17e588bd4bc0d7308d8f6ba2f2ac544d1ea907317062023.png [33m404[0m 1.014 ms - 243[0m
2023-06-16 17:42:56 info: [0mGET /public/files/albums/Picsart_22-03-01_14-57-46-602pnge46dae47e1c4a04c0b00ba5bf00a14b38ed3e9e500062023png [33m404[0m 0.815 ms - 242[0m
2023-06-16 17:42:56 info: [0mGET /albums/categories [32m201[0m 406.014 ms - 64[0m
2023-06-16 17:42:56 info: [0mGET /albums/popular [32m201[0m 425.238 ms - -[0m
2023-06-16 17:42:57 info: [0mGET /albums/category/fjdsregknerujngdifjnigi [32m201[0m 826.832 ms - -[0m
2023-06-16 17:44:41 info: [0mPOST /login [32m200[0m 488.986 ms - 514[0m
2023-06-16 17:44:42 info: [0mGET /albums/popular [32m201[0m 387.435 ms - -[0m
2023-06-16 17:44:42 info: [0mGET /albums/categories [32m201[0m 384.741 ms - 64[0m
2023-06-16 17:44:43 info: [0mGET /albums/category/fjdsregknerujngdifjnigi [32m201[0m 785.340 ms - -[0m
2023-06-16 17:44:43 info: [0mGET /public/files/albums/Picsart_22-03-01_14-57-46-602pnge46dae47e1c4a04c0b00ba5bf00a14b38ed3e9e500062023png [33m404[0m 0.919 ms - 242[0m
2023-06-16 17:44:43 info: [0mGET /public/files/albums/Picsart_22-03-01_14-57-46-602pngd17e588bd4bc0d7308d8f6ba2f2ac544d1ea907317062023.png [33m404[0m 0.406 ms - 243[0m
2023-06-16 17:44:48 info: [0mGET /public/files/albums/Picsart_22-03-01_14-57-46-602pnge46dae47e1c4a04c0b00ba5bf00a14b38ed3e9e500062023png [33m404[0m 1.237 ms - 242[0m
2023-06-16 17:44:48 info: [0mGET /public/files/albums/Picsart_22-03-01_14-57-46-602pngd17e588bd4bc0d7308d8f6ba2f2ac544d1ea907317062023.png [33m404[0m 0.673 ms - 243[0m
2023-06-16 17:44:55 info: [0mGET /public/files/albums/mypicpngd17e588bd4bc0d7308d8f6ba2f2ac544d1ea907337062023png [33m404[0m 0.535 ms - 218[0m
2023-06-16 17:45:00 info: [0mGET /public/files/albums/Picsart_22-03-01_14-57-46-602pngd17e588bd4bc0d7308d8f6ba2f2ac544d1ea907317062023.png [33m404[0m 0.779 ms - 243[0m
2023-06-16 17:45:00 info: [0mGET /public/files/albums/Picsart_22-03-01_14-57-46-602pnge46dae47e1c4a04c0b00ba5bf00a14b38ed3e9e500062023png [33m404[0m 1.268 ms - 242[0m
2023-06-16 17:45:06 info: [0mGET /public/files/albums/Picsart_22-03-01_14-57-46-602pnge46dae47e1c4a04c0b00ba5bf00a14b38ed3e9e500062023png [33m404[0m 0.547 ms - 242[0m
2023-06-16 17:45:06 info: [0mGET /public/files/albums/Picsart_22-03-01_14-57-46-602pngd17e588bd4bc0d7308d8f6ba2f2ac544d1ea907317062023.png [33m404[0m 0.577 ms - 243[0m
2023-06-16 17:45:08 info: [0mGET /public/files/albums/Picsart_22-03-01_14-57-46-602pngd17e588bd4bc0d7308d8f6ba2f2ac544d1ea907317062023.png [33m404[0m 1.188 ms - 243[0m
2023-06-16 17:45:08 info: [0mGET /public/files/albums/Picsart_22-03-01_14-57-46-602pnge46dae47e1c4a04c0b00ba5bf00a14b38ed3e9e500062023png [33m404[0m 0.520 ms - 242[0m
2023-06-16 17:45:10 info: [0mGET /public/files/albums/Picsart_22-03-01_14-57-46-602pngd17e588bd4bc0d7308d8f6ba2f2ac544d1ea907317062023.png [33m404[0m 0.907 ms - 243[0m
2023-06-16 17:45:10 info: [0mGET /public/files/albums/Picsart_22-03-01_14-57-46-602pnge46dae47e1c4a04c0b00ba5bf00a14b38ed3e9e500062023png [33m404[0m 2.122 ms - 242[0m
2023-06-16 17:45:13 info: [0mPOST /albums/likes/e9de0ca407278611ad6ee8decd4fd1ea7157b895 [32m201[0m 642.661 ms - 11[0m
2023-06-16 17:45:17 info: [0mGET /public/files/albums/Picsart_22-03-01_14-57-46-602pngd17e588bd4bc0d7308d8f6ba2f2ac544d1ea907317062023.png [33m404[0m 0.742 ms - 243[0m
2023-06-16 17:45:17 info: [0mGET /public/files/albums/Picsart_22-03-01_14-57-46-602pnge46dae47e1c4a04c0b00ba5bf00a14b38ed3e9e500062023png [33m404[0m 1.500 ms - 242[0m
2023-06-16 17:45:26 info: [0mGET /public/files/albums/Picsart_22-03-01_14-57-46-602pngd17e588bd4bc0d7308d8f6ba2f2ac544d1ea907317062023.png [33m404[0m 0.555 ms - 243[0m
2023-06-16 17:45:31 info: [0mGET /public/files/albums/Picsart_22-03-01_14-57-46-602pngd17e588bd4bc0d7308d8f6ba2f2ac544d1ea907317062023.png [33m404[0m 2.014 ms - 243[0m
2023-06-16 17:45:31 info: [0mGET /public/files/albums/Picsart_22-03-01_14-57-46-602pnge46dae47e1c4a04c0b00ba5bf00a14b38ed3e9e500062023png [33m404[0m 2.643 ms - 242[0m
2023-06-16 17:46:11 info: [0mGET /public/files/albums/Picsart_22-03-01_14-57-46-602pnge46dae47e1c4a04c0b00ba5bf00a14b38ed3e9e500062023png [33m404[0m 0.617 ms - 242[0m
2023-06-16 17:46:11 info: [0mGET /public/files/albums/Picsart_22-03-01_14-57-46-602pngd17e588bd4bc0d7308d8f6ba2f2ac544d1ea907317062023.png [33m404[0m 0.426 ms - 243[0m
2023-06-16 17:46:15 info: [0mGET /public/files/albums/Picsart_22-03-01_14-57-46-602pnge46dae47e1c4a04c0b00ba5bf00a14b38ed3e9e500062023png [33m404[0m 0.730 ms - 242[0m
2023-06-16 17:46:15 info: [0mGET /public/files/albums/Picsart_22-03-01_14-57-46-602pngd17e588bd4bc0d7308d8f6ba2f2ac544d1ea907317062023.png [33m404[0m 1.240 ms - 243[0m
2023-06-16 17:49:10 info: =================================
2023-06-16 17:49:10 info: ======= ENV: development =======
2023-06-16 17:49:10 info: 🚀 App listening on the port 4000
2023-06-16 17:49:10 info: =================================
2023-06-16 17:50:08 info: =================================
2023-06-16 17:50:08 info: ======= ENV: development =======
2023-06-16 17:50:08 info: 🚀 App listening on the port 4000
2023-06-16 17:50:08 info: =================================
2023-06-16 17:50:11 info: =================================
2023-06-16 17:50:11 info: ======= ENV: development =======
2023-06-16 17:50:11 info: 🚀 App listening on the port 4000
2023-06-16 17:50:11 info: =================================
2023-06-16 17:50:37 info: =================================
2023-06-16 17:50:37 info: ======= ENV: development =======
2023-06-16 17:50:37 info: 🚀 App listening on the port 4000
2023-06-16 17:50:37 info: =================================
2023-06-16 17:50:54 info: =================================
2023-06-16 17:50:54 info: ======= ENV: development =======
2023-06-16 17:50:54 info: 🚀 App listening on the port 4000
2023-06-16 17:50:54 info: =================================
2023-06-16 17:51:13 info: =================================
2023-06-16 17:51:13 info: ======= ENV: development =======
2023-06-16 17:51:13 info: 🚀 App listening on the port 4000
2023-06-16 17:51:13 info: =================================
2023-06-16 17:51:27 info: =================================
2023-06-16 17:51:27 info: ======= ENV: development =======
2023-06-16 17:51:27 info: 🚀 App listening on the port 4000
2023-06-16 17:51:27 info: =================================
2023-06-16 18:01:46 info: [0mGET /public/files/albums/Picsart_22-03-01_14-57-46-602pngd17e588bd4bc0d7308d8f6ba2f2ac544d1ea907317062023.png [33m404[0m 7.008 ms - 243[0m
2023-06-16 18:01:46 info: [0mGET /public/files/albums/Picsart_22-03-01_14-57-46-602pnge46dae47e1c4a04c0b00ba5bf00a14b38ed3e9e500062023png [33m404[0m 6.869 ms - 242[0m
2023-06-16 18:01:46 info: [0mGET /public/files/albums/Picsart_22-03-01_14-57-46-602pnge46dae47e1c4a04c0b00ba5bf00a14b38ed3e9e500062023png [33m404[0m 5.251 ms - 242[0m
2023-06-16 18:01:46 info: [0mGET /public/files/albums/Picsart_22-03-01_14-57-46-602pngd17e588bd4bc0d7308d8f6ba2f2ac544d1ea907317062023.png [33m404[0m 4.705 ms - 243[0m
2023-06-16 18:01:46 info: [0mGET /albums/categories [32m201[0m 464.741 ms - 64[0m
2023-06-16 18:01:46 info: [0mGET /albums/popular [32m201[0m 474.898 ms - -[0m
2023-06-16 18:01:47 info: [0mGET /albums/category/fjdsregknerujngdifjnigi [32m201[0m 905.921 ms - -[0m
2023-06-16 18:02:01 info: [0mGET /albums/categories [32m201[0m 409.900 ms - 64[0m
2023-06-16 18:02:01 info: [0mGET /albums/popular [32m201[0m 420.640 ms - -[0m
2023-06-16 18:02:03 info: [0mGET /albums/category/fjdsregknerujngdifjnigi [32m201[0m 872.537 ms - -[0m
2023-06-16 18:02:03 info: [0mGET /public/files/albums/Picsart_22-03-01_14-57-46-602pngd17e588bd4bc0d7308d8f6ba2f2ac544d1ea907317062023.png [33m404[0m 0.873 ms - 243[0m
2023-06-16 18:02:03 info: [0mGET /public/files/albums/Picsart_22-03-01_14-57-46-602pnge46dae47e1c4a04c0b00ba5bf00a14b38ed3e9e500062023png [33m404[0m 0.588 ms - 242[0m
2023-06-16 18:03:08 info: [0mGET /public/files/albums/Picsart_22-03-01_14-57-46-602pnge46dae47e1c4a04c0b00ba5bf00a14b38ed3e9e500062023png [33m404[0m 0.645 ms - 242[0m
2023-06-16 18:03:08 info: [0mGET /public/files/albums/Picsart_22-03-01_14-57-46-602pngd17e588bd4bc0d7308d8f6ba2f2ac544d1ea907317062023.png [33m404[0m 0.529 ms - 243[0m
2023-06-16 18:03:08 info: [0mGET /albums/categories [32m201[0m 404.529 ms - 64[0m
2023-06-16 18:03:08 info: [0mGET /albums/popular [32m201[0m 426.417 ms - -[0m
2023-06-16 18:03:09 info: [0mGET /albums/category/fjdsregknerujngdifjnigi [32m201[0m 830.193 ms - -[0m
2023-06-16 18:03:10 info: [0mGET /public/files/albums/Picsart_22-03-01_14-57-46-602pngd17e588bd4bc0d7308d8f6ba2f2ac544d1ea907317062023.png [33m404[0m 1.534 ms - 243[0m
2023-06-16 18:03:10 info: [0mGET /public/files/albums/Picsart_22-03-01_14-57-46-602pnge46dae47e1c4a04c0b00ba5bf00a14b38ed3e9e500062023png [33m404[0m 0.638 ms - 242[0m
2023-06-16 18:03:11 info: [0mGET /albums/popular [32m201[0m 381.631 ms - -[0m
2023-06-16 18:03:11 info: [0mGET /albums/categories [32m201[0m 394.094 ms - 64[0m
2023-06-16 18:03:11 info: [0mGET /albums/category/fjdsregknerujngdifjnigi [32m201[0m 1164.257 ms - -[0m
2023-06-16 18:03:28 info: [0mGET /albums/popular [32m201[0m 409.337 ms - -[0m
2023-06-16 18:03:28 info: [0mGET /albums/categories [32m201[0m 428.350 ms - 64[0m
2023-06-16 18:03:29 info: [0mGET /albums/category/fjdsregknerujngdifjnigi [32m201[0m 808.379 ms - -[0m
2023-06-16 18:03:29 info: [0mGET /public/files/albums/Picsart_22-03-01_14-57-46-602pngd17e588bd4bc0d7308d8f6ba2f2ac544d1ea907317062023.png [33m404[0m 0.802 ms - 243[0m
2023-06-16 18:03:29 info: [0mGET /public/files/albums/Picsart_22-03-01_14-57-46-602pnge46dae47e1c4a04c0b00ba5bf00a14b38ed3e9e500062023png [33m404[0m 0.700 ms - 242[0m
2023-06-16 18:09:35 info: [0mGET /public/files/albums/Picsart_22-03-01_14-57-46-602pnge46dae47e1c4a04c0b00ba5bf00a14b38ed3e9e500062023png [33m404[0m 0.926 ms - 242[0m
2023-06-16 18:09:35 info: [0mGET /public/files/albums/Picsart_22-03-01_14-57-46-602pngd17e588bd4bc0d7308d8f6ba2f2ac544d1ea907317062023.png [33m404[0m 1.575 ms - 243[0m
2023-06-16 18:42:44 info: =================================
2023-06-16 18:42:44 info: ======= ENV: development =======
2023-06-16 18:42:44 info: 🚀 App listening on the port 4000
2023-06-16 18:42:44 info: =================================
2023-06-16 18:42:49 info: [0mPOST /login [32m200[0m 729.968 ms - 514[0m
2023-06-16 18:42:50 info: [0mGET /albums/popular [32m201[0m 397.134 ms - -[0m
2023-06-16 18:42:50 info: [0mGET /albums/categories [32m201[0m 408.105 ms - 64[0m
2023-06-16 18:42:51 info: [0mGET /albums/category/fjdsregknerujngdifjnigi [32m201[0m 831.340 ms - -[0m
2023-06-16 18:42:51 info: [0mGET /public/files/albums/Picsart_22-03-01_14-57-46-602pnge46dae47e1c4a04c0b00ba5bf00a14b38ed3e9e500062023png [33m404[0m 3.192 ms - 242[0m
2023-06-16 18:42:51 info: [0mGET /public/files/albums/Picsart_22-03-01_14-57-46-602pngd17e588bd4bc0d7308d8f6ba2f2ac544d1ea907317062023.png [33m404[0m 3.801 ms - 243[0m
