2023-04-18 13:00:23 info: =================================
2023-04-18 13:00:23 info: ======= ENV: development =======
2023-04-18 13:00:23 info: 🚀 App listening on the port 3000
2023-04-18 13:00:23 info: =================================
2023-04-18 13:01:36 info: =================================
2023-04-18 13:01:36 info: ======= ENV: development =======
2023-04-18 13:01:36 info: 🚀 App listening on the port 3000
2023-04-18 13:01:36 info: =================================
2023-04-18 13:01:44 info: =================================
2023-04-18 13:01:44 info: ======= ENV: development =======
2023-04-18 13:01:44 info: 🚀 App listening on the port 3000
2023-04-18 13:01:44 info: =================================
2023-04-18 13:01:48 info: =================================
2023-04-18 13:01:48 info: ======= ENV: development =======
2023-04-18 13:01:48 info: 🚀 App listening on the port 3000
2023-04-18 13:01:48 info: =================================
2023-04-18 13:01:57 info: =================================
2023-04-18 13:01:57 info: ======= ENV: development =======
2023-04-18 13:01:57 info: 🚀 App listening on the port 3000
2023-04-18 13:01:57 info: =================================
2023-04-18 13:02:12 info: =================================
2023-04-18 13:02:12 info: ======= ENV: development =======
2023-04-18 13:02:12 info: 🚀 App listening on the port 3000
2023-04-18 13:02:12 info: =================================
2023-04-18 13:02:17 info: =================================
2023-04-18 13:02:17 info: ======= ENV: development =======
2023-04-18 13:02:17 info: 🚀 App listening on the port 3000
2023-04-18 13:02:17 info: =================================
2023-04-18 13:02:22 info: =================================
2023-04-18 13:02:22 info: ======= ENV: development =======
2023-04-18 13:02:22 info: 🚀 App listening on the port 3000
2023-04-18 13:02:22 info: =================================
2023-04-18 13:02:27 info: =================================
2023-04-18 13:02:27 info: ======= ENV: development =======
2023-04-18 13:02:27 info: 🚀 App listening on the port 3000
2023-04-18 13:02:27 info: =================================
2023-04-18 13:03:31 info: =================================
2023-04-18 13:03:31 info: ======= ENV: development =======
2023-04-18 13:03:31 info: 🚀 App listening on the port 3000
2023-04-18 13:03:31 info: =================================
2023-04-18 13:03:35 info: =================================
2023-04-18 13:03:35 info: ======= ENV: development =======
2023-04-18 13:03:35 info: 🚀 App listening on the port 3000
2023-04-18 13:03:35 info: =================================
2023-04-18 13:03:42 info: =================================
2023-04-18 13:03:42 info: ======= ENV: development =======
2023-04-18 13:03:42 info: 🚀 App listening on the port 3000
2023-04-18 13:03:42 info: =================================
2023-04-18 13:03:58 info: =================================
2023-04-18 13:03:58 info: ======= ENV: development =======
2023-04-18 13:03:58 info: 🚀 App listening on the port 3000
2023-04-18 13:03:58 info: =================================
2023-04-18 13:04:03 info: =================================
2023-04-18 13:04:03 info: ======= ENV: development =======
2023-04-18 13:04:03 info: 🚀 App listening on the port 3000
2023-04-18 13:04:03 info: =================================
2023-04-18 13:04:11 info: =================================
2023-04-18 13:04:11 info: ======= ENV: development =======
2023-04-18 13:04:11 info: 🚀 App listening on the port 3000
2023-04-18 13:04:11 info: =================================
2023-04-18 13:04:17 info: =================================
2023-04-18 13:04:17 info: ======= ENV: development =======
2023-04-18 13:04:17 info: 🚀 App listening on the port 3000
2023-04-18 13:04:17 info: =================================
2023-04-18 13:04:33 info: =================================
2023-04-18 13:04:33 info: ======= ENV: development =======
2023-04-18 13:04:33 info: 🚀 App listening on the port 3000
2023-04-18 13:04:33 info: =================================
2023-04-18 13:04:41 info: =================================
2023-04-18 13:04:41 info: ======= ENV: development =======
2023-04-18 13:04:41 info: 🚀 App listening on the port 3000
2023-04-18 13:04:41 info: =================================
2023-04-18 13:04:46 info: =================================
2023-04-18 13:04:46 info: ======= ENV: development =======
2023-04-18 13:04:46 info: 🚀 App listening on the port 3000
2023-04-18 13:04:46 info: =================================
2023-04-18 13:05:09 info: =================================
2023-04-18 13:05:09 info: ======= ENV: development =======
2023-04-18 13:05:09 info: 🚀 App listening on the port 3000
2023-04-18 13:05:09 info: =================================
2023-04-18 13:05:12 info: =================================
2023-04-18 13:05:12 info: ======= ENV: development =======
2023-04-18 13:05:12 info: 🚀 App listening on the port 3000
2023-04-18 13:05:12 info: =================================
2023-04-18 13:05:23 info: =================================
2023-04-18 13:05:23 info: ======= ENV: development =======
2023-04-18 13:05:23 info: 🚀 App listening on the port 3000
2023-04-18 13:05:23 info: =================================
2023-04-18 13:16:29 info: =================================
2023-04-18 13:16:29 info: ======= ENV: development =======
2023-04-18 13:16:29 info: 🚀 App listening on the port 3000
2023-04-18 13:16:29 info: =================================
2023-04-18 13:16:54 info: =================================
2023-04-18 13:16:54 info: ======= ENV: development =======
2023-04-18 13:16:54 info: 🚀 App listening on the port 3000
2023-04-18 13:16:54 info: =================================
2023-04-18 13:17:00 info: =================================
2023-04-18 13:17:00 info: ======= ENV: development =======
2023-04-18 13:17:00 info: 🚀 App listening on the port 3000
2023-04-18 13:17:00 info: =================================
2023-04-18 13:17:03 info: =================================
2023-04-18 13:17:03 info: ======= ENV: development =======
2023-04-18 13:17:03 info: 🚀 App listening on the port 3000
2023-04-18 13:17:03 info: =================================
2023-04-18 13:17:09 info: =================================
2023-04-18 13:17:09 info: ======= ENV: development =======
2023-04-18 13:17:09 info: 🚀 App listening on the port 3000
2023-04-18 13:17:09 info: =================================
2023-04-18 13:17:20 info: =================================
2023-04-18 13:17:20 info: ======= ENV: development =======
2023-04-18 13:17:20 info: 🚀 App listening on the port 3000
2023-04-18 13:17:20 info: =================================
2023-04-18 13:17:25 info: =================================
2023-04-18 13:17:25 info: ======= ENV: development =======
2023-04-18 13:17:25 info: 🚀 App listening on the port 3000
2023-04-18 13:17:25 info: =================================
2023-04-18 13:17:33 info: =================================
2023-04-18 13:17:33 info: ======= ENV: development =======
2023-04-18 13:17:33 info: 🚀 App listening on the port 3000
2023-04-18 13:17:33 info: =================================
2023-04-18 13:17:37 info: =================================
2023-04-18 13:17:37 info: ======= ENV: development =======
2023-04-18 13:17:37 info: 🚀 App listening on the port 3000
2023-04-18 13:17:37 info: =================================
2023-04-18 13:17:42 info: =================================
2023-04-18 13:17:42 info: ======= ENV: development =======
2023-04-18 13:17:42 info: 🚀 App listening on the port 3000
2023-04-18 13:17:42 info: =================================
2023-04-18 13:18:19 info: =================================
2023-04-18 13:18:19 info: ======= ENV: development =======
2023-04-18 13:18:19 info: 🚀 App listening on the port 3000
2023-04-18 13:18:19 info: =================================
2023-04-18 13:18:22 info: =================================
2023-04-18 13:18:22 info: ======= ENV: development =======
2023-04-18 13:18:22 info: 🚀 App listening on the port 3000
2023-04-18 13:18:22 info: =================================
2023-04-18 13:18:33 info: =================================
2023-04-18 13:18:33 info: ======= ENV: development =======
2023-04-18 13:18:33 info: 🚀 App listening on the port 3000
2023-04-18 13:18:33 info: =================================
2023-04-18 13:19:35 info: =================================
2023-04-18 13:19:35 info: ======= ENV: development =======
2023-04-18 13:19:35 info: 🚀 App listening on the port 3000
2023-04-18 13:19:35 info: =================================
2023-04-18 13:19:40 info: =================================
2023-04-18 13:19:40 info: ======= ENV: development =======
2023-04-18 13:19:40 info: 🚀 App listening on the port 3000
2023-04-18 13:19:40 info: =================================
2023-04-18 13:44:43 info: =================================
2023-04-18 13:44:43 info: ======= ENV: development =======
2023-04-18 13:44:43 info: 🚀 App listening on the port 3000
2023-04-18 13:44:43 info: =================================
2023-04-18 13:44:48 info: =================================
2023-04-18 13:44:48 info: ======= ENV: development =======
2023-04-18 13:44:48 info: 🚀 App listening on the port 3000
2023-04-18 13:44:48 info: =================================
2023-04-18 13:44:51 info: =================================
2023-04-18 13:44:51 info: ======= ENV: development =======
2023-04-18 13:44:51 info: 🚀 App listening on the port 3000
2023-04-18 13:44:51 info: =================================
2023-04-18 13:45:09 info: [0mGET /sellers/plans/cus_Nes05P2erB7zKg [32m200[0m 400.122 ms - 2[0m
2023-04-18 13:58:21 info: =================================
2023-04-18 13:58:21 info: ======= ENV: development =======
2023-04-18 13:58:21 info: 🚀 App listening on the port 3000
2023-04-18 13:58:21 info: =================================
2023-04-18 13:58:25 info: [0mGET /sellers/plans/cus_Nes05P2erB7zKg [32m200[0m 668.745 ms - 2[0m
2023-04-18 13:59:15 info: =================================
2023-04-18 13:59:15 info: ======= ENV: development =======
2023-04-18 13:59:15 info: 🚀 App listening on the port 3000
2023-04-18 13:59:15 info: =================================
2023-04-18 14:10:49 info: [0mGET /sellers/plans/userId/cus_Nes05P2erB7zKg [33m404[0m 4.068 ms - 178[0m
2023-04-18 14:10:58 info: [0mGET /sellers/plans/cus_Nes05P2erB7zKg [32m200[0m 559.019 ms - -[0m
2023-04-18 14:11:16 info: =================================
2023-04-18 14:11:16 info: ======= ENV: development =======
2023-04-18 14:11:16 info: 🚀 App listening on the port 3000
2023-04-18 14:11:16 info: =================================
2023-04-18 14:11:22 info: =================================
2023-04-18 14:11:22 info: ======= ENV: development =======
2023-04-18 14:11:22 info: 🚀 App listening on the port 3000
2023-04-18 14:11:22 info: =================================
2023-04-18 14:11:35 info: =================================
2023-04-18 14:11:35 info: ======= ENV: development =======
2023-04-18 14:11:35 info: 🚀 App listening on the port 3000
2023-04-18 14:11:35 info: =================================
2023-04-18 14:11:48 info: =================================
2023-04-18 14:11:48 info: ======= ENV: development =======
2023-04-18 14:11:48 info: 🚀 App listening on the port 3000
2023-04-18 14:11:48 info: =================================
2023-04-18 14:12:01 info: =================================
2023-04-18 14:12:01 info: ======= ENV: development =======
2023-04-18 14:12:01 info: 🚀 App listening on the port 3000
2023-04-18 14:12:01 info: =================================
2023-04-18 14:12:09 info: =================================
2023-04-18 14:12:09 info: ======= ENV: development =======
2023-04-18 14:12:09 info: 🚀 App listening on the port 3000
2023-04-18 14:12:09 info: =================================
2023-04-18 14:12:13 info: =================================
2023-04-18 14:12:13 info: ======= ENV: development =======
2023-04-18 14:12:13 info: 🚀 App listening on the port 3000
2023-04-18 14:12:13 info: =================================
2023-04-18 14:12:19 info: =================================
2023-04-18 14:12:19 info: ======= ENV: development =======
2023-04-18 14:12:19 info: 🚀 App listening on the port 3000
2023-04-18 14:12:19 info: =================================
2023-04-18 14:12:23 info: =================================
2023-04-18 14:12:23 info: ======= ENV: development =======
2023-04-18 14:12:23 info: 🚀 App listening on the port 3000
2023-04-18 14:12:23 info: =================================
2023-04-18 14:12:27 info: [0mGET /sellers/plans/cus_Nes05P2erB7zKg [32m200[0m 491.714 ms - 158[0m
2023-04-18 14:12:51 info: =================================
2023-04-18 14:12:51 info: ======= ENV: development =======
2023-04-18 14:12:51 info: 🚀 App listening on the port 3000
2023-04-18 14:12:51 info: =================================
2023-04-18 14:13:26 info: [0mGET /sellers/plans/cus_Nes05P2erB7zKg [32m200[0m 31952.613 ms - 2[0m
2023-04-18 14:13:54 info: [0mGET /sellers/plans/cus_Nes05P2erB7zKg [32m200[0m 16573.694 ms - 151[0m
2023-04-18 14:13:57 info: [0mGET /sellers/plans/cus_Nes05P2erB7zKg [32m200[0m 401.150 ms - 151[0m
2023-04-18 14:14:00 info: [0mGET /sellers/plans/cus_Nes05P2erB7zKg [32m200[0m 400.327 ms - 151[0m
2023-04-18 14:14:45 info: =================================
2023-04-18 14:14:45 info: ======= ENV: development =======
2023-04-18 14:14:45 info: 🚀 App listening on the port 3000
2023-04-18 14:14:45 info: =================================
2023-04-18 14:14:48 info: =================================
2023-04-18 14:14:48 info: ======= ENV: development =======
2023-04-18 14:14:48 info: 🚀 App listening on the port 3000
2023-04-18 14:14:48 info: =================================
2023-04-18 14:14:53 info: =================================
2023-04-18 14:14:53 info: ======= ENV: development =======
2023-04-18 14:14:53 info: 🚀 App listening on the port 3000
2023-04-18 14:14:53 info: =================================
2023-04-18 14:15:19 info: =================================
2023-04-18 14:15:19 info: ======= ENV: development =======
2023-04-18 14:15:19 info: 🚀 App listening on the port 3000
2023-04-18 14:15:19 info: =================================
2023-04-18 14:15:30 info: =================================
2023-04-18 14:15:30 info: ======= ENV: development =======
2023-04-18 14:15:30 info: 🚀 App listening on the port 3000
2023-04-18 14:15:30 info: =================================
2023-04-18 14:15:43 info: =================================
2023-04-18 14:15:43 info: ======= ENV: development =======
2023-04-18 14:15:43 info: 🚀 App listening on the port 3000
2023-04-18 14:15:43 info: =================================
2023-04-18 14:35:00 info: =================================
2023-04-18 14:35:00 info: ======= ENV: development =======
2023-04-18 14:35:00 info: 🚀 App listening on the port 3000
2023-04-18 14:35:00 info: =================================
2023-04-18 14:35:06 info: =================================
2023-04-18 14:35:06 info: ======= ENV: development =======
2023-04-18 14:35:06 info: 🚀 App listening on the port 3000
2023-04-18 14:35:06 info: =================================
2023-04-18 14:35:19 info: =================================
2023-04-18 14:35:19 info: ======= ENV: development =======
2023-04-18 14:35:19 info: 🚀 App listening on the port 3000
2023-04-18 14:35:19 info: =================================
2023-04-18 14:35:29 info: =================================
2023-04-18 14:35:29 info: ======= ENV: development =======
2023-04-18 14:35:29 info: 🚀 App listening on the port 3000
2023-04-18 14:35:29 info: =================================
2023-04-18 14:35:32 info: =================================
2023-04-18 14:35:32 info: ======= ENV: development =======
2023-04-18 14:35:32 info: 🚀 App listening on the port 3000
2023-04-18 14:35:32 info: =================================
2023-04-18 14:35:58 info: =================================
2023-04-18 14:35:58 info: ======= ENV: development =======
2023-04-18 14:35:58 info: 🚀 App listening on the port 3000
2023-04-18 14:35:58 info: =================================
2023-04-18 14:36:06 info: =================================
2023-04-18 14:36:06 info: ======= ENV: development =======
2023-04-18 14:36:06 info: 🚀 App listening on the port 3000
2023-04-18 14:36:06 info: =================================
2023-04-18 14:36:27 info: =================================
2023-04-18 14:36:27 info: ======= ENV: development =======
2023-04-18 14:36:27 info: 🚀 App listening on the port 3000
2023-04-18 14:36:27 info: =================================
2023-04-18 14:36:43 info: =================================
2023-04-18 14:36:43 info: ======= ENV: development =======
2023-04-18 14:36:43 info: 🚀 App listening on the port 3000
2023-04-18 14:36:43 info: =================================
2023-04-18 14:36:48 info: =================================
2023-04-18 14:36:48 info: ======= ENV: development =======
2023-04-18 14:36:48 info: 🚀 App listening on the port 3000
2023-04-18 14:36:48 info: =================================
2023-04-18 14:37:48 info: =================================
2023-04-18 14:37:48 info: ======= ENV: development =======
2023-04-18 14:37:48 info: 🚀 App listening on the port 3000
2023-04-18 14:37:48 info: =================================
2023-04-18 14:41:25 info: =================================
2023-04-18 14:41:25 info: ======= ENV: development =======
2023-04-18 14:41:25 info: 🚀 App listening on the port 3000
2023-04-18 14:41:25 info: =================================
2023-04-18 14:42:36 info: =================================
2023-04-18 14:42:36 info: ======= ENV: development =======
2023-04-18 14:42:36 info: 🚀 App listening on the port 3000
2023-04-18 14:42:36 info: =================================
2023-04-18 14:42:53 info: =================================
2023-04-18 14:42:53 info: ======= ENV: development =======
2023-04-18 14:42:53 info: 🚀 App listening on the port 3000
2023-04-18 14:42:53 info: =================================
2023-04-18 14:43:02 info: =================================
2023-04-18 14:43:02 info: ======= ENV: development =======
2023-04-18 14:43:02 info: 🚀 App listening on the port 3000
2023-04-18 14:43:02 info: =================================
2023-04-18 14:43:05 info: =================================
2023-04-18 14:43:05 info: ======= ENV: development =======
2023-04-18 14:43:05 info: 🚀 App listening on the port 3000
2023-04-18 14:43:05 info: =================================
2023-04-18 14:43:18 info: =================================
2023-04-18 14:43:18 info: ======= ENV: development =======
2023-04-18 14:43:18 info: 🚀 App listening on the port 3000
2023-04-18 14:43:18 info: =================================
2023-04-18 14:43:24 info: =================================
2023-04-18 14:43:25 info: ======= ENV: development =======
2023-04-18 14:43:25 info: 🚀 App listening on the port 3000
2023-04-18 14:43:25 info: =================================
2023-04-18 14:43:29 info: =================================
2023-04-18 14:43:29 info: ======= ENV: development =======
2023-04-18 14:43:29 info: 🚀 App listening on the port 3000
2023-04-18 14:43:29 info: =================================
2023-04-18 14:44:09 info: =================================
2023-04-18 14:44:09 info: ======= ENV: development =======
2023-04-18 14:44:09 info: 🚀 App listening on the port 3000
2023-04-18 14:44:09 info: =================================
2023-04-18 14:44:17 info: =================================
2023-04-18 14:44:17 info: ======= ENV: development =======
2023-04-18 14:44:17 info: 🚀 App listening on the port 3000
2023-04-18 14:44:17 info: =================================
2023-04-18 14:44:27 info: =================================
2023-04-18 14:44:27 info: ======= ENV: development =======
2023-04-18 14:44:27 info: 🚀 App listening on the port 3000
2023-04-18 14:44:27 info: =================================
2023-04-18 14:44:41 info: =================================
2023-04-18 14:44:41 info: ======= ENV: development =======
2023-04-18 14:44:41 info: 🚀 App listening on the port 3000
2023-04-18 14:44:41 info: =================================
2023-04-18 14:44:46 info: =================================
2023-04-18 14:44:46 info: ======= ENV: development =======
2023-04-18 14:44:46 info: 🚀 App listening on the port 3000
2023-04-18 14:44:46 info: =================================
2023-04-18 14:44:50 info: =================================
2023-04-18 14:44:50 info: ======= ENV: development =======
2023-04-18 14:44:50 info: 🚀 App listening on the port 3000
2023-04-18 14:44:50 info: =================================
2023-04-18 14:44:53 info: =================================
2023-04-18 14:44:53 info: ======= ENV: development =======
2023-04-18 14:44:53 info: 🚀 App listening on the port 3000
2023-04-18 14:44:53 info: =================================
2023-04-18 14:45:01 info: =================================
2023-04-18 14:45:01 info: ======= ENV: development =======
2023-04-18 14:45:01 info: 🚀 App listening on the port 3000
2023-04-18 14:45:01 info: =================================
2023-04-18 14:45:06 info: =================================
2023-04-18 14:45:06 info: ======= ENV: development =======
2023-04-18 14:45:06 info: 🚀 App listening on the port 3000
2023-04-18 14:45:06 info: =================================
2023-04-18 14:45:13 info: =================================
2023-04-18 14:45:13 info: ======= ENV: development =======
2023-04-18 14:45:13 info: 🚀 App listening on the port 3000
2023-04-18 14:45:13 info: =================================
2023-04-18 14:45:15 info: =================================
2023-04-18 14:45:15 info: ======= ENV: development =======
2023-04-18 14:45:15 info: 🚀 App listening on the port 3000
2023-04-18 14:45:15 info: =================================
2023-04-18 14:45:22 info: =================================
2023-04-18 14:45:22 info: ======= ENV: development =======
2023-04-18 14:45:22 info: 🚀 App listening on the port 3000
2023-04-18 14:45:22 info: =================================
2023-04-18 14:45:25 info: =================================
2023-04-18 14:45:25 info: ======= ENV: development =======
2023-04-18 14:45:25 info: 🚀 App listening on the port 3000
2023-04-18 14:45:25 info: =================================
2023-04-18 14:45:33 info: =================================
2023-04-18 14:45:33 info: ======= ENV: development =======
2023-04-18 14:45:33 info: 🚀 App listening on the port 3000
2023-04-18 14:45:33 info: =================================
2023-04-18 14:45:37 info: =================================
2023-04-18 14:45:37 info: ======= ENV: development =======
2023-04-18 14:45:37 info: 🚀 App listening on the port 3000
2023-04-18 14:45:37 info: =================================
2023-04-18 14:45:44 info: =================================
2023-04-18 14:45:44 info: ======= ENV: development =======
2023-04-18 14:45:44 info: 🚀 App listening on the port 3000
2023-04-18 14:45:44 info: =================================
2023-04-18 14:45:47 info: =================================
2023-04-18 14:45:47 info: ======= ENV: development =======
2023-04-18 14:45:47 info: 🚀 App listening on the port 3000
2023-04-18 14:45:47 info: =================================
2023-04-18 14:45:53 info: =================================
2023-04-18 14:45:53 info: ======= ENV: development =======
2023-04-18 14:45:53 info: 🚀 App listening on the port 3000
2023-04-18 14:45:53 info: =================================
2023-04-18 14:45:56 info: =================================
2023-04-18 14:45:56 info: ======= ENV: development =======
2023-04-18 14:45:56 info: 🚀 App listening on the port 3000
2023-04-18 14:45:56 info: =================================
2023-04-18 14:46:02 info: =================================
2023-04-18 14:46:02 info: ======= ENV: development =======
2023-04-18 14:46:02 info: 🚀 App listening on the port 3000
2023-04-18 14:46:02 info: =================================
2023-04-18 14:46:07 info: =================================
2023-04-18 14:46:07 info: ======= ENV: development =======
2023-04-18 14:46:07 info: 🚀 App listening on the port 3000
2023-04-18 14:46:07 info: =================================
2023-04-18 14:46:09 info: =================================
2023-04-18 14:46:09 info: ======= ENV: development =======
2023-04-18 14:46:09 info: 🚀 App listening on the port 3000
2023-04-18 14:46:09 info: =================================
2023-04-18 14:46:12 info: =================================
2023-04-18 14:46:12 info: ======= ENV: development =======
2023-04-18 14:46:12 info: 🚀 App listening on the port 3000
2023-04-18 14:46:12 info: =================================
2023-04-18 14:46:18 info: =================================
2023-04-18 14:46:18 info: ======= ENV: development =======
2023-04-18 14:46:18 info: 🚀 App listening on the port 3000
2023-04-18 14:46:18 info: =================================
2023-04-18 14:46:26 info: =================================
2023-04-18 14:46:26 info: ======= ENV: development =======
2023-04-18 14:46:26 info: 🚀 App listening on the port 3000
2023-04-18 14:46:26 info: =================================
2023-04-18 14:46:30 info: =================================
2023-04-18 14:46:30 info: ======= ENV: development =======
2023-04-18 14:46:30 info: 🚀 App listening on the port 3000
2023-04-18 14:46:30 info: =================================
2023-04-18 14:46:35 info: =================================
2023-04-18 14:46:35 info: ======= ENV: development =======
2023-04-18 14:46:35 info: 🚀 App listening on the port 3000
2023-04-18 14:46:35 info: =================================
2023-04-18 14:46:55 info: =================================
2023-04-18 14:46:55 info: ======= ENV: development =======
2023-04-18 14:46:55 info: 🚀 App listening on the port 3000
2023-04-18 14:46:55 info: =================================
2023-04-18 14:46:58 info: =================================
2023-04-18 14:46:58 info: ======= ENV: development =======
2023-04-18 14:46:58 info: 🚀 App listening on the port 3000
2023-04-18 14:46:58 info: =================================
2023-04-18 14:47:02 info: =================================
2023-04-18 14:47:02 info: ======= ENV: development =======
2023-04-18 14:47:02 info: 🚀 App listening on the port 3000
2023-04-18 14:47:02 info: =================================
2023-04-18 14:47:29 info: =================================
2023-04-18 14:47:29 info: ======= ENV: development =======
2023-04-18 14:47:29 info: 🚀 App listening on the port 3000
2023-04-18 14:47:29 info: =================================
2023-04-18 14:47:32 info: =================================
2023-04-18 14:47:32 info: ======= ENV: development =======
2023-04-18 14:47:32 info: 🚀 App listening on the port 3000
2023-04-18 14:47:32 info: =================================
2023-04-18 14:47:36 info: =================================
2023-04-18 14:47:36 info: ======= ENV: development =======
2023-04-18 14:47:36 info: 🚀 App listening on the port 3000
2023-04-18 14:47:36 info: =================================
2023-04-18 14:47:43 info: =================================
2023-04-18 14:47:43 info: ======= ENV: development =======
2023-04-18 14:47:43 info: 🚀 App listening on the port 3000
2023-04-18 14:47:43 info: =================================
2023-04-18 14:47:46 info: =================================
2023-04-18 14:47:46 info: ======= ENV: development =======
2023-04-18 14:47:46 info: 🚀 App listening on the port 3000
2023-04-18 14:47:46 info: =================================
2023-04-18 14:47:51 info: =================================
2023-04-18 14:47:51 info: ======= ENV: development =======
2023-04-18 14:47:51 info: 🚀 App listening on the port 3000
2023-04-18 14:47:51 info: =================================
2023-04-18 14:47:59 info: =================================
2023-04-18 14:47:59 info: ======= ENV: development =======
2023-04-18 14:47:59 info: 🚀 App listening on the port 3000
2023-04-18 14:47:59 info: =================================
2023-04-18 14:48:07 info: =================================
2023-04-18 14:48:07 info: ======= ENV: development =======
2023-04-18 14:48:07 info: 🚀 App listening on the port 3000
2023-04-18 14:48:07 info: =================================
2023-04-18 14:48:11 info: =================================
2023-04-18 14:48:11 info: ======= ENV: development =======
2023-04-18 14:48:11 info: 🚀 App listening on the port 3000
2023-04-18 14:48:11 info: =================================
2023-04-18 14:48:17 info: =================================
2023-04-18 14:48:17 info: ======= ENV: development =======
2023-04-18 14:48:17 info: 🚀 App listening on the port 3000
2023-04-18 14:48:17 info: =================================
2023-04-18 15:25:59 info: =================================
2023-04-18 15:25:59 info: ======= ENV: development =======
2023-04-18 15:25:59 info: 🚀 App listening on the port 3000
2023-04-18 15:25:59 info: =================================
2023-04-18 15:26:05 info: =================================
2023-04-18 15:26:05 info: ======= ENV: development =======
2023-04-18 15:26:05 info: 🚀 App listening on the port 3000
2023-04-18 15:26:05 info: =================================
2023-04-18 15:26:12 info: =================================
2023-04-18 15:26:12 info: ======= ENV: development =======
2023-04-18 15:26:12 info: 🚀 App listening on the port 3000
2023-04-18 15:26:12 info: =================================
2023-04-18 15:26:21 info: =================================
2023-04-18 15:26:21 info: ======= ENV: development =======
2023-04-18 15:26:21 info: 🚀 App listening on the port 3000
2023-04-18 15:26:21 info: =================================
2023-04-18 15:26:31 info: =================================
2023-04-18 15:26:31 info: ======= ENV: development =======
2023-04-18 15:26:31 info: 🚀 App listening on the port 3000
2023-04-18 15:26:31 info: =================================
2023-04-18 15:26:45 info: =================================
2023-04-18 15:26:45 info: ======= ENV: development =======
2023-04-18 15:26:45 info: 🚀 App listening on the port 3000
2023-04-18 15:26:45 info: =================================
2023-04-18 15:26:49 info: =================================
2023-04-18 15:26:49 info: ======= ENV: development =======
2023-04-18 15:26:49 info: 🚀 App listening on the port 3000
2023-04-18 15:26:49 info: =================================
2023-04-18 15:26:51 info: =================================
2023-04-18 15:26:51 info: ======= ENV: development =======
2023-04-18 15:26:51 info: 🚀 App listening on the port 3000
2023-04-18 15:26:51 info: =================================
2023-04-18 15:26:56 info: =================================
2023-04-18 15:26:56 info: ======= ENV: development =======
2023-04-18 15:26:56 info: 🚀 App listening on the port 3000
2023-04-18 15:26:56 info: =================================
2023-04-18 15:27:00 info: =================================
2023-04-18 15:27:00 info: ======= ENV: development =======
2023-04-18 15:27:00 info: 🚀 App listening on the port 3000
2023-04-18 15:27:00 info: =================================
2023-04-18 15:27:04 info: =================================
2023-04-18 15:27:04 info: ======= ENV: development =======
2023-04-18 15:27:04 info: 🚀 App listening on the port 3000
2023-04-18 15:27:04 info: =================================
2023-04-18 15:27:13 info: =================================
2023-04-18 15:27:13 info: ======= ENV: development =======
2023-04-18 15:27:13 info: 🚀 App listening on the port 3000
2023-04-18 15:27:13 info: =================================
2023-04-18 15:27:25 info: =================================
2023-04-18 15:27:25 info: ======= ENV: development =======
2023-04-18 15:27:25 info: 🚀 App listening on the port 3000
2023-04-18 15:27:25 info: =================================
2023-04-18 15:27:41 info: =================================
2023-04-18 15:27:41 info: ======= ENV: development =======
2023-04-18 15:27:41 info: 🚀 App listening on the port 3000
2023-04-18 15:27:41 info: =================================
2023-04-18 15:27:53 info: =================================
2023-04-18 15:27:53 info: ======= ENV: development =======
2023-04-18 15:27:53 info: 🚀 App listening on the port 3000
2023-04-18 15:27:53 info: =================================
2023-04-18 15:28:46 info: =================================
2023-04-18 15:28:46 info: ======= ENV: development =======
2023-04-18 15:28:46 info: 🚀 App listening on the port 3000
2023-04-18 15:28:46 info: =================================
2023-04-18 15:28:51 info: =================================
2023-04-18 15:28:51 info: ======= ENV: development =======
2023-04-18 15:28:51 info: 🚀 App listening on the port 3000
2023-04-18 15:28:51 info: =================================
2023-04-18 15:29:21 info: =================================
2023-04-18 15:29:21 info: ======= ENV: development =======
2023-04-18 15:29:21 info: 🚀 App listening on the port 3000
2023-04-18 15:29:21 info: =================================
2023-04-18 15:29:27 info: =================================
2023-04-18 15:29:27 info: ======= ENV: development =======
2023-04-18 15:29:27 info: 🚀 App listening on the port 3000
2023-04-18 15:29:27 info: =================================
2023-04-18 15:30:02 info: =================================
2023-04-18 15:30:02 info: ======= ENV: development =======
2023-04-18 15:30:02 info: 🚀 App listening on the port 3000
2023-04-18 15:30:02 info: =================================
2023-04-18 15:30:10 info: =================================
2023-04-18 15:30:10 info: ======= ENV: development =======
2023-04-18 15:30:10 info: 🚀 App listening on the port 3000
2023-04-18 15:30:10 info: =================================
2023-04-18 15:38:08 info: =================================
2023-04-18 15:38:08 info: ======= ENV: development =======
2023-04-18 15:38:08 info: 🚀 App listening on the port 3000
2023-04-18 15:38:08 info: =================================
2023-04-18 15:38:11 info: =================================
2023-04-18 15:38:11 info: ======= ENV: development =======
2023-04-18 15:38:11 info: 🚀 App listening on the port 3000
2023-04-18 15:38:11 info: =================================
2023-04-18 15:38:17 info: =================================
2023-04-18 15:38:17 info: ======= ENV: development =======
2023-04-18 15:38:17 info: 🚀 App listening on the port 3000
2023-04-18 15:38:17 info: =================================
2023-04-18 15:38:33 info: =================================
2023-04-18 15:38:33 info: ======= ENV: development =======
2023-04-18 15:38:33 info: 🚀 App listening on the port 3000
2023-04-18 15:38:33 info: =================================
2023-04-18 15:54:57 info: =================================
2023-04-18 15:54:57 info: ======= ENV: development =======
2023-04-18 15:54:57 info: 🚀 App listening on the port 3000
2023-04-18 15:54:57 info: =================================
2023-04-18 15:55:00 info: =================================
2023-04-18 15:55:00 info: ======= ENV: development =======
2023-04-18 15:55:00 info: 🚀 App listening on the port 3000
2023-04-18 15:55:00 info: =================================
2023-04-18 15:55:07 info: =================================
2023-04-18 15:55:07 info: ======= ENV: development =======
2023-04-18 15:55:07 info: 🚀 App listening on the port 3000
2023-04-18 15:55:07 info: =================================
2023-04-18 15:55:15 info: =================================
2023-04-18 15:55:15 info: ======= ENV: development =======
2023-04-18 15:55:15 info: 🚀 App listening on the port 3000
2023-04-18 15:55:15 info: =================================
2023-04-18 15:56:01 info: =================================
2023-04-18 15:56:01 info: ======= ENV: development =======
2023-04-18 15:56:01 info: 🚀 App listening on the port 3000
2023-04-18 15:56:01 info: =================================
2023-04-18 15:56:08 info: =================================
2023-04-18 15:56:08 info: ======= ENV: development =======
2023-04-18 15:56:08 info: 🚀 App listening on the port 3000
2023-04-18 15:56:08 info: =================================
2023-04-18 15:56:27 info: =================================
2023-04-18 15:56:27 info: ======= ENV: development =======
2023-04-18 15:56:27 info: 🚀 App listening on the port 3000
2023-04-18 15:56:27 info: =================================
2023-04-18 15:56:34 info: =================================
2023-04-18 15:56:34 info: ======= ENV: development =======
2023-04-18 15:56:34 info: 🚀 App listening on the port 3000
2023-04-18 15:56:34 info: =================================
2023-04-18 15:56:40 info: =================================
2023-04-18 15:56:40 info: ======= ENV: development =======
2023-04-18 15:56:40 info: 🚀 App listening on the port 3000
2023-04-18 15:56:40 info: =================================
2023-04-18 15:56:52 info: =================================
2023-04-18 15:56:52 info: ======= ENV: development =======
2023-04-18 15:56:52 info: 🚀 App listening on the port 3000
2023-04-18 15:56:52 info: =================================
2023-04-18 15:57:09 info: =================================
2023-04-18 15:57:09 info: ======= ENV: development =======
2023-04-18 15:57:09 info: 🚀 App listening on the port 3000
2023-04-18 15:57:09 info: =================================
2023-04-18 15:57:18 info: =================================
2023-04-18 15:57:18 info: ======= ENV: development =======
2023-04-18 15:57:18 info: 🚀 App listening on the port 3000
2023-04-18 15:57:18 info: =================================
2023-04-18 15:57:25 info: =================================
2023-04-18 15:57:25 info: ======= ENV: development =======
2023-04-18 15:57:25 info: 🚀 App listening on the port 3000
2023-04-18 15:57:25 info: =================================
2023-04-18 15:57:35 info: =================================
2023-04-18 15:57:35 info: ======= ENV: development =======
2023-04-18 15:57:35 info: 🚀 App listening on the port 3000
2023-04-18 15:57:35 info: =================================
2023-04-18 15:57:46 info: =================================
2023-04-18 15:57:46 info: ======= ENV: development =======
2023-04-18 15:57:46 info: 🚀 App listening on the port 3000
2023-04-18 15:57:46 info: =================================
2023-04-18 15:57:50 info: =================================
2023-04-18 15:57:50 info: ======= ENV: development =======
2023-04-18 15:57:50 info: 🚀 App listening on the port 3000
2023-04-18 15:57:50 info: =================================
2023-04-18 15:58:05 info: =================================
2023-04-18 15:58:05 info: ======= ENV: development =======
2023-04-18 15:58:05 info: 🚀 App listening on the port 3000
2023-04-18 15:58:05 info: =================================
2023-04-18 15:58:12 info: =================================
2023-04-18 15:58:12 info: ======= ENV: development =======
2023-04-18 15:58:12 info: 🚀 App listening on the port 3000
2023-04-18 15:58:12 info: =================================
2023-04-18 15:58:29 info: =================================
2023-04-18 15:58:29 info: ======= ENV: development =======
2023-04-18 15:58:29 info: 🚀 App listening on the port 3000
2023-04-18 15:58:29 info: =================================
2023-04-18 15:58:32 info: =================================
2023-04-18 15:58:32 info: ======= ENV: development =======
2023-04-18 15:58:32 info: 🚀 App listening on the port 3000
2023-04-18 15:58:32 info: =================================
2023-04-18 15:58:37 info: =================================
2023-04-18 15:58:37 info: ======= ENV: development =======
2023-04-18 15:58:37 info: 🚀 App listening on the port 3000
2023-04-18 15:58:37 info: =================================
2023-04-18 15:58:56 info: =================================
2023-04-18 15:58:56 info: ======= ENV: development =======
2023-04-18 15:58:56 info: 🚀 App listening on the port 3000
2023-04-18 15:58:56 info: =================================
2023-04-18 15:59:17 info: =================================
2023-04-18 15:59:17 info: ======= ENV: development =======
2023-04-18 15:59:17 info: 🚀 App listening on the port 3000
2023-04-18 15:59:17 info: =================================
2023-04-18 15:59:38 info: =================================
2023-04-18 15:59:38 info: ======= ENV: development =======
2023-04-18 15:59:38 info: 🚀 App listening on the port 3000
2023-04-18 15:59:38 info: =================================
2023-04-18 15:59:41 info: =================================
2023-04-18 15:59:41 info: ======= ENV: development =======
2023-04-18 15:59:41 info: 🚀 App listening on the port 3000
2023-04-18 15:59:41 info: =================================
2023-04-18 16:04:19 info: [0mPOST /users/subscribe/cus_NertcEpcd14idq [32m200[0m 557.768 ms - 2[0m
2023-04-18 16:04:38 info: =================================
2023-04-18 16:04:38 info: ======= ENV: development =======
2023-04-18 16:04:38 info: 🚀 App listening on the port 3000
2023-04-18 16:04:38 info: =================================
2023-04-18 16:04:42 info: [0mPOST /users/subscribe/cus_NertcEpcd14idq [32m200[0m 561.137 ms - 2[0m
2023-04-18 16:06:21 info: =================================
2023-04-18 16:06:21 info: ======= ENV: development =======
2023-04-18 16:06:21 info: 🚀 App listening on the port 3000
2023-04-18 16:06:21 info: =================================
2023-04-18 16:06:27 info: =================================
2023-04-18 16:06:27 info: ======= ENV: development =======
2023-04-18 16:06:27 info: 🚀 App listening on the port 3000
2023-04-18 16:06:27 info: =================================
2023-04-18 16:06:35 info: =================================
2023-04-18 16:06:35 info: ======= ENV: development =======
2023-04-18 16:06:35 info: 🚀 App listening on the port 3000
2023-04-18 16:06:35 info: =================================
2023-04-18 16:06:40 info: =================================
2023-04-18 16:06:40 info: ======= ENV: development =======
2023-04-18 16:06:40 info: 🚀 App listening on the port 3000
2023-04-18 16:06:40 info: =================================
2023-04-18 16:06:45 info: [0mPOST /users/subscribe/cus_NertcEpcd14idq [32m200[0m 543.474 ms - 2[0m
2023-04-18 16:07:20 info: =================================
2023-04-18 16:07:20 info: ======= ENV: development =======
2023-04-18 16:07:20 info: 🚀 App listening on the port 3000
2023-04-18 16:07:20 info: =================================
2023-04-18 16:07:29 info: =================================
2023-04-18 16:07:29 info: ======= ENV: development =======
2023-04-18 16:07:29 info: 🚀 App listening on the port 3000
2023-04-18 16:07:29 info: =================================
2023-04-18 16:07:33 info: [0mPOST /users/subscribe/cus_NertcEpcd14idq [32m200[0m 561.119 ms - 2[0m
2023-04-18 16:08:24 info: =================================
2023-04-18 16:08:24 info: ======= ENV: development =======
2023-04-18 16:08:24 info: 🚀 App listening on the port 3000
2023-04-18 16:08:24 info: =================================
2023-04-18 16:08:31 info: =================================
2023-04-18 16:08:31 info: ======= ENV: development =======
2023-04-18 16:08:31 info: 🚀 App listening on the port 3000
2023-04-18 16:08:31 info: =================================
2023-04-18 16:08:41 info: =================================
2023-04-18 16:08:41 info: ======= ENV: development =======
2023-04-18 16:08:41 info: 🚀 App listening on the port 3000
2023-04-18 16:08:41 info: =================================
2023-04-18 16:08:43 info: [0mPOST /users/subscribe/cus_NertcEpcd14idq [32m200[0m 802.666 ms - 2[0m
2023-04-18 16:08:57 info: =================================
2023-04-18 16:08:57 info: ======= ENV: development =======
2023-04-18 16:08:57 info: 🚀 App listening on the port 3000
2023-04-18 16:08:57 info: =================================
2023-04-18 16:09:00 info: [0mPOST /users/subscribe/cus_NertcEpcd14idq [32m200[0m 632.395 ms - 2[0m
2023-04-18 16:09:20 info: =================================
2023-04-18 16:09:20 info: ======= ENV: development =======
2023-04-18 16:09:20 info: 🚀 App listening on the port 3000
2023-04-18 16:09:20 info: =================================
2023-04-18 16:09:23 info: [0mPOST /users/subscribe/cus_NertcEpcd14idq [32m200[0m 979.931 ms - 2[0m
2023-04-18 16:59:26 info: [0mPOST /users/subscribe/cus_NertcEpcd14idq [32m200[0m 744.313 ms - 2[0m
2023-04-18 16:59:53 info: =================================
2023-04-18 16:59:53 info: ======= ENV: development =======
2023-04-18 16:59:53 info: 🚀 App listening on the port 3000
2023-04-18 16:59:53 info: =================================
2023-04-18 16:59:57 info: [0mPOST /users/subscribe/cus_NertcEpcd14idq [32m200[0m 603.506 ms - 2[0m
2023-04-18 17:01:08 info: [0mPOST /users/subscribe/cus_NertcEpcd14idq [32m200[0m 634.271 ms - 2[0m
2023-04-18 17:02:07 info: =================================
2023-04-18 17:02:07 info: ======= ENV: development =======
2023-04-18 17:02:07 info: 🚀 App listening on the port 3000
2023-04-18 17:02:07 info: =================================
2023-04-18 17:02:17 info: =================================
2023-04-18 17:02:17 info: ======= ENV: development =======
2023-04-18 17:02:17 info: 🚀 App listening on the port 3000
2023-04-18 17:02:17 info: =================================
2023-04-18 17:02:22 info: [0mPOST /users/subscribe/cus_NertcEpcd14idq [32m200[0m 612.019 ms - 2[0m
2023-04-18 17:04:06 info: =================================
2023-04-18 17:04:06 info: ======= ENV: development =======
2023-04-18 17:04:06 info: 🚀 App listening on the port 3000
2023-04-18 17:04:06 info: =================================
2023-04-18 17:04:32 info: =================================
2023-04-18 17:04:32 info: ======= ENV: development =======
2023-04-18 17:04:32 info: 🚀 App listening on the port 3000
2023-04-18 17:04:32 info: =================================
2023-04-18 17:04:45 info: =================================
2023-04-18 17:04:45 info: ======= ENV: development =======
2023-04-18 17:04:45 info: 🚀 App listening on the port 3000
2023-04-18 17:04:45 info: =================================
2023-04-18 17:04:51 info: =================================
2023-04-18 17:04:51 info: ======= ENV: development =======
2023-04-18 17:04:51 info: 🚀 App listening on the port 3000
2023-04-18 17:04:51 info: =================================
2023-04-18 17:05:04 info: =================================
2023-04-18 17:05:04 info: ======= ENV: development =======
2023-04-18 17:05:04 info: 🚀 App listening on the port 3000
2023-04-18 17:05:04 info: =================================
2023-04-18 17:05:09 info: =================================
2023-04-18 17:05:09 info: ======= ENV: development =======
2023-04-18 17:05:09 info: 🚀 App listening on the port 3000
2023-04-18 17:05:09 info: =================================
2023-04-18 17:05:12 info: =================================
2023-04-18 17:05:12 info: ======= ENV: development =======
2023-04-18 17:05:12 info: 🚀 App listening on the port 3000
2023-04-18 17:05:12 info: =================================
2023-04-18 17:05:17 info: =================================
2023-04-18 17:05:17 info: ======= ENV: development =======
2023-04-18 17:05:17 info: 🚀 App listening on the port 3000
2023-04-18 17:05:17 info: =================================
2023-04-18 17:05:20 info: [0mPOST /users/subscribe/cus_NertcEpcd14idq [32m200[0m 434.025 ms - 2[0m
2023-04-18 17:05:36 info: =================================
2023-04-18 17:05:36 info: ======= ENV: development =======
2023-04-18 17:05:36 info: 🚀 App listening on the port 3000
2023-04-18 17:05:36 info: =================================
2023-04-18 17:05:40 info: [0mPOST /users/subscribe/cus_NertcEpcd14idq [32m200[0m 764.191 ms - 2[0m
2023-04-18 17:05:52 info: =================================
2023-04-18 17:05:52 info: ======= ENV: development =======
2023-04-18 17:05:52 info: 🚀 App listening on the port 3000
2023-04-18 17:05:52 info: =================================
2023-04-18 17:06:01 info: =================================
2023-04-18 17:06:01 info: ======= ENV: development =======
2023-04-18 17:06:01 info: 🚀 App listening on the port 3000
2023-04-18 17:06:01 info: =================================
2023-04-18 17:06:06 info: =================================
2023-04-18 17:06:06 info: ======= ENV: development =======
2023-04-18 17:06:06 info: 🚀 App listening on the port 3000
2023-04-18 17:06:06 info: =================================
2023-04-18 17:06:10 info: [0mPOST /users/subscribe/cus_NertcEpcd14idq [32m200[0m 607.330 ms - 2[0m
2023-04-18 17:06:44 info: =================================
2023-04-18 17:06:44 info: ======= ENV: development =======
2023-04-18 17:06:44 info: 🚀 App listening on the port 3000
2023-04-18 17:06:44 info: =================================
2023-04-18 17:06:45 info: [0mPOST /users/subscribe/cus_NertcEpcd14idq [32m200[0m 446.360 ms - 2[0m
2023-04-18 17:06:58 info: =================================
2023-04-18 17:06:58 info: ======= ENV: development =======
2023-04-18 17:06:58 info: 🚀 App listening on the port 3000
2023-04-18 17:06:58 info: =================================
2023-04-18 17:06:59 info: [0mPOST /users/subscribe/cus_NertcEpcd14idq [32m200[0m 497.244 ms - 2[0m
2023-04-18 17:07:16 info: =================================
2023-04-18 17:07:16 info: ======= ENV: development =======
2023-04-18 17:07:16 info: 🚀 App listening on the port 3000
2023-04-18 17:07:16 info: =================================
2023-04-18 17:07:18 info: [0mPOST /users/subscribe/cus_NertcEpcd14idq [32m200[0m 615.653 ms - 2[0m
2023-04-18 17:09:01 info: =================================
2023-04-18 17:09:01 info: ======= ENV: development =======
2023-04-18 17:09:01 info: 🚀 App listening on the port 3000
2023-04-18 17:09:01 info: =================================
2023-04-18 17:09:04 info: [0mPOST /users/subscribe/cus_NertcEpcd14idq [32m200[0m 744.821 ms - 2[0m
2023-04-18 17:09:12 info: =================================
2023-04-18 17:09:12 info: ======= ENV: development =======
2023-04-18 17:09:12 info: 🚀 App listening on the port 3000
2023-04-18 17:09:12 info: =================================
2023-04-18 17:12:03 info: [0mPOST /users/subscribe/cus_NertcEpcd14idq [32m200[0m 748.543 ms - 2[0m
2023-04-18 17:14:05 info: [0mPOST /users/subscribe/cus_NertcEpcd14idq [32m200[0m 487.041 ms - 41[0m
2023-04-18 17:14:19 info: =================================
2023-04-18 17:14:19 info: ======= ENV: development =======
2023-04-18 17:14:19 info: 🚀 App listening on the port 3000
2023-04-18 17:14:19 info: =================================
2023-04-18 17:15:11 info: =================================
2023-04-18 17:15:11 info: ======= ENV: development =======
2023-04-18 17:15:11 info: 🚀 App listening on the port 3000
2023-04-18 17:15:11 info: =================================
2023-04-18 17:15:33 info: =================================
2023-04-18 17:15:33 info: ======= ENV: development =======
2023-04-18 17:15:33 info: 🚀 App listening on the port 3000
2023-04-18 17:15:33 info: =================================
2023-04-18 17:15:37 info: =================================
2023-04-18 17:15:37 info: ======= ENV: development =======
2023-04-18 17:15:37 info: 🚀 App listening on the port 3000
2023-04-18 17:15:37 info: =================================
2023-04-18 17:15:52 info: =================================
2023-04-18 17:15:52 info: ======= ENV: development =======
2023-04-18 17:15:52 info: 🚀 App listening on the port 3000
2023-04-18 17:15:52 info: =================================
2023-04-18 17:16:25 info: =================================
2023-04-18 17:16:25 info: ======= ENV: development =======
2023-04-18 17:16:25 info: 🚀 App listening on the port 3000
2023-04-18 17:16:25 info: =================================
2023-04-18 17:16:42 info: =================================
2023-04-18 17:16:42 info: ======= ENV: development =======
2023-04-18 17:16:42 info: 🚀 App listening on the port 3000
2023-04-18 17:16:42 info: =================================
2023-04-18 17:16:46 info: =================================
2023-04-18 17:16:46 info: ======= ENV: development =======
2023-04-18 17:16:46 info: 🚀 App listening on the port 3000
2023-04-18 17:16:46 info: =================================
2023-04-18 17:18:36 info: =================================
2023-04-18 17:18:36 info: ======= ENV: development =======
2023-04-18 17:18:36 info: 🚀 App listening on the port 3000
2023-04-18 17:18:36 info: =================================
2023-04-18 17:22:28 info: =================================
2023-04-18 17:22:28 info: ======= ENV: development =======
2023-04-18 17:22:28 info: 🚀 App listening on the port 3000
2023-04-18 17:22:28 info: =================================
2023-04-18 17:22:32 info: =================================
2023-04-18 17:22:32 info: ======= ENV: development =======
2023-04-18 17:22:32 info: 🚀 App listening on the port 3000
2023-04-18 17:22:32 info: =================================
2023-04-18 17:22:47 info: =================================
2023-04-18 17:22:47 info: ======= ENV: development =======
2023-04-18 17:22:47 info: 🚀 App listening on the port 3000
2023-04-18 17:22:47 info: =================================
2023-04-18 17:23:16 info: =================================
2023-04-18 17:23:16 info: ======= ENV: development =======
2023-04-18 17:23:16 info: 🚀 App listening on the port 3000
2023-04-18 17:23:16 info: =================================
2023-04-18 17:23:49 info: =================================
2023-04-18 17:23:49 info: ======= ENV: development =======
2023-04-18 17:23:49 info: 🚀 App listening on the port 3000
2023-04-18 17:23:49 info: =================================
2023-04-18 17:24:28 info: =================================
2023-04-18 17:24:28 info: ======= ENV: development =======
2023-04-18 17:24:28 info: 🚀 App listening on the port 3000
2023-04-18 17:24:28 info: =================================
2023-04-18 17:24:54 info: =================================
2023-04-18 17:24:54 info: ======= ENV: development =======
2023-04-18 17:24:54 info: 🚀 App listening on the port 3000
2023-04-18 17:24:54 info: =================================
2023-04-18 17:25:47 info: =================================
2023-04-18 17:25:47 info: ======= ENV: development =======
2023-04-18 17:25:47 info: 🚀 App listening on the port 3000
2023-04-18 17:25:47 info: =================================
2023-04-18 17:27:27 info: =================================
2023-04-18 17:27:27 info: ======= ENV: development =======
2023-04-18 17:27:27 info: 🚀 App listening on the port 3000
2023-04-18 17:27:27 info: =================================
2023-04-18 17:27:35 info: =================================
2023-04-18 17:27:35 info: ======= ENV: development =======
2023-04-18 17:27:35 info: 🚀 App listening on the port 3000
2023-04-18 17:27:35 info: =================================
2023-04-18 17:27:42 info: =================================
2023-04-18 17:27:42 info: ======= ENV: development =======
2023-04-18 17:27:42 info: 🚀 App listening on the port 3000
2023-04-18 17:27:42 info: =================================
2023-04-18 17:27:46 info: =================================
2023-04-18 17:27:46 info: ======= ENV: development =======
2023-04-18 17:27:46 info: 🚀 App listening on the port 3000
2023-04-18 17:27:46 info: =================================
2023-04-18 17:29:01 info: =================================
2023-04-18 17:29:01 info: ======= ENV: development =======
2023-04-18 17:29:01 info: 🚀 App listening on the port 3000
2023-04-18 17:29:01 info: =================================
2023-04-18 17:29:04 info: =================================
2023-04-18 17:29:04 info: ======= ENV: development =======
2023-04-18 17:29:04 info: 🚀 App listening on the port 3000
2023-04-18 17:29:04 info: =================================
2023-04-18 17:29:08 info: =================================
2023-04-18 17:29:08 info: ======= ENV: development =======
2023-04-18 17:29:08 info: 🚀 App listening on the port 3000
2023-04-18 17:29:08 info: =================================
2023-04-18 17:29:13 info: =================================
2023-04-18 17:29:13 info: ======= ENV: development =======
2023-04-18 17:29:13 info: 🚀 App listening on the port 3000
2023-04-18 17:29:13 info: =================================
2023-04-18 17:32:58 info: =================================
2023-04-18 17:32:58 info: ======= ENV: development =======
2023-04-18 17:32:58 info: 🚀 App listening on the port 3000
2023-04-18 17:32:58 info: =================================
2023-04-18 17:33:32 info: =================================
2023-04-18 17:33:32 info: ======= ENV: development =======
2023-04-18 17:33:32 info: 🚀 App listening on the port 3000
2023-04-18 17:33:32 info: =================================
2023-04-18 17:34:08 info: =================================
2023-04-18 17:34:08 info: ======= ENV: development =======
2023-04-18 17:34:08 info: 🚀 App listening on the port 3000
2023-04-18 17:34:08 info: =================================
2023-04-18 17:36:16 info: =================================
2023-04-18 17:36:16 info: ======= ENV: development =======
2023-04-18 17:36:16 info: 🚀 App listening on the port 3000
2023-04-18 17:36:16 info: =================================
2023-04-18 17:36:21 info: =================================
2023-04-18 17:36:21 info: ======= ENV: development =======
2023-04-18 17:36:21 info: 🚀 App listening on the port 3000
2023-04-18 17:36:21 info: =================================
2023-04-18 17:36:27 info: =================================
2023-04-18 17:36:27 info: ======= ENV: development =======
2023-04-18 17:36:27 info: 🚀 App listening on the port 3000
2023-04-18 17:36:27 info: =================================
2023-04-18 17:36:34 info: =================================
2023-04-18 17:36:34 info: ======= ENV: development =======
2023-04-18 17:36:34 info: 🚀 App listening on the port 3000
2023-04-18 17:36:34 info: =================================
2023-04-18 17:36:41 info: =================================
2023-04-18 17:36:41 info: ======= ENV: development =======
2023-04-18 17:36:41 info: 🚀 App listening on the port 3000
2023-04-18 17:36:41 info: =================================
2023-04-18 17:36:48 info: =================================
2023-04-18 17:36:48 info: ======= ENV: development =======
2023-04-18 17:36:48 info: 🚀 App listening on the port 3000
2023-04-18 17:36:48 info: =================================
2023-04-18 17:36:53 info: =================================
2023-04-18 17:36:53 info: ======= ENV: development =======
2023-04-18 17:36:53 info: 🚀 App listening on the port 3000
2023-04-18 17:36:53 info: =================================
2023-04-18 17:36:59 info: =================================
2023-04-18 17:36:59 info: ======= ENV: development =======
2023-04-18 17:36:59 info: 🚀 App listening on the port 3000
2023-04-18 17:36:59 info: =================================
2023-04-18 17:37:03 info: =================================
2023-04-18 17:37:03 info: ======= ENV: development =======
2023-04-18 17:37:03 info: 🚀 App listening on the port 3000
2023-04-18 17:37:03 info: =================================
2023-04-18 17:37:09 info: =================================
2023-04-18 17:37:09 info: ======= ENV: development =======
2023-04-18 17:37:09 info: 🚀 App listening on the port 3000
2023-04-18 17:37:09 info: =================================
2023-04-18 17:37:20 info: =================================
2023-04-18 17:37:20 info: ======= ENV: development =======
2023-04-18 17:37:20 info: 🚀 App listening on the port 3000
2023-04-18 17:37:20 info: =================================
2023-04-18 17:37:31 info: =================================
2023-04-18 17:37:31 info: ======= ENV: development =======
2023-04-18 17:37:31 info: 🚀 App listening on the port 3000
2023-04-18 17:37:31 info: =================================
2023-04-18 17:37:34 info: =================================
2023-04-18 17:37:34 info: ======= ENV: development =======
2023-04-18 17:37:34 info: 🚀 App listening on the port 3000
2023-04-18 17:37:34 info: =================================
2023-04-18 17:37:37 info: =================================
2023-04-18 17:37:37 info: ======= ENV: development =======
2023-04-18 17:37:37 info: 🚀 App listening on the port 3000
2023-04-18 17:37:37 info: =================================
2023-04-18 17:37:43 info: =================================
2023-04-18 17:37:43 info: ======= ENV: development =======
2023-04-18 17:37:43 info: 🚀 App listening on the port 3000
2023-04-18 17:37:43 info: =================================
2023-04-18 17:37:48 info: =================================
2023-04-18 17:37:48 info: ======= ENV: development =======
2023-04-18 17:37:48 info: 🚀 App listening on the port 3000
2023-04-18 17:37:48 info: =================================
2023-04-18 17:37:57 info: =================================
2023-04-18 17:37:57 info: ======= ENV: development =======
2023-04-18 17:37:57 info: 🚀 App listening on the port 3000
2023-04-18 17:37:57 info: =================================
2023-04-18 17:42:12 info: =================================
2023-04-18 17:42:12 info: ======= ENV: development =======
2023-04-18 17:42:12 info: 🚀 App listening on the port 3000
2023-04-18 17:42:12 info: =================================
2023-04-18 17:42:17 info: =================================
2023-04-18 17:42:17 info: ======= ENV: development =======
2023-04-18 17:42:17 info: 🚀 App listening on the port 3000
2023-04-18 17:42:17 info: =================================
2023-04-18 17:42:58 info: =================================
2023-04-18 17:42:58 info: ======= ENV: development =======
2023-04-18 17:42:58 info: 🚀 App listening on the port 3000
2023-04-18 17:42:58 info: =================================
2023-04-18 17:43:16 info: =================================
2023-04-18 17:43:16 info: ======= ENV: development =======
2023-04-18 17:43:16 info: 🚀 App listening on the port 3000
2023-04-18 17:43:16 info: =================================
2023-04-18 17:43:19 info: =================================
2023-04-18 17:43:19 info: ======= ENV: development =======
2023-04-18 17:43:19 info: 🚀 App listening on the port 3000
2023-04-18 17:43:19 info: =================================
2023-04-18 17:43:23 info: =================================
2023-04-18 17:43:23 info: ======= ENV: development =======
2023-04-18 17:43:23 info: 🚀 App listening on the port 3000
2023-04-18 17:43:23 info: =================================
2023-04-18 17:43:28 info: =================================
2023-04-18 17:43:28 info: ======= ENV: development =======
2023-04-18 17:43:28 info: 🚀 App listening on the port 3000
2023-04-18 17:43:28 info: =================================
2023-04-18 17:44:43 info: =================================
2023-04-18 17:44:43 info: ======= ENV: development =======
2023-04-18 17:44:43 info: 🚀 App listening on the port 3000
2023-04-18 17:44:43 info: =================================
2023-04-18 17:45:08 info: =================================
2023-04-18 17:45:08 info: ======= ENV: development =======
2023-04-18 17:45:08 info: 🚀 App listening on the port 3000
2023-04-18 17:45:08 info: =================================
2023-04-18 17:45:12 info: =================================
2023-04-18 17:45:12 info: ======= ENV: development =======
2023-04-18 17:45:12 info: 🚀 App listening on the port 3000
2023-04-18 17:45:12 info: =================================
2023-04-18 17:45:15 info: =================================
2023-04-18 17:45:15 info: ======= ENV: development =======
2023-04-18 17:45:15 info: 🚀 App listening on the port 3000
2023-04-18 17:45:15 info: =================================
2023-04-18 17:45:20 info: =================================
2023-04-18 17:45:20 info: ======= ENV: development =======
2023-04-18 17:45:20 info: 🚀 App listening on the port 3000
2023-04-18 17:45:20 info: =================================
2023-04-18 17:45:25 info: =================================
2023-04-18 17:45:25 info: ======= ENV: development =======
2023-04-18 17:45:25 info: 🚀 App listening on the port 3000
2023-04-18 17:45:25 info: =================================
2023-04-18 17:45:34 info: =================================
2023-04-18 17:45:34 info: ======= ENV: development =======
2023-04-18 17:45:34 info: 🚀 App listening on the port 3000
2023-04-18 17:45:34 info: =================================
2023-04-18 17:45:37 info: =================================
2023-04-18 17:45:37 info: ======= ENV: development =======
2023-04-18 17:45:37 info: 🚀 App listening on the port 3000
2023-04-18 17:45:37 info: =================================
2023-04-18 17:45:42 info: =================================
2023-04-18 17:45:42 info: ======= ENV: development =======
2023-04-18 17:45:42 info: 🚀 App listening on the port 3000
2023-04-18 17:45:42 info: =================================
2023-04-18 17:45:46 info: =================================
2023-04-18 17:45:46 info: ======= ENV: development =======
2023-04-18 17:45:46 info: 🚀 App listening on the port 3000
2023-04-18 17:45:46 info: =================================
2023-04-18 17:46:10 info: =================================
2023-04-18 17:46:10 info: ======= ENV: development =======
2023-04-18 17:46:10 info: 🚀 App listening on the port 3000
2023-04-18 17:46:10 info: =================================
2023-04-18 17:46:23 info: =================================
2023-04-18 17:46:23 info: ======= ENV: development =======
2023-04-18 17:46:23 info: 🚀 App listening on the port 3000
2023-04-18 17:46:23 info: =================================
2023-04-18 17:46:28 info: =================================
2023-04-18 17:46:28 info: ======= ENV: development =======
2023-04-18 17:46:28 info: 🚀 App listening on the port 3000
2023-04-18 17:46:28 info: =================================
2023-04-18 17:46:34 info: =================================
2023-04-18 17:46:34 info: ======= ENV: development =======
2023-04-18 17:46:34 info: 🚀 App listening on the port 3000
2023-04-18 17:46:34 info: =================================
2023-04-18 17:46:37 info: =================================
2023-04-18 17:46:37 info: ======= ENV: development =======
2023-04-18 17:46:37 info: 🚀 App listening on the port 3000
2023-04-18 17:46:37 info: =================================
2023-04-18 17:47:16 info: =================================
2023-04-18 17:47:16 info: ======= ENV: development =======
2023-04-18 17:47:16 info: 🚀 App listening on the port 3000
2023-04-18 17:47:16 info: =================================
2023-04-18 17:47:25 info: =================================
2023-04-18 17:47:25 info: ======= ENV: development =======
2023-04-18 17:47:25 info: 🚀 App listening on the port 3000
2023-04-18 17:47:25 info: =================================
2023-04-18 17:47:33 info: =================================
2023-04-18 17:47:33 info: ======= ENV: development =======
2023-04-18 17:47:33 info: 🚀 App listening on the port 3000
2023-04-18 17:47:33 info: =================================
2023-04-18 17:47:45 info: =================================
2023-04-18 17:47:45 info: ======= ENV: development =======
2023-04-18 17:47:45 info: 🚀 App listening on the port 3000
2023-04-18 17:47:45 info: =================================
2023-04-18 17:47:51 info: =================================
2023-04-18 17:47:51 info: ======= ENV: development =======
2023-04-18 17:47:51 info: 🚀 App listening on the port 3000
2023-04-18 17:47:51 info: =================================
2023-04-18 17:51:33 info: =================================
2023-04-18 17:51:33 info: ======= ENV: development =======
2023-04-18 17:51:33 info: 🚀 App listening on the port 3000
2023-04-18 17:51:33 info: =================================
2023-04-18 17:51:41 info: =================================
2023-04-18 17:51:41 info: ======= ENV: development =======
2023-04-18 17:51:41 info: 🚀 App listening on the port 3000
2023-04-18 17:51:41 info: =================================
2023-04-18 17:51:43 info: =================================
2023-04-18 17:51:43 info: ======= ENV: development =======
2023-04-18 17:51:43 info: 🚀 App listening on the port 3000
2023-04-18 17:51:43 info: =================================
2023-04-18 17:51:54 info: =================================
2023-04-18 17:51:54 info: ======= ENV: development =======
2023-04-18 17:51:54 info: 🚀 App listening on the port 3000
2023-04-18 17:51:54 info: =================================
2023-04-18 17:52:54 info: =================================
2023-04-18 17:52:54 info: ======= ENV: development =======
2023-04-18 17:52:54 info: 🚀 App listening on the port 3000
2023-04-18 17:52:54 info: =================================
2023-04-18 17:52:57 info: =================================
2023-04-18 17:52:57 info: ======= ENV: development =======
2023-04-18 17:52:57 info: 🚀 App listening on the port 3000
2023-04-18 17:52:57 info: =================================
2023-04-18 17:53:04 info: =================================
2023-04-18 17:53:04 info: ======= ENV: development =======
2023-04-18 17:53:04 info: 🚀 App listening on the port 3000
2023-04-18 17:53:04 info: =================================
2023-04-18 17:53:09 info: =================================
2023-04-18 17:53:09 info: ======= ENV: development =======
2023-04-18 17:53:09 info: 🚀 App listening on the port 3000
2023-04-18 17:53:09 info: =================================
2023-04-18 17:53:15 info: =================================
2023-04-18 17:53:15 info: ======= ENV: development =======
2023-04-18 17:53:15 info: 🚀 App listening on the port 3000
2023-04-18 17:53:15 info: =================================
2023-04-18 17:53:25 info: =================================
2023-04-18 17:53:25 info: ======= ENV: development =======
2023-04-18 17:53:25 info: 🚀 App listening on the port 3000
2023-04-18 17:53:25 info: =================================
2023-04-18 17:53:46 info: =================================
2023-04-18 17:53:46 info: ======= ENV: development =======
2023-04-18 17:53:46 info: 🚀 App listening on the port 3000
2023-04-18 17:53:46 info: =================================
2023-04-18 17:53:51 info: =================================
2023-04-18 17:53:51 info: ======= ENV: development =======
2023-04-18 17:53:51 info: 🚀 App listening on the port 3000
2023-04-18 17:53:51 info: =================================
2023-04-18 17:53:59 info: =================================
2023-04-18 17:53:59 info: ======= ENV: development =======
2023-04-18 17:53:59 info: 🚀 App listening on the port 3000
2023-04-18 17:54:00 info: =================================
2023-04-18 17:54:09 info: =================================
2023-04-18 17:54:09 info: ======= ENV: development =======
2023-04-18 17:54:09 info: 🚀 App listening on the port 3000
2023-04-18 17:54:09 info: =================================
2023-04-18 17:54:40 info: =================================
2023-04-18 17:54:40 info: ======= ENV: development =======
2023-04-18 17:54:40 info: 🚀 App listening on the port 3000
2023-04-18 17:54:40 info: =================================
2023-04-18 17:54:45 info: =================================
2023-04-18 17:54:45 info: ======= ENV: development =======
2023-04-18 17:54:45 info: 🚀 App listening on the port 3000
2023-04-18 17:54:45 info: =================================
2023-04-18 17:54:50 info: =================================
2023-04-18 17:54:50 info: ======= ENV: development =======
2023-04-18 17:54:50 info: 🚀 App listening on the port 3000
2023-04-18 17:54:50 info: =================================
2023-04-18 17:55:00 info: =================================
2023-04-18 17:55:00 info: ======= ENV: development =======
2023-04-18 17:55:00 info: 🚀 App listening on the port 3000
2023-04-18 17:55:00 info: =================================
2023-04-18 17:55:15 info: =================================
2023-04-18 17:55:15 info: ======= ENV: development =======
2023-04-18 17:55:15 info: 🚀 App listening on the port 3000
2023-04-18 17:55:15 info: =================================
2023-04-18 17:55:48 info: =================================
2023-04-18 17:55:48 info: ======= ENV: development =======
2023-04-18 17:55:48 info: 🚀 App listening on the port 3000
2023-04-18 17:55:48 info: =================================
2023-04-18 17:55:55 info: =================================
2023-04-18 17:55:55 info: ======= ENV: development =======
2023-04-18 17:55:55 info: 🚀 App listening on the port 3000
2023-04-18 17:55:55 info: =================================
2023-04-18 17:56:00 info: =================================
2023-04-18 17:56:00 info: ======= ENV: development =======
2023-04-18 17:56:00 info: 🚀 App listening on the port 3000
2023-04-18 17:56:00 info: =================================
2023-04-18 17:56:02 info: =================================
2023-04-18 17:56:02 info: ======= ENV: development =======
2023-04-18 17:56:02 info: 🚀 App listening on the port 3000
2023-04-18 17:56:02 info: =================================
2023-04-18 17:56:07 info: =================================
2023-04-18 17:56:07 info: ======= ENV: development =======
2023-04-18 17:56:07 info: 🚀 App listening on the port 3000
2023-04-18 17:56:07 info: =================================
2023-04-18 17:56:13 info: =================================
2023-04-18 17:56:13 info: ======= ENV: development =======
2023-04-18 17:56:13 info: 🚀 App listening on the port 3000
2023-04-18 17:56:13 info: =================================
2023-04-18 17:56:17 info: =================================
2023-04-18 17:56:17 info: ======= ENV: development =======
2023-04-18 17:56:17 info: 🚀 App listening on the port 3000
2023-04-18 17:56:17 info: =================================
2023-04-18 17:56:37 info: =================================
2023-04-18 17:56:37 info: ======= ENV: development =======
2023-04-18 17:56:37 info: 🚀 App listening on the port 3000
2023-04-18 17:56:37 info: =================================
2023-04-18 18:04:19 info: =================================
2023-04-18 18:04:19 info: ======= ENV: development =======
2023-04-18 18:04:19 info: 🚀 App listening on the port 3000
2023-04-18 18:04:19 info: =================================
2023-04-18 18:05:13 info: =================================
2023-04-18 18:05:13 info: ======= ENV: development =======
2023-04-18 18:05:13 info: 🚀 App listening on the port 3000
2023-04-18 18:05:13 info: =================================
2023-04-18 18:05:19 info: =================================
2023-04-18 18:05:19 info: ======= ENV: development =======
2023-04-18 18:05:19 info: 🚀 App listening on the port 3000
2023-04-18 18:05:19 info: =================================
2023-04-18 18:05:23 info: =================================
2023-04-18 18:05:23 info: ======= ENV: development =======
2023-04-18 18:05:23 info: 🚀 App listening on the port 3000
2023-04-18 18:05:23 info: =================================
2023-04-18 18:05:47 info: =================================
2023-04-18 18:05:47 info: ======= ENV: development =======
2023-04-18 18:05:47 info: 🚀 App listening on the port 3000
2023-04-18 18:05:47 info: =================================
2023-04-18 18:06:04 info: =================================
2023-04-18 18:06:04 info: ======= ENV: development =======
2023-04-18 18:06:04 info: 🚀 App listening on the port 3000
2023-04-18 18:06:04 info: =================================
2023-04-18 18:06:06 info: =================================
2023-04-18 18:06:06 info: ======= ENV: development =======
2023-04-18 18:06:06 info: 🚀 App listening on the port 3000
2023-04-18 18:06:06 info: =================================
2023-04-18 18:09:07 info: =================================
2023-04-18 18:09:07 info: ======= ENV: development =======
2023-04-18 18:09:07 info: 🚀 App listening on the port 3000
2023-04-18 18:09:07 info: =================================
2023-04-18 18:09:49 info: =================================
2023-04-18 18:09:49 info: ======= ENV: development =======
2023-04-18 18:09:49 info: 🚀 App listening on the port 3000
2023-04-18 18:09:49 info: =================================
2023-04-18 18:09:58 info: =================================
2023-04-18 18:09:58 info: ======= ENV: development =======
2023-04-18 18:09:58 info: 🚀 App listening on the port 3000
2023-04-18 18:09:58 info: =================================
2023-04-18 18:10:06 info: =================================
2023-04-18 18:10:06 info: ======= ENV: development =======
2023-04-18 18:10:06 info: 🚀 App listening on the port 3000
2023-04-18 18:10:06 info: =================================
2023-04-18 18:10:34 info: =================================
2023-04-18 18:10:34 info: ======= ENV: development =======
2023-04-18 18:10:34 info: 🚀 App listening on the port 3000
2023-04-18 18:10:34 info: =================================
2023-04-18 18:10:40 info: =================================
2023-04-18 18:10:40 info: ======= ENV: development =======
2023-04-18 18:10:40 info: 🚀 App listening on the port 3000
2023-04-18 18:10:40 info: =================================
2023-04-18 18:10:47 info: =================================
2023-04-18 18:10:47 info: ======= ENV: development =======
2023-04-18 18:10:47 info: 🚀 App listening on the port 3000
2023-04-18 18:10:47 info: =================================
2023-04-18 18:10:51 info: =================================
2023-04-18 18:10:51 info: ======= ENV: development =======
2023-04-18 18:10:51 info: 🚀 App listening on the port 3000
2023-04-18 18:10:51 info: =================================
2023-04-18 18:12:53 info: =================================
2023-04-18 18:12:53 info: ======= ENV: development =======
2023-04-18 18:12:53 info: 🚀 App listening on the port 3000
2023-04-18 18:12:53 info: =================================
2023-04-18 18:13:16 info: =================================
2023-04-18 18:13:16 info: ======= ENV: development =======
2023-04-18 18:13:16 info: 🚀 App listening on the port 3000
2023-04-18 18:13:16 info: =================================
2023-04-18 18:14:14 info: =================================
2023-04-18 18:14:14 info: ======= ENV: development =======
2023-04-18 18:14:14 info: 🚀 App listening on the port 3000
2023-04-18 18:14:14 info: =================================
2023-04-18 18:14:16 info: =================================
2023-04-18 18:14:16 info: ======= ENV: development =======
2023-04-18 18:14:16 info: 🚀 App listening on the port 3000
2023-04-18 18:14:16 info: =================================
2023-04-18 18:14:24 info: =================================
2023-04-18 18:14:24 info: ======= ENV: development =======
2023-04-18 18:14:24 info: 🚀 App listening on the port 3000
2023-04-18 18:14:24 info: =================================
2023-04-18 18:14:39 info: =================================
2023-04-18 18:14:39 info: ======= ENV: development =======
2023-04-18 18:14:39 info: 🚀 App listening on the port 3000
2023-04-18 18:14:39 info: =================================
2023-04-18 18:15:01 info: =================================
2023-04-18 18:15:01 info: ======= ENV: development =======
2023-04-18 18:15:01 info: 🚀 App listening on the port 3000
2023-04-18 18:15:01 info: =================================
2023-04-18 18:15:05 info: =================================
2023-04-18 18:15:05 info: ======= ENV: development =======
2023-04-18 18:15:05 info: 🚀 App listening on the port 3000
2023-04-18 18:15:05 info: =================================
2023-04-18 18:15:11 info: =================================
2023-04-18 18:15:11 info: ======= ENV: development =======
2023-04-18 18:15:11 info: 🚀 App listening on the port 3000
2023-04-18 18:15:11 info: =================================
2023-04-18 18:15:19 info: =================================
2023-04-18 18:15:19 info: ======= ENV: development =======
2023-04-18 18:15:19 info: 🚀 App listening on the port 3000
2023-04-18 18:15:19 info: =================================
2023-04-18 18:28:36 info: [0mPOST /users/subscribe/cus_NertcEpcd14idq [32m200[0m 555.507 ms - 41[0m
2023-04-18 18:32:33 info: =================================
2023-04-18 18:32:33 info: ======= ENV: development =======
2023-04-18 18:32:33 info: 🚀 App listening on the port 3000
2023-04-18 18:32:33 info: =================================
