2023-10-04 11:25:21 info: =================================
2023-10-04 11:25:21 info: ======= ENV: development =======
2023-10-04 11:25:21 info: 🚀 App listening on the port 8000
2023-10-04 11:25:21 info: =================================
2023-10-04 11:25:43 info: [0mPOST /signup [32m201[0m 891.358 ms - 58[0m
2023-10-04 11:25:52 info: [0mPOST /signup [32m201[0m 2890.239 ms - 322[0m
2023-10-04 13:32:31 info: =================================
2023-10-04 13:32:31 info: ======= ENV: development =======
2023-10-04 13:32:31 info: 🚀 App listening on the port 8000
2023-10-04 13:32:31 info: =================================
2023-10-04 13:32:37 info: =================================
2023-10-04 13:32:37 info: ======= ENV: development =======
2023-10-04 13:32:37 info: 🚀 App listening on the port 8000
2023-10-04 13:32:37 info: =================================
2023-10-04 13:51:47 error: [POST] /albums/upload/3e8018ceda740a8d0e2d00b2a3661b14fa4c68f5 >> StatusCode:: 401, Message:: files can only to be images
2023-10-04 13:51:47 info: [0mPOST /albums/upload/3e8018ceda740a8d0e2d00b2a3661b14fa4c68f5 [33m401[0m 17.077 ms - 41[0m
2023-10-04 14:03:15 info: =================================
2023-10-04 14:03:15 info: ======= ENV: development =======
2023-10-04 14:03:15 info: 🚀 App listening on the port 8000
2023-10-04 14:03:15 info: =================================
2023-10-04 18:37:03 info: [0mPOST /signup [32m201[0m 615.680 ms - 27[0m
2023-10-04 18:38:20 info: [0mPOST /signup [32m201[0m 579.059 ms - 27[0m
2023-10-04 18:39:18 info: [0mPOST /signup [32m201[0m 1322.549 ms - 227[0m
2023-10-04 18:39:33 info: [0mPOST /signup [32m201[0m 401.820 ms - 63[0m
2023-10-04 18:40:12 info: [0mPOST /signup [0m-[0m - ms - -[0m
2023-10-04 18:41:10 info: [0mPOST /signup [0m-[0m - ms - -[0m
2023-10-04 18:43:29 info: =================================
2023-10-04 18:43:29 info: ======= ENV: development =======
2023-10-04 18:43:29 info: 🚀 App listening on the port 8000
2023-10-04 18:43:29 info: =================================
2023-10-04 18:43:51 info: [0mPOST /signup [32m201[0m 439.525 ms - 63[0m
2023-10-04 18:44:11 info: =================================
2023-10-04 18:44:11 info: ======= ENV: development =======
2023-10-04 18:44:11 info: 🚀 App listening on the port 8000
2023-10-04 18:44:11 info: =================================
2023-10-04 18:44:36 info: [0mPOST /signup [32m201[0m 428.572 ms - 63[0m
2023-10-04 18:45:46 info: [0mPOST /signup [32m201[0m 385.202 ms - 63[0m
2023-10-04 18:46:42 info: =================================
2023-10-04 18:46:42 info: ======= ENV: development =======
2023-10-04 18:46:42 info: 🚀 App listening on the port 8000
2023-10-04 18:46:42 info: =================================
2023-10-04 18:47:30 info: =================================
2023-10-04 18:47:30 info: ======= ENV: development =======
2023-10-04 18:47:30 info: 🚀 App listening on the port 8000
2023-10-04 18:47:30 info: =================================
2023-10-04 18:47:41 info: =================================
2023-10-04 18:47:41 info: ======= ENV: development =======
2023-10-04 18:47:41 info: 🚀 App listening on the port 8000
2023-10-04 18:47:41 info: =================================
2023-10-04 18:47:50 info: [0mPOST /signup [32m201[0m 435.739 ms - -[0m
2023-10-04 18:50:59 info: [0mPOST /signup [32m201[0m 391.870 ms - -[0m
2023-10-04 18:51:55 info: =================================
2023-10-04 18:51:55 info: ======= ENV: development =======
2023-10-04 18:51:55 info: 🚀 App listening on the port 8000
2023-10-04 18:51:55 info: =================================
2023-10-04 18:52:00 info: =================================
2023-10-04 18:52:00 info: ======= ENV: development =======
2023-10-04 18:52:00 info: 🚀 App listening on the port 8000
2023-10-04 18:52:00 info: =================================
2023-10-04 18:52:25 info: =================================
2023-10-04 18:52:25 info: ======= ENV: development =======
2023-10-04 18:52:25 info: 🚀 App listening on the port 8000
2023-10-04 18:52:25 info: =================================
2023-10-04 18:52:43 info: =================================
2023-10-04 18:52:43 info: ======= ENV: development =======
2023-10-04 18:52:43 info: 🚀 App listening on the port 8000
2023-10-04 18:52:43 info: =================================
2023-10-04 18:53:01 info: [0mPOST /signup [33m400[0m 415.314 ms - 63[0m
2023-10-04 18:55:35 info: [0mPOST /signup [33m400[0m 397.292 ms - 63[0m
2023-10-04 18:56:38 info: [0mPOST /signup [33m400[0m 374.633 ms - 63[0m
2023-10-04 18:57:48 info: [0mPOST /signup [33m400[0m 464.078 ms - 63[0m
2023-10-04 18:58:53 info: [0mPOST /signup [33m400[0m 372.530 ms - 63[0m
2023-10-04 18:59:55 info: [0mPOST /signup [33m400[0m 397.785 ms - 63[0m
2023-10-04 19:09:31 info: [0mPOST /signup [33m400[0m 427.957 ms - 63[0m
2023-10-04 19:10:48 info: [0mPOST /signup [33m400[0m 386.121 ms - 63[0m
2023-10-04 19:10:58 info: [0mPOST /signup [32m201[0m 1469.119 ms - 231[0m
2023-10-04 19:11:06 info: [0mPOST /signup [33m400[0m 370.942 ms - 61[0m
2023-10-04 19:14:56 info: [0mPOST /signup [33m400[0m 381.098 ms - 63[0m
