2023-05-08 18:10:29 info: =================================
2023-05-08 18:10:29 info: ======= ENV: development =======
2023-05-08 18:10:29 info: 🚀 App listening on the port 4000
2023-05-08 18:10:29 info: =================================
2023-05-08 18:11:39 info: [0mGET /posts/categories [32m201[0m 485.809 ms - 114[0m
2023-05-08 18:11:40 info: [0mGET /posts/category/dgfbbtrhegbtrgre419ger [32m201[0m 386.902 ms - -[0m
2023-05-08 18:12:26 info: =================================
2023-05-08 18:12:26 info: ======= ENV: development =======
2023-05-08 18:12:26 info: 🚀 App listening on the port 4000
2023-05-08 18:12:26 info: =================================
2023-05-08 18:13:06 info: [0mGET /posts/categories [33m404[0m 4.535 ms - 155[0m
2023-05-08 18:13:10 info: [0mGET /albums/categories [32m201[0m 442.987 ms - 114[0m
2023-05-08 18:13:11 info: [0mGET /albums/categories [32m201[0m 389.724 ms - 114[0m
2023-05-08 18:13:29 info: [0mGET /albums/categories [32m201[0m 381.851 ms - 114[0m
2023-05-08 18:13:41 info: [0mGET /albums/categories [32m201[0m 367.745 ms - 114[0m
2023-05-08 18:13:42 info: [0mGET /albums/category/dgfbbtrhegbtrgre419ger [32m201[0m 364.460 ms - -[0m
2023-05-08 18:13:56 info: [0mGET /albums/popular [32m201[0m 407.458 ms - -[0m
2023-05-08 18:13:56 info: [0mGET /albums/categories [32m201[0m 373.295 ms - 114[0m
2023-05-08 18:13:56 info: [0mGET /albums/category/dgfbbtrhegbtrgre419ger [32m201[0m 367.234 ms - -[0m
2023-05-08 18:14:02 info: [0mGET /albums/category/grtgv841t89rhbtgfrd48hb [32m201[0m 395.241 ms - -[0m
2023-05-08 18:17:00 info: [0mGET /albums/popular [32m201[0m 420.673 ms - -[0m
2023-05-08 18:17:01 info: [0mGET /albums/categories [32m201[0m 388.328 ms - 114[0m
2023-05-08 18:17:02 info: [0mGET /albums/category/dgfbbtrhegbtrgre419ger [32m201[0m 384.238 ms - -[0m
2023-05-08 18:17:49 info: [0mGET /albums/category/dgfbbtrhegbtrgre419ger [32m201[0m 380.149 ms - -[0m
2023-05-08 18:17:49 info: [0mGET /albums/categories [32m201[0m 389.297 ms - 114[0m
2023-05-08 18:17:49 info: [0mGET /albums/popular [32m201[0m 423.115 ms - -[0m
2023-05-08 18:18:10 info: [0mGET /albums/category/dgfbbtrhegbtrgre419ger [32m201[0m 402.647 ms - -[0m
2023-05-08 18:18:10 info: [0mGET /albums/categories [32m201[0m 422.942 ms - 114[0m
2023-05-08 18:18:10 info: [0mGET /albums/popular [32m201[0m 419.092 ms - -[0m
2023-05-08 18:19:51 info: [0mGET /albums/categories [32m201[0m 399.946 ms - 114[0m
2023-05-08 18:19:51 info: [0mGET /albums/popular [32m201[0m 451.494 ms - -[0m
2023-05-08 18:19:52 info: [0mGET /albums/category/dgfbbtrhegbtrgre419ger [32m201[0m 352.639 ms - -[0m
2023-05-08 18:26:08 info: [0mGET /albums/categories [32m201[0m 426.454 ms - 114[0m
2023-05-08 18:26:08 info: [0mGET /albums/popular [32m201[0m 468.832 ms - -[0m
2023-05-08 18:26:09 info: [0mGET /albums/category/dgfbbtrhegbtrgre419ger [32m201[0m 365.705 ms - -[0m
2023-05-08 18:26:20 info: [0mGET /albums/categories [32m201[0m 365.838 ms - 114[0m
2023-05-08 18:26:20 info: [0mGET /albums/popular [32m201[0m 447.198 ms - -[0m
2023-05-08 18:26:20 info: [0mGET /albums/category/dgfbbtrhegbtrgre419ger [32m201[0m 395.672 ms - -[0m
2023-05-08 18:26:29 info: [0mGET /albums/popular [32m201[0m 426.782 ms - -[0m
2023-05-08 18:26:29 info: [0mGET /albums/categories [32m201[0m 381.478 ms - 114[0m
2023-05-08 18:26:30 info: [0mGET /albums/category/dgfbbtrhegbtrgre419ger [32m201[0m 371.815 ms - -[0m
2023-05-08 18:27:00 info: [0mGET /albums/categories [32m201[0m 364.603 ms - 114[0m
2023-05-08 18:27:00 info: [0mGET /albums/popular [32m201[0m 416.246 ms - -[0m
2023-05-08 18:27:01 info: [0mGET /albums/category/dgfbbtrhegbtrgre419ger [32m201[0m 363.026 ms - -[0m
2023-05-08 18:27:16 info: [0mGET /albums/categories [32m201[0m 361.580 ms - 114[0m
2023-05-08 18:27:16 info: [0mGET /albums/popular [32m201[0m 419.958 ms - -[0m
2023-05-08 18:27:17 info: [0mGET /albums/category/dgfbbtrhegbtrgre419ger [32m201[0m 362.877 ms - -[0m
2023-05-08 18:35:12 info: [0mGET /albums/categories [32m201[0m 371.306 ms - 114[0m
2023-05-08 18:35:12 info: [0mGET /albums/popular [32m201[0m 449.838 ms - -[0m
2023-05-08 18:35:13 info: [0mGET /albums/category/dgfbbtrhegbtrgre419ger [32m201[0m 373.204 ms - -[0m
2023-05-08 18:46:40 info: [0mGET /albums/categories [32m201[0m 417.765 ms - 114[0m
2023-05-08 18:46:40 info: [0mGET /albums/popular [32m201[0m 475.668 ms - -[0m
2023-05-08 18:46:41 info: [0mGET /albums/category/dgfbbtrhegbtrgre419ger [32m201[0m 408.382 ms - -[0m
2023-05-08 18:52:12 info: [0mGET /albums/categories [32m201[0m 431.582 ms - 114[0m
2023-05-08 18:52:12 info: [0mGET /albums/popular [32m201[0m 493.060 ms - -[0m
2023-05-08 18:52:13 info: [0mGET /albums/category/dgfbbtrhegbtrgre419ger [32m201[0m 365.209 ms - -[0m
2023-05-08 18:52:25 info: [0mGET /albums/popular [32m201[0m 410.998 ms - -[0m
2023-05-08 18:52:25 info: [0mGET /albums/categories [32m201[0m 383.478 ms - 114[0m
2023-05-08 18:52:26 info: [0mGET /albums/category/dgfbbtrhegbtrgre419ger [32m201[0m 387.507 ms - -[0m
2023-05-08 18:54:11 info: [0mGET /albums/category/dgfbbtrhegbtrgre419ger [32m201[0m 362.434 ms - -[0m
2023-05-08 18:54:11 info: [0mGET /albums/categories [32m201[0m 379.255 ms - 114[0m
2023-05-08 18:54:11 info: [0mGET /albums/popular [32m201[0m 454.449 ms - -[0m
2023-05-08 18:58:40 info: [0mGET /albums/categories [32m201[0m 423.146 ms - 114[0m
2023-05-08 18:58:40 info: [0mGET /albums/popular [32m201[0m 452.552 ms - -[0m
2023-05-08 18:58:40 info: [0mGET /albums/category/dgfbbtrhegbtrgre419ger [32m201[0m 374.174 ms - -[0m
2023-05-08 18:58:51 info: [0mGET /albums/categories [32m201[0m 381.681 ms - 114[0m
2023-05-08 18:58:51 info: [0mGET /albums/category/dgfbbtrhegbtrgre419ger [32m201[0m 349.654 ms - -[0m
2023-05-08 18:58:51 info: [0mGET /albums/popular [32m201[0m 414.756 ms - -[0m
2023-05-08 19:01:23 info: [0mGET /albums/categories [32m201[0m 351.097 ms - 114[0m
2023-05-08 19:01:23 info: [0mGET /albums/popular [32m201[0m 412.215 ms - -[0m
2023-05-08 19:01:24 info: [0mGET /albums/category/dgfbbtrhegbtrgre419ger [32m201[0m 377.491 ms - -[0m
2023-05-08 19:04:48 info: [0mGET /albums/categories [32m201[0m 421.851 ms - 114[0m
2023-05-08 19:04:48 info: [0mGET /albums/category/dgfbbtrhegbtrgre419ger [32m201[0m 377.992 ms - -[0m
2023-05-08 19:04:48 info: [0mGET /albums/popular [32m201[0m 392.026 ms - -[0m
2023-05-08 19:09:06 info: [0mGET /albums/popular [32m201[0m 457.653 ms - -[0m
2023-05-08 19:09:06 info: [0mGET /albums/categories [32m201[0m 409.104 ms - 114[0m
2023-05-08 19:09:07 info: [0mGET /albums/category/dgfbbtrhegbtrgre419ger [32m201[0m 386.564 ms - -[0m
2023-05-08 19:10:46 info: [0mGET /albums/categories [32m201[0m 381.883 ms - 114[0m
2023-05-08 19:10:46 info: [0mGET /albums/category/dgfbbtrhegbtrgre419ger [32m201[0m 391.974 ms - -[0m
2023-05-08 19:10:46 info: [0mGET /albums/popular [32m201[0m 420.389 ms - -[0m
2023-05-08 19:17:07 info: [0mGET /albums/categories [32m201[0m 374.536 ms - 114[0m
2023-05-08 19:17:07 info: [0mGET /albums/popular [32m201[0m 419.752 ms - -[0m
2023-05-08 19:17:08 info: [0mGET /albums/category/dgfbbtrhegbtrgre419ger [32m201[0m 720.074 ms - -[0m
2023-05-08 19:17:12 info: [0mGET /albums/categories [32m201[0m 358.325 ms - 114[0m
2023-05-08 19:17:12 info: [0mGET /albums/popular [32m201[0m 430.635 ms - -[0m
2023-05-08 19:17:12 info: [0mGET /albums/category/dgfbbtrhegbtrgre419ger [32m201[0m 405.952 ms - -[0m
2023-05-08 19:23:01 info: [0mGET /albums/categories [32m201[0m 403.098 ms - 114[0m
2023-05-08 19:23:01 info: [0mGET /albums/popular [32m201[0m 485.461 ms - -[0m
2023-05-08 19:23:02 info: [0mGET /albums/category/dgfbbtrhegbtrgre419ger [32m201[0m 371.676 ms - -[0m
2023-05-08 19:23:51 info: [0mGET /albums/categories [32m201[0m 357.070 ms - 114[0m
2023-05-08 19:23:51 info: [0mGET /albums/popular [32m201[0m 427.287 ms - -[0m
2023-05-08 19:23:52 info: [0mGET /albums/category/dgfbbtrhegbtrgre419ger [32m201[0m 391.941 ms - -[0m
2023-05-08 19:34:33 info: [0mGET /albums/categories [32m201[0m 422.888 ms - 114[0m
2023-05-08 19:34:33 info: [0mGET /albums/popular [32m201[0m 565.723 ms - -[0m
2023-05-08 19:34:33 info: [0mGET /albums/category/dgfbbtrhegbtrgre419ger [32m201[0m 375.224 ms - -[0m
2023-05-08 19:36:04 info: [0mGET /albums/categories [32m201[0m 418.642 ms - 114[0m
2023-05-08 19:36:04 info: [0mGET /albums/category/dgfbbtrhegbtrgre419ger [32m201[0m 442.458 ms - -[0m
2023-05-08 19:36:04 info: [0mGET /albums/popular [32m201[0m 468.314 ms - -[0m
2023-05-08 19:38:38 info: [0mGET /albums/popular [32m201[0m 1156.977 ms - -[0m
2023-05-08 19:38:38 info: [0mGET /albums/categories [32m201[0m 2328.764 ms - 114[0m
2023-05-08 19:38:38 info: [0mGET /albums/category/dgfbbtrhegbtrgre419ger [32m201[0m 2427.401 ms - -[0m
2023-05-08 19:43:43 info: [0mGET /albums/popular [32m201[0m 413.532 ms - -[0m
2023-05-08 19:43:43 info: [0mGET /albums/categories [32m201[0m 379.056 ms - 114[0m
2023-05-08 19:48:58 info: [0mGET /albums/categories [32m201[0m 400.351 ms - 114[0m
2023-05-08 19:48:58 info: [0mGET /albums/popular [32m201[0m 407.763 ms - -[0m
2023-05-08 19:48:58 info: [0mGET /albums/category/dgfbbtrhegbtrgre419ger [32m201[0m 411.340 ms - -[0m
2023-05-08 19:52:09 info: [0mGET /albums/categories [32m201[0m 402.082 ms - 114[0m
2023-05-08 19:52:09 info: [0mGET /albums/popular [32m201[0m 437.781 ms - -[0m
2023-05-08 19:53:15 info: [0mGET /albums/categories [32m201[0m 414.463 ms - 114[0m
2023-05-08 19:53:15 info: [0mGET /albums/popular [32m201[0m 483.121 ms - -[0m
2023-05-08 19:53:16 info: [0mGET /albums/popular [32m201[0m 443.591 ms - -[0m
2023-05-08 19:53:16 info: [0mGET /albums/categories [32m201[0m 408.745 ms - 114[0m
2023-05-08 19:53:20 info: [0mGET /albums/categories [32m201[0m 390.240 ms - 114[0m
2023-05-08 19:53:20 info: [0mGET /albums/popular [32m201[0m 416.493 ms - -[0m
2023-05-08 19:53:43 info: [0mGET /albums/categories [32m201[0m 428.446 ms - 114[0m
2023-05-08 19:53:43 info: [0mGET /albums/popular [32m201[0m 453.424 ms - -[0m
2023-05-08 19:53:45 info: [0mGET /albums/categories [32m201[0m 363.013 ms - 114[0m
2023-05-08 19:53:45 info: [0mGET /albums/popular [32m201[0m 403.640 ms - -[0m
2023-05-08 19:53:45 info: [0mGET /albums/categories [32m201[0m 360.995 ms - 114[0m
2023-05-08 19:53:45 info: [0mGET /albums/popular [32m201[0m 414.719 ms - -[0m
2023-05-08 19:54:15 info: [0mGET /albums/categories [32m201[0m 370.550 ms - 114[0m
2023-05-08 19:54:15 info: [0mGET /albums/popular [32m201[0m 434.406 ms - -[0m
2023-05-08 19:57:21 info: [0mGET /albums/categories [32m201[0m 391.319 ms - 114[0m
2023-05-08 19:57:21 info: [0mGET /albums/popular [32m201[0m 430.827 ms - -[0m
