2023-03-05 15:30:00 info: =================================
2023-03-05 15:30:00 info: ======= ENV: development =======
2023-03-05 15:30:00 info: 🚀 App listening on the port 3000
2023-03-05 15:30:00 info: =================================
2023-03-05 15:32:16 info: [0mPOST /signup [36m302[0m 2439.627 ms - 732[0m
2023-03-05 15:33:07 info: [0mPOST /post/d05aa81933183f086f06d34613ee16715610d39b [32m201[0m 1212.786 ms - -[0m
2023-03-05 15:56:05 info: =================================
2023-03-05 15:56:05 info: ======= ENV: development =======
2023-03-05 15:56:05 info: 🚀 App listening on the port 3000
2023-03-05 15:56:05 info: =================================
2023-03-05 16:07:26 info: =================================
2023-03-05 16:07:26 info: ======= ENV: development =======
2023-03-05 16:07:26 info: 🚀 App listening on the port 3000
2023-03-05 16:07:26 info: =================================
2023-03-05 16:10:41 info: [0mPOST /post/d05aa81933183f086f06d34613ee16715610d39b [32m201[0m 1284.115 ms - -[0m
2023-03-05 16:13:04 info: =================================
2023-03-05 16:13:04 info: ======= ENV: development =======
2023-03-05 16:13:04 info: 🚀 App listening on the port 3000
2023-03-05 16:13:04 info: =================================
2023-03-05 16:13:20 info: =================================
2023-03-05 16:13:20 info: ======= ENV: development =======
2023-03-05 16:13:20 info: 🚀 App listening on the port 3000
2023-03-05 16:13:20 info: =================================
2023-03-05 16:13:52 info: =================================
2023-03-05 16:13:52 info: ======= ENV: development =======
2023-03-05 16:13:52 info: 🚀 App listening on the port 3000
2023-03-05 16:13:52 info: =================================
2023-03-05 16:14:46 info: =================================
2023-03-05 16:14:46 info: ======= ENV: development =======
2023-03-05 16:14:46 info: 🚀 App listening on the port 3000
2023-03-05 16:14:46 info: =================================
2023-03-05 16:15:27 info: [0mPOST /post/id:%20c3427c8432fc6c1ccabd5ae864454d82715120a3 [32m201[0m 813.415 ms - 47[0m
2023-03-05 16:15:38 info: [0mPOST /post/c3427c8432fc6c1ccabd5ae864454d82715120a3 [32m201[0m 872.270 ms - 47[0m
2023-03-05 16:16:14 info: [0mPOST /post/c3427c8432fc6c1ccabd5ae864454d82715120a3 [32m201[0m 690.586 ms - 47[0m
2023-03-05 16:16:30 info: [0mPOST /post/views/c3427c8432fc6c1ccabd5ae864454d82715120a3 [32m201[0m 744.751 ms - 2[0m
2023-03-05 16:17:14 info: =================================
2023-03-05 16:17:14 info: ======= ENV: development =======
2023-03-05 16:17:14 info: 🚀 App listening on the port 3000
2023-03-05 16:17:14 info: =================================
2023-03-05 16:17:25 info: =================================
2023-03-05 16:17:25 info: ======= ENV: development =======
2023-03-05 16:17:25 info: 🚀 App listening on the port 3000
2023-03-05 16:17:25 info: =================================
2023-03-05 16:17:29 info: [0mPOST /post/views/c3427c8432fc6c1ccabd5ae864454d82715120a3 [32m201[0m 933.022 ms - -[0m
2023-03-05 16:18:14 info: [0mPOST /post/views/c3427c8432fc6c1ccabd5ae864454d82715120a3 [32m201[0m 660.694 ms - -[0m
2023-03-05 16:18:30 info: [0mPOST /post/views/c3427c8432fc6c1ccabd5ae864454d82715120a3 [32m201[0m 701.031 ms - -[0m
2023-03-05 16:20:24 info: =================================
2023-03-05 16:20:24 info: ======= ENV: development =======
2023-03-05 16:20:24 info: 🚀 App listening on the port 3000
2023-03-05 16:20:24 info: =================================
2023-03-05 16:21:02 info: [0mPOST /post/views/c3427c8432fc6c1ccabd5ae864454d82715120a3 [32m201[0m 834.022 ms - 108[0m
2023-03-05 16:21:45 info: =================================
2023-03-05 16:21:45 info: ======= ENV: development =======
2023-03-05 16:21:45 info: 🚀 App listening on the port 3000
2023-03-05 16:21:45 info: =================================
2023-03-05 16:21:49 info: [0mPOST /post/views/c3427c8432fc6c1ccabd5ae864454d82715120a3 [32m201[0m 823.829 ms - 18[0m
2023-03-05 16:37:46 info: =================================
2023-03-05 16:37:46 info: ======= ENV: development =======
2023-03-05 16:37:46 info: 🚀 App listening on the port 3000
2023-03-05 16:37:46 info: =================================
2023-03-05 16:39:19 info: =================================
2023-03-05 16:39:19 info: ======= ENV: development =======
2023-03-05 16:39:19 info: 🚀 App listening on the port 3000
2023-03-05 16:39:19 info: =================================
2023-03-05 16:40:10 info: [0mPOST /signup [36m302[0m 1457.307 ms - 732[0m
2023-03-05 16:40:28 info: [0mPOST /login [32m200[0m 737.545 ms - 57[0m
2023-03-05 16:41:27 info: [0mPOST /login [32m200[0m 1008.103 ms - 470[0m
2023-03-05 16:41:51 info: [0mPOST /post/d05aa81933183f086f06d34613ee16715610d39b [32m201[0m 1658.088 ms - 47[0m
2023-03-05 16:42:26 info: [0mPOST /post/74e89b50071c7788f9b182e155a42ba5b2c362b5 [32m201[0m 1543.587 ms - -[0m
2023-03-05 16:45:46 info: [0mPOST /signup [36m302[0m 1581.970 ms - 753[0m
2023-03-05 16:46:09 info: [0mPOST /post/0071c7788f9b182e155a42ba5b2c362b5a61f65c [32m201[0m 1075.999 ms - -[0m
2023-03-05 16:46:27 info: [0mPOST /post/0071c7788f9b182e155a42ba5b2c362b5a61f65c [32m201[0m 1207.378 ms - -[0m
2023-03-05 16:47:00 info: [0mPOST /post/0071c7788f9b182e155a42ba5b2c362b5a61f65c [32m201[0m 997.923 ms - -[0m
2023-03-05 16:54:18 info: [0mPOST /post/views/89b50071c7788f9b182e155a42ba5b2c362b5a61 [32m201[0m 753.447 ms - 18[0m
2023-03-05 16:54:23 info: [0mPOST /post/views/89b50071c7788f9b182e155a42ba5b2c362b5a61 [32m201[0m 729.837 ms - 18[0m
2023-03-05 16:54:26 info: [0mPOST /post/views/89b50071c7788f9b182e155a42ba5b2c362b5a61 [32m201[0m 1278.265 ms - 18[0m
2023-03-05 16:54:28 info: [0mPOST /post/views/89b50071c7788f9b182e155a42ba5b2c362b5a61 [32m201[0m 1832.021 ms - 18[0m
2023-03-05 16:54:30 info: [0mPOST /post/views/89b50071c7788f9b182e155a42ba5b2c362b5a61 [32m201[0m 784.085 ms - 18[0m
2023-03-05 16:54:54 info: [0mPOST /post/views/89b50071c7788f9b182e155a42ba5b2c362b5a61 [32m201[0m 652.043 ms - 18[0m
2023-03-05 16:55:03 info: [0mPOST /post/views/b182e155a42ba5b2c362b5a61f65cbf2102b218f [32m201[0m 664.211 ms - 18[0m
2023-03-05 16:55:05 info: [0mPOST /post/views/b182e155a42ba5b2c362b5a61f65cbf2102b218f [32m201[0m 693.010 ms - 18[0m
2023-03-05 16:55:07 info: [0mPOST /post/views/b182e155a42ba5b2c362b5a61f65cbf2102b218f [32m201[0m 692.975 ms - 18[0m
2023-03-05 16:55:08 info: [0mPOST /post/views/b182e155a42ba5b2c362b5a61f65cbf2102b218f [32m201[0m 644.030 ms - 18[0m
2023-03-05 16:55:10 info: [0mPOST /post/views/b182e155a42ba5b2c362b5a61f65cbf2102b218f [32m201[0m 682.435 ms - 18[0m
2023-03-05 16:55:34 info: [0mPOST /post/views/88f9b182e155a42ba5b2c362b5a61f65cbf2102b [32m201[0m 714.578 ms - 18[0m
2023-03-05 16:55:36 info: [0mPOST /post/views/88f9b182e155a42ba5b2c362b5a61f65cbf2102b [32m201[0m 653.479 ms - 18[0m
2023-03-05 16:55:38 info: [0mPOST /post/views/88f9b182e155a42ba5b2c362b5a61f65cbf2102b [32m201[0m 688.410 ms - 18[0m
2023-03-05 16:57:30 info: =================================
2023-03-05 16:57:30 info: ======= ENV: development =======
2023-03-05 16:57:30 info: 🚀 App listening on the port 3000
2023-03-05 16:57:30 info: =================================
2023-03-05 16:57:41 info: =================================
2023-03-05 16:57:41 info: ======= ENV: development =======
2023-03-05 16:57:41 info: 🚀 App listening on the port 3000
2023-03-05 16:57:41 info: =================================
2023-03-05 17:01:06 info: =================================
2023-03-05 17:01:06 info: ======= ENV: development =======
2023-03-05 17:01:06 info: 🚀 App listening on the port 3000
2023-03-05 17:01:06 info: =================================
2023-03-05 17:01:21 info: [0mGET /posts/popular [33m404[0m 9.286 ms - 152[0m
2023-03-05 17:01:48 info: [0mGET /post/popular [32m201[0m 1137.662 ms - 2[0m
2023-03-05 17:05:41 info: =================================
2023-03-05 17:05:41 info: ======= ENV: development =======
2023-03-05 17:05:41 info: 🚀 App listening on the port 3000
2023-03-05 17:05:41 info: =================================
2023-03-05 17:05:45 info: [0mGET /post/popular [32m201[0m 1084.725 ms - -[0m
2023-03-05 17:09:37 info: =================================
2023-03-05 17:09:37 info: ======= ENV: development =======
2023-03-05 17:09:37 info: 🚀 App listening on the port 3000
2023-03-05 17:09:37 info: =================================
2023-03-05 17:09:49 info: =================================
2023-03-05 17:09:49 info: ======= ENV: development =======
2023-03-05 17:09:49 info: 🚀 App listening on the port 3000
2023-03-05 17:09:49 info: =================================
2023-03-05 17:09:55 info: [0mGET /post/popular [32m201[0m 855.767 ms - 751[0m
2023-03-05 17:11:04 info: =================================
2023-03-05 17:11:04 info: ======= ENV: development =======
2023-03-05 17:11:04 info: 🚀 App listening on the port 3000
2023-03-05 17:11:04 info: =================================
2023-03-05 17:11:09 info: [0mGET /post/popular [32m201[0m 876.447 ms - 751[0m
2023-03-05 17:11:35 info: =================================
2023-03-05 17:11:35 info: ======= ENV: development =======
2023-03-05 17:11:35 info: 🚀 App listening on the port 3000
2023-03-05 17:11:35 info: =================================
2023-03-05 17:11:39 info: [0mGET /post/popular [32m201[0m 992.694 ms - 2[0m
2023-03-05 17:12:04 info: =================================
2023-03-05 17:12:04 info: ======= ENV: development =======
2023-03-05 17:12:04 info: 🚀 App listening on the port 3000
2023-03-05 17:12:04 info: =================================
2023-03-05 17:12:22 info: [0mGET /post/popular [32m201[0m 800.974 ms - 751[0m
2023-03-05 17:13:06 info: =================================
2023-03-05 17:13:06 info: ======= ENV: development =======
2023-03-05 17:13:06 info: 🚀 App listening on the port 3000
2023-03-05 17:13:06 info: =================================
2023-03-05 17:13:09 info: [0mGET /post/popular [32m201[0m 863.137 ms - 2[0m
2023-03-05 17:14:13 info: =================================
2023-03-05 17:14:13 info: ======= ENV: development =======
2023-03-05 17:14:13 info: 🚀 App listening on the port 3000
2023-03-05 17:14:13 info: =================================
2023-03-05 17:14:17 info: [0mGET /post/popular [32m201[0m 1519.415 ms - 2[0m
2023-03-05 17:14:54 info: [0mGET /post/popular [32m201[0m 735.847 ms - 2[0m
2023-03-05 17:15:02 info: =================================
2023-03-05 17:15:02 info: ======= ENV: development =======
2023-03-05 17:15:02 info: 🚀 App listening on the port 3000
2023-03-05 17:15:02 info: =================================
2023-03-05 17:15:10 info: [0mGET /post/popular [32m201[0m 816.974 ms - 751[0m
2023-03-05 17:17:20 info: =================================
2023-03-05 17:17:20 info: ======= ENV: development =======
2023-03-05 17:17:20 info: 🚀 App listening on the port 3000
2023-03-05 17:17:20 info: =================================
2023-03-05 17:17:23 info: [0mGET /post/popular [32m201[0m 806.792 ms - 481[0m
2023-03-05 17:18:39 info: =================================
2023-03-05 17:18:39 info: ======= ENV: development =======
2023-03-05 17:18:39 info: 🚀 App listening on the port 3000
2023-03-05 17:18:39 info: =================================
2023-03-05 17:18:43 info: [0mGET /post/popular [32m201[0m 1103.509 ms - 481[0m
2023-03-05 17:19:50 info: =================================
2023-03-05 17:19:50 info: ======= ENV: development =======
2023-03-05 17:19:50 info: 🚀 App listening on the port 3000
2023-03-05 17:19:50 info: =================================
2023-03-05 17:19:52 info: [0mGET /post/popular [32m201[0m 818.479 ms - 481[0m
2023-03-05 17:20:25 info: =================================
2023-03-05 17:20:25 info: ======= ENV: development =======
2023-03-05 17:20:25 info: 🚀 App listening on the port 3000
2023-03-05 17:20:25 info: =================================
2023-03-05 17:20:28 info: [0mGET /post/popular [32m201[0m 830.702 ms - 2[0m
2023-03-05 17:22:49 info: =================================
2023-03-05 17:22:49 info: ======= ENV: development =======
2023-03-05 17:22:49 info: 🚀 App listening on the port 3000
2023-03-05 17:22:49 info: =================================
2023-03-05 17:22:52 info: [0mGET /post/popular [32m201[0m 778.144 ms - 481[0m
2023-03-05 17:24:28 info: =================================
2023-03-05 17:24:28 info: ======= ENV: development =======
2023-03-05 17:24:28 info: 🚀 App listening on the port 3000
2023-03-05 17:24:28 info: =================================
2023-03-05 17:24:31 info: [0mGET /post/popular [32m201[0m 807.113 ms - -[0m
2023-03-05 17:27:57 info: =================================
2023-03-05 17:27:57 info: ======= ENV: development =======
2023-03-05 17:27:57 info: 🚀 App listening on the port 3000
2023-03-05 17:27:57 info: =================================
2023-03-05 17:28:04 info: [0mGET /post/popular [32m201[0m 785.890 ms - 481[0m
2023-03-05 17:29:27 info: =================================
2023-03-05 17:29:27 info: ======= ENV: development =======
2023-03-05 17:29:27 info: 🚀 App listening on the port 3000
2023-03-05 17:29:27 info: =================================
2023-03-05 17:29:32 info: [0mGET /post/popular [32m201[0m 846.866 ms - -[0m
2023-03-05 17:31:45 info: =================================
2023-03-05 17:31:45 info: ======= ENV: development =======
2023-03-05 17:31:45 info: 🚀 App listening on the port 3000
2023-03-05 17:31:45 info: =================================
2023-03-05 17:31:48 info: [0mGET /post/popular [32m201[0m 843.236 ms - 742[0m
2023-03-05 17:33:57 info: =================================
2023-03-05 17:33:57 info: ======= ENV: development =======
2023-03-05 17:33:57 info: 🚀 App listening on the port 3000
2023-03-05 17:33:57 info: =================================
2023-03-05 17:34:06 info: [0mGET /post/popular [32m201[0m 969.380 ms - 742[0m
2023-03-05 17:35:59 info: =================================
2023-03-05 17:35:59 info: ======= ENV: development =======
2023-03-05 17:35:59 info: 🚀 App listening on the port 3000
2023-03-05 17:35:59 info: =================================
2023-03-05 17:36:02 info: [0mGET /post/popular [32m201[0m 867.436 ms - 481[0m
2023-03-05 17:37:30 info: =================================
2023-03-05 17:37:30 info: ======= ENV: development =======
2023-03-05 17:37:30 info: 🚀 App listening on the port 3000
2023-03-05 17:37:30 info: =================================
2023-03-05 17:37:37 info: [0mGET /post/popular [32m201[0m 903.998 ms - 25[0m
2023-03-05 17:37:59 info: =================================
2023-03-05 17:37:59 info: ======= ENV: development =======
2023-03-05 17:37:59 info: 🚀 App listening on the port 3000
2023-03-05 17:37:59 info: =================================
2023-03-05 17:38:14 info: =================================
2023-03-05 17:38:14 info: ======= ENV: development =======
2023-03-05 17:38:14 info: 🚀 App listening on the port 3000
2023-03-05 17:38:14 info: =================================
2023-03-05 17:38:19 info: [0mGET /post/popular [32m201[0m 1031.044 ms - 742[0m
2023-03-05 17:39:51 info: =================================
2023-03-05 17:39:51 info: ======= ENV: development =======
2023-03-05 17:39:51 info: 🚀 App listening on the port 3000
2023-03-05 17:39:51 info: =================================
2023-03-05 17:39:53 info: [0mGET /post/popular [32m201[0m 916.931 ms - 742[0m
2023-03-05 17:40:21 info: =================================
2023-03-05 17:40:21 info: ======= ENV: development =======
2023-03-05 17:40:21 info: 🚀 App listening on the port 3000
2023-03-05 17:40:21 info: =================================
2023-03-05 17:40:25 info: [0mGET /post/popular [32m201[0m 839.074 ms - 742[0m
2023-03-05 17:40:42 info: =================================
2023-03-05 17:40:42 info: ======= ENV: development =======
2023-03-05 17:40:42 info: 🚀 App listening on the port 3000
2023-03-05 17:40:42 info: =================================
2023-03-05 17:40:45 info: [0mGET /post/popular [32m201[0m 891.174 ms - 742[0m
2023-03-05 17:42:38 info: =================================
2023-03-05 17:42:38 info: ======= ENV: development =======
2023-03-05 17:42:38 info: 🚀 App listening on the port 3000
2023-03-05 17:42:38 info: =================================
2023-03-05 17:42:42 info: [0mGET /post/popular [32m201[0m 800.983 ms - -[0m
2023-03-05 18:23:37 info: =================================
2023-03-05 18:23:37 info: ======= ENV: development =======
2023-03-05 18:23:37 info: 🚀 App listening on the port 3000
2023-03-05 18:23:37 info: =================================
2023-03-05 18:23:49 info: [0mPOST /post/views/88f9b182e155a42ba5b2c362b5a61f65cbf2102b [33m404[0m 11.252 ms - 191[0m
2023-03-05 18:23:55 info: [0mPUT /post/views/88f9b182e155a42ba5b2c362b5a61f65cbf2102b [32m201[0m 907.388 ms - 18[0m
2023-03-05 18:24:00 info: [0mGET /post/popular [32m201[0m 715.732 ms - -[0m
2023-03-05 18:24:42 info: =================================
2023-03-05 18:24:42 info: ======= ENV: development =======
2023-03-05 18:24:42 info: 🚀 App listening on the port 3000
2023-03-05 18:24:42 info: =================================
2023-03-05 18:26:04 info: =================================
2023-03-05 18:26:04 info: ======= ENV: development =======
2023-03-05 18:26:04 info: 🚀 App listening on the port 3000
2023-03-05 18:26:04 info: =================================
2023-03-05 18:28:59 info: =================================
2023-03-05 18:28:59 info: ======= ENV: development =======
2023-03-05 18:28:59 info: 🚀 App listening on the port 3000
2023-03-05 18:28:59 info: =================================
2023-03-05 18:29:03 info: [0mGET /post/recent [32m201[0m 959.522 ms - 832[0m
2023-03-05 18:41:03 info: =================================
2023-03-05 18:41:03 info: ======= ENV: development =======
2023-03-05 18:41:03 info: 🚀 App listening on the port 3000
2023-03-05 18:41:03 info: =================================
2023-03-05 20:24:29 info: =================================
2023-03-05 20:24:29 info: ======= ENV: development =======
2023-03-05 20:24:29 info: 🚀 App listening on the port 3000
2023-03-05 20:24:29 info: =================================
2023-03-05 20:25:03 info: =================================
2023-03-05 20:25:03 info: ======= ENV: development =======
2023-03-05 20:25:03 info: 🚀 App listening on the port 3000
2023-03-05 20:25:03 info: =================================
2023-03-05 20:25:18 info: [0mPOST /signup [36m302[0m 1827.381 ms - 753[0m
2023-03-05 20:26:14 info: [0mPOST /signup [32m201[0m 703.279 ms - 63[0m
2023-03-05 20:26:31 info: [0mPOST /signup [36m302[0m 1010.415 ms - 767[0m
2023-03-05 20:27:08 info: [0mPOST /signup [36m302[0m 1108.273 ms - 781[0m
2023-03-05 20:27:33 info: [0mPOST /post/63e5262994a5c8f781af6aedcb974ef84bfe1392 [32m201[0m 1043.478 ms - -[0m
2023-03-05 20:27:48 info: [0mPOST /post/4d463e5262994a5c8f781af6aedcb974ef84bfe1 [32m201[0m 1248.250 ms - -[0m
2023-03-05 20:28:05 info: [0mPOST /post/ca84d463e5262994a5c8f781af6aedcb974ef84b [32m201[0m 984.816 ms - -[0m
2023-03-05 20:29:45 info: [0mPUT /post/views/5c8f781af6aedcb974ef84bfe13926c768664861 [32m201[0m 788.193 ms - 18[0m
2023-03-05 20:29:47 info: [0mPUT /post/views/5c8f781af6aedcb974ef84bfe13926c768664861 [32m201[0m 658.186 ms - 18[0m
2023-03-05 20:29:49 info: [0mPUT /post/views/5c8f781af6aedcb974ef84bfe13926c768664861 [32m201[0m 684.531 ms - 18[0m
2023-03-05 20:29:57 info: [0mPUT /post/views/5c8f781af6aedcb974ef84bfe13926c768664861 [32m201[0m 728.220 ms - 18[0m
2023-03-05 20:29:59 info: [0mPUT /post/views/5c8f781af6aedcb974ef84bfe13926c768664861 [32m201[0m 1259.517 ms - 18[0m
2023-03-05 20:30:30 info: [0mPUT /post/views/994a5c8f781af6aedcb974ef84bfe13926c76866 [32m201[0m 8991.402 ms - 18[0m
2023-03-05 20:30:36 info: [0mPUT /post/views/994a5c8f781af6aedcb974ef84bfe13926c76866 [32m201[0m 679.057 ms - 18[0m
2023-03-05 20:30:38 info: [0mPUT /post/views/994a5c8f781af6aedcb974ef84bfe13926c76866 [32m201[0m 687.867 ms - 18[0m
2023-03-05 20:30:41 info: [0mPUT /post/views/994a5c8f781af6aedcb974ef84bfe13926c76866 [32m201[0m 2502.128 ms - 18[0m
2023-03-05 20:31:29 info: =================================
2023-03-05 20:31:29 info: ======= ENV: development =======
2023-03-05 20:31:29 info: 🚀 App listening on the port 3000
2023-03-05 20:31:29 info: =================================
2023-03-05 20:31:35 info: [0mPOST /post/ca84d463e5262994a5c8f781af6aedcb974ef84b [32m201[0m 1180.661 ms - -[0m
2023-03-05 20:32:22 info: =================================
2023-03-05 20:32:22 info: ======= ENV: development =======
2023-03-05 20:32:22 info: 🚀 App listening on the port 3000
2023-03-05 20:32:22 info: =================================
2023-03-05 20:32:30 info: [0mPOST /post/ca84d463e5262994a5c8f781af6aedcb974ef84b [32m201[0m 1266.397 ms - -[0m
