2023-09-24 12:08:18 info: =================================
2023-09-24 12:08:18 info: ======= ENV: development =======
2023-09-24 12:08:18 info: 🚀 App listening on the port 4000
2023-09-24 12:08:18 info: =================================
2023-09-24 12:08:48 info: [0mGET /albums/popular [32m201[0m 960.383 ms - -[0m
2023-09-24 12:08:50 info: [0mGET /public/files/albums/WhatsApp%20Image%202023-09-23%20at%201957.21.jpeg8bc1c861178a2fc62eaffaf9f8a921a4abd4d98725092023.jpeg [32m200[0m 9.349 ms - 41707[0m
2023-09-24 12:08:50 info: [0mGET /public/files/albums/WhatsApp%20Image%202023-09-23%20at%201957.21.jpeg1c861178a2fc62eaffaf9f8a921a4abd4d987e3335092023.jpeg [32m200[0m 10.737 ms - 41707[0m
2023-09-24 12:08:50 info: [0mGET /public/files/albums/WhatsApp%20Image%202023-09-23%20at%201956.38.jpeg1178a2fc62eaffaf9f8a921a4abd4d987e33893429092023.jpeg [32m200[0m 1.735 ms - 137382[0m
2023-09-24 12:10:46 info: [0mGET /albums/popular [32m201[0m 801.957 ms - -[0m
2023-09-24 12:11:49 info: [0mGET /albums/popular [32m201[0m 882.991 ms - -[0m
2023-09-24 12:12:01 info: [0mGET /albums/popular [32m201[0m 865.568 ms - -[0m
2023-09-24 12:12:07 info: [0mGET /albums/popular [32m201[0m 812.572 ms - -[0m
2023-09-24 12:12:27 info: [0mGET /albums/popular [32m201[0m 934.889 ms - -[0m
2023-09-24 12:12:44 info: [0mGET /albums/popular [32m201[0m 1201.667 ms - -[0m
2023-09-24 12:13:19 info: [0mGET /albums/popular [32m201[0m 837.447 ms - -[0m
2023-09-24 12:14:02 info: [0mGET /albums/popular [32m201[0m 964.869 ms - -[0m
2023-09-24 12:14:31 info: [0mGET /albums/popular [32m201[0m 837.327 ms - -[0m
2023-09-24 12:20:27 info: [0mGET /albums/popular [32m201[0m 797.766 ms - -[0m
2023-09-24 12:22:03 info: [0mGET /albums/popular [32m201[0m 788.360 ms - -[0m
2023-09-24 12:22:05 info: [0mGET /public/files/albums/WhatsApp%20Image%202023-09-23%20at%201957.21.jpeg1c861178a2fc62eaffaf9f8a921a4abd4d987e3335092023.jpeg [32m200[0m 1.599 ms - 41707[0m
2023-09-24 12:22:05 info: [0mGET /public/files/albums/WhatsApp%20Image%202023-09-23%20at%201957.21.jpeg8bc1c861178a2fc62eaffaf9f8a921a4abd4d98725092023.jpeg [32m200[0m 2.266 ms - 41707[0m
2023-09-24 12:22:05 info: [0mGET /public/files/albums/WhatsApp%20Image%202023-09-23%20at%201956.38.jpeg1178a2fc62eaffaf9f8a921a4abd4d987e33893429092023.jpeg [32m200[0m 2.465 ms - 137382[0m
2023-09-24 12:35:23 error: [GET] /albums/categories >> StatusCode:: 404, Message:: Authentication token missing
2023-09-24 12:35:23 info: [0mGET /albums/categories [33m404[0m 4.770 ms - 42[0m
2023-09-24 12:35:30 info: [0mPOST /login [32m200[0m 1593.941 ms - 561[0m
2023-09-24 12:36:26 error: [GET] /albums/categories >> StatusCode:: 403, Message:: Wrong authentication token
2023-09-24 12:36:26 info: [0mGET /albums/categories [33m403[0m 910.447 ms - 40[0m
2023-09-24 12:36:52 info: =================================
2023-09-24 12:36:53 info: ======= ENV: development =======
2023-09-24 12:36:53 info: 🚀 App listening on the port 4000
2023-09-24 12:36:53 info: =================================
2023-09-24 12:36:56 info: [0mGET /albums/categories [32m201[0m 1043.913 ms - 17[0m
2023-09-24 12:48:14 info: [0mGET /albums/categories [32m201[0m 1031.390 ms - 111[0m
2023-09-24 12:52:01 info: [0mGET /albums/categories [32m201[0m 896.836 ms - 111[0m
2023-09-24 12:52:01 info: [0mGET /albums/popular [32m201[0m 999.101 ms - -[0m
2023-09-24 12:56:39 info: [0mGET /albums/categories [32m201[0m 885.325 ms - 111[0m
2023-09-24 12:56:39 info: [0mGET /albums/popular [32m201[0m 892.806 ms - -[0m
2023-09-24 13:18:54 info: [0mGET /albums/categories [32m201[0m 1319.133 ms - 111[0m
2023-09-24 13:18:54 info: [0mGET /albums/popular [32m201[0m 1448.755 ms - -[0m
2023-09-24 13:20:55 info: [0mGET /albums/categories [32m201[0m 870.891 ms - 111[0m
2023-09-24 13:20:55 info: [0mGET /albums/popular [32m201[0m 976.968 ms - -[0m
2023-09-24 14:18:45 info: =================================
2023-09-24 14:18:45 info: ======= ENV: development =======
2023-09-24 14:18:45 info: 🚀 App listening on the port 4000
2023-09-24 14:18:45 info: =================================
2023-09-24 14:19:29 info: [0mGET /albums/categories [32m201[0m 1328.474 ms - 111[0m
2023-09-24 14:19:29 info: [0mGET /albums/popular [32m201[0m 1369.460 ms - -[0m
2023-09-24 14:19:31 info: [0mGET /public/files/albums/WhatsApp%20Image%202023-09-23%20at%201957.21.jpeg1c861178a2fc62eaffaf9f8a921a4abd4d987e3335092023.jpeg [32m200[0m 4.788 ms - 41707[0m
2023-09-24 14:19:31 info: [0mGET /public/files/albums/WhatsApp%20Image%202023-09-23%20at%201957.21.jpeg8bc1c861178a2fc62eaffaf9f8a921a4abd4d98725092023.jpeg [32m200[0m 4.206 ms - 41707[0m
2023-09-24 14:19:31 info: [0mGET /public/files/albums/WhatsApp%20Image%202023-09-23%20at%201956.38.jpeg1178a2fc62eaffaf9f8a921a4abd4d987e33893429092023.jpeg [32m200[0m 5.162 ms - 137382[0m
2023-09-24 14:21:17 info: [0mGET /albums/popular [32m201[0m 972.868 ms - -[0m
2023-09-24 14:21:17 info: [0mGET /albums/categories [32m201[0m 1525.698 ms - 111[0m
2023-09-24 14:54:50 info: [0mGET /albums/categories [32m201[0m 939.650 ms - 111[0m
2023-09-24 14:54:51 info: [0mGET /albums/popular [32m201[0m 1159.129 ms - -[0m
2023-09-24 15:08:48 info: =================================
2023-09-24 15:08:48 info: ======= ENV: development =======
2023-09-24 15:08:48 info: 🚀 App listening on the port 4000
2023-09-24 15:08:48 info: =================================
2023-09-24 15:10:30 info: =================================
2023-09-24 15:10:30 info: ======= ENV: development =======
2023-09-24 15:10:30 info: 🚀 App listening on the port 4000
2023-09-24 15:10:30 info: =================================
2023-09-24 15:11:49 info: =================================
2023-09-24 15:11:49 info: ======= ENV: development =======
2023-09-24 15:11:49 info: 🚀 App listening on the port 4000
2023-09-24 15:11:49 info: =================================
2023-09-24 15:12:45 info: =================================
2023-09-24 15:12:45 info: ======= ENV: development =======
2023-09-24 15:12:45 info: 🚀 App listening on the port 4000
2023-09-24 15:12:45 info: =================================
2023-09-24 15:13:04 info: =================================
2023-09-24 15:13:04 info: ======= ENV: development =======
2023-09-24 15:13:04 info: 🚀 App listening on the port 4000
2023-09-24 15:13:04 info: =================================
2023-09-24 15:16:39 info: [0mGET /albums/popular [32m201[0m 915.064 ms - -[0m
2023-09-24 15:16:43 info: [0mGET /albums [33m404[0m 4.338 ms - 145[0m
2023-09-24 15:17:11 info: =================================
2023-09-24 15:17:11 info: ======= ENV: development =======
2023-09-24 15:17:11 info: 🚀 App listening on the port 4000
2023-09-24 15:17:11 info: =================================
2023-09-24 15:17:21 info: [0mGET /albums [32m201[0m 924.185 ms - 609[0m
2023-09-24 15:29:43 info: =================================
2023-09-24 15:29:43 info: ======= ENV: development =======
2023-09-24 15:29:43 info: 🚀 App listening on the port 4000
2023-09-24 15:29:43 info: =================================
2023-09-24 15:34:01 info: =================================
2023-09-24 15:34:01 info: ======= ENV: development =======
2023-09-24 15:34:01 info: 🚀 App listening on the port 4000
2023-09-24 15:34:01 info: =================================
2023-09-24 15:35:04 info: =================================
2023-09-24 15:35:04 info: ======= ENV: development =======
2023-09-24 15:35:04 info: 🚀 App listening on the port 4000
2023-09-24 15:35:04 info: =================================
2023-09-24 15:35:15 info: =================================
2023-09-24 15:35:15 info: ======= ENV: development =======
2023-09-24 15:35:15 info: 🚀 App listening on the port 4000
2023-09-24 15:35:15 info: =================================
2023-09-24 15:35:26 info: [0mGET /albums [32m201[0m 1208.583 ms - -[0m
2023-09-24 15:36:23 info: [0mPOST /signup [32m201[0m 3955.209 ms - 325[0m
2023-09-24 15:38:54 error: [POST] /albums/2dad18564868cbd395d5342cbd986fbe359d99c8 >> StatusCode:: 400, Message:: Unexpected token } in JSON at position 269
2023-09-24 15:38:54 info: [0mPOST /albums/2dad18564868cbd395d5342cbd986fbe359d99c8 [33m400[0m 5.837 ms - 56[0m
2023-09-24 15:39:00 info: [0mPOST /albums/2dad18564868cbd395d5342cbd986fbe359d99c8 [32m201[0m 1293.844 ms - 2[0m
2023-09-24 15:40:56 info: =================================
2023-09-24 15:40:56 info: ======= ENV: development =======
2023-09-24 15:40:56 info: 🚀 App listening on the port 4000
2023-09-24 15:40:56 info: =================================
2023-09-24 15:40:58 info: [0mPOST /albums/2dad18564868cbd395d5342cbd986fbe359d99c8 [32m201[0m 1289.477 ms - 2[0m
2023-09-24 15:42:19 info: =================================
2023-09-24 15:42:19 info: ======= ENV: development =======
2023-09-24 15:42:19 info: 🚀 App listening on the port 4000
2023-09-24 15:42:19 info: =================================
2023-09-24 15:42:23 info: [0mPOST /albums/2dad18564868cbd395d5342cbd986fbe359d99c8 [32m201[0m 1445.378 ms - 2[0m
2023-09-24 15:44:48 info: =================================
2023-09-24 15:44:48 info: ======= ENV: development =======
2023-09-24 15:44:48 info: 🚀 App listening on the port 4000
2023-09-24 15:44:48 info: =================================
2023-09-24 15:44:53 info: [0mPOST /albums/2dad18564868cbd395d5342cbd986fbe359d99c8 [32m201[0m 1568.042 ms - 2[0m
2023-09-24 15:46:36 info: [0mPOST /signup [32m201[0m 967.406 ms - 60[0m
2023-09-24 15:46:47 info: [0mPOST /albums/2dad18564868cbd395d5342cbd986fbe359d99c8 [32m201[0m 1168.571 ms - 2[0m
2023-09-24 15:47:45 info: =================================
2023-09-24 15:47:45 info: ======= ENV: development =======
2023-09-24 15:47:45 info: 🚀 App listening on the port 4000
2023-09-24 15:47:45 info: =================================
2023-09-24 15:47:53 info: [0mPOST /albums/2dad18564868cbd395d5342cbd986fbe359d99c8 [32m201[0m 2571.260 ms - 321[0m
2023-09-24 15:48:24 info: [0mPOST /albums/upload/6b65afb0f0034f1afcc9e592713c9ee5552d73c5 [32m201[0m 22.561 ms - 60[0m
2023-09-24 15:49:15 info: [0mPOST /albums/2dad18564868cbd395d5342cbd986fbe359d99c8 [32m201[0m 2472.576 ms - 314[0m
2023-09-24 15:49:37 info: [0mPOST /albums/upload/5afb0f0034f1afcc9e592713c9ee5552d73c5c67 [32m201[0m 8.781 ms - 60[0m
2023-09-24 15:50:31 info: [0mPOST /albums/2dad18564868cbd395d5342cbd986fbe359d99c8 [32m201[0m 2195.428 ms - 323[0m
2023-09-24 15:50:47 info: [0mPOST /albums/upload/b0f0034f1afcc9e592713c9ee5552d73c5c673bb [32m201[0m 12.443 ms - 60[0m
2023-09-24 15:51:20 info: [0mPOST /albums/2dad18564868cbd395d5342cbd986fbe359d99c8 [32m201[0m 2607.557 ms - 323[0m
2023-09-24 15:51:34 info: [0mPOST /albums/upload/0034f1afcc9e592713c9ee5552d73c5c673bbb47 [32m201[0m 11.224 ms - 60[0m
2023-09-24 15:52:16 info: [0mGET /albums/popular [32m201[0m 1001.145 ms - -[0m
2023-09-24 15:57:01 info: [0mGET /albums/categories [32m201[0m 1733.063 ms - 184[0m
2023-09-24 15:57:01 info: [0mGET /albums/popular [32m201[0m 1890.411 ms - -[0m
2023-09-24 15:57:01 info: [0mGET /albums [32m201[0m 2127.071 ms - -[0m
2023-09-24 15:58:14 info: [0mGET /albums/categories [32m201[0m 886.270 ms - 184[0m
2023-09-24 15:58:14 info: [0mGET /albums [32m201[0m 1059.152 ms - -[0m
2023-09-24 15:58:14 info: [0mGET /albums/popular [32m201[0m 1045.229 ms - -[0m
2023-09-24 15:58:15 info: [0mGET /public/files/albums/WhatsApp%20Image%202023-09-23%20at%201957.21.jpeg5afb0f0034f1afcc9e592713c9ee5552d73c5c6737092023.jpeg [32m200[0m 4.765 ms - 41707[0m
2023-09-24 15:58:15 info: [0mGET /public/files/albums/WhatsApp%20Image%202023-09-23%20at%201957.21%20(1).jpeg6b65afb0f0034f1afcc9e592713c9ee5552d73c524092023.jpeg [32m200[0m 1.470 ms - 123689[0m
2023-09-24 15:58:15 info: [0mGET /public/files/albums/WhatsApp%20Image%202023-09-23%20at%201956.37.jpeg0034f1afcc9e592713c9ee5552d73c5c673bbb4734092023.jpeg [32m200[0m 1.944 ms - 64745[0m
2023-09-24 15:58:15 info: [0mGET /public/files/albums/WhatsApp%20Image%202023-09-23%20at%201956.38.jpegb0f0034f1afcc9e592713c9ee5552d73c5c673bb47092023.jpeg [32m200[0m 2.388 ms - 137382[0m
2023-09-24 16:02:55 info: [0mGET /albums/popular [32m201[0m 881.401 ms - -[0m
2023-09-24 16:02:55 info: [0mGET /albums [32m201[0m 960.513 ms - -[0m
2023-09-24 16:02:55 info: [0mGET /albums/categories [32m201[0m 897.443 ms - 184[0m
2023-09-24 16:03:30 info: [0mGET /albums/categories [32m201[0m 969.987 ms - 184[0m
2023-09-24 16:03:31 info: [0mGET /albums/popular [32m201[0m 1294.883 ms - -[0m
2023-09-24 16:03:31 info: [0mGET /albums [32m201[0m 1413.265 ms - -[0m
2023-09-24 16:16:07 info: [0mGET /albums/categories [32m201[0m 888.084 ms - 184[0m
2023-09-24 16:16:08 info: [0mGET /albums [32m201[0m 1687.949 ms - -[0m
2023-09-24 16:16:08 info: [0mGET /albums/popular [32m201[0m 1686.956 ms - -[0m
2023-09-24 16:17:00 info: [0mGET /albums/popular [32m201[0m 942.199 ms - -[0m
2023-09-24 16:17:00 info: [0mGET /albums/categories [32m201[0m 1100.870 ms - 184[0m
2023-09-24 16:17:00 info: [0mGET /albums [32m201[0m 1257.572 ms - -[0m
2023-09-24 16:17:26 info: [0mGET /albums/popular [32m201[0m 1371.539 ms - -[0m
2023-09-24 16:17:26 info: [0mGET /albums [32m201[0m 1450.677 ms - -[0m
2023-09-24 16:17:26 info: [0mGET /albums/categories [32m201[0m 1358.557 ms - 184[0m
2023-09-24 16:18:37 info: [0mGET /albums/categories [32m201[0m 860.739 ms - 184[0m
2023-09-24 16:18:37 info: [0mGET /albums/popular [32m201[0m 962.695 ms - -[0m
2023-09-24 16:18:37 info: [0mGET /albums [32m201[0m 1198.759 ms - -[0m
2023-09-24 16:19:13 info: [0mGET /albums/popular [32m201[0m 1008.513 ms - -[0m
2023-09-24 16:19:13 info: [0mGET /albums [32m201[0m 1012.196 ms - -[0m
2023-09-24 16:19:14 info: [0mGET /albums/categories [32m201[0m 937.794 ms - 184[0m
2023-09-24 16:44:55 info: [0mGET /albums/popular [32m201[0m 1347.899 ms - -[0m
2023-09-24 16:45:38 info: [0mGET /albums [32m201[0m 1660.719 ms - -[0m
2023-09-24 16:45:38 info: [0mGET /albums/popular [32m201[0m 1734.131 ms - -[0m
2023-09-24 16:45:38 info: [0mGET /albums/categories [32m201[0m 1806.944 ms - 184[0m
2023-09-24 16:45:40 info: [0mGET /public/files/albums/WhatsApp%20Image%202023-09-23%20at%201957.21%20(1).jpeg6b65afb0f0034f1afcc9e592713c9ee5552d73c524092023.jpeg [32m200[0m 6.903 ms - 123689[0m
2023-09-24 16:45:40 info: [0mGET /public/files/albums/WhatsApp%20Image%202023-09-23%20at%201957.21.jpeg5afb0f0034f1afcc9e592713c9ee5552d73c5c6737092023.jpeg [32m200[0m 5.646 ms - 41707[0m
2023-09-24 16:45:40 info: [0mGET /public/files/albums/WhatsApp%20Image%202023-09-23%20at%201956.37.jpeg0034f1afcc9e592713c9ee5552d73c5c673bbb4734092023.jpeg [32m200[0m 6.264 ms - 64745[0m
2023-09-24 16:45:40 info: [0mGET /public/files/albums/WhatsApp%20Image%202023-09-23%20at%201956.38.jpegb0f0034f1afcc9e592713c9ee5552d73c5c673bb47092023.jpeg [32m200[0m 5.863 ms - 137382[0m
2023-09-24 16:47:33 info: [0mGET /albums/popular [32m201[0m 807.764 ms - -[0m
2023-09-24 16:47:33 info: [0mGET /albums [32m201[0m 736.525 ms - -[0m
2023-09-24 16:47:33 info: [0mGET /albums/categories [32m201[0m 820.220 ms - 184[0m
2023-09-24 16:49:50 info: [0mGET /albums/categories [32m201[0m 764.303 ms - 184[0m
2023-09-24 16:49:50 info: [0mGET /albums/popular [32m201[0m 764.788 ms - -[0m
2023-09-24 16:49:50 info: [0mGET /albums [32m201[0m 793.970 ms - -[0m
2023-09-24 16:51:51 info: [0mGET /albums/categories [32m201[0m 702.518 ms - 184[0m
2023-09-24 16:51:51 info: [0mGET /albums/popular [32m201[0m 793.613 ms - -[0m
2023-09-24 16:51:52 info: [0mGET /albums [32m201[0m 876.442 ms - -[0m
2023-09-24 17:06:00 info: [0mPOST /albums/2dad18564868cbd395d5342cbd986fbe359d99c8 [32m201[0m 3128.481 ms - 323[0m
2023-09-24 17:06:30 info: [0mPOST /albums/upload/4f1afcc9e592713c9ee5552d73c5c673bbb47dff [32m201[0m 11.901 ms - 60[0m
2023-09-24 17:06:48 info: [0mGET /albums/categories [32m201[0m 762.531 ms - 184[0m
2023-09-24 17:06:49 info: [0mGET /albums/popular [32m201[0m 992.176 ms - -[0m
2023-09-24 17:06:49 info: [0mGET /albums [32m201[0m 1189.147 ms - -[0m
2023-09-24 17:06:50 info: [0mGET /public/files/albums/WhatsApp%20Image%202023-09-23%20at%201956.37.jpeg4f1afcc9e592713c9ee5552d73c5c673bbb47dff30092023.jpeg [32m200[0m 1.433 ms - 64745[0m
2023-09-24 20:25:31 info: [0mGET / [32m200[0m 2.217 ms - 2[0m
2023-09-24 20:25:31 info: [0mGET /favicon.ico [33m404[0m 4.761 ms - 150[0m
2023-09-24 20:28:13 info: [0mGET /albums/categories [32m201[0m 1046.447 ms - 184[0m
2023-09-24 20:28:14 info: [0mGET /albums [32m201[0m 1297.728 ms - -[0m
2023-09-24 20:28:14 info: [0mGET /albums/popular [32m201[0m 1299.939 ms - -[0m
2023-09-24 20:28:15 info: [0mGET /public/files/albums/WhatsApp%20Image%202023-09-23%20at%201957.21.jpeg5afb0f0034f1afcc9e592713c9ee5552d73c5c6737092023.jpeg [32m200[0m 1.919 ms - 41707[0m
2023-09-24 20:28:15 info: [0mGET /public/files/albums/WhatsApp%20Image%202023-09-23%20at%201956.37.jpeg4f1afcc9e592713c9ee5552d73c5c673bbb47dff30092023.jpeg [32m200[0m 1.523 ms - 64745[0m
2023-09-24 20:28:16 info: [0mGET /public/files/albums/WhatsApp%20Image%202023-09-23%20at%201956.37.jpeg0034f1afcc9e592713c9ee5552d73c5c673bbb4734092023.jpeg [32m200[0m 6.925 ms - 64745[0m
2023-09-24 20:28:20 info: [0mGET /public/files/albums/WhatsApp%20Image%202023-09-23%20at%201956.38.jpegb0f0034f1afcc9e592713c9ee5552d73c5c673bb47092023.jpeg [32m200[0m 6.974 ms - 137382[0m
2023-09-24 20:44:51 info: [0mGET /albums/categories [32m201[0m 1692.873 ms - 184[0m
2023-09-24 20:44:51 info: [0mGET /albums [32m201[0m 1504.883 ms - -[0m
2023-09-24 20:44:51 info: [0mGET /albums/popular [32m201[0m 1509.993 ms - -[0m
2023-09-24 20:52:48 info: [0mGET /public/files/albums/WhatsApp%20Image%202023-09-23%20at%201957.21%20(1).jpeg6b65afb0f0034f1afcc9e592713c9ee5552d73c524092023.jpeg [32m200[0m 1.698 ms - 123689[0m
2023-09-24 21:49:24 info: [0mGET /albums/categories [32m201[0m 928.743 ms - 184[0m
2023-09-24 21:49:24 info: [0mGET /albums/popular [32m201[0m 944.557 ms - -[0m
2023-09-24 21:49:24 info: [0mGET /albums [32m201[0m 1110.171 ms - -[0m
