2023-06-27 10:42:22 info: =================================
2023-06-27 10:42:22 info: ======= ENV: development =======
2023-06-27 10:42:22 info: 🚀 App listening on the port 4000
2023-06-27 10:42:22 info: =================================
2023-06-27 10:45:24 info: [0mPOST /signup [32m201[0m 1356.493 ms - 224[0m
2023-06-27 10:49:37 info: [0mPOST /signup [32m201[0m 1176.866 ms - 233[0m
2023-06-27 10:52:04 info: [0mPOST /users/upload/avatar/cus_O8Rz6pavkTg6Xd [0m-[0m - ms - -[0m
2023-06-27 10:53:39 info: [0mPOST /signup [32m201[0m 1107.597 ms - 253[0m
2023-06-27 10:56:14 info: [0mPOST /signup [32m201[0m 1102.240 ms - 238[0m
2023-06-27 10:57:28 info: [0mPOST /signup [32m201[0m 992.053 ms - 236[0m
2023-06-27 11:02:40 info: [0mPOST /signup [32m201[0m 1154.243 ms - 236[0m
2023-06-27 11:03:37 info: [0mPOST /signup [32m201[0m 932.781 ms - 235[0m
2023-06-27 17:18:12 info: [0mPOST /signup [32m201[0m 1481.835 ms - 234[0m
2023-06-27 17:29:48 info: =================================
2023-06-27 17:29:48 info: ======= ENV: development =======
2023-06-27 17:29:48 info: 🚀 App listening on the port 4000
2023-06-27 17:29:48 info: =================================
2023-06-27 17:30:26 info: [0mPOST /signup [32m201[0m 1401.584 ms - 232[0m
2023-06-27 17:30:26 info: [0mGET /users/upload/avatar/cus_O9xmFe2LZNbq4i [33m404[0m 2.202 ms - 177[0m
2023-06-27 17:35:58 info: [0mPOST /signup [32m201[0m 1186.181 ms - 234[0m
2023-06-27 17:35:58 info: [0mGET /users/upload/avatar/cus_O9xrLJE5fnFfvT [33m404[0m 1.111 ms - 177[0m
2023-06-27 17:42:11 info: =================================
2023-06-27 17:42:11 info: ======= ENV: development =======
2023-06-27 17:42:11 info: 🚀 App listening on the port 4000
2023-06-27 17:42:11 info: =================================
2023-06-27 17:42:57 info: [0mPOST /signup [32m201[0m 1252.629 ms - 233[0m
2023-06-27 18:05:56 info: [0mPOST /signup [32m201[0m 1446.377 ms - 234[0m
