2023-06-17 13:01:41 info: =================================
2023-06-17 13:01:41 info: ======= ENV: development =======
2023-06-17 13:01:41 info: 🚀 App listening on the port 4000
2023-06-17 13:01:41 info: =================================
2023-06-17 15:17:43 info: [0mPOST /login [32m200[0m 17001.031 ms - 514[0m
2023-06-17 15:17:44 info: [0mPOST /login [32m200[0m 50663.566 ms - 514[0m
2023-06-17 15:17:44 info: [0mPOST /login [32m200[0m 18632.478 ms - 514[0m
2023-06-17 15:17:44 info: [0mPOST /login [32m200[0m 22621.357 ms - 514[0m
2023-06-17 15:17:47 info: [0mGET /albums/popular [32m201[0m 2598.375 ms - -[0m
2023-06-17 15:17:47 info: [0mGET /albums/categories [32m201[0m 2909.893 ms - 64[0m
2023-06-17 15:17:51 info: [0mGET /albums/category/fjdsregknerujngdifjnigi [32m201[0m 3178.939 ms - -[0m
2023-06-17 15:17:53 info: [0mGET /public/files/albums/Picsart_22-03-01_14-57-46-602pngd17e588bd4bc0d7308d8f6ba2f2ac544d1ea907317062023.png [33m404[0m 274.313 ms - 243[0m
2023-06-17 15:17:53 info: [0mGET /public/files/albums/Picsart_22-03-01_14-57-46-602pnge46dae47e1c4a04c0b00ba5bf00a14b38ed3e9e500062023png [33m404[0m 209.578 ms - 242[0m
2023-06-17 15:17:53 info: [0mGET /public/files/albums/mypicpng9de0ca407278611ad6ee8decd4fd1ea7157b895d35062023.png [32m200[0m 496.630 ms - 606857[0m
2023-06-17 16:59:36 info: [0mPOST /login [32m200[0m 27101.972 ms - 514[0m
2023-06-17 16:59:40 info: [0mGET /albums/categories [32m201[0m 3731.290 ms - 64[0m
2023-06-17 16:59:40 info: [0mGET /albums/popular [32m201[0m 3528.372 ms - -[0m
2023-06-17 16:59:47 info: [0mGET /albums/category/fjdsregknerujngdifjnigi [32m201[0m 6852.841 ms - -[0m
2023-06-17 16:59:48 info: [0mGET /public/files/albums/Picsart_22-03-01_14-57-46-602pnge46dae47e1c4a04c0b00ba5bf00a14b38ed3e9e500062023png [33m404[0m 926.115 ms - 242[0m
2023-06-17 16:59:49 info: [0mGET /public/files/albums/Picsart_22-03-01_14-57-46-602pngd17e588bd4bc0d7308d8f6ba2f2ac544d1ea907317062023.png [33m404[0m 598.995 ms - 243[0m
2023-06-17 17:00:12 info: [0mGET /public/files/albums/mypicpng9de0ca407278611ad6ee8decd4fd1ea7157b895d35062023.png [0m-[0m - ms - -[0m
2023-06-17 17:00:12 info: [0mGET /public/files/albums/Picsart_22-03-01_14-57-46-602pngd17e588bd4bc0d7308d8f6ba2f2ac544d1ea907317062023.png [33m404[0m 357.512 ms - 243[0m
2023-06-17 17:00:12 info: [0mGET /public/files/albums/Picsart_22-03-01_14-57-46-602pnge46dae47e1c4a04c0b00ba5bf00a14b38ed3e9e500062023png [33m404[0m 6.289 ms - 242[0m
2023-06-17 17:00:13 info: [0mGET /public/files/albums/mypicpng9de0ca407278611ad6ee8decd4fd1ea7157b895d35062023.png [32m200[0m 322.032 ms - 606857[0m
2023-06-17 20:08:49 info: =================================
2023-06-17 20:08:49 info: ======= ENV: development =======
2023-06-17 20:08:49 info: 🚀 App listening on the port 4000
2023-06-17 20:08:49 info: =================================
2023-06-17 20:27:12 info: =================================
2023-06-17 20:27:12 info: ======= ENV: development =======
2023-06-17 20:27:12 info: 🚀 App listening on the port 4000
2023-06-17 20:27:12 info: =================================
2023-06-17 20:28:12 info: [0mPOST /login [32m200[0m 2138.792 ms - 514[0m
2023-06-17 20:28:36 info: [0mPOST /login [32m200[0m 965.281 ms - 514[0m
2023-06-17 20:28:42 info: [0mPOST /login [32m200[0m 929.974 ms - 514[0m
2023-06-17 20:30:08 info: [0mGET /albums/categories [32m201[0m 1129.823 ms - 64[0m
2023-06-17 20:30:08 info: [0mGET /albums/popular [32m201[0m 1128.598 ms - -[0m
2023-06-17 20:30:11 info: [0mGET /albums/category/fjdsregknerujngdifjnigi [32m201[0m 3508.509 ms - -[0m
2023-06-17 20:30:12 info: [0mGET /public/files/albums/Picsart_22-03-01_14-57-46-602pnge46dae47e1c4a04c0b00ba5bf00a14b38ed3e9e500062023png [33m404[0m 15.602 ms - 242[0m
2023-06-17 20:30:12 info: [0mGET /public/files/albums/Picsart_22-03-01_14-57-46-602pngd17e588bd4bc0d7308d8f6ba2f2ac544d1ea907317062023.png [33m404[0m 17.248 ms - 243[0m
2023-06-17 20:30:12 info: [0mGET /public/files/albums/mypicpng9de0ca407278611ad6ee8decd4fd1ea7157b895d35062023.png [32m200[0m 72.924 ms - 606857[0m
2023-06-17 20:31:05 info: [0mGET /public/files/albums/Picsart_22-03-01_14-57-46-602pngd17e588bd4bc0d7308d8f6ba2f2ac544d1ea907317062023.png [33m404[0m 5.352 ms - 243[0m
2023-06-17 20:31:05 info: [0mGET /public/files/albums/Picsart_22-03-01_14-57-46-602pnge46dae47e1c4a04c0b00ba5bf00a14b38ed3e9e500062023png [33m404[0m 6.289 ms - 242[0m
2023-06-17 20:31:23 info: [0mGET /albums/categories [32m201[0m 776.433 ms - 64[0m
2023-06-17 20:31:23 info: [0mGET /albums/popular [32m201[0m 780.242 ms - -[0m
2023-06-17 20:31:27 info: [0mGET /albums/category/fjdsregknerujngdifjnigi [32m201[0m 3898.175 ms - -[0m
2023-06-17 20:31:27 info: [0mGET /public/files/albums/Picsart_22-03-01_14-57-46-602pngd17e588bd4bc0d7308d8f6ba2f2ac544d1ea907317062023.png [33m404[0m 2.355 ms - 243[0m
2023-06-17 20:31:27 info: [0mGET /public/files/albums/Picsart_22-03-01_14-57-46-602pnge46dae47e1c4a04c0b00ba5bf00a14b38ed3e9e500062023png [33m404[0m 4.198 ms - 242[0m
2023-06-17 20:31:43 info: [0mGET /albums/categories [32m201[0m 781.816 ms - 64[0m
2023-06-17 20:31:43 info: [0mGET /albums/popular [32m201[0m 795.105 ms - -[0m
2023-06-17 20:31:45 info: [0mGET /albums/category/fjdsregknerujngdifjnigi [32m201[0m 1581.572 ms - -[0m
2023-06-17 20:31:45 info: [0mGET /public/files/albums/Picsart_22-03-01_14-57-46-602pngd17e588bd4bc0d7308d8f6ba2f2ac544d1ea907317062023.png [33m404[0m 3.961 ms - 243[0m
2023-06-17 20:31:45 info: [0mGET /public/files/albums/Picsart_22-03-01_14-57-46-602pnge46dae47e1c4a04c0b00ba5bf00a14b38ed3e9e500062023png [33m404[0m 2.382 ms - 242[0m
2023-06-17 20:32:17 info: [0mGET /albums/categories [32m201[0m 712.078 ms - 64[0m
2023-06-17 20:32:18 info: [0mGET /albums/popular [32m201[0m 1118.524 ms - -[0m
2023-06-17 20:32:21 info: [0mGET /albums/category/fjdsregknerujngdifjnigi [32m201[0m 3075.432 ms - -[0m
2023-06-17 20:32:21 info: [0mGET /public/files/albums/Picsart_22-03-01_14-57-46-602pngd17e588bd4bc0d7308d8f6ba2f2ac544d1ea907317062023.png [33m404[0m 4.994 ms - 243[0m
2023-06-17 20:32:21 info: [0mGET /public/files/albums/Picsart_22-03-01_14-57-46-602pnge46dae47e1c4a04c0b00ba5bf00a14b38ed3e9e500062023png [33m404[0m 6.593 ms - 242[0m
2023-06-17 20:34:28 info: [0mGET /public/files/albums/Picsart_22-03-01_14-57-46-602pngd17e588bd4bc0d7308d8f6ba2f2ac544d1ea907317062023.png [33m404[0m 2.365 ms - 243[0m
2023-06-17 20:34:28 info: [0mGET /public/files/albums/Picsart_22-03-01_14-57-46-602pnge46dae47e1c4a04c0b00ba5bf00a14b38ed3e9e500062023png [33m404[0m 2.415 ms - 242[0m
2023-06-17 20:34:45 info: [0mGET /albums/popular [32m201[0m 1035.013 ms - -[0m
2023-06-17 20:34:45 info: [0mGET /albums/categories [32m201[0m 1058.422 ms - 64[0m
2023-06-17 20:34:47 info: [0mGET /albums/category/fjdsregknerujngdifjnigi [32m201[0m 1996.915 ms - -[0m
2023-06-17 20:34:48 info: [0mGET /public/files/albums/Picsart_22-03-01_14-57-46-602pnge46dae47e1c4a04c0b00ba5bf00a14b38ed3e9e500062023png [33m404[0m 2.236 ms - 242[0m
2023-06-17 20:34:48 info: [0mGET /public/files/albums/Picsart_22-03-01_14-57-46-602pngd17e588bd4bc0d7308d8f6ba2f2ac544d1ea907317062023.png [33m404[0m 3.393 ms - 243[0m
2023-06-17 20:38:10 info: [0mGET /public/files/albums/mypicpngd17e588bd4bc0d7308d8f6ba2f2ac544d1ea907337062023png [33m404[0m 1.952 ms - 218[0m
2023-06-17 20:38:13 info: [0mGET /public/files/albums/Picsart_22-03-01_14-57-46-602pngd17e588bd4bc0d7308d8f6ba2f2ac544d1ea907317062023.png [33m404[0m 4.014 ms - 243[0m
2023-06-17 20:38:13 info: [0mGET /public/files/albums/Picsart_22-03-01_14-57-46-602pnge46dae47e1c4a04c0b00ba5bf00a14b38ed3e9e500062023png [33m404[0m 5.108 ms - 242[0m
2023-06-17 20:39:52 info: [0mGET /public/files/albums/Picsart_22-03-01_14-57-46-602pngd17e588bd4bc0d7308d8f6ba2f2ac544d1ea907317062023.png [33m404[0m 4.964 ms - 243[0m
2023-06-17 20:39:52 info: [0mGET /public/files/albums/Picsart_22-03-01_14-57-46-602pnge46dae47e1c4a04c0b00ba5bf00a14b38ed3e9e500062023png [33m404[0m 2.502 ms - 242[0m
2023-06-17 20:40:10 info: [0mGET /albums/popular [32m201[0m 1210.855 ms - -[0m
2023-06-17 20:40:10 info: [0mGET /albums/categories [32m201[0m 1693.396 ms - 64[0m
2023-06-17 20:40:12 info: [0mGET /albums/category/fjdsregknerujngdifjnigi [32m201[0m 1542.313 ms - -[0m
2023-06-17 20:40:12 info: [0mGET /public/files/albums/Picsart_22-03-01_14-57-46-602pngd17e588bd4bc0d7308d8f6ba2f2ac544d1ea907317062023.png [33m404[0m 4.133 ms - 243[0m
2023-06-17 20:40:12 info: [0mGET /public/files/albums/Picsart_22-03-01_14-57-46-602pnge46dae47e1c4a04c0b00ba5bf00a14b38ed3e9e500062023png [33m404[0m 5.092 ms - 242[0m
2023-06-17 20:40:55 info: [0mGET /albums/popular [32m201[0m 1783.346 ms - -[0m
2023-06-17 20:40:55 info: [0mGET /albums/categories [32m201[0m 1780.850 ms - 64[0m
2023-06-17 20:40:57 info: [0mGET /albums/category/fjdsregknerujngdifjnigi [32m201[0m 2078.434 ms - -[0m
2023-06-17 20:40:57 info: [0mGET /public/files/albums/Picsart_22-03-01_14-57-46-602pnge46dae47e1c4a04c0b00ba5bf00a14b38ed3e9e500062023png [33m404[0m 3.572 ms - 242[0m
2023-06-17 20:40:57 info: [0mGET /public/files/albums/Picsart_22-03-01_14-57-46-602pngd17e588bd4bc0d7308d8f6ba2f2ac544d1ea907317062023.png [33m404[0m 4.700 ms - 243[0m
2023-06-17 20:42:47 info: [0mGET /albums/popular [32m201[0m 1278.305 ms - -[0m
2023-06-17 20:42:47 info: [0mGET /albums/categories [32m201[0m 1432.682 ms - 64[0m
2023-06-17 20:42:51 info: [0mGET /albums/category/fjdsregknerujngdifjnigi [32m201[0m 3087.429 ms - -[0m
2023-06-17 20:42:51 info: [0mGET /public/files/albums/Picsart_22-03-01_14-57-46-602pnge46dae47e1c4a04c0b00ba5bf00a14b38ed3e9e500062023png [33m404[0m 1.980 ms - 242[0m
2023-06-17 20:42:51 info: [0mGET /public/files/albums/Picsart_22-03-01_14-57-46-602pngd17e588bd4bc0d7308d8f6ba2f2ac544d1ea907317062023.png [33m404[0m 5.311 ms - 243[0m
2023-06-17 20:45:26 info: [0mGET /albums/popular [32m201[0m 766.652 ms - -[0m
2023-06-17 20:45:27 info: [0mGET /albums/categories [32m201[0m 761.646 ms - 64[0m
2023-06-17 20:45:28 info: [0mGET /albums/category/fjdsregknerujngdifjnigi [32m201[0m 1584.868 ms - -[0m
2023-06-17 20:45:29 info: [0mGET /public/files/albums/Picsart_22-03-01_14-57-46-602pngd17e588bd4bc0d7308d8f6ba2f2ac544d1ea907317062023.png [33m404[0m 2.466 ms - 243[0m
2023-06-17 20:45:29 info: [0mGET /public/files/albums/Picsart_22-03-01_14-57-46-602pnge46dae47e1c4a04c0b00ba5bf00a14b38ed3e9e500062023png [33m404[0m 34.566 ms - 242[0m
2023-06-17 20:46:11 info: [0mGET /albums/categories [32m201[0m 868.947 ms - 64[0m
2023-06-17 20:46:11 info: [0mGET /albums/popular [32m201[0m 888.170 ms - -[0m
2023-06-17 20:46:12 info: [0mGET /albums/category/fjdsregknerujngdifjnigi [32m201[0m 1483.614 ms - -[0m
2023-06-17 20:46:13 info: [0mGET /public/files/albums/Picsart_22-03-01_14-57-46-602pngd17e588bd4bc0d7308d8f6ba2f2ac544d1ea907317062023.png [33m404[0m 3.249 ms - 243[0m
2023-06-17 20:46:13 info: [0mGET /public/files/albums/Picsart_22-03-01_14-57-46-602pnge46dae47e1c4a04c0b00ba5bf00a14b38ed3e9e500062023png [33m404[0m 4.986 ms - 242[0m
2023-06-17 20:46:36 info: [0mGET /albums/popular [32m201[0m 782.405 ms - -[0m
2023-06-17 20:46:36 info: [0mGET /albums/categories [32m201[0m 823.819 ms - 64[0m
2023-06-17 20:46:37 info: [0mGET /albums/category/fjdsregknerujngdifjnigi [32m201[0m 1507.392 ms - -[0m
2023-06-17 20:46:38 info: [0mGET /public/files/albums/Picsart_22-03-01_14-57-46-602pnge46dae47e1c4a04c0b00ba5bf00a14b38ed3e9e500062023png [33m404[0m 1.547 ms - 242[0m
2023-06-17 20:46:38 info: [0mGET /public/files/albums/Picsart_22-03-01_14-57-46-602pngd17e588bd4bc0d7308d8f6ba2f2ac544d1ea907317062023.png [33m404[0m 2.110 ms - 243[0m
2023-06-17 20:46:53 info: [0mGET /albums/categories [32m201[0m 773.896 ms - 64[0m
2023-06-17 20:46:53 info: [0mGET /albums/popular [32m201[0m 798.234 ms - -[0m
2023-06-17 20:46:55 info: [0mGET /albums/category/fjdsregknerujngdifjnigi [32m201[0m 1578.617 ms - -[0m
2023-06-17 20:46:55 info: [0mGET /public/files/albums/Picsart_22-03-01_14-57-46-602pngd17e588bd4bc0d7308d8f6ba2f2ac544d1ea907317062023.png [33m404[0m 1.414 ms - 243[0m
2023-06-17 20:46:55 info: [0mGET /public/files/albums/Picsart_22-03-01_14-57-46-602pnge46dae47e1c4a04c0b00ba5bf00a14b38ed3e9e500062023png [33m404[0m 2.875 ms - 242[0m
2023-06-17 20:49:39 info: [0mGET /albums/categories [32m201[0m 825.218 ms - 64[0m
2023-06-17 20:49:39 info: [0mGET /albums/popular [32m201[0m 845.217 ms - -[0m
2023-06-17 20:49:41 info: [0mGET /albums/category/fjdsregknerujngdifjnigi [32m201[0m 1585.566 ms - -[0m
2023-06-17 20:49:41 info: [0mGET /public/files/albums/Picsart_22-03-01_14-57-46-602pnge46dae47e1c4a04c0b00ba5bf00a14b38ed3e9e500062023png [33m404[0m 3.526 ms - 242[0m
2023-06-17 20:49:41 info: [0mGET /public/files/albums/Picsart_22-03-01_14-57-46-602pngd17e588bd4bc0d7308d8f6ba2f2ac544d1ea907317062023.png [33m404[0m 4.568 ms - 243[0m
2023-06-17 20:50:04 info: [0mGET /albums/categories [32m201[0m 800.271 ms - 64[0m
2023-06-17 20:50:04 info: [0mGET /albums/popular [32m201[0m 824.707 ms - -[0m
2023-06-17 20:50:05 info: [0mGET /albums/category/fjdsregknerujngdifjnigi [32m201[0m 1495.694 ms - -[0m
2023-06-17 20:50:06 info: [0mGET /public/files/albums/Picsart_22-03-01_14-57-46-602pngd17e588bd4bc0d7308d8f6ba2f2ac544d1ea907317062023.png [33m404[0m 2.211 ms - 243[0m
2023-06-17 20:50:06 info: [0mGET /public/files/albums/Picsart_22-03-01_14-57-46-602pnge46dae47e1c4a04c0b00ba5bf00a14b38ed3e9e500062023png [33m404[0m 6.546 ms - 242[0m
2023-06-17 20:52:19 info: [0mGET /albums/popular [32m201[0m 780.506 ms - -[0m
2023-06-17 20:52:19 info: [0mGET /albums/categories [32m201[0m 795.919 ms - 64[0m
2023-06-17 20:52:21 info: [0mGET /albums/category/fjdsregknerujngdifjnigi [32m201[0m 1495.402 ms - -[0m
2023-06-17 20:52:21 info: [0mGET /public/files/albums/Picsart_22-03-01_14-57-46-602pngd17e588bd4bc0d7308d8f6ba2f2ac544d1ea907317062023.png [33m404[0m 4.883 ms - 243[0m
2023-06-17 20:52:21 info: [0mGET /public/files/albums/Picsart_22-03-01_14-57-46-602pnge46dae47e1c4a04c0b00ba5bf00a14b38ed3e9e500062023png [33m404[0m 4.323 ms - 242[0m
2023-06-17 20:53:05 info: [0mGET /albums/categories [32m201[0m 798.587 ms - 64[0m
2023-06-17 20:53:06 info: [0mGET /albums/popular [32m201[0m 814.125 ms - -[0m
2023-06-17 20:53:07 info: [0mGET /albums/category/fjdsregknerujngdifjnigi [32m201[0m 1644.447 ms - -[0m
2023-06-17 20:53:08 info: [0mGET /public/files/albums/Picsart_22-03-01_14-57-46-602pnge46dae47e1c4a04c0b00ba5bf00a14b38ed3e9e500062023png [33m404[0m 3.799 ms - 242[0m
2023-06-17 20:53:08 info: [0mGET /public/files/albums/Picsart_22-03-01_14-57-46-602pngd17e588bd4bc0d7308d8f6ba2f2ac544d1ea907317062023.png [33m404[0m 8.276 ms - 243[0m
2023-06-17 20:53:41 info: [0mGET /albums/popular [32m201[0m 2083.466 ms - -[0m
2023-06-17 20:53:41 info: [0mGET /albums/categories [32m201[0m 2104.711 ms - 64[0m
2023-06-17 20:53:44 info: [0mGET /albums/category/fjdsregknerujngdifjnigi [32m201[0m 2863.116 ms - -[0m
2023-06-17 20:53:45 info: [0mGET /public/files/albums/Picsart_22-03-01_14-57-46-602pngd17e588bd4bc0d7308d8f6ba2f2ac544d1ea907317062023.png [33m404[0m 3.596 ms - 243[0m
2023-06-17 20:53:45 info: [0mGET /public/files/albums/Picsart_22-03-01_14-57-46-602pnge46dae47e1c4a04c0b00ba5bf00a14b38ed3e9e500062023png [33m404[0m 4.566 ms - 242[0m
2023-06-17 20:56:06 info: [0mGET /albums/categories [32m201[0m 827.261 ms - 64[0m
2023-06-17 20:56:06 info: [0mGET /albums/popular [32m201[0m 829.908 ms - -[0m
2023-06-17 20:56:08 info: [0mGET /albums/category/fjdsregknerujngdifjnigi [32m201[0m 1587.896 ms - -[0m
2023-06-17 20:56:08 info: [0mGET /public/files/albums/Picsart_22-03-01_14-57-46-602pngd17e588bd4bc0d7308d8f6ba2f2ac544d1ea907317062023.png [33m404[0m 2.547 ms - 243[0m
2023-06-17 20:56:08 info: [0mGET /public/files/albums/Picsart_22-03-01_14-57-46-602pnge46dae47e1c4a04c0b00ba5bf00a14b38ed3e9e500062023png [33m404[0m 1.755 ms - 242[0m
2023-06-17 20:56:46 info: [0mGET /albums/categories [32m201[0m 806.704 ms - 64[0m
2023-06-17 20:56:46 info: [0mGET /albums/popular [32m201[0m 840.434 ms - -[0m
2023-06-17 20:56:49 info: [0mGET /albums/category/fjdsregknerujngdifjnigi [32m201[0m 2397.995 ms - -[0m
2023-06-17 20:56:49 info: [0mGET /public/files/albums/Picsart_22-03-01_14-57-46-602pnge46dae47e1c4a04c0b00ba5bf00a14b38ed3e9e500062023png [33m404[0m 4.189 ms - 242[0m
2023-06-17 20:56:49 info: [0mGET /public/files/albums/Picsart_22-03-01_14-57-46-602pngd17e588bd4bc0d7308d8f6ba2f2ac544d1ea907317062023.png [33m404[0m 4.497 ms - 243[0m
2023-06-17 20:57:06 info: [0mGET /albums/popular [0m-[0m - ms - -[0m
2023-06-17 20:57:06 info: [0mGET /albums/categories [0m-[0m - ms - -[0m
2023-06-17 20:57:20 info: [0mGET /albums/popular [32m201[0m 854.468 ms - -[0m
2023-06-17 20:57:20 info: [0mGET /albums/categories [32m201[0m 849.723 ms - 64[0m
2023-06-17 20:57:21 info: [0mGET /albums/category/fjdsregknerujngdifjnigi [32m201[0m 1665.644 ms - -[0m
2023-06-17 20:57:22 info: [0mGET /public/files/albums/Picsart_22-03-01_14-57-46-602pngd17e588bd4bc0d7308d8f6ba2f2ac544d1ea907317062023.png [33m404[0m 2.977 ms - 243[0m
2023-06-17 20:57:22 info: [0mGET /public/files/albums/Picsart_22-03-01_14-57-46-602pnge46dae47e1c4a04c0b00ba5bf00a14b38ed3e9e500062023png [33m404[0m 4.466 ms - 242[0m
2023-06-17 20:57:49 info: [0mGET /albums/categories [32m201[0m 1161.358 ms - 64[0m
2023-06-17 20:57:49 info: [0mGET /albums/popular [32m201[0m 1182.428 ms - -[0m
2023-06-17 20:57:51 info: [0mGET /albums/category/fjdsregknerujngdifjnigi [32m201[0m 2219.502 ms - -[0m
2023-06-17 20:57:52 info: [0mGET /public/files/albums/Picsart_22-03-01_14-57-46-602pngd17e588bd4bc0d7308d8f6ba2f2ac544d1ea907317062023.png [33m404[0m 1.349 ms - 243[0m
2023-06-17 20:57:52 info: [0mGET /public/files/albums/Picsart_22-03-01_14-57-46-602pnge46dae47e1c4a04c0b00ba5bf00a14b38ed3e9e500062023png [33m404[0m 2.177 ms - 242[0m
2023-06-17 20:58:36 info: [0mGET /albums/categories [32m201[0m 1190.536 ms - 64[0m
2023-06-17 20:58:36 info: [0mGET /albums/popular [32m201[0m 1197.410 ms - -[0m
2023-06-17 20:58:38 info: [0mGET /albums/category/fjdsregknerujngdifjnigi [32m201[0m 1828.717 ms - -[0m
2023-06-17 20:58:38 info: [0mGET /public/files/albums/Picsart_22-03-01_14-57-46-602pngd17e588bd4bc0d7308d8f6ba2f2ac544d1ea907317062023.png [33m404[0m 1.559 ms - 243[0m
2023-06-17 20:58:38 info: [0mGET /public/files/albums/Picsart_22-03-01_14-57-46-602pnge46dae47e1c4a04c0b00ba5bf00a14b38ed3e9e500062023png [33m404[0m 2.502 ms - 242[0m
2023-06-17 20:59:18 info: [0mGET /albums/popular [32m201[0m 2671.381 ms - -[0m
2023-06-17 20:59:20 info: [0mGET /albums/categories [32m201[0m 4306.141 ms - 64[0m
2023-06-17 20:59:24 info: [0mGET /albums/category/fjdsregknerujngdifjnigi [32m201[0m 4244.543 ms - -[0m
2023-06-17 20:59:24 info: [0mGET /public/files/albums/Picsart_22-03-01_14-57-46-602pnge46dae47e1c4a04c0b00ba5bf00a14b38ed3e9e500062023png [33m404[0m 2.703 ms - 242[0m
2023-06-17 20:59:25 info: [0mGET /public/files/albums/Picsart_22-03-01_14-57-46-602pngd17e588bd4bc0d7308d8f6ba2f2ac544d1ea907317062023.png [33m404[0m 4.030 ms - 243[0m
2023-06-17 21:00:39 info: [0mGET /albums/categories [32m201[0m 1478.049 ms - 64[0m
2023-06-17 21:00:39 info: [0mGET /albums/popular [32m201[0m 1624.333 ms - -[0m
2023-06-17 21:00:44 info: [0mGET /albums/category/fjdsregknerujngdifjnigi [32m201[0m 5323.363 ms - -[0m
2023-06-17 21:00:45 info: [0mGET /public/files/albums/Picsart_22-03-01_14-57-46-602pngd17e588bd4bc0d7308d8f6ba2f2ac544d1ea907317062023.png [33m404[0m 1.755 ms - 243[0m
2023-06-17 21:00:45 info: [0mGET /public/files/albums/Picsart_22-03-01_14-57-46-602pnge46dae47e1c4a04c0b00ba5bf00a14b38ed3e9e500062023png [33m404[0m 2.072 ms - 242[0m
2023-06-17 21:02:21 info: [0mGET /public/files/albums/Picsart_22-03-01_14-57-46-602pnge46dae47e1c4a04c0b00ba5bf00a14b38ed3e9e500062023png [33m404[0m 4.418 ms - 242[0m
2023-06-17 21:02:21 info: [0mGET /public/files/albums/Picsart_22-03-01_14-57-46-602pngd17e588bd4bc0d7308d8f6ba2f2ac544d1ea907317062023.png [33m404[0m 51.919 ms - 243[0m
2023-06-17 21:02:36 info: [0mGET /albums/categories [32m201[0m 784.389 ms - 64[0m
2023-06-17 21:02:36 info: [0mGET /albums/popular [32m201[0m 821.923 ms - -[0m
2023-06-17 21:02:38 info: [0mGET /albums/category/fjdsregknerujngdifjnigi [32m201[0m 1457.141 ms - -[0m
2023-06-17 21:02:38 info: [0mGET /public/files/albums/Picsart_22-03-01_14-57-46-602pngd17e588bd4bc0d7308d8f6ba2f2ac544d1ea907317062023.png [33m404[0m 2.966 ms - 243[0m
2023-06-17 21:02:38 info: [0mGET /public/files/albums/Picsart_22-03-01_14-57-46-602pnge46dae47e1c4a04c0b00ba5bf00a14b38ed3e9e500062023png [33m404[0m 4.283 ms - 242[0m
2023-06-17 21:06:47 info: [0mGET /public/files/albums/Picsart_22-03-01_14-57-46-602pngd17e588bd4bc0d7308d8f6ba2f2ac544d1ea907317062023.png [33m404[0m 2.353 ms - 243[0m
2023-06-17 21:06:47 info: [0mGET /public/files/albums/Picsart_22-03-01_14-57-46-602pnge46dae47e1c4a04c0b00ba5bf00a14b38ed3e9e500062023png [33m404[0m 5.250 ms - 242[0m
2023-06-17 21:08:10 info: [0mGET /albums/popular [32m201[0m 2279.847 ms - -[0m
2023-06-17 21:08:10 info: [0mGET /albums/categories [32m201[0m 2397.852 ms - 64[0m
2023-06-17 21:08:14 info: [0mGET /albums/category/fjdsregknerujngdifjnigi [32m201[0m 3810.180 ms - -[0m
2023-06-17 21:08:14 info: [0mGET /public/files/albums/Picsart_22-03-01_14-57-46-602pnge46dae47e1c4a04c0b00ba5bf00a14b38ed3e9e500062023png [33m404[0m 2.219 ms - 242[0m
2023-06-17 21:08:14 info: [0mGET /public/files/albums/Picsart_22-03-01_14-57-46-602pngd17e588bd4bc0d7308d8f6ba2f2ac544d1ea907317062023.png [33m404[0m 2.066 ms - 243[0m
2023-06-17 21:09:31 info: [0mGET /albums/categories [32m201[0m 2184.226 ms - 64[0m
2023-06-17 21:09:32 info: [0mGET /albums/popular [32m201[0m 2431.973 ms - -[0m
2023-06-17 21:09:37 info: [0mGET /albums/category/fjdsregknerujngdifjnigi [32m201[0m 5294.460 ms - -[0m
2023-06-17 21:09:37 info: [0mGET /public/files/albums/Picsart_22-03-01_14-57-46-602pnge46dae47e1c4a04c0b00ba5bf00a14b38ed3e9e500062023png [33m404[0m 4.944 ms - 242[0m
2023-06-17 21:09:37 info: [0mGET /public/files/albums/Picsart_22-03-01_14-57-46-602pngd17e588bd4bc0d7308d8f6ba2f2ac544d1ea907317062023.png [33m404[0m 5.347 ms - 243[0m
2023-06-17 21:11:57 info: [0mGET /albums/popular [32m201[0m 1732.218 ms - -[0m
2023-06-17 21:11:57 info: [0mGET /albums/categories [32m201[0m 1873.232 ms - 64[0m
2023-06-17 21:12:01 info: [0mGET /albums/category/fjdsregknerujngdifjnigi [32m201[0m 3110.294 ms - -[0m
2023-06-17 21:12:01 info: [0mGET /public/files/albums/Picsart_22-03-01_14-57-46-602pngd17e588bd4bc0d7308d8f6ba2f2ac544d1ea907317062023.png [33m404[0m 2.171 ms - 243[0m
2023-06-17 21:12:01 info: [0mGET /public/files/albums/Picsart_22-03-01_14-57-46-602pnge46dae47e1c4a04c0b00ba5bf00a14b38ed3e9e500062023png [33m404[0m 2.403 ms - 242[0m
2023-06-17 21:12:39 info: [0mGET /albums/categories [32m201[0m 1327.025 ms - 64[0m
2023-06-17 21:12:39 info: [0mGET /albums/popular [32m201[0m 1579.436 ms - -[0m
2023-06-17 21:12:41 info: [0mGET /albums/category/fjdsregknerujngdifjnigi [32m201[0m 1840.883 ms - -[0m
2023-06-17 21:12:41 info: [0mGET /public/files/albums/Picsart_22-03-01_14-57-46-602pnge46dae47e1c4a04c0b00ba5bf00a14b38ed3e9e500062023png [33m404[0m 2.073 ms - 242[0m
2023-06-17 21:12:41 info: [0mGET /public/files/albums/Picsart_22-03-01_14-57-46-602pngd17e588bd4bc0d7308d8f6ba2f2ac544d1ea907317062023.png [33m404[0m 2.202 ms - 243[0m
2023-06-17 21:13:37 info: [0mGET /albums/popular [32m201[0m 888.542 ms - -[0m
2023-06-17 21:13:37 info: [0mGET /albums/categories [32m201[0m 876.704 ms - 64[0m
2023-06-17 21:13:39 info: [0mGET /albums/category/fjdsregknerujngdifjnigi [32m201[0m 1678.463 ms - -[0m
2023-06-17 21:13:39 info: [0mGET /public/files/albums/Picsart_22-03-01_14-57-46-602pngd17e588bd4bc0d7308d8f6ba2f2ac544d1ea907317062023.png [33m404[0m 2.211 ms - 243[0m
2023-06-17 21:13:39 info: [0mGET /public/files/albums/Picsart_22-03-01_14-57-46-602pnge46dae47e1c4a04c0b00ba5bf00a14b38ed3e9e500062023png [33m404[0m 3.826 ms - 242[0m
2023-06-17 21:15:33 info: [0mGET /public/files/albums/Picsart_22-03-01_14-57-46-602pnge46dae47e1c4a04c0b00ba5bf00a14b38ed3e9e500062023png [33m404[0m 3.502 ms - 242[0m
2023-06-17 21:15:33 info: [0mGET /public/files/albums/Picsart_22-03-01_14-57-46-602pngd17e588bd4bc0d7308d8f6ba2f2ac544d1ea907317062023.png [33m404[0m 4.981 ms - 243[0m
2023-06-17 21:15:51 info: [0mGET /albums/categories [32m201[0m 1563.343 ms - 64[0m
2023-06-17 21:15:53 info: [0mGET /albums/popular [32m201[0m 4304.548 ms - -[0m
2023-06-17 21:15:55 info: [0mGET /albums/category/fjdsregknerujngdifjnigi [32m201[0m 3749.506 ms - -[0m
2023-06-17 21:15:55 info: [0mGET /public/files/albums/Picsart_22-03-01_14-57-46-602pngd17e588bd4bc0d7308d8f6ba2f2ac544d1ea907317062023.png [33m404[0m 1.972 ms - 243[0m
2023-06-17 21:15:55 info: [0mGET /public/files/albums/Picsart_22-03-01_14-57-46-602pnge46dae47e1c4a04c0b00ba5bf00a14b38ed3e9e500062023png [33m404[0m 2.489 ms - 242[0m
2023-06-17 21:16:37 info: [0mGET /albums/categories [32m201[0m 809.187 ms - 64[0m
2023-06-17 21:16:37 info: [0mGET /albums/popular [32m201[0m 824.150 ms - -[0m
2023-06-17 21:16:39 info: [0mGET /albums/category/fjdsregknerujngdifjnigi [32m201[0m 1494.169 ms - -[0m
2023-06-17 21:16:39 info: [0mGET /public/files/albums/Picsart_22-03-01_14-57-46-602pngd17e588bd4bc0d7308d8f6ba2f2ac544d1ea907317062023.png [33m404[0m 3.720 ms - 243[0m
2023-06-17 21:16:39 info: [0mGET /public/files/albums/Picsart_22-03-01_14-57-46-602pnge46dae47e1c4a04c0b00ba5bf00a14b38ed3e9e500062023png [33m404[0m 4.772 ms - 242[0m
2023-06-17 21:17:32 info: [0mGET /albums/popular [32m201[0m 879.127 ms - -[0m
2023-06-17 21:17:32 info: [0mGET /albums/categories [32m201[0m 877.493 ms - 64[0m
2023-06-17 21:17:34 info: [0mGET /albums/category/fjdsregknerujngdifjnigi [32m201[0m 1610.845 ms - -[0m
2023-06-17 21:17:34 info: [0mGET /public/files/albums/Picsart_22-03-01_14-57-46-602pnge46dae47e1c4a04c0b00ba5bf00a14b38ed3e9e500062023png [33m404[0m 6.119 ms - 242[0m
2023-06-17 21:17:34 info: [0mGET /public/files/albums/Picsart_22-03-01_14-57-46-602pngd17e588bd4bc0d7308d8f6ba2f2ac544d1ea907317062023.png [33m404[0m 4.596 ms - 243[0m
2023-06-17 21:19:15 info: [0mGET /albums/popular [32m201[0m 795.881 ms - -[0m
2023-06-17 21:19:15 info: [0mGET /albums/categories [32m201[0m 795.605 ms - 64[0m
2023-06-17 21:19:16 info: [0mGET /albums/category/fjdsregknerujngdifjnigi [32m201[0m 1500.843 ms - -[0m
2023-06-17 21:19:17 info: [0mGET /public/files/albums/Picsart_22-03-01_14-57-46-602pnge46dae47e1c4a04c0b00ba5bf00a14b38ed3e9e500062023png [33m404[0m 1.409 ms - 242[0m
2023-06-17 21:19:17 info: [0mGET /public/files/albums/Picsart_22-03-01_14-57-46-602pngd17e588bd4bc0d7308d8f6ba2f2ac544d1ea907317062023.png [33m404[0m 1.411 ms - 243[0m
2023-06-17 21:20:07 info: [0mGET /albums/categories [32m201[0m 742.505 ms - 64[0m
2023-06-17 21:20:07 info: [0mGET /albums/popular [32m201[0m 794.950 ms - -[0m
2023-06-17 21:20:08 info: [0mGET /albums/category/fjdsregknerujngdifjnigi [32m201[0m 1524.463 ms - -[0m
2023-06-17 21:20:09 info: [0mGET /public/files/albums/Picsart_22-03-01_14-57-46-602pngd17e588bd4bc0d7308d8f6ba2f2ac544d1ea907317062023.png [33m404[0m 2.357 ms - 243[0m
2023-06-17 21:20:09 info: [0mGET /public/files/albums/Picsart_22-03-01_14-57-46-602pnge46dae47e1c4a04c0b00ba5bf00a14b38ed3e9e500062023png [33m404[0m 3.971 ms - 242[0m
2023-06-17 21:21:38 info: [0mGET /albums/categories [32m201[0m 982.452 ms - 64[0m
2023-06-17 21:21:38 info: [0mGET /albums/popular [32m201[0m 1025.338 ms - -[0m
2023-06-17 21:21:40 info: [0mGET /albums/category/fjdsregknerujngdifjnigi [32m201[0m 1489.274 ms - -[0m
2023-06-17 21:21:40 info: [0mGET /public/files/albums/Picsart_22-03-01_14-57-46-602pngd17e588bd4bc0d7308d8f6ba2f2ac544d1ea907317062023.png [33m404[0m 1.502 ms - 243[0m
2023-06-17 21:21:40 info: [0mGET /public/files/albums/Picsart_22-03-01_14-57-46-602pnge46dae47e1c4a04c0b00ba5bf00a14b38ed3e9e500062023png [33m404[0m 1.767 ms - 242[0m
2023-06-17 21:22:10 info: [0mGET /albums/popular [32m201[0m 803.935 ms - -[0m
2023-06-17 21:22:10 info: [0mGET /albums/categories [32m201[0m 853.879 ms - 64[0m
2023-06-17 21:22:12 info: [0mGET /albums/category/fjdsregknerujngdifjnigi [32m201[0m 1546.942 ms - -[0m
2023-06-17 21:22:12 info: [0mGET /public/files/albums/Picsart_22-03-01_14-57-46-602pnge46dae47e1c4a04c0b00ba5bf00a14b38ed3e9e500062023png [33m404[0m 3.410 ms - 242[0m
2023-06-17 21:22:12 info: [0mGET /public/files/albums/Picsart_22-03-01_14-57-46-602pngd17e588bd4bc0d7308d8f6ba2f2ac544d1ea907317062023.png [33m404[0m 4.895 ms - 243[0m
2023-06-17 21:24:26 info: [0mGET /albums/popular [32m201[0m 774.348 ms - -[0m
2023-06-17 21:24:26 info: [0mGET /albums/categories [32m201[0m 801.573 ms - 64[0m
2023-06-17 21:24:28 info: [0mGET /albums/category/fjdsregknerujngdifjnigi [32m201[0m 1478.127 ms - -[0m
2023-06-17 21:24:28 info: [0mGET /public/files/albums/Picsart_22-03-01_14-57-46-602pngd17e588bd4bc0d7308d8f6ba2f2ac544d1ea907317062023.png [33m404[0m 1.635 ms - 243[0m
2023-06-17 21:24:28 info: [0mGET /public/files/albums/Picsart_22-03-01_14-57-46-602pnge46dae47e1c4a04c0b00ba5bf00a14b38ed3e9e500062023png [33m404[0m 1.916 ms - 242[0m
2023-06-17 21:25:17 info: [0mGET /albums/categories [32m201[0m 728.658 ms - 64[0m
2023-06-17 21:25:17 info: [0mGET /albums/popular [32m201[0m 768.310 ms - -[0m
2023-06-17 21:25:19 info: [0mGET /albums/category/fjdsregknerujngdifjnigi [32m201[0m 1527.611 ms - -[0m
2023-06-17 21:25:19 info: [0mGET /public/files/albums/Picsart_22-03-01_14-57-46-602pngd17e588bd4bc0d7308d8f6ba2f2ac544d1ea907317062023.png [33m404[0m 2.737 ms - 243[0m
2023-06-17 21:25:19 info: [0mGET /public/files/albums/Picsart_22-03-01_14-57-46-602pnge46dae47e1c4a04c0b00ba5bf00a14b38ed3e9e500062023png [33m404[0m 4.701 ms - 242[0m
2023-06-17 21:25:48 info: [0mGET /albums/categories [32m201[0m 824.689 ms - 64[0m
2023-06-17 21:25:48 info: [0mGET /albums/popular [32m201[0m 847.015 ms - -[0m
2023-06-17 21:25:50 info: [0mGET /albums/category/fjdsregknerujngdifjnigi [32m201[0m 1797.874 ms - -[0m
2023-06-17 21:26:03 info: [0mGET /albums/popular [32m201[0m 697.026 ms - -[0m
2023-06-17 21:26:03 info: [0mGET /albums/categories [32m201[0m 693.049 ms - 64[0m
2023-06-17 21:26:05 info: [0mGET /albums/category/fjdsregknerujngdifjnigi [32m201[0m 1780.417 ms - -[0m
2023-06-17 21:26:06 info: [0mGET /public/files/albums/Picsart_22-03-01_14-57-46-602pngd17e588bd4bc0d7308d8f6ba2f2ac544d1ea907317062023.png [33m404[0m 2.787 ms - 243[0m
2023-06-17 21:26:06 info: [0mGET /public/files/albums/Picsart_22-03-01_14-57-46-602pnge46dae47e1c4a04c0b00ba5bf00a14b38ed3e9e500062023png [33m404[0m 3.584 ms - 242[0m
2023-06-17 21:26:30 info: [0mGET /albums/popular [32m201[0m 728.074 ms - -[0m
2023-06-17 21:26:30 info: [0mGET /albums/categories [32m201[0m 718.727 ms - 64[0m
2023-06-17 21:26:32 info: [0mGET /albums/category/fjdsregknerujngdifjnigi [32m201[0m 1517.550 ms - -[0m
2023-06-17 21:26:33 info: [0mGET /public/files/albums/Picsart_22-03-01_14-57-46-602pngd17e588bd4bc0d7308d8f6ba2f2ac544d1ea907317062023.png [33m404[0m 2.692 ms - 243[0m
2023-06-17 21:26:33 info: [0mGET /public/files/albums/Picsart_22-03-01_14-57-46-602pnge46dae47e1c4a04c0b00ba5bf00a14b38ed3e9e500062023png [33m404[0m 1.962 ms - 242[0m
2023-06-17 21:27:18 info: [0mGET /albums/popular [32m201[0m 789.752 ms - -[0m
2023-06-17 21:27:18 info: [0mGET /albums/categories [32m201[0m 798.156 ms - 64[0m
2023-06-17 21:27:20 info: [0mGET /albums/category/fjdsregknerujngdifjnigi [32m201[0m 1447.608 ms - -[0m
2023-06-17 21:27:20 info: [0mGET /public/files/albums/Picsart_22-03-01_14-57-46-602pngd17e588bd4bc0d7308d8f6ba2f2ac544d1ea907317062023.png [33m404[0m 1.692 ms - 243[0m
2023-06-17 21:27:20 info: [0mGET /public/files/albums/Picsart_22-03-01_14-57-46-602pnge46dae47e1c4a04c0b00ba5bf00a14b38ed3e9e500062023png [33m404[0m 2.276 ms - 242[0m
2023-06-17 21:27:36 info: [0mGET /albums/popular [32m201[0m 785.330 ms - -[0m
2023-06-17 21:27:36 info: [0mGET /albums/categories [32m201[0m 778.967 ms - 64[0m
2023-06-17 21:27:38 info: [0mGET /albums/category/fjdsregknerujngdifjnigi [32m201[0m 1538.450 ms - -[0m
2023-06-17 21:27:38 info: [0mGET /public/files/albums/Picsart_22-03-01_14-57-46-602pngd17e588bd4bc0d7308d8f6ba2f2ac544d1ea907317062023.png [33m404[0m 1.521 ms - 243[0m
2023-06-17 21:27:38 info: [0mGET /public/files/albums/Picsart_22-03-01_14-57-46-602pnge46dae47e1c4a04c0b00ba5bf00a14b38ed3e9e500062023png [33m404[0m 2.063 ms - 242[0m
2023-06-17 21:27:55 info: [0mGET /albums/popular [32m201[0m 788.956 ms - -[0m
2023-06-17 21:27:55 info: [0mGET /albums/categories [32m201[0m 780.298 ms - 64[0m
2023-06-17 21:27:57 info: [0mGET /albums/category/fjdsregknerujngdifjnigi [32m201[0m 1464.882 ms - -[0m
2023-06-17 21:27:57 info: [0mGET /public/files/albums/Picsart_22-03-01_14-57-46-602pngd17e588bd4bc0d7308d8f6ba2f2ac544d1ea907317062023.png [33m404[0m 2.986 ms - 243[0m
2023-06-17 21:27:57 info: [0mGET /public/files/albums/Picsart_22-03-01_14-57-46-602pnge46dae47e1c4a04c0b00ba5bf00a14b38ed3e9e500062023png [33m404[0m 3.894 ms - 242[0m
2023-06-17 21:29:16 info: [0mGET /albums/categories [32m201[0m 798.404 ms - 64[0m
2023-06-17 21:29:16 info: [0mGET /albums/popular [32m201[0m 833.695 ms - -[0m
2023-06-17 21:29:18 info: [0mGET /albums/category/fjdsregknerujngdifjnigi [32m201[0m 1511.184 ms - -[0m
2023-06-17 21:29:18 info: [0mGET /public/files/albums/Picsart_22-03-01_14-57-46-602pngd17e588bd4bc0d7308d8f6ba2f2ac544d1ea907317062023.png [33m404[0m 5.045 ms - 243[0m
2023-06-17 21:29:18 info: [0mGET /public/files/albums/Picsart_22-03-01_14-57-46-602pnge46dae47e1c4a04c0b00ba5bf00a14b38ed3e9e500062023png [33m404[0m 4.010 ms - 242[0m
2023-06-17 21:29:42 info: [0mGET /albums/categories [32m201[0m 810.930 ms - 64[0m
2023-06-17 21:29:42 info: [0mGET /albums/popular [32m201[0m 813.132 ms - -[0m
2023-06-17 21:29:43 info: [0mGET /albums/category/fjdsregknerujngdifjnigi [32m201[0m 1468.725 ms - -[0m
2023-06-17 21:29:44 info: [0mGET /public/files/albums/Picsart_22-03-01_14-57-46-602pngd17e588bd4bc0d7308d8f6ba2f2ac544d1ea907317062023.png [33m404[0m 1.522 ms - 243[0m
2023-06-17 21:29:44 info: [0mGET /public/files/albums/Picsart_22-03-01_14-57-46-602pnge46dae47e1c4a04c0b00ba5bf00a14b38ed3e9e500062023png [33m404[0m 1.731 ms - 242[0m
2023-06-17 21:36:25 info: [0mGET /albums/categories [32m201[0m 812.741 ms - 64[0m
2023-06-17 21:36:25 info: [0mGET /albums/popular [32m201[0m 815.969 ms - -[0m
2023-06-17 21:36:27 info: [0mGET /albums/category/fjdsregknerujngdifjnigi [32m201[0m 1646.093 ms - -[0m
2023-06-17 21:36:27 info: [0mGET /public/files/albums/Picsart_22-03-01_14-57-46-602pnge46dae47e1c4a04c0b00ba5bf00a14b38ed3e9e500062023png [33m404[0m 1.306 ms - 242[0m
2023-06-17 21:36:27 info: [0mGET /public/files/albums/Picsart_22-03-01_14-57-46-602pngd17e588bd4bc0d7308d8f6ba2f2ac544d1ea907317062023.png [33m404[0m 2.321 ms - 243[0m
2023-06-17 21:37:39 info: [0mGET /public/files/albums/Picsart_22-03-01_14-57-46-602pngd17e588bd4bc0d7308d8f6ba2f2ac544d1ea907317062023.png [33m404[0m 6.584 ms - 243[0m
2023-06-17 21:37:39 info: [0mGET /public/files/albums/Picsart_22-03-01_14-57-46-602pnge46dae47e1c4a04c0b00ba5bf00a14b38ed3e9e500062023png [33m404[0m 8.053 ms - 242[0m
2023-06-17 21:37:40 info: [0mGET /albums/popular [32m201[0m 787.238 ms - -[0m
2023-06-17 21:37:40 info: [0mGET /albums/categories [32m201[0m 797.309 ms - 64[0m
2023-06-17 21:37:41 info: [0mGET /albums/category/fjdsregknerujngdifjnigi [32m201[0m 1647.844 ms - -[0m
2023-06-17 21:37:50 info: [0mGET /albums/popular [32m201[0m 937.884 ms - -[0m
2023-06-17 21:37:50 info: [0mGET /albums/categories [32m201[0m 938.731 ms - 64[0m
2023-06-17 21:37:52 info: [0mGET /albums/category/fjdsregknerujngdifjnigi [32m201[0m 1553.351 ms - -[0m
2023-06-17 21:37:52 info: [0mGET /public/files/albums/Picsart_22-03-01_14-57-46-602pngd17e588bd4bc0d7308d8f6ba2f2ac544d1ea907317062023.png [33m404[0m 3.441 ms - 243[0m
2023-06-17 21:37:52 info: [0mGET /public/files/albums/Picsart_22-03-01_14-57-46-602pnge46dae47e1c4a04c0b00ba5bf00a14b38ed3e9e500062023png [33m404[0m 4.414 ms - 242[0m
2023-06-17 21:37:59 info: [0mGET /public/files/albums/Picsart_22-03-01_14-57-46-602pngd17e588bd4bc0d7308d8f6ba2f2ac544d1ea907317062023.png [33m404[0m 4.331 ms - 243[0m
2023-06-17 21:37:59 info: [0mGET /public/files/albums/Picsart_22-03-01_14-57-46-602pnge46dae47e1c4a04c0b00ba5bf00a14b38ed3e9e500062023png [33m404[0m 4.167 ms - 242[0m
2023-06-17 21:38:00 info: [0mGET /albums/categories [32m201[0m 913.908 ms - 64[0m
2023-06-17 21:38:00 info: [0mGET /albums/popular [32m201[0m 1026.198 ms - -[0m
2023-06-17 21:38:00 info: [0mGET /public/files/albums/Picsart_22-03-01_14-57-46-602pngd17e588bd4bc0d7308d8f6ba2f2ac544d1ea907317062023.png [33m404[0m 1.343 ms - 243[0m
2023-06-17 21:38:00 info: [0mGET /public/files/albums/Picsart_22-03-01_14-57-46-602pnge46dae47e1c4a04c0b00ba5bf00a14b38ed3e9e500062023png [33m404[0m 1.874 ms - 242[0m
2023-06-17 21:38:01 info: [0mGET /albums/categories [32m201[0m 778.253 ms - 64[0m
2023-06-17 21:38:01 info: [0mGET /albums/category/fjdsregknerujngdifjnigi [32m201[0m 1791.335 ms - -[0m
2023-06-17 21:38:01 info: [0mGET /albums/popular [32m201[0m 813.962 ms - -[0m
2023-06-17 21:38:02 info: [0mGET /albums/category/fjdsregknerujngdifjnigi [32m201[0m 1742.751 ms - -[0m
2023-06-17 21:39:22 info: [0mGET /albums/categories [32m201[0m 852.882 ms - 64[0m
2023-06-17 21:39:22 info: [0mGET /albums/popular [32m201[0m 968.992 ms - -[0m
2023-06-17 21:39:24 info: [0mGET /albums/category/fjdsregknerujngdifjnigi [32m201[0m 1756.445 ms - -[0m
2023-06-17 21:39:24 info: [0mGET /public/files/albums/Picsart_22-03-01_14-57-46-602pngd17e588bd4bc0d7308d8f6ba2f2ac544d1ea907317062023.png [33m404[0m 1.849 ms - 243[0m
2023-06-17 21:39:24 info: [0mGET /public/files/albums/Picsart_22-03-01_14-57-46-602pnge46dae47e1c4a04c0b00ba5bf00a14b38ed3e9e500062023png [33m404[0m 3.460 ms - 242[0m
2023-06-17 21:40:31 info: [0mGET /albums/categories [32m201[0m 770.056 ms - 64[0m
2023-06-17 21:40:31 info: [0mGET /albums/popular [32m201[0m 792.532 ms - -[0m
2023-06-17 21:40:32 info: [0mGET /albums/category/fjdsregknerujngdifjnigi [32m201[0m 1465.319 ms - -[0m
2023-06-17 21:40:33 info: [0mGET /public/files/albums/Picsart_22-03-01_14-57-46-602pngd17e588bd4bc0d7308d8f6ba2f2ac544d1ea907317062023.png [33m404[0m 1.307 ms - 243[0m
2023-06-17 21:40:33 info: [0mGET /public/files/albums/Picsart_22-03-01_14-57-46-602pnge46dae47e1c4a04c0b00ba5bf00a14b38ed3e9e500062023png [33m404[0m 2.428 ms - 242[0m
2023-06-17 21:41:23 info: [0mGET /albums/popular [32m201[0m 770.268 ms - -[0m
2023-06-17 21:41:23 info: [0mGET /albums/categories [32m201[0m 763.341 ms - 64[0m
2023-06-17 21:41:25 info: [0mGET /albums/category/fjdsregknerujngdifjnigi [32m201[0m 1491.247 ms - -[0m
2023-06-17 21:41:25 info: [0mGET /public/files/albums/Picsart_22-03-01_14-57-46-602pnge46dae47e1c4a04c0b00ba5bf00a14b38ed3e9e500062023png [33m404[0m 1.705 ms - 242[0m
2023-06-17 21:41:25 info: [0mGET /public/files/albums/Picsart_22-03-01_14-57-46-602pngd17e588bd4bc0d7308d8f6ba2f2ac544d1ea907317062023.png [33m404[0m 2.051 ms - 243[0m
2023-06-17 22:26:59 info: [0mGET /public/files/albums/Picsart_22-03-01_14-57-46-602pngd17e588bd4bc0d7308d8f6ba2f2ac544d1ea907317062023.png [33m404[0m 547.544 ms - 243[0m
2023-06-17 22:26:59 info: [0mGET /public/files/albums/Picsart_22-03-01_14-57-46-602pnge46dae47e1c4a04c0b00ba5bf00a14b38ed3e9e500062023png [33m404[0m 685.514 ms - 242[0m
2023-06-17 22:28:53 info: [0mGET /albums/popular [0m-[0m - ms - -[0m
2023-06-17 22:28:53 info: [0mGET /albums/categories [0m-[0m - ms - -[0m
2023-06-17 22:29:17 info: [0mGET /albums/popular [32m201[0m 1577.311 ms - -[0m
2023-06-17 22:29:17 info: [0mGET /albums/categories [32m201[0m 1268.465 ms - 64[0m
2023-06-17 22:29:21 info: [0mGET /albums/category/fjdsregknerujngdifjnigi [32m201[0m 3438.407 ms - -[0m
2023-06-17 22:29:21 info: [0mGET /public/files/albums/Picsart_22-03-01_14-57-46-602pngd17e588bd4bc0d7308d8f6ba2f2ac544d1ea907317062023.png [33m404[0m 1.347 ms - 243[0m
2023-06-17 22:29:21 info: [0mGET /public/files/albums/Picsart_22-03-01_14-57-46-602pnge46dae47e1c4a04c0b00ba5bf00a14b38ed3e9e500062023png [33m404[0m 1.534 ms - 242[0m
2023-06-17 22:35:21 info: [0mPOST /login [32m200[0m 1219.832 ms - 514[0m
2023-06-17 22:35:23 info: [0mGET /albums/categories [32m201[0m 879.197 ms - 64[0m
2023-06-17 22:35:23 info: [0mGET /albums/popular [32m201[0m 1182.252 ms - -[0m
2023-06-17 22:35:25 info: [0mGET /albums/category/fjdsregknerujngdifjnigi [32m201[0m 1654.022 ms - -[0m
2023-06-17 22:35:25 info: [0mGET /public/files/albums/Picsart_22-03-01_14-57-46-602pngd17e588bd4bc0d7308d8f6ba2f2ac544d1ea907317062023.png [33m404[0m 1.452 ms - 243[0m
2023-06-17 22:35:25 info: [0mGET /public/files/albums/Picsart_22-03-01_14-57-46-602pnge46dae47e1c4a04c0b00ba5bf00a14b38ed3e9e500062023png [33m404[0m 3.362 ms - 242[0m
2023-06-17 22:41:30 info: [0mPOST /login [32m200[0m 988.284 ms - 514[0m
2023-06-17 22:41:31 info: [0mGET /albums/popular [32m201[0m 759.404 ms - -[0m
2023-06-17 22:41:31 info: [0mGET /albums/categories [32m201[0m 772.721 ms - 64[0m
2023-06-17 22:41:34 info: [0mGET /albums/category/fjdsregknerujngdifjnigi [32m201[0m 2833.284 ms - -[0m
2023-06-17 22:41:34 info: [0mGET /public/files/albums/Picsart_22-03-01_14-57-46-602pngd17e588bd4bc0d7308d8f6ba2f2ac544d1ea907317062023.png [33m404[0m 1.367 ms - 243[0m
2023-06-17 22:41:34 info: [0mGET /public/files/albums/Picsart_22-03-01_14-57-46-602pnge46dae47e1c4a04c0b00ba5bf00a14b38ed3e9e500062023png [33m404[0m 38.027 ms - 242[0m
2023-06-17 22:41:46 info: [0mGET /public/files/albums/Picsart_22-03-01_14-57-46-602pngd17e588bd4bc0d7308d8f6ba2f2ac544d1ea907317062023.png [33m404[0m 1.604 ms - 243[0m
2023-06-17 22:41:46 info: [0mGET /public/files/albums/Picsart_22-03-01_14-57-46-602pnge46dae47e1c4a04c0b00ba5bf00a14b38ed3e9e500062023png [33m404[0m 3.038 ms - 242[0m
2023-06-17 22:41:52 info: [0mGET /public/files/albums/Picsart_22-03-01_14-57-46-602pnge46dae47e1c4a04c0b00ba5bf00a14b38ed3e9e500062023png [33m404[0m 2.205 ms - 242[0m
2023-06-17 22:41:52 info: [0mGET /public/files/albums/Picsart_22-03-01_14-57-46-602pngd17e588bd4bc0d7308d8f6ba2f2ac544d1ea907317062023.png [33m404[0m 3.756 ms - 243[0m
2023-06-17 22:44:52 info: [0mPOST /login [32m200[0m 1575.517 ms - 514[0m
2023-06-17 22:44:54 info: [0mGET /albums/popular [32m201[0m 787.481 ms - -[0m
2023-06-17 22:44:54 info: [0mGET /albums/categories [32m201[0m 786.258 ms - 64[0m
2023-06-17 22:44:55 info: [0mGET /albums/category/fjdsregknerujngdifjnigi [32m201[0m 1476.849 ms - -[0m
2023-06-17 22:44:56 info: [0mGET /public/files/albums/Picsart_22-03-01_14-57-46-602pnge46dae47e1c4a04c0b00ba5bf00a14b38ed3e9e500062023png [33m404[0m 47.872 ms - 242[0m
2023-06-17 22:44:56 info: [0mGET /public/files/albums/Picsart_22-03-01_14-57-46-602pngd17e588bd4bc0d7308d8f6ba2f2ac544d1ea907317062023.png [33m404[0m 5.173 ms - 243[0m
2023-06-17 22:46:43 info: [0mGET /public/files/albums/Picsart_22-03-01_14-57-46-602pngd17e588bd4bc0d7308d8f6ba2f2ac544d1ea907317062023.png [33m404[0m 2.552 ms - 243[0m
2023-06-17 22:46:43 info: [0mGET /public/files/albums/Picsart_22-03-01_14-57-46-602pnge46dae47e1c4a04c0b00ba5bf00a14b38ed3e9e500062023png [33m404[0m 4.119 ms - 242[0m
2023-06-17 22:47:45 info: [0mPOST /login [32m200[0m 943.418 ms - 514[0m
2023-06-17 22:47:46 info: [0mGET /albums/categories [32m201[0m 813.942 ms - 64[0m
2023-06-17 22:47:46 info: [0mGET /albums/popular [32m201[0m 839.492 ms - -[0m
2023-06-17 22:47:51 info: [0mGET /albums/category/fjdsregknerujngdifjnigi [32m201[0m 4433.966 ms - -[0m
2023-06-17 22:50:19 info: [0mGET /public/files/albums/Picsart_22-03-01_14-57-46-602pnge46dae47e1c4a04c0b00ba5bf00a14b38ed3e9e500062023png [33m404[0m 4.399 ms - 242[0m
2023-06-17 22:50:19 info: [0mGET /public/files/albums/Picsart_22-03-01_14-57-46-602pngd17e588bd4bc0d7308d8f6ba2f2ac544d1ea907317062023.png [33m404[0m 5.938 ms - 243[0m
2023-06-17 22:50:23 info: [0mGET /public/files/albums/Picsart_22-03-01_14-57-46-602pnge46dae47e1c4a04c0b00ba5bf00a14b38ed3e9e500062023png [33m404[0m 2.616 ms - 242[0m
2023-06-17 22:50:23 info: [0mGET /public/files/albums/Picsart_22-03-01_14-57-46-602pngd17e588bd4bc0d7308d8f6ba2f2ac544d1ea907317062023.png [33m404[0m 4.172 ms - 243[0m
2023-06-17 22:52:28 info: [0mGET /albums/popular [32m201[0m 1508.343 ms - -[0m
2023-06-17 22:52:28 info: [0mGET /albums/categories [32m201[0m 1514.353 ms - 64[0m
2023-06-17 22:52:30 info: [0mGET /albums/category/fjdsregknerujngdifjnigi [32m201[0m 1625.161 ms - -[0m
2023-06-17 22:52:30 info: [0mGET /public/files/albums/Picsart_22-03-01_14-57-46-602pnge46dae47e1c4a04c0b00ba5bf00a14b38ed3e9e500062023png [33m404[0m 2.753 ms - 242[0m
2023-06-17 22:52:30 info: [0mGET /public/files/albums/Picsart_22-03-01_14-57-46-602pngd17e588bd4bc0d7308d8f6ba2f2ac544d1ea907317062023.png [33m404[0m 4.535 ms - 243[0m
2023-06-17 22:56:10 info: [0mGET /public/files/albums/Picsart_22-03-01_14-57-46-602pnge46dae47e1c4a04c0b00ba5bf00a14b38ed3e9e500062023png [33m404[0m 1.744 ms - 242[0m
2023-06-17 22:56:10 info: [0mGET /public/files/albums/Picsart_22-03-01_14-57-46-602pngd17e588bd4bc0d7308d8f6ba2f2ac544d1ea907317062023.png [33m404[0m 2.108 ms - 243[0m
2023-06-17 22:56:35 info: [0mGET /albums/popular [32m201[0m 2143.114 ms - -[0m
2023-06-17 22:56:35 info: [0mGET /albums/categories [32m201[0m 2163.612 ms - 64[0m
2023-06-17 22:56:40 info: [0mGET /albums/category/fjdsregknerujngdifjnigi [32m201[0m 4902.819 ms - -[0m
2023-06-17 22:56:41 info: [0mGET /public/files/albums/Picsart_22-03-01_14-57-46-602pnge46dae47e1c4a04c0b00ba5bf00a14b38ed3e9e500062023png [33m404[0m 2.672 ms - 242[0m
2023-06-17 22:56:41 info: [0mGET /public/files/albums/Picsart_22-03-01_14-57-46-602pngd17e588bd4bc0d7308d8f6ba2f2ac544d1ea907317062023.png [33m404[0m 2.389 ms - 243[0m
2023-06-17 22:57:53 info: [0mGET /public/files/albums/Picsart_22-03-01_14-57-46-602pnge46dae47e1c4a04c0b00ba5bf00a14b38ed3e9e500062023png [33m404[0m 1.899 ms - 242[0m
2023-06-17 22:58:28 info: [0mGET /albums/categories [32m201[0m 2910.907 ms - 64[0m
2023-06-17 22:58:36 info: [0mGET /albums/popular [32m201[0m 10854.848 ms - -[0m
2023-06-17 23:04:42 info: [0mGET /albums/categories [32m201[0m 853.203 ms - 64[0m
2023-06-17 23:04:42 info: [0mGET /albums/popular [32m201[0m 868.643 ms - -[0m
2023-06-17 23:04:44 info: [0mGET /albums/category/fjdsregknerujngdifjnigi [32m201[0m 1548.469 ms - -[0m
2023-06-17 23:04:44 info: [0mGET /public/files/albums/Picsart_22-03-01_14-57-46-602pngd17e588bd4bc0d7308d8f6ba2f2ac544d1ea907317062023.png [33m404[0m 5.010 ms - 243[0m
2023-06-17 23:04:44 info: [0mGET /public/files/albums/Picsart_22-03-01_14-57-46-602pnge46dae47e1c4a04c0b00ba5bf00a14b38ed3e9e500062023png [33m404[0m 5.875 ms - 242[0m
2023-06-17 23:05:19 info: [0mGET /albums/categories [32m201[0m 798.059 ms - 64[0m
2023-06-17 23:05:19 info: [0mGET /albums/popular [32m201[0m 829.943 ms - -[0m
2023-06-17 23:05:21 info: [0mGET /albums/category/fjdsregknerujngdifjnigi [32m201[0m 1521.534 ms - -[0m
2023-06-17 23:05:21 info: [0mGET /public/files/albums/Picsart_22-03-01_14-57-46-602pngd17e588bd4bc0d7308d8f6ba2f2ac544d1ea907317062023.png [33m404[0m 2.629 ms - 243[0m
2023-06-17 23:05:21 info: [0mGET /public/files/albums/Picsart_22-03-01_14-57-46-602pnge46dae47e1c4a04c0b00ba5bf00a14b38ed3e9e500062023png [33m404[0m 3.957 ms - 242[0m
2023-06-17 23:05:41 info: [0mGET /albums/popular [32m201[0m 758.196 ms - -[0m
2023-06-17 23:05:41 info: [0mGET /albums/categories [32m201[0m 799.747 ms - 64[0m
2023-06-17 23:05:44 info: [0mGET /albums/category/fjdsregknerujngdifjnigi [32m201[0m 2144.341 ms - -[0m
2023-06-17 23:05:44 info: [0mGET /public/files/albums/Picsart_22-03-01_14-57-46-602pngd17e588bd4bc0d7308d8f6ba2f2ac544d1ea907317062023.png [33m404[0m 3.690 ms - 243[0m
2023-06-17 23:05:44 info: [0mGET /public/files/albums/Picsart_22-03-01_14-57-46-602pnge46dae47e1c4a04c0b00ba5bf00a14b38ed3e9e500062023png [33m404[0m 3.906 ms - 242[0m
2023-06-17 23:05:59 info: [0mGET /albums/popular [32m201[0m 722.355 ms - -[0m
2023-06-17 23:05:59 info: [0mGET /albums/categories [32m201[0m 770.429 ms - 64[0m
2023-06-17 23:06:01 info: [0mGET /albums/category/fjdsregknerujngdifjnigi [32m201[0m 1519.952 ms - -[0m
2023-06-17 23:06:02 info: [0mGET /public/files/albums/Picsart_22-03-01_14-57-46-602pngd17e588bd4bc0d7308d8f6ba2f2ac544d1ea907317062023.png [33m404[0m 1.270 ms - 243[0m
2023-06-17 23:06:02 info: [0mGET /public/files/albums/Picsart_22-03-01_14-57-46-602pnge46dae47e1c4a04c0b00ba5bf00a14b38ed3e9e500062023png [33m404[0m 2.124 ms - 242[0m
2023-06-17 23:06:45 info: [0mGET /albums/categories [32m201[0m 728.959 ms - 64[0m
2023-06-17 23:06:45 info: [0mGET /albums/popular [32m201[0m 779.754 ms - -[0m
2023-06-17 23:06:47 info: [0mGET /albums/category/fjdsregknerujngdifjnigi [32m201[0m 1499.477 ms - -[0m
2023-06-17 23:06:47 info: [0mGET /public/files/albums/Picsart_22-03-01_14-57-46-602pngd17e588bd4bc0d7308d8f6ba2f2ac544d1ea907317062023.png [33m404[0m 1.394 ms - 243[0m
2023-06-17 23:06:47 info: [0mGET /public/files/albums/Picsart_22-03-01_14-57-46-602pnge46dae47e1c4a04c0b00ba5bf00a14b38ed3e9e500062023png [33m404[0m 1.649 ms - 242[0m
2023-06-17 23:07:19 info: [0mGET /albums/popular [32m201[0m 792.187 ms - -[0m
2023-06-17 23:07:19 info: [0mGET /albums/categories [32m201[0m 778.886 ms - 64[0m
2023-06-17 23:07:21 info: [0mGET /albums/category/fjdsregknerujngdifjnigi [32m201[0m 1518.360 ms - -[0m
2023-06-17 23:07:21 info: [0mGET /public/files/albums/Picsart_22-03-01_14-57-46-602pngd17e588bd4bc0d7308d8f6ba2f2ac544d1ea907317062023.png [33m404[0m 2.487 ms - 243[0m
2023-06-17 23:07:21 info: [0mGET /public/files/albums/Picsart_22-03-01_14-57-46-602pnge46dae47e1c4a04c0b00ba5bf00a14b38ed3e9e500062023png [33m404[0m 4.545 ms - 242[0m
2023-06-17 23:08:03 info: [0mGET /albums/categories [32m201[0m 796.922 ms - 64[0m
2023-06-17 23:08:03 info: [0mGET /albums/popular [32m201[0m 817.455 ms - -[0m
2023-06-17 23:08:05 info: [0mGET /albums/category/fjdsregknerujngdifjnigi [32m201[0m 1616.976 ms - -[0m
2023-06-17 23:08:06 info: [0mGET /public/files/albums/Picsart_22-03-01_14-57-46-602pnge46dae47e1c4a04c0b00ba5bf00a14b38ed3e9e500062023png [33m404[0m 3.158 ms - 242[0m
2023-06-17 23:08:06 info: [0mGET /public/files/albums/Picsart_22-03-01_14-57-46-602pngd17e588bd4bc0d7308d8f6ba2f2ac544d1ea907317062023.png [33m404[0m 2.432 ms - 243[0m
2023-06-17 23:08:21 info: [0mGET /albums/popular [32m201[0m 1100.441 ms - -[0m
2023-06-17 23:08:22 info: [0mGET /albums/categories [32m201[0m 1755.630 ms - 64[0m
2023-06-17 23:08:24 info: [0mGET /albums/category/fjdsregknerujngdifjnigi [32m201[0m 2213.671 ms - -[0m
2023-06-17 23:08:43 info: [0mGET /public/files/albums/Picsart_22-03-01_14-57-46-602pngd17e588bd4bc0d7308d8f6ba2f2ac544d1ea907317062023.png [33m404[0m 3.051 ms - 243[0m
2023-06-17 23:08:43 info: [0mGET /public/files/albums/Picsart_22-03-01_14-57-46-602pnge46dae47e1c4a04c0b00ba5bf00a14b38ed3e9e500062023png [33m404[0m 4.186 ms - 242[0m
2023-06-17 23:09:02 info: [0mGET /albums/popular [32m201[0m 798.990 ms - -[0m
2023-06-17 23:09:02 info: [0mGET /albums/categories [32m201[0m 797.135 ms - 64[0m
2023-06-17 23:09:04 info: [0mGET /albums/category/fjdsregknerujngdifjnigi [32m201[0m 1511.250 ms - -[0m
2023-06-17 23:09:05 info: [0mGET /public/files/albums/Picsart_22-03-01_14-57-46-602pngd17e588bd4bc0d7308d8f6ba2f2ac544d1ea907317062023.png [33m404[0m 2.685 ms - 243[0m
2023-06-17 23:09:05 info: [0mGET /public/files/albums/Picsart_22-03-01_14-57-46-602pnge46dae47e1c4a04c0b00ba5bf00a14b38ed3e9e500062023png [33m404[0m 3.866 ms - 242[0m
2023-06-17 23:09:43 info: [0mGET /public/files/albums/Picsart_22-03-01_14-57-46-602pnge46dae47e1c4a04c0b00ba5bf00a14b38ed3e9e500062023png [33m404[0m 1.365 ms - 242[0m
2023-06-17 23:09:43 info: [0mGET /public/files/albums/Picsart_22-03-01_14-57-46-602pngd17e588bd4bc0d7308d8f6ba2f2ac544d1ea907317062023.png [33m404[0m 1.467 ms - 243[0m
2023-06-17 23:10:05 info: [0mGET /albums/categories [32m201[0m 1509.191 ms - 64[0m
2023-06-17 23:10:05 info: [0mGET /albums/popular [32m201[0m 1509.266 ms - -[0m
2023-06-17 23:10:08 info: [0mGET /albums/category/fjdsregknerujngdifjnigi [32m201[0m 1932.101 ms - -[0m
2023-06-17 23:10:09 info: [0mGET /public/files/albums/Picsart_22-03-01_14-57-46-602pngd17e588bd4bc0d7308d8f6ba2f2ac544d1ea907317062023.png [33m404[0m 1.207 ms - 243[0m
2023-06-17 23:10:09 info: [0mGET /public/files/albums/Picsart_22-03-01_14-57-46-602pnge46dae47e1c4a04c0b00ba5bf00a14b38ed3e9e500062023png [33m404[0m 1.191 ms - 242[0m
2023-06-17 23:10:44 info: [0mGET /albums/popular [32m201[0m 2589.393 ms - -[0m
2023-06-17 23:10:45 info: [0mGET /albums/categories [32m201[0m 3044.921 ms - 64[0m
2023-06-17 23:10:47 info: [0mGET /albums/category/fjdsregknerujngdifjnigi [32m201[0m 2309.172 ms - -[0m
2023-06-17 23:10:48 info: [0mGET /public/files/albums/Picsart_22-03-01_14-57-46-602pngd17e588bd4bc0d7308d8f6ba2f2ac544d1ea907317062023.png [33m404[0m 1.661 ms - 243[0m
2023-06-17 23:10:48 info: [0mGET /public/files/albums/Picsart_22-03-01_14-57-46-602pnge46dae47e1c4a04c0b00ba5bf00a14b38ed3e9e500062023png [33m404[0m 1.687 ms - 242[0m
2023-06-17 23:12:09 info: [0mGET /albums/categories [32m201[0m 800.798 ms - 64[0m
2023-06-17 23:12:09 info: [0mGET /albums/popular [32m201[0m 831.374 ms - -[0m
2023-06-17 23:12:11 info: [0mGET /albums/category/fjdsregknerujngdifjnigi [32m201[0m 1517.468 ms - -[0m
2023-06-17 23:12:11 info: [0mGET /public/files/albums/Picsart_22-03-01_14-57-46-602pnge46dae47e1c4a04c0b00ba5bf00a14b38ed3e9e500062023png [33m404[0m 1.246 ms - 242[0m
2023-06-17 23:12:11 info: [0mGET /public/files/albums/Picsart_22-03-01_14-57-46-602pngd17e588bd4bc0d7308d8f6ba2f2ac544d1ea907317062023.png [33m404[0m 2.840 ms - 243[0m
2023-06-17 23:13:54 info: [0mGET /public/files/albums/Picsart_22-03-01_14-57-46-602pngd17e588bd4bc0d7308d8f6ba2f2ac544d1ea907317062023.png [33m404[0m 2.958 ms - 243[0m
2023-06-17 23:13:54 info: [0mGET /public/files/albums/Picsart_22-03-01_14-57-46-602pnge46dae47e1c4a04c0b00ba5bf00a14b38ed3e9e500062023png [33m404[0m 2.035 ms - 242[0m
2023-06-17 23:14:11 info: [0mGET /albums/popular [32m201[0m 1260.091 ms - -[0m
2023-06-17 23:14:11 info: [0mGET /albums/categories [32m201[0m 1337.269 ms - 64[0m
2023-06-17 23:14:13 info: [0mGET /albums/category/fjdsregknerujngdifjnigi [32m201[0m 1496.087 ms - -[0m
2023-06-17 23:14:13 info: [0mGET /public/files/albums/Picsart_22-03-01_14-57-46-602pngd17e588bd4bc0d7308d8f6ba2f2ac544d1ea907317062023.png [33m404[0m 4.731 ms - 243[0m
2023-06-17 23:14:13 info: [0mGET /public/files/albums/Picsart_22-03-01_14-57-46-602pnge46dae47e1c4a04c0b00ba5bf00a14b38ed3e9e500062023png [33m404[0m 4.153 ms - 242[0m
2023-06-17 23:16:42 info: [0mGET /albums/categories [32m201[0m 743.288 ms - 64[0m
2023-06-17 23:16:42 info: [0mGET /albums/popular [32m201[0m 795.178 ms - -[0m
2023-06-17 23:16:44 info: [0mGET /albums/category/fjdsregknerujngdifjnigi [32m201[0m 1477.470 ms - -[0m
2023-06-17 23:16:44 info: [0mGET /public/files/albums/Picsart_22-03-01_14-57-46-602pngd17e588bd4bc0d7308d8f6ba2f2ac544d1ea907317062023.png [33m404[0m 2.278 ms - 243[0m
2023-06-17 23:16:44 info: [0mGET /public/files/albums/Picsart_22-03-01_14-57-46-602pnge46dae47e1c4a04c0b00ba5bf00a14b38ed3e9e500062023png [33m404[0m 3.570 ms - 242[0m
2023-06-17 23:20:53 info: [0mGET /albums/popular [32m201[0m 2473.925 ms - -[0m
2023-06-17 23:20:53 info: [0mGET /albums/categories [32m201[0m 3304.195 ms - 64[0m
2023-06-17 23:20:59 info: [0mGET /albums/category/fjdsregknerujngdifjnigi [32m201[0m 5128.212 ms - -[0m
2023-06-17 23:20:59 info: [0mGET /public/files/albums/Picsart_22-03-01_14-57-46-602pnge46dae47e1c4a04c0b00ba5bf00a14b38ed3e9e500062023png [33m404[0m 2.685 ms - 242[0m
2023-06-17 23:20:59 info: [0mGET /public/files/albums/Picsart_22-03-01_14-57-46-602pngd17e588bd4bc0d7308d8f6ba2f2ac544d1ea907317062023.png [33m404[0m 3.987 ms - 243[0m
2023-06-17 23:22:44 info: [0mGET /albums/popular [32m201[0m 778.853 ms - -[0m
2023-06-17 23:22:44 info: [0mGET /albums/categories [32m201[0m 771.370 ms - 64[0m
2023-06-17 23:22:46 info: [0mGET /albums/category/fjdsregknerujngdifjnigi [32m201[0m 1585.120 ms - -[0m
2023-06-17 23:22:46 info: [0mGET /public/files/albums/Picsart_22-03-01_14-57-46-602pngd17e588bd4bc0d7308d8f6ba2f2ac544d1ea907317062023.png [33m404[0m 1.582 ms - 243[0m
2023-06-17 23:22:46 info: [0mGET /public/files/albums/Picsart_22-03-01_14-57-46-602pnge46dae47e1c4a04c0b00ba5bf00a14b38ed3e9e500062023png [33m404[0m 1.790 ms - 242[0m
2023-06-17 23:23:31 info: [0mGET /albums/popular [32m201[0m 795.032 ms - -[0m
2023-06-17 23:23:31 info: [0mGET /albums/categories [32m201[0m 750.730 ms - 64[0m
2023-06-17 23:23:33 info: [0mGET /albums/category/fjdsregknerujngdifjnigi [32m201[0m 1478.664 ms - -[0m
2023-06-17 23:23:33 info: [0mGET /public/files/albums/Picsart_22-03-01_14-57-46-602pnge46dae47e1c4a04c0b00ba5bf00a14b38ed3e9e500062023png [33m404[0m 1.321 ms - 242[0m
2023-06-17 23:23:34 info: [0mGET /public/files/albums/Picsart_22-03-01_14-57-46-602pngd17e588bd4bc0d7308d8f6ba2f2ac544d1ea907317062023.png [33m404[0m 2.119 ms - 243[0m
2023-06-17 23:24:07 info: [0mGET /albums/popular [32m201[0m 753.533 ms - -[0m
2023-06-17 23:24:07 info: [0mGET /albums/categories [32m201[0m 768.625 ms - 64[0m
2023-06-17 23:24:09 info: [0mGET /albums/category/fjdsregknerujngdifjnigi [32m201[0m 1469.032 ms - -[0m
2023-06-17 23:24:09 info: [0mGET /public/files/albums/Picsart_22-03-01_14-57-46-602pngd17e588bd4bc0d7308d8f6ba2f2ac544d1ea907317062023.png [33m404[0m 2.228 ms - 243[0m
2023-06-17 23:24:09 info: [0mGET /public/files/albums/Picsart_22-03-01_14-57-46-602pnge46dae47e1c4a04c0b00ba5bf00a14b38ed3e9e500062023png [33m404[0m 3.895 ms - 242[0m
2023-06-17 23:24:40 info: [0mGET /albums/popular [32m201[0m 803.812 ms - -[0m
2023-06-17 23:24:40 info: [0mGET /albums/categories [32m201[0m 834.681 ms - 64[0m
2023-06-17 23:24:42 info: [0mGET /albums/category/fjdsregknerujngdifjnigi [32m201[0m 1923.007 ms - -[0m
2023-06-17 23:24:43 info: [0mGET /public/files/albums/Picsart_22-03-01_14-57-46-602pnge46dae47e1c4a04c0b00ba5bf00a14b38ed3e9e500062023png [33m404[0m 2.799 ms - 242[0m
2023-06-17 23:24:43 info: [0mGET /public/files/albums/Picsart_22-03-01_14-57-46-602pngd17e588bd4bc0d7308d8f6ba2f2ac544d1ea907317062023.png [33m404[0m 3.675 ms - 243[0m
2023-06-17 23:25:20 info: [0mGET /albums/popular [32m201[0m 812.486 ms - -[0m
2023-06-17 23:25:20 info: [0mGET /albums/categories [32m201[0m 806.769 ms - 64[0m
2023-06-17 23:25:22 info: [0mGET /albums/category/fjdsregknerujngdifjnigi [32m201[0m 2359.020 ms - -[0m
2023-06-17 23:26:01 info: [0mGET /public/files/albums/Picsart_22-03-01_14-57-46-602pngd17e588bd4bc0d7308d8f6ba2f2ac544d1ea907317062023.png [33m404[0m 2.524 ms - 243[0m
2023-06-17 23:26:01 info: [0mGET /public/files/albums/Picsart_22-03-01_14-57-46-602pnge46dae47e1c4a04c0b00ba5bf00a14b38ed3e9e500062023png [33m404[0m 4.128 ms - 242[0m
2023-06-17 23:28:21 info: [0mGET /albums/categories [32m201[0m 1540.519 ms - 64[0m
2023-06-17 23:28:21 info: [0mGET /albums/popular [32m201[0m 1557.592 ms - -[0m
2023-06-17 23:28:23 info: [0mGET /albums/category/fjdsregknerujngdifjnigi [32m201[0m 1589.647 ms - -[0m
2023-06-17 23:28:23 info: [0mGET /public/files/albums/Picsart_22-03-01_14-57-46-602pngd17e588bd4bc0d7308d8f6ba2f2ac544d1ea907317062023.png [33m404[0m 3.109 ms - 243[0m
2023-06-17 23:28:23 info: [0mGET /public/files/albums/Picsart_22-03-01_14-57-46-602pnge46dae47e1c4a04c0b00ba5bf00a14b38ed3e9e500062023png [33m404[0m 2.469 ms - 242[0m
2023-06-17 23:29:18 info: [0mGET /albums/popular [32m201[0m 773.028 ms - -[0m
2023-06-17 23:29:18 info: [0mGET /albums/categories [32m201[0m 766.629 ms - 64[0m
2023-06-17 23:29:21 info: [0mGET /albums/category/fjdsregknerujngdifjnigi [32m201[0m 3140.024 ms - -[0m
2023-06-17 23:29:22 info: [0mGET /public/files/albums/Picsart_22-03-01_14-57-46-602pngd17e588bd4bc0d7308d8f6ba2f2ac544d1ea907317062023.png [33m404[0m 1.634 ms - 243[0m
2023-06-17 23:29:22 info: [0mGET /public/files/albums/Picsart_22-03-01_14-57-46-602pnge46dae47e1c4a04c0b00ba5bf00a14b38ed3e9e500062023png [33m404[0m 1.495 ms - 242[0m
2023-06-17 23:30:41 info: [0mGET /albums/popular [32m201[0m 998.571 ms - -[0m
2023-06-17 23:30:41 info: [0mGET /albums/categories [32m201[0m 984.445 ms - 64[0m
2023-06-17 23:30:43 info: [0mGET /albums/category/fjdsregknerujngdifjnigi [32m201[0m 1577.878 ms - -[0m
2023-06-17 23:30:43 info: [0mGET /public/files/albums/Picsart_22-03-01_14-57-46-602pngd17e588bd4bc0d7308d8f6ba2f2ac544d1ea907317062023.png [33m404[0m 2.608 ms - 243[0m
2023-06-17 23:30:43 info: [0mGET /public/files/albums/Picsart_22-03-01_14-57-46-602pnge46dae47e1c4a04c0b00ba5bf00a14b38ed3e9e500062023png [33m404[0m 4.148 ms - 242[0m
2023-06-17 23:31:30 info: [0mGET /albums/categories [32m201[0m 922.670 ms - 64[0m
2023-06-17 23:31:30 info: [0mGET /albums/popular [32m201[0m 1022.738 ms - -[0m
2023-06-17 23:31:32 info: [0mGET /albums/category/fjdsregknerujngdifjnigi [32m201[0m 2090.965 ms - -[0m
2023-06-17 23:31:33 info: [0mGET /public/files/albums/Picsart_22-03-01_14-57-46-602pngd17e588bd4bc0d7308d8f6ba2f2ac544d1ea907317062023.png [33m404[0m 2.396 ms - 243[0m
2023-06-17 23:31:33 info: [0mGET /public/files/albums/Picsart_22-03-01_14-57-46-602pnge46dae47e1c4a04c0b00ba5bf00a14b38ed3e9e500062023png [33m404[0m 3.522 ms - 242[0m
2023-06-17 23:32:18 info: [0mGET /albums/categories [32m201[0m 804.816 ms - 64[0m
2023-06-17 23:32:18 info: [0mGET /albums/popular [32m201[0m 845.687 ms - -[0m
2023-06-17 23:32:20 info: [0mGET /albums/category/fjdsregknerujngdifjnigi [32m201[0m 1543.248 ms - -[0m
2023-06-17 23:32:21 info: [0mGET /public/files/albums/Picsart_22-03-01_14-57-46-602pngd17e588bd4bc0d7308d8f6ba2f2ac544d1ea907317062023.png [33m404[0m 1.515 ms - 243[0m
2023-06-17 23:32:21 info: [0mGET /public/files/albums/Picsart_22-03-01_14-57-46-602pnge46dae47e1c4a04c0b00ba5bf00a14b38ed3e9e500062023png [33m404[0m 2.617 ms - 242[0m
2023-06-17 23:32:45 info: [0mGET /albums/popular [32m201[0m 1280.369 ms - -[0m
2023-06-17 23:32:45 info: [0mGET /albums/categories [32m201[0m 1541.927 ms - 64[0m
2023-06-17 23:32:48 info: [0mGET /albums/category/fjdsregknerujngdifjnigi [32m201[0m 2151.869 ms - -[0m
2023-06-17 23:32:48 info: [0mGET /public/files/albums/Picsart_22-03-01_14-57-46-602pngd17e588bd4bc0d7308d8f6ba2f2ac544d1ea907317062023.png [33m404[0m 1.077 ms - 243[0m
2023-06-17 23:32:48 info: [0mGET /public/files/albums/Picsart_22-03-01_14-57-46-602pnge46dae47e1c4a04c0b00ba5bf00a14b38ed3e9e500062023png [33m404[0m 1.872 ms - 242[0m
2023-06-17 23:35:33 info: [0mGET /albums/categories [32m201[0m 776.096 ms - 64[0m
2023-06-17 23:35:33 info: [0mGET /albums/popular [32m201[0m 811.757 ms - -[0m
2023-06-17 23:35:36 info: [0mGET /albums/category/fjdsregknerujngdifjnigi [32m201[0m 3144.235 ms - -[0m
2023-06-17 23:35:37 info: [0mGET /public/files/albums/Picsart_22-03-01_14-57-46-602pngd17e588bd4bc0d7308d8f6ba2f2ac544d1ea907317062023.png [33m404[0m 2.312 ms - 243[0m
2023-06-17 23:35:37 info: [0mGET /public/files/albums/Picsart_22-03-01_14-57-46-602pnge46dae47e1c4a04c0b00ba5bf00a14b38ed3e9e500062023png [33m404[0m 3.734 ms - 242[0m
2023-06-17 23:36:30 info: [0mGET /albums/popular [32m201[0m 1235.662 ms - -[0m
2023-06-17 23:36:30 info: [0mGET /albums/categories [32m201[0m 1259.981 ms - 64[0m
2023-06-17 23:36:35 info: [0mGET /albums/category/fjdsregknerujngdifjnigi [32m201[0m 5191.433 ms - -[0m
2023-06-17 23:36:35 info: [0mGET /public/files/albums/Picsart_22-03-01_14-57-46-602pnge46dae47e1c4a04c0b00ba5bf00a14b38ed3e9e500062023png [33m404[0m 1.645 ms - 242[0m
2023-06-17 23:36:35 info: [0mGET /public/files/albums/Picsart_22-03-01_14-57-46-602pngd17e588bd4bc0d7308d8f6ba2f2ac544d1ea907317062023.png [33m404[0m 3.094 ms - 243[0m
2023-06-17 23:37:06 info: [0mGET /albums/categories [32m201[0m 2446.177 ms - 64[0m
2023-06-17 23:37:06 info: [0mGET /albums/popular [32m201[0m 2460.189 ms - -[0m
2023-06-17 23:37:09 info: [0mGET /albums/category/fjdsregknerujngdifjnigi [32m201[0m 3327.694 ms - -[0m
2023-06-17 23:37:10 info: [0mGET /public/files/albums/Picsart_22-03-01_14-57-46-602pngd17e588bd4bc0d7308d8f6ba2f2ac544d1ea907317062023.png [33m404[0m 3.799 ms - 243[0m
2023-06-17 23:37:10 info: [0mGET /public/files/albums/Picsart_22-03-01_14-57-46-602pnge46dae47e1c4a04c0b00ba5bf00a14b38ed3e9e500062023png [33m404[0m 3.820 ms - 242[0m
2023-06-17 23:38:13 info: [0mGET /albums/popular [32m201[0m 1383.438 ms - -[0m
2023-06-17 23:38:13 info: [0mGET /albums/categories [32m201[0m 1532.810 ms - 64[0m
2023-06-17 23:38:15 info: [0mGET /albums/category/fjdsregknerujngdifjnigi [32m201[0m 1740.484 ms - -[0m
2023-06-17 23:38:16 info: [0mGET /public/files/albums/Picsart_22-03-01_14-57-46-602pnge46dae47e1c4a04c0b00ba5bf00a14b38ed3e9e500062023png [33m404[0m 2.497 ms - 242[0m
2023-06-17 23:38:16 info: [0mGET /public/files/albums/Picsart_22-03-01_14-57-46-602pngd17e588bd4bc0d7308d8f6ba2f2ac544d1ea907317062023.png [33m404[0m 5.534 ms - 243[0m
2023-06-17 23:40:02 info: [0mGET /public/files/albums/Picsart_22-03-01_14-57-46-602pngd17e588bd4bc0d7308d8f6ba2f2ac544d1ea907317062023.png [33m404[0m 1.601 ms - 243[0m
2023-06-17 23:40:02 info: [0mGET /public/files/albums/Picsart_22-03-01_14-57-46-602pnge46dae47e1c4a04c0b00ba5bf00a14b38ed3e9e500062023png [33m404[0m 1.770 ms - 242[0m
2023-06-17 23:40:10 info: [0mGET /public/files/albums/Picsart_22-03-01_14-57-46-602pngd17e588bd4bc0d7308d8f6ba2f2ac544d1ea907317062023.png [33m404[0m 1.753 ms - 243[0m
2023-06-17 23:40:10 info: [0mGET /public/files/albums/Picsart_22-03-01_14-57-46-602pnge46dae47e1c4a04c0b00ba5bf00a14b38ed3e9e500062023png [33m404[0m 1.911 ms - 242[0m
2023-06-17 23:40:52 info: [0mPOST /login [32m200[0m 979.721 ms - 514[0m
2023-06-17 23:40:53 info: [0mGET /albums/popular [32m201[0m 907.705 ms - -[0m
2023-06-17 23:40:53 info: [0mGET /albums/categories [32m201[0m 1068.885 ms - 64[0m
2023-06-17 23:40:55 info: [0mGET /albums/category/fjdsregknerujngdifjnigi [32m201[0m 1557.179 ms - -[0m
2023-06-17 23:40:55 info: [0mGET /public/files/albums/Picsart_22-03-01_14-57-46-602pngd17e588bd4bc0d7308d8f6ba2f2ac544d1ea907317062023.png [33m404[0m 3.260 ms - 243[0m
2023-06-17 23:40:55 info: [0mGET /public/files/albums/Picsart_22-03-01_14-57-46-602pnge46dae47e1c4a04c0b00ba5bf00a14b38ed3e9e500062023png [33m404[0m 6.077 ms - 242[0m
2023-06-17 23:41:35 info: [0mGET /public/files/albums/Picsart_22-03-01_14-57-46-602pngd17e588bd4bc0d7308d8f6ba2f2ac544d1ea907317062023.png [33m404[0m 2.645 ms - 243[0m
2023-06-17 23:41:35 info: [0mGET /public/files/albums/Picsart_22-03-01_14-57-46-602pnge46dae47e1c4a04c0b00ba5bf00a14b38ed3e9e500062023png [33m404[0m 3.734 ms - 242[0m
2023-06-17 23:42:32 info: [0mGET /public/files/albums/Picsart_22-03-01_14-57-46-602pngd17e588bd4bc0d7308d8f6ba2f2ac544d1ea907317062023.png [33m404[0m 1.744 ms - 243[0m
2023-06-17 23:42:32 info: [0mGET /public/files/albums/Picsart_22-03-01_14-57-46-602pnge46dae47e1c4a04c0b00ba5bf00a14b38ed3e9e500062023png [33m404[0m 2.080 ms - 242[0m
2023-06-17 23:42:42 info: [0mGET /public/files/albums/Picsart_22-03-01_14-57-46-602pnge46dae47e1c4a04c0b00ba5bf00a14b38ed3e9e500062023png [33m404[0m 1.201 ms - 242[0m
2023-06-17 23:42:42 info: [0mGET /public/files/albums/Picsart_22-03-01_14-57-46-602pngd17e588bd4bc0d7308d8f6ba2f2ac544d1ea907317062023.png [33m404[0m 1.654 ms - 243[0m
2023-06-17 23:47:01 info: [0mGET /albums/categories [32m201[0m 1097.459 ms - 64[0m
2023-06-17 23:47:01 info: [0mGET /albums/popular [32m201[0m 1299.872 ms - -[0m
2023-06-17 23:47:01 info: [0mGET /albums/category/fjdsregknerujngdifjnigi [0m-[0m - ms - -[0m
2023-06-17 23:47:16 info: [0mGET /albums/categories [32m201[0m 1052.162 ms - 64[0m
2023-06-17 23:47:16 info: [0mGET /albums/popular [32m201[0m 1061.779 ms - -[0m
2023-06-17 23:47:19 info: [0mGET /albums/category/fjdsregknerujngdifjnigi [32m201[0m 2729.625 ms - -[0m
2023-06-17 23:47:25 info: [0mGET /public/files/albums/Picsart_22-03-01_14-57-46-602pngd17e588bd4bc0d7308d8f6ba2f2ac544d1ea907317062023.png [33m404[0m 1.771 ms - 243[0m
2023-06-17 23:47:25 info: [0mGET /public/files/albums/Picsart_22-03-01_14-57-46-602pnge46dae47e1c4a04c0b00ba5bf00a14b38ed3e9e500062023png [33m404[0m 1.451 ms - 242[0m
2023-06-17 23:47:49 info: [0mGET /albums/popular [32m201[0m 708.165 ms - -[0m
2023-06-17 23:47:49 info: [0mGET /albums/categories [32m201[0m 755.268 ms - 64[0m
2023-06-17 23:47:51 info: [0mGET /albums/category/fjdsregknerujngdifjnigi [32m201[0m 1970.349 ms - -[0m
2023-06-17 23:48:39 info: [0mGET /public/files/albums/Picsart_22-03-01_14-57-46-602pnge46dae47e1c4a04c0b00ba5bf00a14b38ed3e9e500062023png [33m404[0m 1.601 ms - 242[0m
2023-06-17 23:48:39 info: [0mGET /public/files/albums/Picsart_22-03-01_14-57-46-602pngd17e588bd4bc0d7308d8f6ba2f2ac544d1ea907317062023.png [33m404[0m 1.739 ms - 243[0m
