2023-08-31 18:08:46 info: =================================
2023-08-31 18:08:46 info: ======= ENV: development =======
2023-08-31 18:08:46 info: 🚀 App listening on the port 4000
2023-08-31 18:08:46 info: =================================
2023-08-31 18:12:52 info: =================================
2023-08-31 18:12:52 info: ======= ENV: development =======
2023-08-31 18:12:52 info: 🚀 App listening on the port 4000
2023-08-31 18:12:52 info: =================================
2023-08-31 18:18:49 info: [0mPOST /albums/cus_OKT9O3q4z73f07 [32m201[0m 2159.412 ms - 293[0m
2023-08-31 18:39:10 info: [0mPOST /login [32m200[0m 824.249 ms - 508[0m
2023-08-31 18:39:11 error: [GET] /albums/popular >> StatusCode:: 403, Message:: Wrong authentication token
2023-08-31 18:39:11 info: [0mGET /albums/popular [33m403[0m 523.670 ms - 40[0m
2023-08-31 18:39:11 error: [GET] /albums/categories >> StatusCode:: 403, Message:: Wrong authentication token
2023-08-31 18:39:11 info: [0mGET /albums/categories [33m403[0m 474.564 ms - 40[0m
2023-08-31 18:39:11 info: [0mPOST /refresh [32m200[0m 2.882 ms - 428[0m
2023-08-31 18:39:11 info: [0mPOST /refresh [32m200[0m 2.283 ms - 428[0m
2023-08-31 18:39:12 info: [0mGET /albums/categories [32m201[0m 492.742 ms - 109[0m
2023-08-31 18:39:12 error: [GET] /albums/category/fh5gfg54d6ghb48d6 >> StatusCode:: 403, Message:: Wrong authentication token
2023-08-31 18:39:12 info: [0mGET /albums/category/fh5gfg54d6ghb48d6 [33m403[0m 498.044 ms - 40[0m
2023-08-31 18:39:12 info: [0mPOST /refresh [32m200[0m 1.818 ms - 428[0m
2023-08-31 18:39:12 info: [0mGET /albums/popular [32m201[0m 1282.886 ms - 19[0m
2023-08-31 18:39:13 info: [0mGET /albums/category/fh5gfg54d6ghb48d6 [32m201[0m 690.501 ms - 22[0m
2023-08-31 18:39:20 error: [GET] /albums/category/sdqf45qfez48fsd5csd5 >> StatusCode:: 403, Message:: Wrong authentication token
2023-08-31 18:39:20 info: [0mGET /albums/category/sdqf45qfez48fsd5csd5 [33m403[0m 469.364 ms - 40[0m
2023-08-31 18:39:20 info: [0mPOST /refresh [32m200[0m 2.187 ms - 428[0m
2023-08-31 18:39:21 info: [0mGET /albums/category/sdqf45qfez48fsd5csd5 [32m201[0m 948.435 ms - -[0m
