2023-03-29 12:18:26 info: =================================
2023-03-29 12:18:26 info: ======= ENV: development =======
2023-03-29 12:18:26 info: 🚀 App listening on the port 3000
2023-03-29 12:18:26 info: =================================
2023-03-29 12:24:11 info: =================================
2023-03-29 12:24:11 info: ======= ENV: development =======
2023-03-29 12:24:11 info: 🚀 App listening on the port 3000
2023-03-29 12:24:11 info: =================================
2023-03-29 12:38:23 info: =================================
2023-03-29 12:38:23 info: ======= ENV: development =======
2023-03-29 12:38:23 info: 🚀 App listening on the port 3000
2023-03-29 12:38:23 info: =================================
2023-03-29 12:38:32 info: =================================
2023-03-29 12:38:32 info: ======= ENV: development =======
2023-03-29 12:38:32 info: 🚀 App listening on the port 3000
2023-03-29 12:38:32 info: =================================
2023-03-29 12:40:15 info: =================================
2023-03-29 12:40:15 info: ======= ENV: development =======
2023-03-29 12:40:15 info: 🚀 App listening on the port 3000
2023-03-29 12:40:15 info: =================================
2023-03-29 12:40:22 info: =================================
2023-03-29 12:40:22 info: ======= ENV: development =======
2023-03-29 12:40:22 info: 🚀 App listening on the port 3000
2023-03-29 12:40:22 info: =================================
2023-03-29 12:49:53 info: [0mPOST /post/webhook [32m201[0m 544.805 ms - 46[0m
2023-03-29 12:49:53 info: [0mPOST /post/webhook [32m201[0m 760.164 ms - 46[0m
2023-03-29 12:49:53 info: [0mPOST /post/webhook [32m201[0m 553.133 ms - 46[0m
2023-03-29 12:50:32 info: =================================
2023-03-29 12:50:32 info: ======= ENV: development =======
2023-03-29 12:50:32 info: 🚀 App listening on the port 3000
2023-03-29 12:50:32 info: =================================
2023-03-29 12:50:37 info: =================================
2023-03-29 12:50:37 info: ======= ENV: development =======
2023-03-29 12:50:37 info: 🚀 App listening on the port 3000
2023-03-29 12:50:37 info: =================================
2023-03-29 12:50:57 info: [0mPOST /post/webhook [32m201[0m 582.941 ms - 46[0m
2023-03-29 12:50:57 info: [0mPOST /post/webhook [32m201[0m 470.403 ms - 46[0m
2023-03-29 12:50:57 info: [0mPOST /post/webhook [32m201[0m 484.407 ms - 46[0m
2023-03-29 12:51:17 info: =================================
2023-03-29 12:51:17 info: ======= ENV: development =======
2023-03-29 12:51:17 info: 🚀 App listening on the port 3000
2023-03-29 12:51:17 info: =================================
2023-03-29 12:51:25 info: [0mPOST /post/webhook [32m201[0m 537.836 ms - 46[0m
2023-03-29 12:51:25 info: [0mPOST /post/webhook [32m201[0m 504.734 ms - 46[0m
2023-03-29 12:51:25 info: [0mPOST /post/webhook [32m201[0m 557.667 ms - 46[0m
2023-03-29 12:51:44 info: =================================
2023-03-29 12:51:44 info: ======= ENV: development =======
2023-03-29 12:51:44 info: 🚀 App listening on the port 3000
2023-03-29 12:51:44 info: =================================
2023-03-29 12:51:48 info: =================================
2023-03-29 12:51:48 info: ======= ENV: development =======
2023-03-29 12:51:48 info: 🚀 App listening on the port 3000
2023-03-29 12:51:48 info: =================================
2023-03-29 12:51:52 info: =================================
2023-03-29 12:51:52 info: ======= ENV: development =======
2023-03-29 12:51:52 info: 🚀 App listening on the port 3000
2023-03-29 12:51:52 info: =================================
2023-03-29 12:52:06 info: [0mPOST /post/webhook [32m201[0m 568.226 ms - 46[0m
2023-03-29 12:52:06 info: [0mPOST /post/webhook [32m201[0m 515.129 ms - 46[0m
2023-03-29 12:52:07 info: [0mPOST /post/webhook [32m201[0m 529.648 ms - 46[0m
2023-03-29 12:52:26 info: =================================
2023-03-29 12:52:26 info: ======= ENV: development =======
2023-03-29 12:52:26 info: 🚀 App listening on the port 3000
2023-03-29 12:52:26 info: =================================
2023-03-29 12:52:53 info: =================================
2023-03-29 12:52:53 info: ======= ENV: development =======
2023-03-29 12:52:53 info: 🚀 App listening on the port 3000
2023-03-29 12:52:53 info: =================================
2023-03-29 12:52:58 info: [0mPOST /post/webhook [32m201[0m 509.841 ms - 46[0m
2023-03-29 12:52:59 info: [0mPOST /post/webhook [32m201[0m 500.539 ms - 46[0m
2023-03-29 12:52:59 info: [0mPOST /post/webhook [32m201[0m 498.680 ms - 46[0m
2023-03-29 12:55:24 info: =================================
2023-03-29 12:55:24 info: ======= ENV: development =======
2023-03-29 12:55:24 info: 🚀 App listening on the port 3000
2023-03-29 12:55:24 info: =================================
2023-03-29 12:55:32 info: =================================
2023-03-29 12:55:32 info: ======= ENV: development =======
2023-03-29 12:55:32 info: 🚀 App listening on the port 3000
2023-03-29 12:55:32 info: =================================
2023-03-29 12:55:41 info: =================================
2023-03-29 12:55:41 info: ======= ENV: development =======
2023-03-29 12:55:41 info: 🚀 App listening on the port 3000
2023-03-29 12:55:41 info: =================================
2023-03-29 12:55:45 info: =================================
2023-03-29 12:55:45 info: ======= ENV: development =======
2023-03-29 12:55:45 info: 🚀 App listening on the port 3000
2023-03-29 12:55:45 info: =================================
2023-03-29 12:55:49 info: =================================
2023-03-29 12:55:49 info: ======= ENV: development =======
2023-03-29 12:55:49 info: 🚀 App listening on the port 3000
2023-03-29 12:55:49 info: =================================
2023-03-29 12:55:54 info: [0mPOST /post/webhook [32m201[0m 581.742 ms - 46[0m
2023-03-29 12:55:54 info: [0mPOST /post/webhook [32m201[0m 500.279 ms - 46[0m
2023-03-29 12:55:54 info: [0mPOST /post/webhook [32m201[0m 518.512 ms - 46[0m
2023-03-29 12:58:17 info: =================================
2023-03-29 12:58:17 info: ======= ENV: development =======
2023-03-29 12:58:17 info: 🚀 App listening on the port 3000
2023-03-29 12:58:17 info: =================================
2023-03-29 12:58:27 info: [0mPOST /post/webhook [32m201[0m 556.868 ms - 46[0m
2023-03-29 12:58:27 info: [0mPOST /post/webhook [32m201[0m 539.308 ms - 46[0m
2023-03-29 12:58:28 info: [0mPOST /post/webhook [32m201[0m 467.237 ms - 46[0m
2023-03-29 12:58:42 info: =================================
2023-03-29 12:58:42 info: ======= ENV: development =======
2023-03-29 12:58:42 info: 🚀 App listening on the port 3000
2023-03-29 12:58:42 info: =================================
2023-03-29 12:58:48 info: =================================
2023-03-29 12:58:48 info: ======= ENV: development =======
2023-03-29 12:58:48 info: 🚀 App listening on the port 3000
2023-03-29 12:58:48 info: =================================
2023-03-29 12:59:22 info: =================================
2023-03-29 12:59:22 info: ======= ENV: development =======
2023-03-29 12:59:22 info: 🚀 App listening on the port 3000
2023-03-29 12:59:22 info: =================================
2023-03-29 13:00:31 info: [0mPOST /post/webhook [32m201[0m 574.669 ms - 46[0m
2023-03-29 13:00:31 info: [0mPOST /post/webhook [32m201[0m 473.869 ms - 46[0m
2023-03-29 13:00:31 info: [0mPOST /post/webhook [32m201[0m 551.489 ms - 46[0m
2023-03-29 13:02:15 info: [0mPOST /post/webhook [32m201[0m 656.666 ms - 46[0m
2023-03-29 13:02:15 info: [0mPOST /post/webhook [32m201[0m 671.810 ms - 46[0m
2023-03-29 13:02:15 info: [0mPOST /post/webhook [32m201[0m 668.990 ms - 46[0m
2023-03-29 13:08:25 info: =================================
2023-03-29 13:08:25 info: ======= ENV: development =======
2023-03-29 13:08:25 info: 🚀 App listening on the port 3000
2023-03-29 13:08:25 info: =================================
2023-03-29 13:08:29 info: =================================
2023-03-29 13:08:29 info: ======= ENV: development =======
2023-03-29 13:08:29 info: 🚀 App listening on the port 3000
2023-03-29 13:08:29 info: =================================
2023-03-29 13:16:49 info: =================================
2023-03-29 13:16:49 info: ======= ENV: development =======
2023-03-29 13:16:49 info: 🚀 App listening on the port 3000
2023-03-29 13:16:49 info: =================================
2023-03-29 13:20:17 info: =================================
2023-03-29 13:20:17 info: ======= ENV: development =======
2023-03-29 13:20:17 info: 🚀 App listening on the port 3000
2023-03-29 13:20:17 info: =================================
2023-03-29 13:20:29 info: =================================
2023-03-29 13:20:29 info: ======= ENV: development =======
2023-03-29 13:20:29 info: 🚀 App listening on the port 3000
2023-03-29 13:20:29 info: =================================
2023-03-29 13:21:21 info: =================================
2023-03-29 13:21:21 info: ======= ENV: development =======
2023-03-29 13:21:21 info: 🚀 App listening on the port 3000
2023-03-29 13:21:21 info: =================================
2023-03-29 13:21:30 info: =================================
2023-03-29 13:21:30 info: ======= ENV: development =======
2023-03-29 13:21:30 info: 🚀 App listening on the port 3000
2023-03-29 13:21:30 info: =================================
2023-03-29 13:21:32 info: =================================
2023-03-29 13:21:32 info: ======= ENV: development =======
2023-03-29 13:21:32 info: 🚀 App listening on the port 3000
2023-03-29 13:21:32 info: =================================
2023-03-29 13:21:39 info: =================================
2023-03-29 13:21:39 info: ======= ENV: development =======
2023-03-29 13:21:39 info: 🚀 App listening on the port 3000
2023-03-29 13:21:39 info: =================================
2023-03-29 13:21:43 info: =================================
2023-03-29 13:21:43 info: ======= ENV: development =======
2023-03-29 13:21:43 info: 🚀 App listening on the port 3000
2023-03-29 13:21:43 info: =================================
2023-03-29 13:21:47 info: =================================
2023-03-29 13:21:47 info: ======= ENV: development =======
2023-03-29 13:21:47 info: 🚀 App listening on the port 3000
2023-03-29 13:21:47 info: =================================
2023-03-29 13:21:53 info: =================================
2023-03-29 13:21:53 info: ======= ENV: development =======
2023-03-29 13:21:53 info: 🚀 App listening on the port 3000
2023-03-29 13:21:53 info: =================================
2023-03-29 13:21:59 info: =================================
2023-03-29 13:21:59 info: ======= ENV: development =======
2023-03-29 13:21:59 info: 🚀 App listening on the port 3000
2023-03-29 13:21:59 info: =================================
2023-03-29 13:22:03 info: =================================
2023-03-29 13:22:03 info: ======= ENV: development =======
2023-03-29 13:22:03 info: 🚀 App listening on the port 3000
2023-03-29 13:22:03 info: =================================
2023-03-29 13:22:13 info: =================================
2023-03-29 13:22:13 info: ======= ENV: development =======
2023-03-29 13:22:13 info: 🚀 App listening on the port 3000
2023-03-29 13:22:13 info: =================================
2023-03-29 13:22:19 info: =================================
2023-03-29 13:22:19 info: ======= ENV: development =======
2023-03-29 13:22:19 info: 🚀 App listening on the port 3000
2023-03-29 13:22:19 info: =================================
2023-03-29 13:22:22 info: =================================
2023-03-29 13:22:22 info: ======= ENV: development =======
2023-03-29 13:22:22 info: 🚀 App listening on the port 3000
2023-03-29 13:22:22 info: =================================
2023-03-29 13:22:26 info: =================================
2023-03-29 13:22:26 info: ======= ENV: development =======
2023-03-29 13:22:26 info: 🚀 App listening on the port 3000
2023-03-29 13:22:26 info: =================================
2023-03-29 13:22:39 info: =================================
2023-03-29 13:22:39 info: ======= ENV: development =======
2023-03-29 13:22:39 info: 🚀 App listening on the port 3000
2023-03-29 13:22:39 info: =================================
2023-03-29 13:22:42 info: =================================
2023-03-29 13:22:42 info: ======= ENV: development =======
2023-03-29 13:22:42 info: 🚀 App listening on the port 3000
2023-03-29 13:22:42 info: =================================
2023-03-29 13:22:54 info: =================================
2023-03-29 13:22:54 info: ======= ENV: development =======
2023-03-29 13:22:54 info: 🚀 App listening on the port 3000
2023-03-29 13:22:54 info: =================================
2023-03-29 13:22:58 info: =================================
2023-03-29 13:22:58 info: ======= ENV: development =======
2023-03-29 13:22:58 info: 🚀 App listening on the port 3000
2023-03-29 13:22:58 info: =================================
2023-03-29 13:23:08 info: =================================
2023-03-29 13:23:08 info: ======= ENV: development =======
2023-03-29 13:23:08 info: 🚀 App listening on the port 3000
2023-03-29 13:23:08 info: =================================
2023-03-29 13:23:22 info: =================================
2023-03-29 13:23:22 info: ======= ENV: development =======
2023-03-29 13:23:22 info: 🚀 App listening on the port 3000
2023-03-29 13:23:22 info: =================================
2023-03-29 13:23:25 info: =================================
2023-03-29 13:23:25 info: ======= ENV: development =======
2023-03-29 13:23:25 info: 🚀 App listening on the port 3000
2023-03-29 13:23:25 info: =================================
2023-03-29 13:23:29 info: =================================
2023-03-29 13:23:29 info: ======= ENV: development =======
2023-03-29 13:23:29 info: 🚀 App listening on the port 3000
2023-03-29 13:23:29 info: =================================
2023-03-29 13:23:40 info: =================================
2023-03-29 13:23:40 info: ======= ENV: development =======
2023-03-29 13:23:40 info: 🚀 App listening on the port 3000
2023-03-29 13:23:40 info: =================================
2023-03-29 13:23:53 info: =================================
2023-03-29 13:23:53 info: ======= ENV: development =======
2023-03-29 13:23:53 info: 🚀 App listening on the port 3000
2023-03-29 13:23:53 info: =================================
2023-03-29 13:26:22 info: =================================
2023-03-29 13:26:22 info: ======= ENV: development =======
2023-03-29 13:26:22 info: 🚀 App listening on the port 3000
2023-03-29 13:26:22 info: =================================
2023-03-29 13:26:48 info: =================================
2023-03-29 13:26:48 info: ======= ENV: development =======
2023-03-29 13:26:48 info: 🚀 App listening on the port 3000
2023-03-29 13:26:48 info: =================================
2023-03-29 13:28:15 info: =================================
2023-03-29 13:28:15 info: ======= ENV: development =======
2023-03-29 13:28:15 info: 🚀 App listening on the port 3000
2023-03-29 13:28:15 info: =================================
2023-03-29 13:28:21 info: =================================
2023-03-29 13:28:21 info: ======= ENV: development =======
2023-03-29 13:28:21 info: 🚀 App listening on the port 3000
2023-03-29 13:28:21 info: =================================
2023-03-29 13:28:34 info: =================================
2023-03-29 13:28:34 info: ======= ENV: development =======
2023-03-29 13:28:34 info: 🚀 App listening on the port 3000
2023-03-29 13:28:34 info: =================================
2023-03-29 13:28:46 info: =================================
2023-03-29 13:28:46 info: ======= ENV: development =======
2023-03-29 13:28:46 info: 🚀 App listening on the port 3000
2023-03-29 13:28:46 info: =================================
2023-03-29 13:28:51 info: =================================
2023-03-29 13:28:51 info: ======= ENV: development =======
2023-03-29 13:28:51 info: 🚀 App listening on the port 3000
2023-03-29 13:28:51 info: =================================
2023-03-29 13:28:58 info: =================================
2023-03-29 13:28:58 info: ======= ENV: development =======
2023-03-29 13:28:58 info: 🚀 App listening on the port 3000
2023-03-29 13:28:58 info: =================================
2023-03-29 13:29:32 info: =================================
2023-03-29 13:29:32 info: ======= ENV: development =======
2023-03-29 13:29:32 info: 🚀 App listening on the port 3000
2023-03-29 13:29:32 info: =================================
2023-03-29 13:29:35 info: =================================
2023-03-29 13:29:35 info: ======= ENV: development =======
2023-03-29 13:29:35 info: 🚀 App listening on the port 3000
2023-03-29 13:29:35 info: =================================
2023-03-29 13:29:47 info: =================================
2023-03-29 13:29:47 info: ======= ENV: development =======
2023-03-29 13:29:47 info: 🚀 App listening on the port 3000
2023-03-29 13:29:47 info: =================================
2023-03-29 13:29:50 info: =================================
2023-03-29 13:29:50 info: ======= ENV: development =======
2023-03-29 13:29:50 info: 🚀 App listening on the port 3000
2023-03-29 13:29:50 info: =================================
2023-03-29 16:33:40 info: [0mGET / [32m200[0m 7.457 ms - 2[0m
2023-03-29 16:34:29 info: [0mGET / [36m304[0m 0.699 ms - -[0m
2023-03-29 16:44:12 info: [0mPOST /post/webhook [32m201[0m 717.482 ms - 46[0m
2023-03-29 16:55:50 info: =================================
2023-03-29 16:55:50 info: ======= ENV: development =======
2023-03-29 16:55:50 info: 🚀 App listening on the port 3000
2023-03-29 16:55:50 info: =================================
2023-03-29 18:16:34 info: =================================
2023-03-29 18:16:34 info: ======= ENV: development =======
2023-03-29 18:16:34 info: 🚀 App listening on the port 3000
2023-03-29 18:16:34 info: =================================
2023-03-29 18:16:45 info: [0mPOST /post/webhook [32m201[0m 668.637 ms - 46[0m
2023-03-29 18:16:45 info: [0mPOST /post/webhook [32m201[0m 475.695 ms - 46[0m
2023-03-29 18:16:45 info: [0mPOST /post/webhook [32m201[0m 543.821 ms - 46[0m
2023-03-29 18:17:13 info: =================================
2023-03-29 18:17:13 info: ======= ENV: development =======
2023-03-29 18:17:13 info: 🚀 App listening on the port 3000
2023-03-29 18:17:13 info: =================================
2023-03-29 18:17:15 info: =================================
2023-03-29 18:17:15 info: ======= ENV: development =======
2023-03-29 18:17:15 info: 🚀 App listening on the port 3000
2023-03-29 18:17:15 info: =================================
2023-03-29 18:17:20 info: =================================
2023-03-29 18:17:20 info: ======= ENV: development =======
2023-03-29 18:17:20 info: 🚀 App listening on the port 3000
2023-03-29 18:17:20 info: =================================
2023-03-29 18:17:22 info: =================================
2023-03-29 18:17:22 info: ======= ENV: development =======
2023-03-29 18:17:22 info: 🚀 App listening on the port 3000
2023-03-29 18:17:22 info: =================================
2023-03-29 18:17:24 info: [0mPOST /post/webhook [32m201[0m 581.051 ms - 46[0m
2023-03-29 18:17:24 info: [0mPOST /post/webhook [32m201[0m 476.331 ms - 46[0m
2023-03-29 18:17:24 info: [0mPOST /post/webhook [32m201[0m 572.161 ms - 46[0m
2023-03-29 18:18:35 info: =================================
2023-03-29 18:18:35 info: ======= ENV: development =======
2023-03-29 18:18:35 info: 🚀 App listening on the port 3000
2023-03-29 18:18:35 info: =================================
2023-03-29 18:18:39 info: [0mPOST /post/webhook [32m201[0m 594.014 ms - 46[0m
2023-03-29 18:18:39 info: [0mPOST /post/webhook [32m201[0m 575.906 ms - 46[0m
2023-03-29 18:18:39 info: [0mPOST /post/webhook [32m201[0m 580.128 ms - 46[0m
2023-03-29 18:19:27 info: =================================
2023-03-29 18:19:27 info: ======= ENV: development =======
2023-03-29 18:19:27 info: 🚀 App listening on the port 3000
2023-03-29 18:19:27 info: =================================
2023-03-29 18:19:31 info: =================================
2023-03-29 18:19:31 info: ======= ENV: development =======
2023-03-29 18:19:31 info: 🚀 App listening on the port 3000
2023-03-29 18:19:31 info: =================================
2023-03-29 18:19:38 info: [0mPOST /post/webhook [32m201[0m 594.247 ms - 46[0m
2023-03-29 18:19:38 info: [0mPOST /post/webhook [32m201[0m 581.867 ms - 46[0m
2023-03-29 18:19:39 info: [0mPOST /post/webhook [32m201[0m 565.797 ms - 46[0m
2023-03-29 18:19:45 info: [0mPOST /post/webhook [32m201[0m 557.529 ms - 46[0m
2023-03-29 18:19:45 info: [0mPOST /post/webhook [32m201[0m 523.034 ms - 46[0m
2023-03-29 18:19:45 info: [0mPOST /post/webhook [32m201[0m 564.288 ms - 46[0m
2023-03-29 18:20:06 info: =================================
2023-03-29 18:20:06 info: ======= ENV: development =======
2023-03-29 18:20:06 info: 🚀 App listening on the port 3000
2023-03-29 18:20:06 info: =================================
2023-03-29 18:20:08 info: =================================
2023-03-29 18:20:08 info: ======= ENV: development =======
2023-03-29 18:20:08 info: 🚀 App listening on the port 3000
2023-03-29 18:20:08 info: =================================
2023-03-29 18:20:38 info: =================================
2023-03-29 18:20:38 info: ======= ENV: development =======
2023-03-29 18:20:38 info: 🚀 App listening on the port 3000
2023-03-29 18:20:38 info: =================================
2023-03-29 18:20:43 info: =================================
2023-03-29 18:20:43 info: ======= ENV: development =======
2023-03-29 18:20:43 info: 🚀 App listening on the port 3000
2023-03-29 18:20:43 info: =================================
2023-03-29 18:20:49 info: =================================
2023-03-29 18:20:49 info: ======= ENV: development =======
2023-03-29 18:20:49 info: 🚀 App listening on the port 3000
2023-03-29 18:20:49 info: =================================
2023-03-29 18:21:21 info: [0mPOST /post/webhook [0m-[0m - ms - -[0m
2023-03-29 18:21:21 info: [0mPOST /post/webhook [0m-[0m - ms - -[0m
2023-03-29 18:21:21 info: [0mPOST /post/webhook [0m-[0m - ms - -[0m
2023-03-29 18:22:14 info: =================================
2023-03-29 18:22:14 info: ======= ENV: development =======
2023-03-29 18:22:14 info: 🚀 App listening on the port 3000
2023-03-29 18:22:14 info: =================================
2023-03-29 18:22:48 info: [0mPOST /post/webhook [0m-[0m - ms - -[0m
2023-03-29 18:22:48 info: [0mPOST /post/webhook [0m-[0m - ms - -[0m
2023-03-29 18:22:48 info: [0mPOST /post/webhook [0m-[0m - ms - -[0m
2023-03-29 18:23:33 info: =================================
2023-03-29 18:23:33 info: ======= ENV: development =======
2023-03-29 18:23:33 info: 🚀 App listening on the port 3000
2023-03-29 18:23:33 info: =================================
2023-03-29 18:23:56 info: =================================
2023-03-29 18:23:56 info: ======= ENV: development =======
2023-03-29 18:23:56 info: 🚀 App listening on the port 3000
2023-03-29 18:23:56 info: =================================
2023-03-29 18:23:59 info: =================================
2023-03-29 18:23:59 info: ======= ENV: development =======
2023-03-29 18:23:59 info: 🚀 App listening on the port 3000
2023-03-29 18:23:59 info: =================================
2023-03-29 18:24:03 info: =================================
2023-03-29 18:24:03 info: ======= ENV: development =======
2023-03-29 18:24:03 info: 🚀 App listening on the port 3000
2023-03-29 18:24:03 info: =================================
2023-03-29 18:24:44 info: =================================
2023-03-29 18:24:44 info: ======= ENV: development =======
2023-03-29 18:24:44 info: 🚀 App listening on the port 3000
2023-03-29 18:24:44 info: =================================
2023-03-29 18:25:23 info: [0mPOST /post/webhook [0m-[0m - ms - -[0m
2023-03-29 18:25:23 info: [0mPOST /post/webhook [0m-[0m - ms - -[0m
2023-03-29 18:25:23 info: [0mPOST /post/webhook [0m-[0m - ms - -[0m
2023-03-29 18:25:36 info: =================================
2023-03-29 18:25:36 info: ======= ENV: development =======
2023-03-29 18:25:36 info: 🚀 App listening on the port 3000
2023-03-29 18:25:36 info: =================================
2023-03-29 18:26:18 info: =================================
2023-03-29 18:26:18 info: ======= ENV: development =======
2023-03-29 18:26:18 info: 🚀 App listening on the port 3000
2023-03-29 18:26:18 info: =================================
2023-03-29 18:29:26 info: =================================
2023-03-29 18:29:26 info: ======= ENV: development =======
2023-03-29 18:29:26 info: 🚀 App listening on the port 3000
2023-03-29 18:29:26 info: =================================
2023-03-29 18:29:30 info: =================================
2023-03-29 18:29:30 info: ======= ENV: development =======
2023-03-29 18:29:30 info: 🚀 App listening on the port 3000
2023-03-29 18:29:30 info: =================================
2023-03-29 18:29:34 info: =================================
2023-03-29 18:29:34 info: ======= ENV: development =======
2023-03-29 18:29:34 info: 🚀 App listening on the port 3000
2023-03-29 18:29:34 info: =================================
2023-03-29 18:30:15 info: =================================
2023-03-29 18:30:15 info: ======= ENV: development =======
2023-03-29 18:30:15 info: 🚀 App listening on the port 3000
2023-03-29 18:30:15 info: =================================
2023-03-29 18:30:20 info: =================================
2023-03-29 18:30:20 info: ======= ENV: development =======
2023-03-29 18:30:20 info: 🚀 App listening on the port 3000
2023-03-29 18:30:20 info: =================================
2023-03-29 18:30:58 info: [0mPOST /post/webhook [0m-[0m - ms - -[0m
2023-03-29 18:30:58 info: [0mPOST /post/webhook [0m-[0m - ms - -[0m
2023-03-29 18:30:58 info: [0mPOST /post/webhook [0m-[0m - ms - -[0m
2023-03-29 18:32:17 info: =================================
2023-03-29 18:32:17 info: ======= ENV: development =======
2023-03-29 18:32:17 info: 🚀 App listening on the port 3000
2023-03-29 18:32:17 info: =================================
2023-03-29 18:33:01 info: =================================
2023-03-29 18:33:01 info: ======= ENV: development =======
2023-03-29 18:33:01 info: 🚀 App listening on the port 3000
2023-03-29 18:33:01 info: =================================
2023-03-29 18:35:19 info: =================================
2023-03-29 18:35:19 info: ======= ENV: development =======
2023-03-29 18:35:19 info: 🚀 App listening on the port 3000
2023-03-29 18:35:19 info: =================================
2023-03-29 18:35:23 info: =================================
2023-03-29 18:35:23 info: ======= ENV: development =======
2023-03-29 18:35:23 info: 🚀 App listening on the port 3000
2023-03-29 18:35:23 info: =================================
2023-03-29 18:36:05 info: [0mPOST /post/webhook [0m-[0m - ms - -[0m
2023-03-29 18:36:05 info: [0mPOST /post/webhook [0m-[0m - ms - -[0m
2023-03-29 18:36:05 info: [0mPOST /post/webhook [0m-[0m - ms - -[0m
2023-03-29 18:36:52 info: =================================
2023-03-29 18:36:52 info: ======= ENV: development =======
2023-03-29 18:36:52 info: 🚀 App listening on the port 3000
2023-03-29 18:36:52 info: =================================
2023-03-29 18:37:26 info: [0mPOST /post/webhook [0m-[0m - ms - -[0m
2023-03-29 18:37:26 info: [0mPOST /post/webhook [0m-[0m - ms - -[0m
2023-03-29 18:37:26 info: [0mPOST /post/webhook [0m-[0m - ms - -[0m
2023-03-29 18:37:44 info: =================================
2023-03-29 18:37:44 info: ======= ENV: development =======
2023-03-29 18:37:44 info: 🚀 App listening on the port 3000
2023-03-29 18:37:44 info: =================================
2023-03-29 18:39:46 info: =================================
2023-03-29 18:39:46 info: ======= ENV: development =======
2023-03-29 18:39:46 info: 🚀 App listening on the port 3000
2023-03-29 18:39:46 info: =================================
2023-03-29 18:39:52 info: =================================
2023-03-29 18:39:52 info: ======= ENV: development =======
2023-03-29 18:39:52 info: 🚀 App listening on the port 3000
2023-03-29 18:39:52 info: =================================
