2023-10-02 10:02:42 info: =================================
2023-10-02 10:02:42 info: ======= ENV: development =======
2023-10-02 10:02:42 info: 🚀 App listening on the port 4000
2023-10-02 10:02:42 info: =================================
2023-10-02 10:20:08 info: [0mPOST /login [32m200[0m 852.938 ms - 579[0m
2023-10-02 10:20:10 info: [0mGET /albums/popular [32m201[0m 383.078 ms - -[0m
2023-10-02 10:20:10 info: [0mGET /albums/categories [32m201[0m 386.287 ms - 184[0m
2023-10-02 10:20:10 info: [0mGET /albums [32m201[0m 381.137 ms - -[0m
2023-10-02 10:20:11 info: [0mGET /public/files/albums/WhatsApp%20Image%202023-09-23%20at%201956.37.jpeg0034f1afcc9e592713c9ee5552d73c5c673bbb4734092023.jpeg [32m200[0m 4.226 ms - 64745[0m
2023-10-02 10:20:11 info: [0mGET /public/files/albums/WhatsApp%20Image%202023-09-23%20at%201956.38.jpegb0f0034f1afcc9e592713c9ee5552d73c5c673bb47092023.jpeg [32m200[0m 0.765 ms - 137382[0m
2023-10-02 10:20:11 info: [0mGET /public/files/albums/WhatsApp%20Image%202023-09-23%20at%201957.21.jpeg4f1afcc9e592713c9ee5552d73c5c673bbb47dff48092023.jpeg [32m200[0m 5.132 ms - 41707[0m
2023-10-02 10:20:11 info: [0mGET /public/files/albums/WhatsApp%20Image%202023-09-23%20at%201957.21.jpeg5afb0f0034f1afcc9e592713c9ee5552d73c5c6737092023.jpeg [32m200[0m 0.908 ms - 41707[0m
2023-10-02 10:20:33 info: [0mGET /albums/popular [32m201[0m 401.417 ms - -[0m
2023-10-02 10:20:33 info: [0mGET /albums [32m201[0m 357.410 ms - -[0m
2023-10-02 10:20:33 info: [0mGET /albums/categories [32m201[0m 363.918 ms - 184[0m
2023-10-02 10:26:00 info: [0mPOST /refreshtoken [33m404[0m 2.066 ms - 152[0m
2023-10-02 10:26:05 info: [0mGET /refreshtoken [33m404[0m 1.053 ms - 151[0m
2023-10-02 10:27:02 info: [0mPOST /refreshtoken [33m404[0m 0.634 ms - 152[0m
2023-10-02 10:27:13 error: [POST] /refresh >> StatusCode:: 500, Message:: Cannot read property 'token' of undefined
2023-10-02 10:27:13 info: [0mPOST /refresh [31m500[0m 1.576 ms - 55[0m
2023-10-02 10:27:21 error: [POST] /refresh >> StatusCode:: 500, Message:: Cannot read property 'token' of undefined
2023-10-02 10:27:21 info: [0mPOST /refresh [31m500[0m 1.124 ms - 55[0m
2023-10-02 10:27:32 info: =================================
2023-10-02 10:27:32 info: ======= ENV: development =======
2023-10-02 10:27:32 info: 🚀 App listening on the port 4000
2023-10-02 10:27:32 info: =================================
2023-10-02 10:27:51 info: [0mPOST /refresh [32m200[0m 23.679 ms - 473[0m
2023-10-02 10:36:27 info: =================================
2023-10-02 10:36:27 info: ======= ENV: development =======
2023-10-02 10:36:27 info: 🚀 App listening on the port 4000
2023-10-02 10:36:27 info: =================================
2023-10-02 10:36:30 info: =================================
2023-10-02 10:36:30 info: ======= ENV: development =======
2023-10-02 10:36:30 info: 🚀 App listening on the port 4000
2023-10-02 10:36:30 info: =================================
2023-10-02 10:36:40 error: [GET] /albums/popular >> StatusCode:: 404, Message:: Authentication token missing
2023-10-02 10:36:40 info: [0mGET /albums/popular [33m404[0m 9.129 ms - 42[0m
2023-10-02 10:37:34 info: =================================
2023-10-02 10:37:34 info: ======= ENV: development =======
2023-10-02 10:37:34 info: 🚀 App listening on the port 4000
2023-10-02 10:37:34 info: =================================
2023-10-02 10:37:49 info: =================================
2023-10-02 10:37:49 info: ======= ENV: development =======
2023-10-02 10:37:49 info: 🚀 App listening on the port 4000
2023-10-02 10:37:49 info: =================================
2023-10-02 10:37:53 info: =================================
2023-10-02 10:37:53 info: ======= ENV: development =======
2023-10-02 10:37:53 info: 🚀 App listening on the port 4000
2023-10-02 10:37:53 info: =================================
2023-10-02 10:37:57 info: =================================
2023-10-02 10:37:57 info: ======= ENV: development =======
2023-10-02 10:37:57 info: 🚀 App listening on the port 4000
2023-10-02 10:37:57 info: =================================
2023-10-02 10:45:41 info: [0mPOST /refresh [32m200[0m 23.785 ms - 473[0m
2023-10-02 10:49:35 info: =================================
2023-10-02 10:49:35 info: ======= ENV: development =======
2023-10-02 10:49:35 info: 🚀 App listening on the port 4000
2023-10-02 10:49:35 info: =================================
2023-10-02 10:49:39 info: =================================
2023-10-02 10:49:39 info: ======= ENV: development =======
2023-10-02 10:49:39 info: 🚀 App listening on the port 4000
2023-10-02 10:49:39 info: =================================
2023-10-02 10:49:47 info: =================================
2023-10-02 10:49:47 info: ======= ENV: development =======
2023-10-02 10:49:47 info: 🚀 App listening on the port 4000
2023-10-02 10:49:47 info: =================================
2023-10-02 10:49:53 info: =================================
2023-10-02 10:49:53 info: ======= ENV: development =======
2023-10-02 10:49:53 info: 🚀 App listening on the port 4000
2023-10-02 10:49:53 info: =================================
2023-10-02 10:49:59 info: =================================
2023-10-02 10:49:59 info: ======= ENV: development =======
2023-10-02 10:49:59 info: 🚀 App listening on the port 4000
2023-10-02 10:49:59 info: =================================
2023-10-02 10:50:05 info: =================================
2023-10-02 10:50:05 info: ======= ENV: development =======
2023-10-02 10:50:05 info: 🚀 App listening on the port 4000
2023-10-02 10:50:05 info: =================================
2023-10-02 10:52:02 info: =================================
2023-10-02 10:52:02 info: ======= ENV: development =======
2023-10-02 10:52:02 info: 🚀 App listening on the port 4000
2023-10-02 10:52:02 info: =================================
2023-10-02 10:52:22 info: =================================
2023-10-02 10:52:22 info: ======= ENV: development =======
2023-10-02 10:52:22 info: 🚀 App listening on the port 4000
2023-10-02 10:52:22 info: =================================
2023-10-02 10:52:25 info: =================================
2023-10-02 10:52:25 info: ======= ENV: development =======
2023-10-02 10:52:25 info: 🚀 App listening on the port 4000
2023-10-02 10:52:25 info: =================================
2023-10-02 10:52:38 info: =================================
2023-10-02 10:52:38 info: ======= ENV: development =======
2023-10-02 10:52:38 info: 🚀 App listening on the port 4000
2023-10-02 10:52:38 info: =================================
2023-10-02 10:53:00 info: =================================
2023-10-02 10:53:00 info: ======= ENV: development =======
2023-10-02 10:53:00 info: 🚀 App listening on the port 4000
2023-10-02 10:53:00 info: =================================
2023-10-02 10:53:50 info: =================================
2023-10-02 10:53:50 info: ======= ENV: development =======
2023-10-02 10:53:50 info: 🚀 App listening on the port 4000
2023-10-02 10:53:50 info: =================================
2023-10-02 10:53:56 info: =================================
2023-10-02 10:53:56 info: ======= ENV: development =======
2023-10-02 10:53:56 info: 🚀 App listening on the port 4000
2023-10-02 10:53:56 info: =================================
2023-10-02 10:54:02 info: =================================
2023-10-02 10:54:02 info: ======= ENV: development =======
2023-10-02 10:54:02 info: 🚀 App listening on the port 4000
2023-10-02 10:54:02 info: =================================
2023-10-02 10:54:15 info: =================================
2023-10-02 10:54:15 info: ======= ENV: development =======
2023-10-02 10:54:15 info: 🚀 App listening on the port 4000
2023-10-02 10:54:15 info: =================================
2023-10-02 10:54:25 info: =================================
2023-10-02 10:54:25 info: ======= ENV: development =======
2023-10-02 10:54:25 info: 🚀 App listening on the port 4000
2023-10-02 10:54:25 info: =================================
2023-10-02 10:54:35 info: =================================
2023-10-02 10:54:35 info: ======= ENV: development =======
2023-10-02 10:54:35 info: 🚀 App listening on the port 4000
2023-10-02 10:54:35 info: =================================
2023-10-02 10:54:39 info: =================================
2023-10-02 10:54:39 info: ======= ENV: development =======
2023-10-02 10:54:39 info: 🚀 App listening on the port 4000
2023-10-02 10:54:39 info: =================================
2023-10-02 10:54:42 info: =================================
2023-10-02 10:54:42 info: ======= ENV: development =======
2023-10-02 10:54:42 info: 🚀 App listening on the port 4000
2023-10-02 10:54:42 info: =================================
2023-10-02 10:54:50 info: =================================
2023-10-02 10:54:50 info: ======= ENV: development =======
2023-10-02 10:54:50 info: 🚀 App listening on the port 4000
2023-10-02 10:54:50 info: =================================
2023-10-02 10:55:12 info: =================================
2023-10-02 10:55:12 info: ======= ENV: development =======
2023-10-02 10:55:12 info: 🚀 App listening on the port 4000
2023-10-02 10:55:12 info: =================================
2023-10-02 10:55:17 info: =================================
2023-10-02 10:55:17 info: ======= ENV: development =======
2023-10-02 10:55:17 info: 🚀 App listening on the port 4000
2023-10-02 10:55:17 info: =================================
2023-10-02 10:55:20 info: [0mPOST /login [32m200[0m 496.704 ms - 44[0m
2023-10-02 10:55:36 info: [0mPOST /login [32m200[0m 596.482 ms - 600[0m
2023-10-02 10:56:24 info: =================================
2023-10-02 10:56:24 info: ======= ENV: development =======
2023-10-02 10:56:24 info: 🚀 App listening on the port 4000
2023-10-02 10:56:24 info: =================================
2023-10-02 11:07:00 info: =================================
2023-10-02 11:07:00 info: ======= ENV: development =======
2023-10-02 11:07:00 info: 🚀 App listening on the port 4000
2023-10-02 11:07:00 info: =================================
2023-10-02 11:11:21 info: =================================
2023-10-02 11:11:21 info: ======= ENV: development =======
2023-10-02 11:11:21 info: 🚀 App listening on the port 4000
2023-10-02 11:11:21 info: =================================
2023-10-02 11:11:41 info: =================================
2023-10-02 11:11:41 info: ======= ENV: development =======
2023-10-02 11:11:41 info: 🚀 App listening on the port 4000
2023-10-02 11:11:41 info: =================================
2023-10-02 11:11:44 info: =================================
2023-10-02 11:11:44 info: ======= ENV: development =======
2023-10-02 11:11:44 info: 🚀 App listening on the port 4000
2023-10-02 11:11:44 info: =================================
2023-10-02 11:12:15 info: =================================
2023-10-02 11:12:15 info: ======= ENV: development =======
2023-10-02 11:12:15 info: 🚀 App listening on the port 4000
2023-10-02 11:12:15 info: =================================
2023-10-02 11:12:18 info: =================================
2023-10-02 11:12:18 info: ======= ENV: development =======
2023-10-02 11:12:18 info: 🚀 App listening on the port 4000
2023-10-02 11:12:18 info: =================================
2023-10-02 11:12:44 info: =================================
2023-10-02 11:12:44 info: ======= ENV: development =======
2023-10-02 11:12:44 info: 🚀 App listening on the port 4000
2023-10-02 11:12:44 info: =================================
2023-10-02 11:12:48 info: =================================
2023-10-02 11:12:48 info: ======= ENV: development =======
2023-10-02 11:12:48 info: 🚀 App listening on the port 4000
2023-10-02 11:12:48 info: =================================
2023-10-02 11:12:57 info: =================================
2023-10-02 11:12:57 info: ======= ENV: development =======
2023-10-02 11:12:57 info: 🚀 App listening on the port 4000
2023-10-02 11:12:57 info: =================================
2023-10-02 11:13:02 info: =================================
2023-10-02 11:13:02 info: ======= ENV: development =======
2023-10-02 11:13:02 info: 🚀 App listening on the port 4000
2023-10-02 11:13:02 info: =================================
2023-10-02 11:15:42 info: =================================
2023-10-02 11:15:42 info: ======= ENV: development =======
2023-10-02 11:15:42 info: 🚀 App listening on the port 4000
2023-10-02 11:15:42 info: =================================
2023-10-02 11:15:45 info: =================================
2023-10-02 11:15:45 info: ======= ENV: development =======
2023-10-02 11:15:45 info: 🚀 App listening on the port 4000
2023-10-02 11:15:45 info: =================================
2023-10-02 11:17:06 info: =================================
2023-10-02 11:17:06 info: ======= ENV: development =======
2023-10-02 11:17:06 info: 🚀 App listening on the port 4000
2023-10-02 11:17:06 info: =================================
2023-10-02 11:17:30 info: =================================
2023-10-02 11:17:30 info: ======= ENV: development =======
2023-10-02 11:17:30 info: 🚀 App listening on the port 4000
2023-10-02 11:17:30 info: =================================
2023-10-02 11:17:41 info: =================================
2023-10-02 11:17:41 info: ======= ENV: development =======
2023-10-02 11:17:41 info: 🚀 App listening on the port 4000
2023-10-02 11:17:41 info: =================================
2023-10-02 11:17:52 info: =================================
2023-10-02 11:17:52 info: ======= ENV: development =======
2023-10-02 11:17:52 info: 🚀 App listening on the port 4000
2023-10-02 11:17:52 info: =================================
2023-10-02 11:18:12 info: [0mPOST /login [32m200[0m 702.283 ms - 595[0m
2023-10-02 11:26:27 info: [0mPOST /login [32m200[0m 782.414 ms - 595[0m
2023-10-02 11:37:14 info: [0mPOST /login [32m200[0m 635.592 ms - 595[0m
2023-10-02 11:37:35 info: [0mPOST /login [32m200[0m 576.334 ms - 595[0m
2023-10-02 11:39:57 info: [0mPOST /login [32m200[0m 625.704 ms - 595[0m
2023-10-02 11:42:19 info: [0mPOST /login [32m200[0m 566.030 ms - 595[0m
2023-10-02 11:44:07 info: [0mPOST /login [32m200[0m 365.658 ms - 44[0m
2023-10-02 11:44:36 info: [0mPOST /login [32m200[0m 383.943 ms - 44[0m
2023-10-02 11:44:38 info: [0mPOST /login [32m200[0m 383.947 ms - 44[0m
2023-10-02 11:45:51 info: =================================
2023-10-02 11:45:51 info: ======= ENV: development =======
2023-10-02 11:45:51 info: 🚀 App listening on the port 4000
2023-10-02 11:45:51 info: =================================
2023-10-02 11:45:57 info: =================================
2023-10-02 11:45:57 info: ======= ENV: development =======
2023-10-02 11:45:57 info: 🚀 App listening on the port 4000
2023-10-02 11:45:57 info: =================================
2023-10-02 11:46:00 info: =================================
2023-10-02 11:46:00 info: ======= ENV: development =======
2023-10-02 11:46:00 info: 🚀 App listening on the port 4000
2023-10-02 11:46:00 info: =================================
2023-10-02 11:46:15 info: =================================
2023-10-02 11:46:15 info: ======= ENV: development =======
2023-10-02 11:46:15 info: 🚀 App listening on the port 4000
2023-10-02 11:46:15 info: =================================
2023-10-02 11:46:25 info: =================================
2023-10-02 11:46:25 info: ======= ENV: development =======
2023-10-02 11:46:25 info: 🚀 App listening on the port 4000
2023-10-02 11:46:25 info: =================================
2023-10-02 11:47:05 info: =================================
2023-10-02 11:47:05 info: ======= ENV: development =======
2023-10-02 11:47:05 info: 🚀 App listening on the port 4000
2023-10-02 11:47:05 info: =================================
2023-10-02 11:47:22 info: =================================
2023-10-02 11:47:22 info: ======= ENV: development =======
2023-10-02 11:47:22 info: 🚀 App listening on the port 4000
2023-10-02 11:47:22 info: =================================
2023-10-02 11:47:26 info: [0mPOST /login [32m200[0m 642.156 ms - 595[0m
2023-10-02 11:47:31 info: [0mPOST /login [32m200[0m 450.827 ms - -[0m
2023-10-02 11:47:55 info: [0mPOST /login [32m200[0m 564.686 ms - 595[0m
2023-10-02 11:48:02 info: [0mPOST /login [32m200[0m 446.038 ms - -[0m
2023-10-02 11:49:43 info: =================================
2023-10-02 11:49:43 info: ======= ENV: development =======
2023-10-02 11:49:43 info: 🚀 App listening on the port 4000
2023-10-02 11:49:43 info: =================================
2023-10-02 11:50:03 info: =================================
2023-10-02 11:50:03 info: ======= ENV: development =======
2023-10-02 11:50:03 info: 🚀 App listening on the port 4000
2023-10-02 11:50:03 info: =================================
2023-10-02 11:50:08 info: =================================
2023-10-02 11:50:08 info: ======= ENV: development =======
2023-10-02 11:50:08 info: 🚀 App listening on the port 4000
2023-10-02 11:50:08 info: =================================
2023-10-02 11:50:31 info: =================================
2023-10-02 11:50:31 info: ======= ENV: development =======
2023-10-02 11:50:31 info: 🚀 App listening on the port 4000
2023-10-02 11:50:31 info: =================================
2023-10-02 11:50:39 info: =================================
2023-10-02 11:50:39 info: ======= ENV: development =======
2023-10-02 11:50:39 info: 🚀 App listening on the port 4000
2023-10-02 11:50:39 info: =================================
2023-10-02 11:50:54 info: =================================
2023-10-02 11:50:54 info: ======= ENV: development =======
2023-10-02 11:50:54 info: 🚀 App listening on the port 4000
2023-10-02 11:50:54 info: =================================
2023-10-02 11:51:00 info: =================================
2023-10-02 11:51:00 info: ======= ENV: development =======
2023-10-02 11:51:00 info: 🚀 App listening on the port 4000
2023-10-02 11:51:00 info: =================================
2023-10-02 11:51:04 info: =================================
2023-10-02 11:51:04 info: ======= ENV: development =======
2023-10-02 11:51:04 info: 🚀 App listening on the port 4000
2023-10-02 11:51:04 info: =================================
2023-10-02 11:51:23 info: =================================
2023-10-02 11:51:23 info: ======= ENV: development =======
2023-10-02 11:51:23 info: 🚀 App listening on the port 4000
2023-10-02 11:51:23 info: =================================
2023-10-02 11:51:54 info: =================================
2023-10-02 11:51:54 info: ======= ENV: development =======
2023-10-02 11:51:54 info: 🚀 App listening on the port 4000
2023-10-02 11:51:54 info: =================================
2023-10-02 11:52:44 info: =================================
2023-10-02 11:52:44 info: ======= ENV: development =======
2023-10-02 11:52:44 info: 🚀 App listening on the port 4000
2023-10-02 11:52:44 info: =================================
2023-10-02 11:52:49 info: =================================
2023-10-02 11:52:49 info: ======= ENV: development =======
2023-10-02 11:52:49 info: 🚀 App listening on the port 4000
2023-10-02 11:52:49 info: =================================
2023-10-02 11:52:52 info: =================================
2023-10-02 11:52:52 info: ======= ENV: development =======
2023-10-02 11:52:52 info: 🚀 App listening on the port 4000
2023-10-02 11:52:52 info: =================================
2023-10-02 11:53:13 info: =================================
2023-10-02 11:53:13 info: ======= ENV: development =======
2023-10-02 11:53:13 info: 🚀 App listening on the port 4000
2023-10-02 11:53:13 info: =================================
2023-10-02 11:53:17 info: =================================
2023-10-02 11:53:17 info: ======= ENV: development =======
2023-10-02 11:53:17 info: 🚀 App listening on the port 4000
2023-10-02 11:53:17 info: =================================
2023-10-02 11:53:23 info: [0mPOST /login [32m200[0m 706.153 ms - 595[0m
2023-10-02 11:53:28 info: [0mPOST /login [33m403[0m 473.809 ms - 44[0m
2023-10-02 11:53:38 info: [0mPOST /login [32m200[0m 547.052 ms - 595[0m
2023-10-02 11:54:18 error: [GET] /albums/popular >> StatusCode:: 403, Message:: Authentication token missing
2023-10-02 11:54:18 info: [0mGET /albums/popular [33m403[0m 2.692 ms - 42[0m
2023-10-02 11:55:40 error: [GET] /albums/popular >> StatusCode:: 401, Message:: Wrong authentication token
2023-10-02 11:55:40 info: [0mGET /albums/popular [33m401[0m 520.306 ms - 40[0m
2023-10-02 11:56:19 info: =================================
2023-10-02 11:56:19 info: ======= ENV: development =======
2023-10-02 11:56:19 info: 🚀 App listening on the port 4000
2023-10-02 11:56:19 info: =================================
2023-10-02 11:56:20 error: [GET] /albums/popular >> StatusCode:: 401, Message:: Wrong authentication token
2023-10-02 11:56:20 info: [0mGET /albums/popular [33m401[0m 470.978 ms - 40[0m
2023-10-02 11:57:08 info: =================================
2023-10-02 11:57:08 info: ======= ENV: development =======
2023-10-02 11:57:08 info: 🚀 App listening on the port 4000
2023-10-02 11:57:08 info: =================================
2023-10-02 11:57:12 info: =================================
2023-10-02 11:57:12 info: ======= ENV: development =======
2023-10-02 11:57:12 info: 🚀 App listening on the port 4000
2023-10-02 11:57:12 info: =================================
2023-10-02 11:57:41 info: =================================
2023-10-02 11:57:41 info: ======= ENV: development =======
2023-10-02 11:57:41 info: 🚀 App listening on the port 4000
2023-10-02 11:57:41 info: =================================
2023-10-02 11:57:47 info: =================================
2023-10-02 11:57:47 info: ======= ENV: development =======
2023-10-02 11:57:47 info: 🚀 App listening on the port 4000
2023-10-02 11:57:47 info: =================================
2023-10-02 11:57:50 error: [GET] /albums/popular >> StatusCode:: 401, Message:: Wrong authentication token
2023-10-02 11:57:50 info: [0mGET /albums/popular [33m401[0m 481.942 ms - 40[0m
2023-10-02 11:58:02 info: =================================
2023-10-02 11:58:02 info: ======= ENV: development =======
2023-10-02 11:58:02 info: 🚀 App listening on the port 4000
2023-10-02 11:58:02 info: =================================
2023-10-02 11:58:04 info: =================================
2023-10-02 11:58:04 info: ======= ENV: development =======
2023-10-02 11:58:04 info: 🚀 App listening on the port 4000
2023-10-02 11:58:04 info: =================================
2023-10-02 11:58:08 error: [GET] /albums/popular >> StatusCode:: 401, Message:: Wrong authentication token
2023-10-02 11:58:08 info: [0mGET /albums/popular [33m401[0m 465.069 ms - 40[0m
2023-10-02 11:59:15 info: =================================
2023-10-02 11:59:15 info: ======= ENV: development =======
2023-10-02 11:59:15 info: 🚀 App listening on the port 4000
2023-10-02 11:59:15 info: =================================
2023-10-02 11:59:21 info: [0mPOST /login [32m200[0m 631.540 ms - 593[0m
2023-10-02 11:59:57 error: [GET] /albums/popular >> StatusCode:: 401, Message:: Wrong authentication token
2023-10-02 11:59:57 info: [0mGET /albums/popular [33m401[0m 463.628 ms - 40[0m
2023-10-02 12:00:40 info: =================================
2023-10-02 12:00:40 info: ======= ENV: development =======
2023-10-02 12:00:40 info: 🚀 App listening on the port 4000
2023-10-02 12:00:40 info: =================================
2023-10-02 12:00:51 info: =================================
2023-10-02 12:00:51 info: ======= ENV: development =======
2023-10-02 12:00:51 info: 🚀 App listening on the port 4000
2023-10-02 12:00:51 info: =================================
2023-10-02 12:02:06 info: =================================
2023-10-02 12:02:06 info: ======= ENV: development =======
2023-10-02 12:02:06 info: 🚀 App listening on the port 4000
2023-10-02 12:02:06 info: =================================
2023-10-02 12:02:21 error: [POST] /refresh >> StatusCode:: 500, Message:: Cannot read property 'token' of undefined
2023-10-02 12:02:21 info: [0mPOST /refresh [31m500[0m 16.863 ms - 55[0m
2023-10-02 12:02:55 info: =================================
2023-10-02 12:02:55 info: ======= ENV: development =======
2023-10-02 12:02:55 info: 🚀 App listening on the port 4000
2023-10-02 12:02:55 info: =================================
2023-10-02 12:03:03 info: =================================
2023-10-02 12:03:03 info: ======= ENV: development =======
2023-10-02 12:03:03 info: 🚀 App listening on the port 4000
2023-10-02 12:03:03 info: =================================
2023-10-02 12:03:07 error: [POST] /refresh >> StatusCode:: 500, Message:: Cannot read property 'token' of undefined
2023-10-02 12:03:07 info: [0mPOST /refresh [31m500[0m 17.427 ms - 55[0m
2023-10-02 12:03:14 info: [0mPOST /login [32m200[0m 628.242 ms - 590[0m
2023-10-02 12:03:20 error: [GET] /albums/popular >> StatusCode:: 403, Message:: Authentication token missing
2023-10-02 12:03:20 info: [0mGET /albums/popular [33m403[0m 2.056 ms - 42[0m
2023-10-02 12:03:24 error: [GET] /albums/popular >> StatusCode:: 401, Message:: Wrong authentication token
2023-10-02 12:03:24 info: [0mGET /albums/popular [33m401[0m 435.057 ms - 40[0m
2023-10-02 12:03:49 info: =================================
2023-10-02 12:03:49 info: ======= ENV: development =======
2023-10-02 12:03:49 info: 🚀 App listening on the port 4000
2023-10-02 12:03:49 info: =================================
2023-10-02 12:03:54 info: [0mPOST /login [32m200[0m 626.324 ms - 590[0m
2023-10-02 12:04:15 error: [GET] /albums/popular >> StatusCode:: 401, Message:: Wrong authentication token
2023-10-02 12:04:15 info: [0mGET /albums/popular [33m401[0m 9.702 ms - 40[0m
2023-10-02 12:04:42 info: =================================
2023-10-02 12:04:42 info: ======= ENV: development =======
2023-10-02 12:04:42 info: 🚀 App listening on the port 4000
2023-10-02 12:04:42 info: =================================
2023-10-02 12:04:47 info: =================================
2023-10-02 12:04:47 info: ======= ENV: development =======
2023-10-02 12:04:47 info: 🚀 App listening on the port 4000
2023-10-02 12:04:47 info: =================================
2023-10-02 12:04:52 info: =================================
2023-10-02 12:04:52 info: ======= ENV: development =======
2023-10-02 12:04:52 info: 🚀 App listening on the port 4000
2023-10-02 12:04:52 info: =================================
2023-10-02 12:04:54 error: [GET] /albums/popular >> StatusCode:: 401, Message:: Wrong authentication token
2023-10-02 12:04:54 info: [0mGET /albums/popular [33m401[0m 434.341 ms - 40[0m
2023-10-02 12:05:29 info: =================================
2023-10-02 12:05:29 info: ======= ENV: development =======
2023-10-02 12:05:29 info: 🚀 App listening on the port 4000
2023-10-02 12:05:29 info: =================================
2023-10-02 12:05:33 info: =================================
2023-10-02 12:05:33 info: ======= ENV: development =======
2023-10-02 12:05:33 info: 🚀 App listening on the port 4000
2023-10-02 12:05:33 info: =================================
2023-10-02 12:05:36 info: =================================
2023-10-02 12:05:36 info: ======= ENV: development =======
2023-10-02 12:05:36 info: 🚀 App listening on the port 4000
2023-10-02 12:05:36 info: =================================
2023-10-02 12:05:43 info: =================================
2023-10-02 12:05:43 info: ======= ENV: development =======
2023-10-02 12:05:43 info: 🚀 App listening on the port 4000
2023-10-02 12:05:43 info: =================================
2023-10-02 12:05:47 info: [0mGET /albums/popular [32m201[0m 797.961 ms - -[0m
2023-10-02 12:05:56 error: [POST] /refresh >> StatusCode:: 500, Message:: Cannot read property 'token' of undefined
2023-10-02 12:05:56 info: [0mPOST /refresh [31m500[0m 15.720 ms - 55[0m
2023-10-02 12:11:22 info: =================================
2023-10-02 12:11:22 info: ======= ENV: development =======
2023-10-02 12:11:22 info: 🚀 App listening on the port 4000
2023-10-02 12:11:22 info: =================================
2023-10-02 12:11:24 info: [0mPOST /refresh [32m200[0m 22.553 ms - 515[0m
2023-10-02 12:12:08 info: [0mPOST /login [33m403[0m 414.546 ms - 44[0m
2023-10-02 12:12:32 info: [0mPOST /login [33m403[0m 357.203 ms - 44[0m
2023-10-02 12:12:45 info: [0mPOST /login [33m403[0m 396.212 ms - 44[0m
2023-10-02 12:12:56 info: [0mPOST /login [32m200[0m 554.206 ms - 590[0m
2023-10-02 12:14:07 info: =================================
2023-10-02 12:14:07 info: ======= ENV: development =======
2023-10-02 12:14:07 info: 🚀 App listening on the port 4000
2023-10-02 12:14:07 info: =================================
2023-10-02 12:14:13 info: =================================
2023-10-02 12:14:13 info: ======= ENV: development =======
2023-10-02 12:14:13 info: 🚀 App listening on the port 4000
2023-10-02 12:14:13 info: =================================
2023-10-02 12:14:23 info: [0mPOST /login [32m200[0m 638.714 ms - 590[0m
2023-10-02 12:14:45 info: =================================
2023-10-02 12:14:45 info: ======= ENV: development =======
2023-10-02 12:14:45 info: 🚀 App listening on the port 4000
2023-10-02 12:14:45 info: =================================
2023-10-02 12:14:49 info: =================================
2023-10-02 12:14:49 info: ======= ENV: development =======
2023-10-02 12:14:49 info: 🚀 App listening on the port 4000
2023-10-02 12:14:49 info: =================================
2023-10-02 12:14:52 info: =================================
2023-10-02 12:14:52 info: ======= ENV: development =======
2023-10-02 12:14:52 info: 🚀 App listening on the port 4000
2023-10-02 12:14:52 info: =================================
2023-10-02 12:15:19 info: =================================
2023-10-02 12:15:19 info: ======= ENV: development =======
2023-10-02 12:15:19 info: 🚀 App listening on the port 4000
2023-10-02 12:15:19 info: =================================
2023-10-02 12:15:27 info: [0mPOST /login [32m200[0m 643.647 ms - 590[0m
2023-10-02 12:20:54 info: [0mPOST /login [32m200[0m 627.541 ms - 590[0m
2023-10-02 12:21:50 info: =================================
2023-10-02 12:21:50 info: ======= ENV: development =======
2023-10-02 12:21:50 info: 🚀 App listening on the port 4000
2023-10-02 12:21:50 info: =================================
2023-10-02 12:21:53 info: =================================
2023-10-02 12:21:53 info: ======= ENV: development =======
2023-10-02 12:21:53 info: 🚀 App listening on the port 4000
2023-10-02 12:21:53 info: =================================
2023-10-02 12:21:57 info: [0mPOST /login [32m200[0m 634.924 ms - 590[0m
2023-10-02 12:24:06 info: =================================
2023-10-02 12:24:06 info: ======= ENV: development =======
2023-10-02 12:24:06 info: 🚀 App listening on the port 4000
2023-10-02 12:24:06 info: =================================
2023-10-02 12:24:10 info: =================================
2023-10-02 12:24:10 info: ======= ENV: development =======
2023-10-02 12:24:10 info: 🚀 App listening on the port 4000
2023-10-02 12:24:10 info: =================================
2023-10-02 12:24:24 info: [0mPOST /login [32m200[0m 1142.491 ms - 595[0m
2023-10-02 12:33:39 info: [0mPOST /login [32m200[0m 1101.720 ms - 595[0m
2023-10-02 12:36:33 info: [0mPOST /login [32m200[0m 598.552 ms - 595[0m
2023-10-02 12:37:09 info: [0mPOST /login [32m200[0m 560.933 ms - 594[0m
2023-10-02 12:37:45 info: [0mPOST /login [32m200[0m 590.795 ms - 595[0m
2023-10-02 12:38:40 info: [0mPOST /login [32m200[0m 599.848 ms - 595[0m
2023-10-02 12:42:56 info: =================================
2023-10-02 12:42:56 info: ======= ENV: development =======
2023-10-02 12:42:56 info: 🚀 App listening on the port 4000
2023-10-02 12:42:56 info: =================================
2023-10-02 12:43:00 info: =================================
2023-10-02 12:43:00 info: ======= ENV: development =======
2023-10-02 12:43:00 info: 🚀 App listening on the port 4000
2023-10-02 12:43:00 info: =================================
2023-10-02 12:43:09 info: =================================
2023-10-02 12:43:09 info: ======= ENV: development =======
2023-10-02 12:43:09 info: 🚀 App listening on the port 4000
2023-10-02 12:43:09 info: =================================
2023-10-02 12:43:15 info: =================================
2023-10-02 12:43:15 info: ======= ENV: development =======
2023-10-02 12:43:15 info: 🚀 App listening on the port 4000
2023-10-02 12:43:15 info: =================================
2023-10-02 12:43:30 info: [0mPOST /login [32m200[0m 630.087 ms - 595[0m
2023-10-02 12:43:57 info: =================================
2023-10-02 12:43:57 info: ======= ENV: development =======
2023-10-02 12:43:57 info: 🚀 App listening on the port 4000
2023-10-02 12:43:57 info: =================================
2023-10-02 12:44:01 info: =================================
2023-10-02 12:44:01 info: ======= ENV: development =======
2023-10-02 12:44:01 info: 🚀 App listening on the port 4000
2023-10-02 12:44:01 info: =================================
2023-10-02 12:44:15 info: [0mPOST /login [32m200[0m 618.526 ms - 595[0m
2023-10-02 12:44:17 error: [GET] /albums/popular >> StatusCode:: 403, Message:: Authentication token missing
2023-10-02 12:44:17 info: [0mGET /albums/popular [33m403[0m 2.701 ms - 42[0m
2023-10-02 12:44:17 error: [GET] /albums >> StatusCode:: 403, Message:: Authentication token missing
2023-10-02 12:44:17 info: [0mGET /albums [33m403[0m 2.514 ms - 42[0m
2023-10-02 12:44:17 info: [0mGET /albums/categories [32m201[0m 369.543 ms - 184[0m
2023-10-02 12:46:04 info: [0mPOST /login [33m403[0m 372.817 ms - 44[0m
2023-10-02 12:46:13 info: [0mPOST /login [32m200[0m 606.643 ms - 595[0m
2023-10-02 12:46:14 error: [GET] /albums/popular >> StatusCode:: 403, Message:: Authentication token missing
2023-10-02 12:46:14 info: [0mGET /albums/popular [33m403[0m 2.068 ms - 42[0m
2023-10-02 12:46:14 error: [GET] /albums >> StatusCode:: 403, Message:: Authentication token missing
2023-10-02 12:46:14 info: [0mGET /albums [33m403[0m 2.235 ms - 42[0m
2023-10-02 12:46:15 info: [0mGET /albums/categories [32m201[0m 376.667 ms - 184[0m
2023-10-02 13:02:15 info: [0mPOST /login [32m200[0m 921.491 ms - 594[0m
2023-10-02 13:02:17 error: [GET] /albums >> StatusCode:: 401, Message:: Wrong authentication token
2023-10-02 13:02:17 info: [0mGET /albums [33m401[0m 7.241 ms - 40[0m
2023-10-02 13:02:17 error: [GET] /albums/popular >> StatusCode:: 401, Message:: Wrong authentication token
2023-10-02 13:02:17 info: [0mGET /albums/popular [33m401[0m 2.859 ms - 40[0m
2023-10-02 13:02:17 info: [0mGET /albums/categories [32m201[0m 733.858 ms - 184[0m
2023-10-02 13:06:58 info: [0mPOST /login [32m200[0m 909.989 ms - 594[0m
2023-10-02 13:06:59 error: [GET] /albums >> StatusCode:: 401, Message:: Wrong authentication token
2023-10-02 13:06:59 info: [0mGET /albums [33m401[0m 2.801 ms - 40[0m
2023-10-02 13:06:59 error: [GET] /albums/popular >> StatusCode:: 401, Message:: Wrong authentication token
2023-10-02 13:06:59 info: [0mGET /albums/popular [33m401[0m 3.535 ms - 40[0m
2023-10-02 13:07:00 info: [0mGET /albums/categories [32m201[0m 646.024 ms - 184[0m
2023-10-02 13:10:17 info: [0mPOST /login [32m200[0m 1108.734 ms - 595[0m
2023-10-02 13:10:18 error: [GET] /albums >> StatusCode:: 401, Message:: Wrong authentication token
2023-10-02 13:10:18 info: [0mGET /albums [33m401[0m 3.942 ms - 40[0m
2023-10-02 13:10:18 error: [GET] /albums/popular >> StatusCode:: 401, Message:: Wrong authentication token
2023-10-02 13:10:18 info: [0mGET /albums/popular [33m401[0m 2.417 ms - 40[0m
2023-10-02 13:10:19 info: [0mGET /albums/categories [32m201[0m 695.046 ms - 184[0m
2023-10-02 13:17:16 info: [0mPOST /refresh [32m200[0m 2.238 ms - 520[0m
2023-10-02 13:19:18 info: [0mPOST /refresh [32m200[0m 1.630 ms - 520[0m
2023-10-02 13:19:27 info: [0mPOST /refresh [32m200[0m 1.775 ms - 520[0m
2023-10-02 13:19:33 info: [0mPOST /refresh [32m200[0m 1.552 ms - 520[0m
2023-10-02 13:45:37 info: [0mPOST /refresh [32m200[0m 1.701 ms - 520[0m
2023-10-02 13:52:01 info: =================================
2023-10-02 13:52:01 info: ======= ENV: development =======
2023-10-02 13:52:01 info: 🚀 App listening on the port 8000
2023-10-02 13:52:01 info: =================================
2023-10-02 13:53:43 info: [0mPOST /login [32m200[0m 689.587 ms - 595[0m
2023-10-02 14:08:48 info: [0mGET / [32m200[0m 0.833 ms - 2[0m
2023-10-02 14:09:35 info: [0mGET / [32m200[0m 0.717 ms - 2[0m
2023-10-02 14:09:35 info: [0mGET /favicon.ico [33m404[0m 2.482 ms - 150[0m
2023-10-02 14:12:52 info: [0mGET / [32m200[0m 0.368 ms - 2[0m
2023-10-02 14:12:53 info: [0mGET /favicon.ico [33m404[0m 1.197 ms - 150[0m
2023-10-02 14:23:44 info: [0mGET / [32m200[0m 0.483 ms - 2[0m
2023-10-02 14:23:45 info: [0mGET /favicon.ico [33m404[0m 0.703 ms - 150[0m
2023-10-02 14:24:37 info: [0mGET / [36m304[0m 0.744 ms - -[0m
2023-10-02 14:24:52 info: [0mGET /albums/categories [32m201[0m 409.882 ms - 184[0m
2023-10-02 14:31:32 info: [0mGET / [32m200[0m 0.555 ms - 2[0m
2023-10-02 14:46:31 info: [0mGET / [32m200[0m 0.411 ms - 2[0m
2023-10-02 14:47:32 info: [0mGET / [32m200[0m 0.579 ms - 2[0m
2023-10-02 14:47:43 info: [0mGET /apple-touch-icon-120x120-precomposed.png [33m404[0m 0.490 ms - 179[0m
2023-10-02 14:47:43 info: [0mGET /apple-touch-icon-120x120.png [33m404[0m 0.468 ms - 167[0m
2023-10-02 14:47:43 info: [0mGET /apple-touch-icon-precomposed.png [33m404[0m 0.493 ms - 171[0m
2023-10-02 14:47:43 info: [0mGET /apple-touch-icon.png [33m404[0m 0.521 ms - 159[0m
2023-10-02 14:47:43 info: [0mGET /favicon.ico [33m404[0m 0.534 ms - 150[0m
2023-10-02 14:47:43 info: [0mGET /apple-touch-icon-120x120-precomposed.png [33m404[0m 0.661 ms - 179[0m
2023-10-02 14:47:43 info: [0mGET /apple-touch-icon-120x120.png [33m404[0m 0.515 ms - 167[0m
2023-10-02 14:47:43 info: [0mGET /apple-touch-icon-precomposed.png [33m404[0m 0.552 ms - 171[0m
2023-10-02 14:47:43 info: [0mGET /apple-touch-icon.png [33m404[0m 0.620 ms - 159[0m
2023-10-02 14:47:44 info: [0mGET /favicon.ico [33m404[0m 0.540 ms - 150[0m
2023-10-02 14:48:05 info: [0mGET / [36m304[0m 1.242 ms - -[0m
2023-10-02 14:48:10 info: [0mGET / [32m200[0m 0.377 ms - 2[0m
2023-10-02 14:48:16 info: [0mGET / [36m304[0m 0.348 ms - -[0m
2023-10-02 14:48:41 info: [0mGET /albums/categories [32m201[0m 430.671 ms - 184[0m
2023-10-02 15:40:49 info: [0mPOST /login [32m200[0m 637.881 ms - 595[0m
2023-10-02 15:40:51 error: [GET] /albums/popular >> StatusCode:: 403, Message:: Authentication token missing
2023-10-02 15:40:51 info: [0mGET /albums/popular [33m403[0m 1.730 ms - 42[0m
2023-10-02 15:40:51 error: [GET] /albums >> StatusCode:: 403, Message:: Authentication token missing
2023-10-02 15:40:51 info: [0mGET /albums [33m403[0m 1.947 ms - 42[0m
2023-10-02 15:40:52 info: [0mGET /albums/categories [32m201[0m 371.339 ms - 184[0m
2023-10-02 16:01:18 info: =================================
2023-10-02 16:01:18 info: ======= ENV: development =======
2023-10-02 16:01:18 info: 🚀 App listening on the port 8000
2023-10-02 16:01:18 info: =================================
2023-10-02 16:02:24 info: [0mPOST /login [32m200[0m 1661.628 ms - 594[0m
2023-10-02 16:06:40 info: [0mPOST /login [32m200[0m 641.577 ms - 594[0m
2023-10-02 16:06:41 error: [GET] /albums/popular >> StatusCode:: 403, Message:: Authentication token missing
2023-10-02 16:06:41 info: [0mGET /albums/popular [33m403[0m 2.571 ms - 42[0m
2023-10-02 16:06:41 error: [GET] /albums >> StatusCode:: 403, Message:: Authentication token missing
2023-10-02 16:06:41 info: [0mGET /albums [33m403[0m 1.406 ms - 42[0m
2023-10-02 16:06:42 info: [0mGET /albums/categories [32m201[0m 387.487 ms - 184[0m
2023-10-02 16:16:39 info: [0mPOST /login [33m403[0m 499.691 ms - 44[0m
2023-10-02 16:19:33 info: [0mPOST /login [33m403[0m 394.687 ms - 44[0m
2023-10-02 16:20:22 info: [0mPOST /login [33m403[0m 396.880 ms - 44[0m
2023-10-02 16:20:31 info: [0mPOST /login [33m403[0m 393.873 ms - 44[0m
2023-10-02 16:20:46 info: [0mPOST /login [32m200[0m 637.515 ms - 595[0m
2023-10-02 16:30:10 info: [0mPOST /login [32m200[0m 631.476 ms - 595[0m
2023-10-02 16:30:12 info: [0mGET /albums/categories [32m201[0m 374.711 ms - 184[0m
2023-10-02 16:30:12 info: [0mGET /albums/popular [32m201[0m 765.389 ms - -[0m
2023-10-02 16:30:12 info: [0mGET /albums [32m201[0m 807.335 ms - -[0m
2023-10-02 16:30:13 info: [0mGET /public/files/albums/WhatsApp%20Image%202023-09-23%20at%201957.21.jpeg4f1afcc9e592713c9ee5552d73c5c673bbb47dff48092023.jpeg [32m200[0m 4.087 ms - 41707[0m
2023-10-02 16:30:13 info: [0mGET /public/files/albums/WhatsApp%20Image%202023-09-23%20at%201957.21.jpeg5afb0f0034f1afcc9e592713c9ee5552d73c5c6737092023.jpeg [32m200[0m 2.021 ms - 41707[0m
2023-10-02 16:30:13 info: [0mGET /public/files/albums/WhatsApp%20Image%202023-09-23%20at%201956.37.jpeg0034f1afcc9e592713c9ee5552d73c5c673bbb4734092023.jpeg [32m200[0m 2.561 ms - 64745[0m
2023-10-02 16:30:13 info: [0mGET /public/files/albums/WhatsApp%20Image%202023-09-23%20at%201956.38.jpegb0f0034f1afcc9e592713c9ee5552d73c5c673bb47092023.jpeg [32m200[0m 2.382 ms - 137382[0m
2023-10-02 16:32:14 info: [0mPOST /login [32m200[0m 581.115 ms - 595[0m
2023-10-02 16:32:16 info: [0mGET /albums/categories [32m201[0m 379.553 ms - 184[0m
2023-10-02 16:32:16 info: [0mGET /albums/popular [32m201[0m 764.721 ms - -[0m
2023-10-02 16:32:16 info: [0mGET /albums [32m201[0m 759.051 ms - -[0m
2023-10-02 16:34:39 info: [0mPOST /login [32m200[0m 555.769 ms - 595[0m
2023-10-02 16:34:40 info: [0mGET /albums/categories [32m201[0m 362.480 ms - 184[0m
2023-10-02 16:34:41 info: [0mGET /albums [32m201[0m 722.234 ms - -[0m
2023-10-02 16:34:41 info: [0mGET /albums/popular [32m201[0m 776.885 ms - -[0m
2023-10-02 16:42:21 info: [0mPOST /login [32m200[0m 655.971 ms - 595[0m
2023-10-02 16:42:22 info: [0mGET /albums/categories [32m201[0m 354.118 ms - 184[0m
2023-10-02 16:42:23 info: [0mGET /albums/popular [32m201[0m 753.992 ms - -[0m
2023-10-02 16:42:23 info: [0mGET /albums [32m201[0m 910.254 ms - -[0m
2023-10-02 17:06:31 info: [0mPOST /login [32m200[0m 682.179 ms - 594[0m
2023-10-02 17:06:32 info: [0mGET /albums/categories [32m201[0m 379.900 ms - 184[0m
2023-10-02 17:06:33 info: [0mGET /albums/popular [32m201[0m 717.443 ms - -[0m
2023-10-02 17:06:33 info: [0mGET /albums [32m201[0m 750.588 ms - -[0m
2023-10-02 17:10:33 info: [0mPOST /login [32m200[0m 621.931 ms - 595[0m
2023-10-02 17:10:34 info: [0mGET /albums/categories [32m201[0m 372.141 ms - 184[0m
2023-10-02 17:10:35 info: [0mGET /albums [32m201[0m 715.059 ms - -[0m
2023-10-02 17:10:35 info: [0mGET /albums/popular [32m201[0m 758.260 ms - -[0m
2023-10-02 17:11:29 info: [0mPOST /login [32m200[0m 573.473 ms - 595[0m
2023-10-02 17:11:30 info: [0mGET /albums/categories [32m201[0m 390.623 ms - 184[0m
2023-10-02 17:11:31 info: [0mGET /albums/popular [32m201[0m 715.299 ms - -[0m
2023-10-02 17:11:31 info: [0mGET /albums [32m201[0m 779.295 ms - -[0m
2023-10-02 17:17:27 info: [0mPOST /login [32m200[0m 583.897 ms - 595[0m
2023-10-02 17:17:29 info: [0mGET /albums/categories [32m201[0m 401.905 ms - 184[0m
2023-10-02 17:17:29 info: [0mGET /albums/popular [32m201[0m 717.486 ms - -[0m
2023-10-02 17:17:29 info: [0mGET /albums [32m201[0m 748.028 ms - -[0m
2023-10-02 17:23:46 info: [0mPOST /login [32m200[0m 663.177 ms - 595[0m
2023-10-02 17:29:39 info: [0mPOST /login [32m200[0m 633.907 ms - 595[0m
2023-10-02 17:29:49 info: [0mPOST /login [32m200[0m 604.689 ms - 595[0m
2023-10-02 17:30:16 info: [0mPOST /login [32m200[0m 559.903 ms - 595[0m
2023-10-02 17:30:27 info: [0mPOST /login [32m200[0m 569.169 ms - 595[0m
2023-10-02 17:31:28 info: [0mPOST /login [32m200[0m 660.626 ms - 595[0m
2023-10-02 17:39:26 info: [0mPOST /login [32m200[0m 707.409 ms - 595[0m
2023-10-02 17:39:28 info: [0mGET /albums/categories [32m201[0m 367.499 ms - 184[0m
2023-10-02 17:39:28 info: [0mGET /albums/popular [32m201[0m 799.609 ms - -[0m
2023-10-02 17:39:28 info: [0mGET /albums [32m201[0m 913.570 ms - -[0m
2023-10-02 17:39:29 info: [0mGET /public/files/albums/WhatsApp%20Image%202023-09-23%20at%201956.37.jpeg0034f1afcc9e592713c9ee5552d73c5c673bbb4734092023.jpeg [32m200[0m 2.173 ms - 64745[0m
2023-10-02 17:39:29 info: [0mGET /public/files/albums/WhatsApp%20Image%202023-09-23%20at%201957.21.jpeg4f1afcc9e592713c9ee5552d73c5c673bbb47dff48092023.jpeg [32m200[0m 3.280 ms - 41707[0m
2023-10-02 17:39:29 info: [0mGET /public/files/albums/WhatsApp%20Image%202023-09-23%20at%201957.21.jpeg5afb0f0034f1afcc9e592713c9ee5552d73c5c6737092023.jpeg [32m200[0m 2.898 ms - 41707[0m
2023-10-02 17:39:29 info: [0mGET /public/files/albums/WhatsApp%20Image%202023-09-23%20at%201956.38.jpegb0f0034f1afcc9e592713c9ee5552d73c5c673bb47092023.jpeg [32m200[0m 1.700 ms - 137382[0m
2023-10-02 17:41:09 info: [0mGET /albums/categories [32m201[0m 418.065 ms - 184[0m
2023-10-02 17:41:10 info: [0mGET /albums [32m201[0m 853.686 ms - -[0m
2023-10-02 17:41:10 info: [0mGET /albums/popular [32m201[0m 835.462 ms - -[0m
2023-10-02 17:42:10 info: =================================
2023-10-02 17:42:10 info: ======= ENV: development =======
2023-10-02 17:42:10 info: 🚀 App listening on the port 8000
2023-10-02 17:42:10 info: =================================
2023-10-02 17:42:14 info: =================================
2023-10-02 17:42:14 info: ======= ENV: development =======
2023-10-02 17:42:14 info: 🚀 App listening on the port 8000
2023-10-02 17:42:14 info: =================================
2023-10-02 17:42:18 info: =================================
2023-10-02 17:42:18 info: ======= ENV: development =======
2023-10-02 17:42:18 info: 🚀 App listening on the port 8000
2023-10-02 17:42:18 info: =================================
2023-10-02 17:42:26 info: =================================
2023-10-02 17:42:26 info: ======= ENV: development =======
2023-10-02 17:42:26 info: 🚀 App listening on the port 8000
2023-10-02 17:42:26 info: =================================
2023-10-02 17:42:32 info: =================================
2023-10-02 17:42:32 info: ======= ENV: development =======
2023-10-02 17:42:32 info: 🚀 App listening on the port 8000
2023-10-02 17:42:32 info: =================================
2023-10-02 17:42:46 info: =================================
2023-10-02 17:42:46 info: ======= ENV: development =======
2023-10-02 17:42:46 info: 🚀 App listening on the port 8000
2023-10-02 17:42:46 info: =================================
2023-10-02 17:42:48 info: =================================
2023-10-02 17:42:48 info: ======= ENV: development =======
2023-10-02 17:42:48 info: 🚀 App listening on the port 8000
2023-10-02 17:42:48 info: =================================
2023-10-02 17:42:54 info: =================================
2023-10-02 17:42:54 info: ======= ENV: development =======
2023-10-02 17:42:54 info: 🚀 App listening on the port 8000
2023-10-02 17:42:54 info: =================================
2023-10-02 17:42:57 info: =================================
2023-10-02 17:42:57 info: ======= ENV: development =======
2023-10-02 17:42:57 info: 🚀 App listening on the port 8000
2023-10-02 17:42:57 info: =================================
2023-10-02 17:43:01 info: =================================
2023-10-02 17:43:01 info: ======= ENV: development =======
2023-10-02 17:43:01 info: 🚀 App listening on the port 8000
2023-10-02 17:43:01 info: =================================
2023-10-02 17:43:07 info: [0mPOST /login [32m200[0m 670.440 ms - 594[0m
2023-10-02 17:51:59 info: =================================
2023-10-02 17:51:59 info: ======= ENV: development =======
2023-10-02 17:51:59 info: 🚀 App listening on the port 8000
2023-10-02 17:51:59 info: =================================
2023-10-02 17:52:02 info: [0mPOST /login [32m200[0m 685.433 ms - 594[0m
2023-10-02 17:52:12 info: =================================
2023-10-02 17:52:12 info: ======= ENV: development =======
2023-10-02 17:52:12 info: 🚀 App listening on the port 8000
2023-10-02 17:52:12 info: =================================
2023-10-02 17:53:01 info: =================================
2023-10-02 17:53:01 info: ======= ENV: development =======
2023-10-02 17:53:01 info: 🚀 App listening on the port 8000
2023-10-02 17:53:01 info: =================================
2023-10-02 17:53:04 info: =================================
2023-10-02 17:53:04 info: ======= ENV: development =======
2023-10-02 17:53:04 info: 🚀 App listening on the port 8000
2023-10-02 17:53:04 info: =================================
2023-10-02 17:53:09 info: [0mPOST /login [32m200[0m 653.490 ms - 594[0m
2023-10-02 17:53:32 info: =================================
2023-10-02 17:53:32 info: ======= ENV: development =======
2023-10-02 17:53:32 info: 🚀 App listening on the port 8000
2023-10-02 17:53:32 info: =================================
2023-10-02 17:53:35 info: [0mPOST /login [32m200[0m 662.916 ms - 590[0m
2023-10-02 17:53:43 info: =================================
2023-10-02 17:53:43 info: ======= ENV: development =======
2023-10-02 17:53:43 info: 🚀 App listening on the port 8000
2023-10-02 17:53:43 info: =================================
2023-10-02 17:53:51 info: =================================
2023-10-02 17:53:51 info: ======= ENV: development =======
2023-10-02 17:53:51 info: 🚀 App listening on the port 8000
2023-10-02 17:53:51 info: =================================
2023-10-02 17:54:21 info: =================================
2023-10-02 17:54:21 info: ======= ENV: development =======
2023-10-02 17:54:21 info: 🚀 App listening on the port 8000
2023-10-02 17:54:21 info: =================================
2023-10-02 17:54:26 info: =================================
2023-10-02 17:54:26 info: ======= ENV: development =======
2023-10-02 17:54:26 info: 🚀 App listening on the port 8000
2023-10-02 17:54:26 info: =================================
2023-10-02 17:54:31 info: =================================
2023-10-02 17:54:31 info: ======= ENV: development =======
2023-10-02 17:54:31 info: 🚀 App listening on the port 8000
2023-10-02 17:54:31 info: =================================
2023-10-02 17:54:34 info: =================================
2023-10-02 17:54:34 info: ======= ENV: development =======
2023-10-02 17:54:34 info: 🚀 App listening on the port 8000
2023-10-02 17:54:34 info: =================================
2023-10-02 17:54:41 info: =================================
2023-10-02 17:54:41 info: ======= ENV: development =======
2023-10-02 17:54:41 info: 🚀 App listening on the port 8000
2023-10-02 17:54:41 info: =================================
2023-10-02 17:54:45 info: =================================
2023-10-02 17:54:45 info: ======= ENV: development =======
2023-10-02 17:54:45 info: 🚀 App listening on the port 8000
2023-10-02 17:54:45 info: =================================
2023-10-02 17:54:49 info: [0mPOST /login [32m200[0m 696.449 ms - 595[0m
2023-10-02 17:56:45 info: =================================
2023-10-02 17:56:45 info: ======= ENV: development =======
2023-10-02 17:56:45 info: 🚀 App listening on the port 8000
2023-10-02 17:56:45 info: =================================
2023-10-02 17:56:48 info: =================================
2023-10-02 17:56:48 info: ======= ENV: development =======
2023-10-02 17:56:48 info: 🚀 App listening on the port 8000
2023-10-02 17:56:48 info: =================================
2023-10-02 17:58:11 info: [0mPOST /login [32m200[0m 682.059 ms - 595[0m
2023-10-02 17:58:47 info: =================================
2023-10-02 17:58:47 info: ======= ENV: development =======
2023-10-02 17:58:47 info: 🚀 App listening on the port 8000
2023-10-02 17:58:47 info: =================================
2023-10-02 17:58:56 info: [0mPOST /login [32m200[0m 578.503 ms - 595[0m
2023-10-02 17:59:37 info: =================================
2023-10-02 17:59:37 info: ======= ENV: development =======
2023-10-02 17:59:37 info: 🚀 App listening on the port 8000
2023-10-02 17:59:37 info: =================================
2023-10-02 18:00:20 info: =================================
2023-10-02 18:00:20 info: ======= ENV: development =======
2023-10-02 18:00:20 info: 🚀 App listening on the port 8000
2023-10-02 18:00:20 info: =================================
2023-10-02 18:00:23 info: [0mPOST /login [32m200[0m 718.284 ms - 594[0m
2023-10-02 18:00:53 info: =================================
2023-10-02 18:00:53 info: ======= ENV: development =======
2023-10-02 18:00:53 info: 🚀 App listening on the port 8000
2023-10-02 18:00:53 info: =================================
2023-10-02 18:00:56 info: [0mPOST /login [32m200[0m 645.667 ms - 594[0m
2023-10-02 18:01:17 info: =================================
2023-10-02 18:01:17 info: ======= ENV: development =======
2023-10-02 18:01:17 info: 🚀 App listening on the port 8000
2023-10-02 18:01:17 info: =================================
2023-10-02 18:01:31 info: =================================
2023-10-02 18:01:31 info: ======= ENV: development =======
2023-10-02 18:01:31 info: 🚀 App listening on the port 8000
2023-10-02 18:01:31 info: =================================
2023-10-02 18:01:34 info: =================================
2023-10-02 18:01:34 info: ======= ENV: development =======
2023-10-02 18:01:34 info: 🚀 App listening on the port 8000
2023-10-02 18:01:34 info: =================================
2023-10-02 18:01:37 info: [0mPOST /login [32m200[0m 656.825 ms - 594[0m
2023-10-02 18:02:47 error: [GET] /albums/popular >> StatusCode:: 401, Message:: Wrong authentication token
2023-10-02 18:02:47 info: [0mGET /albums/popular [33m401[0m 10.411 ms - 40[0m
2023-10-02 18:03:14 info: =================================
2023-10-02 18:03:14 info: ======= ENV: development =======
2023-10-02 18:03:14 info: 🚀 App listening on the port 8000
2023-10-02 18:03:14 info: =================================
2023-10-02 18:03:20 info: =================================
2023-10-02 18:03:20 info: ======= ENV: development =======
2023-10-02 18:03:20 info: 🚀 App listening on the port 8000
2023-10-02 18:03:20 info: =================================
2023-10-02 18:04:27 info: =================================
2023-10-02 18:04:27 info: ======= ENV: development =======
2023-10-02 18:04:27 info: 🚀 App listening on the port 8000
2023-10-02 18:04:27 info: =================================
2023-10-02 18:04:31 error: [GET] /albums/popular >> StatusCode:: 401, Message:: Wrong authentication token
2023-10-02 18:04:31 info: [0mGET /albums/popular [33m401[0m 15.689 ms - 40[0m
2023-10-02 18:04:36 info: [0mPOST /login [32m200[0m 597.170 ms - 594[0m
2023-10-02 18:04:50 info: =================================
2023-10-02 18:04:50 info: ======= ENV: development =======
2023-10-02 18:04:50 info: 🚀 App listening on the port 8000
2023-10-02 18:04:50 info: =================================
2023-10-02 18:04:57 info: [0mPOST /login [32m200[0m 644.997 ms - 594[0m
2023-10-02 18:06:20 info: =================================
2023-10-02 18:06:20 info: ======= ENV: development =======
2023-10-02 18:06:20 info: 🚀 App listening on the port 8000
2023-10-02 18:06:20 info: =================================
2023-10-02 18:06:24 info: =================================
2023-10-02 18:06:24 info: ======= ENV: development =======
2023-10-02 18:06:24 info: 🚀 App listening on the port 8000
2023-10-02 18:06:24 info: =================================
2023-10-02 18:06:31 info: =================================
2023-10-02 18:06:31 info: ======= ENV: development =======
2023-10-02 18:06:31 info: 🚀 App listening on the port 8000
2023-10-02 18:06:31 info: =================================
2023-10-02 18:06:35 info: =================================
2023-10-02 18:06:35 info: ======= ENV: development =======
2023-10-02 18:06:35 info: 🚀 App listening on the port 8000
2023-10-02 18:06:35 info: =================================
2023-10-02 18:06:44 info: =================================
2023-10-02 18:06:44 info: ======= ENV: development =======
2023-10-02 18:06:44 info: 🚀 App listening on the port 8000
2023-10-02 18:06:44 info: =================================
2023-10-02 18:06:46 info: [0mPOST /login [32m200[0m 633.546 ms - 583[0m
2023-10-02 18:07:05 info: =================================
2023-10-02 18:07:05 info: ======= ENV: development =======
2023-10-02 18:07:05 info: 🚀 App listening on the port 8000
2023-10-02 18:07:05 info: =================================
2023-10-02 18:07:07 info: [0mPOST /login [32m200[0m 658.924 ms - 593[0m
2023-10-02 18:08:08 info: [0mPOST /refresh [32m200[0m 3.520 ms - 514[0m
2023-10-02 18:08:42 info: [0mGET /albums/categories [32m201[0m 364.418 ms - 184[0m
2023-10-02 18:08:43 info: [0mGET /albums [32m201[0m 765.670 ms - -[0m
2023-10-02 18:08:43 info: [0mGET /albums/popular [32m201[0m 759.693 ms - -[0m
2023-10-02 18:09:47 info: [0mPOST /login [32m200[0m 587.589 ms - 595[0m
2023-10-02 18:09:49 info: [0mGET /albums/categories [32m201[0m 345.203 ms - 184[0m
2023-10-02 18:09:49 info: [0mGET /albums/popular [32m201[0m 762.806 ms - -[0m
2023-10-02 18:09:49 info: [0mGET /albums [32m201[0m 766.991 ms - -[0m
2023-10-02 18:11:52 error: [GET] /albums/popular >> StatusCode:: 401, Message:: Wrong authentication token
2023-10-02 18:11:52 info: [0mGET /albums/popular [33m401[0m 5.380 ms - 40[0m
2023-10-02 18:11:52 error: [GET] /albums >> StatusCode:: 401, Message:: Wrong authentication token
2023-10-02 18:11:52 info: [0mGET /albums [33m401[0m 3.759 ms - 40[0m
2023-10-02 18:11:53 info: [0mGET /refresh [33m404[0m 1.324 ms - 146[0m
2023-10-02 18:11:53 info: [0mGET /refresh [33m404[0m 4.796 ms - 146[0m
2023-10-02 18:11:53 info: [0mGET /albums/categories [32m201[0m 403.771 ms - 184[0m
2023-10-02 18:12:36 error: [GET] /albums >> StatusCode:: 401, Message:: Wrong authentication token
2023-10-02 18:12:36 info: [0mGET /albums [33m401[0m 3.845 ms - 40[0m
2023-10-02 18:12:36 error: [GET] /albums/popular >> StatusCode:: 401, Message:: Wrong authentication token
2023-10-02 18:12:36 info: [0mGET /albums/popular [33m401[0m 3.274 ms - 40[0m
2023-10-02 18:12:36 info: [0mPOST /refresh [32m200[0m 4.879 ms - 516[0m
2023-10-02 18:12:36 info: [0mPOST /refresh [32m200[0m 8.771 ms - 516[0m
2023-10-02 18:12:37 info: [0mGET /albums/categories [32m201[0m 366.710 ms - 184[0m
2023-10-02 18:15:54 info: =================================
2023-10-02 18:15:54 info: ======= ENV: development =======
2023-10-02 18:15:54 info: 🚀 App listening on the port 8000
2023-10-02 18:15:54 info: =================================
2023-10-02 18:16:11 error: [GET] /albums >> StatusCode:: 401, Message:: Wrong authentication token
2023-10-02 18:16:11 info: [0mGET /albums [33m401[0m 17.040 ms - 40[0m
2023-10-02 18:16:11 error: [GET] /albums/popular >> StatusCode:: 401, Message:: Wrong authentication token
2023-10-02 18:16:11 info: [0mGET /albums/popular [33m401[0m 5.233 ms - 40[0m
2023-10-02 18:16:12 info: [0mPOST /refresh [32m200[0m 15.458 ms - 513[0m
2023-10-02 18:16:12 info: [0mPOST /refresh [32m200[0m 1.745 ms - 513[0m
2023-10-02 18:16:12 info: [0mGET /albums/categories [32m201[0m 432.242 ms - 184[0m
2023-10-02 18:18:52 info: [0mPOST /refresh [32m200[0m 2.516 ms - 513[0m
2023-10-02 18:21:34 error: [GET] /albums >> StatusCode:: 401, Message:: Wrong authentication token
2023-10-02 18:21:34 info: [0mGET /albums [33m401[0m 3.839 ms - 40[0m
2023-10-02 18:21:34 error: [GET] /albums/popular >> StatusCode:: 401, Message:: Wrong authentication token
2023-10-02 18:21:34 info: [0mGET /albums/popular [33m401[0m 2.971 ms - 40[0m
2023-10-02 18:21:34 info: [0mPOST /refresh [32m200[0m 6.891 ms - 513[0m
2023-10-02 18:21:34 info: [0mPOST /refresh [32m200[0m 7.172 ms - 513[0m
2023-10-02 18:21:35 info: [0mGET /albums/categories [32m201[0m 371.813 ms - 184[0m
2023-10-02 18:22:14 error: [GET] /albums/popular >> StatusCode:: 401, Message:: Wrong authentication token
2023-10-02 18:22:14 info: [0mGET /albums/popular [33m401[0m 3.196 ms - 40[0m
2023-10-02 18:22:14 error: [GET] /albums >> StatusCode:: 401, Message:: Wrong authentication token
2023-10-02 18:22:14 info: [0mGET /albums [33m401[0m 3.214 ms - 40[0m
2023-10-02 18:22:15 info: [0mPOST /refresh [32m200[0m 10.371 ms - 513[0m
2023-10-02 18:22:15 info: [0mPOST /refresh [32m200[0m 6.940 ms - 513[0m
2023-10-02 18:22:15 info: [0mGET /albums/categories [32m201[0m 377.776 ms - 184[0m
2023-10-02 18:23:31 error: [GET] /albums >> StatusCode:: 401, Message:: Wrong authentication token
2023-10-02 18:23:31 info: [0mGET /albums [33m401[0m 3.338 ms - 40[0m
2023-10-02 18:23:31 error: [GET] /albums/popular >> StatusCode:: 401, Message:: Wrong authentication token
2023-10-02 18:23:31 info: [0mGET /albums/popular [33m401[0m 3.692 ms - 40[0m
2023-10-02 18:23:32 info: [0mGET /albums/categories [32m201[0m 379.882 ms - 184[0m
2023-10-02 18:23:32 info: [0mPOST /refresh [32m200[0m 2.767 ms - 513[0m
2023-10-02 18:23:32 info: [0mPOST /refresh [32m200[0m 3.151 ms - 513[0m
2023-10-02 18:32:13 error: [GET] /albums/popular >> StatusCode:: 401, Message:: Wrong authentication token
2023-10-02 18:32:13 info: [0mGET /albums/popular [33m401[0m 5.080 ms - 40[0m
2023-10-02 18:32:13 error: [GET] /albums >> StatusCode:: 401, Message:: Wrong authentication token
2023-10-02 18:32:13 info: [0mGET /albums [33m401[0m 2.867 ms - 40[0m
2023-10-02 18:32:13 info: [0mPOST /refresh [32m200[0m 7.076 ms - 513[0m
2023-10-02 18:32:13 info: [0mPOST /refresh [32m200[0m 4.018 ms - 513[0m
2023-10-02 18:32:13 info: [0mGET /albums/categories [32m201[0m 368.809 ms - 184[0m
2023-10-02 18:32:14 info: [0mGET /albums/popular [32m201[0m 386.113 ms - -[0m
2023-10-02 18:32:14 info: [0mGET /albums [32m201[0m 374.003 ms - -[0m
2023-10-02 18:36:53 info: [0mGET /albums [32m201[0m 378.001 ms - -[0m
2023-10-02 18:36:53 info: [0mGET /albums/popular [32m201[0m 386.196 ms - -[0m
2023-10-02 18:36:53 info: [0mGET /albums/categories [32m201[0m 374.070 ms - 184[0m
2023-10-02 18:37:17 info: [0mGET /albums [32m201[0m 397.937 ms - -[0m
2023-10-02 18:37:17 info: [0mGET /albums/categories [32m201[0m 405.592 ms - 184[0m
2023-10-02 18:37:17 info: [0mGET /albums/popular [32m201[0m 424.598 ms - -[0m
2023-10-02 18:37:46 info: [0mGET /albums/categories [32m201[0m 379.205 ms - 184[0m
2023-10-02 18:37:46 info: [0mGET /albums/popular [32m201[0m 357.802 ms - -[0m
2023-10-02 18:37:46 info: [0mGET /albums [32m201[0m 366.943 ms - -[0m
2023-10-02 18:41:59 info: =================================
2023-10-02 18:41:59 info: ======= ENV: development =======
2023-10-02 18:41:59 info: 🚀 App listening on the port 8000
2023-10-02 18:41:59 info: =================================
2023-10-02 18:42:03 info: =================================
2023-10-02 18:42:03 info: ======= ENV: development =======
2023-10-02 18:42:03 info: 🚀 App listening on the port 8000
2023-10-02 18:42:03 info: =================================
2023-10-02 18:42:15 info: =================================
2023-10-02 18:42:15 info: ======= ENV: development =======
2023-10-02 18:42:15 info: 🚀 App listening on the port 8000
2023-10-02 18:42:15 info: =================================
2023-10-02 18:43:29 info: [0mGET /albums/popular [32m201[0m 416.835 ms - -[0m
2023-10-02 18:43:29 info: [0mGET /albums [32m201[0m 465.974 ms - -[0m
2023-10-02 18:43:29 info: [0mGET /albums/categories [32m201[0m 430.962 ms - 184[0m
2023-10-02 18:43:55 info: [0mGET /albums [32m201[0m 362.192 ms - -[0m
2023-10-02 18:43:55 info: [0mGET /albums/popular [32m201[0m 360.016 ms - -[0m
2023-10-02 18:43:55 info: [0mGET /albums/categories [32m201[0m 376.557 ms - 184[0m
2023-10-02 18:45:47 info: [0mPOST /login [32m200[0m 572.779 ms - 595[0m
2023-10-02 18:46:16 info: =================================
2023-10-02 18:46:16 info: ======= ENV: development =======
2023-10-02 18:46:16 info: 🚀 App listening on the port 8000
2023-10-02 18:46:16 info: =================================
2023-10-02 18:46:38 error: [POST] /refresh >> StatusCode:: 403, Message:: Authentication token missing
2023-10-02 18:46:38 info: [0mPOST /refresh [33m403[0m 21.149 ms - 42[0m
2023-10-02 18:46:40 error: [POST] /refresh >> StatusCode:: 403, Message:: Authentication token missing
2023-10-02 18:46:40 info: [0mPOST /refresh [33m403[0m 2.966 ms - 42[0m
2023-10-02 18:46:52 info: =================================
2023-10-02 18:46:52 info: ======= ENV: development =======
2023-10-02 18:46:52 info: 🚀 App listening on the port 8000
2023-10-02 18:46:52 info: =================================
2023-10-02 18:47:04 info: [0mPOST /refresh [32m200[0m 22.009 ms - 512[0m
2023-10-02 18:54:59 info: [0mGET /albums [32m201[0m 420.908 ms - -[0m
2023-10-02 18:54:59 info: [0mGET /albums/popular [32m201[0m 374.497 ms - -[0m
2023-10-02 18:54:59 info: [0mGET /albums/categories [32m201[0m 383.032 ms - 184[0m
2023-10-02 18:55:37 info: [0mGET /albums/popular [32m201[0m 372.874 ms - -[0m
2023-10-02 18:55:37 info: [0mGET /albums [32m201[0m 366.335 ms - -[0m
2023-10-02 18:55:37 info: [0mGET /albums/categories [32m201[0m 374.898 ms - 184[0m
2023-10-02 18:58:57 info: [0mPOST /login [32m200[0m 611.670 ms - 595[0m
2023-10-02 18:58:59 info: [0mGET /albums/categories [32m201[0m 382.558 ms - 184[0m
2023-10-02 18:58:59 info: [0mGET /albums [32m201[0m 762.059 ms - -[0m
2023-10-02 18:58:59 info: [0mGET /albums/popular [32m201[0m 742.586 ms - -[0m
2023-10-02 19:00:27 error: [GET] /albums >> StatusCode:: 401, Message:: Wrong authentication token
2023-10-02 19:00:27 info: [0mGET /albums [33m401[0m 5.779 ms - 40[0m
2023-10-02 19:00:27 error: [GET] /albums/popular >> StatusCode:: 401, Message:: Wrong authentication token
2023-10-02 19:00:27 info: [0mGET /albums/popular [33m401[0m 3.689 ms - 40[0m
2023-10-02 19:00:27 info: [0mPOST /refresh [32m200[0m 2.290 ms - 512[0m
2023-10-02 19:00:27 info: [0mPOST /refresh [32m200[0m 1.497 ms - 512[0m
2023-10-02 19:00:27 info: [0mGET /albums/categories [32m201[0m 362.537 ms - 184[0m
2023-10-02 19:03:12 info: =================================
2023-10-02 19:03:12 info: ======= ENV: development =======
2023-10-02 19:03:12 info: 🚀 App listening on the port 8000
2023-10-02 19:03:12 info: =================================
2023-10-02 19:04:57 error: [GET] /albums/popular >> StatusCode:: 401, Message:: Wrong authentication token
2023-10-02 19:04:57 info: [0mGET /albums/popular [33m401[0m 15.279 ms - 40[0m
2023-10-02 19:04:57 error: [GET] /albums >> StatusCode:: 401, Message:: Wrong authentication token
2023-10-02 19:04:57 info: [0mGET /albums [33m401[0m 3.779 ms - 40[0m
2023-10-02 19:04:57 info: [0mPOST /refresh [32m200[0m 17.523 ms - 512[0m
2023-10-02 19:04:57 info: [0mPOST /refresh [32m200[0m 1.785 ms - 512[0m
2023-10-02 19:04:58 info: [0mGET /albums/categories [32m201[0m 414.946 ms - 184[0m
2023-10-02 19:05:36 info: [0mPOST /login [32m200[0m 595.747 ms - 594[0m
2023-10-02 19:08:26 info: [0mPOST /login [32m200[0m 579.535 ms - 594[0m
2023-10-02 19:08:28 error: [GET] /albums/popular >> StatusCode:: 401, Message:: Wrong authentication token
2023-10-02 19:08:28 info: [0mGET /albums/popular [33m401[0m 3.115 ms - 40[0m
2023-10-02 19:08:28 error: [GET] /albums >> StatusCode:: 401, Message:: Wrong authentication token
2023-10-02 19:08:28 info: [0mGET /albums [33m401[0m 2.401 ms - 40[0m
2023-10-02 19:08:28 info: [0mPOST /refresh [32m200[0m 5.340 ms - 27[0m
2023-10-02 19:08:28 info: [0mPOST /refresh [32m200[0m 6.793 ms - 27[0m
2023-10-02 19:08:28 info: [0mGET /albums/categories [32m201[0m 368.625 ms - 184[0m
2023-10-02 19:12:36 info: [0mPOST /login [32m200[0m 591.101 ms - 595[0m
2023-10-02 19:12:37 error: [GET] /albums >> StatusCode:: 401, Message:: Wrong authentication token
2023-10-02 19:12:37 info: [0mGET /albums [33m401[0m 3.951 ms - 40[0m
2023-10-02 19:12:37 error: [GET] /albums/popular >> StatusCode:: 401, Message:: Wrong authentication token
2023-10-02 19:12:37 info: [0mGET /albums/popular [33m401[0m 2.548 ms - 40[0m
2023-10-02 19:12:38 info: [0mGET /albums/categories [32m201[0m 386.715 ms - 184[0m
2023-10-02 19:14:47 info: [0mPOST /login [32m200[0m 659.395 ms - 595[0m
2023-10-02 19:14:48 error: [GET] /albums >> StatusCode:: 401, Message:: Wrong authentication token
2023-10-02 19:14:48 info: [0mGET /albums [33m401[0m 3.477 ms - 40[0m
2023-10-02 19:14:48 error: [GET] /albums/popular >> StatusCode:: 401, Message:: Wrong authentication token
2023-10-02 19:14:48 info: [0mGET /albums/popular [33m401[0m 2.790 ms - 40[0m
2023-10-02 19:14:49 info: [0mGET /albums/categories [32m201[0m 370.424 ms - 184[0m
2023-10-02 19:16:33 info: [0mPOST /login [32m200[0m 562.918 ms - 595[0m
2023-10-02 19:19:33 info: [0mPOST /login [32m200[0m 559.361 ms - 595[0m
2023-10-02 19:21:39 info: [0mPOST /login [32m200[0m 619.112 ms - 595[0m
2023-10-02 19:31:31 info: [0mPOST /login [32m200[0m 694.281 ms - 595[0m
2023-10-02 19:31:32 error: [GET] /albums/popular >> StatusCode:: 401, Message:: Wrong authentication token
2023-10-02 19:31:32 info: [0mGET /albums/popular [33m401[0m 3.319 ms - 40[0m
2023-10-02 19:31:32 error: [GET] /albums >> StatusCode:: 401, Message:: Wrong authentication token
2023-10-02 19:31:32 info: [0mGET /albums [33m401[0m 2.893 ms - 40[0m
2023-10-02 19:31:32 info: [0mGET /albums/categories [32m201[0m 364.329 ms - 184[0m
2023-10-02 19:40:53 info: [0mPOST /login [32m200[0m 607.952 ms - 595[0m
2023-10-02 19:40:55 error: [GET] /albums/popular >> StatusCode:: 401, Message:: Wrong authentication token
2023-10-02 19:40:55 info: [0mGET /albums/popular [33m401[0m 2.980 ms - 40[0m
2023-10-02 19:40:55 error: [GET] /albums >> StatusCode:: 401, Message:: Wrong authentication token
2023-10-02 19:40:55 info: [0mGET /albums [33m401[0m 4.022 ms - 40[0m
2023-10-02 19:40:55 info: [0mGET /albums/categories [32m201[0m 355.970 ms - 184[0m
2023-10-02 19:50:42 error: [GET] /albums >> StatusCode:: 401, Message:: Wrong authentication token
2023-10-02 19:50:42 info: [0mGET /albums [33m401[0m 3.115 ms - 40[0m
2023-10-02 19:50:43 error: [GET] /albums/popular >> StatusCode:: 401, Message:: Wrong authentication token
2023-10-02 19:50:43 info: [0mGET /albums/popular [33m401[0m 3.424 ms - 40[0m
2023-10-02 19:50:43 info: [0mPOST /refresh [32m200[0m 1.989 ms - 513[0m
2023-10-02 19:50:43 info: [0mPOST /refresh [32m200[0m 7.114 ms - 513[0m
2023-10-02 19:50:43 info: [0mGET /albums/categories [32m201[0m 385.178 ms - 184[0m
2023-10-02 19:51:12 error: [GET] /albums/popular >> StatusCode:: 401, Message:: Wrong authentication token
2023-10-02 19:51:12 info: [0mGET /albums/popular [33m401[0m 3.400 ms - 40[0m
2023-10-02 19:51:12 error: [GET] /albums >> StatusCode:: 401, Message:: Wrong authentication token
2023-10-02 19:51:12 info: [0mGET /albums [33m401[0m 2.569 ms - 40[0m
2023-10-02 19:51:12 info: [0mPOST /refresh [32m200[0m 1.821 ms - 513[0m
2023-10-02 19:51:12 info: [0mPOST /refresh [32m200[0m 1.577 ms - 513[0m
2023-10-02 19:51:12 info: [0mGET /albums/categories [32m201[0m 385.975 ms - 184[0m
2023-10-02 19:52:09 info: [0mPOST /login [32m200[0m 641.682 ms - 594[0m
2023-10-02 19:52:11 error: [GET] /albums >> StatusCode:: 401, Message:: Wrong authentication token
2023-10-02 19:52:11 info: [0mGET /albums [33m401[0m 3.038 ms - 40[0m
2023-10-02 19:52:11 error: [GET] /albums/popular >> StatusCode:: 401, Message:: Wrong authentication token
2023-10-02 19:52:11 info: [0mGET /albums/popular [33m401[0m 3.412 ms - 40[0m
2023-10-02 19:52:11 info: [0mGET /albums/categories [32m201[0m 364.082 ms - 184[0m
2023-10-02 19:58:12 info: [0mPOST /login [32m200[0m 592.892 ms - 595[0m
