2023-06-20 10:25:28 info: =================================
2023-06-20 10:25:28 info: ======= ENV: development =======
2023-06-20 10:25:28 info: 🚀 App listening on the port 4000
2023-06-20 10:25:28 info: =================================
2023-06-20 11:15:31 info: [0mPOST /login [32m200[0m 839.305 ms - 514[0m
2023-06-20 11:15:32 error: [GET] /albums/categories >> StatusCode:: 403, Message:: Wrong authentication token
2023-06-20 11:15:32 info: [0mGET /albums/categories [33m403[0m 439.651 ms - 40[0m
2023-06-20 11:15:32 error: [GET] /albums/popular >> StatusCode:: 403, Message:: Wrong authentication token
2023-06-20 11:15:32 info: [0mGET /albums/popular [33m403[0m 453.330 ms - 40[0m
2023-06-20 11:15:32 info: [0mPOST /refresh [32m200[0m 2.906 ms - 428[0m
2023-06-20 11:15:32 info: [0mPOST /refresh [32m200[0m 1.593 ms - 428[0m
2023-06-20 11:15:32 info: [0mGET /albums/categories [32m201[0m 399.584 ms - 64[0m
2023-06-20 11:15:32 info: [0mGET /albums/popular [32m201[0m 404.827 ms - -[0m
2023-06-20 11:15:33 error: [GET] /albums/category/fjdsregknerujngdifjnigi >> StatusCode:: 403, Message:: Wrong authentication token
2023-06-20 11:15:33 info: [0mGET /albums/category/fjdsregknerujngdifjnigi [33m403[0m 386.762 ms - 40[0m
2023-06-20 11:15:33 info: [0mPOST /refresh [32m200[0m 2.276 ms - 428[0m
2023-06-20 11:15:34 info: [0mGET /albums/category/fjdsregknerujngdifjnigi [32m201[0m 834.188 ms - -[0m
2023-06-20 11:15:34 info: [0mGET /public/files/albums/Picsart_22-03-01_14-57-46-602pnge46dae47e1c4a04c0b00ba5bf00a14b38ed3e9e500062023png [33m404[0m 3.071 ms - 242[0m
2023-06-20 11:15:34 info: [0mGET /public/files/albums/Picsart_22-03-01_14-57-46-602pngd17e588bd4bc0d7308d8f6ba2f2ac544d1ea907317062023.png [33m404[0m 3.121 ms - 243[0m
2023-06-20 11:16:09 info: [0mGET /public/files/albums/Picsart_22-03-01_14-57-46-602pnge46dae47e1c4a04c0b00ba5bf00a14b38ed3e9e500062023png [33m404[0m 1.780 ms - 242[0m
2023-06-20 11:16:09 info: [0mGET /public/files/albums/Picsart_22-03-01_14-57-46-602pngd17e588bd4bc0d7308d8f6ba2f2ac544d1ea907317062023.png [33m404[0m 1.525 ms - 243[0m
2023-06-20 11:16:09 error: [GET] /albums/category/fjdsregknerujngdifjnigi >> StatusCode:: 403, Message:: Wrong authentication token
2023-06-20 11:16:09 info: [0mGET /albums/category/fjdsregknerujngdifjnigi [33m403[0m 386.076 ms - 40[0m
2023-06-20 11:16:09 error: [GET] /albums/categories >> StatusCode:: 403, Message:: Wrong authentication token
2023-06-20 11:16:09 info: [0mGET /albums/categories [33m403[0m 400.792 ms - 40[0m
2023-06-20 11:16:09 error: [GET] /albums/popular >> StatusCode:: 403, Message:: Wrong authentication token
2023-06-20 11:16:09 info: [0mGET /albums/popular [33m403[0m 404.890 ms - 40[0m
2023-06-20 11:16:09 info: [0mPOST /refresh [32m200[0m 1.492 ms - 428[0m
2023-06-20 11:16:09 info: [0mPOST /refresh [32m200[0m 1.140 ms - 428[0m
2023-06-20 11:16:09 info: [0mPOST /refresh [32m200[0m 0.780 ms - 428[0m
2023-06-20 11:16:10 info: [0mGET /albums/categories [32m201[0m 424.280 ms - 64[0m
2023-06-20 11:16:10 info: [0mGET /albums/popular [32m201[0m 430.363 ms - -[0m
2023-06-20 11:16:10 info: [0mGET /albums/category/fjdsregknerujngdifjnigi [32m201[0m 856.528 ms - -[0m
2023-06-20 16:13:23 info: =================================
2023-06-20 16:13:23 info: ======= ENV: development =======
2023-06-20 16:13:23 info: 🚀 App listening on the port 4000
2023-06-20 16:13:23 info: =================================
