2023-10-01 12:06:38 info: =================================
2023-10-01 12:06:38 info: ======= ENV: development =======
2023-10-01 12:06:38 info: 🚀 App listening on the port 4000
2023-10-01 12:06:38 info: =================================
2023-10-01 12:08:01 info: [0mGET /albums/categories [32m201[0m 1058.068 ms - 184[0m
2023-10-01 12:08:01 info: [0mGET /albums/popular [32m201[0m 1146.406 ms - -[0m
2023-10-01 12:08:01 info: [0mGET /albums [32m201[0m 1096.241 ms - -[0m
2023-10-01 12:08:02 info: [0mGET /public/files/albums/WhatsApp%20Image%202023-09-23%20at%201957.21.jpeg4f1afcc9e592713c9ee5552d73c5c673bbb47dff48092023.jpeg [32m200[0m 7.651 ms - 41707[0m
2023-10-01 12:08:02 info: [0mGET /public/files/albums/WhatsApp%20Image%202023-09-23%20at%201956.37.jpeg0034f1afcc9e592713c9ee5552d73c5c673bbb4734092023.jpeg [32m200[0m 7.546 ms - 64745[0m
2023-10-01 12:08:02 info: [0mGET /public/files/albums/WhatsApp%20Image%202023-09-23%20at%201957.21.jpeg5afb0f0034f1afcc9e592713c9ee5552d73c5c6737092023.jpeg [32m200[0m 2.358 ms - 41707[0m
2023-10-01 12:08:02 info: [0mGET /public/files/albums/WhatsApp%20Image%202023-09-23%20at%201956.38.jpegb0f0034f1afcc9e592713c9ee5552d73c5c673bb47092023.jpeg [32m200[0m 5.686 ms - 137382[0m
2023-10-01 12:11:41 info: [0mGET /public/files/albums/WhatsApp%20Image%202023-09-23%20at%201957.21%20(1).jpeg6b65afb0f0034f1afcc9e592713c9ee5552d73c524092023.jpeg [32m200[0m 4.230 ms - 123689[0m
2023-10-01 12:11:49 info: [0mGET /public/files/albums/WhatsApp%20Image%202023-09-23%20at%201956.37.jpeg4f1afcc9e592713c9ee5552d73c5c673bbb47dff25092023.jpeg [32m200[0m 2.347 ms - 64745[0m
2023-10-01 12:11:50 info: [0mGET /public/files/albums/WhatsApp%20Image%202023-09-23%20at%201956.37.jpeg4f1afcc9e592713c9ee5552d73c5c673bbb47dff30092023.jpeg [32m200[0m 10.089 ms - 64745[0m
2023-10-01 12:11:50 info: [0mGET /public/files/albums/WhatsApp%20Image%202023-09-23%20at%201956.37.jpeg4f1afcc9e592713c9ee5552d73c5c673bbb47dff03092023.jpeg [32m200[0m 13.191 ms - 64745[0m
2023-10-01 12:11:50 info: [0mGET /public/files/albums/WhatsApp%20Image%202023-09-23%20at%201956.37.jpeg4f1afcc9e592713c9ee5552d73c5c673bbb47dff23092023.jpeg [32m200[0m 2.617 ms - 64745[0m
2023-10-01 12:11:53 info: [0mGET /users/plans/2dad18564868cbd395d5342cbd986fbe359d99c8 [32m200[0m 1618.912 ms - 223[0m
2023-10-01 12:12:31 info: [0mGET /users/plans/2dad18564868cbd395d5342cbd986fbe359d99c8 [32m200[0m 831.706 ms - 223[0m
2023-10-01 12:12:35 info: [0mGET /users/plans/2dad18564868cbd395d5342cbd986fbe359d99c8 [32m200[0m 804.103 ms - 223[0m
2023-10-01 12:13:01 info: [0mGET /users/plans/2dad18564868cbd395d5342cbd986fbe359d99c8 [32m200[0m 895.369 ms - 223[0m
2023-10-01 12:13:09 info: [0mGET /users/plans/2dad18564868cbd395d5342cbd986fbe359d99c8 [32m200[0m 1242.067 ms - 223[0m
2023-10-01 12:13:12 info: [0mGET /users/plans/2dad18564868cbd395d5342cbd986fbe359d99c8 [32m200[0m 860.317 ms - 223[0m
2023-10-01 12:13:20 info: [0mGET /users/plans/2dad18564868cbd395d5342cbd986fbe359d99c8 [32m200[0m 1191.718 ms - 223[0m
2023-10-01 12:13:27 info: [0mGET /users/plans/2dad18564868cbd395d5342cbd986fbe359d99c8 [32m200[0m 813.807 ms - 223[0m
2023-10-01 12:13:58 info: [0mGET /users/plans/2dad18564868cbd395d5342cbd986fbe359d99c8 [32m200[0m 1168.092 ms - 223[0m
2023-10-01 12:14:29 info: [0mGET /users/plans/2dad18564868cbd395d5342cbd986fbe359d99c8 [32m200[0m 972.417 ms - 223[0m
2023-10-01 12:15:31 info: [0mGET /users/plans/2dad18564868cbd395d5342cbd986fbe359d99c8 [32m200[0m 916.525 ms - 223[0m
2023-10-01 12:15:43 info: [0mGET /users/plans/2dad18564868cbd395d5342cbd986fbe359d99c8 [32m200[0m 895.457 ms - 223[0m
2023-10-01 12:16:05 info: [0mGET /users/plans/2dad18564868cbd395d5342cbd986fbe359d99c8 [32m200[0m 732.040 ms - 223[0m
2023-10-01 12:17:11 info: [0mGET /users/plans/2dad18564868cbd395d5342cbd986fbe359d99c8 [32m200[0m 898.482 ms - 223[0m
2023-10-01 12:17:40 info: [0mGET /users/plans/2dad18564868cbd395d5342cbd986fbe359d99c8 [32m200[0m 897.774 ms - 223[0m
2023-10-01 12:17:51 info: [0mGET /users/plans/2dad18564868cbd395d5342cbd986fbe359d99c8 [32m200[0m 922.548 ms - 223[0m
2023-10-01 12:19:40 info: [0mGET /albums/categories [32m201[0m 799.953 ms - 184[0m
2023-10-01 12:19:40 info: [0mGET /albums [32m201[0m 810.739 ms - -[0m
2023-10-01 12:19:40 info: [0mGET /albums/popular [32m201[0m 957.219 ms - -[0m
2023-10-01 12:19:41 info: [0mGET /public/files/albums/WhatsApp%20Image%202023-09-23%20at%201957.21.jpeg4f1afcc9e592713c9ee5552d73c5c673bbb47dff48092023.jpeg [32m200[0m 2.817 ms - 41707[0m
2023-10-01 12:19:41 info: [0mGET /public/files/albums/WhatsApp%20Image%202023-09-23%20at%201957.21.jpeg5afb0f0034f1afcc9e592713c9ee5552d73c5c6737092023.jpeg [32m200[0m 3.749 ms - 41707[0m
2023-10-01 12:19:41 info: [0mGET /public/files/albums/WhatsApp%20Image%202023-09-23%20at%201956.37.jpeg0034f1afcc9e592713c9ee5552d73c5c673bbb4734092023.jpeg [32m200[0m 5.689 ms - 64745[0m
2023-10-01 12:19:41 info: [0mGET /public/files/albums/WhatsApp%20Image%202023-09-23%20at%201956.38.jpegb0f0034f1afcc9e592713c9ee5552d73c5c673bb47092023.jpeg [32m200[0m 6.783 ms - 137382[0m
2023-10-01 12:19:51 info: [0mGET /public/files/albums/WhatsApp%20Image%202023-09-23%20at%201956.37.jpeg4f1afcc9e592713c9ee5552d73c5c673bbb47dff25092023.jpeg [32m200[0m 2.223 ms - 64745[0m
2023-10-01 12:19:51 info: [0mGET /public/files/albums/WhatsApp%20Image%202023-09-23%20at%201956.37.jpeg4f1afcc9e592713c9ee5552d73c5c673bbb47dff23092023.jpeg [32m200[0m 3.684 ms - 64745[0m
2023-10-01 12:19:51 info: [0mGET /public/files/albums/WhatsApp%20Image%202023-09-23%20at%201956.37.jpeg4f1afcc9e592713c9ee5552d73c5c673bbb47dff30092023.jpeg [32m200[0m 2.549 ms - 64745[0m
2023-10-01 12:19:51 info: [0mGET /public/files/albums/WhatsApp%20Image%202023-09-23%20at%201956.37.jpeg4f1afcc9e592713c9ee5552d73c5c673bbb47dff03092023.jpeg [32m200[0m 3.366 ms - 64745[0m
2023-10-01 12:19:55 info: [0mGET /users/plans/2dad18564868cbd395d5342cbd986fbe359d99c8 [32m200[0m 2030.982 ms - 223[0m
2023-10-01 12:20:28 info: [0mGET /users/plans/2dad18564868cbd395d5342cbd986fbe359d99c8 [32m200[0m 810.903 ms - 223[0m
2023-10-01 12:20:44 info: [0mGET /users/plans/2dad18564868cbd395d5342cbd986fbe359d99c8 [32m200[0m 726.706 ms - 223[0m
2023-10-01 12:21:11 info: [0mGET /users/plans/2dad18564868cbd395d5342cbd986fbe359d99c8 [32m200[0m 916.382 ms - 223[0m
2023-10-01 12:35:03 info: [0mGET /users/plans/2dad18564868cbd395d5342cbd986fbe359d99c8 [32m200[0m 881.746 ms - 223[0m
2023-10-01 12:35:33 info: [0mGET /users/plans/2dad18564868cbd395d5342cbd986fbe359d99c8 [32m200[0m 733.073 ms - 223[0m
2023-10-01 12:35:51 info: [0mGET /albums/popular [32m201[0m 793.991 ms - -[0m
2023-10-01 12:35:51 info: [0mGET /albums/categories [32m201[0m 879.567 ms - 184[0m
2023-10-01 12:35:51 info: [0mGET /albums [32m201[0m 880.707 ms - -[0m
2023-10-01 12:35:56 info: [0mGET /users/plans/2dad18564868cbd395d5342cbd986fbe359d99c8 [32m200[0m 1012.315 ms - 223[0m
2023-10-01 12:36:18 info: [0mGET /albums [32m201[0m 858.388 ms - -[0m
2023-10-01 12:36:18 info: [0mGET /albums/popular [32m201[0m 935.634 ms - -[0m
2023-10-01 12:36:22 info: [0mGET /albums/categories [32m201[0m 2582.985 ms - 184[0m
2023-10-01 12:36:23 info: [0mGET /users/plans/2dad18564868cbd395d5342cbd986fbe359d99c8 [32m200[0m 951.690 ms - 223[0m
2023-10-01 12:37:50 info: [0mGET /users/plans/2dad18564868cbd395d5342cbd986fbe359d99c8 [32m200[0m 771.008 ms - 223[0m
2023-10-01 12:41:13 info: [0mGET /users/plans/2dad18564868cbd395d5342cbd986fbe359d99c8 [32m200[0m 903.009 ms - 223[0m
2023-10-01 12:41:47 info: [0mGET /users/plans/2dad18564868cbd395d5342cbd986fbe359d99c8 [32m200[0m 861.851 ms - 223[0m
2023-10-01 12:42:05 info: [0mGET /users/plans/2dad18564868cbd395d5342cbd986fbe359d99c8 [32m200[0m 816.666 ms - 223[0m
2023-10-01 12:42:45 info: [0mGET /users/plans/2dad18564868cbd395d5342cbd986fbe359d99c8 [32m200[0m 813.861 ms - 223[0m
2023-10-01 12:43:02 info: [0mGET /users/plans/2dad18564868cbd395d5342cbd986fbe359d99c8 [32m200[0m 895.124 ms - 223[0m
2023-10-01 12:43:24 info: [0mGET /users/plans/2dad18564868cbd395d5342cbd986fbe359d99c8 [32m200[0m 875.267 ms - 223[0m
2023-10-01 12:43:33 info: [0mGET /users/plans/2dad18564868cbd395d5342cbd986fbe359d99c8 [32m200[0m 707.711 ms - 223[0m
2023-10-01 12:44:07 info: [0mGET /users/plans/2dad18564868cbd395d5342cbd986fbe359d99c8 [32m200[0m 896.337 ms - 223[0m
2023-10-01 12:44:27 info: [0mGET /users/plans/2dad18564868cbd395d5342cbd986fbe359d99c8 [32m200[0m 910.052 ms - 223[0m
2023-10-01 12:45:48 info: [0mGET /users/plans/2dad18564868cbd395d5342cbd986fbe359d99c8 [32m200[0m 890.195 ms - 223[0m
2023-10-01 12:48:42 info: [0mGET /users/plans/2dad18564868cbd395d5342cbd986fbe359d99c8 [32m200[0m 814.069 ms - 223[0m
2023-10-01 12:48:44 info: [0mGET /users/plans/2dad18564868cbd395d5342cbd986fbe359d99c8 [32m200[0m 818.609 ms - 223[0m
2023-10-01 12:49:01 info: [0mGET /users/plans/2dad18564868cbd395d5342cbd986fbe359d99c8 [32m200[0m 812.104 ms - 223[0m
2023-10-01 12:49:11 info: [0mGET /public/files/albums/WhatsApp%20Image%202023-09-23%20at%201957.21%20(1).jpeg6b65afb0f0034f1afcc9e592713c9ee5552d73c524092023.jpeg [32m200[0m 10.772 ms - 123689[0m
2023-10-01 12:49:18 info: [0mGET /users/plans/2dad18564868cbd395d5342cbd986fbe359d99c8 [32m200[0m 844.590 ms - 223[0m
2023-10-01 12:49:27 info: [0mGET /users/plans/2dad18564868cbd395d5342cbd986fbe359d99c8 [32m200[0m 841.730 ms - 223[0m
2023-10-01 12:49:31 info: [0mGET /users/plans/2dad18564868cbd395d5342cbd986fbe359d99c8 [32m200[0m 729.635 ms - 223[0m
2023-10-01 12:49:33 info: [0mGET /users/plans/2dad18564868cbd395d5342cbd986fbe359d99c8 [32m200[0m 927.468 ms - 223[0m
2023-10-01 12:53:12 info: [0mGET /albums/popular [32m201[0m 822.443 ms - -[0m
2023-10-01 12:53:12 info: [0mGET /albums/categories [32m201[0m 856.770 ms - 184[0m
2023-10-01 12:53:13 info: [0mGET /albums [32m201[0m 1056.447 ms - -[0m
2023-10-01 13:16:40 info: [0mGET /users/plans/2dad18564868cbd395d5342cbd986fbe359d99c8 [32m200[0m 897.062 ms - 223[0m
2023-10-01 13:16:48 info: [0mGET /users/plans/2dad18564868cbd395d5342cbd986fbe359d99c8 [32m200[0m 1591.986 ms - 223[0m
2023-10-01 13:18:08 info: [0mGET /users/plans/2dad18564868cbd395d5342cbd986fbe359d99c8 [32m200[0m 988.815 ms - 223[0m
2023-10-01 13:18:30 info: [0mGET /users/plans/2dad18564868cbd395d5342cbd986fbe359d99c8 [32m200[0m 782.318 ms - 223[0m
2023-10-01 13:52:00 info: [0mGET /albums/categories [32m201[0m 1888.940 ms - 184[0m
2023-10-01 13:52:00 info: [0mGET /albums [32m201[0m 1887.434 ms - -[0m
2023-10-01 13:52:01 info: [0mGET /albums/popular [32m201[0m 2139.948 ms - -[0m
2023-10-01 13:52:53 info: [0mGET /albums [32m201[0m 1491.298 ms - -[0m
2023-10-01 13:52:53 info: [0mGET /albums/categories [32m201[0m 1778.443 ms - 184[0m
2023-10-01 13:52:54 info: [0mGET /albums/popular [32m201[0m 1948.235 ms - -[0m
2023-10-01 13:53:12 info: [0mGET /albums/categories [32m201[0m 1198.318 ms - 184[0m
2023-10-01 13:53:12 info: [0mGET /albums [32m201[0m 1199.764 ms - -[0m
2023-10-01 13:53:12 info: [0mGET /albums/popular [32m201[0m 1684.277 ms - -[0m
2023-10-01 14:14:51 info: [0mGET /albums/popular [32m201[0m 868.993 ms - -[0m
2023-10-01 14:14:51 info: [0mGET /albums [32m201[0m 947.861 ms - -[0m
2023-10-01 14:14:52 info: [0mGET /albums/categories [32m201[0m 871.240 ms - 184[0m
2023-10-01 14:15:12 info: [0mGET /albums/popular [32m201[0m 811.885 ms - -[0m
2023-10-01 14:15:12 info: [0mGET /albums [32m201[0m 812.395 ms - -[0m
2023-10-01 14:15:12 info: [0mGET /albums/categories [32m201[0m 806.236 ms - 184[0m
2023-10-01 14:16:02 info: [0mGET /users/plans/2dad18564868cbd395d5342cbd986fbe359d99c8 [32m200[0m 765.599 ms - 223[0m
2023-10-01 18:42:22 info: [0mGET /albums/categories [32m201[0m 988.297 ms - 184[0m
2023-10-01 18:42:22 info: [0mGET /albums [32m201[0m 988.070 ms - -[0m
2023-10-01 18:42:22 info: [0mGET /albums/popular [32m201[0m 968.448 ms - -[0m
2023-10-01 18:42:23 info: [0mGET /public/files/albums/WhatsApp%20Image%202023-09-23%20at%201957.21.jpeg5afb0f0034f1afcc9e592713c9ee5552d73c5c6737092023.jpeg [32m200[0m 2.903 ms - 41707[0m
2023-10-01 18:42:23 info: [0mGET /public/files/albums/WhatsApp%20Image%202023-09-23%20at%201956.37.jpeg0034f1afcc9e592713c9ee5552d73c5c673bbb4734092023.jpeg [32m200[0m 2.525 ms - 64745[0m
2023-10-01 18:42:23 info: [0mGET /public/files/albums/WhatsApp%20Image%202023-09-23%20at%201956.38.jpegb0f0034f1afcc9e592713c9ee5552d73c5c673bb47092023.jpeg [32m200[0m 4.303 ms - 137382[0m
2023-10-01 18:42:23 info: [0mGET /public/files/albums/WhatsApp%20Image%202023-09-23%20at%201957.21.jpeg4f1afcc9e592713c9ee5552d73c5c673bbb47dff48092023.jpeg [32m200[0m 6.478 ms - 41707[0m
2023-10-01 18:42:28 info: [0mGET /public/files/albums/WhatsApp%20Image%202023-09-23%20at%201956.37.jpeg4f1afcc9e592713c9ee5552d73c5c673bbb47dff25092023.jpeg [32m200[0m 2.082 ms - 64745[0m
2023-10-01 18:42:28 info: [0mGET /public/files/albums/WhatsApp%20Image%202023-09-23%20at%201956.37.jpeg4f1afcc9e592713c9ee5552d73c5c673bbb47dff23092023.jpeg [32m200[0m 3.642 ms - 64745[0m
2023-10-01 18:42:28 info: [0mGET /public/files/albums/WhatsApp%20Image%202023-09-23%20at%201956.37.jpeg4f1afcc9e592713c9ee5552d73c5c673bbb47dff03092023.jpeg [32m200[0m 2.330 ms - 64745[0m
2023-10-01 18:42:28 info: [0mGET /public/files/albums/WhatsApp%20Image%202023-09-23%20at%201956.37.jpeg4f1afcc9e592713c9ee5552d73c5c673bbb47dff30092023.jpeg [32m200[0m 2.432 ms - 64745[0m
2023-10-01 18:42:32 info: [0mGET /users/plans/2dad18564868cbd395d5342cbd986fbe359d99c8 [32m200[0m 713.906 ms - 223[0m
2023-10-01 18:42:50 info: [0mGET /users/plans/2dad18564868cbd395d5342cbd986fbe359d99c8 [32m200[0m 809.648 ms - 223[0m
2023-10-01 18:42:54 info: [0mGET /users/plans/2dad18564868cbd395d5342cbd986fbe359d99c8 [32m200[0m 1151.560 ms - 223[0m
2023-10-01 18:43:39 info: [0mGET /users/plans/2dad18564868cbd395d5342cbd986fbe359d99c8 [32m200[0m 892.311 ms - 223[0m
2023-10-01 18:43:49 info: [0mGET /users/plans/2dad18564868cbd395d5342cbd986fbe359d99c8 [32m200[0m 818.333 ms - 223[0m
2023-10-01 18:44:02 info: [0mGET /users/plans/2dad18564868cbd395d5342cbd986fbe359d99c8 [32m200[0m 907.242 ms - 223[0m
2023-10-01 18:44:07 info: [0mGET /users/plans/2dad18564868cbd395d5342cbd986fbe359d99c8 [32m200[0m 713.005 ms - 223[0m
2023-10-01 18:53:11 info: [0mPOST /login [32m200[0m 1619.825 ms - 561[0m
2023-10-01 18:55:48 info: [0mPOST /login [32m200[0m 918.745 ms - 44[0m
2023-10-01 18:55:56 info: [0mPOST /login [32m200[0m 1094.559 ms - 561[0m
2023-10-01 18:56:12 info: [0mPOST /login [32m200[0m 817.561 ms - 44[0m
2023-10-01 18:56:44 info: [0mPOST /login [32m200[0m 1351.614 ms - 561[0m
2023-10-01 18:57:06 info: [0mPOST /login [32m200[0m 2264.374 ms - 561[0m
2023-10-01 18:57:43 info: [0mPOST /login [32m200[0m 1453.597 ms - 561[0m
2023-10-01 18:58:08 info: [0mPOST /login [32m200[0m 1477.967 ms - 561[0m
2023-10-01 18:59:43 info: [0mPOST /login [32m200[0m 1222.015 ms - 561[0m
2023-10-01 18:59:45 info: [0mGET /albums/categories [32m201[0m 883.183 ms - 184[0m
2023-10-01 18:59:45 info: [0mGET /albums [32m201[0m 878.085 ms - -[0m
2023-10-01 18:59:45 info: [0mGET /albums/popular [32m201[0m 1297.742 ms - -[0m
2023-10-01 19:01:16 info: [0mPOST /login [32m200[0m 1636.918 ms - 561[0m
2023-10-01 19:02:49 info: [0mPOST /login [32m200[0m 1636.790 ms - 561[0m
2023-10-01 19:02:56 info: [0mPOST /login [32m200[0m 1382.717 ms - 561[0m
2023-10-01 19:03:30 info: [0mPOST /login [32m200[0m 3176.334 ms - 561[0m
2023-10-01 19:04:03 info: [0mPOST /login [32m200[0m 1551.231 ms - 561[0m
2023-10-01 19:04:05 info: [0mGET /albums [32m201[0m 861.676 ms - -[0m
2023-10-01 19:04:06 info: [0mGET /albums/popular [32m201[0m 1472.188 ms - -[0m
2023-10-01 19:04:07 info: [0mGET /albums/categories [32m201[0m 2140.297 ms - 184[0m
2023-10-01 21:38:54 info: [0mPOST /login [32m200[0m 1534.494 ms - 561[0m
2023-10-01 21:39:15 info: [0mPOST /login [32m200[0m 1093.643 ms - 561[0m
2023-10-01 21:39:17 info: [0mGET /albums/categories [32m201[0m 822.154 ms - 184[0m
2023-10-01 21:39:17 info: [0mGET /albums/popular [32m201[0m 876.368 ms - -[0m
2023-10-01 21:39:17 info: [0mGET /albums [32m201[0m 1266.200 ms - -[0m
2023-10-01 21:39:18 info: [0mGET /public/files/albums/WhatsApp%20Image%202023-09-23%20at%201956.37.jpeg0034f1afcc9e592713c9ee5552d73c5c673bbb4734092023.jpeg [32m200[0m 5.589 ms - 64745[0m
2023-10-01 21:39:18 info: [0mGET /public/files/albums/WhatsApp%20Image%202023-09-23%20at%201957.21.jpeg4f1afcc9e592713c9ee5552d73c5c673bbb47dff48092023.jpeg [32m200[0m 1.924 ms - 41707[0m
2023-10-01 21:39:18 info: [0mGET /public/files/albums/WhatsApp%20Image%202023-09-23%20at%201956.38.jpegb0f0034f1afcc9e592713c9ee5552d73c5c673bb47092023.jpeg [32m200[0m 2.193 ms - 137382[0m
2023-10-01 21:39:19 info: [0mGET /public/files/albums/WhatsApp%20Image%202023-09-23%20at%201957.21.jpeg5afb0f0034f1afcc9e592713c9ee5552d73c5c6737092023.jpeg [32m200[0m 4.721 ms - 41707[0m
2023-10-01 21:41:11 info: [0mPOST /login [32m200[0m 1355.689 ms - 561[0m
2023-10-01 21:41:13 info: [0mGET /albums [32m201[0m 894.297 ms - -[0m
2023-10-01 21:41:13 info: [0mGET /albums/popular [32m201[0m 817.629 ms - -[0m
2023-10-01 21:41:13 info: [0mGET /albums/categories [32m201[0m 901.076 ms - 184[0m
2023-10-01 21:43:18 info: [0mPOST /login [32m200[0m 1141.457 ms - 561[0m
2023-10-01 21:43:20 info: [0mGET /albums/popular [32m201[0m 823.399 ms - -[0m
2023-10-01 21:43:20 info: [0mGET /albums [32m201[0m 848.126 ms - -[0m
2023-10-01 21:43:20 info: [0mGET /albums/categories [32m201[0m 789.952 ms - 184[0m
2023-10-01 22:00:26 info: [0mPOST /login [32m200[0m 1408.032 ms - 561[0m
2023-10-01 22:00:42 info: [0mPOST /login [32m200[0m 1440.260 ms - 561[0m
2023-10-01 22:05:21 info: [0mGET /albums/categories [32m201[0m 1124.765 ms - 184[0m
2023-10-01 22:05:21 info: [0mGET /albums [32m201[0m 1120.580 ms - -[0m
2023-10-01 22:05:21 info: [0mGET /albums/popular [32m201[0m 1178.974 ms - -[0m
2023-10-01 22:05:41 info: [0mGET /albums [32m201[0m 1133.768 ms - -[0m
2023-10-01 22:05:41 info: [0mGET /albums/popular [32m201[0m 1236.047 ms - -[0m
2023-10-01 22:05:42 info: [0mGET /albums/categories [32m201[0m 1407.675 ms - 184[0m
2023-10-01 22:13:44 info: =================================
2023-10-01 22:13:44 info: ======= ENV: development =======
2023-10-01 22:13:44 info: 🚀 App listening on the port 4000
2023-10-01 22:13:44 info: =================================
2023-10-01 22:13:50 info: [0mPOST /login [32m200[0m 2371.435 ms - 578[0m
2023-10-01 22:14:34 info: =================================
2023-10-01 22:14:34 info: ======= ENV: development =======
2023-10-01 22:14:34 info: 🚀 App listening on the port 4000
2023-10-01 22:14:34 info: =================================
2023-10-01 22:16:01 info: =================================
2023-10-01 22:16:01 info: ======= ENV: development =======
2023-10-01 22:16:01 info: 🚀 App listening on the port 4000
2023-10-01 22:16:01 info: =================================
2023-10-01 22:16:05 info: [0mPOST /login [32m200[0m 1532.740 ms - 579[0m
2023-10-01 22:20:54 info: [0mGET /albums [32m201[0m 805.038 ms - -[0m
2023-10-01 22:20:54 info: [0mGET /albums/popular [32m201[0m 891.185 ms - -[0m
2023-10-01 22:20:54 info: [0mGET /albums/categories [32m201[0m 992.359 ms - 184[0m
2023-10-01 22:22:11 info: [0mPOST /login [32m200[0m 2233.235 ms - 579[0m
2023-10-01 22:22:13 info: [0mGET /albums/popular [32m201[0m 973.051 ms - -[0m
2023-10-01 22:22:13 info: [0mGET /albums [32m201[0m 1211.553 ms - -[0m
2023-10-01 22:22:14 info: [0mGET /albums/categories [32m201[0m 1771.001 ms - 184[0m
