2023-06-09 10:04:43 info: =================================
2023-06-09 10:04:43 info: ======= ENV: development =======
2023-06-09 10:04:43 info: 🚀 App listening on the port 4000
2023-06-09 10:04:43 info: =================================
2023-06-09 10:28:12 info: [0mPOST /login [32m200[0m 666.175 ms - 62[0m
2023-06-09 10:44:41 info: [0mPOST /login [32m200[0m 443.823 ms - 62[0m
2023-06-09 10:46:03 info: [0mPOST /login [32m200[0m 421.676 ms - 62[0m
2023-06-09 10:50:31 info: [0mPOST /login [32m200[0m 432.721 ms - 62[0m
2023-06-09 10:53:18 info: [0mPOST /login [32m200[0m 380.675 ms - 62[0m
2023-06-09 10:53:40 info: [0mPOST /login [32m200[0m 526.184 ms - 62[0m
2023-06-09 10:55:28 info: [0mPOST /login [32m200[0m 385.311 ms - 62[0m
2023-06-09 11:12:57 info: [0mPOST /login [32m200[0m 428.647 ms - 62[0m
2023-06-09 11:13:39 info: [0mPOST /login [32m200[0m 376.772 ms - 61[0m
2023-06-09 11:13:57 info: [0mPOST /login [32m200[0m 377.450 ms - 61[0m
2023-06-09 11:14:02 info: [0mPOST /login [32m200[0m 388.011 ms - 61[0m
2023-06-09 11:14:08 info: [0mPOST /login [32m200[0m 384.922 ms - 61[0m
2023-06-09 11:14:16 info: [0mPOST /login [32m200[0m 389.700 ms - 61[0m
2023-06-09 11:14:16 info: [0mPOST /login [32m200[0m 371.796 ms - 61[0m
2023-06-09 11:14:16 info: [0mPOST /login [32m200[0m 373.438 ms - 61[0m
2023-06-09 14:27:38 info: [0mPOST /login [32m200[0m 616.411 ms - 39[0m
2023-06-09 14:37:10 info: [0mPOST /login [32m200[0m 417.431 ms - 62[0m
2023-06-09 14:38:03 info: =================================
2023-06-09 14:38:03 info: ======= ENV: development =======
2023-06-09 14:38:03 info: 🚀 App listening on the port 4000
2023-06-09 14:38:03 info: =================================
2023-06-09 14:38:04 info: [0mPOST /login [32m200[0m 505.435 ms - 38[0m
2023-06-09 14:38:07 info: [0mPOST /login [32m200[0m 365.244 ms - 38[0m
2023-06-09 14:38:12 info: [0mPOST /login [32m200[0m 405.913 ms - 38[0m
2023-06-09 14:38:24 info: =================================
2023-06-09 14:38:24 info: ======= ENV: development =======
2023-06-09 14:38:24 info: 🚀 App listening on the port 4000
2023-06-09 14:38:24 info: =================================
2023-06-09 14:38:27 info: [0mPOST /login [32m200[0m 413.023 ms - 38[0m
2023-06-09 14:39:01 info: [0mPOST /login [32m200[0m 369.078 ms - 38[0m
2023-06-09 14:40:55 info: [0mPOST /login [32m200[0m 399.032 ms - 38[0m
2023-06-09 14:41:37 info: [0mPOST /login [32m200[0m 372.840 ms - 38[0m
2023-06-09 14:42:04 info: [0mPOST /login [32m200[0m 373.415 ms - 67[0m
2023-06-09 14:43:02 info: =================================
2023-06-09 14:43:02 info: ======= ENV: development =======
2023-06-09 14:43:02 info: 🚀 App listening on the port 4000
2023-06-09 14:43:02 info: =================================
2023-06-09 14:43:04 info: [0mPOST /login [32m200[0m 482.204 ms - 44[0m
2023-06-09 14:44:06 info: [0mPOST /login [32m200[0m 441.877 ms - 44[0m
2023-06-09 14:44:10 info: [0mPOST /login [32m200[0m 521.834 ms - 44[0m
2023-06-09 14:44:38 info: [0mPOST /login [32m200[0m 447.311 ms - 44[0m
2023-06-09 14:44:49 info: [0mPOST /signup [32m201[0m 436.721 ms - 26[0m
2023-06-09 14:45:11 info: [0mPOST /signup [32m201[0m 454.663 ms - 26[0m
2023-06-09 14:46:37 info: [0mPOST /signup [36m302[0m 1606.133 ms - 323[0m
2023-06-09 14:46:48 info: [0mPOST /login [32m200[0m 476.919 ms - 44[0m
2023-06-09 14:46:55 info: [0mPOST /login [32m200[0m 442.146 ms - 44[0m
2023-06-09 14:48:25 info: [0mGET /login [33m404[0m 1.598 ms - 144[0m
2023-06-09 14:48:34 info: [0mPOST /login [32m200[0m 12.998 ms - -[0m
2023-06-09 14:48:39 info: [0mPOST /login [32m200[0m 432.644 ms - 44[0m
2023-06-09 14:49:05 info: [0mPOST /login [32m200[0m 3.845 ms - -[0m
2023-06-09 14:49:20 info: [0mPOST /login [32m200[0m 438.736 ms - 44[0m
2023-06-09 14:50:44 info: [0mPOST /login [32m200[0m 464.167 ms - 44[0m
2023-06-09 14:51:49 info: [0mPOST /login [32m200[0m 437.211 ms - 44[0m
2023-06-09 14:52:33 info: [0mPOST /login [32m200[0m 449.809 ms - 44[0m
2023-06-09 14:53:06 info: [0mPOST /login [32m200[0m 3.929 ms - -[0m
2023-06-09 14:53:16 info: [0mPOST /login [32m200[0m 455.273 ms - 44[0m
2023-06-09 14:53:31 info: [0mPOST /login [32m200[0m 387.464 ms - 38[0m
2023-06-09 14:53:41 info: [0mPOST /login [32m200[0m 428.962 ms - 44[0m
2023-06-09 14:54:21 info: =================================
2023-06-09 14:54:21 info: ======= ENV: development =======
2023-06-09 14:54:21 info: 🚀 App listening on the port 4000
2023-06-09 14:54:21 info: =================================
2023-06-09 14:54:36 info: [0mPOST /login [32m200[0m 483.143 ms - 44[0m
2023-06-09 14:54:40 info: [0mPOST /login [32m200[0m 456.504 ms - 44[0m
2023-06-09 14:54:42 info: [0mPOST /login [32m200[0m 433.920 ms - 44[0m
2023-06-09 14:54:49 info: [0mPOST /login [32m200[0m 435.082 ms - 44[0m
2023-06-09 14:54:55 info: [0mPOST /login [32m200[0m 442.144 ms - 44[0m
2023-06-09 14:55:03 info: [0mPOST /login [32m200[0m 10.212 ms - -[0m
2023-06-09 14:55:34 info: =================================
2023-06-09 14:55:34 info: ======= ENV: development =======
2023-06-09 14:55:34 info: 🚀 App listening on the port 4000
2023-06-09 14:55:34 info: =================================
2023-06-09 14:55:41 info: [0mPOST /login [32m200[0m 27.432 ms - -[0m
2023-06-09 14:56:36 info: [0mPOST /login [32m200[0m 5.101 ms - -[0m
2023-06-09 14:57:01 info: [0mPOST /login [32m200[0m 4.024 ms - -[0m
2023-06-09 14:57:14 info: [0mPOST /login [32m200[0m 452.238 ms - 44[0m
2023-06-09 14:57:45 info: [0mPOST /login [32m200[0m 446.637 ms - 516[0m
2023-06-09 16:01:54 info: [0mPOST /login [32m200[0m 440.731 ms - 44[0m
2023-06-09 16:02:06 info: [0mPOST /login [32m200[0m 426.149 ms - 516[0m
2023-06-09 16:03:43 info: [0mPOST /login [32m200[0m 420.496 ms - 516[0m
2023-06-09 16:03:49 info: [0mPOST /login [32m200[0m 457.999 ms - 516[0m
2023-06-09 16:04:18 info: [0mPOST /login [32m200[0m 471.357 ms - 516[0m
2023-06-09 16:06:07 info: [0mPOST /login [32m200[0m 442.301 ms - 516[0m
2023-06-09 16:06:44 info: [0mPOST /login [32m200[0m 432.539 ms - 516[0m
2023-06-09 16:07:22 info: [0mPOST /login [32m200[0m 447.524 ms - 516[0m
2023-06-09 16:08:01 info: [0mPOST /login [32m200[0m 443.599 ms - 516[0m
2023-06-09 16:08:32 info: [0mPOST /login [32m200[0m 448.021 ms - 516[0m
2023-06-09 16:08:44 info: [0mPOST /login [32m200[0m 443.960 ms - 516[0m
2023-06-09 16:09:03 info: [0mPOST /login [32m200[0m 487.063 ms - 516[0m
2023-06-09 16:09:11 info: [0mPOST /login [32m200[0m 441.301 ms - 516[0m
2023-06-09 16:10:08 info: =================================
2023-06-09 16:10:08 info: ======= ENV: development =======
2023-06-09 16:10:08 info: 🚀 App listening on the port 4000
2023-06-09 16:10:08 info: =================================
2023-06-09 16:10:23 info: [0mPOST /login [32m200[0m 512.649 ms - 514[0m
2023-06-09 16:13:03 info: [0mPOST /login [32m200[0m 443.428 ms - 514[0m
2023-06-09 16:13:39 info: [0mPOST /login [32m200[0m 433.595 ms - 514[0m
2023-06-09 16:13:58 info: [0mPOST /login [32m200[0m 462.602 ms - 514[0m
2023-06-09 16:14:48 info: [0mPOST /login [32m200[0m 459.895 ms - 514[0m
2023-06-09 16:15:16 info: [0mPOST /login [32m200[0m 440.580 ms - 514[0m
2023-06-09 16:15:21 info: [0mPOST /login [32m200[0m 450.837 ms - 514[0m
2023-06-09 16:15:47 info: [0mPOST /login [32m200[0m 484.862 ms - 514[0m
2023-06-09 16:16:44 info: [0mPOST /login [32m200[0m 391.421 ms - 44[0m
2023-06-09 16:17:06 info: [0mPOST /login [32m200[0m 357.029 ms - 44[0m
2023-06-09 16:17:46 info: =================================
2023-06-09 16:17:46 info: ======= ENV: development =======
2023-06-09 16:17:46 info: 🚀 App listening on the port 4000
2023-06-09 16:17:46 info: =================================
2023-06-09 16:17:50 info: =================================
2023-06-09 16:17:50 info: ======= ENV: development =======
2023-06-09 16:17:50 info: 🚀 App listening on the port 4000
2023-06-09 16:17:50 info: =================================
2023-06-09 16:18:03 info: [0mPOST /login [32m200[0m 428.389 ms - 44[0m
2023-06-09 16:18:04 info: [0mPOST /login [32m200[0m 394.820 ms - 44[0m
2023-06-09 16:18:35 info: [0mPOST /login [32m200[0m 392.483 ms - 44[0m
2023-06-09 16:18:46 info: [0mPOST /login [32m200[0m 372.318 ms - 44[0m
2023-06-09 16:18:56 info: [0mPOST /login [32m200[0m 368.365 ms - 44[0m
2023-06-09 16:19:20 info: [0mPOST /login [32m200[0m 392.647 ms - 44[0m
2023-06-09 16:20:00 info: [0mPOST /login [32m200[0m 384.463 ms - 44[0m
2023-06-09 16:21:03 info: [0mPOST /login [32m200[0m 392.479 ms - 44[0m
2023-06-09 16:21:35 info: [0mPOST /login [32m200[0m 381.018 ms - 44[0m
2023-06-09 16:21:50 info: [0mPOST /login [32m200[0m 396.785 ms - 44[0m
2023-06-09 16:22:00 info: [0mPOST /login [32m200[0m 429.642 ms - 516[0m
2023-06-09 16:22:13 info: [0mPOST /login [32m200[0m 437.900 ms - 516[0m
2023-06-09 16:32:01 info: [0mPOST /login [32m200[0m 449.128 ms - 44[0m
2023-06-09 16:32:22 info: [0mPOST /login [32m200[0m 425.200 ms - 516[0m
2023-06-09 16:43:47 info: [0mPOST /login [32m200[0m 452.161 ms - 516[0m
2023-06-09 16:44:06 info: [0mPOST /login [32m200[0m 451.417 ms - 516[0m
2023-06-09 16:44:32 info: [0mPOST /login [32m200[0m 432.997 ms - 516[0m
2023-06-09 16:44:43 info: [0mPOST /login [32m200[0m 429.510 ms - 516[0m
2023-06-09 16:44:57 info: [0mPOST /login [32m200[0m 470.896 ms - 516[0m
2023-06-09 17:11:15 info: [0mPOST /login [32m200[0m 436.295 ms - 516[0m
2023-06-09 17:12:08 info: [0mPOST /login [32m200[0m 443.156 ms - 516[0m
2023-06-09 17:13:35 info: [0mPOST /login [32m200[0m 469.025 ms - 516[0m
2023-06-09 17:13:42 info: [0mPOST /login [32m200[0m 453.071 ms - 516[0m
2023-06-09 17:16:05 info: [0mPOST /login [32m200[0m 439.941 ms - 516[0m
2023-06-09 17:16:45 info: [0mPOST /login [32m200[0m 461.001 ms - 516[0m
2023-06-09 17:24:44 info: [0mPOST /login [32m200[0m 453.623 ms - 516[0m
2023-06-09 17:27:11 info: =================================
2023-06-09 17:27:11 info: ======= ENV: development =======
2023-06-09 17:27:11 info: 🚀 App listening on the port 4000
2023-06-09 17:27:11 info: =================================
2023-06-09 17:27:25 info: [0mPOST /login [32m200[0m 528.194 ms - 514[0m
2023-06-09 17:29:03 info: [0mPOST /login [32m200[0m 766.618 ms - 514[0m
2023-06-09 17:30:31 info: [0mPOST /login [32m200[0m 470.159 ms - 514[0m
2023-06-09 17:30:42 info: [0mPOST /login [32m200[0m 438.327 ms - 514[0m
2023-06-09 17:30:45 info: [0mPOST /login [32m200[0m 434.011 ms - 514[0m
2023-06-09 17:31:28 info: [0mPOST /login [32m200[0m 517.380 ms - 514[0m
2023-06-09 17:31:43 info: [0mPOST /login [32m200[0m 484.957 ms - 514[0m
2023-06-09 17:32:26 info: [0mPOST /login [32m200[0m 463.477 ms - 514[0m
2023-06-09 17:32:48 info: [0mPOST /login [32m200[0m 425.985 ms - 514[0m
2023-06-09 17:33:20 info: [0mPOST /login [32m200[0m 437.815 ms - 514[0m
2023-06-09 17:33:23 info: [0mPOST /login [32m200[0m 423.120 ms - 514[0m
2023-06-09 17:37:34 info: [0mPOST /login [32m200[0m 455.522 ms - 514[0m
2023-06-09 17:37:35 info: [0mPOST /login [32m200[0m 417.026 ms - 514[0m
2023-06-09 17:38:45 info: [0mPOST /login [32m200[0m 725.414 ms - 514[0m
2023-06-09 17:38:55 info: [0mPOST /login [32m200[0m 492.918 ms - 514[0m
2023-06-09 17:46:39 info: [0mPOST /login [32m200[0m 441.166 ms - 514[0m
2023-06-09 17:46:47 info: [0mPOST /login [32m200[0m 425.940 ms - 514[0m
2023-06-09 17:46:49 info: [0mPOST /login [32m200[0m 417.240 ms - 514[0m
2023-06-09 17:46:51 info: [0mPOST /login [32m200[0m 441.279 ms - 514[0m
2023-06-09 17:47:17 info: [0mPOST /login [32m200[0m 429.353 ms - 514[0m
2023-06-09 17:48:03 info: [0mPOST /login [32m200[0m 429.540 ms - 514[0m
2023-06-09 17:48:04 info: [0mPOST /login [32m200[0m 409.955 ms - 514[0m
2023-06-09 17:48:07 info: [0mPOST /login [32m200[0m 439.798 ms - 514[0m
2023-06-09 17:50:07 info: [0mPOST /login [32m200[0m 490.321 ms - 514[0m
2023-06-09 17:50:08 info: [0mPOST /login [32m200[0m 426.634 ms - 514[0m
2023-06-09 17:50:10 info: [0mPOST /login [32m200[0m 432.159 ms - 514[0m
2023-06-09 17:50:11 info: [0mPOST /login [32m200[0m 465.733 ms - 514[0m
2023-06-09 17:52:08 info: [0mPOST /login [32m200[0m 445.335 ms - 514[0m
2023-06-09 17:52:14 info: [0mPOST /login [32m200[0m 457.194 ms - 514[0m
2023-06-09 17:52:15 info: [0mPOST /login [32m200[0m 424.750 ms - 514[0m
2023-06-09 17:52:16 info: [0mPOST /login [32m200[0m 432.145 ms - 514[0m
2023-06-09 17:52:33 info: [0mPOST /login [32m200[0m 456.692 ms - 514[0m
