2023-12-09 12:28:54 error: [GET] /users/e1d640e916c8628de70bf8ec0bd97461577cc85a >> StatusCode:: 401, Message:: Wrong authentication token
2023-12-09 12:28:54 info: [0mGET /users/e1d640e916c8628de70bf8ec0bd97461577cc85a [33m401[0m 137.029 ms - 40[0m
2023-12-09 12:28:54 info: [0mPOST /refresh [32m200[0m 7.093 ms - 277[0m
2023-12-09 12:28:57 info: [0mGET /users/e1d640e916c8628de70bf8ec0bd97461577cc85a [32m200[0m 2121.731 ms - 324[0m
2023-12-09 12:29:00 info: [0mGET /users/plans/e1d640e916c8628de70bf8ec0bd97461577cc85a [32m200[0m 1559.335 ms - 223[0m
2023-12-09 12:29:00 info: [0mGET /albums/categories [32m201[0m 1480.859 ms - 114[0m
2023-12-09 12:29:02 info: [0mGET /albums [32m201[0m 2975.023 ms - -[0m
2023-12-09 12:29:02 info: [0mGET /albums/popular [32m201[0m 3306.283 ms - -[0m
2023-12-09 12:29:05 info: [0mGET /public/files/albums/postPicture375f3a97b3467961505186a4241e2a6bbefb451952122023.jpeg [33m404[0m 7.177 ms - 223[0m
2023-12-09 12:29:05 info: [0mGET /public/files/albums/postPicture6f0ab25e375f3a97b3467961505186a4241e2a6b46122023.octet-stream [33m404[0m 7.235 ms - 231[0m
2023-12-09 12:29:05 info: [0mGET /public/files/albums/postPictureac4e6f51f29d58f04d4b8c223edaec3174c9ab6716122023.png [33m404[0m 7.663 ms - 222[0m
2023-12-09 12:29:05 info: [0mGET /public/files/albums/postPicture96bf7dff70c791a395340c0292a9f6fd29340b0625122023.png [33m404[0m 8.664 ms - 222[0m
2023-12-09 12:29:05 info: [0mGET /public/files/albums/postPictured274b9a2a09e590a5f6d2661d9b879f0280663bc02122023.jpeg [33m404[0m 8.949 ms - 223[0m
2023-12-09 12:29:05 info: [0mGET /public/files/albums/postPicture90dd6f0ab25e375f3a97b3467961505186a4241e55122023.png [33m404[0m 9.776 ms - 222[0m
2023-12-09 12:29:05 info: [0mGET /public/files/albums/postPictureb25e375f3a97b3467961505186a4241e2a6bbefb22122023.jpeg [33m404[0m 10.252 ms - 223[0m
2023-12-09 12:29:05 info: [0mGET /public/files/albums/postPicture656a08b0890e3b556c9baf2a64cee181b632223f46122023.png [33m404[0m 0.575 ms - 222[0m
2023-12-09 12:29:06 info: [0mGET /public/files/albums/postPicture5d2f8cd3f6f50e15909b11505cfe5bd9b6bef9ae42122023.png [33m404[0m 0.585 ms - 222[0m
2023-12-09 12:29:06 info: [0mGET /public/files/albums/postPicture3d30f9e2249b636e6a6d423149a491b02cfb8e3927122023.png [33m404[0m 2.710 ms - 222[0m
2023-12-09 12:29:06 info: [0mGET /public/files/albums/postPicture9b11505cfe5bd9b6bef9ae840078e4734144b5d914122023.png [33m404[0m 1.253 ms - 222[0m
2023-12-09 12:29:06 info: [0mGET /public/files/albums/postPicture505cfe5bd9b6bef9ae840078e4734144b5d9dd6e43122023.png [33m404[0m 1.963 ms - 222[0m
2023-12-09 12:29:06 info: [0mGET /public/files/albums/postPicture7b7c61ab9d61f5d12c3b0122cc6fec73eb64fc6247122023.png [33m404[0m 0.741 ms - 222[0m
2023-12-09 12:29:06 info: [0mGET /public/files/albums/postPicturef6f50e15909b11505cfe5bd9b6bef9ae840078e432122023.png [33m404[0m 1.493 ms - 222[0m
2023-12-09 12:29:06 info: [0mGET /public/files/albums/postPicturef50e15909b11505cfe5bd9b6bef9ae840078e47327122023.png [33m404[0m 1.918 ms - 222[0m
2023-12-09 12:29:06 info: [0mGET /public/files/albums/postPicture87395b6b96208af9e910167fbea922bf9dc2427537122023.png [33m404[0m 0.605 ms - 222[0m
2023-12-09 12:29:07 info: [0mGET /public/files/albums/postPictureea2cd61a368c8e214914d067fa55bccc2895295714122023.png [33m404[0m 0.634 ms - 222[0m
2023-12-09 12:29:07 info: [0mGET /public/files/albums/postPicturee9d11ef13cf36c49bb0e8f4436d4a5003ca20cae33122023.png [33m404[0m 0.655 ms - 222[0m
2023-12-09 12:29:07 info: [0mGET /public/files/albums/postPictureffe7acebe0fd2c1bb9e191df6d10863a0675575746122023.octet-stream [33m404[0m 0.595 ms - 231[0m
2023-12-09 12:29:07 info: [0mGET /public/files/albums/postPicture0fd2c1bb9e191df6d10863a06755757a97f6c1bf31122023.octet-stream [33m404[0m 0.610 ms - 231[0m
2023-12-09 12:29:08 info: [0mGET /public/files/albums/postPicture5a05ad584f8f22313961672bb1e9e845c6aa291024122023.octet-stream [33m404[0m 0.474 ms - 231[0m
2023-12-09 12:29:08 info: [0mGET /public/files/albums/postPictureebe0fd2c1bb9e191df6d10863a06755757a97f6c11122023.octet-stream [33m404[0m 1.118 ms - 231[0m
2023-12-09 12:29:08 info: [0mGET /public/files/albums/postPicture1485a05ad584f8f22313961672bb1e9e845c6aa205122023.octet-stream [33m404[0m 1.269 ms - 231[0m
2023-12-09 12:29:08 info: [0mGET /public/files/albums/postPicture2c1bb9e191df6d10863a06755757a97f6c1bf0ba11122023.octet-stream [33m404[0m 2.103 ms - 231[0m
2023-12-09 12:29:08 info: [0mGET /public/files/albums/postPictureab1ea683903e4ee8f09207748b58848b796d30b002122023.octet-stream [33m404[0m 0.576 ms - 231[0m
2023-12-09 12:29:08 info: [0mGET /public/files/albums/postPicturebc134f12720fc7feb9b82da20c66021635b3d5ec16122023.octet-stream [33m404[0m 5.766 ms - 231[0m
2023-12-09 12:29:09 info: [0mGET /public/files/albums/postPicture83903e4ee8f09207748b58848b796d30b097255201122023.png [33m404[0m 0.649 ms - 222[0m
2023-12-09 12:29:09 info: [0mGET /public/files/albums/postPicturef5c92c6de44a35f4990bbbe2ecafce86cd5320d926122023.octet-stream [33m404[0m 0.692 ms - 231[0m
2023-12-09 12:29:09 info: [0mGET /public/files/albums/postPictureea683903e4ee8f09207748b58848b796d30b097221122023.octet-stream [33m404[0m 0.653 ms - 231[0m
2023-12-09 12:44:55 info: =================================
2023-12-09 12:44:55 info: ======= ENV: development =======
2023-12-09 12:44:55 info: 🚀 App listening on the port 8000
2023-12-09 12:44:55 info: =================================
2023-12-09 13:36:39 info: [0mGET /public/files/albums/postPictured274b9a2a09e590a5f6d2661d9b879f0280663bc02122023.jpeg [33m404[0m 62.890 ms - 223[0m
2023-12-09 13:36:39 info: [0mGET /public/files/albums/postPicture90dd6f0ab25e375f3a97b3467961505186a4241e55122023.png [33m404[0m 72.194 ms - 222[0m
2023-12-09 13:36:39 info: [0mGET /public/files/albums/postPicture6f0ab25e375f3a97b3467961505186a4241e2a6b46122023.octet-stream [33m404[0m 78.603 ms - 231[0m
2023-12-09 13:36:39 info: [0mGET /public/files/albums/postPicture96bf7dff70c791a395340c0292a9f6fd29340b0625122023.png [33m404[0m 78.520 ms - 222[0m
2023-12-09 13:36:39 info: [0mGET /public/files/albums/postPicture375f3a97b3467961505186a4241e2a6bbefb451952122023.jpeg [33m404[0m 79.323 ms - 223[0m
2023-12-09 13:36:39 info: [0mGET /public/files/albums/postPicture656a08b0890e3b556c9baf2a64cee181b632223f46122023.png [33m404[0m 79.944 ms - 222[0m
2023-12-09 13:36:39 info: [0mGET /public/files/albums/postPictureac4e6f51f29d58f04d4b8c223edaec3174c9ab6716122023.png [33m404[0m 81.880 ms - 222[0m
2023-12-09 13:36:39 info: [0mGET /public/files/albums/postPictureb25e375f3a97b3467961505186a4241e2a6bbefb22122023.jpeg [33m404[0m 82.910 ms - 223[0m
2023-12-09 13:36:39 info: [0mGET /public/files/albums/postPicturee360b2c019f60ad69535be615770bb1aab06112750122023.png [33m404[0m 83.113 ms - 222[0m
2023-12-09 13:36:39 info: [0mGET /public/files/albums/postPictureefbe481a61acdf3cafa2071b05e82f15a9cf2ebd02122023.png [33m404[0m 84.603 ms - 222[0m
2023-12-09 13:36:39 info: [0mGET /public/files/albums/postPicture505cfe5bd9b6bef9ae840078e4734144b5d9dd6e43122023.png [33m404[0m 4.529 ms - 222[0m
2023-12-09 13:36:39 info: [0mGET /public/files/albums/postPicture9b11505cfe5bd9b6bef9ae840078e4734144b5d914122023.png [33m404[0m 1.881 ms - 222[0m
2023-12-09 13:36:39 info: [0mGET /public/files/albums/postPicturef50e15909b11505cfe5bd9b6bef9ae840078e47327122023.png [33m404[0m 7.687 ms - 222[0m
2023-12-09 13:36:40 info: [0mGET /public/files/albums/postPicturef6f50e15909b11505cfe5bd9b6bef9ae840078e432122023.png [33m404[0m 2.607 ms - 222[0m
2023-12-09 13:36:40 info: [0mGET /public/files/albums/postPicture3d30f9e2249b636e6a6d423149a491b02cfb8e3927122023.png [33m404[0m 1.286 ms - 222[0m
2023-12-09 13:36:40 info: [0mGET /public/files/albums/postPicture7b7c61ab9d61f5d12c3b0122cc6fec73eb64fc6247122023.png [33m404[0m 1.253 ms - 222[0m
2023-12-09 13:36:40 info: [0mGET /public/files/albums/postPicture5d2f8cd3f6f50e15909b11505cfe5bd9b6bef9ae42122023.png [33m404[0m 1.011 ms - 222[0m
2023-12-09 13:36:40 info: [0mGET /public/files/albums/postPicture87395b6b96208af9e910167fbea922bf9dc2427537122023.png [33m404[0m 1.270 ms - 222[0m
2023-12-09 13:36:40 info: [0mGET /public/files/albums/postPictureea2cd61a368c8e214914d067fa55bccc2895295714122023.png [33m404[0m 1.277 ms - 222[0m
2023-12-09 13:36:40 info: [0mGET /public/files/albums/postPicture43c377472363dbdd37af8a523e7b124a80f6a91b41122023.png [33m404[0m 6.039 ms - 222[0m
2023-12-09 13:36:40 info: [0mGET /public/files/albums/postPicture5f539a43c377472363dbdd37af8a523e7b124a8022122023.png [33m404[0m 1.069 ms - 222[0m
2023-12-09 13:36:40 info: [0mGET /public/files/albums/postPicturee9d11ef13cf36c49bb0e8f4436d4a5003ca20cae33122023.png [33m404[0m 1.442 ms - 222[0m
2023-12-09 13:36:40 info: [0mGET /public/files/albums/postPicture0fd2c1bb9e191df6d10863a06755757a97f6c1bf31122023.octet-stream [33m404[0m 1.321 ms - 231[0m
2023-12-09 13:36:40 info: [0mGET /public/files/albums/postPictureebe0fd2c1bb9e191df6d10863a06755757a97f6c11122023.octet-stream [33m404[0m 1.441 ms - 231[0m
2023-12-09 13:36:40 info: [0mGET /public/files/albums/postPictureffe7acebe0fd2c1bb9e191df6d10863a0675575746122023.octet-stream [33m404[0m 4.583 ms - 231[0m
2023-12-09 13:36:40 info: [0mGET /public/files/albums/postPicture1485a05ad584f8f22313961672bb1e9e845c6aa205122023.octet-stream [33m404[0m 5.405 ms - 231[0m
2023-12-09 13:36:40 info: [0mGET /public/files/albums/postPicture2c1bb9e191df6d10863a06755757a97f6c1bf0ba11122023.octet-stream [33m404[0m 1.463 ms - 231[0m
2023-12-09 13:36:40 info: [0mGET /public/files/albums/postPicture5a05ad584f8f22313961672bb1e9e845c6aa291024122023.octet-stream [33m404[0m 0.883 ms - 231[0m
2023-12-09 13:36:41 info: [0mGET /public/files/albums/postPicturebc134f12720fc7feb9b82da20c66021635b3d5ec16122023.octet-stream [33m404[0m 1.086 ms - 231[0m
2023-12-09 13:36:41 info: [0mGET /public/files/albums/postPicturef5c92c6de44a35f4990bbbe2ecafce86cd5320d926122023.octet-stream [33m404[0m 1.040 ms - 231[0m
2023-12-09 13:36:41 info: [0mGET /public/files/albums/postPictureab1ea683903e4ee8f09207748b58848b796d30b002122023.octet-stream [33m404[0m 0.807 ms - 231[0m
2023-12-09 13:36:41 info: [0mGET /public/files/albums/postPictureea683903e4ee8f09207748b58848b796d30b097221122023.octet-stream [33m404[0m 2.601 ms - 231[0m
2023-12-09 13:36:41 info: [0mGET /public/files/albums/postPicture83903e4ee8f09207748b58848b796d30b097255201122023.png [33m404[0m 0.786 ms - 222[0m
2023-12-09 13:38:15 info: [0mPUT /users/e1d640e916c8628de70bf8ec0bd97461577cc85a [32m200[0m 1787.488 ms - 21[0m
2023-12-09 13:39:09 info: =================================
2023-12-09 13:39:09 info: ======= ENV: development =======
2023-12-09 13:39:09 info: 🚀 App listening on the port 8000
2023-12-09 13:39:09 info: =================================
2023-12-09 13:40:51 info: [0mPUT /users/e1d640e916c8628de70bf8ec0bd97461577cc85a [32m200[0m 1595.336 ms - 21[0m
2023-12-09 13:42:08 info: =================================
2023-12-09 13:42:08 info: ======= ENV: development =======
2023-12-09 13:42:08 info: 🚀 App listening on the port 8000
2023-12-09 13:42:08 info: =================================
2023-12-09 13:42:17 info: [0mPUT /users/e1d640e916c8628de70bf8ec0bd97461577cc85a [32m200[0m 3652.134 ms - 21[0m
2023-12-09 13:42:56 info: =================================
2023-12-09 13:42:56 info: ======= ENV: development =======
2023-12-09 13:42:56 info: 🚀 App listening on the port 8000
2023-12-09 13:42:56 info: =================================
2023-12-09 13:43:22 info: [0mPUT /users/e1d640e916c8628de70bf8ec0bd97461577cc85a [32m200[0m 2844.043 ms - 21[0m
2023-12-09 13:44:40 info: =================================
2023-12-09 13:44:40 info: ======= ENV: development =======
2023-12-09 13:44:40 info: 🚀 App listening on the port 8000
2023-12-09 13:44:40 info: =================================
2023-12-09 13:44:49 info: [0mPUT /users/e1d640e916c8628de70bf8ec0bd97461577cc85a [32m200[0m 3912.305 ms - 21[0m
2023-12-09 13:45:14 info: =================================
2023-12-09 13:45:14 info: ======= ENV: development =======
2023-12-09 13:45:14 info: 🚀 App listening on the port 8000
2023-12-09 13:45:14 info: =================================
2023-12-09 13:45:28 info: =================================
2023-12-09 13:45:28 info: ======= ENV: development =======
2023-12-09 13:45:28 info: 🚀 App listening on the port 8000
2023-12-09 13:45:28 info: =================================
2023-12-09 13:45:33 info: [0mPUT /users/e1d640e916c8628de70bf8ec0bd97461577cc85a [32m200[0m 1460.241 ms - 21[0m
2023-12-09 13:47:00 info: =================================
2023-12-09 13:47:00 info: ======= ENV: development =======
2023-12-09 13:47:00 info: 🚀 App listening on the port 8000
2023-12-09 13:47:00 info: =================================
2023-12-09 13:47:05 info: [0mPUT /users/e1d640e916c8628de70bf8ec0bd97461577cc85a [32m200[0m 1774.128 ms - 372[0m
2023-12-09 13:53:57 info: [0mPUT /users/e1d640e916c8628de70bf8ec0bd97461577cc85a [32m200[0m 1708.977 ms - 375[0m
2023-12-09 13:55:02 info: [0mGET /notifications/e1d640e916c8628de70bf8ec0bd97461577cc85a [32m201[0m 1724.527 ms - -[0m
2023-12-09 14:01:48 info: [0mPUT /users/e1d640e916c8628de70bf8ec0bd97461577cc85a [32m200[0m 2204.225 ms - 375[0m
2023-12-09 14:02:04 info: [0mGET /public/files/albums/postPictureac4e6f51f29d58f04d4b8c223edaec3174c9ab6716122023.png [33m404[0m 13.542 ms - 222[0m
2023-12-09 14:02:04 info: [0mGET /public/files/albums/postPictureefbe481a61acdf3cafa2071b05e82f15a9cf2ebd02122023.png [33m404[0m 4.795 ms - 222[0m
2023-12-09 14:02:04 info: [0mGET /public/files/albums/postPicturee360b2c019f60ad69535be615770bb1aab06112750122023.png [33m404[0m 4.125 ms - 222[0m
2023-12-09 14:02:04 info: [0mGET /public/files/albums/postPicture375f3a97b3467961505186a4241e2a6bbefb451952122023.jpeg [33m404[0m 1.222 ms - 223[0m
2023-12-09 14:02:04 info: [0mGET /public/files/albums/postPicture90dd6f0ab25e375f3a97b3467961505186a4241e55122023.png [33m404[0m 1.429 ms - 222[0m
2023-12-09 14:02:04 info: [0mGET /public/files/albums/postPicture6f0ab25e375f3a97b3467961505186a4241e2a6b46122023.octet-stream [33m404[0m 3.540 ms - 231[0m
2023-12-09 14:02:04 info: [0mGET /public/files/albums/postPictured274b9a2a09e590a5f6d2661d9b879f0280663bc02122023.jpeg [33m404[0m 1.241 ms - 223[0m
2023-12-09 14:02:04 info: [0mGET /public/files/albums/postPicture96bf7dff70c791a395340c0292a9f6fd29340b0625122023.png [33m404[0m 1.494 ms - 222[0m
2023-12-09 14:02:04 info: [0mGET /public/files/albums/postPictureb25e375f3a97b3467961505186a4241e2a6bbefb22122023.jpeg [33m404[0m 1.788 ms - 223[0m
2023-12-09 14:02:04 info: [0mGET /public/files/albums/postPicture505cfe5bd9b6bef9ae840078e4734144b5d9dd6e43122023.png [33m404[0m 1.338 ms - 222[0m
2023-12-09 14:02:05 info: [0mGET /public/files/albums/postPicture9b11505cfe5bd9b6bef9ae840078e4734144b5d914122023.png [33m404[0m 1.103 ms - 222[0m
2023-12-09 14:02:05 info: [0mGET /public/files/albums/postPicturef6f50e15909b11505cfe5bd9b6bef9ae840078e432122023.png [33m404[0m 1.114 ms - 222[0m
2023-12-09 14:02:05 info: [0mGET /public/files/albums/postPicture656a08b0890e3b556c9baf2a64cee181b632223f46122023.png [33m404[0m 1.312 ms - 222[0m
2023-12-09 14:02:05 info: [0mGET /public/files/albums/postPicture3d30f9e2249b636e6a6d423149a491b02cfb8e3927122023.png [33m404[0m 1.309 ms - 222[0m
2023-12-09 14:02:06 info: [0mGET /public/files/albums/postPicturee9d11ef13cf36c49bb0e8f4436d4a5003ca20cae33122023.png [33m404[0m 1.285 ms - 222[0m
2023-12-09 14:02:06 info: [0mGET /public/files/albums/postPicture5d2f8cd3f6f50e15909b11505cfe5bd9b6bef9ae42122023.png [33m404[0m 1.096 ms - 222[0m
2023-12-09 14:02:06 info: [0mGET /public/files/albums/postPicturef50e15909b11505cfe5bd9b6bef9ae840078e47327122023.png [33m404[0m 3.123 ms - 222[0m
2023-12-09 14:02:06 info: [0mGET /public/files/albums/postPicture5f539a43c377472363dbdd37af8a523e7b124a8022122023.png [33m404[0m 3.320 ms - 222[0m
2023-12-09 14:02:06 info: [0mGET /public/files/albums/postPictureea2cd61a368c8e214914d067fa55bccc2895295714122023.png [33m404[0m 1.105 ms - 222[0m
2023-12-09 14:02:06 info: [0mGET /public/files/albums/postPicture87395b6b96208af9e910167fbea922bf9dc2427537122023.png [33m404[0m 1.080 ms - 222[0m
2023-12-09 14:02:06 info: [0mGET /public/files/albums/postPictureffe7acebe0fd2c1bb9e191df6d10863a0675575746122023.octet-stream [33m404[0m 1.265 ms - 231[0m
2023-12-09 14:02:06 info: [0mGET /public/files/albums/postPicture7b7c61ab9d61f5d12c3b0122cc6fec73eb64fc6247122023.png [33m404[0m 1.145 ms - 222[0m
2023-12-09 14:02:06 info: [0mGET /public/files/albums/postPictureebe0fd2c1bb9e191df6d10863a06755757a97f6c11122023.octet-stream [33m404[0m 1.239 ms - 231[0m
2023-12-09 14:02:06 info: [0mGET /public/files/albums/postPicture43c377472363dbdd37af8a523e7b124a80f6a91b41122023.png [33m404[0m 1.883 ms - 222[0m
2023-12-09 14:02:06 info: [0mGET /public/files/albums/postPicture1485a05ad584f8f22313961672bb1e9e845c6aa205122023.octet-stream [33m404[0m 1.658 ms - 231[0m
2023-12-09 14:02:06 info: [0mGET /public/files/albums/postPicture2c1bb9e191df6d10863a06755757a97f6c1bf0ba11122023.octet-stream [33m404[0m 2.123 ms - 231[0m
2023-12-09 14:02:07 info: [0mGET /public/files/albums/postPicture5a05ad584f8f22313961672bb1e9e845c6aa291024122023.octet-stream [33m404[0m 1.081 ms - 231[0m
2023-12-09 14:02:07 info: [0mGET /public/files/albums/postPicturef5c92c6de44a35f4990bbbe2ecafce86cd5320d926122023.octet-stream [33m404[0m 1.066 ms - 231[0m
2023-12-09 14:02:07 info: [0mGET /public/files/albums/postPictureab1ea683903e4ee8f09207748b58848b796d30b002122023.octet-stream [33m404[0m 0.924 ms - 231[0m
2023-12-09 14:02:07 info: [0mGET /public/files/albums/postPicturebc134f12720fc7feb9b82da20c66021635b3d5ec16122023.octet-stream [33m404[0m 4.241 ms - 231[0m
2023-12-09 14:02:07 info: [0mGET /public/files/albums/postPictureea683903e4ee8f09207748b58848b796d30b097221122023.octet-stream [33m404[0m 4.727 ms - 231[0m
2023-12-09 14:02:07 info: [0mGET /public/files/albums/postPicture83903e4ee8f09207748b58848b796d30b097255201122023.png [33m404[0m 3.757 ms - 222[0m
2023-12-09 14:02:07 info: [0mGET /public/files/albums/postPicture0fd2c1bb9e191df6d10863a06755757a97f6c1bf31122023.octet-stream [33m404[0m 1.090 ms - 231[0m
2023-12-09 14:02:14 info: [0mGET /notifications/e1d640e916c8628de70bf8ec0bd97461577cc85a [32m201[0m 2113.372 ms - -[0m
2023-12-09 14:02:47 info: [0mPUT /users/e1d640e916c8628de70bf8ec0bd97461577cc85a [32m200[0m 5109.095 ms - 374[0m
2023-12-09 14:03:19 info: [0mPUT /users/e1d640e916c8628de70bf8ec0bd97461577cc85a [32m200[0m 2022.439 ms - 376[0m
2023-12-09 14:03:25 info: [0mPUT /users/e1d640e916c8628de70bf8ec0bd97461577cc85a [32m200[0m 1644.609 ms - 377[0m
2023-12-09 14:03:39 info: [0mPUT /users/e1d640e916c8628de70bf8ec0bd97461577cc85a [32m200[0m 1304.764 ms - 379[0m
2023-12-09 14:03:55 info: [0mPUT /users/e1d640e916c8628de70bf8ec0bd97461577cc85a [32m200[0m 1476.961 ms - 377[0m
2023-12-09 14:04:09 info: [0mPUT /users/e1d640e916c8628de70bf8ec0bd97461577cc85a [32m200[0m 1139.137 ms - 378[0m
2023-12-09 14:05:12 info: [0mPUT /users/e1d640e916c8628de70bf8ec0bd97461577cc85a [32m200[0m 1220.315 ms - 380[0m
2023-12-09 14:08:14 info: =================================
2023-12-09 14:08:14 info: ======= ENV: development =======
2023-12-09 14:08:14 info: 🚀 App listening on the port 8000
2023-12-09 14:08:14 info: =================================
2023-12-09 14:08:25 info: [0mPUT /users/e1d640e916c8628de70bf8ec0bd97461577cc85a [32m200[0m 2375.193 ms - 380[0m
2023-12-09 14:09:09 info: [0mPUT /users/e1d640e916c8628de70bf8ec0bd97461577cc85a [32m200[0m 1293.916 ms - 382[0m
2023-12-09 14:09:23 info: [0mPUT /users/e1d640e916c8628de70bf8ec0bd97461577cc85a [32m200[0m 1307.886 ms - 383[0m
2023-12-09 14:09:34 info: [0mPUT /users/e1d640e916c8628de70bf8ec0bd97461577cc85a [32m200[0m 1446.434 ms - 379[0m
2023-12-09 14:09:43 info: [0mPUT /users/e1d640e916c8628de70bf8ec0bd97461577cc85a [32m200[0m 2035.849 ms - 380[0m
2023-12-09 14:09:59 info: [0mPUT /users/e1d640e916c8628de70bf8ec0bd97461577cc85a [32m200[0m 2374.659 ms - 381[0m
2023-12-09 14:10:08 info: [0mPUT /users/e1d640e916c8628de70bf8ec0bd97461577cc85a [32m200[0m 1571.384 ms - 382[0m
2023-12-09 14:10:23 info: [0mPUT /users/e1d640e916c8628de70bf8ec0bd97461577cc85a [32m200[0m 2254.888 ms - 375[0m
2023-12-09 14:10:56 info: [0mPUT /users/e1d640e916c8628de70bf8ec0bd97461577cc85a [32m200[0m 1826.405 ms - 376[0m
2023-12-09 14:11:08 info: [0mPUT /users/e1d640e916c8628de70bf8ec0bd97461577cc85a [32m200[0m 1581.409 ms - 377[0m
2023-12-09 14:13:34 info: [0mGET /public/files/albums/postPictureac4e6f51f29d58f04d4b8c223edaec3174c9ab6716122023.png [33m404[0m 8.034 ms - 222[0m
2023-12-09 14:13:34 info: [0mGET /public/files/albums/postPicture6f0ab25e375f3a97b3467961505186a4241e2a6b46122023.octet-stream [33m404[0m 12.752 ms - 231[0m
2023-12-09 14:13:34 info: [0mGET /public/files/albums/postPictured274b9a2a09e590a5f6d2661d9b879f0280663bc02122023.jpeg [33m404[0m 13.660 ms - 223[0m
2023-12-09 14:13:34 info: [0mGET /public/files/albums/postPicture96bf7dff70c791a395340c0292a9f6fd29340b0625122023.png [33m404[0m 14.285 ms - 222[0m
2023-12-09 14:13:34 info: [0mGET /public/files/albums/postPicture656a08b0890e3b556c9baf2a64cee181b632223f46122023.png [33m404[0m 15.163 ms - 222[0m
2023-12-09 14:13:34 info: [0mGET /public/files/albums/postPicturee360b2c019f60ad69535be615770bb1aab06112750122023.png [33m404[0m 15.475 ms - 222[0m
2023-12-09 14:13:34 info: [0mGET /public/files/albums/postPicture90dd6f0ab25e375f3a97b3467961505186a4241e55122023.png [33m404[0m 16.284 ms - 222[0m
2023-12-09 14:13:34 info: [0mGET /public/files/albums/postPictureb25e375f3a97b3467961505186a4241e2a6bbefb22122023.jpeg [33m404[0m 13.417 ms - 223[0m
2023-12-09 14:13:34 info: [0mGET /public/files/albums/postPicture375f3a97b3467961505186a4241e2a6bbefb451952122023.jpeg [33m404[0m 14.283 ms - 223[0m
2023-12-09 14:13:34 info: [0mGET /public/files/albums/postPictureefbe481a61acdf3cafa2071b05e82f15a9cf2ebd02122023.png [33m404[0m 1.425 ms - 222[0m
2023-12-09 14:13:34 info: [0mGET /public/files/albums/postPicture505cfe5bd9b6bef9ae840078e4734144b5d9dd6e43122023.png [33m404[0m 2.996 ms - 222[0m
2023-12-09 14:13:35 info: [0mGET /public/files/albums/postPicture9b11505cfe5bd9b6bef9ae840078e4734144b5d914122023.png [33m404[0m 1.249 ms - 222[0m
2023-12-09 14:13:35 info: [0mGET /public/files/albums/postPicturef6f50e15909b11505cfe5bd9b6bef9ae840078e432122023.png [33m404[0m 1.492 ms - 222[0m
2023-12-09 14:13:35 info: [0mGET /public/files/albums/postPicturef50e15909b11505cfe5bd9b6bef9ae840078e47327122023.png [33m404[0m 2.640 ms - 222[0m
2023-12-09 14:13:35 info: [0mGET /public/files/albums/postPicture5d2f8cd3f6f50e15909b11505cfe5bd9b6bef9ae42122023.png [33m404[0m 2.914 ms - 222[0m
2023-12-09 14:13:35 info: [0mGET /public/files/albums/postPicture3d30f9e2249b636e6a6d423149a491b02cfb8e3927122023.png [33m404[0m 3.275 ms - 222[0m
2023-12-09 14:13:35 info: [0mGET /public/files/albums/postPicture5f539a43c377472363dbdd37af8a523e7b124a8022122023.png [33m404[0m 3.929 ms - 222[0m
2023-12-09 14:13:35 info: [0mGET /public/files/albums/postPicture87395b6b96208af9e910167fbea922bf9dc2427537122023.png [33m404[0m 4.577 ms - 222[0m
2023-12-09 14:13:35 info: [0mGET /public/files/albums/postPicture43c377472363dbdd37af8a523e7b124a80f6a91b41122023.png [33m404[0m 3.960 ms - 222[0m
2023-12-09 14:13:35 info: [0mGET /public/files/albums/postPictureea2cd61a368c8e214914d067fa55bccc2895295714122023.png [33m404[0m 0.904 ms - 222[0m
2023-12-09 14:13:35 info: [0mGET /public/files/albums/postPicture7b7c61ab9d61f5d12c3b0122cc6fec73eb64fc6247122023.png [33m404[0m 1.729 ms - 222[0m
2023-12-09 14:13:35 info: [0mGET /public/files/albums/postPicturee9d11ef13cf36c49bb0e8f4436d4a5003ca20cae33122023.png [33m404[0m 1.936 ms - 222[0m
2023-12-09 14:13:36 info: [0mGET /public/files/albums/postPictureffe7acebe0fd2c1bb9e191df6d10863a0675575746122023.octet-stream [33m404[0m 1.135 ms - 231[0m
2023-12-09 14:13:36 info: [0mGET /public/files/albums/postPictureebe0fd2c1bb9e191df6d10863a06755757a97f6c11122023.octet-stream [33m404[0m 1.065 ms - 231[0m
2023-12-09 14:13:36 info: [0mGET /public/files/albums/postPicture0fd2c1bb9e191df6d10863a06755757a97f6c1bf31122023.octet-stream [33m404[0m 1.303 ms - 231[0m
2023-12-09 14:13:36 info: [0mGET /public/files/albums/postPicture2c1bb9e191df6d10863a06755757a97f6c1bf0ba11122023.octet-stream [33m404[0m 1.112 ms - 231[0m
2023-12-09 14:13:36 info: [0mGET /public/files/albums/postPicture1485a05ad584f8f22313961672bb1e9e845c6aa205122023.octet-stream [33m404[0m 1.199 ms - 231[0m
2023-12-09 14:13:36 info: [0mGET /public/files/albums/postPicture5a05ad584f8f22313961672bb1e9e845c6aa291024122023.octet-stream [33m404[0m 1.153 ms - 231[0m
2023-12-09 14:13:36 info: [0mGET /public/files/albums/postPicturef5c92c6de44a35f4990bbbe2ecafce86cd5320d926122023.octet-stream [33m404[0m 1.055 ms - 231[0m
2023-12-09 14:13:36 info: [0mGET /public/files/albums/postPictureab1ea683903e4ee8f09207748b58848b796d30b002122023.octet-stream [33m404[0m 0.925 ms - 231[0m
2023-12-09 14:13:36 info: [0mGET /public/files/albums/postPictureea683903e4ee8f09207748b58848b796d30b097221122023.octet-stream [33m404[0m 1.099 ms - 231[0m
2023-12-09 14:13:37 info: [0mGET /public/files/albums/postPicture83903e4ee8f09207748b58848b796d30b097255201122023.png [33m404[0m 0.925 ms - 222[0m
2023-12-09 14:13:37 info: [0mGET /public/files/albums/postPicture5d2f8cd3f6f50e15909b11505cfe5bd9b6bef9ae42122023.png [33m404[0m 1.230 ms - 222[0m
2023-12-09 14:13:37 info: [0mGET /public/files/albums/postPicturebc134f12720fc7feb9b82da20c66021635b3d5ec16122023.octet-stream [33m404[0m 0.986 ms - 231[0m
2023-12-09 14:13:37 info: [0mGET /public/files/albums/postPicture5f539a43c377472363dbdd37af8a523e7b124a8022122023.png [33m404[0m 0.806 ms - 222[0m
2023-12-09 14:18:32 error: [GET] /users/e1d640e916c8628de70bf8ec0bd97461577cc85a >> StatusCode:: 401, Message:: Wrong authentication token
2023-12-09 14:18:32 info: [0mGET /users/e1d640e916c8628de70bf8ec0bd97461577cc85a [33m401[0m 22.028 ms - 40[0m
2023-12-09 14:18:33 info: [0mPOST /refresh [32m200[0m 5.623 ms - 277[0m
2023-12-09 14:18:35 info: [0mGET /users/e1d640e916c8628de70bf8ec0bd97461577cc85a [32m200[0m 1720.267 ms - 348[0m
2023-12-09 14:18:39 info: [0mGET /users/plans/e1d640e916c8628de70bf8ec0bd97461577cc85a [32m200[0m 1096.298 ms - 223[0m
2023-12-09 14:18:39 info: [0mGET /albums/categories [32m201[0m 802.256 ms - 114[0m
2023-12-09 14:18:40 info: [0mGET /albums/popular [32m201[0m 2423.652 ms - -[0m
2023-12-09 15:04:07 info: [0mGET /users/plans/e1d640e916c8628de70bf8ec0bd97461577cc85a [32m200[0m 894.735 ms - 223[0m
2023-12-09 15:04:19 info: [0mPOST /albums/e1d640e916c8628de70bf8ec0bd97461577cc85a [32m201[0m 3392.696 ms - 298[0m
2023-12-09 15:04:19 info: [0mPOST /albums/upload/1b2d60b53392315eeaf99c4aa5a7bc80d2e881e4 [32m201[0m 4.580 ms - 59[0m
2023-12-09 15:16:28 info: =================================
2023-12-09 15:16:28 info: ======= ENV: development =======
2023-12-09 15:16:28 info: 🚀 App listening on the port 8000
2023-12-09 15:16:28 info: =================================
2023-12-09 15:16:36 info: =================================
2023-12-09 15:16:36 info: ======= ENV: development =======
2023-12-09 15:16:36 info: 🚀 App listening on the port 8000
2023-12-09 15:16:36 info: =================================
2023-12-09 15:31:13 error: [GET] /users/e1d640e916c8628de70bf8ec0bd97461577cc85a >> StatusCode:: 401, Message:: Wrong authentication token
2023-12-09 15:31:13 info: [0mGET /users/e1d640e916c8628de70bf8ec0bd97461577cc85a [33m401[0m 21.884 ms - 40[0m
2023-12-09 15:31:13 info: [0mPOST /refresh [32m200[0m 51.053 ms - 277[0m
2023-12-09 15:31:15 info: [0mGET /users/e1d640e916c8628de70bf8ec0bd97461577cc85a [32m200[0m 1621.918 ms - 348[0m
2023-12-09 15:31:17 info: [0mGET /users/plans/e1d640e916c8628de70bf8ec0bd97461577cc85a [32m200[0m 836.741 ms - 223[0m
2023-12-09 15:31:17 info: [0mGET /albums/categories [32m201[0m 913.220 ms - 114[0m
2023-12-09 15:31:19 info: [0mGET /albums [32m201[0m 2326.249 ms - -[0m
2023-12-09 15:31:19 info: [0mGET /albums/popular [32m201[0m 2268.890 ms - -[0m
2023-12-09 15:31:20 info: [0mGET /public/files/albums/postPictureac4e6f51f29d58f04d4b8c223edaec3174c9ab6716122023.png [33m404[0m 4.347 ms - 222[0m
2023-12-09 15:31:20 info: [0mGET /public/files/albums/postPictured274b9a2a09e590a5f6d2661d9b879f0280663bc02122023.jpeg [33m404[0m 3.629 ms - 223[0m
2023-12-09 15:31:21 info: [0mGET /public/files/albums/postPictureb25e375f3a97b3467961505186a4241e2a6bbefb22122023.jpeg [33m404[0m 2.322 ms - 223[0m
2023-12-09 15:31:21 info: [0mGET /public/files/albums/postPicture90dd6f0ab25e375f3a97b3467961505186a4241e55122023.png [33m404[0m 2.468 ms - 222[0m
2023-12-09 15:31:21 info: [0mGET /public/files/albums/postPicture375f3a97b3467961505186a4241e2a6bbefb451952122023.jpeg [33m404[0m 2.659 ms - 223[0m
2023-12-09 15:31:21 info: [0mGET /public/files/albums/postPicture6f0ab25e375f3a97b3467961505186a4241e2a6b46122023.octet-stream [33m404[0m 1.673 ms - 231[0m
2023-12-09 15:31:21 info: [0mGET /public/files/albums/postPicture96bf7dff70c791a395340c0292a9f6fd29340b0625122023.png [33m404[0m 2.107 ms - 222[0m
2023-12-09 15:31:21 info: [0mGET /public/files/albums/postPicture656a08b0890e3b556c9baf2a64cee181b632223f46122023.png [33m404[0m 0.707 ms - 222[0m
2023-12-09 15:31:21 info: [0mGET /public/files/albums/postPictureefbe481a61acdf3cafa2071b05e82f15a9cf2ebd02122023.png [33m404[0m 1.642 ms - 222[0m
2023-12-09 15:31:21 info: [0mGET /public/files/albums/postPicturee360b2c019f60ad69535be615770bb1aab06112750122023.png [33m404[0m 2.196 ms - 222[0m
2023-12-09 15:31:21 info: [0mGET /public/files/albums/postPicture505cfe5bd9b6bef9ae840078e4734144b5d9dd6e43122023.png [33m404[0m 0.875 ms - 222[0m
2023-12-09 15:31:21 info: [0mGET /public/files/albums/postPicturef50e15909b11505cfe5bd9b6bef9ae840078e47327122023.png [33m404[0m 0.769 ms - 222[0m
2023-12-09 15:31:21 info: [0mGET /public/files/albums/postPicture9b11505cfe5bd9b6bef9ae840078e4734144b5d914122023.png [33m404[0m 2.637 ms - 222[0m
2023-12-09 15:31:21 info: [0mGET /public/files/albums/postPicture3d30f9e2249b636e6a6d423149a491b02cfb8e3927122023.png [33m404[0m 3.089 ms - 222[0m
2023-12-09 15:31:21 info: [0mGET /public/files/albums/postPicture5d2f8cd3f6f50e15909b11505cfe5bd9b6bef9ae42122023.png [33m404[0m 3.496 ms - 222[0m
2023-12-09 15:31:21 info: [0mGET /public/files/albums/postPicturef6f50e15909b11505cfe5bd9b6bef9ae840078e432122023.png [33m404[0m 4.709 ms - 222[0m
2023-12-09 15:31:21 info: [0mGET /public/files/albums/postPicture7b7c61ab9d61f5d12c3b0122cc6fec73eb64fc6247122023.png [33m404[0m 0.832 ms - 222[0m
2023-12-09 15:31:21 info: [0mGET /public/files/albums/postPicture87395b6b96208af9e910167fbea922bf9dc2427537122023.png [33m404[0m 0.786 ms - 222[0m
2023-12-09 15:31:22 info: [0mGET /public/files/albums/postPicture43c377472363dbdd37af8a523e7b124a80f6a91b41122023.png [33m404[0m 1.392 ms - 222[0m
2023-12-09 15:31:22 info: [0mGET /public/files/albums/postPictureea2cd61a368c8e214914d067fa55bccc2895295714122023.png [33m404[0m 2.551 ms - 222[0m
2023-12-09 15:31:22 info: [0mGET /public/files/albums/postPicture5f539a43c377472363dbdd37af8a523e7b124a8022122023.png [33m404[0m 0.738 ms - 222[0m
2023-12-09 15:31:22 info: [0mGET /public/files/albums/postPicturee9d11ef13cf36c49bb0e8f4436d4a5003ca20cae33122023.png [33m404[0m 0.824 ms - 222[0m
2023-12-09 15:31:22 info: [0mGET /public/files/albums/postPictureffe7acebe0fd2c1bb9e191df6d10863a0675575746122023.octet-stream [33m404[0m 0.805 ms - 231[0m
2023-12-09 15:31:22 info: [0mGET /public/files/albums/postPictureebe0fd2c1bb9e191df6d10863a06755757a97f6c11122023.octet-stream [33m404[0m 0.780 ms - 231[0m
2023-12-09 15:31:22 info: [0mGET /public/files/albums/postPicture0fd2c1bb9e191df6d10863a06755757a97f6c1bf31122023.octet-stream [33m404[0m 0.716 ms - 231[0m
2023-12-09 15:31:22 info: [0mGET /public/files/albums/postPicture5a05ad584f8f22313961672bb1e9e845c6aa291024122023.octet-stream [33m404[0m 1.790 ms - 231[0m
2023-12-09 15:31:22 info: [0mGET /public/files/albums/postPicture2c1bb9e191df6d10863a06755757a97f6c1bf0ba11122023.octet-stream [33m404[0m 2.653 ms - 231[0m
2023-12-09 15:31:22 info: [0mGET /public/files/albums/postPicturebc134f12720fc7feb9b82da20c66021635b3d5ec16122023.octet-stream [33m404[0m 2.590 ms - 231[0m
2023-12-09 15:31:22 info: [0mGET /public/files/albums/postPicture1485a05ad584f8f22313961672bb1e9e845c6aa205122023.octet-stream [33m404[0m 0.557 ms - 231[0m
2023-12-09 15:31:22 info: [0mGET /public/files/albums/postPictureab1ea683903e4ee8f09207748b58848b796d30b002122023.octet-stream [33m404[0m 1.154 ms - 231[0m
2023-12-09 15:31:22 info: [0mGET /public/files/albums/postPicturef5c92c6de44a35f4990bbbe2ecafce86cd5320d926122023.octet-stream [33m404[0m 1.728 ms - 231[0m
2023-12-09 15:31:22 info: [0mGET /public/files/albums/postPictureea683903e4ee8f09207748b58848b796d30b097221122023.octet-stream [33m404[0m 0.635 ms - 231[0m
2023-12-09 15:31:23 info: [0mGET /public/files/albums/postPicture83903e4ee8f09207748b58848b796d30b097255201122023.png [33m404[0m 0.776 ms - 222[0m
2023-12-09 15:33:39 info: =================================
2023-12-09 15:33:39 info: ======= ENV: development =======
2023-12-09 15:33:39 info: 🚀 App listening on the port 8000
2023-12-09 15:33:39 info: =================================
2023-12-09 15:33:53 info: =================================
2023-12-09 15:33:53 info: ======= ENV: development =======
2023-12-09 15:33:53 info: 🚀 App listening on the port 8000
2023-12-09 15:33:53 info: =================================
2023-12-09 15:35:32 error: [GET] /users/e1d640e916c8628de70bf8ec0bd97461577cc85a >> StatusCode:: 401, Message:: Wrong authentication token
2023-12-09 15:35:32 info: [0mGET /users/e1d640e916c8628de70bf8ec0bd97461577cc85a [33m401[0m 23.243 ms - 40[0m
2023-12-09 15:35:32 info: [0mPOST /refresh [32m200[0m 18.900 ms - 277[0m
2023-12-09 15:35:34 info: [0mGET /users/e1d640e916c8628de70bf8ec0bd97461577cc85a [32m200[0m 1645.309 ms - 348[0m
2023-12-09 15:35:38 info: [0mGET /albums/categories [32m201[0m 1863.878 ms - 114[0m
2023-12-09 15:35:38 info: [0mGET /users/plans/e1d640e916c8628de70bf8ec0bd97461577cc85a [32m200[0m 1936.313 ms - 223[0m
2023-12-09 15:35:38 info: [0mGET /albums/popular [32m201[0m 2751.436 ms - -[0m
2023-12-09 15:35:39 info: [0mGET /albums [32m201[0m 3217.175 ms - -[0m
2023-12-09 15:35:40 info: [0mGET /public/files/albums/postPictureac4e6f51f29d58f04d4b8c223edaec3174c9ab6716122023.png [33m404[0m 2.991 ms - 222[0m
2023-12-09 15:35:40 info: [0mGET /public/files/albums/postPictureb25e375f3a97b3467961505186a4241e2a6bbefb22122023.jpeg [33m404[0m 2.421 ms - 223[0m
2023-12-09 15:35:40 info: [0mGET /public/files/albums/postPicture6f0ab25e375f3a97b3467961505186a4241e2a6b46122023.octet-stream [33m404[0m 2.915 ms - 231[0m
2023-12-09 15:35:41 info: [0mGET /public/files/albums/postPicture656a08b0890e3b556c9baf2a64cee181b632223f46122023.png [33m404[0m 5.531 ms - 222[0m
2023-12-09 15:35:41 info: [0mGET /public/files/albums/postPicture90dd6f0ab25e375f3a97b3467961505186a4241e55122023.png [33m404[0m 5.281 ms - 222[0m
2023-12-09 15:35:41 info: [0mGET /public/files/albums/postPicture96bf7dff70c791a395340c0292a9f6fd29340b0625122023.png [33m404[0m 4.335 ms - 222[0m
2023-12-09 15:35:41 info: [0mGET /public/files/albums/postPictureefbe481a61acdf3cafa2071b05e82f15a9cf2ebd02122023.png [33m404[0m 4.975 ms - 222[0m
2023-12-09 15:35:41 info: [0mGET /public/files/albums/postPicture375f3a97b3467961505186a4241e2a6bbefb451952122023.jpeg [33m404[0m 5.367 ms - 223[0m
2023-12-09 15:35:41 info: [0mGET /public/files/albums/postPicturee360b2c019f60ad69535be615770bb1aab06112750122023.png [33m404[0m 6.238 ms - 222[0m
2023-12-09 15:35:41 info: [0mGET /public/files/albums/postPicture505cfe5bd9b6bef9ae840078e4734144b5d9dd6e43122023.png [33m404[0m 0.834 ms - 222[0m
2023-12-09 15:35:41 info: [0mGET /public/files/albums/postPicture9b11505cfe5bd9b6bef9ae840078e4734144b5d914122023.png [33m404[0m 0.694 ms - 222[0m
2023-12-09 15:35:41 info: [0mGET /public/files/albums/postPicture7b7c61ab9d61f5d12c3b0122cc6fec73eb64fc6247122023.png [33m404[0m 1.499 ms - 222[0m
2023-12-09 15:35:41 info: [0mGET /public/files/albums/postPicturef6f50e15909b11505cfe5bd9b6bef9ae840078e432122023.png [33m404[0m 2.023 ms - 222[0m
2023-12-09 15:35:41 info: [0mGET /public/files/albums/postPicture5d2f8cd3f6f50e15909b11505cfe5bd9b6bef9ae42122023.png [33m404[0m 0.851 ms - 222[0m
2023-12-09 15:35:41 info: [0mGET /public/files/albums/postPicture3d30f9e2249b636e6a6d423149a491b02cfb8e3927122023.png [33m404[0m 2.071 ms - 222[0m
2023-12-09 15:35:41 info: [0mGET /public/files/albums/postPicture87395b6b96208af9e910167fbea922bf9dc2427537122023.png [33m404[0m 1.026 ms - 222[0m
2023-12-09 15:35:41 info: [0mGET /public/files/albums/postPicturef50e15909b11505cfe5bd9b6bef9ae840078e47327122023.png [33m404[0m 1.506 ms - 222[0m
2023-12-09 15:35:42 info: [0mGET /public/files/albums/postPictureea2cd61a368c8e214914d067fa55bccc2895295714122023.png [33m404[0m 0.620 ms - 222[0m
2023-12-09 15:35:42 info: [0mGET /public/files/albums/postPicture43c377472363dbdd37af8a523e7b124a80f6a91b41122023.png [33m404[0m 0.534 ms - 222[0m
2023-12-09 15:35:42 info: [0mGET /public/files/albums/postPictured274b9a2a09e590a5f6d2661d9b879f0280663bc02122023.jpeg [33m404[0m 0.552 ms - 223[0m
2023-12-09 15:35:42 info: [0mGET /public/files/albums/postPicture5f539a43c377472363dbdd37af8a523e7b124a8022122023.png [33m404[0m 0.667 ms - 222[0m
2023-12-09 15:35:42 info: [0mGET /public/files/albums/postPicturee9d11ef13cf36c49bb0e8f4436d4a5003ca20cae33122023.png [33m404[0m 0.695 ms - 222[0m
2023-12-09 15:35:42 info: [0mGET /public/files/albums/postPictureffe7acebe0fd2c1bb9e191df6d10863a0675575746122023.octet-stream [33m404[0m 0.600 ms - 231[0m
2023-12-09 15:35:42 info: [0mGET /public/files/albums/postPictureebe0fd2c1bb9e191df6d10863a06755757a97f6c11122023.octet-stream [33m404[0m 0.866 ms - 231[0m
2023-12-09 15:35:42 info: [0mGET /public/files/albums/postPicture0fd2c1bb9e191df6d10863a06755757a97f6c1bf31122023.octet-stream [33m404[0m 1.201 ms - 231[0m
2023-12-09 15:35:42 info: [0mGET /public/files/albums/postPicture2c1bb9e191df6d10863a06755757a97f6c1bf0ba11122023.octet-stream [33m404[0m 1.358 ms - 231[0m
2023-12-09 15:35:42 info: [0mGET /public/files/albums/postPicture1485a05ad584f8f22313961672bb1e9e845c6aa205122023.octet-stream [33m404[0m 1.478 ms - 231[0m
2023-12-09 15:35:42 info: [0mGET /public/files/albums/postPicture5a05ad584f8f22313961672bb1e9e845c6aa291024122023.octet-stream [33m404[0m 0.678 ms - 231[0m
2023-12-09 15:35:42 info: [0mGET /public/files/albums/postPicturebc134f12720fc7feb9b82da20c66021635b3d5ec16122023.octet-stream [33m404[0m 0.672 ms - 231[0m
2023-12-09 15:35:42 info: [0mGET /public/files/albums/postPictureab1ea683903e4ee8f09207748b58848b796d30b002122023.octet-stream [33m404[0m 1.106 ms - 231[0m
2023-12-09 15:35:42 info: [0mGET /public/files/albums/postPicturef5c92c6de44a35f4990bbbe2ecafce86cd5320d926122023.octet-stream [33m404[0m 1.395 ms - 231[0m
2023-12-09 15:35:42 info: [0mGET /public/files/albums/postPicture83903e4ee8f09207748b58848b796d30b097255201122023.png [33m404[0m 2.035 ms - 222[0m
2023-12-09 15:35:42 info: [0mGET /public/files/albums/postPictureea683903e4ee8f09207748b58848b796d30b097221122023.octet-stream [33m404[0m 2.344 ms - 231[0m
2023-12-09 15:58:15 info: [0mPOST /users/upload/avatar/e1d640e916c8628de70bf8ec0bd97461577cc85a [32m201[0m 505.217 ms - 52[0m
2023-12-09 15:59:56 info: =================================
2023-12-09 15:59:56 info: ======= ENV: development =======
2023-12-09 15:59:56 info: 🚀 App listening on the port 8000
2023-12-09 15:59:56 info: =================================
2023-12-09 16:01:41 info: =================================
2023-12-09 16:01:41 info: ======= ENV: development =======
2023-12-09 16:01:41 info: 🚀 App listening on the port 8000
2023-12-09 16:01:41 info: =================================
2023-12-09 16:01:53 info: [0mPOST /users/upload/avatar/e1d640e916c8628de70bf8ec0bd97461577cc85a [32m201[0m 499.527 ms - 52[0m
2023-12-09 16:02:08 info: [0mPOST /users/upload/avatar/e1d640e916c8628de70bf8ec0bd97461577cc85a [32m201[0m 614.303 ms - 52[0m
2023-12-09 16:05:53 info: [0mPOST /signup [33m400[0m 987.807 ms - 63[0m
2023-12-09 16:06:03 info: [0mPOST /signup [33m400[0m 1029.813 ms - 61[0m
2023-12-09 16:06:19 info: [0mPOST /signup [32m201[0m 3022.241 ms - 469[0m
2023-12-09 16:06:20 error: [GET] /albums/popular >> StatusCode:: 401, Message:: Wrong authentication token
2023-12-09 16:06:20 info: [0mGET /albums/popular [33m401[0m 19.418 ms - 40[0m
2023-12-09 16:06:20 error: [GET] /albums >> StatusCode:: 401, Message:: Wrong authentication token
2023-12-09 16:06:20 info: [0mGET /albums [33m401[0m 5.554 ms - 40[0m
2023-12-09 16:06:21 info: [0mPOST /refresh [32m200[0m 2.559 ms - 247[0m
2023-12-09 16:06:21 info: [0mPOST /refresh [32m200[0m 2.450 ms - 247[0m
2023-12-09 16:06:21 info: [0mGET /albums/categories [32m201[0m 1010.039 ms - 114[0m
2023-12-09 16:06:24 info: [0mGET /albums/popular [32m201[0m 2928.763 ms - -[0m
2023-12-09 16:06:25 info: [0mGET /albums [32m201[0m 3365.149 ms - -[0m
2023-12-09 16:06:26 info: [0mGET /public/files/albums/postPictureac4e6f51f29d58f04d4b8c223edaec3174c9ab6716122023.png [33m404[0m 5.283 ms - 222[0m
2023-12-09 16:06:26 info: [0mGET /public/files/albums/postPictured274b9a2a09e590a5f6d2661d9b879f0280663bc02122023.jpeg [33m404[0m 1.612 ms - 223[0m
2023-12-09 16:06:26 info: [0mGET /public/files/albums/postPicture375f3a97b3467961505186a4241e2a6bbefb451952122023.jpeg [33m404[0m 1.470 ms - 223[0m
2023-12-09 16:06:26 info: [0mGET /public/files/albums/postPicture96bf7dff70c791a395340c0292a9f6fd29340b0625122023.png [33m404[0m 3.558 ms - 222[0m
2023-12-09 16:06:26 info: [0mGET /public/files/albums/postPicture6f0ab25e375f3a97b3467961505186a4241e2a6b46122023.octet-stream [33m404[0m 3.931 ms - 231[0m
2023-12-09 16:06:26 info: [0mGET /public/files/albums/postPicturee360b2c019f60ad69535be615770bb1aab06112750122023.png [33m404[0m 1.481 ms - 222[0m
2023-12-09 16:06:26 info: [0mGET /public/files/albums/postPictureefbe481a61acdf3cafa2071b05e82f15a9cf2ebd02122023.png [33m404[0m 1.360 ms - 222[0m
2023-12-09 16:06:26 info: [0mGET /public/files/albums/postPicture656a08b0890e3b556c9baf2a64cee181b632223f46122023.png [33m404[0m 1.104 ms - 222[0m
2023-12-09 16:06:26 info: [0mGET /public/files/albums/postPictureb25e375f3a97b3467961505186a4241e2a6bbefb22122023.jpeg [33m404[0m 1.659 ms - 223[0m
2023-12-09 16:06:27 info: [0mGET /public/files/albums/postPicture90dd6f0ab25e375f3a97b3467961505186a4241e55122023.png [33m404[0m 4.864 ms - 222[0m
2023-12-09 16:06:27 info: [0mGET /public/files/albums/postPicture9b11505cfe5bd9b6bef9ae840078e4734144b5d914122023.png [33m404[0m 5.280 ms - 222[0m
2023-12-09 16:06:27 info: [0mGET /public/files/albums/postPicture505cfe5bd9b6bef9ae840078e4734144b5d9dd6e43122023.png [33m404[0m 4.477 ms - 222[0m
2023-12-09 16:06:27 info: [0mGET /public/files/albums/postPicture3d30f9e2249b636e6a6d423149a491b02cfb8e3927122023.png [33m404[0m 1.036 ms - 222[0m
2023-12-09 16:06:27 info: [0mGET /public/files/albums/postPicturef50e15909b11505cfe5bd9b6bef9ae840078e47327122023.png [33m404[0m 2.312 ms - 222[0m
2023-12-09 16:06:27 info: [0mGET /public/files/albums/postPicturef6f50e15909b11505cfe5bd9b6bef9ae840078e432122023.png [33m404[0m 2.601 ms - 222[0m
2023-12-09 16:06:27 info: [0mGET /public/files/albums/postPicture5d2f8cd3f6f50e15909b11505cfe5bd9b6bef9ae42122023.png [33m404[0m 2.397 ms - 222[0m
2023-12-09 16:06:27 info: [0mGET /public/files/albums/postPicture7b7c61ab9d61f5d12c3b0122cc6fec73eb64fc6247122023.png [33m404[0m 2.841 ms - 222[0m
2023-12-09 16:06:27 info: [0mGET /public/files/albums/postPicture87395b6b96208af9e910167fbea922bf9dc2427537122023.png [33m404[0m 3.510 ms - 222[0m
2023-12-09 16:06:27 info: [0mGET /public/files/albums/postPictureea2cd61a368c8e214914d067fa55bccc2895295714122023.png [33m404[0m 1.216 ms - 222[0m
2023-12-09 16:06:28 info: [0mGET /public/files/albums/postPicturee9d11ef13cf36c49bb0e8f4436d4a5003ca20cae33122023.png [33m404[0m 3.739 ms - 222[0m
2023-12-09 16:06:28 info: [0mGET /public/files/albums/postPicture43c377472363dbdd37af8a523e7b124a80f6a91b41122023.png [33m404[0m 4.033 ms - 222[0m
2023-12-09 16:06:28 info: [0mGET /public/files/albums/postPicture5f539a43c377472363dbdd37af8a523e7b124a8022122023.png [33m404[0m 4.414 ms - 222[0m
2023-12-09 16:06:28 info: [0mGET /public/files/albums/postPictureffe7acebe0fd2c1bb9e191df6d10863a0675575746122023.octet-stream [33m404[0m 1.079 ms - 231[0m
2023-12-09 16:06:28 info: [0mGET /public/files/albums/postPictureebe0fd2c1bb9e191df6d10863a06755757a97f6c11122023.octet-stream [33m404[0m 0.845 ms - 231[0m
2023-12-09 16:06:28 info: [0mGET /public/files/albums/postPicture0fd2c1bb9e191df6d10863a06755757a97f6c1bf31122023.octet-stream [33m404[0m 0.962 ms - 231[0m
2023-12-09 16:06:28 info: [0mGET /public/files/albums/postPicture1485a05ad584f8f22313961672bb1e9e845c6aa205122023.octet-stream [33m404[0m 1.631 ms - 231[0m
2023-12-09 16:06:28 info: [0mGET /public/files/albums/postPicture2c1bb9e191df6d10863a06755757a97f6c1bf0ba11122023.octet-stream [33m404[0m 1.104 ms - 231[0m
2023-12-09 16:06:28 info: [0mGET /public/files/albums/postPicturebc134f12720fc7feb9b82da20c66021635b3d5ec16122023.octet-stream [33m404[0m 1.835 ms - 231[0m
2023-12-09 16:06:28 info: [0mGET /public/files/albums/postPicture5a05ad584f8f22313961672bb1e9e845c6aa291024122023.octet-stream [33m404[0m 2.128 ms - 231[0m
2023-12-09 16:06:29 info: [0mGET /public/files/albums/postPictureab1ea683903e4ee8f09207748b58848b796d30b002122023.octet-stream [33m404[0m 2.347 ms - 231[0m
2023-12-09 16:06:29 info: [0mGET /public/files/albums/postPicturef5c92c6de44a35f4990bbbe2ecafce86cd5320d926122023.octet-stream [33m404[0m 2.833 ms - 231[0m
2023-12-09 16:06:29 info: [0mGET /public/files/albums/postPictureea683903e4ee8f09207748b58848b796d30b097221122023.octet-stream [33m404[0m 3.341 ms - 231[0m
2023-12-09 16:06:29 info: [0mGET /public/files/albums/postPicture83903e4ee8f09207748b58848b796d30b097255201122023.png [33m404[0m 0.947 ms - 222[0m
2023-12-09 16:06:37 info: [0mGET /public/files/albums/postPictureac4e6f51f29d58f04d4b8c223edaec3174c9ab6716122023.png [33m404[0m 2.395 ms - 222[0m
2023-12-09 16:06:37 info: [0mGET /public/files/albums/postPictured274b9a2a09e590a5f6d2661d9b879f0280663bc02122023.jpeg [33m404[0m 0.733 ms - 223[0m
2023-12-09 16:06:37 info: [0mGET /public/files/albums/postPicture375f3a97b3467961505186a4241e2a6bbefb451952122023.jpeg [33m404[0m 1.595 ms - 223[0m
2023-12-09 16:06:37 info: [0mGET /public/files/albums/postPictureb25e375f3a97b3467961505186a4241e2a6bbefb22122023.jpeg [33m404[0m 2.019 ms - 223[0m
2023-12-09 16:06:37 info: [0mGET /public/files/albums/postPicture96bf7dff70c791a395340c0292a9f6fd29340b0625122023.png [33m404[0m 1.432 ms - 222[0m
2023-12-09 16:06:37 info: [0mGET /public/files/albums/postPicture6f0ab25e375f3a97b3467961505186a4241e2a6b46122023.octet-stream [33m404[0m 1.840 ms - 231[0m
2023-12-09 16:06:37 info: [0mGET /public/files/albums/postPicture656a08b0890e3b556c9baf2a64cee181b632223f46122023.png [33m404[0m 2.223 ms - 222[0m
2023-12-09 16:06:37 info: [0mGET /public/files/albums/postPictureefbe481a61acdf3cafa2071b05e82f15a9cf2ebd02122023.png [33m404[0m 1.274 ms - 222[0m
2023-12-09 16:06:37 info: [0mGET /public/files/albums/postPicture90dd6f0ab25e375f3a97b3467961505186a4241e55122023.png [33m404[0m 2.017 ms - 222[0m
2023-12-09 16:06:37 info: [0mGET /public/files/albums/postPicturee360b2c019f60ad69535be615770bb1aab06112750122023.png [33m404[0m 2.438 ms - 222[0m
2023-12-09 16:06:37 info: [0mGET /public/files/albums/postPicture505cfe5bd9b6bef9ae840078e4734144b5d9dd6e43122023.png [33m404[0m 0.888 ms - 222[0m
2023-12-09 16:06:37 info: [0mGET /public/files/albums/postPicture9b11505cfe5bd9b6bef9ae840078e4734144b5d914122023.png [33m404[0m 1.062 ms - 222[0m
2023-12-09 16:06:38 info: [0mGET /public/files/albums/postPicturef50e15909b11505cfe5bd9b6bef9ae840078e47327122023.png [33m404[0m 1.801 ms - 222[0m
2023-12-09 16:06:38 info: [0mGET /public/files/albums/postPicture5d2f8cd3f6f50e15909b11505cfe5bd9b6bef9ae42122023.png [33m404[0m 1.128 ms - 222[0m
2023-12-09 16:06:38 info: [0mGET /public/files/albums/postPicture3d30f9e2249b636e6a6d423149a491b02cfb8e3927122023.png [33m404[0m 0.790 ms - 222[0m
2023-12-09 16:06:38 info: [0mGET /public/files/albums/postPicture7b7c61ab9d61f5d12c3b0122cc6fec73eb64fc6247122023.png [33m404[0m 1.748 ms - 222[0m
2023-12-09 16:06:38 info: [0mGET /public/files/albums/postPictureea2cd61a368c8e214914d067fa55bccc2895295714122023.png [33m404[0m 2.352 ms - 222[0m
2023-12-09 16:06:38 info: [0mGET /public/files/albums/postPicture5f539a43c377472363dbdd37af8a523e7b124a8022122023.png [33m404[0m 0.738 ms - 222[0m
2023-12-09 16:06:38 info: [0mGET /public/files/albums/postPicture43c377472363dbdd37af8a523e7b124a80f6a91b41122023.png [33m404[0m 3.532 ms - 222[0m
2023-12-09 16:06:38 info: [0mGET /public/files/albums/postPicture87395b6b96208af9e910167fbea922bf9dc2427537122023.png [33m404[0m 2.589 ms - 222[0m
2023-12-09 16:06:38 info: [0mGET /public/files/albums/postPicturee9d11ef13cf36c49bb0e8f4436d4a5003ca20cae33122023.png [33m404[0m 3.185 ms - 222[0m
2023-12-09 16:06:38 info: [0mGET /public/files/albums/postPictureffe7acebe0fd2c1bb9e191df6d10863a0675575746122023.octet-stream [33m404[0m 0.822 ms - 231[0m
2023-12-09 16:06:39 info: [0mGET /public/files/albums/postPicture0fd2c1bb9e191df6d10863a06755757a97f6c1bf31122023.octet-stream [33m404[0m 0.936 ms - 231[0m
2023-12-09 16:06:39 info: [0mGET /public/files/albums/postPicture2c1bb9e191df6d10863a06755757a97f6c1bf0ba11122023.octet-stream [33m404[0m 3.932 ms - 231[0m
2023-12-09 16:06:39 info: [0mGET /public/files/albums/postPicture1485a05ad584f8f22313961672bb1e9e845c6aa205122023.octet-stream [33m404[0m 4.426 ms - 231[0m
2023-12-09 16:06:39 info: [0mGET /public/files/albums/postPicture5a05ad584f8f22313961672bb1e9e845c6aa291024122023.octet-stream [33m404[0m 5.805 ms - 231[0m
2023-12-09 16:06:39 info: [0mGET /public/files/albums/postPictureebe0fd2c1bb9e191df6d10863a06755757a97f6c11122023.octet-stream [33m404[0m 1.017 ms - 231[0m
2023-12-09 16:06:39 info: [0mGET /public/files/albums/postPictureab1ea683903e4ee8f09207748b58848b796d30b002122023.octet-stream [33m404[0m 0.927 ms - 231[0m
2023-12-09 16:06:39 info: [0mGET /public/files/albums/postPicturef5c92c6de44a35f4990bbbe2ecafce86cd5320d926122023.octet-stream [33m404[0m 0.881 ms - 231[0m
2023-12-09 16:06:39 info: [0mGET /public/files/albums/postPicturebc134f12720fc7feb9b82da20c66021635b3d5ec16122023.octet-stream [33m404[0m 0.904 ms - 231[0m
2023-12-09 16:06:39 info: [0mGET /public/files/albums/postPicture83903e4ee8f09207748b58848b796d30b097255201122023.png [33m404[0m 2.068 ms - 222[0m
2023-12-09 16:06:39 info: [0mGET /public/files/albums/postPictureea683903e4ee8f09207748b58848b796d30b097221122023.octet-stream [33m404[0m 0.801 ms - 231[0m
2023-12-09 16:06:40 info: [0mGET /public/files/albums/postPictureb25e375f3a97b3467961505186a4241e2a6bbefb22122023.jpeg [33m404[0m 2.269 ms - 223[0m
2023-12-09 16:06:40 info: [0mGET /public/files/albums/postPictureac4e6f51f29d58f04d4b8c223edaec3174c9ab6716122023.png [33m404[0m 2.556 ms - 222[0m
2023-12-09 16:06:40 info: [0mGET /public/files/albums/postPicture375f3a97b3467961505186a4241e2a6bbefb451952122023.jpeg [33m404[0m 3.043 ms - 223[0m
2023-12-09 16:06:40 info: [0mGET /public/files/albums/postPictured274b9a2a09e590a5f6d2661d9b879f0280663bc02122023.jpeg [33m404[0m 3.761 ms - 223[0m
2023-12-09 16:06:40 info: [0mGET /public/files/albums/postPicture96bf7dff70c791a395340c0292a9f6fd29340b0625122023.png [33m404[0m 3.484 ms - 222[0m
2023-12-09 16:06:40 info: [0mGET /public/files/albums/postPicture90dd6f0ab25e375f3a97b3467961505186a4241e55122023.png [33m404[0m 3.961 ms - 222[0m
2023-12-09 16:06:40 info: [0mGET /public/files/albums/postPicture6f0ab25e375f3a97b3467961505186a4241e2a6b46122023.octet-stream [33m404[0m 4.479 ms - 231[0m
2023-12-09 16:06:40 info: [0mGET /public/files/albums/postPicture656a08b0890e3b556c9baf2a64cee181b632223f46122023.png [33m404[0m 1.087 ms - 222[0m
2023-12-09 16:06:40 info: [0mGET /public/files/albums/postPicturee360b2c019f60ad69535be615770bb1aab06112750122023.png [33m404[0m 1.444 ms - 222[0m
2023-12-09 16:06:41 info: [0mGET /public/files/albums/postPictureefbe481a61acdf3cafa2071b05e82f15a9cf2ebd02122023.png [33m404[0m 2.021 ms - 222[0m
2023-12-09 16:23:57 info: =================================
2023-12-09 16:23:57 info: ======= ENV: development =======
2023-12-09 16:23:57 info: 🚀 App listening on the port 8000
2023-12-09 16:23:57 info: =================================
2023-12-09 16:25:42 info: [0mPOST /login [32m200[0m 2335.730 ms - 641[0m
2023-12-09 16:25:45 info: [0mGET /albums/categories [32m201[0m 1207.403 ms - 114[0m
2023-12-09 16:25:46 info: [0mGET /users/plans/e1d640e916c8628de70bf8ec0bd97461577cc85a [32m200[0m 2241.244 ms - 223[0m
2023-12-09 16:25:47 info: [0mGET /albums [32m201[0m 3263.806 ms - -[0m
2023-12-09 16:25:50 info: [0mGET /public/files/albums/postPicture90dd6f0ab25e375f3a97b3467961505186a4241e55122023.png [33m404[0m 6.620 ms - 222[0m
2023-12-09 16:25:50 info: [0mGET /public/files/albums/postPicture6f0ab25e375f3a97b3467961505186a4241e2a6b46122023.octet-stream [33m404[0m 7.571 ms - 231[0m
2023-12-09 16:25:50 info: [0mGET /public/files/albums/postPicturee360b2c019f60ad69535be615770bb1aab06112750122023.png [33m404[0m 6.427 ms - 222[0m
2023-12-09 16:25:50 info: [0mGET /public/files/albums/postPictureb25e375f3a97b3467961505186a4241e2a6bbefb22122023.jpeg [33m404[0m 5.719 ms - 223[0m
2023-12-09 16:25:50 info: [0mGET /public/files/albums/postPicture656a08b0890e3b556c9baf2a64cee181b632223f46122023.png [33m404[0m 7.098 ms - 222[0m
2023-12-09 16:25:50 info: [0mGET /public/files/albums/postPicture96bf7dff70c791a395340c0292a9f6fd29340b0625122023.png [33m404[0m 7.424 ms - 222[0m
2023-12-09 16:25:50 info: [0mGET /public/files/albums/postPictureefbe481a61acdf3cafa2071b05e82f15a9cf2ebd02122023.png [33m404[0m 5.624 ms - 222[0m
2023-12-09 16:25:50 info: [0mGET /public/files/albums/postPictureac4e6f51f29d58f04d4b8c223edaec3174c9ab6716122023.png [33m404[0m 1.308 ms - 222[0m
2023-12-09 16:25:51 info: [0mGET /public/files/albums/postPicture375f3a97b3467961505186a4241e2a6bbefb451952122023.jpeg [33m404[0m 1.355 ms - 223[0m
2023-12-09 16:25:51 info: [0mGET /public/files/albums/postPicture9b11505cfe5bd9b6bef9ae840078e4734144b5d914122023.png [33m404[0m 3.500 ms - 222[0m
2023-12-09 16:25:51 info: [0mGET /public/files/albums/postPicture505cfe5bd9b6bef9ae840078e4734144b5d9dd6e43122023.png [33m404[0m 3.970 ms - 222[0m
2023-12-09 16:25:51 info: [0mGET /public/files/albums/postPicturef50e15909b11505cfe5bd9b6bef9ae840078e47327122023.png [33m404[0m 9.284 ms - 222[0m
2023-12-09 16:25:51 info: [0mGET /public/files/albums/postPicture3d30f9e2249b636e6a6d423149a491b02cfb8e3927122023.png [33m404[0m 5.819 ms - 222[0m
2023-12-09 16:25:51 info: [0mGET /public/files/albums/postPicture7b7c61ab9d61f5d12c3b0122cc6fec73eb64fc6247122023.png [33m404[0m 6.550 ms - 222[0m
2023-12-09 16:25:51 info: [0mGET /public/files/albums/postPicture5d2f8cd3f6f50e15909b11505cfe5bd9b6bef9ae42122023.png [33m404[0m 5.808 ms - 222[0m
2023-12-09 16:25:51 info: [0mGET /public/files/albums/postPicturef6f50e15909b11505cfe5bd9b6bef9ae840078e432122023.png [33m404[0m 6.305 ms - 222[0m
2023-12-09 16:25:51 info: [0mGET /public/files/albums/postPictured274b9a2a09e590a5f6d2661d9b879f0280663bc02122023.jpeg [33m404[0m 1.425 ms - 223[0m
2023-12-09 16:25:52 info: [0mGET /public/files/albums/postPicture87395b6b96208af9e910167fbea922bf9dc2427537122023.png [33m404[0m 1.017 ms - 222[0m
2023-12-09 16:25:52 info: [0mGET /public/files/albums/postPictureffe7acebe0fd2c1bb9e191df6d10863a0675575746122023.octet-stream [33m404[0m 2.785 ms - 231[0m
2023-12-09 16:25:52 info: [0mGET /public/files/albums/postPicturee9d11ef13cf36c49bb0e8f4436d4a5003ca20cae33122023.png [33m404[0m 3.596 ms - 222[0m
2023-12-09 16:25:52 info: [0mGET /public/files/albums/postPicture2c1bb9e191df6d10863a06755757a97f6c1bf0ba11122023.octet-stream [33m404[0m 2.945 ms - 231[0m
2023-12-09 16:25:52 info: [0mGET /public/files/albums/postPicture43c377472363dbdd37af8a523e7b124a80f6a91b41122023.png [33m404[0m 4.033 ms - 222[0m
2023-12-09 16:25:52 info: [0mGET /public/files/albums/postPictureebe0fd2c1bb9e191df6d10863a06755757a97f6c11122023.octet-stream [33m404[0m 6.645 ms - 231[0m
2023-12-09 16:25:52 info: [0mGET /public/files/albums/postPicture1485a05ad584f8f22313961672bb1e9e845c6aa205122023.octet-stream [33m404[0m 3.049 ms - 231[0m
2023-12-09 16:25:52 info: [0mGET /public/files/albums/postPicture0fd2c1bb9e191df6d10863a06755757a97f6c1bf31122023.octet-stream [33m404[0m 3.496 ms - 231[0m
2023-12-09 16:25:52 info: [0mGET /public/files/albums/postPicture5a05ad584f8f22313961672bb1e9e845c6aa291024122023.octet-stream [33m404[0m 1.792 ms - 231[0m
2023-12-09 16:25:53 info: [0mGET /public/files/albums/postPicture5f539a43c377472363dbdd37af8a523e7b124a8022122023.png [33m404[0m 0.918 ms - 222[0m
2023-12-09 16:25:53 info: [0mGET /public/files/albums/postPictureab1ea683903e4ee8f09207748b58848b796d30b002122023.octet-stream [33m404[0m 1.561 ms - 231[0m
2023-12-09 16:25:53 info: [0mGET /public/files/albums/postPicturebc134f12720fc7feb9b82da20c66021635b3d5ec16122023.octet-stream [33m404[0m 2.140 ms - 231[0m
2023-12-09 16:25:53 info: [0mGET /public/files/albums/postPicturef5c92c6de44a35f4990bbbe2ecafce86cd5320d926122023.octet-stream [33m404[0m 1.259 ms - 231[0m
2023-12-09 16:25:53 info: [0mGET /public/files/albums/postPictureea683903e4ee8f09207748b58848b796d30b097221122023.octet-stream [33m404[0m 1.966 ms - 231[0m
2023-12-09 16:25:53 info: [0mGET /public/files/albums/postPicture83903e4ee8f09207748b58848b796d30b097255201122023.png [33m404[0m 0.886 ms - 222[0m
2023-12-09 16:26:14 info: [0mPOST /users/upload/avatar/e1d640e916c8628de70bf8ec0bd97461577cc85a [32m201[0m 734.512 ms - 52[0m
2023-12-09 16:30:24 info: [0mPOST /users/upload/avatar/e1d640e916c8628de70bf8ec0bd97461577cc85a [32m201[0m 911.430 ms - 52[0m
2023-12-09 16:36:53 info: [0mPOST /users/upload/avatar/e1d640e916c8628de70bf8ec0bd97461577cc85a [32m201[0m 644.472 ms - 52[0m
2023-12-09 16:38:54 error: [GET] /users/e1d640e916c8628de70bf8ec0bd97461577cc85a >> StatusCode:: 401, Message:: Wrong authentication token
2023-12-09 16:38:54 info: [0mGET /users/e1d640e916c8628de70bf8ec0bd97461577cc85a [33m401[0m 15.459 ms - 40[0m
2023-12-09 16:38:54 info: [0mPOST /refresh [32m200[0m 9.494 ms - 277[0m
2023-12-09 16:38:57 info: [0mGET /users/e1d640e916c8628de70bf8ec0bd97461577cc85a [32m200[0m 2778.724 ms - 433[0m
2023-12-09 16:39:01 info: [0mGET /albums/categories [32m201[0m 721.894 ms - 114[0m
2023-12-09 16:39:23 info: [0mGET /users/plans/e1d640e916c8628de70bf8ec0bd97461577cc85a [0m-[0m - ms - -[0m
2023-12-09 16:39:23 info: [0mGET /albums [0m-[0m - ms - -[0m
2023-12-09 16:39:23 info: [0mGET /albums/popular [0m-[0m - ms - -[0m
2023-12-09 16:40:01 error: [GET] /albums/popular >> StatusCode:: 401, Message:: Wrong authentication token
2023-12-09 16:42:21 info: =================================
2023-12-09 16:42:21 info: ======= ENV: development =======
2023-12-09 16:42:21 info: 🚀 App listening on the port 8000
2023-12-09 16:42:21 info: =================================
2023-12-09 16:42:28 info: [0mGET /public/files/avatars/avatare1d640e916c8628de70bf8ec0bd97461577cc85a.jpeg [32m200[0m 10.822 ms - 64167[0m
2023-12-09 16:44:00 error: [GET] /users/e1d640e916c8628de70bf8ec0bd97461577cc85a >> StatusCode:: 401, Message:: Wrong authentication token
2023-12-09 16:44:00 info: [0mGET /users/e1d640e916c8628de70bf8ec0bd97461577cc85a [33m401[0m 29.376 ms - 40[0m
2023-12-09 16:44:00 info: [0mPOST /refresh [32m200[0m 32.610 ms - 276[0m
2023-12-09 16:44:02 info: [0mGET /users/e1d640e916c8628de70bf8ec0bd97461577cc85a [32m200[0m 1597.208 ms - 433[0m
2023-12-09 16:44:06 info: [0mGET /users/plans/e1d640e916c8628de70bf8ec0bd97461577cc85a [32m200[0m 1400.631 ms - 223[0m
2023-12-09 16:44:06 info: [0mGET /albums/categories [32m201[0m 794.024 ms - 114[0m
2023-12-09 16:44:06 info: [0mGET /albums [32m201[0m 2290.276 ms - -[0m
2023-12-09 16:44:06 info: [0mGET /albums/popular [32m201[0m 2368.950 ms - -[0m
2023-12-09 16:44:10 info: [0mGET /public/files/albums/postPicture375f3a97b3467961505186a4241e2a6bbefb451952122023.jpeg [33m404[0m 7.960 ms - 223[0m
2023-12-09 16:44:10 info: [0mGET /public/files/albums/postPictured274b9a2a09e590a5f6d2661d9b879f0280663bc02122023.jpeg [33m404[0m 8.022 ms - 223[0m
2023-12-09 16:44:10 info: [0mGET /public/files/albums/postPicture90dd6f0ab25e375f3a97b3467961505186a4241e55122023.png [33m404[0m 7.636 ms - 222[0m
2023-12-09 16:44:10 info: [0mGET /public/files/albums/postPicture6f0ab25e375f3a97b3467961505186a4241e2a6b46122023.octet-stream [33m404[0m 6.352 ms - 231[0m
2023-12-09 16:44:10 info: [0mGET /public/files/albums/postPicture96bf7dff70c791a395340c0292a9f6fd29340b0625122023.png [33m404[0m 6.457 ms - 222[0m
2023-12-09 16:44:10 info: [0mGET /public/files/albums/postPicture656a08b0890e3b556c9baf2a64cee181b632223f46122023.png [33m404[0m 6.885 ms - 222[0m
2023-12-09 16:44:10 info: [0mGET /public/files/albums/postPictureb25e375f3a97b3467961505186a4241e2a6bbefb22122023.jpeg [33m404[0m 7.498 ms - 223[0m
2023-12-09 16:44:11 info: [0mGET /public/files/albums/postPicturee360b2c019f60ad69535be615770bb1aab06112750122023.png [33m404[0m 3.180 ms - 222[0m
2023-12-09 16:44:11 info: [0mGET /public/files/albums/postPictureefbe481a61acdf3cafa2071b05e82f15a9cf2ebd02122023.png [33m404[0m 2.583 ms - 222[0m
2023-12-09 16:44:11 info: [0mGET /public/files/albums/postPictureac4e6f51f29d58f04d4b8c223edaec3174c9ab6716122023.png [33m404[0m 4.778 ms - 222[0m
2023-12-09 16:44:11 info: [0mGET /public/files/albums/postPicture505cfe5bd9b6bef9ae840078e4734144b5d9dd6e43122023.png [33m404[0m 4.310 ms - 222[0m
2023-12-09 16:44:11 info: [0mGET /public/files/albums/postPicture9b11505cfe5bd9b6bef9ae840078e4734144b5d914122023.png [33m404[0m 4.516 ms - 222[0m
2023-12-09 16:44:12 info: [0mGET /public/files/albums/postPicture3d30f9e2249b636e6a6d423149a491b02cfb8e3927122023.png [33m404[0m 4.601 ms - 222[0m
2023-12-09 16:44:12 info: [0mGET /public/files/albums/postPicture5d2f8cd3f6f50e15909b11505cfe5bd9b6bef9ae42122023.png [33m404[0m 5.612 ms - 222[0m
2023-12-09 16:44:12 info: [0mGET /public/files/albums/postPicturef50e15909b11505cfe5bd9b6bef9ae840078e47327122023.png [33m404[0m 6.877 ms - 222[0m
2023-12-09 16:44:12 info: [0mGET /public/files/albums/postPicturef6f50e15909b11505cfe5bd9b6bef9ae840078e432122023.png [33m404[0m 7.410 ms - 222[0m
2023-12-09 16:44:12 info: [0mGET /public/files/albums/postPicture7b7c61ab9d61f5d12c3b0122cc6fec73eb64fc6247122023.png [33m404[0m 3.572 ms - 222[0m
2023-12-09 16:44:12 info: [0mGET /public/files/albums/postPictureea2cd61a368c8e214914d067fa55bccc2895295714122023.png [33m404[0m 2.087 ms - 222[0m
2023-12-09 16:44:12 info: [0mGET /public/files/albums/postPicture87395b6b96208af9e910167fbea922bf9dc2427537122023.png [33m404[0m 2.620 ms - 222[0m
2023-12-09 16:44:12 info: [0mGET /public/files/albums/postPicture43c377472363dbdd37af8a523e7b124a80f6a91b41122023.png [33m404[0m 1.404 ms - 222[0m
2023-12-09 16:44:12 info: [0mGET /public/files/albums/postPicturee9d11ef13cf36c49bb0e8f4436d4a5003ca20cae33122023.png [33m404[0m 0.821 ms - 222[0m
2023-12-09 16:44:13 info: [0mGET /public/files/albums/postPicturebc134f12720fc7feb9b82da20c66021635b3d5ec16122023.octet-stream [33m404[0m 7.951 ms - 231[0m
2023-12-09 16:44:13 info: [0mGET /public/files/albums/postPicture0fd2c1bb9e191df6d10863a06755757a97f6c1bf31122023.octet-stream [33m404[0m 8.599 ms - 231[0m
2023-12-09 16:44:13 info: [0mGET /public/files/albums/postPicture5a05ad584f8f22313961672bb1e9e845c6aa291024122023.octet-stream [33m404[0m 9.568 ms - 231[0m
2023-12-09 16:44:13 info: [0mGET /public/files/albums/postPictureebe0fd2c1bb9e191df6d10863a06755757a97f6c11122023.octet-stream [33m404[0m 10.332 ms - 231[0m
2023-12-09 16:44:13 info: [0mGET /public/files/albums/postPicture1485a05ad584f8f22313961672bb1e9e845c6aa205122023.octet-stream [33m404[0m 12.955 ms - 231[0m
2023-12-09 16:44:13 info: [0mGET /public/files/albums/postPicture2c1bb9e191df6d10863a06755757a97f6c1bf0ba11122023.octet-stream [33m404[0m 13.793 ms - 231[0m
2023-12-09 16:44:13 info: [0mGET /public/files/albums/postPictureffe7acebe0fd2c1bb9e191df6d10863a0675575746122023.octet-stream [33m404[0m 15.290 ms - 231[0m
2023-12-09 16:44:13 info: [0mGET /public/files/albums/postPicture5f539a43c377472363dbdd37af8a523e7b124a8022122023.png [33m404[0m 2.641 ms - 222[0m
2023-12-09 16:44:13 info: [0mGET /public/files/albums/postPicturef5c92c6de44a35f4990bbbe2ecafce86cd5320d926122023.octet-stream [33m404[0m 1.024 ms - 231[0m
2023-12-09 16:44:13 info: [0mGET /public/files/albums/postPictureab1ea683903e4ee8f09207748b58848b796d30b002122023.octet-stream [33m404[0m 0.812 ms - 231[0m
2023-12-09 16:44:13 info: [0mGET /public/files/albums/postPicture83903e4ee8f09207748b58848b796d30b097255201122023.png [33m404[0m 2.272 ms - 222[0m
2023-12-09 16:44:13 info: [0mGET /public/files/albums/postPictureea683903e4ee8f09207748b58848b796d30b097221122023.octet-stream [33m404[0m 2.712 ms - 231[0m
2023-12-09 16:45:28 info: [0mGET /public/files/albums/postPicture90dd6f0ab25e375f3a97b3467961505186a4241e55122023.png [33m404[0m 1.304 ms - 222[0m
2023-12-09 16:45:28 info: [0mGET /public/files/albums/postPicture656a08b0890e3b556c9baf2a64cee181b632223f46122023.png [33m404[0m 1.075 ms - 222[0m
2023-12-09 16:45:29 info: [0mGET /public/files/albums/postPictured274b9a2a09e590a5f6d2661d9b879f0280663bc02122023.jpeg [33m404[0m 5.156 ms - 223[0m
2023-12-09 16:45:29 info: [0mGET /public/files/albums/postPicture96bf7dff70c791a395340c0292a9f6fd29340b0625122023.png [33m404[0m 3.744 ms - 222[0m
2023-12-09 16:45:29 info: [0mGET /public/files/albums/postPicture6f0ab25e375f3a97b3467961505186a4241e2a6b46122023.octet-stream [33m404[0m 4.057 ms - 231[0m
2023-12-09 16:45:29 info: [0mGET /public/files/albums/postPicture375f3a97b3467961505186a4241e2a6bbefb451952122023.jpeg [33m404[0m 4.611 ms - 223[0m
2023-12-09 16:45:29 info: [0mGET /public/files/albums/postPictureac4e6f51f29d58f04d4b8c223edaec3174c9ab6716122023.png [33m404[0m 0.863 ms - 222[0m
2023-12-09 16:45:29 info: [0mGET /public/files/albums/postPicture505cfe5bd9b6bef9ae840078e4734144b5d9dd6e43122023.png [33m404[0m 0.933 ms - 222[0m
2023-12-09 16:45:29 info: [0mGET /public/files/albums/postPictureb25e375f3a97b3467961505186a4241e2a6bbefb22122023.jpeg [33m404[0m 1.031 ms - 223[0m
2023-12-09 16:45:30 info: [0mGET /public/files/albums/postPicture9b11505cfe5bd9b6bef9ae840078e4734144b5d914122023.png [33m404[0m 0.927 ms - 222[0m
2023-12-09 16:45:30 info: [0mGET /public/files/albums/postPicturef50e15909b11505cfe5bd9b6bef9ae840078e47327122023.png [33m404[0m 1.084 ms - 222[0m
2023-12-09 16:45:30 info: [0mGET /public/files/albums/postPicturef6f50e15909b11505cfe5bd9b6bef9ae840078e432122023.png [33m404[0m 1.164 ms - 222[0m
2023-12-09 16:45:30 info: [0mGET /public/files/albums/postPicture5d2f8cd3f6f50e15909b11505cfe5bd9b6bef9ae42122023.png [33m404[0m 0.742 ms - 222[0m
2023-12-09 16:45:30 info: [0mGET /public/files/albums/postPicture3d30f9e2249b636e6a6d423149a491b02cfb8e3927122023.png [33m404[0m 0.866 ms - 222[0m
2023-12-09 16:45:30 info: [0mGET /public/files/albums/postPicturee360b2c019f60ad69535be615770bb1aab06112750122023.png [33m404[0m 3.521 ms - 222[0m
2023-12-09 16:45:30 info: [0mGET /public/files/albums/postPicture87395b6b96208af9e910167fbea922bf9dc2427537122023.png [33m404[0m 2.730 ms - 222[0m
2023-12-09 16:45:30 info: [0mGET /public/files/albums/postPicture7b7c61ab9d61f5d12c3b0122cc6fec73eb64fc6247122023.png [33m404[0m 3.469 ms - 222[0m
2023-12-09 16:45:30 info: [0mGET /public/files/albums/postPictureea2cd61a368c8e214914d067fa55bccc2895295714122023.png [33m404[0m 1.263 ms - 222[0m
2023-12-09 16:45:30 info: [0mGET /public/files/albums/postPicture5f539a43c377472363dbdd37af8a523e7b124a8022122023.png [33m404[0m 1.050 ms - 222[0m
2023-12-09 16:45:31 info: [0mGET /public/files/albums/postPicture43c377472363dbdd37af8a523e7b124a80f6a91b41122023.png [33m404[0m 1.026 ms - 222[0m
2023-12-09 16:45:31 info: [0mGET /public/files/albums/postPicturee9d11ef13cf36c49bb0e8f4436d4a5003ca20cae33122023.png [33m404[0m 0.754 ms - 222[0m
2023-12-09 16:45:31 info: [0mGET /public/files/albums/postPictureebe0fd2c1bb9e191df6d10863a06755757a97f6c11122023.octet-stream [33m404[0m 0.852 ms - 231[0m
2023-12-09 16:45:31 info: [0mGET /public/files/albums/postPictureffe7acebe0fd2c1bb9e191df6d10863a0675575746122023.octet-stream [33m404[0m 1.019 ms - 231[0m
2023-12-09 16:45:31 info: [0mGET /public/files/albums/postPicture0fd2c1bb9e191df6d10863a06755757a97f6c1bf31122023.octet-stream [33m404[0m 1.433 ms - 231[0m
2023-12-09 16:45:31 info: [0mGET /public/files/albums/postPicture1485a05ad584f8f22313961672bb1e9e845c6aa205122023.octet-stream [33m404[0m 0.735 ms - 231[0m
2023-12-09 16:45:31 info: [0mGET /public/files/albums/postPicture5a05ad584f8f22313961672bb1e9e845c6aa291024122023.octet-stream [33m404[0m 1.625 ms - 231[0m
2023-12-09 16:45:31 info: [0mGET /public/files/albums/postPicturebc134f12720fc7feb9b82da20c66021635b3d5ec16122023.octet-stream [33m404[0m 2.112 ms - 231[0m
2023-12-09 16:45:31 info: [0mGET /public/files/albums/postPicturef5c92c6de44a35f4990bbbe2ecafce86cd5320d926122023.octet-stream [33m404[0m 1.119 ms - 231[0m
2023-12-09 16:45:32 info: [0mGET /public/files/albums/postPictureab1ea683903e4ee8f09207748b58848b796d30b002122023.octet-stream [33m404[0m 1.017 ms - 231[0m
2023-12-09 16:45:32 info: [0mGET /public/files/albums/postPicture2c1bb9e191df6d10863a06755757a97f6c1bf0ba11122023.octet-stream [33m404[0m 0.827 ms - 231[0m
2023-12-09 16:45:32 info: [0mGET /public/files/albums/postPicture83903e4ee8f09207748b58848b796d30b097255201122023.png [33m404[0m 0.921 ms - 222[0m
2023-12-09 16:45:33 info: [0mGET /public/files/albums/postPictureea683903e4ee8f09207748b58848b796d30b097221122023.octet-stream [33m404[0m 0.861 ms - 231[0m
2023-12-09 16:45:43 info: [0mGET /public/files/albums/postPictureac4e6f51f29d58f04d4b8c223edaec3174c9ab6716122023.png [33m404[0m 2.918 ms - 222[0m
2023-12-09 16:45:43 info: [0mGET /public/files/albums/postPictureb25e375f3a97b3467961505186a4241e2a6bbefb22122023.jpeg [33m404[0m 2.357 ms - 223[0m
2023-12-09 16:45:43 info: [0mGET /public/files/albums/postPicture90dd6f0ab25e375f3a97b3467961505186a4241e55122023.png [33m404[0m 1.745 ms - 222[0m
2023-12-09 16:45:43 info: [0mGET /public/files/albums/postPictured274b9a2a09e590a5f6d2661d9b879f0280663bc02122023.jpeg [33m404[0m 2.264 ms - 223[0m
2023-12-09 16:45:43 info: [0mGET /public/files/albums/postPicture656a08b0890e3b556c9baf2a64cee181b632223f46122023.png [33m404[0m 1.272 ms - 222[0m
2023-12-09 16:45:43 info: [0mGET /public/files/albums/postPicture96bf7dff70c791a395340c0292a9f6fd29340b0625122023.png [33m404[0m 0.856 ms - 222[0m
2023-12-09 16:45:43 info: [0mGET /public/files/albums/postPicturee360b2c019f60ad69535be615770bb1aab06112750122023.png [33m404[0m 0.974 ms - 222[0m
2023-12-09 16:45:44 info: [0mGET /public/files/albums/postPicture6f0ab25e375f3a97b3467961505186a4241e2a6b46122023.octet-stream [33m404[0m 0.885 ms - 231[0m
2023-12-09 16:45:44 info: [0mGET /public/files/albums/postPicture375f3a97b3467961505186a4241e2a6bbefb451952122023.jpeg [33m404[0m 0.837 ms - 223[0m
2023-12-09 16:45:45 info: [0mGET /public/files/albums/postPicture9b11505cfe5bd9b6bef9ae840078e4734144b5d914122023.png [33m404[0m 4.211 ms - 222[0m
2023-12-09 16:45:45 info: [0mGET /public/files/albums/postPicture3d30f9e2249b636e6a6d423149a491b02cfb8e3927122023.png [33m404[0m 5.701 ms - 222[0m
2023-12-09 16:45:45 info: [0mGET /public/files/albums/postPictureefbe481a61acdf3cafa2071b05e82f15a9cf2ebd02122023.png [33m404[0m 6.179 ms - 222[0m
2023-12-09 16:45:45 info: [0mGET /public/files/albums/postPicturef50e15909b11505cfe5bd9b6bef9ae840078e47327122023.png [33m404[0m 6.749 ms - 222[0m
2023-12-09 16:45:45 info: [0mGET /public/files/albums/postPicture7b7c61ab9d61f5d12c3b0122cc6fec73eb64fc6247122023.png [33m404[0m 7.110 ms - 222[0m
2023-12-09 16:45:45 info: [0mGET /public/files/albums/postPicture505cfe5bd9b6bef9ae840078e4734144b5d9dd6e43122023.png [33m404[0m 7.480 ms - 222[0m
2023-12-09 16:45:45 info: [0mGET /public/files/albums/postPicturef6f50e15909b11505cfe5bd9b6bef9ae840078e432122023.png [33m404[0m 0.848 ms - 222[0m
2023-12-09 16:45:45 info: [0mGET /public/files/albums/postPictureea2cd61a368c8e214914d067fa55bccc2895295714122023.png [33m404[0m 1.326 ms - 222[0m
2023-12-09 16:45:45 info: [0mGET /public/files/albums/postPicture87395b6b96208af9e910167fbea922bf9dc2427537122023.png [33m404[0m 0.753 ms - 222[0m
2023-12-09 16:45:45 info: [0mGET /public/files/albums/postPicture5d2f8cd3f6f50e15909b11505cfe5bd9b6bef9ae42122023.png [33m404[0m 1.012 ms - 222[0m
2023-12-09 16:45:46 info: [0mGET /public/files/albums/postPicture43c377472363dbdd37af8a523e7b124a80f6a91b41122023.png [33m404[0m 3.669 ms - 222[0m
2023-12-09 16:45:46 info: [0mGET /public/files/albums/postPicturee9d11ef13cf36c49bb0e8f4436d4a5003ca20cae33122023.png [33m404[0m 1.630 ms - 222[0m
2023-12-09 16:45:46 info: [0mGET /public/files/albums/postPictureffe7acebe0fd2c1bb9e191df6d10863a0675575746122023.octet-stream [33m404[0m 1.303 ms - 231[0m
2023-12-09 16:45:46 info: [0mGET /public/files/albums/postPicture5f539a43c377472363dbdd37af8a523e7b124a8022122023.png [33m404[0m 5.556 ms - 222[0m
2023-12-09 16:45:46 info: [0mGET /public/files/albums/postPicture0fd2c1bb9e191df6d10863a06755757a97f6c1bf31122023.octet-stream [33m404[0m 6.074 ms - 231[0m
2023-12-09 16:45:46 info: [0mGET /public/files/albums/postPictureebe0fd2c1bb9e191df6d10863a06755757a97f6c11122023.octet-stream [33m404[0m 6.743 ms - 231[0m
2023-12-09 16:45:46 info: [0mGET /public/files/albums/postPicture2c1bb9e191df6d10863a06755757a97f6c1bf0ba11122023.octet-stream [33m404[0m 7.557 ms - 231[0m
2023-12-09 16:45:46 info: [0mGET /public/files/albums/postPicture5a05ad584f8f22313961672bb1e9e845c6aa291024122023.octet-stream [33m404[0m 4.258 ms - 231[0m
2023-12-09 16:45:46 info: [0mGET /public/files/albums/postPicture1485a05ad584f8f22313961672bb1e9e845c6aa205122023.octet-stream [33m404[0m 4.890 ms - 231[0m
2023-12-09 16:45:46 info: [0mGET /public/files/albums/postPicturebc134f12720fc7feb9b82da20c66021635b3d5ec16122023.octet-stream [33m404[0m 5.604 ms - 231[0m
2023-12-09 16:45:47 info: [0mGET /public/files/albums/postPicturef5c92c6de44a35f4990bbbe2ecafce86cd5320d926122023.octet-stream [33m404[0m 1.477 ms - 231[0m
2023-12-09 16:45:47 info: [0mGET /public/files/albums/postPictureea683903e4ee8f09207748b58848b796d30b097221122023.octet-stream [33m404[0m 2.819 ms - 231[0m
2023-12-09 16:45:47 info: [0mGET /public/files/albums/postPictureab1ea683903e4ee8f09207748b58848b796d30b002122023.octet-stream [33m404[0m 3.263 ms - 231[0m
2023-12-09 16:46:37 info: [0mGET /public/files/albums/postPicture5f539a43c377472363dbdd37af8a523e7b124a8022122023.png [33m404[0m 0.980 ms - 222[0m
2023-12-09 16:46:37 info: [0mGET /public/files/albums/postPicturef6f50e15909b11505cfe5bd9b6bef9ae840078e432122023.png [33m404[0m 1.034 ms - 222[0m
2023-12-09 16:46:38 info: [0mGET /public/files/albums/postPicture5d2f8cd3f6f50e15909b11505cfe5bd9b6bef9ae42122023.png [33m404[0m 0.943 ms - 222[0m
2023-12-09 16:46:38 info: [0mGET /public/files/albums/postPicturef50e15909b11505cfe5bd9b6bef9ae840078e47327122023.png [33m404[0m 0.907 ms - 222[0m
2023-12-09 16:46:38 info: [0mGET /public/files/albums/postPicturee9d11ef13cf36c49bb0e8f4436d4a5003ca20cae33122023.png [33m404[0m 1.042 ms - 222[0m
2023-12-09 17:23:37 info: [0mPOST /login [32m200[0m 1794.311 ms - 608[0m
2023-12-09 17:23:40 info: [0mGET /albums/categories [32m201[0m 772.244 ms - 114[0m
2023-12-09 17:23:40 info: [0mGET /users/plans/62cc6c536ffc0d571c6ac50c04fcccf2baabf068 [32m200[0m 796.778 ms - 151[0m
2023-12-09 17:23:41 info: [0mGET /albums/popular [32m201[0m 1830.060 ms - -[0m
2023-12-09 17:23:41 info: [0mGET /albums [32m201[0m 2180.749 ms - -[0m
2023-12-09 17:23:44 info: [0mGET /public/files/albums/postPictured274b9a2a09e590a5f6d2661d9b879f0280663bc02122023.jpeg [33m404[0m 0.978 ms - 223[0m
2023-12-09 17:23:44 info: [0mGET /public/files/albums/postPicture6f0ab25e375f3a97b3467961505186a4241e2a6b46122023.octet-stream [33m404[0m 0.823 ms - 231[0m
2023-12-09 17:23:44 info: [0mGET /public/files/albums/postPictureb25e375f3a97b3467961505186a4241e2a6bbefb22122023.jpeg [33m404[0m 1.339 ms - 223[0m
2023-12-09 17:23:44 info: [0mGET /public/files/albums/postPicture90dd6f0ab25e375f3a97b3467961505186a4241e55122023.png [33m404[0m 4.389 ms - 222[0m
2023-12-09 17:23:44 info: [0mGET /public/files/albums/postPicture375f3a97b3467961505186a4241e2a6bbefb451952122023.jpeg [33m404[0m 4.651 ms - 223[0m
2023-12-09 17:23:44 info: [0mGET /public/files/albums/postPicture96bf7dff70c791a395340c0292a9f6fd29340b0625122023.png [33m404[0m 5.066 ms - 222[0m
2023-12-09 17:23:44 info: [0mGET /public/files/albums/postPictureefbe481a61acdf3cafa2071b05e82f15a9cf2ebd02122023.png [33m404[0m 2.418 ms - 222[0m
2023-12-09 17:23:44 info: [0mGET /public/files/albums/postPicture656a08b0890e3b556c9baf2a64cee181b632223f46122023.png [33m404[0m 2.724 ms - 222[0m
2023-12-09 17:23:44 info: [0mGET /public/files/albums/postPicturee360b2c019f60ad69535be615770bb1aab06112750122023.png [33m404[0m 3.180 ms - 222[0m
2023-12-09 17:23:45 info: [0mGET /public/files/albums/postPicture505cfe5bd9b6bef9ae840078e4734144b5d9dd6e43122023.png [33m404[0m 0.677 ms - 222[0m
2023-12-09 17:23:45 info: [0mGET /public/files/albums/postPicture9b11505cfe5bd9b6bef9ae840078e4734144b5d914122023.png [33m404[0m 0.862 ms - 222[0m
2023-12-09 17:23:45 info: [0mGET /public/files/albums/postPicturef50e15909b11505cfe5bd9b6bef9ae840078e47327122023.png [33m404[0m 0.757 ms - 222[0m
2023-12-09 17:23:45 info: [0mGET /public/files/albums/postPicture3d30f9e2249b636e6a6d423149a491b02cfb8e3927122023.png [33m404[0m 0.882 ms - 222[0m
2023-12-09 17:23:45 info: [0mGET /public/files/albums/postPicture5d2f8cd3f6f50e15909b11505cfe5bd9b6bef9ae42122023.png [33m404[0m 3.268 ms - 222[0m
2023-12-09 17:23:45 info: [0mGET /public/files/albums/postPicturef6f50e15909b11505cfe5bd9b6bef9ae840078e432122023.png [33m404[0m 3.729 ms - 222[0m
2023-12-09 17:23:45 info: [0mGET /public/files/albums/postPicture7b7c61ab9d61f5d12c3b0122cc6fec73eb64fc6247122023.png [33m404[0m 4.193 ms - 222[0m
2023-12-09 17:23:45 info: [0mGET /public/files/albums/postPictureea2cd61a368c8e214914d067fa55bccc2895295714122023.png [33m404[0m 4.626 ms - 222[0m
2023-12-09 17:23:45 info: [0mGET /public/files/albums/postPicture87395b6b96208af9e910167fbea922bf9dc2427537122023.png [33m404[0m 4.893 ms - 222[0m
2023-12-09 17:23:45 info: [0mGET /public/files/albums/postPictureac4e6f51f29d58f04d4b8c223edaec3174c9ab6716122023.png [33m404[0m 0.930 ms - 222[0m
2023-12-09 17:23:45 info: [0mGET /public/files/albums/postPicture5f539a43c377472363dbdd37af8a523e7b124a8022122023.png [33m404[0m 0.867 ms - 222[0m
2023-12-09 17:23:46 info: [0mGET /public/files/albums/postPicturee9d11ef13cf36c49bb0e8f4436d4a5003ca20cae33122023.png [33m404[0m 1.988 ms - 222[0m
2023-12-09 17:23:46 info: [0mGET /public/files/albums/postPicture43c377472363dbdd37af8a523e7b124a80f6a91b41122023.png [33m404[0m 2.688 ms - 222[0m
2023-12-09 17:23:46 info: [0mGET /public/files/albums/postPictureffe7acebe0fd2c1bb9e191df6d10863a0675575746122023.octet-stream [33m404[0m 1.990 ms - 231[0m
2023-12-09 17:23:46 info: [0mGET /public/files/albums/postPicture2c1bb9e191df6d10863a06755757a97f6c1bf0ba11122023.octet-stream [33m404[0m 0.902 ms - 231[0m
2023-12-09 17:23:46 info: [0mGET /public/files/albums/postPictureebe0fd2c1bb9e191df6d10863a06755757a97f6c11122023.octet-stream [33m404[0m 3.606 ms - 231[0m
2023-12-09 17:23:46 info: [0mGET /public/files/albums/postPicturebc134f12720fc7feb9b82da20c66021635b3d5ec16122023.octet-stream [33m404[0m 3.581 ms - 231[0m
2023-12-09 17:23:46 info: [0mGET /public/files/albums/postPicture1485a05ad584f8f22313961672bb1e9e845c6aa205122023.octet-stream [33m404[0m 4.089 ms - 231[0m
2023-12-09 17:23:46 info: [0mGET /public/files/albums/postPicture0fd2c1bb9e191df6d10863a06755757a97f6c1bf31122023.octet-stream [33m404[0m 4.709 ms - 231[0m
2023-12-09 17:23:46 info: [0mGET /public/files/albums/postPicture5a05ad584f8f22313961672bb1e9e845c6aa291024122023.octet-stream [33m404[0m 0.947 ms - 231[0m
2023-12-09 17:23:46 info: [0mGET /public/files/albums/postPicturef5c92c6de44a35f4990bbbe2ecafce86cd5320d926122023.octet-stream [33m404[0m 0.848 ms - 231[0m
2023-12-09 17:23:46 info: [0mGET /public/files/albums/postPictureea683903e4ee8f09207748b58848b796d30b097221122023.octet-stream [33m404[0m 1.451 ms - 231[0m
2023-12-09 17:23:46 info: [0mGET /public/files/albums/postPicture83903e4ee8f09207748b58848b796d30b097255201122023.png [33m404[0m 1.912 ms - 222[0m
2023-12-09 17:23:46 info: [0mGET /public/files/albums/postPictureab1ea683903e4ee8f09207748b58848b796d30b002122023.octet-stream [33m404[0m 0.824 ms - 231[0m
2023-12-09 17:24:38 info: [0mGET /public/files/albums/postPictureac4e6f51f29d58f04d4b8c223edaec3174c9ab6716122023.png [33m404[0m 0.943 ms - 222[0m
2023-12-09 17:24:38 info: [0mGET /public/files/albums/postPicture96bf7dff70c791a395340c0292a9f6fd29340b0625122023.png [33m404[0m 2.102 ms - 222[0m
2023-12-09 17:24:38 info: [0mGET /public/files/albums/postPicture656a08b0890e3b556c9baf2a64cee181b632223f46122023.png [33m404[0m 2.312 ms - 222[0m
2023-12-09 17:24:38 info: [0mGET /public/files/albums/postPicture90dd6f0ab25e375f3a97b3467961505186a4241e55122023.png [33m404[0m 2.798 ms - 222[0m
2023-12-09 17:24:38 info: [0mGET /public/files/albums/postPictureefbe481a61acdf3cafa2071b05e82f15a9cf2ebd02122023.png [33m404[0m 2.456 ms - 222[0m
2023-12-09 17:24:38 info: [0mGET /public/files/albums/postPicture6f0ab25e375f3a97b3467961505186a4241e2a6b46122023.octet-stream [33m404[0m 1.692 ms - 231[0m
2023-12-09 17:24:38 info: [0mGET /public/files/albums/postPictured274b9a2a09e590a5f6d2661d9b879f0280663bc02122023.jpeg [33m404[0m 2.061 ms - 223[0m
2023-12-09 17:24:38 info: [0mGET /public/files/albums/postPicture375f3a97b3467961505186a4241e2a6bbefb451952122023.jpeg [33m404[0m 0.857 ms - 223[0m
2023-12-09 17:24:39 info: [0mGET /public/files/albums/postPicture505cfe5bd9b6bef9ae840078e4734144b5d9dd6e43122023.png [33m404[0m 0.868 ms - 222[0m
2023-12-09 17:24:39 info: [0mGET /public/files/albums/postPicturee360b2c019f60ad69535be615770bb1aab06112750122023.png [33m404[0m 0.883 ms - 222[0m
2023-12-09 17:24:39 info: [0mGET /public/files/albums/postPicture3d30f9e2249b636e6a6d423149a491b02cfb8e3927122023.png [33m404[0m 0.732 ms - 222[0m
2023-12-09 17:24:39 info: [0mGET /public/files/albums/postPicture7b7c61ab9d61f5d12c3b0122cc6fec73eb64fc6247122023.png [33m404[0m 1.503 ms - 222[0m
2023-12-09 17:24:39 info: [0mGET /public/files/albums/postPicture5d2f8cd3f6f50e15909b11505cfe5bd9b6bef9ae42122023.png [33m404[0m 0.881 ms - 222[0m
2023-12-09 17:24:40 info: [0mGET /public/files/albums/postPicturef6f50e15909b11505cfe5bd9b6bef9ae840078e432122023.png [33m404[0m 1.345 ms - 222[0m
2023-12-09 17:24:40 info: [0mGET /public/files/albums/postPicture9b11505cfe5bd9b6bef9ae840078e4734144b5d914122023.png [33m404[0m 1.927 ms - 222[0m
2023-12-09 17:24:40 info: [0mGET /public/files/albums/postPicturef50e15909b11505cfe5bd9b6bef9ae840078e47327122023.png [33m404[0m 0.979 ms - 222[0m
2023-12-09 17:24:40 info: [0mGET /public/files/albums/postPictureb25e375f3a97b3467961505186a4241e2a6bbefb22122023.jpeg [33m404[0m 0.940 ms - 223[0m
2023-12-09 17:24:40 info: [0mGET /public/files/albums/postPictureea2cd61a368c8e214914d067fa55bccc2895295714122023.png [33m404[0m 1.079 ms - 222[0m
2023-12-09 17:24:40 info: [0mGET /public/files/albums/postPicture87395b6b96208af9e910167fbea922bf9dc2427537122023.png [33m404[0m 0.872 ms - 222[0m
2023-12-09 17:24:40 info: [0mGET /public/files/albums/postPicture43c377472363dbdd37af8a523e7b124a80f6a91b41122023.png [33m404[0m 0.872 ms - 222[0m
2023-12-09 17:24:41 info: [0mGET /public/files/albums/postPictureffe7acebe0fd2c1bb9e191df6d10863a0675575746122023.octet-stream [33m404[0m 1.545 ms - 231[0m
2023-12-09 17:24:41 info: [0mGET /public/files/albums/postPictureebe0fd2c1bb9e191df6d10863a06755757a97f6c11122023.octet-stream [33m404[0m 2.048 ms - 231[0m
2023-12-09 17:24:41 info: [0mGET /public/files/albums/postPicture0fd2c1bb9e191df6d10863a06755757a97f6c1bf31122023.octet-stream [33m404[0m 1.105 ms - 231[0m
2023-12-09 17:24:41 info: [0mGET /public/files/albums/postPicture5f539a43c377472363dbdd37af8a523e7b124a8022122023.png [33m404[0m 2.767 ms - 222[0m
2023-12-09 17:24:41 info: [0mGET /public/files/albums/postPicturee9d11ef13cf36c49bb0e8f4436d4a5003ca20cae33122023.png [33m404[0m 3.280 ms - 222[0m
2023-12-09 17:24:41 info: [0mGET /public/files/albums/postPicture2c1bb9e191df6d10863a06755757a97f6c1bf0ba11122023.octet-stream [33m404[0m 1.454 ms - 231[0m
2023-12-09 17:24:41 info: [0mGET /public/files/albums/postPicture5a05ad584f8f22313961672bb1e9e845c6aa291024122023.octet-stream [33m404[0m 1.857 ms - 231[0m
2023-12-09 17:24:41 info: [0mGET /public/files/albums/postPicturebc134f12720fc7feb9b82da20c66021635b3d5ec16122023.octet-stream [33m404[0m 2.132 ms - 231[0m
2023-12-09 17:24:41 info: [0mGET /public/files/albums/postPicture1485a05ad584f8f22313961672bb1e9e845c6aa205122023.octet-stream [33m404[0m 3.164 ms - 231[0m
2023-12-09 17:24:41 info: [0mGET /public/files/albums/postPicturef5c92c6de44a35f4990bbbe2ecafce86cd5320d926122023.octet-stream [33m404[0m 0.918 ms - 231[0m
2023-12-09 17:24:41 info: [0mGET /public/files/albums/postPictureea683903e4ee8f09207748b58848b796d30b097221122023.octet-stream [33m404[0m 0.760 ms - 231[0m
2023-12-09 17:24:41 info: [0mGET /public/files/albums/postPictureab1ea683903e4ee8f09207748b58848b796d30b002122023.octet-stream [33m404[0m 0.674 ms - 231[0m
2023-12-09 17:24:41 info: [0mGET /public/files/albums/postPicture83903e4ee8f09207748b58848b796d30b097255201122023.png [33m404[0m 0.893 ms - 222[0m
2023-12-09 17:24:50 info: [0mGET /notifications/62cc6c536ffc0d571c6ac50c04fcccf2baabf068 [32m201[0m 1341.058 ms - 666[0m
2023-12-09 17:25:25 info: [0mGET /public/files/albums/postPictureac4e6f51f29d58f04d4b8c223edaec3174c9ab6716122023.png [33m404[0m 0.692 ms - 222[0m
2023-12-09 17:25:26 info: [0mGET /public/files/albums/postPicture656a08b0890e3b556c9baf2a64cee181b632223f46122023.png [33m404[0m 0.909 ms - 222[0m
2023-12-09 17:25:26 info: [0mGET /public/files/albums/postPicture96bf7dff70c791a395340c0292a9f6fd29340b0625122023.png [33m404[0m 2.235 ms - 222[0m
2023-12-09 17:25:26 info: [0mGET /public/files/albums/postPicture6f0ab25e375f3a97b3467961505186a4241e2a6b46122023.octet-stream [33m404[0m 3.034 ms - 231[0m
2023-12-09 17:25:26 info: [0mGET /public/files/albums/postPicturee360b2c019f60ad69535be615770bb1aab06112750122023.png [33m404[0m 3.426 ms - 222[0m
2023-12-09 17:25:26 info: [0mGET /public/files/albums/postPicture375f3a97b3467961505186a4241e2a6bbefb451952122023.jpeg [33m404[0m 3.880 ms - 223[0m
2023-12-09 17:25:26 info: [0mGET /public/files/albums/postPicture505cfe5bd9b6bef9ae840078e4734144b5d9dd6e43122023.png [33m404[0m 4.308 ms - 222[0m
2023-12-09 17:25:26 info: [0mGET /public/files/albums/postPictureb25e375f3a97b3467961505186a4241e2a6bbefb22122023.jpeg [33m404[0m 3.117 ms - 223[0m
2023-12-09 17:25:26 info: [0mGET /public/files/albums/postPictureefbe481a61acdf3cafa2071b05e82f15a9cf2ebd02122023.png [33m404[0m 1.683 ms - 222[0m
2023-12-09 17:25:26 info: [0mGET /public/files/albums/postPicture90dd6f0ab25e375f3a97b3467961505186a4241e55122023.png [33m404[0m 2.236 ms - 222[0m
2023-12-09 17:25:27 info: [0mGET /public/files/albums/postPicturef50e15909b11505cfe5bd9b6bef9ae840078e47327122023.png [33m404[0m 2.631 ms - 222[0m
2023-12-09 17:25:27 info: [0mGET /public/files/albums/postPicture5d2f8cd3f6f50e15909b11505cfe5bd9b6bef9ae42122023.png [33m404[0m 2.636 ms - 222[0m
2023-12-09 17:25:27 info: [0mGET /public/files/albums/postPicture9b11505cfe5bd9b6bef9ae840078e4734144b5d914122023.png [33m404[0m 0.728 ms - 222[0m
2023-12-09 17:25:27 info: [0mGET /public/files/albums/postPicture3d30f9e2249b636e6a6d423149a491b02cfb8e3927122023.png [33m404[0m 0.896 ms - 222[0m
2023-12-09 17:25:27 info: [0mGET /public/files/albums/postPicture7b7c61ab9d61f5d12c3b0122cc6fec73eb64fc6247122023.png [33m404[0m 0.841 ms - 222[0m
2023-12-09 17:25:27 info: [0mGET /public/files/albums/postPicturef6f50e15909b11505cfe5bd9b6bef9ae840078e432122023.png [33m404[0m 0.905 ms - 222[0m
2023-12-09 17:25:28 info: [0mGET /public/files/albums/postPictureea2cd61a368c8e214914d067fa55bccc2895295714122023.png [33m404[0m 0.884 ms - 222[0m
2023-12-09 17:25:28 info: [0mGET /public/files/albums/postPicture43c377472363dbdd37af8a523e7b124a80f6a91b41122023.png [33m404[0m 1.291 ms - 222[0m
2023-12-09 17:25:28 info: [0mGET /public/files/albums/postPicture87395b6b96208af9e910167fbea922bf9dc2427537122023.png [33m404[0m 2.710 ms - 222[0m
2023-12-09 17:25:29 info: [0mGET /public/files/albums/postPicture2c1bb9e191df6d10863a06755757a97f6c1bf0ba11122023.octet-stream [33m404[0m 0.974 ms - 231[0m
2023-12-09 17:25:29 info: [0mGET /public/files/albums/postPicture0fd2c1bb9e191df6d10863a06755757a97f6c1bf31122023.octet-stream [33m404[0m 1.137 ms - 231[0m
2023-12-09 17:25:29 info: [0mGET /public/files/albums/postPictureffe7acebe0fd2c1bb9e191df6d10863a0675575746122023.octet-stream [33m404[0m 0.919 ms - 231[0m
2023-12-09 17:25:30 info: [0mGET /public/files/albums/postPictureebe0fd2c1bb9e191df6d10863a06755757a97f6c11122023.octet-stream [33m404[0m 0.857 ms - 231[0m
2023-12-09 17:25:30 info: [0mGET /public/files/albums/postPicturee9d11ef13cf36c49bb0e8f4436d4a5003ca20cae33122023.png [33m404[0m 0.798 ms - 222[0m
2023-12-09 17:25:30 info: [0mGET /public/files/albums/postPicture1485a05ad584f8f22313961672bb1e9e845c6aa205122023.octet-stream [33m404[0m 3.195 ms - 231[0m
2023-12-09 17:25:30 info: [0mGET /public/files/albums/postPictureab1ea683903e4ee8f09207748b58848b796d30b002122023.octet-stream [33m404[0m 3.616 ms - 231[0m
2023-12-09 17:25:30 info: [0mGET /public/files/albums/postPicturef5c92c6de44a35f4990bbbe2ecafce86cd5320d926122023.octet-stream [33m404[0m 1.420 ms - 231[0m
2023-12-09 17:25:30 info: [0mGET /public/files/albums/postPicturebc134f12720fc7feb9b82da20c66021635b3d5ec16122023.octet-stream [33m404[0m 1.983 ms - 231[0m
2023-12-09 17:25:30 info: [0mGET /public/files/albums/postPictured274b9a2a09e590a5f6d2661d9b879f0280663bc02122023.jpeg [33m404[0m 0.849 ms - 223[0m
2023-12-09 17:25:30 info: [0mGET /public/files/albums/postPicture5a05ad584f8f22313961672bb1e9e845c6aa291024122023.octet-stream [33m404[0m 0.625 ms - 231[0m
2023-12-09 17:25:30 info: [0mGET /public/files/albums/postPictureea683903e4ee8f09207748b58848b796d30b097221122023.octet-stream [33m404[0m 1.098 ms - 231[0m
2023-12-09 17:25:30 info: [0mGET /public/files/albums/postPicture83903e4ee8f09207748b58848b796d30b097255201122023.png [33m404[0m 0.746 ms - 222[0m
2023-12-09 17:25:31 info: [0mGET /public/files/albums/postPicture5f539a43c377472363dbdd37af8a523e7b124a8022122023.png [33m404[0m 0.646 ms - 222[0m
2023-12-09 17:36:21 error: [GET] /users/62cc6c536ffc0d571c6ac50c04fcccf2baabf068 >> StatusCode:: 401, Message:: Wrong authentication token
2023-12-09 17:36:21 info: [0mGET /users/62cc6c536ffc0d571c6ac50c04fcccf2baabf068 [33m401[0m 4.266 ms - 40[0m
2023-12-09 17:36:22 info: [0mPOST /refresh [32m200[0m 122.735 ms - 277[0m
2023-12-09 17:36:24 info: [0mGET /users/62cc6c536ffc0d571c6ac50c04fcccf2baabf068 [32m200[0m 1787.321 ms - 327[0m
2023-12-09 17:36:26 info: [0mGET /albums/categories [32m201[0m 807.709 ms - 114[0m
2023-12-09 17:36:26 info: [0mGET /users/plans/62cc6c536ffc0d571c6ac50c04fcccf2baabf068 [32m200[0m 963.380 ms - 151[0m
2023-12-09 17:36:27 info: [0mGET /albums/popular [32m201[0m 1956.245 ms - -[0m
2023-12-09 17:36:27 info: [0mGET /albums [32m201[0m 2029.762 ms - -[0m
2023-12-09 18:03:48 info: =================================
2023-12-09 18:03:48 info: ======= ENV: development =======
2023-12-09 18:03:48 info: 🚀 App listening on the port 8000
2023-12-09 18:03:48 info: =================================
2023-12-09 18:04:46 info: =================================
2023-12-09 18:04:46 info: ======= ENV: development =======
2023-12-09 18:04:46 info: 🚀 App listening on the port 8000
2023-12-09 18:04:46 info: =================================
2023-12-09 19:42:53 info: [0mPOST /login [33m403[0m 1356.210 ms - 44[0m
2023-12-09 19:43:06 info: [0mPOST /login [32m200[0m 1784.940 ms - 607[0m
2023-12-09 19:43:08 info: [0mGET /albums/categories [32m201[0m 1023.723 ms - 114[0m
2023-12-09 19:43:09 info: [0mGET /users/plans/62cc6c536ffc0d571c6ac50c04fcccf2baabf068 [32m200[0m 1494.360 ms - 151[0m
2023-12-09 19:43:10 info: [0mGET /albums/popular [32m201[0m 2517.619 ms - -[0m
2023-12-09 19:43:10 info: [0mGET /albums [32m201[0m 2983.498 ms - -[0m
