2023-07-25 18:32:48 info: =================================
2023-07-25 18:32:48 info: ======= ENV: development =======
2023-07-25 18:32:48 info: 🚀 App listening on the port 4000
2023-07-25 18:32:48 info: =================================
2023-07-25 18:33:04 info: [0mPOST /login [32m200[0m 811.244 ms - 44[0m
2023-07-25 18:33:23 info: [0mPOST /login [32m200[0m 376.893 ms - 44[0m
2023-07-25 18:33:29 info: [0mPOST /login [32m200[0m 376.473 ms - 44[0m
2023-07-25 18:33:32 info: [0mPOST /login [32m200[0m 391.699 ms - 44[0m
2023-07-25 18:33:47 info: [0mPOST /login [32m200[0m 402.905 ms - 44[0m
2023-07-25 18:33:51 info: [0mPOST /login [32m200[0m 391.996 ms - 44[0m
2023-07-25 18:34:04 info: [0mPOST /login [32m200[0m 436.725 ms - 44[0m
2023-07-25 18:34:08 info: [0mPOST /login [32m200[0m 411.332 ms - 44[0m
2023-07-25 18:34:18 info: [0mPOST /login [32m200[0m 405.103 ms - 44[0m
2023-07-25 18:34:33 info: [0mPOST /login [32m200[0m 391.889 ms - 44[0m
2023-07-25 18:34:43 info: [0mPOST /login [32m200[0m 413.312 ms - 44[0m
2023-07-25 18:34:47 info: [0mPOST /login [32m200[0m 377.225 ms - 44[0m
2023-07-25 18:35:29 info: [0mPOST /signup [32m201[0m 1608.376 ms - 301[0m
2023-07-25 18:35:40 info: [0mPOST /login [32m200[0m 700.440 ms - 508[0m
2023-07-25 18:35:42 error: [GET] /albums/popular >> StatusCode:: 403, Message:: Wrong authentication token
2023-07-25 18:35:42 info: [0mGET /albums/popular [33m403[0m 442.889 ms - 40[0m
2023-07-25 18:35:42 info: [0mPOST /refresh [32m200[0m 2.388 ms - 428[0m
2023-07-25 18:35:42 error: [GET] /albums/categories >> StatusCode:: 403, Message:: Wrong authentication token
2023-07-25 18:35:42 info: [0mGET /albums/categories [33m403[0m 428.691 ms - 40[0m
2023-07-25 18:35:42 info: [0mPOST /refresh [32m200[0m 2.616 ms - 428[0m
2023-07-25 18:35:42 info: [0mGET /albums/categories [32m201[0m 435.958 ms - 17[0m
2023-07-25 18:35:43 info: [0mGET /albums/popular [32m201[0m 1050.816 ms - 19[0m
2023-07-25 18:54:25 error: [GET] /albums/popular >> StatusCode:: 403, Message:: Wrong authentication token
2023-07-25 18:54:25 info: [0mGET /albums/popular [33m403[0m 536.887 ms - 40[0m
2023-07-25 18:54:25 info: [0mPOST /refresh [32m200[0m 1.819 ms - 428[0m
2023-07-25 18:54:26 error: [GET] /albums/categories >> StatusCode:: 403, Message:: Wrong authentication token
2023-07-25 18:54:26 info: [0mGET /albums/categories [33m403[0m 464.148 ms - 40[0m
2023-07-25 18:54:26 info: [0mPOST /refresh [32m200[0m 1.661 ms - 428[0m
2023-07-25 18:54:26 info: [0mGET /albums/popular [32m201[0m 388.615 ms - 19[0m
2023-07-25 18:54:26 info: [0mGET /albums/categories [32m201[0m 366.137 ms - 17[0m
2023-07-25 19:43:54 error: [GET] /albums/popular >> StatusCode:: 403, Message:: Wrong authentication token
2023-07-25 19:43:54 info: [0mGET /albums/popular [33m403[0m 6.595 ms - 40[0m
2023-07-25 19:43:54 error: [GET] /albums/categories >> StatusCode:: 403, Message:: Wrong authentication token
2023-07-25 19:43:54 info: [0mGET /albums/categories [33m403[0m 4.920 ms - 40[0m
2023-07-25 19:43:54 info: [0mPOST /refresh [32m200[0m 2.666 ms - 428[0m
2023-07-25 19:43:54 info: [0mPOST /refresh [32m200[0m 1.502 ms - 428[0m
2023-07-25 19:43:54 info: [0mGET /albums/categories [32m201[0m 369.151 ms - 17[0m
2023-07-25 19:43:54 info: [0mGET /albums/popular [32m201[0m 384.695 ms - 19[0m
2023-07-25 19:46:40 error: [GET] /albums/popular >> StatusCode:: 403, Message:: Wrong authentication token
2023-07-25 19:46:40 info: [0mGET /albums/popular [33m403[0m 4.343 ms - 40[0m
2023-07-25 19:46:40 error: [GET] /albums/categories >> StatusCode:: 403, Message:: Wrong authentication token
2023-07-25 19:46:40 info: [0mGET /albums/categories [33m403[0m 5.521 ms - 40[0m
2023-07-25 19:46:40 info: [0mPOST /refresh [32m200[0m 1.397 ms - 428[0m
2023-07-25 19:46:40 info: [0mPOST /refresh [32m200[0m 1.411 ms - 428[0m
2023-07-25 19:46:40 info: [0mGET /albums/categories [32m201[0m 382.521 ms - 109[0m
2023-07-25 19:46:40 info: [0mGET /albums/popular [32m201[0m 419.017 ms - 19[0m
2023-07-25 19:46:41 error: [GET] /albums/category/fh5gfg54d6ghb48d6 >> StatusCode:: 403, Message:: Wrong authentication token
2023-07-25 19:46:41 info: [0mGET /albums/category/fh5gfg54d6ghb48d6 [33m403[0m 4.636 ms - 40[0m
2023-07-25 19:46:41 info: [0mPOST /refresh [32m200[0m 1.741 ms - 428[0m
2023-07-25 19:46:41 info: [0mGET /albums/category/fh5gfg54d6ghb48d6 [32m201[0m 628.495 ms - 22[0m
2023-07-25 19:47:12 info: [0mPOST /albums/cus_OKT9O3q4z73f07 [32m201[0m 1647.668 ms - 291[0m
2023-07-25 19:47:14 info: [0mPOST /albums/cus_OKT9O3q4z73f07 [32m201[0m 1224.882 ms - 291[0m
2023-07-25 19:47:35 error: [GET] /albums/popular >> StatusCode:: 403, Message:: Wrong authentication token
2023-07-25 19:47:35 info: [0mGET /albums/popular [33m403[0m 4.776 ms - 40[0m
2023-07-25 19:47:36 error: [GET] /albums/categories >> StatusCode:: 403, Message:: Wrong authentication token
2023-07-25 19:47:36 info: [0mGET /albums/categories [33m403[0m 5.896 ms - 40[0m
2023-07-25 19:47:36 info: [0mPOST /refresh [32m200[0m 1.907 ms - 428[0m
2023-07-25 19:47:36 info: [0mPOST /refresh [32m200[0m 1.383 ms - 428[0m
2023-07-25 19:47:36 info: [0mGET /albums/categories [32m201[0m 394.444 ms - 109[0m
2023-07-25 19:47:36 info: [0mGET /albums/popular [32m201[0m 419.489 ms - 19[0m
2023-07-25 19:47:37 error: [GET] /albums/category/fh5gfg54d6ghb48d6 >> StatusCode:: 403, Message:: Wrong authentication token
2023-07-25 19:47:37 info: [0mGET /albums/category/fh5gfg54d6ghb48d6 [33m403[0m 5.399 ms - 40[0m
2023-07-25 19:47:37 info: [0mPOST /refresh [32m200[0m 1.627 ms - 428[0m
2023-07-25 19:47:37 info: [0mGET /albums/category/fh5gfg54d6ghb48d6 [32m201[0m 510.235 ms - 22[0m
2023-07-25 19:48:55 info: [0mPOST /albums/cus_OKT9O3q4z73f07 [32m201[0m 1261.739 ms - 291[0m
2023-07-25 19:49:22 error: [GET] /albums/popular >> StatusCode:: 403, Message:: Wrong authentication token
2023-07-25 19:49:22 info: [0mGET /albums/popular [33m403[0m 4.632 ms - 40[0m
2023-07-25 19:49:22 error: [GET] /albums/categories >> StatusCode:: 403, Message:: Wrong authentication token
2023-07-25 19:49:22 info: [0mGET /albums/categories [33m403[0m 5.999 ms - 40[0m
2023-07-25 19:49:22 info: [0mPOST /refresh [32m200[0m 1.583 ms - 428[0m
2023-07-25 19:49:22 info: [0mPOST /refresh [32m200[0m 2.233 ms - 428[0m
2023-07-25 19:49:23 info: [0mGET /albums/categories [32m201[0m 395.021 ms - 109[0m
2023-07-25 19:49:23 info: [0mGET /albums/popular [32m201[0m 403.155 ms - 19[0m
2023-07-25 19:49:23 error: [GET] /albums/category/fh5gfg54d6ghb48d6 >> StatusCode:: 403, Message:: Wrong authentication token
2023-07-25 19:49:23 info: [0mGET /albums/category/fh5gfg54d6ghb48d6 [33m403[0m 5.260 ms - 40[0m
2023-07-25 19:49:23 info: [0mPOST /refresh [32m200[0m 1.518 ms - 428[0m
2023-07-25 19:49:23 info: [0mGET /albums/category/fh5gfg54d6ghb48d6 [32m201[0m 408.695 ms - 22[0m
2023-07-25 19:49:27 error: [GET] /albums/category/sdqf45qfez48fsd5csd5 >> StatusCode:: 403, Message:: Wrong authentication token
2023-07-25 19:49:27 info: [0mGET /albums/category/sdqf45qfez48fsd5csd5 [33m403[0m 5.023 ms - 40[0m
2023-07-25 19:49:27 info: [0mPOST /refresh [32m200[0m 1.493 ms - 428[0m
2023-07-25 19:49:27 info: [0mGET /albums/category/sdqf45qfez48fsd5csd5 [32m201[0m 894.759 ms - 557[0m
