2023-04-19 11:42:28 info: =================================
2023-04-19 11:42:28 info: ======= ENV: development =======
2023-04-19 11:42:28 info: 🚀 App listening on the port 3000
2023-04-19 11:42:28 info: =================================
2023-04-19 11:46:31 info: =================================
2023-04-19 11:46:31 info: ======= ENV: development =======
2023-04-19 11:46:31 info: 🚀 App listening on the port 3000
2023-04-19 11:46:31 info: =================================
2023-04-19 11:46:36 info: =================================
2023-04-19 11:46:36 info: ======= ENV: development =======
2023-04-19 11:46:36 info: 🚀 App listening on the port 3000
2023-04-19 11:46:36 info: =================================
2023-04-19 11:47:08 info: =================================
2023-04-19 11:47:08 info: ======= ENV: development =======
2023-04-19 11:47:08 info: 🚀 App listening on the port 3000
2023-04-19 11:47:08 info: =================================
2023-04-19 11:47:18 info: =================================
2023-04-19 11:47:18 info: ======= ENV: development =======
2023-04-19 11:47:18 info: 🚀 App listening on the port 3000
2023-04-19 11:47:18 info: =================================
2023-04-19 11:47:28 info: =================================
2023-04-19 11:47:28 info: ======= ENV: development =======
2023-04-19 11:47:28 info: 🚀 App listening on the port 3000
2023-04-19 11:47:28 info: =================================
2023-04-19 11:47:32 info: =================================
2023-04-19 11:47:32 info: ======= ENV: development =======
2023-04-19 11:47:32 info: 🚀 App listening on the port 3000
2023-04-19 11:47:32 info: =================================
2023-04-19 11:47:50 info: =================================
2023-04-19 11:47:50 info: ======= ENV: development =======
2023-04-19 11:47:50 info: 🚀 App listening on the port 3000
2023-04-19 11:47:50 info: =================================
2023-04-19 11:48:07 info: =================================
2023-04-19 11:48:07 info: ======= ENV: development =======
2023-04-19 11:48:07 info: 🚀 App listening on the port 3000
2023-04-19 11:48:07 info: =================================
2023-04-19 11:48:28 info: =================================
2023-04-19 11:48:28 info: ======= ENV: development =======
2023-04-19 11:48:28 info: 🚀 App listening on the port 3000
2023-04-19 11:48:28 info: =================================
2023-04-19 11:48:38 info: =================================
2023-04-19 11:48:38 info: ======= ENV: development =======
2023-04-19 11:48:38 info: 🚀 App listening on the port 3000
2023-04-19 11:48:38 info: =================================
2023-04-19 11:48:44 info: =================================
2023-04-19 11:48:44 info: ======= ENV: development =======
2023-04-19 11:48:44 info: 🚀 App listening on the port 3000
2023-04-19 11:48:44 info: =================================
2023-04-19 11:48:54 info: =================================
2023-04-19 11:48:54 info: ======= ENV: development =======
2023-04-19 11:48:54 info: 🚀 App listening on the port 3000
2023-04-19 11:48:54 info: =================================
2023-04-19 11:48:58 info: =================================
2023-04-19 11:48:58 info: ======= ENV: development =======
2023-04-19 11:48:58 info: 🚀 App listening on the port 3000
2023-04-19 11:48:58 info: =================================
2023-04-19 11:49:22 info: =================================
2023-04-19 11:49:22 info: ======= ENV: development =======
2023-04-19 11:49:22 info: 🚀 App listening on the port 3000
2023-04-19 11:49:22 info: =================================
2023-04-19 11:49:38 info: =================================
2023-04-19 11:49:38 info: ======= ENV: development =======
2023-04-19 11:49:38 info: 🚀 App listening on the port 3000
2023-04-19 11:49:38 info: =================================
2023-04-19 11:50:04 info: =================================
2023-04-19 11:50:04 info: ======= ENV: development =======
2023-04-19 11:50:04 info: 🚀 App listening on the port 3000
2023-04-19 11:50:04 info: =================================
2023-04-19 11:50:10 info: =================================
2023-04-19 11:50:10 info: ======= ENV: development =======
2023-04-19 11:50:10 info: 🚀 App listening on the port 3000
2023-04-19 11:50:10 info: =================================
2023-04-19 11:50:33 info: =================================
2023-04-19 11:50:33 info: ======= ENV: development =======
2023-04-19 11:50:33 info: 🚀 App listening on the port 3000
2023-04-19 11:50:33 info: =================================
2023-04-19 11:51:11 info: =================================
2023-04-19 11:51:11 info: ======= ENV: development =======
2023-04-19 11:51:11 info: 🚀 App listening on the port 3000
2023-04-19 11:51:11 info: =================================
2023-04-19 11:51:14 info: =================================
2023-04-19 11:51:14 info: ======= ENV: development =======
2023-04-19 11:51:14 info: 🚀 App listening on the port 3000
2023-04-19 11:51:14 info: =================================
2023-04-19 11:52:25 info: =================================
2023-04-19 11:52:25 info: ======= ENV: development =======
2023-04-19 11:52:25 info: 🚀 App listening on the port 3000
2023-04-19 11:52:25 info: =================================
2023-04-19 11:52:28 info: =================================
2023-04-19 11:52:28 info: ======= ENV: development =======
2023-04-19 11:52:28 info: 🚀 App listening on the port 3000
2023-04-19 11:52:28 info: =================================
2023-04-19 11:52:41 info: =================================
2023-04-19 11:52:41 info: ======= ENV: development =======
2023-04-19 11:52:41 info: 🚀 App listening on the port 3000
2023-04-19 11:52:41 info: =================================
2023-04-19 11:54:49 info: =================================
2023-04-19 11:54:49 info: ======= ENV: development =======
2023-04-19 11:54:49 info: 🚀 App listening on the port 3000
2023-04-19 11:54:49 info: =================================
2023-04-19 11:54:55 info: =================================
2023-04-19 11:54:55 info: ======= ENV: development =======
2023-04-19 11:54:55 info: 🚀 App listening on the port 3000
2023-04-19 11:54:55 info: =================================
2023-04-19 11:55:58 info: =================================
2023-04-19 11:55:58 info: ======= ENV: development =======
2023-04-19 11:55:58 info: 🚀 App listening on the port 3000
2023-04-19 11:55:58 info: =================================
2023-04-19 11:56:22 info: =================================
2023-04-19 11:56:22 info: ======= ENV: development =======
2023-04-19 11:56:22 info: 🚀 App listening on the port 3000
2023-04-19 11:56:22 info: =================================
2023-04-19 11:56:29 info: =================================
2023-04-19 11:56:29 info: ======= ENV: development =======
2023-04-19 11:56:29 info: 🚀 App listening on the port 3000
2023-04-19 11:56:29 info: =================================
2023-04-19 11:56:38 info: =================================
2023-04-19 11:56:38 info: ======= ENV: development =======
2023-04-19 11:56:38 info: 🚀 App listening on the port 3000
2023-04-19 11:56:38 info: =================================
2023-04-19 11:56:55 info: =================================
2023-04-19 11:56:55 info: ======= ENV: development =======
2023-04-19 11:56:55 info: 🚀 App listening on the port 3000
2023-04-19 11:56:55 info: =================================
2023-04-19 11:57:01 info: =================================
2023-04-19 11:57:01 info: ======= ENV: development =======
2023-04-19 11:57:01 info: 🚀 App listening on the port 3000
2023-04-19 11:57:01 info: =================================
2023-04-19 11:57:06 info: =================================
2023-04-19 11:57:06 info: ======= ENV: development =======
2023-04-19 11:57:06 info: 🚀 App listening on the port 3000
2023-04-19 11:57:06 info: =================================
2023-04-19 11:57:39 info: =================================
2023-04-19 11:57:39 info: ======= ENV: development =======
2023-04-19 11:57:39 info: 🚀 App listening on the port 3000
2023-04-19 11:57:39 info: =================================
2023-04-19 11:57:42 info: =================================
2023-04-19 11:57:42 info: ======= ENV: development =======
2023-04-19 11:57:42 info: 🚀 App listening on the port 3000
2023-04-19 11:57:42 info: =================================
2023-04-19 11:57:45 info: =================================
2023-04-19 11:57:45 info: ======= ENV: development =======
2023-04-19 11:57:45 info: 🚀 App listening on the port 3000
2023-04-19 11:57:45 info: =================================
2023-04-19 11:57:51 info: =================================
2023-04-19 11:57:51 info: ======= ENV: development =======
2023-04-19 11:57:51 info: 🚀 App listening on the port 3000
2023-04-19 11:57:51 info: =================================
2023-04-19 11:58:01 info: =================================
2023-04-19 11:58:01 info: ======= ENV: development =======
2023-04-19 11:58:01 info: 🚀 App listening on the port 3000
2023-04-19 11:58:01 info: =================================
2023-04-19 11:58:06 info: =================================
2023-04-19 11:58:06 info: ======= ENV: development =======
2023-04-19 11:58:06 info: 🚀 App listening on the port 3000
2023-04-19 11:58:06 info: =================================
2023-04-19 11:59:08 info: =================================
2023-04-19 11:59:08 info: ======= ENV: development =======
2023-04-19 11:59:08 info: 🚀 App listening on the port 3000
2023-04-19 11:59:08 info: =================================
2023-04-19 11:59:16 info: =================================
2023-04-19 11:59:16 info: ======= ENV: development =======
2023-04-19 11:59:16 info: 🚀 App listening on the port 3000
2023-04-19 11:59:16 info: =================================
2023-04-19 11:59:19 info: =================================
2023-04-19 11:59:19 info: ======= ENV: development =======
2023-04-19 11:59:19 info: 🚀 App listening on the port 3000
2023-04-19 11:59:19 info: =================================
2023-04-19 11:59:23 info: =================================
2023-04-19 11:59:23 info: ======= ENV: development =======
2023-04-19 11:59:23 info: 🚀 App listening on the port 3000
2023-04-19 11:59:23 info: =================================
2023-04-19 11:59:26 info: =================================
2023-04-19 11:59:26 info: ======= ENV: development =======
2023-04-19 11:59:26 info: 🚀 App listening on the port 3000
2023-04-19 11:59:26 info: =================================
2023-04-19 11:59:32 info: =================================
2023-04-19 11:59:32 info: ======= ENV: development =======
2023-04-19 11:59:32 info: 🚀 App listening on the port 3000
2023-04-19 11:59:32 info: =================================
2023-04-19 12:00:57 info: =================================
2023-04-19 12:00:57 info: ======= ENV: development =======
2023-04-19 12:00:57 info: 🚀 App listening on the port 3000
2023-04-19 12:00:57 info: =================================
2023-04-19 12:01:03 info: =================================
2023-04-19 12:01:03 info: ======= ENV: development =======
2023-04-19 12:01:03 info: 🚀 App listening on the port 3000
2023-04-19 12:01:03 info: =================================
2023-04-19 12:01:08 info: =================================
2023-04-19 12:01:08 info: ======= ENV: development =======
2023-04-19 12:01:08 info: 🚀 App listening on the port 3000
2023-04-19 12:01:08 info: =================================
2023-04-19 12:01:13 info: =================================
2023-04-19 12:01:13 info: ======= ENV: development =======
2023-04-19 12:01:13 info: 🚀 App listening on the port 3000
2023-04-19 12:01:13 info: =================================
2023-04-19 12:01:45 info: =================================
2023-04-19 12:01:45 info: ======= ENV: development =======
2023-04-19 12:01:45 info: 🚀 App listening on the port 3000
2023-04-19 12:01:45 info: =================================
2023-04-19 12:01:49 info: =================================
2023-04-19 12:01:49 info: ======= ENV: development =======
2023-04-19 12:01:49 info: 🚀 App listening on the port 3000
2023-04-19 12:01:49 info: =================================
2023-04-19 12:01:52 info: =================================
2023-04-19 12:01:52 info: ======= ENV: development =======
2023-04-19 12:01:52 info: 🚀 App listening on the port 3000
2023-04-19 12:01:52 info: =================================
2023-04-19 12:01:57 info: =================================
2023-04-19 12:01:57 info: ======= ENV: development =======
2023-04-19 12:01:57 info: 🚀 App listening on the port 3000
2023-04-19 12:01:57 info: =================================
2023-04-19 12:02:09 info: =================================
2023-04-19 12:02:09 info: ======= ENV: development =======
2023-04-19 12:02:09 info: 🚀 App listening on the port 3000
2023-04-19 12:02:09 info: =================================
2023-04-19 12:02:14 info: =================================
2023-04-19 12:02:14 info: ======= ENV: development =======
2023-04-19 12:02:14 info: 🚀 App listening on the port 3000
2023-04-19 12:02:14 info: =================================
2023-04-19 12:02:18 info: =================================
2023-04-19 12:02:18 info: ======= ENV: development =======
2023-04-19 12:02:18 info: 🚀 App listening on the port 3000
2023-04-19 12:02:18 info: =================================
2023-04-19 12:02:26 info: =================================
2023-04-19 12:02:26 info: ======= ENV: development =======
2023-04-19 12:02:26 info: 🚀 App listening on the port 3000
2023-04-19 12:02:26 info: =================================
2023-04-19 12:02:52 info: =================================
2023-04-19 12:02:52 info: ======= ENV: development =======
2023-04-19 12:02:52 info: 🚀 App listening on the port 3000
2023-04-19 12:02:52 info: =================================
2023-04-19 12:02:56 info: =================================
2023-04-19 12:02:56 info: ======= ENV: development =======
2023-04-19 12:02:56 info: 🚀 App listening on the port 3000
2023-04-19 12:02:56 info: =================================
2023-04-19 12:03:05 info: =================================
2023-04-19 12:03:05 info: ======= ENV: development =======
2023-04-19 12:03:05 info: 🚀 App listening on the port 3000
2023-04-19 12:03:05 info: =================================
2023-04-19 12:03:13 info: =================================
2023-04-19 12:03:13 info: ======= ENV: development =======
2023-04-19 12:03:13 info: 🚀 App listening on the port 3000
2023-04-19 12:03:13 info: =================================
2023-04-19 12:03:16 info: =================================
2023-04-19 12:03:16 info: ======= ENV: development =======
2023-04-19 12:03:16 info: 🚀 App listening on the port 3000
2023-04-19 12:03:16 info: =================================
2023-04-19 12:03:19 info: =================================
2023-04-19 12:03:19 info: ======= ENV: development =======
2023-04-19 12:03:19 info: 🚀 App listening on the port 3000
2023-04-19 12:03:19 info: =================================
2023-04-19 12:03:31 info: =================================
2023-04-19 12:03:31 info: ======= ENV: development =======
2023-04-19 12:03:31 info: 🚀 App listening on the port 3000
2023-04-19 12:03:31 info: =================================
2023-04-19 12:03:34 info: =================================
2023-04-19 12:03:34 info: ======= ENV: development =======
2023-04-19 12:03:34 info: 🚀 App listening on the port 3000
2023-04-19 12:03:34 info: =================================
2023-04-19 12:03:37 info: =================================
2023-04-19 12:03:37 info: ======= ENV: development =======
2023-04-19 12:03:37 info: 🚀 App listening on the port 3000
2023-04-19 12:03:37 info: =================================
2023-04-19 12:03:42 info: =================================
2023-04-19 12:03:42 info: ======= ENV: development =======
2023-04-19 12:03:42 info: 🚀 App listening on the port 3000
2023-04-19 12:03:42 info: =================================
2023-04-19 12:03:48 info: =================================
2023-04-19 12:03:48 info: ======= ENV: development =======
2023-04-19 12:03:48 info: 🚀 App listening on the port 3000
2023-04-19 12:03:48 info: =================================
2023-04-19 12:03:54 info: =================================
2023-04-19 12:03:54 info: ======= ENV: development =======
2023-04-19 12:03:54 info: 🚀 App listening on the port 3000
2023-04-19 12:03:54 info: =================================
2023-04-19 12:03:58 info: =================================
2023-04-19 12:03:58 info: ======= ENV: development =======
2023-04-19 12:03:58 info: 🚀 App listening on the port 3000
2023-04-19 12:03:58 info: =================================
2023-04-19 12:04:00 info: =================================
2023-04-19 12:04:00 info: ======= ENV: development =======
2023-04-19 12:04:00 info: 🚀 App listening on the port 3000
2023-04-19 12:04:00 info: =================================
2023-04-19 12:04:07 info: =================================
2023-04-19 12:04:07 info: ======= ENV: development =======
2023-04-19 12:04:07 info: 🚀 App listening on the port 3000
2023-04-19 12:04:07 info: =================================
2023-04-19 12:07:27 info: =================================
2023-04-19 12:07:27 info: ======= ENV: development =======
2023-04-19 12:07:27 info: 🚀 App listening on the port 3000
2023-04-19 12:07:27 info: =================================
2023-04-19 12:07:42 info: =================================
2023-04-19 12:07:42 info: ======= ENV: development =======
2023-04-19 12:07:42 info: 🚀 App listening on the port 3000
2023-04-19 12:07:42 info: =================================
2023-04-19 12:07:48 info: =================================
2023-04-19 12:07:48 info: ======= ENV: development =======
2023-04-19 12:07:48 info: 🚀 App listening on the port 3000
2023-04-19 12:07:48 info: =================================
2023-04-19 12:07:52 info: =================================
2023-04-19 12:07:52 info: ======= ENV: development =======
2023-04-19 12:07:52 info: 🚀 App listening on the port 3000
2023-04-19 12:07:52 info: =================================
2023-04-19 12:07:56 info: =================================
2023-04-19 12:07:56 info: ======= ENV: development =======
2023-04-19 12:07:56 info: 🚀 App listening on the port 3000
2023-04-19 12:07:56 info: =================================
2023-04-19 12:07:59 info: =================================
2023-04-19 12:07:59 info: ======= ENV: development =======
2023-04-19 12:07:59 info: 🚀 App listening on the port 3000
2023-04-19 12:07:59 info: =================================
2023-04-19 12:08:05 info: =================================
2023-04-19 12:08:05 info: ======= ENV: development =======
2023-04-19 12:08:05 info: 🚀 App listening on the port 3000
2023-04-19 12:08:05 info: =================================
2023-04-19 12:08:14 info: =================================
2023-04-19 12:08:14 info: ======= ENV: development =======
2023-04-19 12:08:14 info: 🚀 App listening on the port 3000
2023-04-19 12:08:14 info: =================================
2023-04-19 12:08:33 info: =================================
2023-04-19 12:08:33 info: ======= ENV: development =======
2023-04-19 12:08:33 info: 🚀 App listening on the port 3000
2023-04-19 12:08:33 info: =================================
2023-04-19 12:08:40 info: =================================
2023-04-19 12:08:40 info: ======= ENV: development =======
2023-04-19 12:08:40 info: 🚀 App listening on the port 3000
2023-04-19 12:08:40 info: =================================
2023-04-19 12:08:46 info: =================================
2023-04-19 12:08:46 info: ======= ENV: development =======
2023-04-19 12:08:46 info: 🚀 App listening on the port 3000
2023-04-19 12:08:46 info: =================================
2023-04-19 12:08:56 info: =================================
2023-04-19 12:08:56 info: ======= ENV: development =======
2023-04-19 12:08:56 info: 🚀 App listening on the port 3000
2023-04-19 12:08:56 info: =================================
2023-04-19 12:09:03 info: =================================
2023-04-19 12:09:03 info: ======= ENV: development =======
2023-04-19 12:09:03 info: 🚀 App listening on the port 3000
2023-04-19 12:09:03 info: =================================
2023-04-19 12:09:05 info: =================================
2023-04-19 12:09:05 info: ======= ENV: development =======
2023-04-19 12:09:05 info: 🚀 App listening on the port 3000
2023-04-19 12:09:05 info: =================================
2023-04-19 12:09:15 info: =================================
2023-04-19 12:09:15 info: ======= ENV: development =======
2023-04-19 12:09:15 info: 🚀 App listening on the port 3000
2023-04-19 12:09:15 info: =================================
2023-04-19 12:09:19 info: =================================
2023-04-19 12:09:19 info: ======= ENV: development =======
2023-04-19 12:09:19 info: 🚀 App listening on the port 3000
2023-04-19 12:09:19 info: =================================
2023-04-19 12:10:44 info: =================================
2023-04-19 12:10:44 info: ======= ENV: development =======
2023-04-19 12:10:44 info: 🚀 App listening on the port 3000
2023-04-19 12:10:44 info: =================================
2023-04-19 12:19:38 info: =================================
2023-04-19 12:19:38 info: ======= ENV: development =======
2023-04-19 12:19:38 info: 🚀 App listening on the port 3000
2023-04-19 12:19:38 info: =================================
2023-04-19 12:23:50 info: =================================
2023-04-19 12:23:50 info: ======= ENV: development =======
2023-04-19 12:23:50 info: 🚀 App listening on the port 3000
2023-04-19 12:23:50 info: =================================
2023-04-19 12:26:45 info: =================================
2023-04-19 12:26:45 info: ======= ENV: development =======
2023-04-19 12:26:45 info: 🚀 App listening on the port 3000
2023-04-19 12:26:45 info: =================================
2023-04-19 12:26:53 info: =================================
2023-04-19 12:26:53 info: ======= ENV: development =======
2023-04-19 12:26:53 info: 🚀 App listening on the port 3000
2023-04-19 12:26:53 info: =================================
2023-04-19 12:27:04 info: =================================
2023-04-19 12:27:04 info: ======= ENV: development =======
2023-04-19 12:27:04 info: 🚀 App listening on the port 3000
2023-04-19 12:27:04 info: =================================
2023-04-19 12:27:13 info: =================================
2023-04-19 12:27:13 info: ======= ENV: development =======
2023-04-19 12:27:13 info: 🚀 App listening on the port 3000
2023-04-19 12:27:13 info: =================================
2023-04-19 12:27:20 info: =================================
2023-04-19 12:27:20 info: ======= ENV: development =======
2023-04-19 12:27:20 info: 🚀 App listening on the port 3000
2023-04-19 12:27:20 info: =================================
2023-04-19 12:27:50 info: =================================
2023-04-19 12:27:50 info: ======= ENV: development =======
2023-04-19 12:27:50 info: 🚀 App listening on the port 3000
2023-04-19 12:27:50 info: =================================
2023-04-19 12:27:55 info: =================================
2023-04-19 12:27:55 info: ======= ENV: development =======
2023-04-19 12:27:55 info: 🚀 App listening on the port 3000
2023-04-19 12:27:55 info: =================================
2023-04-19 12:27:58 info: =================================
2023-04-19 12:27:58 info: ======= ENV: development =======
2023-04-19 12:27:58 info: 🚀 App listening on the port 3000
2023-04-19 12:27:58 info: =================================
2023-04-19 12:28:39 info: =================================
2023-04-19 12:28:39 info: ======= ENV: development =======
2023-04-19 12:28:39 info: 🚀 App listening on the port 3000
2023-04-19 12:28:39 info: =================================
2023-04-19 12:28:46 info: =================================
2023-04-19 12:28:46 info: ======= ENV: development =======
2023-04-19 12:28:46 info: 🚀 App listening on the port 3000
2023-04-19 12:28:46 info: =================================
2023-04-19 12:28:57 info: =================================
2023-04-19 12:28:57 info: ======= ENV: development =======
2023-04-19 12:28:57 info: 🚀 App listening on the port 3000
2023-04-19 12:28:57 info: =================================
2023-04-19 12:29:03 info: =================================
2023-04-19 12:29:03 info: ======= ENV: development =======
2023-04-19 12:29:03 info: 🚀 App listening on the port 3000
2023-04-19 12:29:03 info: =================================
2023-04-19 12:29:12 info: =================================
2023-04-19 12:29:12 info: ======= ENV: development =======
2023-04-19 12:29:12 info: 🚀 App listening on the port 3000
2023-04-19 12:29:12 info: =================================
2023-04-19 12:29:25 info: =================================
2023-04-19 12:29:25 info: ======= ENV: development =======
2023-04-19 12:29:25 info: 🚀 App listening on the port 3000
2023-04-19 12:29:25 info: =================================
2023-04-19 12:29:31 info: =================================
2023-04-19 12:29:31 info: ======= ENV: development =======
2023-04-19 12:29:31 info: 🚀 App listening on the port 3000
2023-04-19 12:29:31 info: =================================
2023-04-19 12:29:34 info: =================================
2023-04-19 12:29:34 info: ======= ENV: development =======
2023-04-19 12:29:34 info: 🚀 App listening on the port 3000
2023-04-19 12:29:34 info: =================================
2023-04-19 12:29:55 info: =================================
2023-04-19 12:29:55 info: ======= ENV: development =======
2023-04-19 12:29:55 info: 🚀 App listening on the port 3000
2023-04-19 12:29:55 info: =================================
2023-04-19 12:30:18 info: =================================
2023-04-19 12:30:18 info: ======= ENV: development =======
2023-04-19 12:30:18 info: 🚀 App listening on the port 3000
2023-04-19 12:30:18 info: =================================
2023-04-19 12:30:41 info: =================================
2023-04-19 12:30:41 info: ======= ENV: development =======
2023-04-19 12:30:41 info: 🚀 App listening on the port 3000
2023-04-19 12:30:41 info: =================================
2023-04-19 12:30:57 info: =================================
2023-04-19 12:30:57 info: ======= ENV: development =======
2023-04-19 12:30:57 info: 🚀 App listening on the port 3000
2023-04-19 12:30:57 info: =================================
2023-04-19 12:31:02 info: =================================
2023-04-19 12:31:02 info: ======= ENV: development =======
2023-04-19 12:31:02 info: 🚀 App listening on the port 3000
2023-04-19 12:31:02 info: =================================
2023-04-19 12:31:05 info: =================================
2023-04-19 12:31:05 info: ======= ENV: development =======
2023-04-19 12:31:05 info: 🚀 App listening on the port 3000
2023-04-19 12:31:05 info: =================================
2023-04-19 12:31:09 info: =================================
2023-04-19 12:31:09 info: ======= ENV: development =======
2023-04-19 12:31:09 info: 🚀 App listening on the port 3000
2023-04-19 12:31:09 info: =================================
2023-04-19 12:31:27 info: =================================
2023-04-19 12:31:27 info: ======= ENV: development =======
2023-04-19 12:31:27 info: 🚀 App listening on the port 3000
2023-04-19 12:31:27 info: =================================
2023-04-19 12:33:03 info: =================================
2023-04-19 12:33:03 info: ======= ENV: development =======
2023-04-19 12:33:03 info: 🚀 App listening on the port 3000
2023-04-19 12:33:03 info: =================================
2023-04-19 12:33:11 info: =================================
2023-04-19 12:33:11 info: ======= ENV: development =======
2023-04-19 12:33:11 info: 🚀 App listening on the port 3000
2023-04-19 12:33:11 info: =================================
2023-04-19 12:33:16 info: =================================
2023-04-19 12:33:16 info: ======= ENV: development =======
2023-04-19 12:33:16 info: 🚀 App listening on the port 3000
2023-04-19 12:33:16 info: =================================
2023-04-19 13:42:37 info: =================================
2023-04-19 13:42:37 info: ======= ENV: development =======
2023-04-19 13:42:37 info: 🚀 App listening on the port 3000
2023-04-19 13:42:37 info: =================================
2023-04-19 14:21:53 info: =================================
2023-04-19 14:21:53 info: ======= ENV: development =======
2023-04-19 14:21:53 info: 🚀 App listening on the port 5000
2023-04-19 14:21:53 info: =================================
2023-04-19 14:36:21 info: [0mGET /sellers/upload/identitycard/ [33m404[0m 114.191 ms - 167[0m
2023-04-19 14:36:47 info: =================================
2023-04-19 14:36:47 info: ======= ENV: development =======
2023-04-19 14:36:47 info: 🚀 App listening on the port 5000
2023-04-19 14:36:47 info: =================================
2023-04-19 14:37:59 info: =================================
2023-04-19 14:37:59 info: ======= ENV: development =======
2023-04-19 14:37:59 info: 🚀 App listening on the port 5000
2023-04-19 14:37:59 info: =================================
2023-04-19 14:38:05 info: =================================
2023-04-19 14:38:05 info: ======= ENV: development =======
2023-04-19 14:38:05 info: 🚀 App listening on the port 5000
2023-04-19 14:38:05 info: =================================
2023-04-19 14:38:12 info: [0mPOST /sellers/upload/identitycard/cus_Nes05P2erB7zKg [33m404[0m 2.158 ms - 186[0m
2023-04-19 14:39:04 info: [0mPOST /sellers/upload/identitycard/cus_Nes05P2erB7zKg [33m404[0m 0.677 ms - 186[0m
2023-04-19 14:39:19 info: [0mPOST /sellers/upload/identitycard/cus_Nes05P2erB7zKg [32m200[0m 20.925 ms - 2[0m
2023-04-19 14:39:54 info: =================================
2023-04-19 14:39:54 info: ======= ENV: development =======
2023-04-19 14:39:54 info: 🚀 App listening on the port 5000
2023-04-19 14:39:54 info: =================================
2023-04-19 14:39:55 info: [0mPOST /sellers/upload/identitycard/cus_Nes05P2erB7zKg [32m200[0m 60.861 ms - 2[0m
2023-04-19 14:41:00 info: [0mPOST /post/cus_Nes05P2erB7zKg [32m201[0m 1858.052 ms - 202[0m
2023-04-19 14:41:10 info: [0mPOST /post/cus_Nes05P2erB7zKg [32m201[0m 1052.066 ms - 202[0m
2023-04-19 14:41:22 info: =================================
2023-04-19 14:41:22 info: ======= ENV: development =======
2023-04-19 14:41:22 info: 🚀 App listening on the port 5000
2023-04-19 14:41:22 info: =================================
2023-04-19 14:41:24 info: [0mPOST /post/cus_Nes05P2erB7zKg [32m201[0m 1102.301 ms - 202[0m
2023-04-19 14:41:37 info: [0mPOST /post/cus_Nes05P2erB7zKg [32m201[0m 1508.391 ms - 202[0m
2023-04-19 14:52:46 info: =================================
2023-04-19 14:52:46 info: ======= ENV: development =======
2023-04-19 14:52:46 info: 🚀 App listening on the port 3000
2023-04-19 14:52:46 info: =================================
2023-04-19 14:53:08 info: [0mPOST /post/cus_Nes05P2erB7zKg [32m201[0m 1409.518 ms - 202[0m
2023-04-19 15:35:22 info: =================================
2023-04-19 15:35:22 info: ======= ENV: development =======
2023-04-19 15:35:22 info: 🚀 App listening on the port 3000
2023-04-19 15:35:22 info: =================================
2023-04-19 15:35:24 info: [0mPOST /post/cus_Nes05P2erB7zKg [32m201[0m 1508.328 ms - 202[0m
2023-04-19 15:36:04 info: =================================
2023-04-19 15:36:04 info: ======= ENV: development =======
2023-04-19 15:36:04 info: 🚀 App listening on the port 3000
2023-04-19 15:36:04 info: =================================
2023-04-19 15:36:12 info: [0mPOST /sellers/upload/identitycard/cus_Nes05P2erB7zKg [32m200[0m 46.279 ms - 2[0m
2023-04-19 15:36:41 info: =================================
2023-04-19 15:36:41 info: ======= ENV: development =======
2023-04-19 15:36:41 info: 🚀 App listening on the port 3000
2023-04-19 15:36:41 info: =================================
2023-04-19 15:36:46 info: =================================
2023-04-19 15:36:46 info: ======= ENV: development =======
2023-04-19 15:36:46 info: 🚀 App listening on the port 3000
2023-04-19 15:36:46 info: =================================
2023-04-19 15:36:49 info: =================================
2023-04-19 15:36:49 info: ======= ENV: development =======
2023-04-19 15:36:49 info: 🚀 App listening on the port 3000
2023-04-19 15:36:49 info: =================================
2023-04-19 15:37:11 info: =================================
2023-04-19 15:37:11 info: ======= ENV: development =======
2023-04-19 15:37:11 info: 🚀 App listening on the port 3000
2023-04-19 15:37:11 info: =================================
2023-04-19 15:37:11 info: [0mPOST /sellers/upload/identitycard/cus_Nes05P2erB7zKg [32m200[0m 44.773 ms - 2[0m
2023-04-19 15:37:56 info: =================================
2023-04-19 15:37:56 info: ======= ENV: development =======
2023-04-19 15:37:56 info: 🚀 App listening on the port 3000
2023-04-19 15:37:56 info: =================================
2023-04-19 15:38:02 info: =================================
2023-04-19 15:38:02 info: ======= ENV: development =======
2023-04-19 15:38:02 info: 🚀 App listening on the port 3000
2023-04-19 15:38:02 info: =================================
2023-04-19 15:38:14 info: =================================
2023-04-19 15:38:14 info: ======= ENV: development =======
2023-04-19 15:38:14 info: 🚀 App listening on the port 3000
2023-04-19 15:38:14 info: =================================
2023-04-19 15:38:27 info: =================================
2023-04-19 15:38:27 info: ======= ENV: development =======
2023-04-19 15:38:27 info: 🚀 App listening on the port 3000
2023-04-19 15:38:27 info: =================================
2023-04-19 15:42:16 info: [0mPOST /sellers/upload/identitycard/cus_Nes05P2erB7zKg [32m200[0m 52.200 ms - 2[0m
2023-04-19 15:42:31 info: =================================
2023-04-19 15:42:31 info: ======= ENV: development =======
2023-04-19 15:42:31 info: 🚀 App listening on the port 3000
2023-04-19 15:42:31 info: =================================
2023-04-19 15:42:33 info: [0mPOST /sellers/upload/identitycard/cus_Nes05P2erB7zKg [32m200[0m 45.496 ms - 2[0m
2023-04-19 15:43:28 info: =================================
2023-04-19 15:43:28 info: ======= ENV: development =======
2023-04-19 15:43:28 info: 🚀 App listening on the port 3000
2023-04-19 15:43:28 info: =================================
2023-04-19 15:43:32 info: =================================
2023-04-19 15:43:32 info: ======= ENV: development =======
2023-04-19 15:43:32 info: 🚀 App listening on the port 3000
2023-04-19 15:43:32 info: =================================
2023-04-19 15:43:38 info: =================================
2023-04-19 15:43:38 info: ======= ENV: development =======
2023-04-19 15:43:38 info: 🚀 App listening on the port 3000
2023-04-19 15:43:38 info: =================================
2023-04-19 15:43:41 info: =================================
2023-04-19 15:43:41 info: ======= ENV: development =======
2023-04-19 15:43:41 info: 🚀 App listening on the port 3000
2023-04-19 15:43:41 info: =================================
2023-04-19 15:43:49 info: =================================
2023-04-19 15:43:49 info: ======= ENV: development =======
2023-04-19 15:43:49 info: 🚀 App listening on the port 3000
2023-04-19 15:43:49 info: =================================
2023-04-19 15:43:53 info: =================================
2023-04-19 15:43:53 info: ======= ENV: development =======
2023-04-19 15:43:53 info: 🚀 App listening on the port 3000
2023-04-19 15:43:53 info: =================================
2023-04-19 15:43:57 info: [0mPOST /sellers/upload/identitycard/cus_Nes05P2erB7zKg [32m200[0m 45.852 ms - 2[0m
2023-04-19 15:44:28 info: =================================
2023-04-19 15:44:28 info: ======= ENV: development =======
2023-04-19 15:44:28 info: 🚀 App listening on the port 3000
2023-04-19 15:44:28 info: =================================
2023-04-19 15:44:32 info: =================================
2023-04-19 15:44:32 info: ======= ENV: development =======
2023-04-19 15:44:32 info: 🚀 App listening on the port 3000
2023-04-19 15:44:32 info: =================================
2023-04-19 15:44:38 info: =================================
2023-04-19 15:44:38 info: ======= ENV: development =======
2023-04-19 15:44:38 info: 🚀 App listening on the port 3000
2023-04-19 15:44:38 info: =================================
2023-04-19 15:44:38 info: [0mPOST /sellers/upload/identitycard/cus_Nes05P2erB7zKg [32m200[0m 44.176 ms - 2[0m
2023-04-19 15:45:50 info: =================================
2023-04-19 15:45:50 info: ======= ENV: development =======
2023-04-19 15:45:50 info: 🚀 App listening on the port 3000
2023-04-19 15:45:50 info: =================================
2023-04-19 15:45:59 info: =================================
2023-04-19 15:45:59 info: ======= ENV: development =======
2023-04-19 15:45:59 info: 🚀 App listening on the port 3000
2023-04-19 15:45:59 info: =================================
2023-04-19 15:46:09 info: [0mPOST /sellers/upload/identitycard/cus_Nes05P2erB7zKg [32m200[0m 46.452 ms - 2[0m
2023-04-19 15:46:23 info: =================================
2023-04-19 15:46:23 info: ======= ENV: development =======
2023-04-19 15:46:23 info: 🚀 App listening on the port 3000
2023-04-19 15:46:23 info: =================================
2023-04-19 15:46:27 info: =================================
2023-04-19 15:46:27 info: ======= ENV: development =======
2023-04-19 15:46:27 info: 🚀 App listening on the port 3000
2023-04-19 15:46:27 info: =================================
2023-04-19 15:46:46 info: =================================
2023-04-19 15:46:46 info: ======= ENV: development =======
2023-04-19 15:46:46 info: 🚀 App listening on the port 3000
2023-04-19 15:46:46 info: =================================
2023-04-19 15:46:50 info: =================================
2023-04-19 15:46:50 info: ======= ENV: development =======
2023-04-19 15:46:50 info: 🚀 App listening on the port 3000
2023-04-19 15:46:50 info: =================================
2023-04-19 15:46:53 info: [0mPOST /sellers/upload/identitycard/cus_Nes05P2erB7zKg [32m200[0m 46.572 ms - 2[0m
2023-04-19 15:49:26 info: =================================
2023-04-19 15:49:26 info: ======= ENV: development =======
2023-04-19 15:49:26 info: 🚀 App listening on the port 3000
2023-04-19 15:49:26 info: =================================
2023-04-19 15:49:29 info: [0mPOST /sellers/upload/identitycard/cus_Nes05P2erB7zKg [32m200[0m 45.502 ms - 2[0m
2023-04-19 15:50:04 info: =================================
2023-04-19 15:50:04 info: ======= ENV: development =======
2023-04-19 15:50:04 info: 🚀 App listening on the port 3000
2023-04-19 15:50:04 info: =================================
2023-04-19 15:50:13 info: =================================
2023-04-19 15:50:13 info: ======= ENV: development =======
2023-04-19 15:50:13 info: 🚀 App listening on the port 3000
2023-04-19 15:50:13 info: =================================
2023-04-19 15:50:20 info: =================================
2023-04-19 15:50:20 info: ======= ENV: development =======
2023-04-19 15:50:20 info: 🚀 App listening on the port 3000
2023-04-19 15:50:20 info: =================================
2023-04-19 15:50:22 info: [0mPOST /sellers/upload/identitycard/cus_Nes05P2erB7zKg [32m200[0m 44.947 ms - 2[0m
2023-04-19 15:50:46 info: =================================
2023-04-19 15:50:46 info: ======= ENV: development =======
2023-04-19 15:50:46 info: 🚀 App listening on the port 3000
2023-04-19 15:50:46 info: =================================
2023-04-19 15:50:48 info: [0mPOST /sellers/upload/identitycard/cus_Nes05P2erB7zKg [32m200[0m 54.622 ms - 2[0m
2023-04-19 15:50:57 info: =================================
2023-04-19 15:50:57 info: ======= ENV: development =======
2023-04-19 15:50:57 info: 🚀 App listening on the port 3000
2023-04-19 15:50:57 info: =================================
2023-04-19 15:52:34 info: [0mPOST /sellers/upload/identitycard/cus_Nes05P2erB7zKg [32m200[0m 10.347 ms - 2[0m
2023-04-19 15:53:13 info: =================================
2023-04-19 15:53:13 info: ======= ENV: development =======
2023-04-19 15:53:13 info: 🚀 App listening on the port 3000
2023-04-19 15:53:13 info: =================================
2023-04-19 15:53:18 info: =================================
2023-04-19 15:53:18 info: ======= ENV: development =======
2023-04-19 15:53:18 info: 🚀 App listening on the port 3000
2023-04-19 15:53:18 info: =================================
2023-04-19 15:53:21 info: [0mPOST /sellers/upload/identitycard/cus_Nes05P2erB7zKg [32m200[0m 10.444 ms - 2[0m
2023-04-19 15:54:52 info: =================================
2023-04-19 15:54:52 info: ======= ENV: development =======
2023-04-19 15:54:52 info: 🚀 App listening on the port 3000
2023-04-19 15:54:52 info: =================================
2023-04-19 15:55:00 info: [0mPOST /sellers/upload/identitycard/cus_Nes05P2erB7zKg [32m200[0m 12.665 ms - 2[0m
2023-04-19 15:55:13 info: [0mPOST /sellers/upload/identitycard/cus_Nes05P2erB7zKg [32m200[0m 47.354 ms - 2[0m
2023-04-19 15:55:24 info: =================================
2023-04-19 15:55:24 info: ======= ENV: development =======
2023-04-19 15:55:24 info: 🚀 App listening on the port 3000
2023-04-19 15:55:24 info: =================================
2023-04-19 15:55:30 info: =================================
2023-04-19 15:55:30 info: ======= ENV: development =======
2023-04-19 15:55:30 info: 🚀 App listening on the port 3000
2023-04-19 15:55:30 info: =================================
2023-04-19 16:08:32 info: [0mPOST /sellers/upload/identitycard/cus_Nes05P2erB7zKg [32m200[0m 50.264 ms - 2[0m
2023-04-19 16:09:10 info: [0mPOST /post/cus_Nes05P2erB7zKg [32m201[0m 1339.603 ms - 202[0m
2023-04-19 16:09:50 info: [0mPOST /sellers/upload/identitycard/cus_Nes05P2erB7zKg [32m200[0m 6.164 ms - 2[0m
2023-04-19 16:10:13 info: [0mPOST /sellers/upload/identitycard/cus_Nes05P2erB7zKg [32m200[0m 5.482 ms - 2[0m
2023-04-19 16:10:23 info: [0mPOST /post/cus_Nes05P2erB7zKg [32m201[0m 1066.676 ms - 202[0m
2023-04-19 16:10:48 info: [0mPOST /buyets/buyers/buy/cus_NertcEpcd14idq [33m404[0m 2.004 ms - 176[0m
2023-04-19 16:10:59 info: [0mPOST /buyets/buyers/buy/cus_NertcEpcd14idq [33m404[0m 0.708 ms - 176[0m
2023-04-19 16:11:47 info: [0mPOST /buy/cus_NertcEpcd14idq [33m404[0m 0.789 ms - 162[0m
2023-04-19 16:12:21 info: [0mPOST /users/buy/cus_NertcEpcd14idq [32m200[0m 1069.170 ms - -[0m
2023-04-19 16:19:50 info: [0mGET / [32m200[0m 1.048 ms - 2[0m
2023-04-19 16:19:50 info: [0mGET /favicon.ico [33m404[0m 0.950 ms - 150[0m
2023-04-19 16:20:08 info: [0mGET /webhook [33m404[0m 0.678 ms - 146[0m
2023-04-19 16:21:09 info: =================================
2023-04-19 16:21:09 info: ======= ENV: development =======
2023-04-19 16:21:09 info: 🚀 App listening on the port 3000
2023-04-19 16:21:09 info: =================================
2023-04-19 16:21:12 info: =================================
2023-04-19 16:21:12 info: ======= ENV: development =======
2023-04-19 16:21:12 info: 🚀 App listening on the port 3000
2023-04-19 16:21:12 info: =================================
2023-04-19 16:21:21 info: [0mPOST /users/buy/cus_NertcEpcd14idq [32m200[0m 1159.802 ms - -[0m
2023-04-19 16:23:13 info: [0mPOST /users/buy/cus_NertcEpcd14idq [32m200[0m 1062.677 ms - -[0m
2023-04-19 16:24:44 info: =================================
2023-04-19 16:24:44 info: ======= ENV: development =======
2023-04-19 16:24:44 info: 🚀 App listening on the port 3000
2023-04-19 16:24:44 info: =================================
2023-04-19 16:27:17 info: [0mPOST /users/buy/cus_NertcEpcd14idq [32m200[0m 1111.264 ms - -[0m
2023-04-19 16:35:11 info: [0mPOST /users/buy/cus_NertcEpcd14idq [32m200[0m 1074.840 ms - -[0m
2023-04-19 16:37:09 info: [0mPOST /users/buy/cus_NertcEpcd14idq [32m200[0m 1095.699 ms - -[0m
2023-04-19 16:38:41 info: [0mPOST /users/buy/cus_NertcEpcd14idq [32m200[0m 1208.590 ms - -[0m
2023-04-19 16:41:35 info: =================================
2023-04-19 16:41:35 info: ======= ENV: development =======
2023-04-19 16:41:35 info: 🚀 App listening on the port 3000
2023-04-19 16:41:35 info: =================================
2023-04-19 16:44:31 info: [0mPOST /users/buy/cus_NertcEpcd14idq [32m200[0m 1120.456 ms - -[0m
2023-04-19 16:45:39 info: [0mPOST /users/buy/cus_NertcEpcd14idq [32m200[0m 845.451 ms - -[0m
2023-04-19 16:46:42 info: =================================
2023-04-19 16:46:42 info: ======= ENV: development =======
2023-04-19 16:46:42 info: 🚀 App listening on the port 3000
2023-04-19 16:46:42 info: =================================
2023-04-19 16:46:56 info: =================================
2023-04-19 16:46:56 info: ======= ENV: development =======
2023-04-19 16:46:56 info: 🚀 App listening on the port 3000
2023-04-19 16:46:56 info: =================================
2023-04-19 16:47:05 info: [0mPOST /users/buy/cus_NertcEpcd14idq [32m200[0m 1167.156 ms - -[0m
2023-04-19 16:49:52 info: =================================
2023-04-19 16:49:52 info: ======= ENV: development =======
2023-04-19 16:49:52 info: 🚀 App listening on the port 3000
2023-04-19 16:49:52 info: =================================
2023-04-19 16:50:27 info: [0mPOST /users/buy/cus_NertcEpcd14idq [32m200[0m 1174.987 ms - -[0m
2023-04-19 16:53:02 info: [0mPOST /users/buy/cus_NertcEpcd14idq [32m200[0m 1037.874 ms - -[0m
2023-04-19 16:54:06 info: [0mPOST /users/buy/cus_NertcEpcd14idq [32m200[0m 829.320 ms - -[0m
2023-04-19 16:57:37 info: [0mPOST /users/buy/cus_NertcEpcd14idq [32m200[0m 1053.064 ms - -[0m
2023-04-19 17:04:05 info: =================================
2023-04-19 17:04:05 info: ======= ENV: development =======
2023-04-19 17:04:05 info: 🚀 App listening on the port 3000
2023-04-19 17:04:05 info: =================================
2023-04-19 17:04:57 info: [0mPOST /users/buy/cus_NertcEpcd14idq [32m200[0m 1145.094 ms - -[0m
2023-04-19 17:05:09 info: [0mPOST / [33m404[0m 2.010 ms - 140[0m
2023-04-19 17:05:10 info: [0mPOST / [33m404[0m 1.218 ms - 140[0m
2023-04-19 17:05:10 info: [0mPOST / [33m404[0m 0.634 ms - 140[0m
2023-04-19 17:05:24 info: [0mPOST / [33m404[0m 0.689 ms - 140[0m
2023-04-19 17:05:24 info: [0mPOST / [33m404[0m 1.365 ms - 140[0m
2023-04-19 17:05:26 info: [0mPOST / [33m404[0m 0.599 ms - 140[0m
2023-04-19 17:06:01 info: [0mPOST /users/buy/cus_NertcEpcd14idq [32m200[0m 930.165 ms - -[0m
2023-04-19 17:08:39 info: =================================
2023-04-19 17:08:39 info: ======= ENV: development =======
2023-04-19 17:08:39 info: 🚀 App listening on the port 3000
2023-04-19 17:08:39 info: =================================
2023-04-19 17:08:45 info: =================================
2023-04-19 17:08:45 info: ======= ENV: development =======
2023-04-19 17:08:45 info: 🚀 App listening on the port 3000
2023-04-19 17:08:45 info: =================================
2023-04-19 17:08:48 info: =================================
2023-04-19 17:08:48 info: ======= ENV: development =======
2023-04-19 17:08:48 info: 🚀 App listening on the port 3000
2023-04-19 17:08:48 info: =================================
2023-04-19 17:09:23 info: =================================
2023-04-19 17:09:23 info: ======= ENV: development =======
2023-04-19 17:09:23 info: 🚀 App listening on the port 3000
2023-04-19 17:09:23 info: =================================
2023-04-19 17:09:30 info: =================================
2023-04-19 17:09:30 info: ======= ENV: development =======
2023-04-19 17:09:30 info: 🚀 App listening on the port 3000
2023-04-19 17:09:30 info: =================================
2023-04-19 17:09:34 info: =================================
2023-04-19 17:09:34 info: ======= ENV: development =======
2023-04-19 17:09:34 info: 🚀 App listening on the port 3000
2023-04-19 17:09:34 info: =================================
2023-04-19 17:11:00 info: =================================
2023-04-19 17:11:00 info: ======= ENV: development =======
2023-04-19 17:11:00 info: 🚀 App listening on the port 3000
2023-04-19 17:11:00 info: =================================
2023-04-19 17:11:07 info: [0mPOST /users/buy/cus_NertcEpcd14idq [32m200[0m 1079.870 ms - -[0m
2023-04-19 17:13:01 info: =================================
2023-04-19 17:13:01 info: ======= ENV: development =======
2023-04-19 17:13:01 info: 🚀 App listening on the port 3000
2023-04-19 17:13:01 info: =================================
2023-04-19 17:13:07 info: =================================
2023-04-19 17:13:07 info: ======= ENV: development =======
2023-04-19 17:13:07 info: 🚀 App listening on the port 3000
2023-04-19 17:13:07 info: =================================
2023-04-19 17:16:22 info: =================================
2023-04-19 17:16:22 info: ======= ENV: development =======
2023-04-19 17:16:22 info: 🚀 App listening on the port 3000
2023-04-19 17:16:22 info: =================================
2023-04-19 17:16:26 info: =================================
2023-04-19 17:16:26 info: ======= ENV: development =======
2023-04-19 17:16:26 info: 🚀 App listening on the port 3000
2023-04-19 17:16:26 info: =================================
2023-04-19 17:16:37 info: =================================
2023-04-19 17:16:37 info: ======= ENV: development =======
2023-04-19 17:16:37 info: 🚀 App listening on the port 3000
2023-04-19 17:16:37 info: =================================
2023-04-19 17:16:40 info: =================================
2023-04-19 17:16:40 info: ======= ENV: development =======
2023-04-19 17:16:40 info: 🚀 App listening on the port 3000
2023-04-19 17:16:40 info: =================================
2023-04-19 17:16:47 info: =================================
2023-04-19 17:16:47 info: ======= ENV: development =======
2023-04-19 17:16:47 info: 🚀 App listening on the port 3000
2023-04-19 17:16:47 info: =================================
2023-04-19 17:16:54 info: =================================
2023-04-19 17:16:54 info: ======= ENV: development =======
2023-04-19 17:16:54 info: 🚀 App listening on the port 3000
2023-04-19 17:16:54 info: =================================
2023-04-19 17:16:57 info: =================================
2023-04-19 17:16:57 info: ======= ENV: development =======
2023-04-19 17:16:57 info: 🚀 App listening on the port 3000
2023-04-19 17:16:57 info: =================================
2023-04-19 17:17:01 info: =================================
2023-04-19 17:17:01 info: ======= ENV: development =======
2023-04-19 17:17:01 info: 🚀 App listening on the port 3000
2023-04-19 17:17:01 info: =================================
2023-04-19 17:17:07 info: =================================
2023-04-19 17:17:07 info: ======= ENV: development =======
2023-04-19 17:17:07 info: 🚀 App listening on the port 3000
2023-04-19 17:17:07 info: =================================
2023-04-19 17:17:11 info: =================================
2023-04-19 17:17:11 info: ======= ENV: development =======
2023-04-19 17:17:11 info: 🚀 App listening on the port 3000
2023-04-19 17:17:11 info: =================================
2023-04-19 17:17:22 info: =================================
2023-04-19 17:17:22 info: ======= ENV: development =======
2023-04-19 17:17:22 info: 🚀 App listening on the port 3000
2023-04-19 17:17:22 info: =================================
2023-04-19 17:17:26 info: =================================
2023-04-19 17:17:26 info: ======= ENV: development =======
2023-04-19 17:17:26 info: 🚀 App listening on the port 3000
2023-04-19 17:17:26 info: =================================
2023-04-19 17:17:36 info: =================================
2023-04-19 17:17:36 info: ======= ENV: development =======
2023-04-19 17:17:36 info: 🚀 App listening on the port 3000
2023-04-19 17:17:36 info: =================================
2023-04-19 17:18:51 info: =================================
2023-04-19 17:18:51 info: ======= ENV: development =======
2023-04-19 17:18:51 info: 🚀 App listening on the port 3000
2023-04-19 17:18:51 info: =================================
2023-04-19 17:18:59 info: =================================
2023-04-19 17:18:59 info: ======= ENV: development =======
2023-04-19 17:18:59 info: 🚀 App listening on the port 3000
2023-04-19 17:18:59 info: =================================
2023-04-19 17:19:08 info: =================================
2023-04-19 17:19:08 info: ======= ENV: development =======
2023-04-19 17:19:08 info: 🚀 App listening on the port 3000
2023-04-19 17:19:08 info: =================================
2023-04-19 17:19:15 info: =================================
2023-04-19 17:19:15 info: ======= ENV: development =======
2023-04-19 17:19:15 info: 🚀 App listening on the port 3000
2023-04-19 17:19:15 info: =================================
2023-04-19 17:19:29 info: =================================
2023-04-19 17:19:29 info: ======= ENV: development =======
2023-04-19 17:19:29 info: 🚀 App listening on the port 3000
2023-04-19 17:19:29 info: =================================
2023-04-19 17:19:33 info: =================================
2023-04-19 17:19:33 info: ======= ENV: development =======
2023-04-19 17:19:33 info: 🚀 App listening on the port 3000
2023-04-19 17:19:33 info: =================================
2023-04-19 17:19:37 info: =================================
2023-04-19 17:19:37 info: ======= ENV: development =======
2023-04-19 17:19:37 info: 🚀 App listening on the port 3000
2023-04-19 17:19:37 info: =================================
2023-04-19 17:19:40 info: =================================
2023-04-19 17:19:40 info: ======= ENV: development =======
2023-04-19 17:19:40 info: 🚀 App listening on the port 3000
2023-04-19 17:19:40 info: =================================
2023-04-19 17:19:50 info: =================================
2023-04-19 17:19:50 info: ======= ENV: development =======
2023-04-19 17:19:50 info: 🚀 App listening on the port 3000
2023-04-19 17:19:50 info: =================================
2023-04-19 17:20:00 info: =================================
2023-04-19 17:20:00 info: ======= ENV: development =======
2023-04-19 17:20:00 info: 🚀 App listening on the port 3000
2023-04-19 17:20:00 info: =================================
2023-04-19 17:20:04 info: =================================
2023-04-19 17:20:04 info: ======= ENV: development =======
2023-04-19 17:20:04 info: 🚀 App listening on the port 3000
2023-04-19 17:20:04 info: =================================
2023-04-19 17:20:16 info: =================================
2023-04-19 17:20:16 info: ======= ENV: development =======
2023-04-19 17:20:16 info: 🚀 App listening on the port 3000
2023-04-19 17:20:16 info: =================================
2023-04-19 17:20:25 info: =================================
2023-04-19 17:20:25 info: ======= ENV: development =======
2023-04-19 17:20:25 info: 🚀 App listening on the port 3000
2023-04-19 17:20:25 info: =================================
2023-04-19 17:20:39 info: =================================
2023-04-19 17:20:39 info: ======= ENV: development =======
2023-04-19 17:20:39 info: 🚀 App listening on the port 3000
2023-04-19 17:20:39 info: =================================
2023-04-19 17:20:49 info: =================================
2023-04-19 17:20:49 info: ======= ENV: development =======
2023-04-19 17:20:49 info: 🚀 App listening on the port 3000
2023-04-19 17:20:49 info: =================================
2023-04-19 17:20:53 info: =================================
2023-04-19 17:20:53 info: ======= ENV: development =======
2023-04-19 17:20:53 info: 🚀 App listening on the port 3000
2023-04-19 17:20:53 info: =================================
2023-04-19 17:21:01 info: =================================
2023-04-19 17:21:01 info: ======= ENV: development =======
2023-04-19 17:21:01 info: 🚀 App listening on the port 3000
2023-04-19 17:21:01 info: =================================
2023-04-19 17:21:33 info: =================================
2023-04-19 17:21:33 info: ======= ENV: development =======
2023-04-19 17:21:33 info: 🚀 App listening on the port 3000
2023-04-19 17:21:33 info: =================================
2023-04-19 17:21:44 info: =================================
2023-04-19 17:21:44 info: ======= ENV: development =======
2023-04-19 17:21:44 info: 🚀 App listening on the port 3000
2023-04-19 17:21:44 info: =================================
2023-04-19 17:22:02 info: =================================
2023-04-19 17:22:02 info: ======= ENV: development =======
2023-04-19 17:22:02 info: 🚀 App listening on the port 3000
2023-04-19 17:22:02 info: =================================
2023-04-19 17:22:22 info: =================================
2023-04-19 17:22:22 info: ======= ENV: development =======
2023-04-19 17:22:22 info: 🚀 App listening on the port 3000
2023-04-19 17:22:22 info: =================================
2023-04-19 17:22:31 info: =================================
2023-04-19 17:22:31 info: ======= ENV: development =======
2023-04-19 17:22:31 info: 🚀 App listening on the port 3000
2023-04-19 17:22:31 info: =================================
2023-04-19 17:22:34 info: =================================
2023-04-19 17:22:34 info: ======= ENV: development =======
2023-04-19 17:22:34 info: 🚀 App listening on the port 3000
2023-04-19 17:22:34 info: =================================
2023-04-19 17:22:38 info: =================================
2023-04-19 17:22:38 info: ======= ENV: development =======
2023-04-19 17:22:38 info: 🚀 App listening on the port 3000
2023-04-19 17:22:38 info: =================================
2023-04-19 17:22:46 info: =================================
2023-04-19 17:22:46 info: ======= ENV: development =======
2023-04-19 17:22:46 info: 🚀 App listening on the port 3000
2023-04-19 17:22:46 info: =================================
2023-04-19 17:22:50 info: =================================
2023-04-19 17:22:50 info: ======= ENV: development =======
2023-04-19 17:22:50 info: 🚀 App listening on the port 3000
2023-04-19 17:22:50 info: =================================
2023-04-19 17:22:53 info: =================================
2023-04-19 17:22:53 info: ======= ENV: development =======
2023-04-19 17:22:53 info: 🚀 App listening on the port 3000
2023-04-19 17:22:53 info: =================================
2023-04-19 17:22:59 info: =================================
2023-04-19 17:22:59 info: ======= ENV: development =======
2023-04-19 17:22:59 info: 🚀 App listening on the port 3000
2023-04-19 17:22:59 info: =================================
2023-04-19 17:23:09 info: =================================
2023-04-19 17:23:09 info: ======= ENV: development =======
2023-04-19 17:23:09 info: 🚀 App listening on the port 3000
2023-04-19 17:23:09 info: =================================
2023-04-19 17:23:11 info: =================================
2023-04-19 17:23:11 info: ======= ENV: development =======
2023-04-19 17:23:11 info: 🚀 App listening on the port 3000
2023-04-19 17:23:11 info: =================================
2023-04-19 17:23:17 info: =================================
2023-04-19 17:23:17 info: ======= ENV: development =======
2023-04-19 17:23:17 info: 🚀 App listening on the port 3000
2023-04-19 17:23:17 info: =================================
2023-04-19 17:23:33 info: =================================
2023-04-19 17:23:33 info: ======= ENV: development =======
2023-04-19 17:23:33 info: 🚀 App listening on the port 3000
2023-04-19 17:23:33 info: =================================
2023-04-19 17:23:38 info: =================================
2023-04-19 17:23:38 info: ======= ENV: development =======
2023-04-19 17:23:38 info: 🚀 App listening on the port 3000
2023-04-19 17:23:38 info: =================================
2023-04-19 17:23:43 info: =================================
2023-04-19 17:23:43 info: ======= ENV: development =======
2023-04-19 17:23:43 info: 🚀 App listening on the port 3000
2023-04-19 17:23:43 info: =================================
2023-04-19 17:23:49 info: =================================
2023-04-19 17:23:49 info: ======= ENV: development =======
2023-04-19 17:23:49 info: 🚀 App listening on the port 3000
2023-04-19 17:23:49 info: =================================
2023-04-19 17:23:52 info: =================================
2023-04-19 17:23:52 info: ======= ENV: development =======
2023-04-19 17:23:52 info: 🚀 App listening on the port 3000
2023-04-19 17:23:52 info: =================================
2023-04-19 17:23:55 info: =================================
2023-04-19 17:23:55 info: ======= ENV: development =======
2023-04-19 17:23:55 info: 🚀 App listening on the port 3000
2023-04-19 17:23:55 info: =================================
2023-04-19 17:24:08 info: [0mPOST /users/buy/cus_NertcEpcd14idq [32m200[0m 776.650 ms - 2[0m
2023-04-19 17:26:45 info: =================================
2023-04-19 17:26:45 info: ======= ENV: development =======
2023-04-19 17:26:45 info: 🚀 App listening on the port 3000
2023-04-19 17:26:45 info: =================================
2023-04-19 17:26:47 info: [0mPOST /users/buy/cus_NertcEpcd14idq [32m200[0m 1170.505 ms - -[0m
2023-04-19 17:27:51 info: =================================
2023-04-19 17:27:51 info: ======= ENV: development =======
2023-04-19 17:27:51 info: 🚀 App listening on the port 3000
2023-04-19 17:27:51 info: =================================
2023-04-19 17:28:10 info: =================================
2023-04-19 17:28:10 info: ======= ENV: development =======
2023-04-19 17:28:10 info: 🚀 App listening on the port 3000
2023-04-19 17:28:10 info: =================================
2023-04-19 17:28:33 info: =================================
2023-04-19 17:28:33 info: ======= ENV: development =======
2023-04-19 17:28:33 info: 🚀 App listening on the port 3000
2023-04-19 17:28:33 info: =================================
2023-04-19 17:30:27 info: =================================
2023-04-19 17:30:27 info: ======= ENV: development =======
2023-04-19 17:30:27 info: 🚀 App listening on the port 3000
2023-04-19 17:30:27 info: =================================
2023-04-19 17:30:29 info: [0mPOST /users/buy/cus_NertcEpcd14idq [32m200[0m 1242.635 ms - -[0m
2023-04-19 17:31:18 info: =================================
2023-04-19 17:31:18 info: ======= ENV: development =======
2023-04-19 17:31:18 info: 🚀 App listening on the port 3000
2023-04-19 17:31:18 info: =================================
2023-04-19 17:31:38 info: =================================
2023-04-19 17:31:38 info: ======= ENV: development =======
2023-04-19 17:31:38 info: 🚀 App listening on the port 3000
2023-04-19 17:31:38 info: =================================
2023-04-19 17:31:42 info: =================================
2023-04-19 17:31:42 info: ======= ENV: development =======
2023-04-19 17:31:42 info: 🚀 App listening on the port 3000
2023-04-19 17:31:42 info: =================================
2023-04-19 17:33:02 info: =================================
2023-04-19 17:33:02 info: ======= ENV: development =======
2023-04-19 17:33:02 info: 🚀 App listening on the port 3000
2023-04-19 17:33:02 info: =================================
2023-04-19 17:34:16 info: =================================
2023-04-19 17:34:16 info: ======= ENV: development =======
2023-04-19 17:34:16 info: 🚀 App listening on the port 3000
2023-04-19 17:34:16 info: =================================
2023-04-19 17:35:03 info: =================================
2023-04-19 17:35:03 info: ======= ENV: development =======
2023-04-19 17:35:03 info: 🚀 App listening on the port 3000
2023-04-19 17:35:03 info: =================================
2023-04-19 17:35:15 info: =================================
2023-04-19 17:35:15 info: ======= ENV: development =======
2023-04-19 17:35:15 info: 🚀 App listening on the port 3000
2023-04-19 17:35:15 info: =================================
2023-04-19 17:35:50 info: =================================
2023-04-19 17:35:50 info: ======= ENV: development =======
2023-04-19 17:35:50 info: 🚀 App listening on the port 3000
2023-04-19 17:35:50 info: =================================
2023-04-19 17:35:55 info: =================================
2023-04-19 17:35:55 info: ======= ENV: development =======
2023-04-19 17:35:55 info: 🚀 App listening on the port 3000
2023-04-19 17:35:55 info: =================================
2023-04-19 17:35:58 info: =================================
2023-04-19 17:35:58 info: ======= ENV: development =======
2023-04-19 17:35:58 info: 🚀 App listening on the port 3000
2023-04-19 17:35:58 info: =================================
2023-04-19 17:36:11 info: =================================
2023-04-19 17:36:11 info: ======= ENV: development =======
2023-04-19 17:36:11 info: 🚀 App listening on the port 3000
2023-04-19 17:36:11 info: =================================
2023-04-19 17:36:13 info: =================================
2023-04-19 17:36:13 info: ======= ENV: development =======
2023-04-19 17:36:13 info: 🚀 App listening on the port 3000
2023-04-19 17:36:13 info: =================================
2023-04-19 17:36:28 info: =================================
2023-04-19 17:36:28 info: ======= ENV: development =======
2023-04-19 17:36:28 info: 🚀 App listening on the port 3000
2023-04-19 17:36:28 info: =================================
2023-04-19 17:38:25 info: =================================
2023-04-19 17:38:25 info: ======= ENV: development =======
2023-04-19 17:38:25 info: 🚀 App listening on the port 3000
2023-04-19 17:38:25 info: =================================
2023-04-19 17:39:03 info: =================================
2023-04-19 17:39:03 info: ======= ENV: development =======
2023-04-19 17:39:03 info: 🚀 App listening on the port 3000
2023-04-19 17:39:03 info: =================================
2023-04-19 17:39:08 info: =================================
2023-04-19 17:39:08 info: ======= ENV: development =======
2023-04-19 17:39:08 info: 🚀 App listening on the port 3000
2023-04-19 17:39:08 info: =================================
2023-04-19 17:39:14 info: =================================
2023-04-19 17:39:14 info: ======= ENV: development =======
2023-04-19 17:39:14 info: 🚀 App listening on the port 3000
2023-04-19 17:39:14 info: =================================
2023-04-19 17:39:16 info: =================================
2023-04-19 17:39:16 info: ======= ENV: development =======
2023-04-19 17:39:16 info: 🚀 App listening on the port 3000
2023-04-19 17:39:16 info: =================================
2023-04-19 17:39:28 info: [0mPOST /users/buy/cus_NertcEpcd14idq [32m200[0m 1291.111 ms - -[0m
2023-04-19 17:39:39 info: =================================
2023-04-19 17:39:39 info: ======= ENV: development =======
2023-04-19 17:39:39 info: 🚀 App listening on the port 3000
2023-04-19 17:39:39 info: =================================
2023-04-19 17:39:44 info: [0mPOST /users/buy/cus_NertcEpcd14idq [32m200[0m 1161.103 ms - -[0m
2023-04-19 17:40:09 info: =================================
2023-04-19 17:40:09 info: ======= ENV: development =======
2023-04-19 17:40:09 info: 🚀 App listening on the port 3000
2023-04-19 17:40:09 info: =================================
2023-04-19 17:40:25 info: =================================
2023-04-19 17:40:25 info: ======= ENV: development =======
2023-04-19 17:40:25 info: 🚀 App listening on the port 3000
2023-04-19 17:40:25 info: =================================
2023-04-19 17:40:28 info: =================================
2023-04-19 17:40:28 info: ======= ENV: development =======
2023-04-19 17:40:28 info: 🚀 App listening on the port 3000
2023-04-19 17:40:28 info: =================================
2023-04-19 17:40:30 info: [0mPOST /users/buy/cus_NertcEpcd14idq [32m200[0m 1128.972 ms - -[0m
2023-04-19 17:40:39 info: =================================
2023-04-19 17:40:39 info: ======= ENV: development =======
2023-04-19 17:40:39 info: 🚀 App listening on the port 3000
2023-04-19 17:40:39 info: =================================
2023-04-19 17:40:47 info: =================================
2023-04-19 17:40:47 info: ======= ENV: development =======
2023-04-19 17:40:47 info: 🚀 App listening on the port 3000
2023-04-19 17:40:47 info: =================================
2023-04-19 17:40:50 info: [0mPOST /users/buy/cus_NertcEpcd14idq [32m200[0m 1206.994 ms - -[0m
2023-04-19 17:41:14 info: =================================
2023-04-19 17:41:14 info: ======= ENV: development =======
2023-04-19 17:41:14 info: 🚀 App listening on the port 3000
2023-04-19 17:41:14 info: =================================
2023-04-19 17:41:18 info: =================================
2023-04-19 17:41:18 info: ======= ENV: development =======
2023-04-19 17:41:18 info: 🚀 App listening on the port 3000
2023-04-19 17:41:18 info: =================================
2023-04-19 17:41:24 info: =================================
2023-04-19 17:41:24 info: ======= ENV: development =======
2023-04-19 17:41:24 info: 🚀 App listening on the port 3000
2023-04-19 17:41:24 info: =================================
2023-04-19 17:41:44 info: =================================
2023-04-19 17:41:44 info: ======= ENV: development =======
2023-04-19 17:41:44 info: 🚀 App listening on the port 3000
2023-04-19 17:41:44 info: =================================
2023-04-19 17:41:46 info: [0mPOST /users/buy/cus_NertcEpcd14idq [32m200[0m 1240.905 ms - -[0m
2023-04-19 17:44:29 info: =================================
2023-04-19 17:44:29 info: ======= ENV: development =======
2023-04-19 17:44:29 info: 🚀 App listening on the port 3000
2023-04-19 17:44:29 info: =================================
2023-04-19 17:52:38 info: =================================
2023-04-19 17:52:38 info: ======= ENV: development =======
2023-04-19 17:52:38 info: 🚀 App listening on the port 3000
2023-04-19 17:52:38 info: =================================
2023-04-19 17:52:48 info: =================================
2023-04-19 17:52:48 info: ======= ENV: development =======
2023-04-19 17:52:48 info: 🚀 App listening on the port 3000
2023-04-19 17:52:48 info: =================================
2023-04-19 17:52:53 info: =================================
2023-04-19 17:52:53 info: ======= ENV: development =======
2023-04-19 17:52:53 info: 🚀 App listening on the port 3000
2023-04-19 17:52:53 info: =================================
2023-04-19 17:53:51 info: =================================
2023-04-19 17:53:51 info: ======= ENV: development =======
2023-04-19 17:53:51 info: 🚀 App listening on the port 3000
2023-04-19 17:53:51 info: =================================
2023-04-19 17:54:19 info: =================================
2023-04-19 17:54:19 info: ======= ENV: development =======
2023-04-19 17:54:19 info: 🚀 App listening on the port 3000
2023-04-19 17:54:19 info: =================================
2023-04-19 17:54:22 info: =================================
2023-04-19 17:54:22 info: ======= ENV: development =======
2023-04-19 17:54:22 info: 🚀 App listening on the port 3000
2023-04-19 17:54:22 info: =================================
2023-04-19 17:54:30 info: =================================
2023-04-19 17:54:30 info: ======= ENV: development =======
2023-04-19 17:54:30 info: 🚀 App listening on the port 3000
2023-04-19 17:54:30 info: =================================
2023-04-19 17:54:37 info: =================================
2023-04-19 17:54:37 info: ======= ENV: development =======
2023-04-19 17:54:37 info: 🚀 App listening on the port 3000
2023-04-19 17:54:37 info: =================================
2023-04-19 17:54:44 info: =================================
2023-04-19 17:54:44 info: ======= ENV: development =======
2023-04-19 17:54:44 info: 🚀 App listening on the port 3000
2023-04-19 17:54:44 info: =================================
2023-04-19 17:54:48 info: =================================
2023-04-19 17:54:48 info: ======= ENV: development =======
2023-04-19 17:54:48 info: 🚀 App listening on the port 3000
2023-04-19 17:54:48 info: =================================
2023-04-19 17:55:00 info: =================================
2023-04-19 17:55:00 info: ======= ENV: development =======
2023-04-19 17:55:00 info: 🚀 App listening on the port 3000
2023-04-19 17:55:00 info: =================================
2023-04-19 17:55:09 info: =================================
2023-04-19 17:55:09 info: ======= ENV: development =======
2023-04-19 17:55:09 info: 🚀 App listening on the port 3000
2023-04-19 17:55:09 info: =================================
2023-04-19 17:55:14 info: =================================
2023-04-19 17:55:14 info: ======= ENV: development =======
2023-04-19 17:55:14 info: 🚀 App listening on the port 3000
2023-04-19 17:55:14 info: =================================
2023-04-19 17:55:35 info: =================================
2023-04-19 17:55:35 info: ======= ENV: development =======
2023-04-19 17:55:35 info: 🚀 App listening on the port 3000
2023-04-19 17:55:35 info: =================================
2023-04-19 17:55:38 info: =================================
2023-04-19 17:55:38 info: ======= ENV: development =======
2023-04-19 17:55:38 info: 🚀 App listening on the port 3000
2023-04-19 17:55:38 info: =================================
2023-04-19 17:55:40 info: [0mPOST /users/buy/cus_NertcEpcd14idq [32m200[0m 453.171 ms - 2[0m
2023-04-19 17:55:53 info: =================================
2023-04-19 17:55:53 info: ======= ENV: development =======
2023-04-19 17:55:53 info: 🚀 App listening on the port 3000
2023-04-19 17:55:53 info: =================================
2023-04-19 17:55:56 info: [0mPOST /users/buy/cus_NertcEpcd14idq [32m200[0m 1207.162 ms - -[0m
2023-04-19 17:56:12 info: =================================
2023-04-19 17:56:12 info: ======= ENV: development =======
2023-04-19 17:56:12 info: 🚀 App listening on the port 3000
2023-04-19 17:56:12 info: =================================
2023-04-19 17:56:16 info: [0mPOST /users/buy/cus_NertcEpcd14idq [32m200[0m 1358.603 ms - -[0m
2023-04-19 17:56:44 info: =================================
2023-04-19 17:56:44 info: ======= ENV: development =======
2023-04-19 17:56:44 info: 🚀 App listening on the port 3000
2023-04-19 17:56:44 info: =================================
2023-04-19 17:56:48 info: =================================
2023-04-19 17:56:48 info: ======= ENV: development =======
2023-04-19 17:56:48 info: 🚀 App listening on the port 3000
2023-04-19 17:56:48 info: =================================
2023-04-19 17:56:56 info: =================================
2023-04-19 17:56:56 info: ======= ENV: development =======
2023-04-19 17:56:56 info: 🚀 App listening on the port 3000
2023-04-19 17:56:56 info: =================================
2023-04-19 17:57:22 info: =================================
2023-04-19 17:57:22 info: ======= ENV: development =======
2023-04-19 17:57:22 info: 🚀 App listening on the port 3000
2023-04-19 17:57:22 info: =================================
2023-04-19 17:57:24 info: [0mPOST /users/buy/cus_NertcEpcd14idq [32m200[0m 481.059 ms - 2[0m
2023-04-19 17:57:37 info: =================================
2023-04-19 17:57:37 info: ======= ENV: development =======
2023-04-19 17:57:37 info: 🚀 App listening on the port 3000
2023-04-19 17:57:37 info: =================================
2023-04-19 17:57:42 info: =================================
2023-04-19 17:57:42 info: ======= ENV: development =======
2023-04-19 17:57:42 info: 🚀 App listening on the port 3000
2023-04-19 17:57:42 info: =================================
2023-04-19 17:58:01 info: =================================
2023-04-19 17:58:01 info: ======= ENV: development =======
2023-04-19 17:58:01 info: 🚀 App listening on the port 3000
2023-04-19 17:58:01 info: =================================
2023-04-19 17:58:03 info: [0mPOST /users/buy/cus_NertcEpcd14idq [32m200[0m 1384.840 ms - -[0m
2023-04-19 17:58:31 info: =================================
2023-04-19 17:58:31 info: ======= ENV: development =======
2023-04-19 17:58:31 info: 🚀 App listening on the port 3000
2023-04-19 17:58:31 info: =================================
2023-04-19 17:58:58 info: =================================
2023-04-19 17:58:58 info: ======= ENV: development =======
2023-04-19 17:58:58 info: 🚀 App listening on the port 3000
2023-04-19 17:58:58 info: =================================
2023-04-19 17:59:01 info: =================================
2023-04-19 17:59:01 info: ======= ENV: development =======
2023-04-19 17:59:01 info: 🚀 App listening on the port 3000
2023-04-19 17:59:01 info: =================================
2023-04-19 17:59:27 info: [0mPOST /users/buy/cus_NertcEpcd14idq [32m200[0m 811.947 ms - 2[0m
2023-04-19 18:00:19 info: =================================
2023-04-19 18:00:19 info: ======= ENV: development =======
2023-04-19 18:00:19 info: 🚀 App listening on the port 3000
2023-04-19 18:00:19 info: =================================
2023-04-19 18:00:39 info: =================================
2023-04-19 18:00:39 info: ======= ENV: development =======
2023-04-19 18:00:39 info: 🚀 App listening on the port 3000
2023-04-19 18:00:39 info: =================================
2023-04-19 18:00:41 info: [0mPOST /users/buy/cus_NertcEpcd14idq [32m200[0m 1412.346 ms - -[0m
2023-04-19 18:02:21 info: =================================
2023-04-19 18:02:21 info: ======= ENV: development =======
2023-04-19 18:02:21 info: 🚀 App listening on the port 3000
2023-04-19 18:02:21 info: =================================
2023-04-19 18:03:01 info: =================================
2023-04-19 18:03:01 info: ======= ENV: development =======
2023-04-19 18:03:01 info: 🚀 App listening on the port 3000
2023-04-19 18:03:01 info: =================================
2023-04-19 18:03:18 info: =================================
2023-04-19 18:03:18 info: ======= ENV: development =======
2023-04-19 18:03:18 info: 🚀 App listening on the port 3000
2023-04-19 18:03:18 info: =================================
2023-04-19 18:03:27 info: =================================
2023-04-19 18:03:27 info: ======= ENV: development =======
2023-04-19 18:03:27 info: 🚀 App listening on the port 3000
2023-04-19 18:03:27 info: =================================
2023-04-19 18:03:49 info: [0mPOST /users/buy/cus_NertcEpcd14idq [32m200[0m 1024.308 ms - 2[0m
2023-04-19 18:05:08 info: =================================
2023-04-19 18:05:08 info: ======= ENV: development =======
2023-04-19 18:05:08 info: 🚀 App listening on the port 3000
2023-04-19 18:05:08 info: =================================
2023-04-19 18:07:14 info: =================================
2023-04-19 18:07:14 info: ======= ENV: development =======
2023-04-19 18:07:14 info: 🚀 App listening on the port 3000
2023-04-19 18:07:14 info: =================================
