2023-04-26 11:40:13 info: =================================
2023-04-26 11:40:13 info: ======= ENV: development =======
2023-04-26 11:40:13 info: 🚀 App listening on the port 3000
2023-04-26 11:40:13 info: =================================
2023-04-26 11:40:18 info: =================================
2023-04-26 11:40:18 info: ======= ENV: development =======
2023-04-26 11:40:18 info: 🚀 App listening on the port 3000
2023-04-26 11:40:18 info: =================================
2023-04-26 11:42:13 info: [0mPOST /sellers/upload/identitycard/cus_NmLXh0ms2IoGSe [0m-[0m - ms - -[0m
2023-04-26 11:44:35 info: [0mPOST /users/upload/avatar/cus_NmLXh0ms2IoGSe [32m200[0m 766.608 ms - 2[0m
2023-04-26 11:45:12 info: =================================
2023-04-26 11:45:12 info: ======= ENV: development =======
2023-04-26 11:45:12 info: 🚀 App listening on the port 3000
2023-04-26 11:45:12 info: =================================
2023-04-26 11:45:50 info: =================================
2023-04-26 11:45:50 info: ======= ENV: development =======
2023-04-26 11:45:50 info: 🚀 App listening on the port 3000
2023-04-26 11:45:50 info: =================================
2023-04-26 11:46:00 info: =================================
2023-04-26 11:46:00 info: ======= ENV: development =======
2023-04-26 11:46:00 info: 🚀 App listening on the port 3000
2023-04-26 11:46:00 info: =================================
2023-04-26 11:46:08 info: =================================
2023-04-26 11:46:08 info: ======= ENV: development =======
2023-04-26 11:46:08 info: 🚀 App listening on the port 3000
2023-04-26 11:46:08 info: =================================
2023-04-26 11:46:11 info: =================================
2023-04-26 11:46:11 info: ======= ENV: development =======
2023-04-26 11:46:11 info: 🚀 App listening on the port 3000
2023-04-26 11:46:11 info: =================================
2023-04-26 11:46:20 info: =================================
2023-04-26 11:46:20 info: ======= ENV: development =======
2023-04-26 11:46:20 info: 🚀 App listening on the port 3000
2023-04-26 11:46:20 info: =================================
2023-04-26 11:46:59 info: [0mPOST /sellers/upload/identitycard/cus_NmLXh0ms2IoGSe [0m-[0m - ms - -[0m
2023-04-26 11:47:33 info: =================================
2023-04-26 11:47:33 info: ======= ENV: development =======
2023-04-26 11:47:33 info: 🚀 App listening on the port 3000
2023-04-26 11:47:33 info: =================================
2023-04-26 11:47:38 error: [POST] /sellers/upload/identitycard/cus_NmLXh0ms2IoGSe >> StatusCode:: 401, Message:: frontSide too large
2023-04-26 11:47:38 info: [0mPOST /sellers/upload/identitycard/cus_NmLXh0ms2IoGSe [33m401[0m 1753.237 ms - 33[0m
2023-04-26 11:48:09 error: [POST] /sellers/upload/identitycard/cus_NmLXh0ms2IoGSe >> StatusCode:: 401, Message:: frontSide,backSide too large
2023-04-26 11:48:09 info: [0mPOST /sellers/upload/identitycard/cus_NmLXh0ms2IoGSe [33m401[0m 3643.926 ms - 42[0m
2023-04-26 11:48:40 info: =================================
2023-04-26 11:48:40 info: ======= ENV: development =======
2023-04-26 11:48:40 info: 🚀 App listening on the port 3000
2023-04-26 11:48:40 info: =================================
2023-04-26 11:50:35 info: =================================
2023-04-26 11:50:35 info: ======= ENV: development =======
2023-04-26 11:50:35 info: 🚀 App listening on the port 3000
2023-04-26 11:50:35 info: =================================
2023-04-26 11:50:49 info: =================================
2023-04-26 11:50:49 info: ======= ENV: development =======
2023-04-26 11:50:49 info: 🚀 App listening on the port 3000
2023-04-26 11:50:49 info: =================================
2023-04-26 11:50:54 info: =================================
2023-04-26 11:50:54 info: ======= ENV: development =======
2023-04-26 11:50:54 info: 🚀 App listening on the port 3000
2023-04-26 11:50:54 info: =================================
2023-04-26 11:51:01 info: =================================
2023-04-26 11:51:01 info: ======= ENV: development =======
2023-04-26 11:51:01 info: 🚀 App listening on the port 3000
2023-04-26 11:51:01 info: =================================
2023-04-26 11:51:06 info: =================================
2023-04-26 11:51:06 info: ======= ENV: development =======
2023-04-26 11:51:06 info: 🚀 App listening on the port 3000
2023-04-26 11:51:06 info: =================================
2023-04-26 11:51:14 info: =================================
2023-04-26 11:51:14 info: ======= ENV: development =======
2023-04-26 11:51:14 info: 🚀 App listening on the port 3000
2023-04-26 11:51:14 info: =================================
2023-04-26 11:51:16 info: =================================
2023-04-26 11:51:16 info: ======= ENV: development =======
2023-04-26 11:51:16 info: 🚀 App listening on the port 3000
2023-04-26 11:51:16 info: =================================
2023-04-26 11:51:19 info: =================================
2023-04-26 11:51:19 info: ======= ENV: development =======
2023-04-26 11:51:19 info: 🚀 App listening on the port 3000
2023-04-26 11:51:19 info: =================================
2023-04-26 11:51:22 info: =================================
2023-04-26 11:51:22 info: ======= ENV: development =======
2023-04-26 11:51:22 info: 🚀 App listening on the port 3000
2023-04-26 11:51:22 info: =================================
2023-04-26 11:51:32 info: =================================
2023-04-26 11:51:32 info: ======= ENV: development =======
2023-04-26 11:51:32 info: 🚀 App listening on the port 3000
2023-04-26 11:51:32 info: =================================
2023-04-26 11:51:36 info: =================================
2023-04-26 11:51:36 info: ======= ENV: development =======
2023-04-26 11:51:36 info: 🚀 App listening on the port 3000
2023-04-26 11:51:36 info: =================================
2023-04-26 11:51:42 info: =================================
2023-04-26 11:51:42 info: ======= ENV: development =======
2023-04-26 11:51:42 info: 🚀 App listening on the port 3000
2023-04-26 11:51:42 info: =================================
2023-04-26 11:51:57 info: =================================
2023-04-26 11:51:57 info: ======= ENV: development =======
2023-04-26 11:51:57 info: 🚀 App listening on the port 3000
2023-04-26 11:51:57 info: =================================
2023-04-26 11:52:05 info: =================================
2023-04-26 11:52:05 info: ======= ENV: development =======
2023-04-26 11:52:05 info: 🚀 App listening on the port 3000
2023-04-26 11:52:05 info: =================================
2023-04-26 11:52:38 info: =================================
2023-04-26 11:52:38 info: ======= ENV: development =======
2023-04-26 11:52:38 info: 🚀 App listening on the port 3000
2023-04-26 11:52:38 info: =================================
2023-04-26 11:52:44 info: =================================
2023-04-26 11:52:44 info: ======= ENV: development =======
2023-04-26 11:52:44 info: 🚀 App listening on the port 3000
2023-04-26 11:52:44 info: =================================
2023-04-26 11:53:00 info: =================================
2023-04-26 11:53:00 info: ======= ENV: development =======
2023-04-26 11:53:00 info: 🚀 App listening on the port 3000
2023-04-26 11:53:00 info: =================================
2023-04-26 11:53:06 info: =================================
2023-04-26 11:53:06 info: ======= ENV: development =======
2023-04-26 11:53:06 info: 🚀 App listening on the port 3000
2023-04-26 11:53:06 info: =================================
2023-04-26 11:54:15 info: =================================
2023-04-26 11:54:15 info: ======= ENV: development =======
2023-04-26 11:54:15 info: 🚀 App listening on the port 3000
2023-04-26 11:54:15 info: =================================
2023-04-26 11:54:20 info: =================================
2023-04-26 11:54:20 info: ======= ENV: development =======
2023-04-26 11:54:20 info: 🚀 App listening on the port 3000
2023-04-26 11:54:20 info: =================================
2023-04-26 11:54:28 info: =================================
2023-04-26 11:54:28 info: ======= ENV: development =======
2023-04-26 11:54:28 info: 🚀 App listening on the port 3000
2023-04-26 11:54:28 info: =================================
2023-04-26 11:55:26 info: =================================
2023-04-26 11:55:26 info: ======= ENV: development =======
2023-04-26 11:55:26 info: 🚀 App listening on the port 3000
2023-04-26 11:55:26 info: =================================
2023-04-26 11:58:39 info: =================================
2023-04-26 11:58:39 info: ======= ENV: development =======
2023-04-26 11:58:39 info: 🚀 App listening on the port 3000
2023-04-26 11:58:39 info: =================================
2023-04-26 11:59:01 info: =================================
2023-04-26 11:59:01 info: ======= ENV: development =======
2023-04-26 11:59:01 info: 🚀 App listening on the port 3000
2023-04-26 11:59:01 info: =================================
2023-04-26 11:59:04 info: =================================
2023-04-26 11:59:04 info: ======= ENV: development =======
2023-04-26 11:59:04 info: 🚀 App listening on the port 3000
2023-04-26 11:59:04 info: =================================
2023-04-26 11:59:52 info: =================================
2023-04-26 11:59:52 info: ======= ENV: development =======
2023-04-26 11:59:52 info: 🚀 App listening on the port 3000
2023-04-26 11:59:52 info: =================================
2023-04-26 12:00:29 info: =================================
2023-04-26 12:00:29 info: ======= ENV: development =======
2023-04-26 12:00:29 info: 🚀 App listening on the port 3000
2023-04-26 12:00:29 info: =================================
2023-04-26 12:00:35 info: =================================
2023-04-26 12:00:35 info: ======= ENV: development =======
2023-04-26 12:00:35 info: 🚀 App listening on the port 3000
2023-04-26 12:00:35 info: =================================
2023-04-26 12:00:39 info: =================================
2023-04-26 12:00:39 info: ======= ENV: development =======
2023-04-26 12:00:39 info: 🚀 App listening on the port 3000
2023-04-26 12:00:39 info: =================================
2023-04-26 12:00:53 info: =================================
2023-04-26 12:00:53 info: ======= ENV: development =======
2023-04-26 12:00:53 info: 🚀 App listening on the port 3000
2023-04-26 12:00:53 info: =================================
2023-04-26 12:01:02 error: [POST] /sellers/upload/identitycard/cus_NmLXh0ms2IoGSe >> StatusCode:: 401, Message:: a file is too large maximum is 5mb and a file isn't an image
2023-04-26 12:01:02 info: [0mPOST /sellers/upload/identitycard/cus_NmLXh0ms2IoGSe [33m401[0m 3185.764 ms - 74[0m
2023-04-26 12:01:28 info: [0mPOST /sellers/upload/identitycard/cus_NmLXh0ms2IoGSe [32m200[0m 141.474 ms - 2[0m
2023-04-26 12:01:48 info: =================================
2023-04-26 12:01:48 info: ======= ENV: development =======
2023-04-26 12:01:48 info: 🚀 App listening on the port 3000
2023-04-26 12:01:48 info: =================================
2023-04-26 12:01:52 info: [0mPOST /sellers/upload/identitycard/cus_NmLXh0ms2IoGSe [32m200[0m 176.600 ms - 2[0m
2023-04-26 12:02:30 info: =================================
2023-04-26 12:02:30 info: ======= ENV: development =======
2023-04-26 12:02:30 info: 🚀 App listening on the port 3000
2023-04-26 12:02:30 info: =================================
2023-04-26 12:02:31 error: [POST] /sellers/upload/identitycard/cus_NmLXh0ms2IoGSe >> StatusCode:: 401, Message:: a file is too large
2023-04-26 12:02:31 info: [0mPOST /sellers/upload/identitycard/cus_NmLXh0ms2IoGSe [33m401[0m 97.233 ms - 33[0m
2023-04-26 12:03:15 error: [POST] /sellers/upload/identitycard/cus_NmLXh0ms2IoGSe >> StatusCode:: 401, Message:: a file is too large maximum is 5mb and a file isn't an image
2023-04-26 12:03:15 info: [0mPOST /sellers/upload/identitycard/cus_NmLXh0ms2IoGSe [33m401[0m 3247.970 ms - 74[0m
2023-04-26 12:03:31 info: =================================
2023-04-26 12:03:31 info: ======= ENV: development =======
2023-04-26 12:03:31 info: 🚀 App listening on the port 3000
2023-04-26 12:03:31 info: =================================
2023-04-26 12:03:34 info: =================================
2023-04-26 12:03:34 info: ======= ENV: development =======
2023-04-26 12:03:34 info: 🚀 App listening on the port 3000
2023-04-26 12:03:34 info: =================================
2023-04-26 12:03:39 info: =================================
2023-04-26 12:03:39 info: ======= ENV: development =======
2023-04-26 12:03:39 info: 🚀 App listening on the port 3000
2023-04-26 12:03:39 info: =================================
2023-04-26 12:03:46 error: [POST] /sellers/upload/identitycard/cus_NmLXh0ms2IoGSe >> StatusCode:: 401, Message:: a file is too large maximum is 5mb and a file isn't an image
2023-04-26 12:03:46 info: [0mPOST /sellers/upload/identitycard/cus_NmLXh0ms2IoGSe [33m401[0m 3199.052 ms - 74[0m
2023-04-26 12:04:02 info: =================================
2023-04-26 12:04:02 info: ======= ENV: development =======
2023-04-26 12:04:02 info: 🚀 App listening on the port 3000
2023-04-26 12:04:02 info: =================================
2023-04-26 12:04:07 error: [POST] /sellers/upload/identitycard/cus_NmLXh0ms2IoGSe >> StatusCode:: 401, Message:: files can only to be images
2023-04-26 12:04:07 info: [0mPOST /sellers/upload/identitycard/cus_NmLXh0ms2IoGSe [33m401[0m 2804.349 ms - 41[0m
2023-04-26 12:04:24 info: =================================
2023-04-26 12:04:24 info: ======= ENV: development =======
2023-04-26 12:04:24 info: 🚀 App listening on the port 3000
2023-04-26 12:04:24 info: =================================
2023-04-26 12:04:30 error: [POST] /sellers/upload/identitycard/cus_NmLXh0ms2IoGSe >> StatusCode:: 401, Message:: a file is too large maximum is 5mb and a file isn't an image
2023-04-26 12:04:30 info: [0mPOST /sellers/upload/identitycard/cus_NmLXh0ms2IoGSe [33m401[0m 3016.731 ms - 74[0m
2023-04-26 12:04:47 info: =================================
2023-04-26 12:04:47 info: ======= ENV: development =======
2023-04-26 12:04:47 info: 🚀 App listening on the port 3000
2023-04-26 12:04:47 info: =================================
2023-04-26 12:04:50 info: =================================
2023-04-26 12:04:50 info: ======= ENV: development =======
2023-04-26 12:04:50 info: 🚀 App listening on the port 3000
2023-04-26 12:04:50 info: =================================
2023-04-26 12:05:04 info: =================================
2023-04-26 12:05:04 info: ======= ENV: development =======
2023-04-26 12:05:04 info: 🚀 App listening on the port 3000
2023-04-26 12:05:04 info: =================================
2023-04-26 12:05:13 info: =================================
2023-04-26 12:05:13 info: ======= ENV: development =======
2023-04-26 12:05:13 info: 🚀 App listening on the port 3000
2023-04-26 12:05:13 info: =================================
2023-04-26 12:05:16 info: =================================
2023-04-26 12:05:16 info: ======= ENV: development =======
2023-04-26 12:05:16 info: 🚀 App listening on the port 3000
2023-04-26 12:05:16 info: =================================
2023-04-26 12:05:20 info: =================================
2023-04-26 12:05:20 info: ======= ENV: development =======
2023-04-26 12:05:20 info: 🚀 App listening on the port 3000
2023-04-26 12:05:20 info: =================================
2023-04-26 12:05:25 info: =================================
2023-04-26 12:05:25 info: ======= ENV: development =======
2023-04-26 12:05:25 info: 🚀 App listening on the port 3000
2023-04-26 12:05:25 info: =================================
2023-04-26 12:05:48 info: =================================
2023-04-26 12:05:48 info: ======= ENV: development =======
2023-04-26 12:05:48 info: 🚀 App listening on the port 3000
2023-04-26 12:05:48 info: =================================
2023-04-26 12:05:57 info: =================================
2023-04-26 12:05:57 info: ======= ENV: development =======
2023-04-26 12:05:57 info: 🚀 App listening on the port 3000
2023-04-26 12:05:57 info: =================================
2023-04-26 12:06:13 info: =================================
2023-04-26 12:06:13 info: ======= ENV: development =======
2023-04-26 12:06:13 info: 🚀 App listening on the port 3000
2023-04-26 12:06:13 info: =================================
2023-04-26 12:06:49 info: =================================
2023-04-26 12:06:49 info: ======= ENV: development =======
2023-04-26 12:06:49 info: 🚀 App listening on the port 3000
2023-04-26 12:06:49 info: =================================
2023-04-26 12:06:52 info: =================================
2023-04-26 12:06:52 info: ======= ENV: development =======
2023-04-26 12:06:52 info: 🚀 App listening on the port 3000
2023-04-26 12:06:52 info: =================================
2023-04-26 12:06:58 info: [0mPOST /users/upload/avatar/cus_NmLXh0ms2IoGSe [32m200[0m 370.423 ms - 2[0m
2023-04-26 12:07:14 error: [POST] /users/upload/avatar/cus_NmLXh0ms2IoGSe >> StatusCode:: 401, Message:: avatar is too large
2023-04-26 12:07:14 info: [0mPOST /users/upload/avatar/cus_NmLXh0ms2IoGSe [33m401[0m 1420.466 ms - 33[0m
2023-04-26 12:07:31 info: =================================
2023-04-26 12:07:31 info: ======= ENV: development =======
2023-04-26 12:07:31 info: 🚀 App listening on the port 3000
2023-04-26 12:07:31 info: =================================
2023-04-26 12:07:35 error: [POST] /users/upload/avatar/cus_NmLXh0ms2IoGSe >> StatusCode:: 401, Message:: avatar is too large
2023-04-26 12:07:35 info: [0mPOST /users/upload/avatar/cus_NmLXh0ms2IoGSe [33m401[0m 1596.636 ms - 33[0m
2023-04-26 12:08:19 info: =================================
2023-04-26 12:08:19 info: ======= ENV: development =======
2023-04-26 12:08:19 info: 🚀 App listening on the port 3000
2023-04-26 12:08:19 info: =================================
2023-04-26 12:08:22 info: =================================
2023-04-26 12:08:22 info: ======= ENV: development =======
2023-04-26 12:08:22 info: 🚀 App listening on the port 3000
2023-04-26 12:08:22 info: =================================
2023-04-26 12:08:23 error: [POST] /users/upload/avatar/cus_NmLXh0ms2IoGSe >> StatusCode:: 404, Message:: file needed
2023-04-26 12:08:23 info: [0mPOST /users/upload/avatar/cus_NmLXh0ms2IoGSe [33m404[0m 11.474 ms - 25[0m
2023-04-26 12:08:36 error: [POST] /users/upload/avatar/cus_NmLXh0ms2IoGSe >> StatusCode:: 401, Message:: files can only to be images
2023-04-26 12:08:36 info: [0mPOST /users/upload/avatar/cus_NmLXh0ms2IoGSe [33m401[0m 1554.700 ms - 41[0m
2023-04-26 12:08:51 info: =================================
2023-04-26 12:08:51 info: ======= ENV: development =======
2023-04-26 12:08:51 info: 🚀 App listening on the port 3000
2023-04-26 12:08:51 info: =================================
2023-04-26 12:09:12 info: =================================
2023-04-26 12:09:12 info: ======= ENV: development =======
2023-04-26 12:09:12 info: 🚀 App listening on the port 3000
2023-04-26 12:09:12 info: =================================
2023-04-26 12:09:20 error: [POST] /users/upload/avatar/cus_NmLXh0ms2IoGSe >> StatusCode:: 401, Message:: avatar is too large
2023-04-26 12:09:20 info: [0mPOST /users/upload/avatar/cus_NmLXh0ms2IoGSe [33m401[0m 1567.467 ms - 33[0m
2023-04-26 12:09:51 info: =================================
2023-04-26 12:09:51 info: ======= ENV: development =======
2023-04-26 12:09:51 info: 🚀 App listening on the port 3000
2023-04-26 12:09:51 info: =================================
2023-04-26 12:10:13 info: [0mPOST /users/upload/avatar/cus_NmLXh0ms2IoGSe [32m200[0m 439.130 ms - 2[0m
2023-04-26 12:11:24 info: =================================
2023-04-26 12:11:24 info: ======= ENV: development =======
2023-04-26 12:11:24 info: 🚀 App listening on the port 3000
2023-04-26 12:11:24 info: =================================
2023-04-26 12:11:33 info: =================================
2023-04-26 12:11:33 info: ======= ENV: development =======
2023-04-26 12:11:33 info: 🚀 App listening on the port 3000
2023-04-26 12:11:33 info: =================================
2023-04-26 12:11:42 info: =================================
2023-04-26 12:11:42 info: ======= ENV: development =======
2023-04-26 12:11:42 info: 🚀 App listening on the port 3000
2023-04-26 12:11:42 info: =================================
2023-04-26 12:13:27 info: =================================
2023-04-26 12:13:27 info: ======= ENV: development =======
2023-04-26 12:13:27 info: 🚀 App listening on the port 3000
2023-04-26 12:13:27 info: =================================
2023-04-26 12:13:42 info: =================================
2023-04-26 12:13:42 info: ======= ENV: development =======
2023-04-26 12:13:42 info: 🚀 App listening on the port 3000
2023-04-26 12:13:42 info: =================================
2023-04-26 12:14:04 info: =================================
2023-04-26 12:14:04 info: ======= ENV: development =======
2023-04-26 12:14:04 info: 🚀 App listening on the port 3000
2023-04-26 12:14:04 info: =================================
2023-04-26 12:14:11 info: =================================
2023-04-26 12:14:11 info: ======= ENV: development =======
2023-04-26 12:14:11 info: 🚀 App listening on the port 3000
2023-04-26 12:14:11 info: =================================
2023-04-26 12:14:47 info: =================================
2023-04-26 12:14:47 info: ======= ENV: development =======
2023-04-26 12:14:47 info: 🚀 App listening on the port 3000
2023-04-26 12:14:47 info: =================================
2023-04-26 12:15:08 info: =================================
2023-04-26 12:15:08 info: ======= ENV: development =======
2023-04-26 12:15:08 info: 🚀 App listening on the port 3000
2023-04-26 12:15:08 info: =================================
2023-04-26 12:15:13 info: =================================
2023-04-26 12:15:13 info: ======= ENV: development =======
2023-04-26 12:15:13 info: 🚀 App listening on the port 3000
2023-04-26 12:15:13 info: =================================
2023-04-26 12:15:22 info: =================================
2023-04-26 12:15:22 info: ======= ENV: development =======
2023-04-26 12:15:22 info: 🚀 App listening on the port 3000
2023-04-26 12:15:22 info: =================================
2023-04-26 12:15:25 info: =================================
2023-04-26 12:15:25 info: ======= ENV: development =======
2023-04-26 12:15:25 info: 🚀 App listening on the port 3000
2023-04-26 12:15:25 info: =================================
2023-04-26 12:15:30 info: =================================
2023-04-26 12:15:30 info: ======= ENV: development =======
2023-04-26 12:15:30 info: 🚀 App listening on the port 3000
2023-04-26 12:15:30 info: =================================
2023-04-26 12:15:40 info: =================================
2023-04-26 12:15:40 info: ======= ENV: development =======
2023-04-26 12:15:40 info: 🚀 App listening on the port 3000
2023-04-26 12:15:40 info: =================================
2023-04-26 12:16:16 info: =================================
2023-04-26 12:16:16 info: ======= ENV: development =======
2023-04-26 12:16:16 info: 🚀 App listening on the port 3000
2023-04-26 12:16:16 info: =================================
2023-04-26 12:16:29 info: =================================
2023-04-26 12:16:29 info: ======= ENV: development =======
2023-04-26 12:16:29 info: 🚀 App listening on the port 3000
2023-04-26 12:16:29 info: =================================
2023-04-26 12:16:54 info: =================================
2023-04-26 12:16:54 info: ======= ENV: development =======
2023-04-26 12:16:54 info: 🚀 App listening on the port 3000
2023-04-26 12:16:54 info: =================================
2023-04-26 12:17:01 info: =================================
2023-04-26 12:17:01 info: ======= ENV: development =======
2023-04-26 12:17:01 info: 🚀 App listening on the port 3000
2023-04-26 12:17:01 info: =================================
2023-04-26 12:17:09 info: =================================
2023-04-26 12:17:09 info: ======= ENV: development =======
2023-04-26 12:17:09 info: 🚀 App listening on the port 3000
2023-04-26 12:17:09 info: =================================
2023-04-26 12:20:49 info: =================================
2023-04-26 12:20:49 info: ======= ENV: development =======
2023-04-26 12:20:49 info: 🚀 App listening on the port 3000
2023-04-26 12:20:49 info: =================================
2023-04-26 12:21:02 info: =================================
2023-04-26 12:21:02 info: ======= ENV: development =======
2023-04-26 12:21:02 info: 🚀 App listening on the port 3000
2023-04-26 12:21:02 info: =================================
2023-04-26 12:21:41 info: =================================
2023-04-26 12:21:41 info: ======= ENV: development =======
2023-04-26 12:21:41 info: 🚀 App listening on the port 3000
2023-04-26 12:21:41 info: =================================
2023-04-26 12:24:05 info: =================================
2023-04-26 12:24:05 info: ======= ENV: development =======
2023-04-26 12:24:05 info: 🚀 App listening on the port 3000
2023-04-26 12:24:05 info: =================================
2023-04-26 12:24:21 info: =================================
2023-04-26 12:24:21 info: ======= ENV: development =======
2023-04-26 12:24:21 info: 🚀 App listening on the port 3000
2023-04-26 12:24:21 info: =================================
2023-04-26 12:24:25 info: =================================
2023-04-26 12:24:25 info: ======= ENV: development =======
2023-04-26 12:24:25 info: 🚀 App listening on the port 3000
2023-04-26 12:24:25 info: =================================
2023-04-26 12:24:51 info: [0mPOST /post/cus_NkTy5P9bfCdDea [32m201[0m 1917.689 ms - 301[0m
2023-04-26 12:27:08 info: =================================
2023-04-26 12:27:08 info: ======= ENV: development =======
2023-04-26 12:27:08 info: 🚀 App listening on the port 3000
2023-04-26 12:27:08 info: =================================
2023-04-26 12:27:13 info: =================================
2023-04-26 12:27:13 info: ======= ENV: development =======
2023-04-26 12:27:13 info: 🚀 App listening on the port 3000
2023-04-26 12:27:13 info: =================================
2023-04-26 12:27:20 info: =================================
2023-04-26 12:27:20 info: ======= ENV: development =======
2023-04-26 12:27:20 info: 🚀 App listening on the port 3000
2023-04-26 12:27:20 info: =================================
2023-04-26 12:27:28 info: =================================
2023-04-26 12:27:28 info: ======= ENV: development =======
2023-04-26 12:27:28 info: 🚀 App listening on the port 3000
2023-04-26 12:27:28 info: =================================
2023-04-26 12:27:31 info: =================================
2023-04-26 12:27:31 info: ======= ENV: development =======
2023-04-26 12:27:31 info: 🚀 App listening on the port 3000
2023-04-26 12:27:31 info: =================================
2023-04-26 12:27:34 info: =================================
2023-04-26 12:27:34 info: ======= ENV: development =======
2023-04-26 12:27:34 info: 🚀 App listening on the port 3000
2023-04-26 12:27:34 info: =================================
2023-04-26 12:27:48 info: =================================
2023-04-26 12:27:48 info: ======= ENV: development =======
2023-04-26 12:27:48 info: 🚀 App listening on the port 3000
2023-04-26 12:27:48 info: =================================
2023-04-26 12:28:34 info: =================================
2023-04-26 12:28:34 info: ======= ENV: development =======
2023-04-26 12:28:34 info: 🚀 App listening on the port 3000
2023-04-26 12:28:34 info: =================================
2023-04-26 12:28:39 info: =================================
2023-04-26 12:28:39 info: ======= ENV: development =======
2023-04-26 12:28:39 info: 🚀 App listening on the port 3000
2023-04-26 12:28:39 info: =================================
2023-04-26 12:29:15 info: =================================
2023-04-26 12:29:15 info: ======= ENV: development =======
2023-04-26 12:29:15 info: 🚀 App listening on the port 3000
2023-04-26 12:29:15 info: =================================
2023-04-26 12:29:41 info: =================================
2023-04-26 12:29:41 info: ======= ENV: development =======
2023-04-26 12:29:41 info: 🚀 App listening on the port 3000
2023-04-26 12:29:41 info: =================================
2023-04-26 12:29:50 info: =================================
2023-04-26 12:29:50 info: ======= ENV: development =======
2023-04-26 12:29:50 info: 🚀 App listening on the port 3000
2023-04-26 12:29:50 info: =================================
2023-04-26 12:30:27 info: =================================
2023-04-26 12:30:27 info: ======= ENV: development =======
2023-04-26 12:30:27 info: 🚀 App listening on the port 3000
2023-04-26 12:30:27 info: =================================
2023-04-26 12:30:31 info: =================================
2023-04-26 12:30:31 info: ======= ENV: development =======
2023-04-26 12:30:31 info: 🚀 App listening on the port 3000
2023-04-26 12:30:31 info: =================================
2023-04-26 12:30:41 info: =================================
2023-04-26 12:30:41 info: ======= ENV: development =======
2023-04-26 12:30:41 info: 🚀 App listening on the port 3000
2023-04-26 12:30:41 info: =================================
2023-04-26 12:30:45 info: =================================
2023-04-26 12:30:45 info: ======= ENV: development =======
2023-04-26 12:30:45 info: 🚀 App listening on the port 3000
2023-04-26 12:30:45 info: =================================
2023-04-26 12:30:59 info: =================================
2023-04-26 12:30:59 info: ======= ENV: development =======
2023-04-26 12:30:59 info: 🚀 App listening on the port 3000
2023-04-26 12:30:59 info: =================================
2023-04-26 12:31:09 info: =================================
2023-04-26 12:31:09 info: ======= ENV: development =======
2023-04-26 12:31:09 info: 🚀 App listening on the port 3000
2023-04-26 12:31:09 info: =================================
2023-04-26 12:31:25 info: =================================
2023-04-26 12:31:25 info: ======= ENV: development =======
2023-04-26 12:31:25 info: 🚀 App listening on the port 3000
2023-04-26 12:31:25 info: =================================
2023-04-26 12:31:42 info: =================================
2023-04-26 12:31:42 info: ======= ENV: development =======
2023-04-26 12:31:42 info: 🚀 App listening on the port 3000
2023-04-26 12:31:42 info: =================================
2023-04-26 12:31:52 info: =================================
2023-04-26 12:31:52 info: ======= ENV: development =======
2023-04-26 12:31:52 info: 🚀 App listening on the port 3000
2023-04-26 12:31:52 info: =================================
2023-04-26 12:32:00 info: =================================
2023-04-26 12:32:00 info: ======= ENV: development =======
2023-04-26 12:32:00 info: 🚀 App listening on the port 3000
2023-04-26 12:32:00 info: =================================
2023-04-26 12:32:12 info: =================================
2023-04-26 12:32:12 info: ======= ENV: development =======
2023-04-26 12:32:12 info: 🚀 App listening on the port 3000
2023-04-26 12:32:12 info: =================================
2023-04-26 12:32:19 info: =================================
2023-04-26 12:32:19 info: ======= ENV: development =======
2023-04-26 12:32:19 info: 🚀 App listening on the port 3000
2023-04-26 12:32:19 info: =================================
2023-04-26 12:32:57 info: =================================
2023-04-26 12:32:57 info: ======= ENV: development =======
2023-04-26 12:32:57 info: 🚀 App listening on the port 3000
2023-04-26 12:32:57 info: =================================
2023-04-26 12:33:36 info: =================================
2023-04-26 12:33:36 info: ======= ENV: development =======
2023-04-26 12:33:36 info: 🚀 App listening on the port 3000
2023-04-26 12:33:36 info: =================================
2023-04-26 12:33:39 info: =================================
2023-04-26 12:33:39 info: ======= ENV: development =======
2023-04-26 12:33:39 info: 🚀 App listening on the port 3000
2023-04-26 12:33:39 info: =================================
2023-04-26 12:33:54 info: =================================
2023-04-26 12:33:54 info: ======= ENV: development =======
2023-04-26 12:33:54 info: 🚀 App listening on the port 3000
2023-04-26 12:33:54 info: =================================
2023-04-26 12:33:56 info: =================================
2023-04-26 12:33:56 info: ======= ENV: development =======
2023-04-26 12:33:56 info: 🚀 App listening on the port 3000
2023-04-26 12:33:56 info: =================================
2023-04-26 12:34:03 info: =================================
2023-04-26 12:34:03 info: ======= ENV: development =======
2023-04-26 12:34:03 info: 🚀 App listening on the port 3000
2023-04-26 12:34:03 info: =================================
2023-04-26 12:34:05 info: [0mPOST /posts/upload/8e85e99748e668125cfd5549a77ac712ed0fdf40 [32m201[0m 9.150 ms - 2[0m
2023-04-26 12:34:32 info: [0mPOST /posts/upload/8e85e99748e668125cfd5549a77ac712ed0fdf40 [32m201[0m 2.510 ms - 2[0m
2023-04-26 12:34:36 info: [0mPOST /posts/upload/8e85e99748e668125cfd5549a77ac712ed0fdf40 [32m201[0m 1.295 ms - 2[0m
2023-04-26 12:37:29 info: =================================
2023-04-26 12:37:29 info: ======= ENV: development =======
2023-04-26 12:37:29 info: 🚀 App listening on the port 3000
2023-04-26 12:37:29 info: =================================
2023-04-26 12:37:44 info: =================================
2023-04-26 12:37:44 info: ======= ENV: development =======
2023-04-26 12:37:44 info: 🚀 App listening on the port 3000
2023-04-26 12:37:44 info: =================================
2023-04-26 12:38:04 info: =================================
2023-04-26 12:38:04 info: ======= ENV: development =======
2023-04-26 12:38:04 info: 🚀 App listening on the port 3000
2023-04-26 12:38:04 info: =================================
2023-04-26 12:38:10 info: =================================
2023-04-26 12:38:10 info: ======= ENV: development =======
2023-04-26 12:38:10 info: 🚀 App listening on the port 3000
2023-04-26 12:38:10 info: =================================
2023-04-26 12:38:10 error: [POST] /posts/upload/8e85e99748e668125cfd5549a77ac712ed0fdf40 >> StatusCode:: 500, Message:: Unexpected field
2023-04-26 12:38:10 info: [0mPOST /posts/upload/8e85e99748e668125cfd5549a77ac712ed0fdf40 [31m500[0m 8.609 ms - 30[0m
2023-04-26 12:38:14 error: [POST] /posts/upload/8e85e99748e668125cfd5549a77ac712ed0fdf40 >> StatusCode:: 500, Message:: Unexpected field
2023-04-26 12:38:14 info: [0mPOST /posts/upload/8e85e99748e668125cfd5549a77ac712ed0fdf40 [31m500[0m 99.697 ms - 30[0m
2023-04-26 12:38:26 info: =================================
2023-04-26 12:38:26 info: ======= ENV: development =======
2023-04-26 12:38:26 info: 🚀 App listening on the port 3000
2023-04-26 12:38:26 info: =================================
2023-04-26 12:38:28 info: [0mPOST /posts/upload/8e85e99748e668125cfd5549a77ac712ed0fdf40 [32m201[0m 1480.092 ms - 2[0m
2023-04-26 12:39:19 info: =================================
2023-04-26 12:39:19 info: ======= ENV: development =======
2023-04-26 12:39:19 info: 🚀 App listening on the port 3000
2023-04-26 12:39:19 info: =================================
2023-04-26 12:39:22 info: [0mPOST /posts/upload/8e85e99748e668125cfd5549a77ac712ed0fdf40 [32m201[0m 1458.427 ms - 2[0m
2023-04-26 12:39:49 info: =================================
2023-04-26 12:39:49 info: ======= ENV: development =======
2023-04-26 12:39:49 info: 🚀 App listening on the port 3000
2023-04-26 12:39:49 info: =================================
2023-04-26 12:39:54 info: =================================
2023-04-26 12:39:54 info: ======= ENV: development =======
2023-04-26 12:39:54 info: 🚀 App listening on the port 3000
2023-04-26 12:39:54 info: =================================
2023-04-26 12:39:58 info: =================================
2023-04-26 12:39:58 info: ======= ENV: development =======
2023-04-26 12:39:58 info: 🚀 App listening on the port 3000
2023-04-26 12:39:58 info: =================================
2023-04-26 12:40:34 info: =================================
2023-04-26 12:40:34 info: ======= ENV: development =======
2023-04-26 12:40:34 info: 🚀 App listening on the port 3000
2023-04-26 12:40:34 info: =================================
2023-04-26 12:41:44 info: =================================
2023-04-26 12:41:44 info: ======= ENV: development =======
2023-04-26 12:41:44 info: 🚀 App listening on the port 3000
2023-04-26 12:41:44 info: =================================
2023-04-26 12:41:51 info: =================================
2023-04-26 12:41:51 info: ======= ENV: development =======
2023-04-26 12:41:51 info: 🚀 App listening on the port 3000
2023-04-26 12:41:51 info: =================================
2023-04-26 12:42:06 info: =================================
2023-04-26 12:42:06 info: ======= ENV: development =======
2023-04-26 12:42:06 info: 🚀 App listening on the port 3000
2023-04-26 12:42:06 info: =================================
2023-04-26 12:42:15 info: [0mPOST /posts/upload/8e85e99748e668125cfd5549a77ac712ed0fdf40 [32m201[0m 1503.740 ms - 2[0m
2023-04-26 12:44:50 info: [0mPOST /post/cus_NkTy5P9bfCdDea [33m404[0m 12.649 ms - 163[0m
2023-04-26 12:45:10 info: [0mPOST /post/cus_NkTy5P9bfCdDea [33m404[0m 0.870 ms - 163[0m
2023-04-26 12:45:16 info: [0mPOST /post/cus_NkTy5P9bfCdDea [33m404[0m 0.741 ms - 163[0m
2023-04-26 12:45:25 info: [0mPOST /post/cus_NkTy5P9bfCdDea/ [33m404[0m 0.577 ms - 164[0m
2023-04-26 12:45:38 info: [0mPOST /posts/cus_NkTy5P9bfCdDea/ [32m201[0m 1566.673 ms - 301[0m
2023-04-26 12:47:03 info: [0mGET /posts/upload/8e85e99748e668125cfd5549a77ac712ed0fdf40 [33m404[0m 3559.963 ms - 192[0m
2023-04-26 12:47:32 info: [0mGET /posts/upload/bfb4f4cc28119e216249cd8f671d2b136aa1697a [33m404[0m 2068.694 ms - 192[0m
2023-04-26 12:47:42 info: [0mPOST /posts/upload/bfb4f4cc28119e216249cd8f671d2b136aa1697a [32m201[0m 2065.409 ms - 2[0m
2023-04-26 12:48:43 info: [0mPOST /posts/cus_NmLXh0ms2IoGSe/ [32m201[0m 1419.253 ms - 301[0m
2023-04-26 12:49:13 info: [0mPOST /posts/upload/f4cc28119e216249cd8f671d2b136aa1697a7491 [32m201[0m 1961.222 ms - 2[0m
2023-04-26 12:57:34 info: =================================
2023-04-26 12:57:34 info: ======= ENV: development =======
2023-04-26 12:57:34 info: 🚀 App listening on the port 3000
2023-04-26 12:57:34 info: =================================
2023-04-26 12:58:01 error: [POST] /posts/upload/f4cc28119e216249cd8f671d2b136aa1697a7491 >> StatusCode:: 401, Message:: TypeError: Cannot read property 'size' of undefined
2023-04-26 12:58:01 info: [0mPOST /posts/upload/f4cc28119e216249cd8f671d2b136aa1697a7491 [33m401[0m 14544.839 ms - 14[0m
2023-04-26 12:58:13 error: [POST] /posts/upload/f4cc28119e216249cd8f671d2b136aa1697a7491 >> StatusCode:: 401, Message:: TypeError: Cannot read property 'size' of undefined
2023-04-26 12:58:13 info: [0mPOST /posts/upload/f4cc28119e216249cd8f671d2b136aa1697a7491 [33m401[0m 3038.460 ms - 14[0m
2023-04-26 12:58:57 info: =================================
2023-04-26 12:58:57 info: ======= ENV: development =======
2023-04-26 12:58:57 info: 🚀 App listening on the port 3000
2023-04-26 12:58:57 info: =================================
2023-04-26 12:59:00 info: =================================
2023-04-26 12:59:00 info: ======= ENV: development =======
2023-04-26 12:59:00 info: 🚀 App listening on the port 3000
2023-04-26 12:59:00 info: =================================
2023-04-26 12:59:03 error: [POST] /posts/upload/f4cc28119e216249cd8f671d2b136aa1697a7491 >> StatusCode:: 401, Message:: TypeError: Cannot read property 'size' of undefined
2023-04-26 12:59:03 info: [0mPOST /posts/upload/f4cc28119e216249cd8f671d2b136aa1697a7491 [33m401[0m 2914.622 ms - 14[0m
2023-04-26 12:59:45 error: [POST] /sellers/upload/identitycard/cus_NmLXh0ms2IoGSe >> StatusCode:: 401, Message:: a file is too large maximum is 5mb and a file isn't an image
2023-04-26 12:59:45 info: [0mPOST /sellers/upload/identitycard/cus_NmLXh0ms2IoGSe [33m401[0m 7642.449 ms - 74[0m
2023-04-26 13:00:13 error: [POST] /posts/upload/f4cc28119e216249cd8f671d2b136aa1697a7491 >> StatusCode:: 401, Message:: TypeError: Cannot read property 'size' of undefined
2023-04-26 13:00:13 info: [0mPOST /posts/upload/f4cc28119e216249cd8f671d2b136aa1697a7491 [33m401[0m 6626.581 ms - 14[0m
2023-04-26 13:03:20 error: [POST] /posts/upload/f4cc28119e216249cd8f671d2b136aa1697a7491 >> StatusCode:: 401, Message:: TypeError: Cannot read property 'size' of undefined
2023-04-26 13:03:20 info: [0mPOST /posts/upload/f4cc28119e216249cd8f671d2b136aa1697a7491 [33m401[0m 3449.868 ms - 14[0m
2023-04-26 13:04:18 error: [POST] /posts/upload/f4cc28119e216249cd8f671d2b136aa1697a7491 >> StatusCode:: 401, Message:: TypeError: Cannot read property 'size' of undefined
2023-04-26 13:04:18 info: [0mPOST /posts/upload/f4cc28119e216249cd8f671d2b136aa1697a7491 [33m401[0m 3928.849 ms - 14[0m
2023-04-26 13:08:56 info: =================================
2023-04-26 13:08:56 info: ======= ENV: development =======
2023-04-26 13:08:56 info: 🚀 App listening on the port 3000
2023-04-26 13:08:56 info: =================================
2023-04-26 13:09:15 info: =================================
2023-04-26 13:09:15 info: ======= ENV: development =======
2023-04-26 13:09:15 info: 🚀 App listening on the port 3000
2023-04-26 13:09:15 info: =================================
2023-04-26 13:09:20 error: [POST] /posts/upload/f4cc28119e216249cd8f671d2b136aa1697a7491 >> StatusCode:: 401, Message:: TypeError: Cannot read property 'size' of undefined
2023-04-26 13:09:20 info: [0mPOST /posts/upload/f4cc28119e216249cd8f671d2b136aa1697a7491 [33m401[0m 3883.792 ms - 14[0m
2023-04-26 13:09:44 info: =================================
2023-04-26 13:09:44 info: ======= ENV: development =======
2023-04-26 13:09:44 info: 🚀 App listening on the port 3000
2023-04-26 13:09:44 info: =================================
2023-04-26 13:11:46 info: =================================
2023-04-26 13:11:46 info: ======= ENV: development =======
2023-04-26 13:11:46 info: 🚀 App listening on the port 3000
2023-04-26 13:11:46 info: =================================
2023-04-26 13:12:05 info: =================================
2023-04-26 13:12:05 info: ======= ENV: development =======
2023-04-26 13:12:05 info: 🚀 App listening on the port 3000
2023-04-26 13:12:05 info: =================================
2023-04-26 13:12:14 info: =================================
2023-04-26 13:12:14 info: ======= ENV: development =======
2023-04-26 13:12:14 info: 🚀 App listening on the port 3000
2023-04-26 13:12:14 info: =================================
2023-04-26 13:12:25 info: =================================
2023-04-26 13:12:25 info: ======= ENV: development =======
2023-04-26 13:12:25 info: 🚀 App listening on the port 3000
2023-04-26 13:12:25 info: =================================
2023-04-26 13:12:28 info: =================================
2023-04-26 13:12:28 info: ======= ENV: development =======
2023-04-26 13:12:28 info: 🚀 App listening on the port 3000
2023-04-26 13:12:28 info: =================================
2023-04-26 13:12:50 info: =================================
2023-04-26 13:12:50 info: ======= ENV: development =======
2023-04-26 13:12:50 info: 🚀 App listening on the port 3000
2023-04-26 13:12:50 info: =================================
2023-04-26 13:12:55 info: =================================
2023-04-26 13:12:55 info: ======= ENV: development =======
2023-04-26 13:12:55 info: 🚀 App listening on the port 3000
2023-04-26 13:12:55 info: =================================
2023-04-26 13:13:00 info: =================================
2023-04-26 13:13:00 info: ======= ENV: development =======
2023-04-26 13:13:00 info: 🚀 App listening on the port 3000
2023-04-26 13:13:00 info: =================================
2023-04-26 13:13:04 info: =================================
2023-04-26 13:13:04 info: ======= ENV: development =======
2023-04-26 13:13:04 info: 🚀 App listening on the port 3000
2023-04-26 13:13:04 info: =================================
2023-04-26 13:13:06 info: =================================
2023-04-26 13:13:06 info: ======= ENV: development =======
2023-04-26 13:13:06 info: 🚀 App listening on the port 3000
2023-04-26 13:13:06 info: =================================
2023-04-26 13:13:13 info: =================================
2023-04-26 13:13:13 info: ======= ENV: development =======
2023-04-26 13:13:13 info: 🚀 App listening on the port 3000
2023-04-26 13:13:13 info: =================================
2023-04-26 13:13:15 info: =================================
2023-04-26 13:13:15 info: ======= ENV: development =======
2023-04-26 13:13:15 info: 🚀 App listening on the port 3000
2023-04-26 13:13:15 info: =================================
2023-04-26 13:13:25 info: =================================
2023-04-26 13:13:25 info: ======= ENV: development =======
2023-04-26 13:13:25 info: 🚀 App listening on the port 3000
2023-04-26 13:13:25 info: =================================
2023-04-26 13:13:55 info: =================================
2023-04-26 13:13:55 info: ======= ENV: development =======
2023-04-26 13:13:55 info: 🚀 App listening on the port 3000
2023-04-26 13:13:55 info: =================================
2023-04-26 13:14:02 error: [POST] /posts/upload/f4cc28119e216249cd8f671d2b136aa1697a7491 >> StatusCode:: 401, Message:: a file is too large maximum is 5mb and a file isn't an image
2023-04-26 13:14:02 info: [0mPOST /posts/upload/f4cc28119e216249cd8f671d2b136aa1697a7491 [33m401[0m 3910.187 ms - 74[0m
2023-04-26 13:14:17 error: [POST] /sellers/upload/identitycard/cus_NmLXh0ms2IoGSe >> StatusCode:: 401, Message:: TypeError: Cannot read property 'length' of undefined
2023-04-26 13:14:17 info: [0mPOST /sellers/upload/identitycard/cus_NmLXh0ms2IoGSe [33m401[0m 5949.611 ms - 14[0m
2023-04-26 13:15:26 info: =================================
2023-04-26 13:15:26 info: ======= ENV: development =======
2023-04-26 13:15:26 info: 🚀 App listening on the port 3000
2023-04-26 13:15:26 info: =================================
2023-04-26 13:18:11 info: =================================
2023-04-26 13:18:11 info: ======= ENV: development =======
2023-04-26 13:18:11 info: 🚀 App listening on the port 3000
2023-04-26 13:18:11 info: =================================
2023-04-26 13:18:16 info: =================================
2023-04-26 13:18:16 info: ======= ENV: development =======
2023-04-26 13:18:16 info: 🚀 App listening on the port 3000
2023-04-26 13:18:16 info: =================================
2023-04-26 13:18:21 error: [POST] /sellers/upload/identitycard/cus_NmLXh0ms2IoGSe >> StatusCode:: 401, Message:: TypeError: Cannot read property 'frontSide' of undefined
2023-04-26 13:18:21 info: [0mPOST /sellers/upload/identitycard/cus_NmLXh0ms2IoGSe [33m401[0m 3750.937 ms - 14[0m
2023-04-26 13:18:41 info: =================================
2023-04-26 13:18:41 info: ======= ENV: development =======
2023-04-26 13:18:41 info: 🚀 App listening on the port 3000
2023-04-26 13:18:41 info: =================================
2023-04-26 13:18:59 info: =================================
2023-04-26 13:18:59 info: ======= ENV: development =======
2023-04-26 13:18:59 info: 🚀 App listening on the port 3000
2023-04-26 13:18:59 info: =================================
2023-04-26 13:19:02 error: [POST] /sellers/upload/identitycard/cus_NmLXh0ms2IoGSe >> StatusCode:: 401, Message:: a file is too large maximum is 5mb and a file isn't an image
2023-04-26 13:19:02 info: [0mPOST /sellers/upload/identitycard/cus_NmLXh0ms2IoGSe [33m401[0m 3598.477 ms - 74[0m
2023-04-26 13:19:15 error: [POST] /posts/upload/f4cc28119e216249cd8f671d2b136aa1697a7491 >> StatusCode:: 401, Message:: a file is too large maximum is 5mb and a file isn't an image
2023-04-26 13:19:15 info: [0mPOST /posts/upload/f4cc28119e216249cd8f671d2b136aa1697a7491 [33m401[0m 2249.935 ms - 74[0m
2023-04-26 13:19:47 info: [0mPOST /users/upload/avatar/cus_NmLXh0ms2IoGSe [32m200[0m 510.620 ms - 2[0m
2023-04-26 15:38:31 info: =================================
2023-04-26 15:38:31 info: ======= ENV: development =======
2023-04-26 15:38:31 info: 🚀 App listening on the port 3000
2023-04-26 15:38:31 info: =================================
2023-04-26 15:38:42 error: [POST] /posts/upload/f4cc28119e216249cd8f671d2b136aa1697a7491 >> StatusCode:: 401, Message:: a file is too large maximum is 5mb and a file isn't an image
2023-04-26 15:38:42 info: [0mPOST /posts/upload/f4cc28119e216249cd8f671d2b136aa1697a7491 [33m401[0m 4942.284 ms - 74[0m
2023-04-26 15:39:00 info: [0mPOST /posts/upload/f4cc28119e216249cd8f671d2b136aa1697a7491 [32m201[0m 921.835 ms - 2[0m
2023-04-26 15:39:38 info: =================================
2023-04-26 15:39:38 info: ======= ENV: development =======
2023-04-26 15:39:38 info: 🚀 App listening on the port 3000
2023-04-26 15:39:38 info: =================================
2023-04-26 15:39:49 info: =================================
2023-04-26 15:39:49 info: ======= ENV: development =======
2023-04-26 15:39:49 info: 🚀 App listening on the port 3000
2023-04-26 15:39:49 info: =================================
2023-04-26 15:40:02 info: =================================
2023-04-26 15:40:02 info: ======= ENV: development =======
2023-04-26 15:40:02 info: 🚀 App listening on the port 3000
2023-04-26 15:40:02 info: =================================
2023-04-26 15:40:17 info: =================================
2023-04-26 15:40:17 info: ======= ENV: development =======
2023-04-26 15:40:17 info: 🚀 App listening on the port 3000
2023-04-26 15:40:17 info: =================================
2023-04-26 15:40:41 info: =================================
2023-04-26 15:40:41 info: ======= ENV: development =======
2023-04-26 15:40:41 info: 🚀 App listening on the port 3000
2023-04-26 15:40:41 info: =================================
2023-04-26 15:40:46 info: =================================
2023-04-26 15:40:46 info: ======= ENV: development =======
2023-04-26 15:40:46 info: 🚀 App listening on the port 3000
2023-04-26 15:40:46 info: =================================
2023-04-26 15:41:04 info: =================================
2023-04-26 15:41:04 info: ======= ENV: development =======
2023-04-26 15:41:04 info: 🚀 App listening on the port 3000
2023-04-26 15:41:04 info: =================================
2023-04-26 15:41:08 info: =================================
2023-04-26 15:41:08 info: ======= ENV: development =======
2023-04-26 15:41:08 info: 🚀 App listening on the port 3000
2023-04-26 15:41:08 info: =================================
2023-04-26 15:41:14 info: =================================
2023-04-26 15:41:14 info: ======= ENV: development =======
2023-04-26 15:41:14 info: 🚀 App listening on the port 3000
2023-04-26 15:41:14 info: =================================
2023-04-26 15:41:27 info: =================================
2023-04-26 15:41:27 info: ======= ENV: development =======
2023-04-26 15:41:27 info: 🚀 App listening on the port 3000
2023-04-26 15:41:27 info: =================================
2023-04-26 15:41:31 info: =================================
2023-04-26 15:41:31 info: ======= ENV: development =======
2023-04-26 15:41:31 info: 🚀 App listening on the port 3000
2023-04-26 15:41:31 info: =================================
2023-04-26 15:41:38 info: =================================
2023-04-26 15:41:38 info: ======= ENV: development =======
2023-04-26 15:41:38 info: 🚀 App listening on the port 3000
2023-04-26 15:41:38 info: =================================
2023-04-26 15:41:41 info: =================================
2023-04-26 15:41:41 info: ======= ENV: development =======
2023-04-26 15:41:41 info: 🚀 App listening on the port 3000
2023-04-26 15:41:41 info: =================================
2023-04-26 15:41:48 info: [0mPOST /posts/upload/f4cc28119e216249cd8f671d2b136aa1697a7491 [32m201[0m 827.489 ms - 61[0m
2023-04-26 15:52:32 info: =================================
2023-04-26 15:52:32 info: ======= ENV: development =======
2023-04-26 15:52:32 info: 🚀 App listening on the port 3000
2023-04-26 15:52:32 info: =================================
2023-04-26 15:52:50 info: =================================
2023-04-26 15:52:50 info: ======= ENV: development =======
2023-04-26 15:52:50 info: 🚀 App listening on the port 3000
2023-04-26 15:52:50 info: =================================
2023-04-26 15:53:02 info: =================================
2023-04-26 15:53:02 info: ======= ENV: development =======
2023-04-26 15:53:02 info: 🚀 App listening on the port 3000
2023-04-26 15:53:02 info: =================================
2023-04-26 15:53:07 info: =================================
2023-04-26 15:53:07 info: ======= ENV: development =======
2023-04-26 15:53:07 info: 🚀 App listening on the port 3000
2023-04-26 15:53:07 info: =================================
2023-04-26 15:53:13 info: =================================
2023-04-26 15:53:13 info: ======= ENV: development =======
2023-04-26 15:53:13 info: 🚀 App listening on the port 3000
2023-04-26 15:53:13 info: =================================
2023-04-26 15:53:24 info: =================================
2023-04-26 15:53:24 info: ======= ENV: development =======
2023-04-26 15:53:24 info: 🚀 App listening on the port 3000
2023-04-26 15:53:24 info: =================================
2023-04-26 15:53:28 info: =================================
2023-04-26 15:53:28 info: ======= ENV: development =======
2023-04-26 15:53:28 info: 🚀 App listening on the port 3000
2023-04-26 15:53:28 info: =================================
2023-04-26 15:53:34 info: =================================
2023-04-26 15:53:34 info: ======= ENV: development =======
2023-04-26 15:53:34 info: 🚀 App listening on the port 3000
2023-04-26 15:53:34 info: =================================
2023-04-26 15:53:39 info: =================================
2023-04-26 15:53:39 info: ======= ENV: development =======
2023-04-26 15:53:39 info: 🚀 App listening on the port 3000
2023-04-26 15:53:39 info: =================================
2023-04-26 15:53:42 info: =================================
2023-04-26 15:53:42 info: ======= ENV: development =======
2023-04-26 15:53:42 info: 🚀 App listening on the port 3000
2023-04-26 15:53:42 info: =================================
2023-04-26 15:53:46 info: =================================
2023-04-26 15:53:46 info: ======= ENV: development =======
2023-04-26 15:53:46 info: 🚀 App listening on the port 3000
2023-04-26 15:53:46 info: =================================
2023-04-26 15:53:49 info: =================================
2023-04-26 15:53:49 info: ======= ENV: development =======
2023-04-26 15:53:49 info: 🚀 App listening on the port 3000
2023-04-26 15:53:49 info: =================================
2023-04-26 15:53:59 info: =================================
2023-04-26 15:53:59 info: ======= ENV: development =======
2023-04-26 15:53:59 info: 🚀 App listening on the port 3000
2023-04-26 15:53:59 info: =================================
2023-04-26 15:54:11 info: =================================
2023-04-26 15:54:11 info: ======= ENV: development =======
2023-04-26 15:54:11 info: 🚀 App listening on the port 3000
2023-04-26 15:54:11 info: =================================
2023-04-26 15:54:17 info: =================================
2023-04-26 15:54:17 info: ======= ENV: development =======
2023-04-26 15:54:17 info: 🚀 App listening on the port 3000
2023-04-26 15:54:17 info: =================================
2023-04-26 15:55:34 info: =================================
2023-04-26 15:55:34 info: ======= ENV: development =======
2023-04-26 15:55:34 info: 🚀 App listening on the port 3000
2023-04-26 15:55:34 info: =================================
2023-04-26 15:55:46 info: =================================
2023-04-26 15:55:46 info: ======= ENV: development =======
2023-04-26 15:55:46 info: 🚀 App listening on the port 3000
2023-04-26 15:55:46 info: =================================
2023-04-26 15:55:51 info: =================================
2023-04-26 15:55:51 info: ======= ENV: development =======
2023-04-26 15:55:51 info: 🚀 App listening on the port 3000
2023-04-26 15:55:51 info: =================================
2023-04-26 15:55:55 info: =================================
2023-04-26 15:55:55 info: ======= ENV: development =======
2023-04-26 15:55:55 info: 🚀 App listening on the port 3000
2023-04-26 15:55:55 info: =================================
2023-04-26 15:56:08 info: =================================
2023-04-26 15:56:08 info: ======= ENV: development =======
2023-04-26 15:56:08 info: 🚀 App listening on the port 3000
2023-04-26 15:56:08 info: =================================
2023-04-26 15:56:28 info: =================================
2023-04-26 15:56:28 info: ======= ENV: development =======
2023-04-26 15:56:28 info: 🚀 App listening on the port 3000
2023-04-26 15:56:28 info: =================================
2023-04-26 15:56:41 info: =================================
2023-04-26 15:56:41 info: ======= ENV: development =======
2023-04-26 15:56:41 info: 🚀 App listening on the port 3000
2023-04-26 15:56:41 info: =================================
2023-04-26 15:56:47 info: =================================
2023-04-26 15:56:47 info: ======= ENV: development =======
2023-04-26 15:56:47 info: 🚀 App listening on the port 3000
2023-04-26 15:56:47 info: =================================
2023-04-26 15:56:52 info: =================================
2023-04-26 15:56:52 info: ======= ENV: development =======
2023-04-26 15:56:52 info: 🚀 App listening on the port 3000
2023-04-26 15:56:52 info: =================================
2023-04-26 15:56:57 info: =================================
2023-04-26 15:56:57 info: ======= ENV: development =======
2023-04-26 15:56:57 info: 🚀 App listening on the port 3000
2023-04-26 15:56:57 info: =================================
2023-04-26 15:57:03 info: =================================
2023-04-26 15:57:03 info: ======= ENV: development =======
2023-04-26 15:57:03 info: 🚀 App listening on the port 3000
2023-04-26 15:57:03 info: =================================
2023-04-26 15:57:05 info: =================================
2023-04-26 15:57:05 info: ======= ENV: development =======
2023-04-26 15:57:05 info: 🚀 App listening on the port 3000
2023-04-26 15:57:05 info: =================================
2023-04-26 15:57:08 info: =================================
2023-04-26 15:57:08 info: ======= ENV: development =======
2023-04-26 15:57:08 info: 🚀 App listening on the port 3000
2023-04-26 15:57:08 info: =================================
2023-04-26 15:57:18 info: =================================
2023-04-26 15:57:18 info: ======= ENV: development =======
2023-04-26 15:57:18 info: 🚀 App listening on the port 3000
2023-04-26 15:57:18 info: =================================
2023-04-26 15:57:29 info: =================================
2023-04-26 15:57:29 info: ======= ENV: development =======
2023-04-26 15:57:29 info: 🚀 App listening on the port 3000
2023-04-26 15:57:29 info: =================================
2023-04-26 15:57:42 info: =================================
2023-04-26 15:57:42 info: ======= ENV: development =======
2023-04-26 15:57:42 info: 🚀 App listening on the port 3000
2023-04-26 15:57:42 info: =================================
2023-04-26 15:57:45 info: =================================
2023-04-26 15:57:45 info: ======= ENV: development =======
2023-04-26 15:57:45 info: 🚀 App listening on the port 3000
2023-04-26 15:57:45 info: =================================
2023-04-26 15:57:51 info: =================================
2023-04-26 15:57:51 info: ======= ENV: development =======
2023-04-26 15:57:51 info: 🚀 App listening on the port 3000
2023-04-26 15:57:51 info: =================================
2023-04-26 15:57:58 info: =================================
2023-04-26 15:57:58 info: ======= ENV: development =======
2023-04-26 15:57:58 info: 🚀 App listening on the port 3000
2023-04-26 15:57:58 info: =================================
2023-04-26 15:58:11 info: =================================
2023-04-26 15:58:11 info: ======= ENV: development =======
2023-04-26 15:58:11 info: 🚀 App listening on the port 3000
2023-04-26 15:58:11 info: =================================
2023-04-26 15:58:20 info: =================================
2023-04-26 15:58:20 info: ======= ENV: development =======
2023-04-26 15:58:20 info: 🚀 App listening on the port 3000
2023-04-26 15:58:20 info: =================================
2023-04-26 15:58:30 info: =================================
2023-04-26 15:58:30 info: ======= ENV: development =======
2023-04-26 15:58:30 info: 🚀 App listening on the port 3000
2023-04-26 15:58:30 info: =================================
2023-04-26 15:58:37 info: =================================
2023-04-26 15:58:37 info: ======= ENV: development =======
2023-04-26 15:58:37 info: 🚀 App listening on the port 3000
2023-04-26 15:58:37 info: =================================
2023-04-26 15:58:51 info: =================================
2023-04-26 15:58:51 info: ======= ENV: development =======
2023-04-26 15:58:51 info: 🚀 App listening on the port 3000
2023-04-26 15:58:51 info: =================================
2023-04-26 15:58:54 info: =================================
2023-04-26 15:58:54 info: ======= ENV: development =======
2023-04-26 15:58:54 info: 🚀 App listening on the port 3000
2023-04-26 15:58:54 info: =================================
2023-04-26 15:59:00 info: =================================
2023-04-26 15:59:00 info: ======= ENV: development =======
2023-04-26 15:59:00 info: 🚀 App listening on the port 3000
2023-04-26 15:59:00 info: =================================
2023-04-26 15:59:10 info: =================================
2023-04-26 15:59:10 info: ======= ENV: development =======
2023-04-26 15:59:10 info: 🚀 App listening on the port 3000
2023-04-26 15:59:10 info: =================================
2023-04-26 15:59:14 info: =================================
2023-04-26 15:59:14 info: ======= ENV: development =======
2023-04-26 15:59:14 info: 🚀 App listening on the port 3000
2023-04-26 15:59:14 info: =================================
2023-04-26 15:59:40 info: =================================
2023-04-26 15:59:40 info: ======= ENV: development =======
2023-04-26 15:59:40 info: 🚀 App listening on the port 3000
2023-04-26 15:59:40 info: =================================
2023-04-26 15:59:47 info: =================================
2023-04-26 15:59:47 info: ======= ENV: development =======
2023-04-26 15:59:47 info: 🚀 App listening on the port 3000
2023-04-26 15:59:47 info: =================================
2023-04-26 15:59:50 info: =================================
2023-04-26 15:59:50 info: ======= ENV: development =======
2023-04-26 15:59:50 info: 🚀 App listening on the port 3000
2023-04-26 15:59:50 info: =================================
2023-04-26 16:01:30 info: =================================
2023-04-26 16:01:30 info: ======= ENV: development =======
2023-04-26 16:01:30 info: 🚀 App listening on the port 3000
2023-04-26 16:01:30 info: =================================
2023-04-26 16:01:42 info: =================================
2023-04-26 16:01:42 info: ======= ENV: development =======
2023-04-26 16:01:42 info: 🚀 App listening on the port 3000
2023-04-26 16:01:42 info: =================================
2023-04-26 16:02:20 info: =================================
2023-04-26 16:02:20 info: ======= ENV: development =======
2023-04-26 16:02:20 info: 🚀 App listening on the port 3000
2023-04-26 16:02:20 info: =================================
2023-04-26 16:02:32 info: =================================
2023-04-26 16:02:32 info: ======= ENV: development =======
2023-04-26 16:02:32 info: 🚀 App listening on the port 3000
2023-04-26 16:02:32 info: =================================
2023-04-26 16:02:43 info: =================================
2023-04-26 16:02:43 info: ======= ENV: development =======
2023-04-26 16:02:43 info: 🚀 App listening on the port 3000
2023-04-26 16:02:43 info: =================================
2023-04-26 16:02:47 info: =================================
2023-04-26 16:02:47 info: ======= ENV: development =======
2023-04-26 16:02:47 info: 🚀 App listening on the port 3000
2023-04-26 16:02:47 info: =================================
2023-04-26 16:02:52 info: =================================
2023-04-26 16:02:52 info: ======= ENV: development =======
2023-04-26 16:02:52 info: 🚀 App listening on the port 3000
2023-04-26 16:02:52 info: =================================
2023-04-26 16:03:01 info: =================================
2023-04-26 16:03:01 info: ======= ENV: development =======
2023-04-26 16:03:01 info: 🚀 App listening on the port 3000
2023-04-26 16:03:01 info: =================================
2023-04-26 16:03:14 info: =================================
2023-04-26 16:03:14 info: ======= ENV: development =======
2023-04-26 16:03:14 info: 🚀 App listening on the port 3000
2023-04-26 16:03:14 info: =================================
2023-04-26 16:03:21 info: =================================
2023-04-26 16:03:21 info: ======= ENV: development =======
2023-04-26 16:03:21 info: 🚀 App listening on the port 3000
2023-04-26 16:03:21 info: =================================
2023-04-26 16:03:26 info: =================================
2023-04-26 16:03:26 info: ======= ENV: development =======
2023-04-26 16:03:26 info: 🚀 App listening on the port 3000
2023-04-26 16:03:26 info: =================================
2023-04-26 16:03:30 info: =================================
2023-04-26 16:03:30 info: ======= ENV: development =======
2023-04-26 16:03:30 info: 🚀 App listening on the port 3000
2023-04-26 16:03:30 info: =================================
2023-04-26 16:03:36 info: =================================
2023-04-26 16:03:36 info: ======= ENV: development =======
2023-04-26 16:03:36 info: 🚀 App listening on the port 3000
2023-04-26 16:03:36 info: =================================
2023-04-26 16:03:42 info: =================================
2023-04-26 16:03:42 info: ======= ENV: development =======
2023-04-26 16:03:42 info: 🚀 App listening on the port 3000
2023-04-26 16:03:42 info: =================================
2023-04-26 16:03:45 info: =================================
2023-04-26 16:03:45 info: ======= ENV: development =======
2023-04-26 16:03:45 info: 🚀 App listening on the port 3000
2023-04-26 16:03:45 info: =================================
2023-04-26 16:03:49 info: =================================
2023-04-26 16:03:49 info: ======= ENV: development =======
2023-04-26 16:03:49 info: 🚀 App listening on the port 3000
2023-04-26 16:03:49 info: =================================
2023-04-26 16:03:59 info: =================================
2023-04-26 16:03:59 info: ======= ENV: development =======
2023-04-26 16:03:59 info: 🚀 App listening on the port 3000
2023-04-26 16:03:59 info: =================================
2023-04-26 16:04:05 info: =================================
2023-04-26 16:04:05 info: ======= ENV: development =======
2023-04-26 16:04:05 info: 🚀 App listening on the port 3000
2023-04-26 16:04:05 info: =================================
2023-04-26 16:04:12 info: =================================
2023-04-26 16:04:12 info: ======= ENV: development =======
2023-04-26 16:04:12 info: 🚀 App listening on the port 3000
2023-04-26 16:04:12 info: =================================
2023-04-26 16:04:17 info: =================================
2023-04-26 16:04:17 info: ======= ENV: development =======
2023-04-26 16:04:17 info: 🚀 App listening on the port 3000
2023-04-26 16:04:17 info: =================================
2023-04-26 16:04:20 info: =================================
2023-04-26 16:04:20 info: ======= ENV: development =======
2023-04-26 16:04:20 info: 🚀 App listening on the port 3000
2023-04-26 16:04:20 info: =================================
2023-04-26 16:04:25 info: =================================
2023-04-26 16:04:25 info: ======= ENV: development =======
2023-04-26 16:04:25 info: 🚀 App listening on the port 3000
2023-04-26 16:04:25 info: =================================
2023-04-26 16:04:42 info: =================================
2023-04-26 16:04:42 info: ======= ENV: development =======
2023-04-26 16:04:42 info: 🚀 App listening on the port 3000
2023-04-26 16:04:42 info: =================================
2023-04-26 16:04:50 info: =================================
2023-04-26 16:04:50 info: ======= ENV: development =======
2023-04-26 16:04:50 info: 🚀 App listening on the port 3000
2023-04-26 16:04:50 info: =================================
2023-04-26 16:04:53 info: =================================
2023-04-26 16:04:53 info: ======= ENV: development =======
2023-04-26 16:04:53 info: 🚀 App listening on the port 3000
2023-04-26 16:04:53 info: =================================
2023-04-26 16:04:59 info: =================================
2023-04-26 16:04:59 info: ======= ENV: development =======
2023-04-26 16:04:59 info: 🚀 App listening on the port 3000
2023-04-26 16:04:59 info: =================================
2023-04-26 16:05:04 info: =================================
2023-04-26 16:05:04 info: ======= ENV: development =======
2023-04-26 16:05:04 info: 🚀 App listening on the port 3000
2023-04-26 16:05:04 info: =================================
2023-04-26 16:05:07 info: =================================
2023-04-26 16:05:07 info: ======= ENV: development =======
2023-04-26 16:05:07 info: 🚀 App listening on the port 3000
2023-04-26 16:05:07 info: =================================
2023-04-26 16:05:13 info: =================================
2023-04-26 16:05:13 info: ======= ENV: development =======
2023-04-26 16:05:13 info: 🚀 App listening on the port 3000
2023-04-26 16:05:13 info: =================================
2023-04-26 16:05:20 info: =================================
2023-04-26 16:05:20 info: ======= ENV: development =======
2023-04-26 16:05:20 info: 🚀 App listening on the port 3000
2023-04-26 16:05:20 info: =================================
2023-04-26 16:05:23 info: =================================
2023-04-26 16:05:23 info: ======= ENV: development =======
2023-04-26 16:05:23 info: 🚀 App listening on the port 3000
2023-04-26 16:05:23 info: =================================
2023-04-26 16:06:42 info: =================================
2023-04-26 16:06:42 info: ======= ENV: development =======
2023-04-26 16:06:42 info: 🚀 App listening on the port 3000
2023-04-26 16:06:42 info: =================================
2023-04-26 16:06:55 info: =================================
2023-04-26 16:06:55 info: ======= ENV: development =======
2023-04-26 16:06:55 info: 🚀 App listening on the port 3000
2023-04-26 16:06:55 info: =================================
2023-04-26 16:07:14 info: =================================
2023-04-26 16:07:14 info: ======= ENV: development =======
2023-04-26 16:07:14 info: 🚀 App listening on the port 3000
2023-04-26 16:07:14 info: =================================
2023-04-26 16:07:20 info: =================================
2023-04-26 16:07:20 info: ======= ENV: development =======
2023-04-26 16:07:20 info: 🚀 App listening on the port 3000
2023-04-26 16:07:20 info: =================================
2023-04-26 16:07:27 info: =================================
2023-04-26 16:07:27 info: ======= ENV: development =======
2023-04-26 16:07:27 info: 🚀 App listening on the port 3000
2023-04-26 16:07:27 info: =================================
2023-04-26 16:07:31 info: =================================
2023-04-26 16:07:31 info: ======= ENV: development =======
2023-04-26 16:07:31 info: 🚀 App listening on the port 3000
2023-04-26 16:07:31 info: =================================
2023-04-26 16:07:44 info: =================================
2023-04-26 16:07:44 info: ======= ENV: development =======
2023-04-26 16:07:44 info: 🚀 App listening on the port 3000
2023-04-26 16:07:44 info: =================================
2023-04-26 16:07:49 info: =================================
2023-04-26 16:07:49 info: ======= ENV: development =======
2023-04-26 16:07:49 info: 🚀 App listening on the port 3000
2023-04-26 16:07:49 info: =================================
2023-04-26 16:07:53 info: =================================
2023-04-26 16:07:53 info: ======= ENV: development =======
2023-04-26 16:07:53 info: 🚀 App listening on the port 3000
2023-04-26 16:07:53 info: =================================
2023-04-26 16:07:56 info: =================================
2023-04-26 16:07:56 info: ======= ENV: development =======
2023-04-26 16:07:56 info: 🚀 App listening on the port 3000
2023-04-26 16:07:56 info: =================================
2023-04-26 16:08:05 info: =================================
2023-04-26 16:08:05 info: ======= ENV: development =======
2023-04-26 16:08:05 info: 🚀 App listening on the port 3000
2023-04-26 16:08:05 info: =================================
2023-04-26 16:08:08 info: =================================
2023-04-26 16:08:08 info: ======= ENV: development =======
2023-04-26 16:08:08 info: 🚀 App listening on the port 3000
2023-04-26 16:08:08 info: =================================
2023-04-26 16:08:13 info: =================================
2023-04-26 16:08:13 info: ======= ENV: development =======
2023-04-26 16:08:13 info: 🚀 App listening on the port 3000
2023-04-26 16:08:13 info: =================================
2023-04-26 16:08:17 info: =================================
2023-04-26 16:08:17 info: ======= ENV: development =======
2023-04-26 16:08:17 info: 🚀 App listening on the port 3000
2023-04-26 16:08:17 info: =================================
2023-04-26 16:08:19 info: =================================
2023-04-26 16:08:19 info: ======= ENV: development =======
2023-04-26 16:08:19 info: 🚀 App listening on the port 3000
2023-04-26 16:08:19 info: =================================
2023-04-26 16:08:22 info: =================================
2023-04-26 16:08:22 info: ======= ENV: development =======
2023-04-26 16:08:22 info: 🚀 App listening on the port 3000
2023-04-26 16:08:22 info: =================================
2023-04-26 16:08:31 info: =================================
2023-04-26 16:08:31 info: ======= ENV: development =======
2023-04-26 16:08:31 info: 🚀 App listening on the port 3000
2023-04-26 16:08:31 info: =================================
2023-04-26 16:08:35 info: =================================
2023-04-26 16:08:35 info: ======= ENV: development =======
2023-04-26 16:08:35 info: 🚀 App listening on the port 3000
2023-04-26 16:08:35 info: =================================
2023-04-26 16:08:39 info: =================================
2023-04-26 16:08:39 info: ======= ENV: development =======
2023-04-26 16:08:39 info: 🚀 App listening on the port 3000
2023-04-26 16:08:39 info: =================================
2023-04-26 16:08:44 info: =================================
2023-04-26 16:08:44 info: ======= ENV: development =======
2023-04-26 16:08:44 info: 🚀 App listening on the port 3000
2023-04-26 16:08:44 info: =================================
2023-04-26 16:08:50 info: =================================
2023-04-26 16:08:50 info: ======= ENV: development =======
2023-04-26 16:08:50 info: 🚀 App listening on the port 3000
2023-04-26 16:08:50 info: =================================
2023-04-26 16:08:53 info: =================================
2023-04-26 16:08:53 info: ======= ENV: development =======
2023-04-26 16:08:53 info: 🚀 App listening on the port 3000
2023-04-26 16:08:53 info: =================================
2023-04-26 16:08:57 info: =================================
2023-04-26 16:08:57 info: ======= ENV: development =======
2023-04-26 16:08:57 info: 🚀 App listening on the port 3000
2023-04-26 16:08:57 info: =================================
2023-04-26 16:09:00 info: =================================
2023-04-26 16:09:00 info: ======= ENV: development =======
2023-04-26 16:09:00 info: 🚀 App listening on the port 3000
2023-04-26 16:09:00 info: =================================
2023-04-26 16:09:05 info: =================================
2023-04-26 16:09:05 info: ======= ENV: development =======
2023-04-26 16:09:05 info: 🚀 App listening on the port 3000
2023-04-26 16:09:05 info: =================================
2023-04-26 16:09:11 info: =================================
2023-04-26 16:09:11 info: ======= ENV: development =======
2023-04-26 16:09:11 info: 🚀 App listening on the port 3000
2023-04-26 16:09:11 info: =================================
2023-04-26 16:10:43 info: =================================
2023-04-26 16:10:43 info: ======= ENV: development =======
2023-04-26 16:10:43 info: 🚀 App listening on the port 3000
2023-04-26 16:10:43 info: =================================
2023-04-26 16:12:09 info: =================================
2023-04-26 16:12:09 info: ======= ENV: development =======
2023-04-26 16:12:09 info: 🚀 App listening on the port 3000
2023-04-26 16:12:09 info: =================================
2023-04-26 16:12:34 info: =================================
2023-04-26 16:12:34 info: ======= ENV: development =======
2023-04-26 16:12:34 info: 🚀 App listening on the port 3000
2023-04-26 16:12:34 info: =================================
2023-04-26 16:16:25 info: [0mGET /admin/b16f70c6e7ca80ffd16eda20f428282fedb87d6a [33m404[0m 4.444 ms - 185[0m
2023-04-26 16:16:46 info: [0mGET /admin/identityCard/b16f70c6e7ca80ffd16eda20f428282fedb87d6a [33m404[0m 1.579 ms - 198[0m
2023-04-26 16:17:10 info: =================================
2023-04-26 16:17:10 info: ======= ENV: development =======
2023-04-26 16:17:10 info: 🚀 App listening on the port 3000
2023-04-26 16:17:10 info: =================================
2023-04-26 16:17:14 info: =================================
2023-04-26 16:17:14 info: ======= ENV: development =======
2023-04-26 16:17:14 info: 🚀 App listening on the port 3000
2023-04-26 16:17:14 info: =================================
2023-04-26 16:17:14 info: [0mGET /admin/identityCard/b16f70c6e7ca80ffd16eda20f428282fedb87d6a [33m404[0m 4.152 ms - 198[0m
2023-04-26 16:17:36 info: =================================
2023-04-26 16:17:36 info: ======= ENV: development =======
2023-04-26 16:17:36 info: 🚀 App listening on the port 3000
2023-04-26 16:17:36 info: =================================
2023-04-26 16:17:39 info: [0mGET /admin/identityCard/b16f70c6e7ca80ffd16eda20f428282fedb87d6a [33m404[0m 4.283 ms - 198[0m
2023-04-26 16:17:48 info: [0mGET /admin/identityCard/b16f70c6e7ca80ffd16eda20f428282fedb87d6a [33m404[0m 1.561 ms - 198[0m
2023-04-26 16:18:51 info: =================================
2023-04-26 16:18:51 info: ======= ENV: development =======
2023-04-26 16:18:51 info: 🚀 App listening on the port 3000
2023-04-26 16:18:51 info: =================================
2023-04-26 16:19:22 info: [0mGET /admin/identityCard/b16f70c6e7ca80ffd16eda20f428282fedb87d6a [0m-[0m - ms - -[0m
2023-04-26 16:19:57 info: =================================
2023-04-26 16:19:57 info: ======= ENV: development =======
2023-04-26 16:19:57 info: 🚀 App listening on the port 3000
2023-04-26 16:19:57 info: =================================
2023-04-26 16:19:57 info: [0mGET /admin/identityCard/b16f70c6e7ca80ffd16eda20f428282fedb87d6a [32m201[0m 461.440 ms - 2[0m
2023-04-26 16:20:21 info: =================================
2023-04-26 16:20:21 info: ======= ENV: development =======
2023-04-26 16:20:21 info: 🚀 App listening on the port 3000
2023-04-26 16:20:21 info: =================================
2023-04-26 16:20:24 info: [0mGET /admin/identityCard/b16f70c6e7ca80ffd16eda20f428282fedb87d6a [32m201[0m 482.685 ms - 220[0m
2023-04-26 16:21:30 info: =================================
2023-04-26 16:21:30 info: ======= ENV: development =======
2023-04-26 16:21:30 info: 🚀 App listening on the port 3000
2023-04-26 16:21:30 info: =================================
2023-04-26 16:21:33 info: =================================
2023-04-26 16:21:33 info: ======= ENV: development =======
2023-04-26 16:21:33 info: 🚀 App listening on the port 3000
2023-04-26 16:21:33 info: =================================
2023-04-26 16:21:37 info: =================================
2023-04-26 16:21:37 info: ======= ENV: development =======
2023-04-26 16:21:37 info: 🚀 App listening on the port 3000
2023-04-26 16:21:37 info: =================================
2023-04-26 16:21:40 info: =================================
2023-04-26 16:21:40 info: ======= ENV: development =======
2023-04-26 16:21:40 info: 🚀 App listening on the port 3000
2023-04-26 16:21:40 info: =================================
2023-04-26 16:21:53 info: =================================
2023-04-26 16:21:53 info: ======= ENV: development =======
2023-04-26 16:21:53 info: 🚀 App listening on the port 3000
2023-04-26 16:21:53 info: =================================
2023-04-26 16:21:55 info: =================================
2023-04-26 16:21:55 info: ======= ENV: development =======
2023-04-26 16:21:55 info: 🚀 App listening on the port 3000
2023-04-26 16:21:55 info: =================================
2023-04-26 16:22:01 info: =================================
2023-04-26 16:22:01 info: ======= ENV: development =======
2023-04-26 16:22:01 info: 🚀 App listening on the port 3000
2023-04-26 16:22:01 info: =================================
2023-04-26 16:22:08 info: =================================
2023-04-26 16:22:08 info: ======= ENV: development =======
2023-04-26 16:22:08 info: 🚀 App listening on the port 3000
2023-04-26 16:22:08 info: =================================
2023-04-26 16:22:15 info: =================================
2023-04-26 16:22:15 info: ======= ENV: development =======
2023-04-26 16:22:15 info: 🚀 App listening on the port 3000
2023-04-26 16:22:15 info: =================================
2023-04-26 16:22:19 info: =================================
2023-04-26 16:22:19 info: ======= ENV: development =======
2023-04-26 16:22:19 info: 🚀 App listening on the port 3000
2023-04-26 16:22:19 info: =================================
2023-04-26 16:22:22 info: =================================
2023-04-26 16:22:22 info: ======= ENV: development =======
2023-04-26 16:22:22 info: 🚀 App listening on the port 3000
2023-04-26 16:22:22 info: =================================
2023-04-26 16:23:00 info: [0mGET /admin/identityCard/cus_NmLXh0ms2IoGSe [32m201[0m 465.533 ms - 2[0m
2023-04-26 16:23:17 info: =================================
2023-04-26 16:23:17 info: ======= ENV: development =======
2023-04-26 16:23:17 info: 🚀 App listening on the port 3000
2023-04-26 16:23:17 info: =================================
2023-04-26 16:23:22 info: =================================
2023-04-26 16:23:22 info: ======= ENV: development =======
2023-04-26 16:23:22 info: 🚀 App listening on the port 3000
2023-04-26 16:23:22 info: =================================
2023-04-26 16:23:24 info: [0mGET /admin/identityCard/cus_NmLXh0ms2IoGSe [32m201[0m 460.865 ms - 2[0m
2023-04-26 16:23:42 info: =================================
2023-04-26 16:23:42 info: ======= ENV: development =======
2023-04-26 16:23:42 info: 🚀 App listening on the port 3000
2023-04-26 16:23:42 info: =================================
2023-04-26 16:23:45 info: =================================
2023-04-26 16:23:45 info: ======= ENV: development =======
2023-04-26 16:23:45 info: 🚀 App listening on the port 3000
2023-04-26 16:23:45 info: =================================
2023-04-26 16:23:46 info: [0mGET /admin/identityCard/cus_NmLXh0ms2IoGSe [32m201[0m 498.661 ms - 23[0m
2023-04-26 16:23:51 info: [0mGET /admin/identityCard/cus_NmLXh0ms2IoGSe [32m201[0m 397.679 ms - 23[0m
2023-04-26 16:24:02 info: =================================
2023-04-26 16:24:02 info: ======= ENV: development =======
2023-04-26 16:24:02 info: 🚀 App listening on the port 3000
2023-04-26 16:24:02 info: =================================
2023-04-26 16:24:04 info: [0mGET /admin/identityCard/cus_NmLXh0ms2IoGSe [32m201[0m 465.405 ms - 220[0m
2023-04-26 16:24:35 info: =================================
2023-04-26 16:24:35 info: ======= ENV: development =======
2023-04-26 16:24:35 info: 🚀 App listening on the port 3000
2023-04-26 16:24:35 info: =================================
2023-04-26 16:24:43 info: =================================
2023-04-26 16:24:43 info: ======= ENV: development =======
2023-04-26 16:24:43 info: 🚀 App listening on the port 3000
2023-04-26 16:24:43 info: =================================
2023-04-26 16:24:51 info: =================================
2023-04-26 16:24:51 info: ======= ENV: development =======
2023-04-26 16:24:51 info: 🚀 App listening on the port 3000
2023-04-26 16:24:51 info: =================================
2023-04-26 16:24:56 info: =================================
2023-04-26 16:24:56 info: ======= ENV: development =======
2023-04-26 16:24:56 info: 🚀 App listening on the port 3000
2023-04-26 16:24:56 info: =================================
2023-04-26 16:25:11 info: =================================
2023-04-26 16:25:11 info: ======= ENV: development =======
2023-04-26 16:25:11 info: 🚀 App listening on the port 3000
2023-04-26 16:25:11 info: =================================
2023-04-26 16:25:16 info: =================================
2023-04-26 16:25:16 info: ======= ENV: development =======
2023-04-26 16:25:16 info: 🚀 App listening on the port 3000
2023-04-26 16:25:16 info: =================================
2023-04-26 16:25:19 info: =================================
2023-04-26 16:25:19 info: ======= ENV: development =======
2023-04-26 16:25:19 info: 🚀 App listening on the port 3000
2023-04-26 16:25:19 info: =================================
2023-04-26 16:25:52 info: =================================
2023-04-26 16:25:52 info: ======= ENV: development =======
2023-04-26 16:25:52 info: 🚀 App listening on the port 3000
2023-04-26 16:25:52 info: =================================
2023-04-26 16:25:56 info: =================================
2023-04-26 16:25:56 info: ======= ENV: development =======
2023-04-26 16:25:56 info: 🚀 App listening on the port 3000
2023-04-26 16:25:56 info: =================================
2023-04-26 16:26:06 info: =================================
2023-04-26 16:26:06 info: ======= ENV: development =======
2023-04-26 16:26:06 info: 🚀 App listening on the port 3000
2023-04-26 16:26:06 info: =================================
2023-04-26 16:26:14 info: =================================
2023-04-26 16:26:14 info: ======= ENV: development =======
2023-04-26 16:26:14 info: 🚀 App listening on the port 3000
2023-04-26 16:26:14 info: =================================
2023-04-26 16:26:20 info: =================================
2023-04-26 16:26:20 info: ======= ENV: development =======
2023-04-26 16:26:20 info: 🚀 App listening on the port 3000
2023-04-26 16:26:20 info: =================================
2023-04-26 16:26:31 info: =================================
2023-04-26 16:26:31 info: ======= ENV: development =======
2023-04-26 16:26:31 info: 🚀 App listening on the port 3000
2023-04-26 16:26:31 info: =================================
2023-04-26 16:26:37 info: =================================
2023-04-26 16:26:37 info: ======= ENV: development =======
2023-04-26 16:26:37 info: 🚀 App listening on the port 3000
2023-04-26 16:26:37 info: =================================
2023-04-26 16:26:44 info: =================================
2023-04-26 16:26:44 info: ======= ENV: development =======
2023-04-26 16:26:44 info: 🚀 App listening on the port 3000
2023-04-26 16:26:44 info: =================================
2023-04-26 16:26:47 info: =================================
2023-04-26 16:26:47 info: ======= ENV: development =======
2023-04-26 16:26:47 info: 🚀 App listening on the port 3000
2023-04-26 16:26:47 info: =================================
2023-04-26 16:27:10 info: =================================
2023-04-26 16:27:10 info: ======= ENV: development =======
2023-04-26 16:27:10 info: 🚀 App listening on the port 3000
2023-04-26 16:27:10 info: =================================
2023-04-26 16:27:13 info: =================================
2023-04-26 16:27:13 info: ======= ENV: development =======
2023-04-26 16:27:13 info: 🚀 App listening on the port 3000
2023-04-26 16:27:13 info: =================================
2023-04-26 16:27:16 info: =================================
2023-04-26 16:27:16 info: ======= ENV: development =======
2023-04-26 16:27:16 info: 🚀 App listening on the port 3000
2023-04-26 16:27:16 info: =================================
2023-04-26 16:27:36 info: =================================
2023-04-26 16:27:36 info: ======= ENV: development =======
2023-04-26 16:27:36 info: 🚀 App listening on the port 3000
2023-04-26 16:27:36 info: =================================
2023-04-26 16:27:49 info: =================================
2023-04-26 16:27:49 info: ======= ENV: development =======
2023-04-26 16:27:49 info: 🚀 App listening on the port 3000
2023-04-26 16:27:49 info: =================================
2023-04-26 16:27:53 info: =================================
2023-04-26 16:27:53 info: ======= ENV: development =======
2023-04-26 16:27:53 info: 🚀 App listening on the port 3000
2023-04-26 16:27:53 info: =================================
2023-04-26 16:27:57 info: =================================
2023-04-26 16:27:57 info: ======= ENV: development =======
2023-04-26 16:27:57 info: 🚀 App listening on the port 3000
2023-04-26 16:27:57 info: =================================
2023-04-26 16:28:26 info: =================================
2023-04-26 16:28:26 info: ======= ENV: development =======
2023-04-26 16:28:26 info: 🚀 App listening on the port 3000
2023-04-26 16:28:26 info: =================================
2023-04-26 16:29:13 info: =================================
2023-04-26 16:29:13 info: ======= ENV: development =======
2023-04-26 16:29:13 info: 🚀 App listening on the port 3000
2023-04-26 16:29:13 info: =================================
2023-04-26 16:29:18 info: =================================
2023-04-26 16:29:18 info: ======= ENV: development =======
2023-04-26 16:29:18 info: 🚀 App listening on the port 3000
2023-04-26 16:29:18 info: =================================
2023-04-26 16:30:22 info: =================================
2023-04-26 16:30:22 info: ======= ENV: development =======
2023-04-26 16:30:22 info: 🚀 App listening on the port 3000
2023-04-26 16:30:22 info: =================================
2023-04-26 16:30:27 info: =================================
2023-04-26 16:30:27 info: ======= ENV: development =======
2023-04-26 16:30:27 info: 🚀 App listening on the port 3000
2023-04-26 16:30:27 info: =================================
2023-04-26 16:30:39 info: =================================
2023-04-26 16:30:39 info: ======= ENV: development =======
2023-04-26 16:30:39 info: 🚀 App listening on the port 3000
2023-04-26 16:30:39 info: =================================
2023-04-26 16:30:43 info: =================================
2023-04-26 16:30:43 info: ======= ENV: development =======
2023-04-26 16:30:43 info: 🚀 App listening on the port 3000
2023-04-26 16:30:43 info: =================================
2023-04-26 16:30:47 info: =================================
2023-04-26 16:30:47 info: ======= ENV: development =======
2023-04-26 16:30:47 info: 🚀 App listening on the port 3000
2023-04-26 16:30:47 info: =================================
2023-04-26 16:31:53 info: [0mGET /admin/identityCard/cus_NmLXh0ms2IoGSe [32m201[0m 419.951 ms - 220[0m
