2023-05-14 00:00:07 info: [0mGET /albums/categories [32m201[0m 826.182 ms - 234[0m
2023-05-14 00:00:07 info: [0mGET /albums/category/dgfbbtrhegbtrgre419ger [32m201[0m 960.095 ms - -[0m
2023-05-14 00:00:08 info: [0mGET /albums/popular [32m201[0m 951.085 ms - -[0m
2023-05-14 00:00:17 info: [0mGET /albums/categories [32m201[0m 715.587 ms - 234[0m
2023-05-14 00:00:18 info: [0mGET /albums/popular [32m201[0m 777.143 ms - -[0m
2023-05-14 00:00:18 info: [0mGET /albums/category/dgfbbtrhegbtrgre419ger [32m201[0m 661.534 ms - -[0m
2023-05-14 00:01:12 info: [0mGET /albums/categories [32m201[0m 677.813 ms - 234[0m
2023-05-14 00:01:12 info: [0mGET /albums/category/dgfbbtrhegbtrgre419ger [32m201[0m 722.208 ms - -[0m
2023-05-14 00:01:12 info: [0mGET /albums/popular [32m201[0m 805.272 ms - -[0m
2023-05-14 00:01:23 info: [0mGET /albums/categories [32m201[0m 784.588 ms - 234[0m
2023-05-14 00:01:23 info: [0mGET /albums/category/dgfbbtrhegbtrgre419ger [32m201[0m 783.564 ms - -[0m
2023-05-14 00:01:23 info: [0mGET /albums/popular [32m201[0m 865.744 ms - -[0m
2023-05-14 00:01:53 info: [0mGET /albums/categories [32m201[0m 863.900 ms - 234[0m
2023-05-14 00:01:53 info: [0mGET /albums/popular [32m201[0m 954.716 ms - -[0m
2023-05-14 00:01:54 info: [0mGET /albums/category/dgfbbtrhegbtrgre419ger [32m201[0m 787.490 ms - -[0m
2023-05-14 00:05:20 info: [0mGET /albums/categories [32m201[0m 729.565 ms - 234[0m
2023-05-14 00:05:21 info: [0mGET /albums/popular [32m201[0m 789.309 ms - -[0m
2023-05-14 00:05:21 info: [0mGET /albums/category/dgfbbtrhegbtrgre419ger [32m201[0m 691.870 ms - -[0m
2023-05-14 00:05:57 info: [0mGET /albums/categories [32m201[0m 776.247 ms - 234[0m
2023-05-14 00:05:57 info: [0mGET /albums/popular [32m201[0m 872.191 ms - -[0m
2023-05-14 00:05:57 info: [0mGET /albums/category/dgfbbtrhegbtrgre419ger [32m201[0m 682.251 ms - -[0m
2023-05-14 00:07:17 info: [0mGET /albums/categories [32m201[0m 680.436 ms - 234[0m
2023-05-14 00:07:17 info: [0mGET /albums/category/dgfbbtrhegbtrgre419ger [32m201[0m 753.477 ms - -[0m
2023-05-14 00:07:17 info: [0mGET /albums/popular [32m201[0m 822.958 ms - -[0m
2023-05-14 00:07:27 info: [0mGET /albums/category/dgfbbtrhegbtrgre419ger [32m201[0m 717.199 ms - -[0m
2023-05-14 00:07:27 info: [0mGET /albums/categories [32m201[0m 761.868 ms - 234[0m
2023-05-14 00:07:27 info: [0mGET /albums/popular [32m201[0m 860.236 ms - -[0m
2023-05-14 00:07:44 info: [0mGET /albums/categories [32m201[0m 736.849 ms - 234[0m
2023-05-14 00:07:44 info: [0mGET /albums/popular [32m201[0m 964.672 ms - -[0m
2023-05-14 00:07:45 info: [0mGET /albums/category/dgfbbtrhegbtrgre419ger [32m201[0m 645.006 ms - -[0m
2023-05-14 00:10:21 info: [0mGET /albums/categories [32m201[0m 739.804 ms - 234[0m
2023-05-14 00:10:21 info: [0mGET /albums/popular [32m201[0m 790.367 ms - -[0m
2023-05-14 00:10:22 info: [0mGET /albums/category/dgfbbtrhegbtrgre419ger [32m201[0m 700.306 ms - -[0m
2023-05-14 00:10:47 info: [0mGET /albums/categories [32m201[0m 670.023 ms - 234[0m
2023-05-14 00:10:47 info: [0mGET /albums/popular [32m201[0m 894.592 ms - -[0m
2023-05-14 00:10:48 info: [0mGET /albums/category/dgfbbtrhegbtrgre419ger [32m201[0m 828.029 ms - -[0m
2023-05-14 00:11:27 info: [0mGET /albums/category/dgfbbtrhegbtrgre419ger [32m201[0m 697.743 ms - -[0m
2023-05-14 00:11:28 info: [0mGET /albums/categories [32m201[0m 701.676 ms - 234[0m
2023-05-14 00:11:28 info: [0mGET /albums/popular [32m201[0m 824.147 ms - -[0m
2023-05-14 00:12:59 info: [0mGET /albums/category/dgfbbtrhegbtrgre419ger [32m201[0m 743.296 ms - -[0m
2023-05-14 00:12:59 info: [0mGET /albums/categories [32m201[0m 761.150 ms - 234[0m
2023-05-14 00:12:59 info: [0mGET /albums/popular [32m201[0m 832.864 ms - -[0m
2023-05-14 00:23:21 info: [0mGET /albums/categories [32m201[0m 868.911 ms - 234[0m
2023-05-14 00:23:21 info: [0mGET /albums/category/dgfbbtrhegbtrgre419ger [32m201[0m 884.188 ms - -[0m
2023-05-14 00:23:21 info: [0mGET /albums/popular [32m201[0m 981.349 ms - -[0m
2023-05-14 00:23:29 info: [0mGET /albums/category/dgfbbtrhegbtrgre419ger [32m201[0m 862.146 ms - -[0m
2023-05-14 00:23:29 info: [0mGET /albums/categories [32m201[0m 1092.361 ms - 234[0m
2023-05-14 00:23:29 info: [0mGET /albums/popular [32m201[0m 1148.755 ms - -[0m
2023-05-14 00:27:17 info: [0mGET /albums/categories [32m201[0m 755.618 ms - 234[0m
2023-05-14 00:27:17 info: [0mGET /albums/popular [32m201[0m 807.892 ms - -[0m
2023-05-14 00:27:17 info: [0mGET /albums/category/dgfbbtrhegbtrgre419ger [32m201[0m 625.056 ms - -[0m
2023-05-14 00:27:36 info: [0mGET /albums/categories [32m201[0m 707.459 ms - 234[0m
2023-05-14 00:27:36 info: [0mGET /albums/popular [32m201[0m 805.943 ms - -[0m
2023-05-14 00:27:37 info: [0mGET /albums/category/dgfbbtrhegbtrgre419ger [32m201[0m 710.531 ms - -[0m
2023-05-14 00:28:11 info: [0mGET /albums/categories [32m201[0m 696.264 ms - 234[0m
2023-05-14 00:28:11 info: [0mGET /albums/popular [32m201[0m 814.434 ms - -[0m
2023-05-14 00:28:12 info: [0mGET /albums/category/dgfbbtrhegbtrgre419ger [32m201[0m 647.104 ms - -[0m
2023-05-14 00:29:50 info: [0mGET /albums/popular [32m201[0m 795.047 ms - -[0m
2023-05-14 00:29:50 info: [0mGET /albums/categories [32m201[0m 822.538 ms - 234[0m
2023-05-14 00:29:51 info: [0mGET /albums/category/dgfbbtrhegbtrgre419ger [32m201[0m 737.333 ms - -[0m
2023-05-14 00:31:32 info: [0mGET /albums/popular [32m201[0m 796.615 ms - -[0m
2023-05-14 00:31:32 info: [0mGET /albums/categories [32m201[0m 794.767 ms - 234[0m
2023-05-14 00:31:33 info: [0mGET /albums/category/dgfbbtrhegbtrgre419ger [32m201[0m 689.925 ms - -[0m
2023-05-14 17:27:09 info: =================================
2023-05-14 17:27:09 info: ======= ENV: development =======
2023-05-14 17:27:09 info: 🚀 App listening on the port 4000
2023-05-14 17:27:09 info: =================================
2023-05-14 17:27:53 info: [0mGET /albums/categories [32m201[0m 939.689 ms - 234[0m
2023-05-14 17:27:53 info: [0mGET /albums/popular [32m201[0m 1102.157 ms - -[0m
2023-05-14 17:27:54 info: [0mGET /albums/category/dgfbbtrhegbtrgre419ger [32m201[0m 605.860 ms - -[0m
