2023-04-17 10:52:36 info: =================================
2023-04-17 10:52:36 info: ======= ENV: development =======
2023-04-17 10:52:36 info: 🚀 App listening on the port 3000
2023-04-17 10:52:36 info: =================================
2023-04-17 10:55:36 info: =================================
2023-04-17 10:55:36 info: ======= ENV: development =======
2023-04-17 10:55:36 info: 🚀 App listening on the port 3000
2023-04-17 10:55:36 info: =================================
2023-04-17 10:55:45 info: =================================
2023-04-17 10:55:45 info: ======= ENV: development =======
2023-04-17 10:55:45 info: 🚀 App listening on the port 3000
2023-04-17 10:55:45 info: =================================
2023-04-17 10:55:53 info: =================================
2023-04-17 10:55:53 info: ======= ENV: development =======
2023-04-17 10:55:53 info: 🚀 App listening on the port 3000
2023-04-17 10:55:53 info: =================================
2023-04-17 10:56:06 info: =================================
2023-04-17 10:56:06 info: ======= ENV: development =======
2023-04-17 10:56:06 info: 🚀 App listening on the port 3000
2023-04-17 10:56:06 info: =================================
2023-04-17 10:56:29 info: =================================
2023-04-17 10:56:29 info: ======= ENV: development =======
2023-04-17 10:56:29 info: 🚀 App listening on the port 3000
2023-04-17 10:56:29 info: =================================
2023-04-17 10:56:35 info: =================================
2023-04-17 10:56:35 info: ======= ENV: development =======
2023-04-17 10:56:35 info: 🚀 App listening on the port 3000
2023-04-17 10:56:35 info: =================================
2023-04-17 10:56:38 info: =================================
2023-04-17 10:56:38 info: ======= ENV: development =======
2023-04-17 10:56:38 info: 🚀 App listening on the port 3000
2023-04-17 10:56:38 info: =================================
2023-04-17 10:57:26 info: =================================
2023-04-17 10:57:26 info: ======= ENV: development =======
2023-04-17 10:57:26 info: 🚀 App listening on the port 3000
2023-04-17 10:57:26 info: =================================
2023-04-17 10:57:41 info: =================================
2023-04-17 10:57:41 info: ======= ENV: development =======
2023-04-17 10:57:41 info: 🚀 App listening on the port 3000
2023-04-17 10:57:41 info: =================================
2023-04-17 10:57:46 info: =================================
2023-04-17 10:57:46 info: ======= ENV: development =======
2023-04-17 10:57:46 info: 🚀 App listening on the port 3000
2023-04-17 10:57:46 info: =================================
2023-04-17 10:57:50 info: =================================
2023-04-17 10:57:50 info: ======= ENV: development =======
2023-04-17 10:57:50 info: 🚀 App listening on the port 3000
2023-04-17 10:57:50 info: =================================
2023-04-17 10:57:58 info: =================================
2023-04-17 10:57:58 info: ======= ENV: development =======
2023-04-17 10:57:58 info: 🚀 App listening on the port 3000
2023-04-17 10:57:58 info: =================================
2023-04-17 10:58:01 info: =================================
2023-04-17 10:58:01 info: ======= ENV: development =======
2023-04-17 10:58:01 info: 🚀 App listening on the port 3000
2023-04-17 10:58:01 info: =================================
2023-04-17 10:58:11 info: =================================
2023-04-17 10:58:11 info: ======= ENV: development =======
2023-04-17 10:58:11 info: 🚀 App listening on the port 3000
2023-04-17 10:58:11 info: =================================
2023-04-17 10:58:17 info: =================================
2023-04-17 10:58:17 info: ======= ENV: development =======
2023-04-17 10:58:17 info: 🚀 App listening on the port 3000
2023-04-17 10:58:17 info: =================================
2023-04-17 10:58:24 info: =================================
2023-04-17 10:58:24 info: ======= ENV: development =======
2023-04-17 10:58:24 info: 🚀 App listening on the port 3000
2023-04-17 10:58:24 info: =================================
2023-04-17 10:58:43 info: =================================
2023-04-17 10:58:43 info: ======= ENV: development =======
2023-04-17 10:58:43 info: 🚀 App listening on the port 3000
2023-04-17 10:58:43 info: =================================
2023-04-17 11:07:15 info: =================================
2023-04-17 11:07:15 info: ======= ENV: development =======
2023-04-17 11:07:15 info: 🚀 App listening on the port 3000
2023-04-17 11:07:15 info: =================================
2023-04-17 11:08:50 info: =================================
2023-04-17 11:08:50 info: ======= ENV: development =======
2023-04-17 11:08:50 info: 🚀 App listening on the port 3000
2023-04-17 11:08:50 info: =================================
2023-04-17 11:50:04 info: =================================
2023-04-17 11:50:04 info: ======= ENV: development =======
2023-04-17 11:50:04 info: 🚀 App listening on the port 3000
2023-04-17 11:50:04 info: =================================
2023-04-17 15:52:50 info: =================================
2023-04-17 15:52:50 info: ======= ENV: development =======
2023-04-17 15:52:50 info: 🚀 App listening on the port 3000
2023-04-17 15:52:50 info: =================================
2023-04-17 17:08:40 info: =================================
2023-04-17 17:08:40 info: ======= ENV: development =======
2023-04-17 17:08:40 info: 🚀 App listening on the port 3000
2023-04-17 17:08:40 info: =================================
2023-04-17 17:08:43 info: =================================
2023-04-17 17:08:43 info: ======= ENV: development =======
2023-04-17 17:08:43 info: 🚀 App listening on the port 3000
2023-04-17 17:08:43 info: =================================
2023-04-17 17:09:18 info: =================================
2023-04-17 17:09:18 info: ======= ENV: development =======
2023-04-17 17:09:18 info: 🚀 App listening on the port 3000
2023-04-17 17:09:18 info: =================================
2023-04-17 17:09:21 info: =================================
2023-04-17 17:09:21 info: ======= ENV: development =======
2023-04-17 17:09:21 info: 🚀 App listening on the port 3000
2023-04-17 17:09:21 info: =================================
2023-04-17 17:09:24 info: =================================
2023-04-17 17:09:24 info: ======= ENV: development =======
2023-04-17 17:09:24 info: 🚀 App listening on the port 3000
2023-04-17 17:09:24 info: =================================
2023-04-17 17:09:38 info: =================================
2023-04-17 17:09:38 info: ======= ENV: development =======
2023-04-17 17:09:38 info: 🚀 App listening on the port 3000
2023-04-17 17:09:38 info: =================================
2023-04-17 17:09:49 info: =================================
2023-04-17 17:09:49 info: ======= ENV: development =======
2023-04-17 17:09:49 info: 🚀 App listening on the port 3000
2023-04-17 17:09:49 info: =================================
2023-04-17 17:09:52 info: =================================
2023-04-17 17:09:52 info: ======= ENV: development =======
2023-04-17 17:09:52 info: 🚀 App listening on the port 3000
2023-04-17 17:09:52 info: =================================
2023-04-17 17:09:54 info: =================================
2023-04-17 17:09:54 info: ======= ENV: development =======
2023-04-17 17:09:54 info: 🚀 App listening on the port 3000
2023-04-17 17:09:54 info: =================================
2023-04-17 17:09:57 info: =================================
2023-04-17 17:09:57 info: ======= ENV: development =======
2023-04-17 17:09:57 info: 🚀 App listening on the port 3000
2023-04-17 17:09:57 info: =================================
2023-04-17 17:41:23 info: [0mPOST /users/buy/cus_NertcEpcd14idq [33m404[0m 107.279 ms - 168[0m
2023-04-17 17:43:32 info: [0mPOST /users/buy/cus_NertcEpcd14idq [33m404[0m 1.648 ms - 168[0m
2023-04-17 17:43:53 info: [0mPOST /buyers/buy/cus_NertcEpcd14idq [33m404[0m 0.601 ms - 169[0m
2023-04-17 17:44:30 info: [0mPOST /buyers/buy/cus_NertcEpcd14idq [33m404[0m 0.522 ms - 169[0m
2023-04-17 17:44:55 info: [0mPOST /buyets/buyers/buy/cus_NertcEpcd14idq [33m404[0m 0.531 ms - 176[0m
