2023-03-07 09:50:08 info: =================================
2023-03-07 09:50:08 info: ======= ENV: development =======
2023-03-07 09:50:08 info: 🚀 App listening on the port 3000
2023-03-07 09:50:08 info: =================================
2023-03-07 09:57:28 info: [0mGET /post/b7e1680776595efcbc0f879e08fb61ab1c558b93 [33m404[0m 4.012 ms - 184[0m
2023-03-07 09:57:36 info: =================================
2023-03-07 09:57:36 info: ======= ENV: development =======
2023-03-07 09:57:36 info: 🚀 App listening on the port 3000
2023-03-07 09:57:36 info: =================================
2023-03-07 09:57:55 info: =================================
2023-03-07 09:57:55 info: ======= ENV: development =======
2023-03-07 09:57:55 info: 🚀 App listening on the port 3000
2023-03-07 09:57:55 info: =================================
2023-03-07 09:58:07 info: [0mGET /post/b7e1680776595efcbc0f879e08fb61ab1c558b93 [33m404[0m 3.729 ms - 184[0m
2023-03-07 09:58:28 info: =================================
2023-03-07 09:58:28 info: ======= ENV: development =======
2023-03-07 09:58:28 info: 🚀 App listening on the port 3000
2023-03-07 09:58:28 info: =================================
2023-03-07 09:58:39 info: [0mGET /post/b7e1680776595efcbc0f879e08fb61ab1c558b93 [33m404[0m 3.831 ms - 184[0m
2023-03-07 09:58:54 info: [0mGET /post/pictures/b7e1680776595efcbc0f879e08fb61ab1c558b93 [32m201[0m 619.229 ms - -[0m
2023-03-07 09:59:55 info: =================================
2023-03-07 09:59:55 info: ======= ENV: development =======
2023-03-07 09:59:55 info: 🚀 App listening on the port 3000
2023-03-07 09:59:55 info: =================================
2023-03-07 10:00:01 info: [0mGET /post/pictures/b7e1680776595efcbc0f879e08fb61ab1c558b93 [32m201[0m 397.441 ms - -[0m
2023-03-07 10:01:18 info: =================================
2023-03-07 10:01:18 info: ======= ENV: development =======
2023-03-07 10:01:18 info: 🚀 App listening on the port 3000
2023-03-07 10:01:18 info: =================================
2023-03-07 10:01:31 info: [0mGET /post/pictures/b7e1680776595efcbc0f879e08fb61ab1c558b93 [32m201[0m 539.032 ms - -[0m
2023-03-07 10:02:12 info: =================================
2023-03-07 10:02:12 info: ======= ENV: development =======
2023-03-07 10:02:12 info: 🚀 App listening on the port 3000
2023-03-07 10:02:12 info: =================================
2023-03-07 10:02:17 info: [0mGET /post/pictures/b7e1680776595efcbc0f879e08fb61ab1c558b93 [32m201[0m 451.169 ms - 346[0m
2023-03-07 10:56:54 info: =================================
2023-03-07 10:56:54 info: ======= ENV: development =======
2023-03-07 10:56:54 info: 🚀 App listening on the port 3000
2023-03-07 10:56:54 info: =================================
2023-03-07 11:45:40 info: [0mPOST /post/35abb4e1f5addea0b3d02dca3b8da8df3bf05bf8 [32m201[0m 1145.985 ms - -[0m
2023-03-07 11:47:48 info: [0mPOST /post/35abb4e1f5addea0b3d02dca3b8da8df3bf05bf8 [32m201[0m 709.665 ms - -[0m
2023-03-07 11:50:34 info: =================================
2023-03-07 11:50:34 info: ======= ENV: development =======
2023-03-07 11:50:34 info: 🚀 App listening on the port 3000
2023-03-07 11:50:34 info: =================================
2023-03-07 11:50:38 info: [0mPOST /post/35abb4e1f5addea0b3d02dca3b8da8df3bf05bf8 [32m201[0m 755.061 ms - -[0m
2023-03-07 12:31:10 info: =================================
2023-03-07 12:31:10 info: ======= ENV: development =======
2023-03-07 12:31:10 info: 🚀 App listening on the port 3000
2023-03-07 12:31:10 info: =================================
2023-03-07 12:31:26 info: =================================
2023-03-07 12:31:26 info: ======= ENV: development =======
2023-03-07 12:31:26 info: 🚀 App listening on the port 3000
2023-03-07 12:31:26 info: =================================
2023-03-07 12:34:23 info: =================================
2023-03-07 12:34:23 info: ======= ENV: development =======
2023-03-07 12:34:23 info: 🚀 App listening on the port 3000
2023-03-07 12:34:23 info: =================================
2023-03-07 12:34:35 info: [0mGET /post/popular [32m201[0m 549.332 ms - -[0m
2023-03-07 12:37:04 info: =================================
2023-03-07 12:37:04 info: ======= ENV: development =======
2023-03-07 12:37:04 info: 🚀 App listening on the port 3000
2023-03-07 12:37:04 info: =================================
2023-03-07 12:39:21 info: =================================
2023-03-07 12:39:21 info: ======= ENV: development =======
2023-03-07 12:39:21 info: 🚀 App listening on the port 3000
2023-03-07 12:39:21 info: =================================
2023-03-07 12:41:35 info: =================================
2023-03-07 12:41:35 info: ======= ENV: development =======
2023-03-07 12:41:35 info: 🚀 App listening on the port 3000
2023-03-07 12:41:35 info: =================================
2023-03-07 12:43:16 info: =================================
2023-03-07 12:43:16 info: ======= ENV: development =======
2023-03-07 12:43:16 info: 🚀 App listening on the port 3000
2023-03-07 12:43:16 info: =================================
2023-03-07 12:43:34 info: [0mPOST /post/35abb4e1f5addea0b3d02dca3b8da8df3bf05bf8 [32m201[0m 887.815 ms - -[0m
2023-03-07 12:44:57 info: [0mPOST /post/35abb4e1f5addea0b3d02dca3b8da8df3bf05bf8 [32m201[0m 677.792 ms - -[0m
2023-03-07 12:45:37 info: [0mPOST /post/35abb4e1f5addea0b3d02dca3b8da8df3bf05bf8 [32m201[0m 792.837 ms - -[0m
2023-03-07 12:46:24 info: =================================
2023-03-07 12:46:24 info: ======= ENV: development =======
2023-03-07 12:46:24 info: 🚀 App listening on the port 3000
2023-03-07 12:46:24 info: =================================
2023-03-07 12:46:27 info: [0mPOST /post/35abb4e1f5addea0b3d02dca3b8da8df3bf05bf8 [32m201[0m 856.082 ms - -[0m
2023-03-07 12:46:42 info: =================================
2023-03-07 12:46:42 info: ======= ENV: development =======
2023-03-07 12:46:42 info: 🚀 App listening on the port 3000
2023-03-07 12:46:42 info: =================================
2023-03-07 12:47:06 info: [0mPOST /post/35abb4e1f5addea0b3d02dca3b8da8df3bf05bf8 [32m201[0m 756.308 ms - -[0m
2023-03-07 12:50:30 info: [0mPOST /post/35abb4e1f5addea0b3d02dca3b8da8df3bf05bf8 [32m201[0m 700.717 ms - -[0m
2023-03-07 12:50:47 info: =================================
2023-03-07 12:50:47 info: ======= ENV: development =======
2023-03-07 12:50:47 info: 🚀 App listening on the port 3000
2023-03-07 12:50:47 info: =================================
2023-03-07 12:50:52 info: [0mPOST /post/35abb4e1f5addea0b3d02dca3b8da8df3bf05bf8 [32m201[0m 864.503 ms - -[0m
2023-03-07 12:52:20 info: [0mPOST /post/35abb4e1f5addea0b3d02dca3b8da8df3bf05bf8 [32m201[0m 2742.918 ms - -[0m
2023-03-07 12:54:15 info: [0mPOST /post/35abb4e1f5addea0b3d02dca3b8da8df3bf05bf8 [32m201[0m 3010.340 ms - -[0m
2023-03-07 13:06:03 info: =================================
2023-03-07 13:06:03 info: ======= ENV: development =======
2023-03-07 13:06:03 info: 🚀 App listening on the port 3000
2023-03-07 13:06:03 info: =================================
2023-03-07 13:06:08 info: [0mPOST /post/35abb4e1f5addea0b3d02dca3b8da8df3bf05bf8 [32m201[0m 1873.240 ms - -[0m
2023-03-07 13:06:40 info: =================================
2023-03-07 13:06:40 info: ======= ENV: development =======
2023-03-07 13:06:40 info: 🚀 App listening on the port 3000
2023-03-07 13:06:40 info: =================================
2023-03-07 13:09:35 info: [0mPOST /post/35abb4e1f5addea0b3d02dca3b8da8df3bf05bf8 [32m201[0m 768.925 ms - -[0m
2023-03-07 13:12:43 info: [0mPOST /post/35abb4e1f5addea0b3d02dca3b8da8df3bf05bf8 [32m201[0m 738.463 ms - -[0m
2023-03-07 13:13:28 info: =================================
2023-03-07 13:13:28 info: ======= ENV: development =======
2023-03-07 13:13:28 info: 🚀 App listening on the port 3000
2023-03-07 13:13:28 info: =================================
2023-03-07 13:13:33 info: [0mPOST /post/35abb4e1f5addea0b3d02dca3b8da8df3bf05bf8 [32m201[0m 815.188 ms - -[0m
2023-03-07 13:17:16 info: =================================
2023-03-07 13:17:16 info: ======= ENV: development =======
2023-03-07 13:17:16 info: 🚀 App listening on the port 3000
2023-03-07 13:17:16 info: =================================
2023-03-07 13:17:19 info: [0mPOST /post/35abb4e1f5addea0b3d02dca3b8da8df3bf05bf8 [32m201[0m 820.019 ms - -[0m
2023-03-07 13:20:38 info: =================================
2023-03-07 13:20:38 info: ======= ENV: development =======
2023-03-07 13:20:38 info: 🚀 App listening on the port 3000
2023-03-07 13:20:38 info: =================================
2023-03-07 13:20:42 info: [0mPOST /post/35abb4e1f5addea0b3d02dca3b8da8df3bf05bf8 [32m201[0m 795.040 ms - -[0m
2023-03-07 13:25:57 info: =================================
2023-03-07 13:25:57 info: ======= ENV: development =======
2023-03-07 13:25:57 info: 🚀 App listening on the port 3000
2023-03-07 13:25:57 info: =================================
2023-03-07 13:26:02 info: [0mPOST /post/35abb4e1f5addea0b3d02dca3b8da8df3bf05bf8 [32m201[0m 772.811 ms - -[0m
2023-03-07 13:27:15 info: =================================
2023-03-07 13:27:15 info: ======= ENV: development =======
2023-03-07 13:27:15 info: 🚀 App listening on the port 3000
2023-03-07 13:27:15 info: =================================
2023-03-07 13:27:21 info: [0mPOST /post/35abb4e1f5addea0b3d02dca3b8da8df3bf05bf8 [32m201[0m 838.249 ms - -[0m
2023-03-07 13:33:49 info: =================================
2023-03-07 13:33:49 info: ======= ENV: development =======
2023-03-07 13:33:49 info: 🚀 App listening on the port 3000
2023-03-07 13:33:49 info: =================================
2023-03-07 13:33:55 info: [0mPOST /post/35abb4e1f5addea0b3d02dca3b8da8df3bf05bf8 [32m201[0m 768.008 ms - -[0m
2023-03-07 13:34:34 info: =================================
2023-03-07 13:34:34 info: ======= ENV: development =======
2023-03-07 13:34:34 info: 🚀 App listening on the port 3000
2023-03-07 13:34:34 info: =================================
2023-03-07 13:34:42 info: [0mPOST /post/35abb4e1f5addea0b3d02dca3b8da8df3bf05bf8 [32m201[0m 775.936 ms - -[0m
2023-03-07 13:48:45 error: [POST] /post/35abb4e1f5addea0b3d02dca3b8da8df3bf05bf8 >> StatusCode:: 413, Message:: request entity too large
2023-03-07 13:48:45 info: [0mPOST /post/35abb4e1f5addea0b3d02dca3b8da8df3bf05bf8 [33m413[0m 36.981 ms - 38[0m
2023-03-07 13:51:56 error: [POST] /post/35abb4e1f5addea0b3d02dca3b8da8df3bf05bf8 >> StatusCode:: 413, Message:: request entity too large
2023-03-07 13:51:56 info: [0mPOST /post/35abb4e1f5addea0b3d02dca3b8da8df3bf05bf8 [33m413[0m 2.123 ms - 38[0m
2023-03-07 13:54:17 info: [0mPOST /post/35abb4e1f5addea0b3d02dca3b8da8df3bf05bf8 [32m201[0m 756.823 ms - -[0m
2023-03-07 14:00:08 error: [POST] /post/35abb4e1f5addea0b3d02dca3b8da8df3bf05bf8 >> StatusCode:: 413, Message:: request entity too large
2023-03-07 14:00:08 info: [0mPOST /post/35abb4e1f5addea0b3d02dca3b8da8df3bf05bf8 [33m413[0m 26.067 ms - 38[0m
2023-03-07 14:16:17 error: [POST] /post/35abb4e1f5addea0b3d02dca3b8da8df3bf05bf8 >> StatusCode:: 413, Message:: request entity too large
2023-03-07 14:16:17 info: [0mPOST /post/35abb4e1f5addea0b3d02dca3b8da8df3bf05bf8 [33m413[0m 1.676 ms - 38[0m
2023-03-07 14:16:22 info: [0mPOST /post/35abb4e1f5addea0b3d02dca3b8da8df3bf05bf8 [32m201[0m 691.985 ms - -[0m
2023-03-07 14:17:21 info: [0mPOST /post/35abb4e1f5addea0b3d02dca3b8da8df3bf05bf8 [32m201[0m 711.905 ms - -[0m
2023-03-07 14:18:22 info: =================================
2023-03-07 14:18:22 info: ======= ENV: development =======
2023-03-07 14:18:22 info: 🚀 App listening on the port 3000
2023-03-07 14:18:22 info: =================================
2023-03-07 14:18:40 info: [0mPOST /post/35abb4e1f5addea0b3d02dca3b8da8df3bf05bf8 [32m201[0m 901.549 ms - -[0m
2023-03-07 14:19:50 info: =================================
2023-03-07 14:19:50 info: ======= ENV: development =======
2023-03-07 14:19:50 info: 🚀 App listening on the port 3000
2023-03-07 14:19:50 info: =================================
2023-03-07 14:20:12 info: =================================
2023-03-07 14:20:12 info: ======= ENV: development =======
2023-03-07 14:20:12 info: 🚀 App listening on the port 3000
2023-03-07 14:20:12 info: =================================
2023-03-07 14:20:45 info: [0mPOST /post/35abb4e1f5addea0b3d02dca3b8da8df3bf05bf8 [32m201[0m 756.589 ms - -[0m
2023-03-07 14:21:22 info: =================================
2023-03-07 14:21:22 info: ======= ENV: development =======
2023-03-07 14:21:22 info: 🚀 App listening on the port 3000
2023-03-07 14:21:22 info: =================================
2023-03-07 14:21:29 info: [0mPOST /post/35abb4e1f5addea0b3d02dca3b8da8df3bf05bf8 [32m201[0m 809.372 ms - -[0m
2023-03-07 14:26:38 info: =================================
2023-03-07 14:26:38 info: ======= ENV: development =======
2023-03-07 14:26:38 info: 🚀 App listening on the port 3000
2023-03-07 14:26:38 info: =================================
2023-03-07 14:26:42 info: [0mPOST /post/35abb4e1f5addea0b3d02dca3b8da8df3bf05bf8 [32m201[0m 897.497 ms - -[0m
2023-03-07 14:27:46 info: =================================
2023-03-07 14:27:46 info: ======= ENV: development =======
2023-03-07 14:27:46 info: 🚀 App listening on the port 3000
2023-03-07 14:27:46 info: =================================
2023-03-07 14:27:49 info: [0mPOST /post/35abb4e1f5addea0b3d02dca3b8da8df3bf05bf8 [32m201[0m 911.735 ms - -[0m
2023-03-07 14:40:44 info: =================================
2023-03-07 14:40:44 info: ======= ENV: development =======
2023-03-07 14:40:44 info: 🚀 App listening on the port 3000
2023-03-07 14:40:44 info: =================================
2023-03-07 14:40:49 info: =================================
2023-03-07 14:40:49 info: ======= ENV: development =======
2023-03-07 14:40:49 info: 🚀 App listening on the port 3000
2023-03-07 14:40:49 info: =================================
2023-03-07 14:40:52 info: [0mPOST /post/35abb4e1f5addea0b3d02dca3b8da8df3bf05bf8 [32m201[0m 940.486 ms - -[0m
2023-03-07 14:41:43 info: =================================
2023-03-07 14:41:43 info: ======= ENV: development =======
2023-03-07 14:41:43 info: 🚀 App listening on the port 3000
2023-03-07 14:41:43 info: =================================
2023-03-07 14:41:49 info: [0mPOST /post/35abb4e1f5addea0b3d02dca3b8da8df3bf05bf8 [32m201[0m 779.309 ms - -[0m
2023-03-07 14:53:04 info: =================================
2023-03-07 14:53:04 info: ======= ENV: development =======
2023-03-07 14:53:04 info: 🚀 App listening on the port 3000
2023-03-07 14:53:04 info: =================================
2023-03-07 14:58:45 info: =================================
2023-03-07 14:58:45 info: ======= ENV: development =======
2023-03-07 14:58:45 info: 🚀 App listening on the port 3000
2023-03-07 14:58:45 info: =================================
2023-03-07 15:38:05 info: =================================
2023-03-07 15:38:05 info: ======= ENV: development =======
2023-03-07 15:38:05 info: 🚀 App listening on the port 3000
2023-03-07 15:38:05 info: =================================
2023-03-07 15:38:07 info: [0mPOST /post/35abb4e1f5addea0b3d02dca3b8da8df3bf05bf8 [32m201[0m 820.612 ms - -[0m
2023-03-07 15:38:38 info: [0mPOST /post/35abb4e1f5addea0b3d02dca3b8da8df3bf05bf8 [32m201[0m 742.474 ms - -[0m
2023-03-07 15:39:04 info: [0mPOST /post/35abb4e1f5addea0b3d02dca3b8da8df3bf05bf8 [32m201[0m 737.131 ms - -[0m
2023-03-07 15:39:19 info: [0mPOST /post/35abb4e1f5addea0b3d02dca3b8da8df3bf05bf8 [32m201[0m 792.703 ms - -[0m
2023-03-07 15:39:27 info: =================================
2023-03-07 15:39:27 info: ======= ENV: development =======
2023-03-07 15:39:27 info: 🚀 App listening on the port 3000
2023-03-07 15:39:27 info: =================================
2023-03-07 15:39:34 info: [0mPOST /post/35abb4e1f5addea0b3d02dca3b8da8df3bf05bf8 [32m201[0m 2100.434 ms - -[0m
2023-03-07 15:40:27 info: [0mPOST /post/35abb4e1f5addea0b3d02dca3b8da8df3bf05bf8 [32m201[0m 703.201 ms - -[0m
2023-03-07 15:43:09 info: [0mPOST /signup [36m302[0m 667.755 ms - 770[0m
2023-03-07 15:43:23 info: [0mPOST /post/eed643debd97315fc74a81c05502487e7e2bf474 [32m201[0m 831.814 ms - -[0m
2023-03-07 15:44:50 info: =================================
2023-03-07 15:44:50 info: ======= ENV: development =======
2023-03-07 15:44:50 info: 🚀 App listening on the port 3000
2023-03-07 15:44:50 info: =================================
2023-03-07 15:44:53 info: =================================
2023-03-07 15:44:53 info: ======= ENV: development =======
2023-03-07 15:44:53 info: 🚀 App listening on the port 3000
2023-03-07 15:44:53 info: =================================
2023-03-07 15:45:02 info: [0mPOST /post/eed643debd97315fc74a81c05502487e7e2bf474 [32m201[0m 749.462 ms - -[0m
2023-03-07 15:55:13 info: =================================
2023-03-07 15:55:13 info: ======= ENV: development =======
2023-03-07 15:55:13 info: 🚀 App listening on the port 3000
2023-03-07 15:55:13 info: =================================
2023-03-07 15:55:19 info: [0mPOST /post/eed643debd97315fc74a81c05502487e7e2bf474 [32m201[0m 831.809 ms - -[0m
2023-03-07 15:58:31 info: =================================
2023-03-07 15:58:31 info: ======= ENV: development =======
2023-03-07 15:58:31 info: 🚀 App listening on the port 3000
2023-03-07 15:58:31 info: =================================
2023-03-07 16:01:02 info: =================================
2023-03-07 16:01:02 info: ======= ENV: development =======
2023-03-07 16:01:02 info: 🚀 App listening on the port 3000
2023-03-07 16:01:02 info: =================================
2023-03-07 16:01:05 info: [0mPOST /post/eed643debd97315fc74a81c05502487e7e2bf474 [32m201[0m 800.511 ms - -[0m
2023-03-07 16:08:21 info: [0mPOST /post/eed643debd97315fc74a81c05502487e7e2bf474 [32m201[0m 819.302 ms - -[0m
2023-03-07 16:08:49 info: [0mPOST /post/eed643debd97315fc74a81c05502487e7e2bf474 [32m201[0m 742.783 ms - -[0m
2023-03-07 16:09:14 info: [0mPOST /post/eed643debd97315fc74a81c05502487e7e2bf474 [32m201[0m 785.827 ms - -[0m
2023-03-07 16:11:04 info: [0mPOST /post/eed643debd97315fc74a81c05502487e7e2bf474 [32m201[0m 702.119 ms - -[0m
2023-03-07 16:13:15 info: [0mPOST /post/eed643debd97315fc74a81c05502487e7e2bf474 [32m201[0m 685.944 ms - -[0m
2023-03-07 16:19:30 info: =================================
2023-03-07 16:19:30 info: ======= ENV: development =======
2023-03-07 16:19:30 info: 🚀 App listening on the port 3000
2023-03-07 16:19:30 info: =================================
2023-03-07 16:19:40 info: =================================
2023-03-07 16:19:40 info: ======= ENV: development =======
2023-03-07 16:19:40 info: 🚀 App listening on the port 3000
2023-03-07 16:19:40 info: =================================
2023-03-07 16:19:44 info: [0mPOST /post/eed643debd97315fc74a81c05502487e7e2bf474 [32m201[0m 812.332 ms - -[0m
2023-03-07 16:23:45 info: [0mPOST /post/eed643debd97315fc74a81c05502487e7e2bf474 [32m201[0m 764.629 ms - -[0m
2023-03-07 16:24:10 info: =================================
2023-03-07 16:24:10 info: ======= ENV: development =======
2023-03-07 16:24:10 info: 🚀 App listening on the port 3000
2023-03-07 16:24:10 info: =================================
2023-03-07 16:24:32 info: [0mPOST /post/eed643debd97315fc74a81c05502487e7e2bf474 [32m201[0m 797.259 ms - -[0m
2023-03-07 16:35:05 info: =================================
2023-03-07 16:35:05 info: ======= ENV: development =======
2023-03-07 16:35:05 info: 🚀 App listening on the port 3000
2023-03-07 16:35:05 info: =================================
2023-03-07 17:40:59 info: =================================
2023-03-07 17:40:59 info: ======= ENV: development =======
2023-03-07 17:40:59 info: 🚀 App listening on the port 3000
2023-03-07 17:40:59 info: =================================
2023-03-07 17:44:01 info: =================================
2023-03-07 17:44:01 info: ======= ENV: development =======
2023-03-07 17:44:01 info: 🚀 App listening on the port 3000
2023-03-07 17:44:01 info: =================================
2023-03-07 18:25:57 info: [0mGET /post/popular/dgshgfdtyhdfgn5fghjtuyh45d [32m201[0m 626.729 ms - 11[0m
2023-03-07 18:26:43 info: =================================
2023-03-07 18:26:43 info: ======= ENV: development =======
2023-03-07 18:26:43 info: 🚀 App listening on the port 3000
2023-03-07 18:26:43 info: =================================
2023-03-07 18:26:47 info: [0mGET /post/popular/dgshgfdtyhdfgn5fghjtuyh45d [32m201[0m 551.292 ms - 11[0m
2023-03-07 18:27:44 info: =================================
2023-03-07 18:27:44 info: ======= ENV: development =======
2023-03-07 18:27:44 info: 🚀 App listening on the port 3000
2023-03-07 18:27:44 info: =================================
2023-03-07 18:27:54 info: [0mGET /post/popular/dgshgfdtyhdfgn5fghjtuyh45d [32m201[0m 549.981 ms - 11[0m
2023-03-07 18:28:25 info: =================================
2023-03-07 18:28:25 info: ======= ENV: development =======
2023-03-07 18:28:25 info: 🚀 App listening on the port 3000
2023-03-07 18:28:25 info: =================================
2023-03-07 18:28:29 info: [0mGET /post/popular/dgshgfdtyhdfgn5fghjtuyh45d [32m201[0m 428.585 ms - 11[0m
2023-03-07 18:28:50 info: =================================
2023-03-07 18:28:50 info: ======= ENV: development =======
2023-03-07 18:28:50 info: 🚀 App listening on the port 3000
2023-03-07 18:28:50 info: =================================
2023-03-07 18:28:55 info: [0mGET /post/popular/dgshgfdtyhdfgn5fghjtuyh45d [32m201[0m 427.428 ms - 870[0m
2023-03-07 18:40:31 info: [0mGET /post/recent/dgshgfdtyhdfgn5fghjtuyh45d [33m404[0m 2.592 ms - 177[0m
2023-03-07 18:40:47 info: =================================
2023-03-07 18:40:47 info: ======= ENV: development =======
2023-03-07 18:40:47 info: 🚀 App listening on the port 3000
2023-03-07 18:40:47 info: =================================
