2023-06-23 09:41:34 info: =================================
2023-06-23 09:41:34 info: ======= ENV: development =======
2023-06-23 09:41:34 info: 🚀 App listening on the port 4000
2023-06-23 09:41:34 info: =================================
2023-06-23 10:05:37 info: [0mPOST /signup [32m201[0m 554.940 ms - 63[0m
2023-06-23 10:06:06 info: [0mPOST /signup [36m302[0m 1193.637 ms - 224[0m
2023-06-23 10:14:42 info: [0mPOST /signup [36m302[0m 1335.026 ms - 226[0m
2023-06-23 10:28:15 info: [0mPOST /signup [32m201[0m 403.937 ms - 65[0m
2023-06-23 10:28:33 info: [0mPOST /signup [36m302[0m 1283.770 ms - 228[0m
2023-06-23 10:29:44 info: =================================
2023-06-23 10:29:44 info: ======= ENV: development =======
2023-06-23 10:29:44 info: 🚀 App listening on the port 4000
2023-06-23 10:29:44 info: =================================
2023-06-23 10:30:04 info: [0mPOST /signup [36m302[0m 1369.523 ms - 228[0m
2023-06-23 10:34:46 info: [0mPOST /signup [32m201[0m 408.459 ms - 65[0m
2023-06-23 10:34:57 info: [0mPOST /signup [36m302[0m 1336.909 ms - 226[0m
2023-06-23 10:36:49 info: [0mPOST /signup [36m302[0m 1137.544 ms - 226[0m
2023-06-23 10:44:05 info: [0mPOST /signup [36m302[0m 1294.955 ms - 227[0m
2023-06-23 10:51:06 info: =================================
2023-06-23 10:51:06 info: ======= ENV: development =======
2023-06-23 10:51:06 info: 🚀 App listening on the port 4000
2023-06-23 10:51:06 info: =================================
2023-06-23 10:51:09 info: =================================
2023-06-23 10:51:09 info: ======= ENV: development =======
2023-06-23 10:51:09 info: 🚀 App listening on the port 4000
2023-06-23 10:51:09 info: =================================
2023-06-23 10:51:31 info: [0mPOST /signup [32m201[0m 1230.639 ms - 227[0m
2023-06-23 10:57:01 info: [0mPOST /signup [32m201[0m 1157.522 ms - 227[0m
2023-06-23 10:57:04 info: [0mPOST /signup [36m302[0m 391.500 ms - 66[0m
2023-06-23 10:57:22 info: =================================
2023-06-23 10:57:22 info: ======= ENV: development =======
2023-06-23 10:57:22 info: 🚀 App listening on the port 4000
2023-06-23 10:57:22 info: =================================
2023-06-23 10:57:39 info: =================================
2023-06-23 10:57:39 info: ======= ENV: development =======
2023-06-23 10:57:39 info: 🚀 App listening on the port 4000
2023-06-23 10:57:39 info: =================================
2023-06-23 10:57:44 info: =================================
2023-06-23 10:57:44 info: ======= ENV: development =======
2023-06-23 10:57:44 info: 🚀 App listening on the port 4000
2023-06-23 10:57:44 info: =================================
2023-06-23 10:57:45 info: [0mPOST /signup [32m201[0m 425.081 ms - 66[0m
2023-06-23 10:58:03 info: [0mPOST /signup [32m201[0m 1181.858 ms - 229[0m
2023-06-23 11:00:16 info: [0mPOST /signup [32m201[0m 453.119 ms - 26[0m
2023-06-23 11:00:51 info: =================================
2023-06-23 11:00:51 info: ======= ENV: development =======
2023-06-23 11:00:51 info: 🚀 App listening on the port 4000
2023-06-23 11:00:51 info: =================================
2023-06-23 11:01:11 info: [0mPOST /signup [32m201[0m 1631.217 ms - 298[0m
2023-06-23 11:22:36 info: [0mPOST /signup [32m201[0m 1390.614 ms - 228[0m
2023-06-23 11:24:28 info: [0mPOST /signup [32m201[0m 1277.355 ms - 227[0m
2023-06-23 11:25:18 info: [0mPOST /signup [32m201[0m 987.454 ms - 228[0m
2023-06-23 11:29:03 info: [0mPOST /signup [32m201[0m 392.477 ms - 67[0m
2023-06-23 11:29:15 info: [0mPOST /signup [32m201[0m 1284.875 ms - 228[0m
2023-06-23 11:30:33 info: [0mPOST /signup [32m201[0m 1177.300 ms - 230[0m
2023-06-23 11:32:36 info: [0mPOST /signup [32m201[0m 1250.757 ms - 231[0m
2023-06-23 11:38:26 info: [0mPOST /signup [32m201[0m 1272.177 ms - 229[0m
2023-06-23 11:38:26 info: [0mPOST /signup [32m201[0m 914.340 ms - 229[0m
2023-06-23 11:42:08 info: [0mPOST /signup [32m201[0m 1202.341 ms - 230[0m
2023-06-23 11:42:08 error: [POST] /users/upload/avatar/cus_O8NF3VyONRjMkx >> StatusCode:: 404, Message:: file needed
2023-06-23 11:42:08 info: [0mPOST /users/upload/avatar/cus_O8NF3VyONRjMkx [33m404[0m 1.925 ms - 25[0m
2023-06-23 11:49:25 info: [0mPOST /signup [32m201[0m 390.524 ms - 69[0m
2023-06-23 11:49:47 info: [0mPOST /signup [32m201[0m 1258.047 ms - 231[0m
2023-06-23 11:49:47 error: [POST] /users/upload/avatar/cus_O8NNkkdIrn2Zug >> StatusCode:: 404, Message:: file needed
2023-06-23 11:49:47 info: [0mPOST /users/upload/avatar/cus_O8NNkkdIrn2Zug [33m404[0m 1.268 ms - 25[0m
2023-06-23 11:50:35 info: [0mPOST /signup [32m201[0m 933.534 ms - 231[0m
2023-06-23 11:50:35 error: [POST] /users/upload/avatar/cus_O8NO7okeMHxE1y >> StatusCode:: 404, Message:: file needed
2023-06-23 11:50:35 info: [0mPOST /users/upload/avatar/cus_O8NO7okeMHxE1y [33m404[0m 1.285 ms - 25[0m
2023-06-23 13:41:46 info: [0mPOST /signup [32m201[0m 1387.225 ms - 228[0m
2023-06-23 13:41:46 error: [POST] /users/upload/avatar/cus_O8PBhQ8X1mQWVv >> StatusCode:: 404, Message:: file needed
2023-06-23 13:41:46 info: [0mPOST /users/upload/avatar/cus_O8PBhQ8X1mQWVv [33m404[0m 2.399 ms - 25[0m
2023-06-23 14:06:13 info: [0mPOST /signup [32m201[0m 1390.313 ms - 226[0m
2023-06-23 14:06:13 error: [POST] /users/upload/avatar/cus_O8PZXWcSw6p9RE >> StatusCode:: 404, Message:: file needed
2023-06-23 14:06:13 info: [0mPOST /users/upload/avatar/cus_O8PZXWcSw6p9RE [33m404[0m 1.237 ms - 25[0m
2023-06-23 14:45:20 info: [0mPOST /signup [32m201[0m 496.824 ms - 65[0m
2023-06-23 14:46:10 info: [0mPOST /signup [32m201[0m 374.762 ms - 65[0m
2023-06-23 14:49:07 info: =================================
2023-06-23 14:49:07 info: ======= ENV: development =======
2023-06-23 14:49:07 info: 🚀 App listening on the port 4000
2023-06-23 14:49:07 info: =================================
2023-06-23 14:49:35 info: =================================
2023-06-23 14:49:35 info: ======= ENV: development =======
2023-06-23 14:49:35 info: 🚀 App listening on the port 4000
2023-06-23 14:49:35 info: =================================
2023-06-23 14:49:53 info: =================================
2023-06-23 14:49:53 info: ======= ENV: development =======
2023-06-23 14:49:53 info: 🚀 App listening on the port 4000
2023-06-23 14:49:53 info: =================================
2023-06-23 14:49:56 info: =================================
2023-06-23 14:49:56 info: ======= ENV: development =======
2023-06-23 14:49:56 info: 🚀 App listening on the port 4000
2023-06-23 14:49:56 info: =================================
2023-06-23 14:50:12 info: =================================
2023-06-23 14:50:12 info: ======= ENV: development =======
2023-06-23 14:50:12 info: 🚀 App listening on the port 4000
2023-06-23 14:50:12 info: =================================
2023-06-23 14:50:18 info: =================================
2023-06-23 14:50:18 info: ======= ENV: development =======
2023-06-23 14:50:18 info: 🚀 App listening on the port 4000
2023-06-23 14:50:18 info: =================================
2023-06-23 14:50:22 info: =================================
2023-06-23 14:50:22 info: ======= ENV: development =======
2023-06-23 14:50:22 info: 🚀 App listening on the port 4000
2023-06-23 14:50:22 info: =================================
2023-06-23 14:50:37 info: =================================
2023-06-23 14:50:37 info: ======= ENV: development =======
2023-06-23 14:50:37 info: 🚀 App listening on the port 4000
2023-06-23 14:50:37 info: =================================
2023-06-23 14:51:23 info: =================================
2023-06-23 14:51:23 info: ======= ENV: development =======
2023-06-23 14:51:23 info: 🚀 App listening on the port 4000
2023-06-23 14:51:23 info: =================================
2023-06-23 14:52:16 info: =================================
2023-06-23 14:52:16 info: ======= ENV: development =======
2023-06-23 14:52:16 info: 🚀 App listening on the port 4000
2023-06-23 14:52:16 info: =================================
2023-06-23 14:52:24 info: =================================
2023-06-23 14:52:24 info: ======= ENV: development =======
2023-06-23 14:52:24 info: 🚀 App listening on the port 4000
2023-06-23 14:52:24 info: =================================
2023-06-23 14:52:32 info: =================================
2023-06-23 14:52:32 info: ======= ENV: development =======
2023-06-23 14:52:32 info: 🚀 App listening on the port 4000
2023-06-23 14:52:32 info: =================================
2023-06-23 14:52:36 info: [0mPOST /signup [32m201[0m 565.341 ms - 65[0m
2023-06-23 14:52:51 info: [0mPOST /signup [32m201[0m 1207.084 ms - 229[0m
2023-06-23 14:57:39 info: [0mPOST /signup [32m201[0m 1148.356 ms - 250[0m
2023-06-23 14:58:43 info: [0mPOST /signup [32m201[0m 932.405 ms - 229[0m
2023-06-23 14:59:29 info: =================================
2023-06-23 14:59:29 info: ======= ENV: development =======
2023-06-23 14:59:29 info: 🚀 App listening on the port 4000
2023-06-23 14:59:29 info: =================================
2023-06-23 14:59:32 info: =================================
2023-06-23 14:59:32 info: ======= ENV: development =======
2023-06-23 14:59:32 info: 🚀 App listening on the port 4000
2023-06-23 14:59:32 info: =================================
2023-06-23 14:59:34 info: [0mPOST /signup [32m201[0m 441.736 ms - 68[0m
2023-06-23 14:59:34 error: [POST] /users/upload/avatar/cus_O8QP7EgAxkxGJs >> StatusCode:: 404, Message:: file needed
2023-06-23 14:59:34 info: [0mPOST /users/upload/avatar/cus_O8QP7EgAxkxGJs [33m404[0m 2.382 ms - 25[0m
2023-06-23 14:59:34 error: [POST] /users/upload/avatar/cus_O8QKQCzKONWUHx >> StatusCode:: 404, Message:: file needed
2023-06-23 14:59:34 info: [0mPOST /users/upload/avatar/cus_O8QKQCzKONWUHx [33m404[0m 0.854 ms - 25[0m
2023-06-23 14:59:34 error: [POST] /users/upload/avatar/cus_O8QQUOG4AVmOSw >> StatusCode:: 404, Message:: file needed
2023-06-23 14:59:34 info: [0mPOST /users/upload/avatar/cus_O8QQUOG4AVmOSw [33m404[0m 1.574 ms - 25[0m
2023-06-23 15:01:25 info: [0mPOST /signup [32m201[0m 1196.476 ms - 227[0m
2023-06-23 15:01:25 error: [POST] /users/upload/avatar/cus_O8QTRtW4IexZ6Y >> StatusCode:: 404, Message:: file needed
2023-06-23 15:01:25 info: [0mPOST /users/upload/avatar/cus_O8QTRtW4IexZ6Y [33m404[0m 1.330 ms - 25[0m
2023-06-23 16:19:49 info: [0mPOST /signup [32m201[0m 555.577 ms - 66[0m
2023-06-23 16:19:59 info: [0mPOST /signup [32m201[0m 1114.074 ms - 228[0m
2023-06-23 16:19:59 error: [POST] /users/upload/avatar/cus_O8RjLsz13EyNOs >> StatusCode:: 404, Message:: file needed
2023-06-23 16:19:59 info: [0mPOST /users/upload/avatar/cus_O8RjLsz13EyNOs [33m404[0m 1.316 ms - 25[0m
2023-06-23 16:25:56 info: [0mPOST /signup [32m201[0m 1119.590 ms - 228[0m
2023-06-23 16:25:56 error: [POST] /users/upload/avatar/cus_O8Rp9RP06ORCQr >> StatusCode:: 404, Message:: file needed
2023-06-23 16:25:56 info: [0mPOST /users/upload/avatar/cus_O8Rp9RP06ORCQr [33m404[0m 2.188 ms - 25[0m
2023-06-23 16:27:26 info: =================================
2023-06-23 16:27:26 info: ======= ENV: development =======
2023-06-23 16:27:26 info: 🚀 App listening on the port 4000
2023-06-23 16:27:26 info: =================================
2023-06-23 16:27:32 info: =================================
2023-06-23 16:27:32 info: ======= ENV: development =======
2023-06-23 16:27:32 info: 🚀 App listening on the port 4000
2023-06-23 16:27:32 info: =================================
2023-06-23 16:27:40 info: =================================
2023-06-23 16:27:40 info: ======= ENV: development =======
2023-06-23 16:27:40 info: 🚀 App listening on the port 4000
2023-06-23 16:27:40 info: =================================
2023-06-23 16:27:43 info: =================================
2023-06-23 16:27:43 info: ======= ENV: development =======
2023-06-23 16:27:43 info: 🚀 App listening on the port 4000
2023-06-23 16:27:43 info: =================================
2023-06-23 16:28:12 info: =================================
2023-06-23 16:28:12 info: ======= ENV: development =======
2023-06-23 16:28:12 info: 🚀 App listening on the port 4000
2023-06-23 16:28:12 info: =================================
2023-06-23 16:28:30 info: [0mPOST /signup [32m201[0m 1197.401 ms - 230[0m
2023-06-23 16:30:42 info: [0mPOST /signup [32m201[0m 1158.076 ms - 231[0m
2023-06-23 16:31:19 info: =================================
2023-06-23 16:31:19 info: ======= ENV: development =======
2023-06-23 16:31:19 info: 🚀 App listening on the port 4000
2023-06-23 16:31:19 info: =================================
2023-06-23 16:31:19 error: [POST] /users/upload/avatar/cus_O8RuRM8e6DSkS1 >> StatusCode:: 404, Message:: file needed
2023-06-23 16:31:19 info: [0mPOST /users/upload/avatar/cus_O8RuRM8e6DSkS1 [33m404[0m 16.529 ms - 25[0m
2023-06-23 16:31:19 error: [POST] /users/upload/avatar/cus_O8RsLCGSBCHgzg >> StatusCode:: 404, Message:: file needed
2023-06-23 16:31:19 info: [0mPOST /users/upload/avatar/cus_O8RsLCGSBCHgzg [33m404[0m 1.433 ms - 25[0m
2023-06-23 16:31:20 info: [0mPOST /signup [32m201[0m 406.953 ms - 70[0m
2023-06-23 16:31:33 info: [0mPOST /signup [32m201[0m 1310.792 ms - 230[0m
2023-06-23 16:31:34 error: [POST] /users/upload/avatar/cus_O8RvUJ1vEydZk2 >> StatusCode:: 404, Message:: file needed
2023-06-23 16:31:34 info: [0mPOST /users/upload/avatar/cus_O8RvUJ1vEydZk2 [33m404[0m 1.337 ms - 25[0m
2023-06-23 16:35:23 info: [0mPOST /signup [32m201[0m 1191.513 ms - 231[0m
2023-06-23 16:35:23 error: [POST] /users/upload/avatar/cus_O8Rz6pavkTg6Xd >> StatusCode:: 404, Message:: file needed
2023-06-23 16:35:23 info: [0mPOST /users/upload/avatar/cus_O8Rz6pavkTg6Xd [33m404[0m 1.401 ms - 25[0m
2023-06-23 16:35:59 info: =================================
2023-06-23 16:36:00 info: ======= ENV: development =======
2023-06-23 16:36:00 info: 🚀 App listening on the port 4000
2023-06-23 16:36:00 info: =================================
2023-06-23 16:38:34 info: [0mPOST /signup [32m201[0m 452.688 ms - 70[0m
2023-06-23 16:39:39 info: =================================
2023-06-23 16:39:39 info: ======= ENV: development =======
2023-06-23 16:39:39 info: 🚀 App listening on the port 4000
2023-06-23 16:39:39 info: =================================
2023-06-23 16:39:57 info: =================================
2023-06-23 16:39:57 info: ======= ENV: development =======
2023-06-23 16:39:57 info: 🚀 App listening on the port 4000
2023-06-23 16:39:57 info: =================================
2023-06-23 16:39:59 info: [0mPOST /signup [32m201[0m 445.191 ms - 70[0m
2023-06-23 16:40:10 info: [0mPOST /signup [32m201[0m 1378.838 ms - 231[0m
2023-06-23 16:44:01 info: [0mGET /users/upload/avatar/cus_O8Rz6pavkTg6Xd [33m404[0m 1.710 ms - 177[0m
2023-06-23 16:44:18 info: [0mGET /users/upload/avatar/cus_O8Rz6pavkTg6Xd [33m404[0m 1.341 ms - 177[0m
2023-06-23 16:44:44 info: [0mGET /users/upload/avatar/cus_O8Rz6pavkTg6Xd [33m404[0m 0.606 ms - 177[0m
2023-06-23 16:45:30 info: [0mGET /users/upload/avatar/cus_O8Rz6pavkTg6Xd [33m404[0m 0.646 ms - 177[0m
2023-06-23 16:46:08 info: =================================
2023-06-23 16:46:08 info: ======= ENV: development =======
2023-06-23 16:46:08 info: 🚀 App listening on the port 4000
2023-06-23 16:46:08 info: =================================
2023-06-23 16:46:23 info: [0mPOST /users/upload/avatar/cus_O8Rz6pavkTg6Xd [0m-[0m - ms - -[0m
2023-06-23 16:46:35 info: =================================
2023-06-23 16:46:35 info: ======= ENV: development =======
2023-06-23 16:46:35 info: 🚀 App listening on the port 4000
2023-06-23 16:46:35 info: =================================
2023-06-23 16:51:19 info: [0mPOST /users/upload/avatar/cus_O8Rz6pavkTg6Xd [0m-[0m - ms - -[0m
2023-06-23 16:54:27 info: [0mPOST /signup [32m201[0m 447.312 ms - 70[0m
2023-06-23 16:54:35 info: [0mPOST /signup [32m201[0m 1139.001 ms - 229[0m
2023-06-23 16:55:29 info: [0mPOST /signup [32m201[0m 953.044 ms - 230[0m
2023-06-23 16:55:44 info: [0mPOST /users/upload/avatar/cus_O8SJ5BbjfeQV6D [0m-[0m - ms - -[0m
2023-06-23 16:55:44 info: [0mPOST /users/upload/avatar/cus_O8SIWEsVUF3sSZ [0m-[0m - ms - -[0m
2023-06-23 16:57:35 info: [0mPOST /signup [32m201[0m 1052.383 ms - 231[0m
2023-06-23 16:58:54 info: [0mPOST /signup [32m201[0m 1362.598 ms - 231[0m
2023-06-23 16:59:20 info: [0mPOST /signup [32m201[0m 404.953 ms - 70[0m
2023-06-23 17:04:20 info: [0mPOST /signup [32m201[0m 1354.879 ms - 229[0m
2023-06-23 17:07:31 info: [0mPOST /signup [32m201[0m 1366.024 ms - 230[0m
2023-06-23 17:08:11 info: [0mPOST /users/upload/avatar/cus_O8Rz6pavkTg6Xd [0m-[0m - ms - -[0m
2023-06-23 17:08:15 info: [0mPOST /users/upload/avatar/cus_O8Rz6pavkTg6Xd [0m-[0m - ms - -[0m
2023-06-23 17:12:43 info: [0mPOST /signup [32m201[0m 1239.213 ms - 231[0m
2023-06-23 17:24:49 info: [0mPOST /users/upload/avatar/cus_O8SLN2a1x3mt4S [0m-[0m - ms - -[0m
2023-06-23 17:24:49 info: [0mPOST /users/upload/avatar/cus_O8SMalwxPfwCSR [0m-[0m - ms - -[0m
2023-06-23 17:24:49 info: [0mPOST /users/upload/avatar/cus_O8SRT4SHT0ThY5 [0m-[0m - ms - -[0m
2023-06-23 17:24:49 info: [0mPOST /users/upload/avatar/cus_O8SVZkwtMPHzzy [0m-[0m - ms - -[0m
2023-06-23 17:24:49 info: [0mPOST /users/upload/avatar/cus_O8SamD4onphbnv [0m-[0m - ms - -[0m
2023-06-23 17:24:49 info: [0mPOST /signup [0m-[0m - ms - -[0m
2023-06-23 17:25:47 info: [0mPOST /signup [32m201[0m 961.601 ms - 228[0m
2023-06-23 17:27:05 info: [0mPOST /signup [32m201[0m 1293.282 ms - 231[0m
2023-06-23 17:28:42 info: [0mPOST /signup [32m201[0m 1160.555 ms - 230[0m
2023-06-23 17:46:02 info: [0mPOST /signup [32m201[0m 1262.069 ms - 229[0m
2023-06-23 17:50:49 info: [0mPOST /signup [32m201[0m 1372.538 ms - 229[0m
2023-06-23 17:52:35 info: [0mPOST /signup [32m201[0m 1219.035 ms - 230[0m
2023-06-23 17:54:06 info: [0mPOST /signup [32m201[0m 1155.979 ms - 231[0m
2023-06-23 17:56:01 info: [0mPOST /signup [32m201[0m 1356.137 ms - 232[0m
2023-06-23 17:58:15 info: [0mPOST /signup [32m201[0m 1193.096 ms - 233[0m
2023-06-23 18:15:20 info: [0mPOST /signup [32m201[0m 1211.625 ms - 230[0m
2023-06-23 18:16:38 info: [0mPOST /signup [32m201[0m 1056.520 ms - 231[0m
2023-06-23 18:18:51 info: [0mPOST /signup [32m201[0m 1052.315 ms - 232[0m
2023-06-23 18:24:33 info: [0mPOST /signup [32m201[0m 1220.608 ms - 229[0m
2023-06-23 18:26:34 info: [0mPOST /signup [32m201[0m 1293.635 ms - 262[0m
2023-06-23 18:41:37 info: [0mPOST /signup [32m201[0m 1216.941 ms - 260[0m
2023-06-23 18:41:38 info: [0mPOST /signup [32m201[0m 400.114 ms - 74[0m
2023-06-23 18:43:17 info: [0mPOST /signup [32m201[0m 3337.667 ms - 233[0m
2023-06-23 18:50:13 info: [0mPOST /signup [32m201[0m 504.793 ms - 27[0m
