2023-09-06 11:10:24 info: =================================
2023-09-06 11:10:24 info: ======= ENV: development =======
2023-09-06 11:10:24 info: 🚀 App listening on the port 4000
2023-09-06 11:10:24 info: =================================
2023-09-06 11:10:29 info: [0mPOST /login [32m200[0m 1100.719 ms - 44[0m
2023-09-06 11:10:49 info: [0mPOST /login [32m200[0m 662.185 ms - 508[0m
2023-09-06 11:10:50 error: [GET] /albums/categories >> StatusCode:: 403, Message:: Wrong authentication token
2023-09-06 11:10:50 info: [0mGET /albums/categories [33m403[0m 503.927 ms - 40[0m
2023-09-06 11:10:50 info: [0mPOST /refresh [32m200[0m 2.629 ms - 428[0m
2023-09-06 11:10:50 info: [0mGET /albums/popular [32m201[0m 946.749 ms - 19[0m
2023-09-06 11:10:50 info: [0mGET /albums/categories [32m201[0m 439.294 ms - 109[0m
2023-09-06 11:10:51 error: [GET] /albums/category/fh5gfg54d6ghb48d6 >> StatusCode:: 403, Message:: Wrong authentication token
2023-09-06 11:10:51 info: [0mGET /albums/category/fh5gfg54d6ghb48d6 [33m403[0m 418.600 ms - 40[0m
2023-09-06 11:10:51 info: [0mPOST /refresh [32m200[0m 1.807 ms - 428[0m
2023-09-06 11:10:52 info: [0mGET /albums/category/fh5gfg54d6ghb48d6 [32m201[0m 627.566 ms - 22[0m
2023-09-06 11:10:56 error: [GET] /albums/category/sdqf45qfez48fsd5csd5 >> StatusCode:: 403, Message:: Wrong authentication token
2023-09-06 11:10:56 info: [0mGET /albums/category/sdqf45qfez48fsd5csd5 [33m403[0m 440.454 ms - 40[0m
2023-09-06 11:10:56 info: [0mPOST /refresh [32m200[0m 2.897 ms - 428[0m
2023-09-06 11:10:57 info: [0mGET /albums/category/sdqf45qfez48fsd5csd5 [32m201[0m 900.395 ms - -[0m
2023-09-06 11:11:42 info: [0mGET /albums/popular [32m201[0m 418.672 ms - 19[0m
2023-09-06 11:11:43 error: [GET] /albums/categories >> StatusCode:: 403, Message:: Wrong authentication token
2023-09-06 11:11:43 info: [0mGET /albums/categories [33m403[0m 413.928 ms - 40[0m
2023-09-06 11:11:43 info: [0mPOST /refresh [32m200[0m 1.810 ms - 428[0m
2023-09-06 11:11:43 info: [0mGET /albums/categories [32m201[0m 405.212 ms - 109[0m
2023-09-06 11:11:44 error: [GET] /albums/category/fh5gfg54d6ghb48d6 >> StatusCode:: 403, Message:: Wrong authentication token
2023-09-06 11:11:44 info: [0mGET /albums/category/fh5gfg54d6ghb48d6 [33m403[0m 424.991 ms - 40[0m
2023-09-06 11:11:44 info: [0mPOST /refresh [32m200[0m 1.689 ms - 428[0m
2023-09-06 11:11:44 info: [0mGET /albums/category/fh5gfg54d6ghb48d6 [32m201[0m 386.452 ms - 22[0m
2023-09-06 11:12:48 info: [0mGET /albums/popular [32m201[0m 382.401 ms - 19[0m
2023-09-06 11:12:48 error: [GET] /albums/categories >> StatusCode:: 403, Message:: Wrong authentication token
2023-09-06 11:12:48 info: [0mGET /albums/categories [33m403[0m 456.152 ms - 40[0m
2023-09-06 11:12:48 info: [0mPOST /refresh [32m200[0m 2.041 ms - 428[0m
2023-09-06 11:12:49 info: [0mGET /albums/categories [32m201[0m 404.204 ms - 109[0m
2023-09-06 11:12:49 error: [GET] /albums/category/fh5gfg54d6ghb48d6 >> StatusCode:: 403, Message:: Wrong authentication token
2023-09-06 11:12:49 info: [0mGET /albums/category/fh5gfg54d6ghb48d6 [33m403[0m 410.606 ms - 40[0m
2023-09-06 11:12:49 info: [0mPOST /refresh [32m200[0m 1.894 ms - 428[0m
2023-09-06 11:12:50 info: [0mGET /albums/category/fh5gfg54d6ghb48d6 [32m201[0m 401.609 ms - 22[0m
2023-09-06 11:23:03 info: [0mGET /albums/popular [32m201[0m 428.450 ms - 19[0m
2023-09-06 11:23:03 error: [GET] /albums/categories >> StatusCode:: 403, Message:: Wrong authentication token
2023-09-06 11:23:03 info: [0mGET /albums/categories [33m403[0m 468.031 ms - 40[0m
2023-09-06 11:23:03 info: [0mPOST /refresh [32m200[0m 1.755 ms - 428[0m
2023-09-06 11:23:04 info: [0mGET /albums/categories [32m201[0m 411.973 ms - 109[0m
2023-09-06 11:23:04 error: [GET] /albums/category/fh5gfg54d6ghb48d6 >> StatusCode:: 403, Message:: Wrong authentication token
2023-09-06 11:23:04 info: [0mGET /albums/category/fh5gfg54d6ghb48d6 [33m403[0m 422.405 ms - 40[0m
2023-09-06 11:23:04 info: [0mPOST /refresh [32m200[0m 1.511 ms - 428[0m
2023-09-06 11:23:05 info: [0mGET /albums/category/fh5gfg54d6ghb48d6 [32m201[0m 382.384 ms - 22[0m
2023-09-06 11:30:32 info: =================================
2023-09-06 11:30:32 info: ======= ENV: development =======
2023-09-06 11:30:32 info: 🚀 App listening on the port 4000
2023-09-06 11:30:32 info: =================================
2023-09-06 11:30:39 info: =================================
2023-09-06 11:30:39 info: ======= ENV: development =======
2023-09-06 11:30:39 info: 🚀 App listening on the port 4000
2023-09-06 11:30:39 info: =================================
2023-09-06 11:31:44 info: =================================
2023-09-06 11:31:44 info: ======= ENV: development =======
2023-09-06 11:31:44 info: 🚀 App listening on the port 4000
2023-09-06 11:31:44 info: =================================
2023-09-06 11:32:01 info: =================================
2023-09-06 11:32:01 info: ======= ENV: development =======
2023-09-06 11:32:01 info: 🚀 App listening on the port 4000
2023-09-06 11:32:01 info: =================================
2023-09-06 11:32:14 info: =================================
2023-09-06 11:32:14 info: ======= ENV: development =======
2023-09-06 11:32:14 info: 🚀 App listening on the port 4000
2023-09-06 11:32:14 info: =================================
2023-09-06 11:32:20 info: =================================
2023-09-06 11:32:20 info: ======= ENV: development =======
2023-09-06 11:32:20 info: 🚀 App listening on the port 4000
2023-09-06 11:32:20 info: =================================
2023-09-06 11:34:42 info: =================================
2023-09-06 11:34:42 info: ======= ENV: development =======
2023-09-06 11:34:42 info: 🚀 App listening on the port 4000
2023-09-06 11:34:42 info: =================================
2023-09-06 11:34:57 info: =================================
2023-09-06 11:34:57 info: ======= ENV: development =======
2023-09-06 11:34:57 info: 🚀 App listening on the port 4000
2023-09-06 11:34:57 info: =================================
2023-09-06 11:35:29 info: =================================
2023-09-06 11:35:29 info: ======= ENV: development =======
2023-09-06 11:35:29 info: 🚀 App listening on the port 4000
2023-09-06 11:35:29 info: =================================
2023-09-06 11:35:56 info: =================================
2023-09-06 11:35:56 info: ======= ENV: development =======
2023-09-06 11:35:56 info: 🚀 App listening on the port 4000
2023-09-06 11:35:56 info: =================================
2023-09-06 11:36:59 info: =================================
2023-09-06 11:36:59 info: ======= ENV: development =======
2023-09-06 11:36:59 info: 🚀 App listening on the port 4000
2023-09-06 11:36:59 info: =================================
2023-09-06 11:37:03 info: =================================
2023-09-06 11:37:03 info: ======= ENV: development =======
2023-09-06 11:37:03 info: 🚀 App listening on the port 4000
2023-09-06 11:37:03 info: =================================
2023-09-06 11:38:17 info: =================================
2023-09-06 11:38:17 info: ======= ENV: development =======
2023-09-06 11:38:17 info: 🚀 App listening on the port 4000
2023-09-06 11:38:17 info: =================================
2023-09-06 11:38:21 info: =================================
2023-09-06 11:38:21 info: ======= ENV: development =======
2023-09-06 11:38:21 info: 🚀 App listening on the port 4000
2023-09-06 11:38:21 info: =================================
2023-09-06 11:38:28 info: =================================
2023-09-06 11:38:28 info: ======= ENV: development =======
2023-09-06 11:38:28 info: 🚀 App listening on the port 4000
2023-09-06 11:38:28 info: =================================
2023-09-06 11:38:35 info: =================================
2023-09-06 11:38:35 info: ======= ENV: development =======
2023-09-06 11:38:35 info: 🚀 App listening on the port 4000
2023-09-06 11:38:35 info: =================================
2023-09-06 11:38:51 info: =================================
2023-09-06 11:38:51 info: ======= ENV: development =======
2023-09-06 11:38:51 info: 🚀 App listening on the port 4000
2023-09-06 11:38:51 info: =================================
2023-09-06 11:39:25 info: =================================
2023-09-06 11:39:25 info: ======= ENV: development =======
2023-09-06 11:39:25 info: 🚀 App listening on the port 4000
2023-09-06 11:39:25 info: =================================
2023-09-06 11:39:42 info: =================================
2023-09-06 11:39:42 info: ======= ENV: development =======
2023-09-06 11:39:42 info: 🚀 App listening on the port 4000
2023-09-06 11:39:42 info: =================================
2023-09-06 11:40:51 info: [0mGET /albums/popular [32m201[0m 518.794 ms - 19[0m
2023-09-06 11:40:51 error: [GET] /albums/categories >> StatusCode:: 403, Message:: Wrong authentication token
2023-09-06 11:40:51 info: [0mGET /albums/categories [33m403[0m 445.798 ms - 40[0m
2023-09-06 11:40:52 info: [0mPOST /refresh [32m200[0m 112.934 ms - 450[0m
2023-09-06 11:40:52 info: [0mGET /albums/categories [32m201[0m 372.028 ms - 109[0m
2023-09-06 11:40:53 error: [GET] /albums/category/fh5gfg54d6ghb48d6 >> StatusCode:: 403, Message:: Wrong authentication token
2023-09-06 11:40:53 info: [0mGET /albums/category/fh5gfg54d6ghb48d6 [33m403[0m 424.580 ms - 40[0m
2023-09-06 11:40:53 info: [0mPOST /refresh [32m200[0m 2.643 ms - 450[0m
2023-09-06 11:40:53 info: [0mGET /albums/category/fh5gfg54d6ghb48d6 [32m201[0m 414.555 ms - 22[0m
2023-09-06 11:41:38 error: [GET] /albums/categories >> StatusCode:: 403, Message:: Wrong authentication token
2023-09-06 11:41:38 info: [0mGET /albums/categories [33m403[0m 5.224 ms - 40[0m
2023-09-06 11:41:38 info: [0mGET /albums/popular [32m201[0m 412.431 ms - 19[0m
2023-09-06 11:42:43 info: [0mPOST /login [32m200[0m 581.675 ms - 508[0m
2023-09-06 11:42:44 info: [0mGET /albums/popular [32m201[0m 355.287 ms - 19[0m
2023-09-06 11:42:44 error: [GET] /albums/categories >> StatusCode:: 403, Message:: Wrong authentication token
2023-09-06 11:42:44 info: [0mGET /albums/categories [33m403[0m 413.012 ms - 40[0m
2023-09-06 11:42:44 info: [0mPOST /refresh [32m200[0m 2.119 ms - 450[0m
2023-09-06 11:42:45 info: [0mGET /albums/categories [32m201[0m 394.417 ms - 109[0m
2023-09-06 11:42:45 error: [GET] /albums/category/fh5gfg54d6ghb48d6 >> StatusCode:: 403, Message:: Wrong authentication token
2023-09-06 11:42:45 info: [0mGET /albums/category/fh5gfg54d6ghb48d6 [33m403[0m 420.317 ms - 40[0m
2023-09-06 11:42:45 info: [0mPOST /refresh [32m200[0m 1.693 ms - 450[0m
2023-09-06 11:42:46 info: [0mGET /albums/category/fh5gfg54d6ghb48d6 [32m201[0m 421.134 ms - 22[0m
2023-09-06 11:44:55 info: =================================
2023-09-06 11:44:55 info: ======= ENV: development =======
2023-09-06 11:44:55 info: 🚀 App listening on the port 4000
2023-09-06 11:44:55 info: =================================
2023-09-06 11:46:03 info: =================================
2023-09-06 11:46:03 info: ======= ENV: development =======
2023-09-06 11:46:03 info: 🚀 App listening on the port 4000
2023-09-06 11:46:03 info: =================================
2023-09-06 11:46:29 error: [GET] /albums/categories >> StatusCode:: 403, Message:: Wrong authentication token
2023-09-06 11:46:29 info: [0mGET /albums/categories [33m403[0m 10.932 ms - 40[0m
2023-09-06 11:46:29 info: [0mGET /albums/popular [32m201[0m 471.281 ms - 19[0m
2023-09-06 11:49:53 info: [0mPOST /login [32m200[0m 602.473 ms - 508[0m
2023-09-06 11:49:54 info: [0mGET /albums/popular [32m201[0m 374.580 ms - 19[0m
2023-09-06 11:49:55 error: [GET] /albums/categories >> StatusCode:: 403, Message:: Wrong authentication token
2023-09-06 11:49:55 info: [0mGET /albums/categories [33m403[0m 469.964 ms - 40[0m
2023-09-06 11:49:55 info: [0mPOST /refresh [32m200[0m 3.470 ms - 450[0m
2023-09-06 11:49:55 info: [0mGET /albums/categories [32m201[0m 366.103 ms - 109[0m
2023-09-06 11:49:56 error: [GET] /albums/category/fh5gfg54d6ghb48d6 >> StatusCode:: 403, Message:: Wrong authentication token
2023-09-06 11:49:56 info: [0mGET /albums/category/fh5gfg54d6ghb48d6 [33m403[0m 408.841 ms - 40[0m
2023-09-06 11:49:56 info: [0mPOST /refresh [32m200[0m 1.981 ms - 450[0m
2023-09-06 11:49:56 info: [0mGET /albums/category/fh5gfg54d6ghb48d6 [32m201[0m 359.324 ms - 22[0m
2023-09-06 11:50:05 info: =================================
2023-09-06 11:50:05 info: ======= ENV: development =======
2023-09-06 11:50:05 info: 🚀 App listening on the port 4000
2023-09-06 11:50:05 info: =================================
2023-09-06 11:50:09 info: =================================
2023-09-06 11:50:09 info: ======= ENV: development =======
2023-09-06 11:50:09 info: 🚀 App listening on the port 4000
2023-09-06 11:50:09 info: =================================
2023-09-06 11:50:12 info: =================================
2023-09-06 11:50:12 info: ======= ENV: development =======
2023-09-06 11:50:12 info: 🚀 App listening on the port 4000
2023-09-06 11:50:12 info: =================================
2023-09-06 11:51:57 info: [0mPOST /login [32m200[0m 680.205 ms - 508[0m
2023-09-06 11:51:58 info: [0mGET /albums/popular [32m201[0m 396.254 ms - 19[0m
2023-09-06 11:51:58 error: [GET] /albums/categories >> StatusCode:: 403, Message:: Wrong authentication token
2023-09-06 11:51:58 info: [0mGET /albums/categories [33m403[0m 428.206 ms - 40[0m
2023-09-06 11:51:58 info: [0mPOST /refresh [32m200[0m 2.807 ms - 450[0m
2023-09-06 11:51:58 info: [0mGET /albums/categories [32m201[0m 398.931 ms - 109[0m
2023-09-06 11:51:59 error: [GET] /albums/category/fh5gfg54d6ghb48d6 >> StatusCode:: 403, Message:: Wrong authentication token
2023-09-06 11:51:59 info: [0mGET /albums/category/fh5gfg54d6ghb48d6 [33m403[0m 408.953 ms - 40[0m
2023-09-06 11:51:59 info: [0mPOST /refresh [32m200[0m 2.173 ms - 450[0m
2023-09-06 11:51:59 info: [0mGET /albums/category/fh5gfg54d6ghb48d6 [32m201[0m 375.245 ms - 22[0m
2023-09-06 11:53:16 info: =================================
2023-09-06 11:53:16 info: ======= ENV: development =======
2023-09-06 11:53:16 info: 🚀 App listening on the port 4000
2023-09-06 11:53:16 info: =================================
2023-09-06 11:54:26 info: =================================
2023-09-06 11:54:26 info: ======= ENV: development =======
2023-09-06 11:54:26 info: 🚀 App listening on the port 4000
2023-09-06 11:54:26 info: =================================
2023-09-06 11:54:30 info: =================================
2023-09-06 11:54:30 info: ======= ENV: development =======
2023-09-06 11:54:30 info: 🚀 App listening on the port 4000
2023-09-06 11:54:30 info: =================================
2023-09-06 11:55:55 error: [GET] /albums/categories >> StatusCode:: 403, Message:: Wrong authentication token
2023-09-06 11:55:55 info: [0mGET /albums/categories [33m403[0m 480.123 ms - 40[0m
2023-09-06 11:55:55 info: [0mGET /albums/popular [32m201[0m 517.391 ms - 19[0m
2023-09-06 11:55:55 info: [0mPOST /refresh [32m200[0m 19.045 ms - 467[0m
2023-09-06 11:55:55 info: [0mGET /albums/categories [32m201[0m 402.298 ms - 109[0m
2023-09-06 11:55:56 error: [GET] /albums/category/fh5gfg54d6ghb48d6 >> StatusCode:: 403, Message:: Wrong authentication token
2023-09-06 11:55:56 info: [0mGET /albums/category/fh5gfg54d6ghb48d6 [33m403[0m 431.699 ms - 40[0m
2023-09-06 11:55:56 info: [0mPOST /refresh [32m200[0m 2.286 ms - 467[0m
2023-09-06 11:55:57 info: [0mGET /albums/category/fh5gfg54d6ghb48d6 [32m201[0m 360.095 ms - 22[0m
2023-09-06 11:55:59 info: [0mGET /albums/popular [32m201[0m 357.783 ms - 19[0m
2023-09-06 11:55:59 error: [GET] /albums/categories >> StatusCode:: 403, Message:: Wrong authentication token
2023-09-06 11:55:59 info: [0mGET /albums/categories [33m403[0m 409.602 ms - 40[0m
2023-09-06 11:55:59 info: [0mPOST /refresh [32m200[0m 2.669 ms - 467[0m
2023-09-06 11:55:59 info: [0mGET /albums/categories [32m201[0m 381.687 ms - 109[0m
2023-09-06 11:56:00 error: [GET] /albums/category/fh5gfg54d6ghb48d6 >> StatusCode:: 403, Message:: Wrong authentication token
2023-09-06 11:56:00 info: [0mGET /albums/category/fh5gfg54d6ghb48d6 [33m403[0m 439.747 ms - 40[0m
2023-09-06 11:56:00 info: [0mPOST /refresh [32m200[0m 1.838 ms - 467[0m
2023-09-06 11:56:00 info: [0mGET /albums/category/fh5gfg54d6ghb48d6 [32m201[0m 425.939 ms - 22[0m
2023-09-06 11:56:11 info: [0mGET /albums/popular [32m201[0m 398.644 ms - 19[0m
2023-09-06 11:56:11 error: [GET] /albums/categories >> StatusCode:: 403, Message:: Wrong authentication token
2023-09-06 11:56:11 info: [0mGET /albums/categories [33m403[0m 443.460 ms - 40[0m
2023-09-06 11:56:11 info: [0mPOST /refresh [32m200[0m 2.226 ms - 467[0m
2023-09-06 11:56:12 info: [0mGET /albums/categories [32m201[0m 383.487 ms - 109[0m
2023-09-06 11:56:12 error: [GET] /albums/category/fh5gfg54d6ghb48d6 >> StatusCode:: 403, Message:: Wrong authentication token
2023-09-06 11:56:12 info: [0mGET /albums/category/fh5gfg54d6ghb48d6 [33m403[0m 421.265 ms - 40[0m
2023-09-06 11:56:13 info: [0mPOST /refresh [32m200[0m 1.537 ms - 467[0m
2023-09-06 11:56:13 info: [0mGET /albums/category/fh5gfg54d6ghb48d6 [32m201[0m 386.004 ms - 22[0m
2023-09-06 11:57:13 info: [0mGET /albums/popular [32m201[0m 373.625 ms - 19[0m
2023-09-06 11:57:14 error: [GET] /albums/categories >> StatusCode:: 403, Message:: Wrong authentication token
2023-09-06 11:57:14 info: [0mGET /albums/categories [33m403[0m 433.107 ms - 40[0m
2023-09-06 11:57:14 info: [0mPOST /refresh [32m200[0m 1.970 ms - 467[0m
2023-09-06 11:57:14 info: [0mGET /albums/categories [32m201[0m 412.017 ms - 109[0m
2023-09-06 11:57:15 error: [GET] /albums/category/fh5gfg54d6ghb48d6 >> StatusCode:: 403, Message:: Wrong authentication token
2023-09-06 11:57:15 info: [0mGET /albums/category/fh5gfg54d6ghb48d6 [33m403[0m 431.337 ms - 40[0m
2023-09-06 11:57:15 info: [0mPOST /refresh [32m200[0m 1.802 ms - 467[0m
2023-09-06 11:57:15 info: [0mGET /albums/category/fh5gfg54d6ghb48d6 [32m201[0m 409.859 ms - 22[0m
2023-09-06 11:57:33 info: [0mGET /albums/popular [32m201[0m 402.304 ms - 19[0m
2023-09-06 11:57:33 error: [GET] /albums/categories >> StatusCode:: 403, Message:: Wrong authentication token
2023-09-06 11:57:33 info: [0mGET /albums/categories [33m403[0m 423.579 ms - 40[0m
2023-09-06 11:57:33 info: [0mPOST /refresh [32m200[0m 5.153 ms - 467[0m
2023-09-06 11:57:33 info: [0mGET /albums/categories [32m201[0m 388.324 ms - 109[0m
2023-09-06 11:57:35 error: [GET] /albums/category/fh5gfg54d6ghb48d6 >> StatusCode:: 403, Message:: Wrong authentication token
2023-09-06 11:57:35 info: [0mGET /albums/category/fh5gfg54d6ghb48d6 [33m403[0m 432.221 ms - 40[0m
2023-09-06 11:57:35 info: [0mPOST /refresh [32m200[0m 1.807 ms - 467[0m
2023-09-06 11:57:35 info: [0mGET /albums/category/fh5gfg54d6ghb48d6 [32m201[0m 373.490 ms - 22[0m
2023-09-06 12:07:12 info: [0mGET /albums/popular [32m201[0m 417.681 ms - 19[0m
2023-09-06 12:07:12 error: [GET] /albums/categories >> StatusCode:: 403, Message:: Wrong authentication token
2023-09-06 12:07:12 info: [0mGET /albums/categories [33m403[0m 456.471 ms - 40[0m
2023-09-06 12:07:12 info: [0mPOST /refresh [32m200[0m 1.691 ms - 467[0m
2023-09-06 12:07:13 info: [0mGET /albums/categories [32m201[0m 375.400 ms - 109[0m
2023-09-06 12:07:13 error: [GET] /albums/category/fh5gfg54d6ghb48d6 >> StatusCode:: 403, Message:: Wrong authentication token
2023-09-06 12:07:13 info: [0mGET /albums/category/fh5gfg54d6ghb48d6 [33m403[0m 434.127 ms - 40[0m
2023-09-06 12:07:14 info: [0mPOST /refresh [32m200[0m 1.810 ms - 467[0m
2023-09-06 12:07:14 info: [0mGET /albums/category/fh5gfg54d6ghb48d6 [32m201[0m 406.857 ms - 22[0m
2023-09-06 12:26:45 info: =================================
2023-09-06 12:26:45 info: ======= ENV: development =======
2023-09-06 12:26:45 info: 🚀 App listening on the port 4000
2023-09-06 12:26:45 info: =================================
2023-09-06 12:27:19 info: =================================
2023-09-06 12:27:19 info: ======= ENV: development =======
2023-09-06 12:27:19 info: 🚀 App listening on the port 4000
2023-09-06 12:27:19 info: =================================
2023-09-06 12:30:57 info: [0mPOST /signup [32m201[0m 468.685 ms - 52[0m
2023-09-06 12:31:09 info: [0mPOST /signup [32m201[0m 1727.606 ms - 232[0m
2023-09-06 12:39:11 info: [0mPOST /subscribe/cus_NkTy5P9bfCdDea [33m404[0m 2.042 ms - 168[0m
2023-09-06 12:40:47 info: =================================
2023-09-06 12:40:47 info: ======= ENV: development =======
2023-09-06 12:40:47 info: 🚀 App listening on the port 4000
2023-09-06 12:40:47 info: =================================
2023-09-06 12:41:10 info: [0mPOST /user/subscribe/cus_NkTy5P9bfCdDea [33m404[0m 16.490 ms - 173[0m
2023-09-06 12:41:23 info: [0mPOST /users/subscribe/cus_NkTy5P9bfCdDea [32m200[0m 12.230 ms - 2[0m
2023-09-06 12:42:19 info: [0mPOST /users/subscribe/cus_NkTy5P9bfCdDea [32m200[0m 1030.572 ms - 2[0m
2023-09-06 12:45:25 info: =================================
2023-09-06 12:45:25 info: ======= ENV: development =======
2023-09-06 12:45:25 info: 🚀 App listening on the port 4000
2023-09-06 12:45:25 info: =================================
2023-09-06 12:45:33 info: =================================
2023-09-06 12:45:33 info: ======= ENV: development =======
2023-09-06 12:45:33 info: 🚀 App listening on the port 4000
2023-09-06 12:45:33 info: =================================
2023-09-06 12:45:45 info: =================================
2023-09-06 12:45:45 info: ======= ENV: development =======
2023-09-06 12:45:45 info: 🚀 App listening on the port 4000
2023-09-06 12:45:45 info: =================================
2023-09-06 12:48:32 info: [0mPOST /users/subscribe/cus_NkTy5P9bfCdDea [32m200[0m 923.109 ms - 2[0m
2023-09-06 12:49:08 info: [0mPOST /users/subscribe/cus_NkTy5P9bfCdDea [32m200[0m 683.203 ms - 2[0m
2023-09-06 12:52:18 info: [0mPOST /users/subscribe/cus_NkTy5P9bfCdDea [32m200[0m 810.808 ms - 2[0m
2023-09-06 13:04:16 info: [0mPOST /users/subscribe/cus_NkTy5P9bfCdDea [32m200[0m 827.650 ms - 2[0m
2023-09-06 13:06:14 info: [0mPOST /users/subscribe/cus_NkTy5P9bfCdDea [32m200[0m 842.035 ms - 2[0m
2023-09-06 13:07:30 info: [0mPOST /users/subscribe/cus_NkTy5P9bfCdDea [32m200[0m 815.740 ms - 2[0m
2023-09-06 13:08:55 error: [GET] /albums/categories >> StatusCode:: 403, Message:: Wrong authentication token
2023-09-06 13:08:55 info: [0mGET /albums/categories [33m403[0m 9.618 ms - 40[0m
2023-09-06 13:08:56 info: [0mGET /albums/popular [32m201[0m 401.511 ms - 19[0m
2023-09-06 13:22:04 info: [0mPOST /signup [32m201[0m 437.743 ms - 52[0m
2023-09-06 13:22:36 info: [0mPOST /signup [32m201[0m 1490.119 ms - 286[0m
2023-09-06 13:24:13 info: [0mPOST /signup [32m201[0m 369.676 ms - 53[0m
2023-09-06 16:26:15 info: [0mPOST /users/subscribe/cus_NkTy5P9bfCdDea [32m200[0m 902.435 ms - 2[0m
2023-09-06 16:47:32 info: [0mPOST /users/subscribe/cus_NkTy5P9bfCdDea [32m200[0m 1181.184 ms - 2[0m
2023-09-06 16:53:36 info: =================================
2023-09-06 16:53:36 info: ======= ENV: development =======
2023-09-06 16:53:36 info: 🚀 App listening on the port 4000
2023-09-06 16:53:36 info: =================================
2023-09-06 16:53:53 info: =================================
2023-09-06 16:53:53 info: ======= ENV: development =======
2023-09-06 16:53:53 info: 🚀 App listening on the port 4000
2023-09-06 16:53:53 info: =================================
2023-09-06 16:54:11 info: =================================
2023-09-06 16:54:11 info: ======= ENV: development =======
2023-09-06 16:54:11 info: 🚀 App listening on the port 4000
2023-09-06 16:54:11 info: =================================
2023-09-06 16:54:16 info: =================================
2023-09-06 16:54:16 info: ======= ENV: development =======
2023-09-06 16:54:16 info: 🚀 App listening on the port 4000
2023-09-06 16:54:16 info: =================================
2023-09-06 16:54:24 info: =================================
2023-09-06 16:54:24 info: ======= ENV: development =======
2023-09-06 16:54:24 info: 🚀 App listening on the port 4000
2023-09-06 16:54:24 info: =================================
2023-09-06 16:54:44 info: =================================
2023-09-06 16:54:44 info: ======= ENV: development =======
2023-09-06 16:54:44 info: 🚀 App listening on the port 4000
2023-09-06 16:54:44 info: =================================
2023-09-06 16:54:49 info: =================================
2023-09-06 16:54:49 info: ======= ENV: development =======
2023-09-06 16:54:49 info: 🚀 App listening on the port 4000
2023-09-06 16:54:49 info: =================================
2023-09-06 16:56:54 info: =================================
2023-09-06 16:56:54 info: ======= ENV: development =======
2023-09-06 16:56:54 info: 🚀 App listening on the port 4000
2023-09-06 16:56:54 info: =================================
2023-09-06 16:58:03 info: =================================
2023-09-06 16:58:03 info: ======= ENV: development =======
2023-09-06 16:58:03 info: 🚀 App listening on the port 4000
2023-09-06 16:58:03 info: =================================
2023-09-06 16:58:26 info: =================================
2023-09-06 16:58:26 info: ======= ENV: development =======
2023-09-06 16:58:26 info: 🚀 App listening on the port 4000
2023-09-06 16:58:26 info: =================================
2023-09-06 16:58:33 info: =================================
2023-09-06 16:58:33 info: ======= ENV: development =======
2023-09-06 16:58:33 info: 🚀 App listening on the port 4000
2023-09-06 16:58:33 info: =================================
2023-09-06 16:59:20 info: =================================
2023-09-06 16:59:20 info: ======= ENV: development =======
2023-09-06 16:59:20 info: 🚀 App listening on the port 4000
2023-09-06 16:59:20 info: =================================
2023-09-06 16:59:29 info: =================================
2023-09-06 16:59:29 info: ======= ENV: development =======
2023-09-06 16:59:29 info: 🚀 App listening on the port 4000
2023-09-06 16:59:29 info: =================================
2023-09-06 17:02:11 info: =================================
2023-09-06 17:02:11 info: ======= ENV: development =======
2023-09-06 17:02:11 info: 🚀 App listening on the port 4000
2023-09-06 17:02:11 info: =================================
2023-09-06 17:02:28 info: =================================
2023-09-06 17:02:28 info: ======= ENV: development =======
2023-09-06 17:02:28 info: 🚀 App listening on the port 4000
2023-09-06 17:02:28 info: =================================
2023-09-06 17:02:39 info: =================================
2023-09-06 17:02:39 info: ======= ENV: development =======
2023-09-06 17:02:39 info: 🚀 App listening on the port 4000
2023-09-06 17:02:39 info: =================================
2023-09-06 17:03:14 info: =================================
2023-09-06 17:03:14 info: ======= ENV: development =======
2023-09-06 17:03:14 info: 🚀 App listening on the port 4000
2023-09-06 17:03:14 info: =================================
2023-09-06 17:03:21 info: =================================
2023-09-06 17:03:21 info: ======= ENV: development =======
2023-09-06 17:03:21 info: 🚀 App listening on the port 4000
2023-09-06 17:03:21 info: =================================
2023-09-06 17:03:56 info: =================================
2023-09-06 17:03:56 info: ======= ENV: development =======
2023-09-06 17:03:56 info: 🚀 App listening on the port 4000
2023-09-06 17:03:56 info: =================================
2023-09-06 17:04:16 info: =================================
2023-09-06 17:04:16 info: ======= ENV: development =======
2023-09-06 17:04:16 info: 🚀 App listening on the port 4000
2023-09-06 17:04:16 info: =================================
2023-09-06 17:04:26 info: =================================
2023-09-06 17:04:26 info: ======= ENV: development =======
2023-09-06 17:04:26 info: 🚀 App listening on the port 4000
2023-09-06 17:04:26 info: =================================
2023-09-06 17:04:52 info: =================================
2023-09-06 17:04:52 info: ======= ENV: development =======
2023-09-06 17:04:52 info: 🚀 App listening on the port 4000
2023-09-06 17:04:52 info: =================================
2023-09-06 17:04:56 info: =================================
2023-09-06 17:04:56 info: ======= ENV: development =======
2023-09-06 17:04:56 info: 🚀 App listening on the port 4000
2023-09-06 17:04:56 info: =================================
2023-09-06 17:04:59 info: =================================
2023-09-06 17:04:59 info: ======= ENV: development =======
2023-09-06 17:04:59 info: 🚀 App listening on the port 4000
2023-09-06 17:04:59 info: =================================
2023-09-06 17:05:05 info: =================================
2023-09-06 17:05:05 info: ======= ENV: development =======
2023-09-06 17:05:05 info: 🚀 App listening on the port 4000
2023-09-06 17:05:05 info: =================================
2023-09-06 17:05:09 info: =================================
2023-09-06 17:05:09 info: ======= ENV: development =======
2023-09-06 17:05:09 info: 🚀 App listening on the port 4000
2023-09-06 17:05:09 info: =================================
2023-09-06 17:05:17 info: =================================
2023-09-06 17:05:17 info: ======= ENV: development =======
2023-09-06 17:05:17 info: 🚀 App listening on the port 4000
2023-09-06 17:05:17 info: =================================
2023-09-06 17:05:25 info: =================================
2023-09-06 17:05:25 info: ======= ENV: development =======
2023-09-06 17:05:25 info: 🚀 App listening on the port 4000
2023-09-06 17:05:25 info: =================================
2023-09-06 17:05:32 info: =================================
2023-09-06 17:05:32 info: ======= ENV: development =======
2023-09-06 17:05:32 info: 🚀 App listening on the port 4000
2023-09-06 17:05:32 info: =================================
2023-09-06 17:05:35 info: =================================
2023-09-06 17:05:35 info: ======= ENV: development =======
2023-09-06 17:05:35 info: 🚀 App listening on the port 4000
2023-09-06 17:05:35 info: =================================
2023-09-06 17:05:47 info: =================================
2023-09-06 17:05:47 info: ======= ENV: development =======
2023-09-06 17:05:47 info: 🚀 App listening on the port 4000
2023-09-06 17:05:47 info: =================================
2023-09-06 17:05:54 info: [0mPOST /signup [32m201[0m 913.932 ms - 53[0m
2023-09-06 17:06:05 info: [0mPOST /signup [32m201[0m 1509.242 ms - 233[0m
2023-09-06 17:06:56 info: =================================
2023-09-06 17:06:56 info: ======= ENV: development =======
2023-09-06 17:06:56 info: 🚀 App listening on the port 4000
2023-09-06 17:06:56 info: =================================
2023-09-06 17:08:22 info: [0mPOST /signup [32m201[0m 672.144 ms - 54[0m
2023-09-06 17:08:32 info: [0mPOST /signup [32m201[0m 1326.710 ms - 233[0m
2023-09-06 17:11:08 info: [0mPOST /signup [32m201[0m 1292.118 ms - 233[0m
2023-09-06 17:16:43 info: =================================
2023-09-06 17:16:43 info: ======= ENV: development =======
2023-09-06 17:16:43 info: 🚀 App listening on the port 4000
2023-09-06 17:16:43 info: =================================
2023-09-06 17:16:46 info: =================================
2023-09-06 17:16:46 info: ======= ENV: development =======
2023-09-06 17:16:46 info: 🚀 App listening on the port 4000
2023-09-06 17:16:46 info: =================================
2023-09-06 17:16:54 info: =================================
2023-09-06 17:16:54 info: ======= ENV: development =======
2023-09-06 17:16:54 info: 🚀 App listening on the port 4000
2023-09-06 17:16:54 info: =================================
2023-09-06 17:16:57 info: =================================
2023-09-06 17:16:57 info: ======= ENV: development =======
2023-09-06 17:16:57 info: 🚀 App listening on the port 4000
2023-09-06 17:16:57 info: =================================
2023-09-06 17:17:02 info: =================================
2023-09-06 17:17:02 info: ======= ENV: development =======
2023-09-06 17:17:02 info: 🚀 App listening on the port 4000
2023-09-06 17:17:02 info: =================================
2023-09-06 17:17:08 info: [0mPOST /signup [32m201[0m 601.609 ms - 54[0m
2023-09-06 17:17:16 info: [0mPOST /signup [32m201[0m 1600.287 ms - 233[0m
2023-09-06 17:18:51 info: =================================
2023-09-06 17:18:51 info: ======= ENV: development =======
2023-09-06 17:18:51 info: 🚀 App listening on the port 4000
2023-09-06 17:18:51 info: =================================
2023-09-06 17:18:58 info: =================================
2023-09-06 17:18:58 info: ======= ENV: development =======
2023-09-06 17:18:58 info: 🚀 App listening on the port 4000
2023-09-06 17:18:58 info: =================================
2023-09-06 17:19:12 info: =================================
2023-09-06 17:19:12 info: ======= ENV: development =======
2023-09-06 17:19:12 info: 🚀 App listening on the port 4000
2023-09-06 17:19:12 info: =================================
2023-09-06 17:20:50 info: =================================
2023-09-06 17:20:50 info: ======= ENV: development =======
2023-09-06 17:20:50 info: 🚀 App listening on the port 4000
2023-09-06 17:20:50 info: =================================
2023-09-06 17:21:31 info: =================================
2023-09-06 17:21:31 info: ======= ENV: development =======
2023-09-06 17:21:31 info: 🚀 App listening on the port 4000
2023-09-06 17:21:31 info: =================================
2023-09-06 17:21:35 info: [0mPOST /signup [32m201[0m 632.294 ms - 54[0m
2023-09-06 17:21:43 info: [0mPOST /signup [32m201[0m 1300.416 ms - 233[0m
2023-09-06 17:22:33 info: =================================
2023-09-06 17:22:33 info: ======= ENV: development =======
2023-09-06 17:22:33 info: 🚀 App listening on the port 4000
2023-09-06 17:22:33 info: =================================
2023-09-06 17:22:45 info: =================================
2023-09-06 17:22:45 info: ======= ENV: development =======
2023-09-06 17:22:45 info: 🚀 App listening on the port 4000
2023-09-06 17:22:45 info: =================================
2023-09-06 17:22:56 info: =================================
2023-09-06 17:22:56 info: ======= ENV: development =======
2023-09-06 17:22:56 info: 🚀 App listening on the port 4000
2023-09-06 17:22:56 info: =================================
2023-09-06 17:22:59 info: [0mPOST /signup [32m201[0m 628.648 ms - 54[0m
2023-09-06 17:23:10 info: [0mPOST /signup [32m201[0m 1430.890 ms - 233[0m
2023-09-06 17:24:36 info: =================================
2023-09-06 17:24:36 info: ======= ENV: development =======
2023-09-06 17:24:36 info: 🚀 App listening on the port 4000
2023-09-06 17:24:36 info: =================================
2023-09-06 17:24:46 info: [0mPOST /signup [32m201[0m 1402.644 ms - 233[0m
2023-09-06 17:25:15 info: =================================
2023-09-06 17:25:15 info: ======= ENV: development =======
2023-09-06 17:25:15 info: 🚀 App listening on the port 4000
2023-09-06 17:25:15 info: =================================
2023-09-06 17:25:22 info: =================================
2023-09-06 17:25:22 info: ======= ENV: development =======
2023-09-06 17:25:22 info: 🚀 App listening on the port 4000
2023-09-06 17:25:22 info: =================================
2023-09-06 17:25:42 info: [0mPOST /signup [32m201[0m 649.505 ms - 54[0m
2023-09-06 17:25:52 info: [0mPOST /signup [32m201[0m 555.522 ms - 54[0m
2023-09-06 17:26:03 info: [0mPOST /signup [32m201[0m 1715.277 ms - 297[0m
2023-09-06 17:26:55 info: [0mPOST /users/subscribe/cus_OaYPAnng0SBJP8 [32m200[0m 972.742 ms - 2[0m
2023-09-06 17:28:02 info: [0mPOST /users/subscribe/cus_OaYPAnng0SBJP8 [32m200[0m 829.373 ms - 2[0m
2023-09-06 17:28:44 info: =================================
2023-09-06 17:28:44 info: ======= ENV: development =======
2023-09-06 17:28:44 info: 🚀 App listening on the port 4000
2023-09-06 17:28:44 info: =================================
2023-09-06 17:28:48 info: =================================
2023-09-06 17:28:48 info: ======= ENV: development =======
2023-09-06 17:28:48 info: 🚀 App listening on the port 4000
2023-09-06 17:28:48 info: =================================
2023-09-06 17:29:06 info: =================================
2023-09-06 17:29:06 info: ======= ENV: development =======
2023-09-06 17:29:06 info: 🚀 App listening on the port 4000
2023-09-06 17:29:06 info: =================================
2023-09-06 17:29:14 info: =================================
2023-09-06 17:29:14 info: ======= ENV: development =======
2023-09-06 17:29:14 info: 🚀 App listening on the port 4000
2023-09-06 17:29:14 info: =================================
2023-09-06 17:29:44 info: =================================
2023-09-06 17:29:44 info: ======= ENV: development =======
2023-09-06 17:29:44 info: 🚀 App listening on the port 4000
2023-09-06 17:29:44 info: =================================
2023-09-06 17:29:47 info: =================================
2023-09-06 17:29:47 info: ======= ENV: development =======
2023-09-06 17:29:47 info: 🚀 App listening on the port 4000
2023-09-06 17:29:47 info: =================================
2023-09-06 17:31:13 info: =================================
2023-09-06 17:31:13 info: ======= ENV: development =======
2023-09-06 17:31:13 info: 🚀 App listening on the port 4000
2023-09-06 17:31:13 info: =================================
2023-09-06 17:32:46 info: =================================
2023-09-06 17:32:46 info: ======= ENV: development =======
2023-09-06 17:32:46 info: 🚀 App listening on the port 4000
2023-09-06 17:32:46 info: =================================
2023-09-06 17:33:09 info: =================================
2023-09-06 17:33:09 info: ======= ENV: development =======
2023-09-06 17:33:09 info: 🚀 App listening on the port 4000
2023-09-06 17:33:09 info: =================================
2023-09-06 17:33:19 info: =================================
2023-09-06 17:33:19 info: ======= ENV: development =======
2023-09-06 17:33:19 info: 🚀 App listening on the port 4000
2023-09-06 17:33:19 info: =================================
2023-09-06 17:33:26 info: =================================
2023-09-06 17:33:26 info: ======= ENV: development =======
2023-09-06 17:33:26 info: 🚀 App listening on the port 4000
2023-09-06 17:33:26 info: =================================
2023-09-06 17:33:34 info: =================================
2023-09-06 17:33:34 info: ======= ENV: development =======
2023-09-06 17:33:34 info: 🚀 App listening on the port 4000
2023-09-06 17:33:34 info: =================================
2023-09-06 17:33:41 info: =================================
2023-09-06 17:33:41 info: ======= ENV: development =======
2023-09-06 17:33:41 info: 🚀 App listening on the port 4000
2023-09-06 17:33:41 info: =================================
2023-09-06 17:33:45 info: =================================
2023-09-06 17:33:45 info: ======= ENV: development =======
2023-09-06 17:33:45 info: 🚀 App listening on the port 4000
2023-09-06 17:33:45 info: =================================
2023-09-06 17:33:58 info: =================================
2023-09-06 17:33:58 info: ======= ENV: development =======
2023-09-06 17:33:58 info: 🚀 App listening on the port 4000
2023-09-06 17:33:58 info: =================================
2023-09-06 17:34:09 info: [0mPOST /signup [32m201[0m 1642.273 ms - 297[0m
2023-09-06 17:34:54 info: [0mPOST /users/subscribe/cus_OaYPAnng0SBJP8 [32m200[0m 859.861 ms - 2[0m
2023-09-06 17:35:36 info: =================================
2023-09-06 17:35:36 info: ======= ENV: development =======
2023-09-06 17:35:36 info: 🚀 App listening on the port 4000
2023-09-06 17:35:36 info: =================================
2023-09-06 17:41:08 info: =================================
2023-09-06 17:41:08 info: ======= ENV: development =======
2023-09-06 17:41:08 info: 🚀 App listening on the port 4000
2023-09-06 17:41:08 info: =================================
2023-09-06 17:41:20 info: [0mPOST /signup [32m201[0m 1646.915 ms - 297[0m
2023-09-06 17:42:06 info: [0mPOST /users/subscribe/cus_OaYPAnng0SBJP8 [32m200[0m 1233.696 ms - -[0m
2023-09-06 17:45:22 info: [0mPOST /signup [32m201[0m 511.905 ms - 54[0m
2023-09-06 17:45:32 info: [0mPOST /signup [32m201[0m 1525.775 ms - 297[0m
2023-09-06 17:47:01 info: =================================
2023-09-06 17:47:01 info: ======= ENV: development =======
2023-09-06 17:47:01 info: 🚀 App listening on the port 4000
2023-09-06 17:47:01 info: =================================
2023-09-06 17:47:08 info: =================================
2023-09-06 17:47:08 info: ======= ENV: development =======
2023-09-06 17:47:08 info: 🚀 App listening on the port 4000
2023-09-06 17:47:08 info: =================================
2023-09-06 17:47:19 info: [0mPOST /signup [32m201[0m 1721.021 ms - 296[0m
2023-09-06 17:50:46 info: [0mPOST /users/subscribe/cus_OaYPAnng0SBJP8 [32m200[0m 1487.024 ms - -[0m
2023-09-06 17:53:38 info: [0mPOST /users/subscribe/cus_OaYPAnng0SBJP8 [32m200[0m 1660.639 ms - -[0m
2023-09-06 17:54:21 info: =================================
2023-09-06 17:54:21 info: ======= ENV: development =======
2023-09-06 17:54:21 info: 🚀 App listening on the port 4000
2023-09-06 17:54:21 info: =================================
2023-09-06 17:54:51 info: [0mPOST /users/subscribe/cus_OaYPAnng0SBJP8 [32m200[0m 1397.860 ms - -[0m
2023-09-06 17:56:53 info: =================================
2023-09-06 17:56:53 info: ======= ENV: development =======
2023-09-06 17:56:53 info: 🚀 App listening on the port 4000
2023-09-06 17:56:53 info: =================================
2023-09-06 17:57:41 info: =================================
2023-09-06 17:57:41 info: ======= ENV: development =======
2023-09-06 17:57:41 info: 🚀 App listening on the port 4000
2023-09-06 17:57:41 info: =================================
2023-09-06 17:57:46 info: =================================
2023-09-06 17:57:46 info: ======= ENV: development =======
2023-09-06 17:57:46 info: 🚀 App listening on the port 4000
2023-09-06 17:57:46 info: =================================
2023-09-06 17:57:51 info: [0mPOST /users/subscribe/cus_OaYPAnng0SBJP8 [32m200[0m 1445.210 ms - -[0m
2023-09-06 18:02:08 info: [0mPOST /users/subscribe/cus_OaYPAnng0SBJP8 [32m200[0m 1220.261 ms - -[0m
2023-09-06 18:06:56 info: =================================
2023-09-06 18:06:56 info: ======= ENV: development =======
2023-09-06 18:06:56 info: 🚀 App listening on the port 4000
2023-09-06 18:06:56 info: =================================
2023-09-06 18:09:47 info: =================================
2023-09-06 18:09:47 info: ======= ENV: development =======
2023-09-06 18:09:47 info: 🚀 App listening on the port 4000
2023-09-06 18:09:47 info: =================================
2023-09-06 18:54:25 info: [0mPOST /users/subscribe/cus_OaYPAnng0SBJP8 [32m200[0m 615.721 ms - 41[0m
