2023-09-11 09:57:52 info: =================================
2023-09-11 09:57:52 info: ======= ENV: development =======
2023-09-11 09:57:52 info: 🚀 App listening on the port 4000
2023-09-11 09:57:52 info: =================================
2023-09-11 10:15:06 info: =================================
2023-09-11 10:15:06 info: ======= ENV: development =======
2023-09-11 10:15:06 info: 🚀 App listening on the port 4000
2023-09-11 10:15:06 info: =================================
2023-09-11 10:15:57 info: =================================
2023-09-11 10:15:57 info: ======= ENV: development =======
2023-09-11 10:15:57 info: 🚀 App listening on the port 4000
2023-09-11 10:15:57 info: =================================
2023-09-11 10:26:21 info: [0mGET /users/unsubscribe/cus_ObELbuMpXm0KFM/ [33m404[0m 131.421 ms - 176[0m
2023-09-11 10:26:42 info: [0mPOST /users/unsubscribe/cus_ObELbuMpXm0KFM/ [33m404[0m 2.582 ms - 177[0m
2023-09-11 10:31:00 info: [0mPOST /users/unsubscribe/cus_ObELbuMpXm0KFM/acct_1No2zqQWOqak4lRH [32m200[0m 10.484 ms - 2[0m
2023-09-11 10:34:02 info: [0mPOST /users/unsubscribe/cus_ObELbuMpXm0KFM/acct_1No2zqQWOqak4lRH [32m200[0m 3.464 ms - 2[0m
2023-09-11 10:34:22 info: =================================
2023-09-11 10:34:22 info: ======= ENV: development =======
2023-09-11 10:34:22 info: 🚀 App listening on the port 4000
2023-09-11 10:34:22 info: =================================
2023-09-11 10:34:27 info: =================================
2023-09-11 10:34:27 info: ======= ENV: development =======
2023-09-11 10:34:27 info: 🚀 App listening on the port 4000
2023-09-11 10:34:27 info: =================================
2023-09-11 10:34:31 info: [0mPOST /users/unsubscribe/cus_ObELbuMpXm0KFM/acct_1No2zqQWOqak4lRH [32m200[0m 23.895 ms - 2[0m
2023-09-11 10:35:20 info: =================================
2023-09-11 10:35:20 info: ======= ENV: development =======
2023-09-11 10:35:20 info: 🚀 App listening on the port 4000
2023-09-11 10:35:20 info: =================================
2023-09-11 10:35:26 info: =================================
2023-09-11 10:35:26 info: ======= ENV: development =======
2023-09-11 10:35:26 info: 🚀 App listening on the port 4000
2023-09-11 10:35:26 info: =================================
2023-09-11 10:35:28 info: [0mPOST /users/unsubscribe/cus_ObELbuMpXm0KFM/acct_1No2zqQWOqak4lRH [32m200[0m 23.965 ms - 2[0m
2023-09-11 10:38:42 info: =================================
2023-09-11 10:38:42 info: ======= ENV: development =======
2023-09-11 10:38:42 info: 🚀 App listening on the port 4000
2023-09-11 10:38:42 info: =================================
2023-09-11 10:38:45 info: [0mPOST /users/unsubscribe/cus_ObELbuMpXm0KFM/acct_1No2zqQWOqak4lRH [32m200[0m 22.889 ms - 2[0m
2023-09-11 10:38:55 info: =================================
2023-09-11 10:38:55 info: ======= ENV: development =======
2023-09-11 10:38:55 info: 🚀 App listening on the port 4000
2023-09-11 10:38:55 info: =================================
2023-09-11 10:39:15 info: =================================
2023-09-11 10:39:15 info: ======= ENV: development =======
2023-09-11 10:39:15 info: 🚀 App listening on the port 4000
2023-09-11 10:39:15 info: =================================
2023-09-11 10:39:17 info: [0mPOST /users/unsubscribe/cus_ObELbuMpXm0KFM/acct_1No2zqQWOqak4lRH [32m200[0m 519.123 ms - 54[0m
2023-09-11 10:40:39 info: [0mPOST /users/unsubscribe/cus_ObELbuMpXm0KFM/acct_1No2zqQWOqak4lRH [32m200[0m 429.707 ms - 54[0m
2023-09-11 10:42:34 info: =================================
2023-09-11 10:42:34 info: ======= ENV: development =======
2023-09-11 10:42:34 info: 🚀 App listening on the port 4000
2023-09-11 10:42:34 info: =================================
2023-09-11 10:42:42 info: =================================
2023-09-11 10:42:42 info: ======= ENV: development =======
2023-09-11 10:42:42 info: 🚀 App listening on the port 4000
2023-09-11 10:42:42 info: =================================
2023-09-11 10:43:14 info: =================================
2023-09-11 10:43:14 info: ======= ENV: development =======
2023-09-11 10:43:14 info: 🚀 App listening on the port 4000
2023-09-11 10:43:14 info: =================================
2023-09-11 10:43:17 info: [0mPOST /users/unsubscribe/cus_ObELbuMpXm0KFM/acct_1No2zqQWOqak4lRH [32m200[0m 524.903 ms - 2[0m
2023-09-11 10:43:31 info: =================================
2023-09-11 10:43:31 info: ======= ENV: development =======
2023-09-11 10:43:31 info: 🚀 App listening on the port 4000
2023-09-11 10:43:31 info: =================================
2023-09-11 10:43:42 info: =================================
2023-09-11 10:43:42 info: ======= ENV: development =======
2023-09-11 10:43:42 info: 🚀 App listening on the port 4000
2023-09-11 10:43:42 info: =================================
2023-09-11 10:43:48 info: [0mPOST /users/unsubscribe/cus_ObELbuMpXm0KFM/acct_1No2zqQWOqak4lRH [32m200[0m 670.917 ms - 2[0m
2023-09-11 10:44:09 info: =================================
2023-09-11 10:44:09 info: ======= ENV: development =======
2023-09-11 10:44:09 info: 🚀 App listening on the port 4000
2023-09-11 10:44:09 info: =================================
2023-09-11 10:51:10 info: [0mPOST /users/unsubscribe/cus_ObDW0oePXDcsog/acct_1No2zqQWOqak4lRH [32m200[0m 721.743 ms - 2[0m
2023-09-11 11:51:42 info: =================================
2023-09-11 11:51:42 info: ======= ENV: development =======
2023-09-11 11:51:42 info: 🚀 App listening on the port 4000
2023-09-11 11:51:42 info: =================================
2023-09-11 12:06:06 info: =================================
2023-09-11 12:06:06 info: ======= ENV: development =======
2023-09-11 12:06:06 info: 🚀 App listening on the port 4000
2023-09-11 12:06:06 info: =================================
2023-09-11 12:31:17 info: =================================
2023-09-11 12:31:17 info: ======= ENV: development =======
2023-09-11 12:31:17 info: 🚀 App listening on the port 4000
2023-09-11 12:31:17 info: =================================
2023-09-11 12:31:23 info: =================================
2023-09-11 12:31:23 info: ======= ENV: development =======
2023-09-11 12:31:23 info: 🚀 App listening on the port 4000
2023-09-11 12:31:23 info: =================================
2023-09-11 12:31:32 info: =================================
2023-09-11 12:31:32 info: ======= ENV: development =======
2023-09-11 12:31:32 info: 🚀 App listening on the port 4000
2023-09-11 12:31:32 info: =================================
2023-09-11 12:31:44 info: =================================
2023-09-11 12:31:44 info: ======= ENV: development =======
2023-09-11 12:31:44 info: 🚀 App listening on the port 4000
2023-09-11 12:31:44 info: =================================
