2023-03-28 16:38:07 info: =================================
2023-03-28 16:38:07 info: ======= ENV: development =======
2023-03-28 16:38:07 info: 🚀 App listening on the port 3000
2023-03-28 16:38:07 info: =================================
2023-03-28 16:38:10 info: =================================
2023-03-28 16:38:10 info: ======= ENV: development =======
2023-03-28 16:38:10 info: 🚀 App listening on the port 3000
2023-03-28 16:38:10 info: =================================
2023-03-28 16:38:10 info: [0mGET /_next/webpack-hmr [33m404[0m 4.186 ms - 156[0m
2023-03-28 16:38:15 info: [0mGET /_next/webpack-hmr [33m404[0m 1.711 ms - 156[0m
2023-03-28 16:38:20 info: [0mGET /_next/webpack-hmr [33m404[0m 0.945 ms - 156[0m
2023-03-28 16:38:25 info: [0mGET /_next/webpack-hmr [33m404[0m 0.472 ms - 156[0m
2023-03-28 16:38:30 info: [0mGET /_next/webpack-hmr [33m404[0m 0.672 ms - 156[0m
2023-03-28 16:38:35 info: [0mGET /_next/webpack-hmr [33m404[0m 0.642 ms - 156[0m
2023-03-28 16:38:40 info: [0mGET /_next/webpack-hmr [33m404[0m 0.463 ms - 156[0m
2023-03-28 16:38:46 info: [0mGET /_next/webpack-hmr [33m404[0m 0.463 ms - 156[0m
2023-03-28 16:38:52 info: [0mGET /_next/webpack-hmr [33m404[0m 0.455 ms - 156[0m
2023-03-28 16:38:58 info: [0mGET /_next/webpack-hmr [33m404[0m 0.555 ms - 156[0m
2023-03-28 16:39:04 info: [0mGET /_next/webpack-hmr [33m404[0m 0.507 ms - 156[0m
2023-03-28 16:39:10 info: [0mGET /_next/webpack-hmr [33m404[0m 0.457 ms - 156[0m
2023-03-28 16:39:16 info: [0mGET /_next/webpack-hmr [33m404[0m 0.466 ms - 156[0m
2023-03-28 16:39:22 info: [0mGET /_next/webpack-hmr [33m404[0m 0.531 ms - 156[0m
2023-03-28 16:39:28 info: [0mGET /_next/webpack-hmr [33m404[0m 0.630 ms - 156[0m
2023-03-28 16:39:34 info: [0mGET /_next/webpack-hmr [33m404[0m 0.477 ms - 156[0m
2023-03-28 16:39:40 info: [0mGET /_next/webpack-hmr [33m404[0m 0.459 ms - 156[0m
2023-03-28 16:39:46 info: [0mGET /_next/webpack-hmr [33m404[0m 0.452 ms - 156[0m
2023-03-28 16:39:52 info: [0mGET /_next/webpack-hmr [33m404[0m 0.469 ms - 156[0m
2023-03-28 16:39:58 info: [0mGET /_next/webpack-hmr [33m404[0m 0.445 ms - 156[0m
2023-03-28 16:40:04 info: [0mGET /_next/webpack-hmr [33m404[0m 0.432 ms - 156[0m
2023-03-28 16:40:10 info: [0mGET /_next/webpack-hmr [33m404[0m 0.437 ms - 156[0m
2023-03-28 16:40:18 info: [0mGET /_next/webpack-hmr [33m404[0m 0.465 ms - 156[0m
2023-03-28 16:40:26 info: [0mGET /_next/webpack-hmr [33m404[0m 0.585 ms - 156[0m
2023-03-28 16:40:42 info: [0mGET /_next/webpack-hmr [33m404[0m 0.456 ms - 156[0m
2023-03-28 16:40:47 info: [0mGET /_next/webpack-hmr [33m404[0m 0.634 ms - 156[0m
2023-03-28 16:40:48 info: [0mGET /_next/webpack-hmr [33m404[0m 1.694 ms - 156[0m
2023-03-28 16:40:53 info: [0mGET /_next/webpack-hmr [33m404[0m 0.673 ms - 156[0m
2023-03-28 16:40:53 info: [0mGET /_next/webpack-hmr [33m404[0m 0.429 ms - 156[0m
2023-03-28 16:40:59 info: [0mGET /_next/webpack-hmr [33m404[0m 0.425 ms - 156[0m
2023-03-28 16:40:59 info: [0mGET /_next/webpack-hmr [33m404[0m 0.579 ms - 156[0m
2023-03-28 16:41:05 info: [0mGET /_next/webpack-hmr [33m404[0m 0.416 ms - 156[0m
2023-03-28 16:41:11 info: [0mGET /_next/webpack-hmr [33m404[0m 0.431 ms - 156[0m
2023-03-28 16:41:12 info: [0mGET /user/buy/7007d6c2827b85943e4f791cdca5abb9a79613d5 [33m404[0m 103.706 ms - 188[0m
2023-03-28 16:41:16 info: [0mPOST /user/buy/7007d6c2827b85943e4f791cdca5abb9a79613d5 [33m404[0m 0.915 ms - 189[0m
2023-03-28 16:41:17 info: [0mGET /_next/webpack-hmr [33m404[0m 0.431 ms - 156[0m
2023-03-28 16:41:23 info: [0mGET /_next/webpack-hmr [33m404[0m 0.422 ms - 156[0m
2023-03-28 16:41:29 info: [0mGET /_next/webpack-hmr [33m404[0m 0.432 ms - 156[0m
2023-03-28 16:41:43 info: [0mGET /_next/webpack-hmr [33m404[0m 0.435 ms - 156[0m
2023-03-28 16:41:53 info: [0mGET /_next/webpack-hmr [33m404[0m 0.458 ms - 156[0m
2023-03-28 16:42:00 info: [0mGET /_next/webpack-hmr [33m404[0m 0.511 ms - 156[0m
2023-03-28 16:42:18 info: [0mGET /_next/webpack-hmr [33m404[0m 0.559 ms - 156[0m
2023-03-28 16:42:25 info: [0mPOST /users/buy/7007d6c2827b85943e4f791cdca5abb9a79613d5 [32m200[0m 8.236 ms - 2[0m
2023-03-28 16:42:26 info: [0mGET /_next/webpack-hmr [33m404[0m 1.194 ms - 156[0m
2023-03-28 16:42:30 info: [0mGET /_next/webpack-hmr [33m404[0m 0.534 ms - 156[0m
2023-03-28 16:42:44 info: [0mGET /_next/webpack-hmr [33m404[0m 0.515 ms - 156[0m
2023-03-28 16:42:50 info: [0mGET /_next/webpack-hmr [33m404[0m 0.460 ms - 156[0m
2023-03-28 16:42:52 info: [0mGET /_next/webpack-hmr [33m404[0m 0.421 ms - 156[0m
2023-03-28 16:43:00 info: [0mGET /_next/webpack-hmr [33m404[0m 0.428 ms - 156[0m
2023-03-28 16:43:05 info: [0mGET /_next/webpack-hmr [33m404[0m 0.442 ms - 156[0m
2023-03-28 16:43:07 info: [0mGET /_next/webpack-hmr [33m404[0m 0.440 ms - 156[0m
2023-03-28 16:43:14 info: [0mGET /_next/webpack-hmr [33m404[0m 0.425 ms - 156[0m
2023-03-28 16:43:18 error: [POST] /users/buy/7007d6c2827b85943e4f791cdca5abb9a79613d5 >> StatusCode:: 400, Message:: Unexpected token : in JSON at position 31
2023-03-28 16:43:18 info: [0mPOST /users/buy/7007d6c2827b85943e4f791cdca5abb9a79613d5 [33m400[0m 4.843 ms - 55[0m
2023-03-28 16:43:22 info: [0mGET /_next/webpack-hmr [33m404[0m 0.430 ms - 156[0m
2023-03-28 16:43:29 info: [0mGET /_next/webpack-hmr [33m404[0m 1.085 ms - 156[0m
2023-03-28 16:43:37 info: [0mGET /_next/webpack-hmr [33m404[0m 0.432 ms - 156[0m
2023-03-28 16:43:39 info: [0mPOST /users/buy/7007d6c2827b85943e4f791cdca5abb9a79613d5 [32m200[0m 2.898 ms - 2[0m
2023-03-28 16:43:44 info: [0mGET /_next/webpack-hmr [33m404[0m 0.416 ms - 156[0m
2023-03-28 16:43:51 info: [0mGET /_next/webpack-hmr [33m404[0m 0.416 ms - 156[0m
2023-03-28 16:44:05 info: [0mGET /_next/webpack-hmr [33m404[0m 0.422 ms - 156[0m
2023-03-28 16:44:11 info: [0mPOST /users/buy/7007d6c2827b85943e4f791cdca5abb9a79613d5 [32m200[0m 1241.797 ms - -[0m
2023-03-28 16:44:16 info: [0mGET /_next/webpack-hmr [33m404[0m 0.452 ms - 156[0m
2023-03-28 16:44:22 info: [0mGET /_next/webpack-hmr [33m404[0m 0.427 ms - 156[0m
2023-03-28 16:44:38 info: [0mGET /_next/webpack-hmr [33m404[0m 0.428 ms - 156[0m
2023-03-28 16:44:54 info: [0mGET /_next/webpack-hmr [33m404[0m 0.420 ms - 156[0m
2023-03-28 16:45:02 info: [0mGET /_next/webpack-hmr [33m404[0m 1.199 ms - 156[0m
2023-03-28 16:45:09 info: [0mGET /_next/webpack-hmr [33m404[0m 0.408 ms - 156[0m
2023-03-28 16:45:17 info: [0mGET /_next/webpack-hmr [33m404[0m 0.427 ms - 156[0m
2023-03-28 16:45:29 info: [0mGET /_next/webpack-hmr [33m404[0m 0.444 ms - 156[0m
2023-03-28 16:45:33 info: [0mGET /_next/webpack-hmr [33m404[0m 0.568 ms - 156[0m
2023-03-28 16:45:44 info: [0mGET /_next/webpack-hmr [33m404[0m 0.411 ms - 156[0m
2023-03-28 16:45:46 info: [0mGET /_next/webpack-hmr [33m404[0m 0.417 ms - 156[0m
2023-03-28 16:46:11 info: [0mGET /_next/webpack-hmr [33m404[0m 0.458 ms - 156[0m
2023-03-28 16:46:18 info: [0mGET /_next/webpack-hmr [33m404[0m 0.444 ms - 156[0m
2023-03-28 16:46:25 info: [0mGET /_next/webpack-hmr [33m404[0m 0.422 ms - 156[0m
2023-03-28 16:46:32 info: [0mGET /_next/webpack-hmr [33m404[0m 0.608 ms - 156[0m
2023-03-28 16:46:44 info: [0mGET /_next/webpack-hmr [33m404[0m 0.443 ms - 156[0m
2023-03-28 16:46:47 info: [0mGET /_next/webpack-hmr [33m404[0m 0.605 ms - 156[0m
2023-03-28 16:46:47 info: [0mGET /_next/webpack-hmr [33m404[0m 0.497 ms - 156[0m
2023-03-28 16:46:50 info: [0mGET /_next/webpack-hmr [33m404[0m 0.425 ms - 156[0m
2023-03-28 16:46:53 info: [0mGET /_next/webpack-hmr [33m404[0m 0.415 ms - 156[0m
2023-03-28 16:46:53 info: [0mGET /_next/webpack-hmr [33m404[0m 0.418 ms - 156[0m
2023-03-28 16:46:56 info: [0mGET /_next/webpack-hmr [33m404[0m 0.563 ms - 156[0m
2023-03-28 16:46:59 info: [0mGET /_next/webpack-hmr [33m404[0m 0.415 ms - 156[0m
2023-03-28 16:47:02 info: [0mGET /_next/webpack-hmr [33m404[0m 0.403 ms - 156[0m
2023-03-28 16:47:05 info: [0mGET /_next/webpack-hmr [33m404[0m 0.418 ms - 156[0m
2023-03-28 16:47:08 info: [0mGET /_next/webpack-hmr [33m404[0m 0.422 ms - 156[0m
2023-03-28 16:47:11 info: [0mGET /_next/webpack-hmr [33m404[0m 0.519 ms - 156[0m
2023-03-28 16:47:14 info: [0mGET /_next/webpack-hmr [33m404[0m 0.405 ms - 156[0m
2023-03-28 16:47:28 info: [0mGET /_next/webpack-hmr [33m404[0m 0.517 ms - 156[0m
2023-03-28 16:47:30 info: [0mGET /_next/webpack-hmr [33m404[0m 0.463 ms - 156[0m
2023-03-28 16:47:38 info: [0mGET /_next/webpack-hmr [33m404[0m 0.423 ms - 156[0m
2023-03-28 16:47:41 info: [0mGET /_next/webpack-hmr [33m404[0m 0.431 ms - 156[0m
2023-03-28 16:47:43 info: [0mGET /_next/webpack-hmr [33m404[0m 0.427 ms - 156[0m
2023-03-28 16:47:45 info: [0mGET /_next/webpack-hmr [33m404[0m 0.480 ms - 156[0m
2023-03-28 16:47:56 info: [0mGET /_next/webpack-hmr [33m404[0m 0.412 ms - 156[0m
2023-03-28 16:48:01 info: [0mGET /_next/webpack-hmr [33m404[0m 0.439 ms - 156[0m
2023-03-28 16:48:12 info: [0mGET /_next/webpack-hmr [33m404[0m 0.485 ms - 156[0m
2023-03-28 16:48:15 info: [0mGET /_next/webpack-hmr [33m404[0m 0.454 ms - 156[0m
2023-03-28 16:48:22 info: [0mGET /_next/webpack-hmr [33m404[0m 0.439 ms - 156[0m
2023-03-28 16:48:26 info: [0mGET /_next/webpack-hmr [33m404[0m 0.406 ms - 156[0m
2023-03-28 16:48:43 info: [0mGET /_next/webpack-hmr [33m404[0m 0.531 ms - 156[0m
2023-03-28 16:48:48 info: [0mGET /_next/webpack-hmr [33m404[0m 0.423 ms - 156[0m
2023-03-28 16:48:58 info: [0mGET /_next/webpack-hmr [33m404[0m 0.427 ms - 156[0m
2023-03-28 16:49:13 info: =================================
2023-03-28 16:49:13 info: ======= ENV: development =======
2023-03-28 16:49:13 info: 🚀 App listening on the port 3000
2023-03-28 16:49:13 info: =================================
2023-03-28 16:49:16 info: [0mGET /_next/webpack-hmr [33m404[0m 4.396 ms - 156[0m
2023-03-28 16:49:21 info: =================================
2023-03-28 16:49:21 info: ======= ENV: development =======
2023-03-28 16:49:21 info: 🚀 App listening on the port 3000
2023-03-28 16:49:21 info: =================================
2023-03-28 16:49:23 info: [0mGET /_next/webpack-hmr [33m404[0m 4.417 ms - 156[0m
2023-03-28 16:49:29 info: =================================
2023-03-28 16:49:29 info: ======= ENV: development =======
2023-03-28 16:49:29 info: 🚀 App listening on the port 3000
2023-03-28 16:49:29 info: =================================
2023-03-28 16:49:32 info: =================================
2023-03-28 16:49:32 info: ======= ENV: development =======
2023-03-28 16:49:32 info: 🚀 App listening on the port 3000
2023-03-28 16:49:32 info: =================================
2023-03-28 16:49:36 info: [0mGET /_next/webpack-hmr [33m404[0m 4.438 ms - 156[0m
2023-03-28 16:49:47 info: =================================
2023-03-28 16:49:47 info: ======= ENV: development =======
2023-03-28 16:49:47 info: 🚀 App listening on the port 3000
2023-03-28 16:49:47 info: =================================
2023-03-28 16:49:47 info: [0mGET /_next/webpack-hmr [33m404[0m 4.225 ms - 156[0m
2023-03-28 16:49:49 info: =================================
2023-03-28 16:49:49 info: ======= ENV: development =======
2023-03-28 16:49:49 info: 🚀 App listening on the port 3000
2023-03-28 16:49:49 info: =================================
2023-03-28 16:49:54 info: =================================
2023-03-28 16:49:54 info: ======= ENV: development =======
2023-03-28 16:49:54 info: 🚀 App listening on the port 3000
2023-03-28 16:49:54 info: =================================
2023-03-28 16:49:58 info: =================================
2023-03-28 16:49:58 info: ======= ENV: development =======
2023-03-28 16:49:58 info: 🚀 App listening on the port 3000
2023-03-28 16:49:58 info: =================================
2023-03-28 16:49:59 info: [0mGET /_next/webpack-hmr [33m404[0m 5.313 ms - 156[0m
2023-03-28 16:50:19 info: =================================
2023-03-28 16:50:19 info: ======= ENV: development =======
2023-03-28 16:50:19 info: 🚀 App listening on the port 3000
2023-03-28 16:50:19 info: =================================
2023-03-28 16:50:20 info: [0mGET /_next/webpack-hmr [33m404[0m 4.558 ms - 156[0m
2023-03-28 16:50:36 info: [0mGET /_next/webpack-hmr [33m404[0m 1.509 ms - 156[0m
2023-03-28 16:50:43 info: [0mGET /_next/webpack-hmr [33m404[0m 0.886 ms - 156[0m
2023-03-28 16:50:48 info: [0mGET /_next/webpack-hmr [33m404[0m 0.474 ms - 156[0m
2023-03-28 16:50:49 info: [0mGET /_next/webpack-hmr [33m404[0m 0.474 ms - 156[0m
2023-03-28 16:50:54 info: [0mGET /_next/webpack-hmr [33m404[0m 0.617 ms - 156[0m
2023-03-28 16:50:54 info: [0mGET /_next/webpack-hmr [33m404[0m 0.514 ms - 156[0m
2023-03-28 16:51:00 info: [0mGET /_next/webpack-hmr [33m404[0m 0.484 ms - 156[0m
2023-03-28 16:51:06 info: [0mGET /_next/webpack-hmr [33m404[0m 0.453 ms - 156[0m
2023-03-28 16:51:12 info: [0mGET /_next/webpack-hmr [33m404[0m 0.450 ms - 156[0m
2023-03-28 16:51:18 info: [0mGET /_next/webpack-hmr [33m404[0m 1.508 ms - 156[0m
2023-03-28 16:51:24 info: [0mGET /_next/webpack-hmr [33m404[0m 0.461 ms - 156[0m
2023-03-28 16:51:31 info: [0mGET /_next/webpack-hmr [33m404[0m 0.458 ms - 156[0m
2023-03-28 16:51:39 info: [0mGET /_next/webpack-hmr [33m404[0m 0.445 ms - 156[0m
2023-03-28 16:51:44 info: [0mGET /_next/webpack-hmr [33m404[0m 0.443 ms - 156[0m
2023-03-28 16:51:52 info: [0mGET /_next/webpack-hmr [33m404[0m 0.439 ms - 156[0m
2023-03-28 16:51:57 info: [0mGET /_next/webpack-hmr [33m404[0m 1.333 ms - 156[0m
2023-03-28 16:51:59 info: [0mGET /_next/webpack-hmr [33m404[0m 0.625 ms - 156[0m
2023-03-28 16:52:15 info: [0mGET /_next/webpack-hmr [33m404[0m 0.440 ms - 156[0m
2023-03-28 16:52:18 info: [0mGET /_next/webpack-hmr [33m404[0m 0.440 ms - 156[0m
2023-03-28 16:52:23 info: [0mGET /_next/webpack-hmr [33m404[0m 0.440 ms - 156[0m
2023-03-28 16:52:28 info: [0mGET /_next/webpack-hmr [33m404[0m 0.450 ms - 156[0m
2023-03-28 16:52:35 info: [0mGET /_next/webpack-hmr [33m404[0m 0.442 ms - 156[0m
2023-03-28 16:52:39 info: [0mGET /_next/webpack-hmr [33m404[0m 1.204 ms - 156[0m
2023-03-28 16:52:44 info: [0mGET /_next/webpack-hmr [33m404[0m 0.485 ms - 156[0m
2023-03-28 16:52:48 info: [0mGET /_next/webpack-hmr [33m404[0m 0.440 ms - 156[0m
2023-03-28 16:52:55 info: [0mGET /_next/webpack-hmr [33m404[0m 0.428 ms - 156[0m
2023-03-28 16:52:58 info: [0mGET /_next/webpack-hmr [33m404[0m 0.416 ms - 156[0m
2023-03-28 16:53:03 info: [0mGET /_next/webpack-hmr [33m404[0m 0.458 ms - 156[0m
2023-03-28 16:53:15 info: =================================
2023-03-28 16:53:15 info: ======= ENV: development =======
2023-03-28 16:53:15 info: 🚀 App listening on the port 3000
2023-03-28 16:53:15 info: =================================
2023-03-28 16:53:19 info: =================================
2023-03-28 16:53:19 info: ======= ENV: development =======
2023-03-28 16:53:19 info: 🚀 App listening on the port 3000
2023-03-28 16:53:19 info: =================================
2023-03-28 16:53:23 info: =================================
2023-03-28 16:53:23 info: ======= ENV: development =======
2023-03-28 16:53:23 info: 🚀 App listening on the port 3000
2023-03-28 16:53:23 info: =================================
2023-03-28 16:53:30 info: [0mGET /_next/webpack-hmr [33m404[0m 4.738 ms - 156[0m
2023-03-28 16:53:42 info: =================================
2023-03-28 16:53:42 info: ======= ENV: development =======
2023-03-28 16:53:42 info: 🚀 App listening on the port 3000
2023-03-28 16:53:42 info: =================================
2023-03-28 16:53:43 info: [0mGET /_next/webpack-hmr [33m404[0m 4.382 ms - 156[0m
2023-03-28 16:53:59 info: =================================
2023-03-28 16:53:59 info: ======= ENV: development =======
2023-03-28 16:53:59 info: 🚀 App listening on the port 3000
2023-03-28 16:53:59 info: =================================
2023-03-28 16:54:04 info: =================================
2023-03-28 16:54:04 info: ======= ENV: development =======
2023-03-28 16:54:04 info: 🚀 App listening on the port 3000
2023-03-28 16:54:04 info: =================================
2023-03-28 16:54:06 info: =================================
2023-03-28 16:54:06 info: ======= ENV: development =======
2023-03-28 16:54:06 info: 🚀 App listening on the port 3000
2023-03-28 16:54:06 info: =================================
2023-03-28 16:54:22 info: =================================
2023-03-28 16:54:22 info: ======= ENV: development =======
2023-03-28 16:54:22 info: 🚀 App listening on the port 3000
2023-03-28 16:54:22 info: =================================
2023-03-28 16:54:22 info: [0mGET /_next/webpack-hmr [33m404[0m 4.315 ms - 156[0m
2023-03-28 16:54:29 info: =================================
2023-03-28 16:54:29 info: ======= ENV: development =======
2023-03-28 16:54:29 info: 🚀 App listening on the port 3000
2023-03-28 16:54:29 info: =================================
2023-03-28 16:54:33 info: =================================
2023-03-28 16:54:33 info: ======= ENV: development =======
2023-03-28 16:54:33 info: 🚀 App listening on the port 3000
2023-03-28 16:54:33 info: =================================
2023-03-28 16:54:40 info: =================================
2023-03-28 16:54:40 info: ======= ENV: development =======
2023-03-28 16:54:40 info: 🚀 App listening on the port 3000
2023-03-28 16:54:40 info: =================================
2023-03-28 16:54:44 info: =================================
2023-03-28 16:54:44 info: ======= ENV: development =======
2023-03-28 16:54:44 info: 🚀 App listening on the port 3000
2023-03-28 16:54:44 info: =================================
2023-03-28 16:55:03 info: =================================
2023-03-28 16:55:03 info: ======= ENV: development =======
2023-03-28 16:55:03 info: 🚀 App listening on the port 3000
2023-03-28 16:55:03 info: =================================
2023-03-28 16:55:06 info: =================================
2023-03-28 16:55:06 info: ======= ENV: development =======
2023-03-28 16:55:06 info: 🚀 App listening on the port 3000
2023-03-28 16:55:06 info: =================================
2023-03-28 16:55:15 info: [0mGET /_next/webpack-hmr [33m404[0m 4.411 ms - 156[0m
2023-03-28 16:55:32 info: [0mGET /_next/webpack-hmr [33m404[0m 1.674 ms - 156[0m
2023-03-28 16:55:38 info: [0mGET /_next/webpack-hmr [33m404[0m 0.464 ms - 156[0m
2023-03-28 16:55:50 info: [0mGET /_next/webpack-hmr [33m404[0m 0.457 ms - 156[0m
2023-03-28 16:55:58 info: [0mGET /_next/webpack-hmr [33m404[0m 0.452 ms - 156[0m
2023-03-28 16:56:05 info: [0mGET /_next/webpack-hmr [33m404[0m 0.445 ms - 156[0m
2023-03-28 16:56:28 info: =================================
2023-03-28 16:56:28 info: ======= ENV: development =======
2023-03-28 16:56:28 info: 🚀 App listening on the port 3000
2023-03-28 16:56:28 info: =================================
2023-03-28 16:56:32 info: [0mGET /_next/webpack-hmr [33m404[0m 4.263 ms - 156[0m
2023-03-28 16:56:37 info: =================================
2023-03-28 16:56:37 info: ======= ENV: development =======
2023-03-28 16:56:37 info: 🚀 App listening on the port 3000
2023-03-28 16:56:37 info: =================================
2023-03-28 16:59:29 info: =================================
2023-03-28 16:59:29 info: ======= ENV: development =======
2023-03-28 16:59:29 info: 🚀 App listening on the port 3000
2023-03-28 16:59:29 info: =================================
2023-03-28 17:00:04 info: =================================
2023-03-28 17:00:04 info: ======= ENV: development =======
2023-03-28 17:00:04 info: 🚀 App listening on the port 3000
2023-03-28 17:00:04 info: =================================
2023-03-28 17:00:04 info: [0mGET /_next/webpack-hmr [33m404[0m 4.219 ms - 156[0m
2023-03-28 17:00:10 info: =================================
2023-03-28 17:00:10 info: ======= ENV: development =======
2023-03-28 17:00:10 info: 🚀 App listening on the port 3000
2023-03-28 17:00:10 info: =================================
2023-03-28 17:00:17 info: =================================
2023-03-28 17:00:17 info: ======= ENV: development =======
2023-03-28 17:00:17 info: 🚀 App listening on the port 3000
2023-03-28 17:00:17 info: =================================
2023-03-28 17:00:20 info: [0mGET /_next/webpack-hmr [33m404[0m 4.327 ms - 156[0m
2023-03-28 17:00:28 info: =================================
2023-03-28 17:00:28 info: ======= ENV: development =======
2023-03-28 17:00:28 info: 🚀 App listening on the port 3000
2023-03-28 17:00:28 info: =================================
2023-03-28 17:00:28 info: [0mGET /_next/webpack-hmr [33m404[0m 4.319 ms - 156[0m
2023-03-28 17:00:49 info: [0mGET /_next/webpack-hmr [33m404[0m 1.513 ms - 156[0m
2023-03-28 17:00:56 info: =================================
2023-03-28 17:00:56 info: ======= ENV: development =======
2023-03-28 17:00:56 info: 🚀 App listening on the port 3000
2023-03-28 17:00:56 info: =================================
2023-03-28 17:00:56 info: [0mGET /_next/webpack-hmr [33m404[0m 4.554 ms - 156[0m
2023-03-28 17:01:02 info: [0mGET /_next/webpack-hmr [33m404[0m 1.375 ms - 156[0m
2023-03-28 17:01:08 info: [0mGET /_next/webpack-hmr [33m404[0m 0.786 ms - 156[0m
2023-03-28 17:01:14 info: [0mGET /_next/webpack-hmr [33m404[0m 0.659 ms - 156[0m
2023-03-28 17:01:20 info: [0mGET /_next/webpack-hmr [33m404[0m 0.619 ms - 156[0m
2023-03-28 17:01:26 info: [0mGET /_next/webpack-hmr [33m404[0m 0.443 ms - 156[0m
2023-03-28 17:01:29 info: =================================
2023-03-28 17:01:29 info: ======= ENV: development =======
2023-03-28 17:01:29 info: 🚀 App listening on the port 3000
2023-03-28 17:01:29 info: =================================
2023-03-28 17:01:32 info: [0mGET /_next/webpack-hmr [33m404[0m 4.402 ms - 156[0m
2023-03-28 17:01:38 info: [0mGET /_next/webpack-hmr [33m404[0m 1.280 ms - 156[0m
2023-03-28 17:01:40 info: =================================
2023-03-28 17:01:40 info: ======= ENV: development =======
2023-03-28 17:01:40 info: 🚀 App listening on the port 3000
2023-03-28 17:01:40 info: =================================
2023-03-28 17:01:45 info: [0mGET /_next/webpack-hmr [33m404[0m 4.135 ms - 156[0m
2023-03-28 17:01:49 info: =================================
2023-03-28 17:01:49 info: ======= ENV: development =======
2023-03-28 17:01:49 info: 🚀 App listening on the port 3000
2023-03-28 17:01:49 info: =================================
2023-03-28 17:01:51 info: =================================
2023-03-28 17:01:51 info: ======= ENV: development =======
2023-03-28 17:01:51 info: 🚀 App listening on the port 3000
2023-03-28 17:01:51 info: =================================
2023-03-28 17:01:53 info: [0mGET /_next/webpack-hmr [33m404[0m 4.183 ms - 156[0m
2023-03-28 17:02:01 info: [0mGET /_next/webpack-hmr [33m404[0m 1.192 ms - 156[0m
2023-03-28 17:02:07 info: =================================
2023-03-28 17:02:07 info: ======= ENV: development =======
2023-03-28 17:02:07 info: 🚀 App listening on the port 3000
2023-03-28 17:02:07 info: =================================
2023-03-28 17:02:21 info: =================================
2023-03-28 17:02:21 info: ======= ENV: development =======
2023-03-28 17:02:21 info: 🚀 App listening on the port 3000
2023-03-28 17:02:21 info: =================================
2023-03-28 17:02:23 info: [0mGET /_next/webpack-hmr [33m404[0m 4.839 ms - 156[0m
2023-03-28 17:02:26 info: =================================
2023-03-28 17:02:26 info: ======= ENV: development =======
2023-03-28 17:02:26 info: 🚀 App listening on the port 3000
2023-03-28 17:02:26 info: =================================
2023-03-28 17:02:29 info: =================================
2023-03-28 17:02:29 info: ======= ENV: development =======
2023-03-28 17:02:29 info: 🚀 App listening on the port 3000
2023-03-28 17:02:29 info: =================================
2023-03-28 17:02:31 info: [0mGET /_next/webpack-hmr [33m404[0m 4.269 ms - 156[0m
2023-03-28 17:02:54 info: [0mGET /_next/webpack-hmr [33m404[0m 1.352 ms - 156[0m
2023-03-28 17:03:01 info: [0mGET /_next/webpack-hmr [33m404[0m 0.469 ms - 156[0m
2023-03-28 17:03:25 info: [0mGET /_next/webpack-hmr [33m404[0m 0.462 ms - 156[0m
2023-03-28 17:03:32 info: [0mGET /_next/webpack-hmr [33m404[0m 0.457 ms - 156[0m
2023-03-28 17:03:43 info: [0mGET /_next/webpack-hmr [33m404[0m 0.436 ms - 156[0m
2023-03-28 17:03:50 info: [0mGET /_next/webpack-hmr [33m404[0m 0.472 ms - 156[0m
2023-03-28 17:03:57 info: [0mGET /_next/webpack-hmr [33m404[0m 0.451 ms - 156[0m
2023-03-28 17:04:02 info: [0mGET /_next/webpack-hmr [33m404[0m 0.450 ms - 156[0m
2023-03-28 17:04:05 info: [0mGET /_next/webpack-hmr [33m404[0m 0.478 ms - 156[0m
2023-03-28 17:04:09 info: [0mGET /_next/webpack-hmr [33m404[0m 0.687 ms - 156[0m
2023-03-28 17:04:13 info: [0mGET /_next/webpack-hmr [33m404[0m 0.458 ms - 156[0m
2023-03-28 17:04:23 info: [0mGET /_next/webpack-hmr [33m404[0m 0.481 ms - 156[0m
2023-03-28 17:04:26 info: [0mGET /_next/webpack-hmr [33m404[0m 0.454 ms - 156[0m
2023-03-28 17:04:30 info: [0mGET /post/webhook?stripe-signature=whsec_c634697ffd32efe8225d7c0da3d0c9db60d2ad990fff2356d186dbbbc9399b4f [33m404[0m 0.509 ms - 151[0m
2023-03-28 17:04:39 info: [0mGET /_next/webpack-hmr [33m404[0m 1.451 ms - 156[0m
2023-03-28 17:04:43 info: [0mGET /_next/webpack-hmr [33m404[0m 0.444 ms - 156[0m
2023-03-28 17:04:48 info: [0mGET /_next/webpack-hmr [33m404[0m 0.447 ms - 156[0m
2023-03-28 17:04:59 info: =================================
2023-03-28 17:04:59 info: ======= ENV: development =======
2023-03-28 17:04:59 info: 🚀 App listening on the port 3000
2023-03-28 17:04:59 info: =================================
2023-03-28 17:05:01 info: [0mGET /_next/webpack-hmr [33m404[0m 4.420 ms - 156[0m
2023-03-28 17:05:06 info: [0mGET /_next/webpack-hmr [33m404[0m 1.433 ms - 156[0m
2023-03-28 17:05:08 info: [0mGET /_next/webpack-hmr [33m404[0m 0.650 ms - 156[0m
2023-03-28 17:05:13 info: [0mGET /_next/webpack-hmr [33m404[0m 0.457 ms - 156[0m
2023-03-28 17:05:16 info: [0mGET /_next/webpack-hmr [33m404[0m 0.645 ms - 156[0m
2023-03-28 17:05:21 info: [0mGET /_next/webpack-hmr [33m404[0m 0.513 ms - 156[0m
2023-03-28 17:05:29 info: [0mGET /_next/webpack-hmr [33m404[0m 0.461 ms - 156[0m
2023-03-28 17:05:43 info: [0mGET /_next/webpack-hmr [33m404[0m 0.456 ms - 156[0m
2023-03-28 17:05:45 info: [0mGET /_next/webpack-hmr [33m404[0m 0.480 ms - 156[0m
2023-03-28 17:05:45 info: [0mGET /post/webhook?stripe-signature=whsec_c634697ffd32efe8225d7c0da3d0c9db60d2ad990fff2356d186dbbbc9399b4f [32m201[0m 1.620 ms - 30[0m
2023-03-28 17:05:45 error: [GET] /post/webhook >> StatusCode:: 500, Message:: recentPosts is not defined
2023-03-28 17:05:52 info: [0mGET /_next/webpack-hmr [33m404[0m 0.472 ms - 156[0m
2023-03-28 17:05:56 info: [0mGET /_next/webpack-hmr [33m404[0m 0.496 ms - 156[0m
2023-03-28 17:05:59 info: [0mGET /_next/webpack-hmr [33m404[0m 0.704 ms - 156[0m
2023-03-28 17:06:03 info: [0mGET /_next/webpack-hmr [33m404[0m 0.452 ms - 156[0m
2023-03-28 17:06:13 info: [0mGET /_next/webpack-hmr [33m404[0m 0.453 ms - 156[0m
2023-03-28 17:06:15 info: [0mGET /_next/webpack-hmr [33m404[0m 0.456 ms - 156[0m
2023-03-28 17:06:20 info: [0mGET /_next/webpack-hmr [33m404[0m 0.445 ms - 156[0m
2023-03-28 17:06:22 info: [0mGET /_next/webpack-hmr [33m404[0m 1.372 ms - 156[0m
2023-03-28 17:06:34 info: [0mGET / [32m200[0m 0.639 ms - 2[0m
2023-03-28 17:06:34 info: [0mGET /favicon.ico [33m404[0m 0.635 ms - 150[0m
2023-03-28 17:07:01 info: [0mGET /post/webhook?stripe-signature=whsec_c634697ffd32efe8225d7c0da3d0c9db60d2ad990fff2356d186dbbbc9399b4f [32m201[0m 0.770 ms - 30[0m
2023-03-28 17:07:01 error: [GET] /post/webhook >> StatusCode:: 500, Message:: recentPosts is not defined
2023-03-28 17:07:41 info: =================================
2023-03-28 17:07:41 info: ======= ENV: development =======
2023-03-28 17:07:41 info: 🚀 App listening on the port 3000
2023-03-28 17:07:41 info: =================================
2023-03-28 17:07:44 info: [0mGET /post/webhook?stripe-signature=whsec_c634697ffd32efe8225d7c0da3d0c9db60d2ad990fff2356d186dbbbc9399b4f [32m201[0m 3.897 ms - 30[0m
2023-03-28 17:08:07 info: =================================
2023-03-28 17:08:07 info: ======= ENV: development =======
2023-03-28 17:08:07 info: 🚀 App listening on the port 3000
2023-03-28 17:08:07 info: =================================
2023-03-28 17:08:12 info: =================================
2023-03-28 17:08:12 info: ======= ENV: development =======
2023-03-28 17:08:12 info: 🚀 App listening on the port 3000
2023-03-28 17:08:12 info: =================================
2023-03-28 17:08:19 info: =================================
2023-03-28 17:08:19 info: ======= ENV: development =======
2023-03-28 17:08:19 info: 🚀 App listening on the port 3000
2023-03-28 17:08:19 info: =================================
2023-03-28 17:08:20 info: [0mGET /post/webhook?stripe-signature=whsec_c634697ffd32efe8225d7c0da3d0c9db60d2ad990fff2356d186dbbbc9399b4f [32m201[0m 4.491 ms - 30[0m
2023-03-28 17:09:20 info: [0mGET /post/webhook?= [0m-[0m - ms - -[0m
2023-03-28 17:10:09 info: =================================
2023-03-28 17:10:09 info: ======= ENV: development =======
2023-03-28 17:10:09 info: 🚀 App listening on the port 3000
2023-03-28 17:10:09 info: =================================
2023-03-28 17:10:16 info: =================================
2023-03-28 17:10:16 info: ======= ENV: development =======
2023-03-28 17:10:16 info: 🚀 App listening on the port 3000
2023-03-28 17:10:16 info: =================================
2023-03-28 17:17:25 info: =================================
2023-03-28 17:17:25 info: ======= ENV: development =======
2023-03-28 17:17:25 info: 🚀 App listening on the port 3000
2023-03-28 17:17:25 info: =================================
2023-03-28 17:17:40 info: =================================
2023-03-28 17:17:40 info: ======= ENV: development =======
2023-03-28 17:17:40 info: 🚀 App listening on the port 3000
2023-03-28 17:17:40 info: =================================
2023-03-28 17:17:45 info: =================================
2023-03-28 17:17:45 info: ======= ENV: development =======
2023-03-28 17:17:45 info: 🚀 App listening on the port 3000
2023-03-28 17:17:45 info: =================================
2023-03-28 17:17:51 info: =================================
2023-03-28 17:17:51 info: ======= ENV: development =======
2023-03-28 17:17:51 info: 🚀 App listening on the port 3000
2023-03-28 17:17:51 info: =================================
2023-03-28 17:17:54 info: =================================
2023-03-28 17:17:54 info: ======= ENV: development =======
2023-03-28 17:17:54 info: 🚀 App listening on the port 3000
2023-03-28 17:17:54 info: =================================
2023-03-28 17:17:57 info: =================================
2023-03-28 17:17:57 info: ======= ENV: development =======
2023-03-28 17:17:57 info: 🚀 App listening on the port 3000
2023-03-28 17:17:57 info: =================================
2023-03-28 17:18:17 info: =================================
2023-03-28 17:18:17 info: ======= ENV: development =======
2023-03-28 17:18:17 info: 🚀 App listening on the port 3000
2023-03-28 17:18:17 info: =================================
2023-03-28 17:18:24 info: =================================
2023-03-28 17:18:24 info: ======= ENV: development =======
2023-03-28 17:18:24 info: 🚀 App listening on the port 3000
2023-03-28 17:18:24 info: =================================
2023-03-28 17:18:34 info: =================================
2023-03-28 17:18:34 info: ======= ENV: development =======
2023-03-28 17:18:34 info: 🚀 App listening on the port 3000
2023-03-28 17:18:34 info: =================================
2023-03-28 17:18:37 info: =================================
2023-03-28 17:18:37 info: ======= ENV: development =======
2023-03-28 17:18:37 info: 🚀 App listening on the port 3000
2023-03-28 17:18:37 info: =================================
2023-03-28 17:18:42 info: =================================
2023-03-28 17:18:42 info: ======= ENV: development =======
2023-03-28 17:18:42 info: 🚀 App listening on the port 3000
2023-03-28 17:18:42 info: =================================
2023-03-28 17:18:49 info: =================================
2023-03-28 17:18:49 info: ======= ENV: development =======
2023-03-28 17:18:49 info: 🚀 App listening on the port 3000
2023-03-28 17:18:49 info: =================================
2023-03-28 17:19:11 info: =================================
2023-03-28 17:19:11 info: ======= ENV: development =======
2023-03-28 17:19:11 info: 🚀 App listening on the port 3000
2023-03-28 17:19:11 info: =================================
2023-03-28 17:19:14 info: =================================
2023-03-28 17:19:14 info: ======= ENV: development =======
2023-03-28 17:19:14 info: 🚀 App listening on the port 3000
2023-03-28 17:19:14 info: =================================
2023-03-28 17:19:18 info: =================================
2023-03-28 17:19:18 info: ======= ENV: development =======
2023-03-28 17:19:18 info: 🚀 App listening on the port 3000
2023-03-28 17:19:18 info: =================================
2023-03-28 17:23:04 info: =================================
2023-03-28 17:23:04 info: ======= ENV: development =======
2023-03-28 17:23:04 info: 🚀 App listening on the port 3000
2023-03-28 17:23:04 info: =================================
2023-03-28 17:24:34 info: =================================
2023-03-28 17:24:34 info: ======= ENV: development =======
2023-03-28 17:24:34 info: 🚀 App listening on the port 3000
2023-03-28 17:24:34 info: =================================
2023-03-28 17:24:44 info: =================================
2023-03-28 17:24:44 info: ======= ENV: development =======
2023-03-28 17:24:44 info: 🚀 App listening on the port 3000
2023-03-28 17:24:44 info: =================================
2023-03-28 17:26:32 info: =================================
2023-03-28 17:26:32 info: ======= ENV: development =======
2023-03-28 17:26:32 info: 🚀 App listening on the port 3000
2023-03-28 17:26:32 info: =================================
2023-03-28 17:32:09 info: =================================
2023-03-28 17:32:09 info: ======= ENV: development =======
2023-03-28 17:32:09 info: 🚀 App listening on the port 3000
2023-03-28 17:32:09 info: =================================
2023-03-28 17:32:12 info: =================================
2023-03-28 17:32:12 info: ======= ENV: development =======
2023-03-28 17:32:12 info: 🚀 App listening on the port 3000
2023-03-28 17:32:12 info: =================================
2023-03-28 17:34:14 info: =================================
2023-03-28 17:34:14 info: ======= ENV: development =======
2023-03-28 17:34:14 info: 🚀 App listening on the port 3000
2023-03-28 17:34:14 info: =================================
