2024-04-29 19:29:07 info: =================================
2024-04-29 19:29:07 info: ======= ENV: development =======
2024-04-29 19:29:07 info: 🚀 App listening on the port 8000
2024-04-29 19:29:07 info: =================================
2024-04-29 19:29:51 info: [0mGET /public/files/avatars/avatarcus_Pvg0MFXb2kst3h.jpeg [32m200[0m 28.096 ms - 71866[0m
2024-04-29 19:29:51 info: [0mGET /public/files/avatars/avatarcus_PvTUMZ8OOvcw4N.jpeg [32m200[0m 20.561 ms - 118237[0m
2024-04-29 19:29:51 info: [0mGET /public/files/avatars/avatarcus_Q0FCnVCOte7eIP.jpeg [32m200[0m 5.870 ms - 988972[0m
2024-04-29 19:29:56 info: [0mGET /public/files/sent/sentcus_PvTUMZ8OOvcw4N35042024.jpeg [32m200[0m 9.452 ms - 65337[0m
2024-04-29 19:30:09 error: [GET] /users/cus_PvTUMZ8OOvcw4N >> StatusCode:: 401, Message:: missing token
2024-04-29 19:30:09 info: [0mGET /users/cus_PvTUMZ8OOvcw4N [33m401[0m 152.753 ms - 27[0m
2024-04-29 19:30:09 info: [0mPOST /refresh [32m200[0m 67.485 ms - 247[0m
2024-04-29 19:30:10 info: [0mGET /users/cus_PvTUMZ8OOvcw4N [32m200[0m 890.759 ms - 376[0m
2024-04-29 19:30:11 info: [0mGET /albums/random/0/cus_PvTUMZ8OOvcw4N [32m201[0m 553.619 ms - -[0m
2024-04-29 19:30:12 info: [0mGET /public/files/albums/postPicture-3515a58b-50e9-4047-90d2-523a602cd59933b8768de379006f7b131a113999be0050cf7f1a00042024.jpeg [32m200[0m 1.391 ms - 65337[0m
2024-04-29 19:30:12 info: [0mGET /albums/all-categories [32m201[0m 897.160 ms - 177[0m
2024-04-29 19:30:12 info: [0mGET /users/plans/cus_PvTUMZ8OOvcw4N [32m200[0m 975.641 ms - 145[0m
2024-04-29 19:30:12 info: [0mGET /albums/popular/cus_PvTUMZ8OOvcw4N [32m201[0m 1011.161 ms - -[0m
2024-04-29 19:30:12 info: [0mGET /albums/cus_PvTUMZ8OOvcw4N [32m201[0m 1047.104 ms - -[0m
2024-04-29 19:30:38 info: [0mGET /users/followed/cus_PvTUMZ8OOvcw4N/Seller [32m200[0m 544.115 ms - -[0m
2024-04-29 19:30:42 info: [0mGET /users/followed/cus_PvTUMZ8OOvcw4N/Seller [32m200[0m 480.108 ms - -[0m
2024-04-29 19:32:53 info: [0mGET /users/followed/cus_PvTUMZ8OOvcw4N/Seller [32m200[0m 655.755 ms - -[0m
2024-04-29 19:35:12 info: =================================
2024-04-29 19:35:12 info: ======= ENV: development =======
2024-04-29 19:35:12 info: 🚀 App listening on the port 8000
2024-04-29 19:35:12 info: =================================
2024-04-29 19:35:48 info: =================================
2024-04-29 19:35:48 info: ======= ENV: development =======
2024-04-29 19:35:48 info: 🚀 App listening on the port 8000
2024-04-29 19:35:48 info: =================================
2024-04-29 19:35:50 info: =================================
2024-04-29 19:35:50 info: ======= ENV: development =======
2024-04-29 19:35:50 info: 🚀 App listening on the port 8000
2024-04-29 19:35:50 info: =================================
2024-04-29 19:35:55 info: [0mGET /users/followed/cus_PvTUMZ8OOvcw4N/Seller [32m200[0m 613.147 ms - -[0m
2024-04-29 19:36:20 info: =================================
2024-04-29 19:36:20 info: ======= ENV: development =======
2024-04-29 19:36:20 info: 🚀 App listening on the port 8000
2024-04-29 19:36:20 info: =================================
2024-04-29 19:36:26 info: [0mGET /users/followed/cus_PvTUMZ8OOvcw4N/Seller [32m200[0m 609.671 ms - -[0m
2024-04-29 19:37:56 info: [0mGET /users/followed/cus_PvTUMZ8OOvcw4N/Seller [32m200[0m 539.135 ms - -[0m
2024-04-29 19:39:11 info: =================================
2024-04-29 19:39:11 info: ======= ENV: development =======
2024-04-29 19:39:11 info: 🚀 App listening on the port 8000
2024-04-29 19:39:11 info: =================================
2024-04-29 19:39:14 info: [0mGET /users/followed/cus_PvTUMZ8OOvcw4N/Seller [32m200[0m 577.253 ms - -[0m
2024-04-29 19:39:42 info: [0mPOST /users/signout/cus_PvTUMZ8OOvcw4N [32m200[0m 515.939 ms - 45[0m
2024-04-29 19:39:59 info: [0mPOST /login [32m200[0m 1032.221 ms - 476[0m
2024-04-29 19:40:00 info: [0mGET /albums/random/0/cus_Q0eirSKXPvpxX1 [32m201[0m 544.039 ms - -[0m
2024-04-29 19:40:01 info: [0mGET /public/files/albums/postPicture-47670fbe-fed6-4d22-89bf-b0262769654a8e2d88707194a0a76a037ae7e0083a98e490df9133042024.jpeg [32m200[0m 7.816 ms - 77775[0m
2024-04-29 19:40:01 info: [0mGET /albums/cus_Q0eirSKXPvpxX1 [32m201[0m 978.469 ms - -[0m
2024-04-29 19:40:01 info: [0mGET /albums/popular/cus_Q0eirSKXPvpxX1 [32m201[0m 1022.217 ms - -[0m
2024-04-29 19:40:01 info: [0mGET /public/files/albums/postPicture-a20d999d-3f50-42b4-97ab-98b512f5f1a6fef808e2d88707194a0a76a037ae7e0083a98e4904042024.jpeg [32m200[0m 4.634 ms - 74607[0m
2024-04-29 19:40:01 info: [0mGET /public/files/albums/postPicture-244c91e8-42de-42e0-84ca-eb988a225215da011fef808e2d88707194a0a76a037ae7e0083a59042024.jpeg [32m200[0m 6.655 ms - 17716[0m
2024-04-29 19:40:01 info: [0mGET /public/files/albums/postPicture-94557bd3-fd01-4ba8-a7d8-feee7b77e4ed87875a389aa943df15da6a027bf78399267524ea47042024.jpeg [32m200[0m 7.700 ms - 39867[0m
2024-04-29 19:40:01 info: [0mGET /public/files/albums/postPicture-4da30437-709e-4454-902b-558a0679c64dc863a3da011fef808e2d88707194a0a76a037ae755042024.jpeg [32m200[0m 8.673 ms - 24278[0m
2024-04-29 19:40:01 info: [0mGET /public/files/albums/postPicture-76ea2d4f-e9b5-4fe7-a1b4-30cdd083fbffb9a0b87875a389aa943df15da6a027bf7839926758042024.jpeg [32m200[0m 7.893 ms - 196384[0m
2024-04-29 19:40:01 info: [0mGET /albums/all-categories [32m201[0m 881.766 ms - 177[0m
2024-04-29 19:40:05 info: [0mGET /users/followed/cus_Q0eirSKXPvpxX1/Buyer [32m200[0m 484.957 ms - 2[0m
2024-04-29 19:40:14 info: [0mGET /users/followed/cus_Q0eirSKXPvpxX1/Buyer [32m200[0m 448.749 ms - 2[0m
2024-04-29 19:40:22 info: [0mGET /public/files/albums/postPicture-a20d999d-3f50-42b4-97ab-98b512f5f1a6da011fef808e2d88707194a0a76a037ae7e0083a59042024.jpeg [32m200[0m 4.449 ms - 74607[0m
2024-04-29 19:40:22 info: [0mGET /public/files/albums/postPicture-50c7e759-3796-41fe-9c76-f97edc029e42da011fef808e2d88707194a0a76a037ae7e0083a59042024.jpeg [32m200[0m 2.366 ms - 23444[0m
2024-04-29 19:40:22 info: [0mGET /albums/plan/3da011fef808e2d88707194a0a76a037ae7e0083 [32m200[0m 466.063 ms - 69[0m
2024-04-29 19:40:23 info: [0mGET /users/verify/checkForSale/cus_Q0eirSKXPvpxX1/3da011fef808e2d88707194a0a76a037ae7e0083/standard [32m200[0m 964.815 ms - 5[0m
2024-04-29 19:40:24 info: [0mGET /albums/seller/cus_PvTUMZ8OOvcw4N [32m201[0m 570.867 ms - -[0m
2024-04-29 19:40:24 info: [0mGET /public/files/albums/postPicture-48cde6bc-b253-4c07-8494-89d9d614444d09c5e899933b8768de379006f7b131a113999be024042024.jpeg [32m200[0m 5.141 ms - 53818[0m
2024-04-29 19:40:24 info: [0mGET /public/files/albums/postPicture-bbfb306c-07a4-4f17-8217-63ff61de29b0a389aa943df15da6a027bf78399267524eafd33647042024.jpeg [32m200[0m 2.665 ms - 67255[0m
2024-04-29 19:40:26 info: [0mGET /users/plans/cus_PvTUMZ8OOvcw4N [32m200[0m 1105.947 ms - 145[0m
2024-04-29 19:40:29 info: [0mPOST /users/subscribe/cus_Q0eirSKXPvpxX1 [32m200[0m 2296.395 ms - -[0m
2024-04-29 19:43:30 info: =================================
2024-04-29 19:43:30 info: ======= ENV: development =======
2024-04-29 19:43:30 info: 🚀 App listening on the port 8000
2024-04-29 19:43:30 info: =================================
2024-04-29 19:43:33 info: [0mGET /albums/plan/3da011fef808e2d88707194a0a76a037ae7e0083 [32m200[0m 623.886 ms - 69[0m
2024-04-29 19:43:35 info: [0mGET /albums/seller/cus_PvTUMZ8OOvcw4N [32m201[0m 547.445 ms - -[0m
2024-04-29 19:43:35 info: [0mGET /users/verify/checkForSale/cus_Q0eirSKXPvpxX1/3da011fef808e2d88707194a0a76a037ae7e0083/standard [32m200[0m 954.463 ms - 5[0m
2024-04-29 19:43:36 info: [0mGET /users/plans/cus_PvTUMZ8OOvcw4N [32m200[0m 951.292 ms - 145[0m
2024-04-29 19:43:39 info: [0mPOST /users/subscribe/cus_Q0eirSKXPvpxX1 [32m200[0m 2286.595 ms - -[0m
2024-04-29 19:44:27 info: [0mGET /users/followed/cus_Q0eirSKXPvpxX1/Buyer [32m200[0m 521.869 ms - 378[0m
2024-04-29 19:44:42 info: [0mGET /users/followed/cus_Q0eirSKXPvpxX1/Buyer [32m200[0m 466.516 ms - 378[0m
2024-04-29 19:45:09 info: [0mGET /users/followed/cus_Q0eirSKXPvpxX1/Buyer [32m200[0m 736.411 ms - 378[0m
2024-04-29 19:49:41 info: [0mGET /users/followed/cus_Q0eirSKXPvpxX1/Buyer [32m200[0m 1516.827 ms - 378[0m
2024-04-29 19:51:09 info: [0mGET /users/followed/cus_Q0eirSKXPvpxX1/Buyer [32m200[0m 536.410 ms - 378[0m
2024-04-29 19:51:18 info: [0mGET /notifications/cus_Q0eirSKXPvpxX1 [32m201[0m 511.005 ms - 2[0m
2024-04-29 19:51:27 info: [0mGET /users/followed/cus_Q0eirSKXPvpxX1/Buyer [32m200[0m 487.269 ms - 378[0m
2024-04-29 19:51:35 info: [0mGET /users/followed/cus_Q0eirSKXPvpxX1/Buyer [32m200[0m 598.833 ms - 378[0m
2024-04-29 19:52:40 info: [0mGET /users/followed/cus_Q0eirSKXPvpxX1/Buyer [32m200[0m 519.990 ms - 378[0m
2024-04-29 19:52:55 info: [0mGET /albums/plan/3da011fef808e2d88707194a0a76a037ae7e0083 [32m200[0m 462.149 ms - 69[0m
2024-04-29 19:52:56 info: [0mGET /users/verify/checkForSale/cus_Q0eirSKXPvpxX1/3da011fef808e2d88707194a0a76a037ae7e0083/standard [32m200[0m 1094.558 ms - 4[0m
2024-04-29 19:54:19 info: [0mGET /albums/seller/cus_PvTUMZ8OOvcw4N [32m201[0m 645.319 ms - -[0m
2024-04-29 19:54:36 info: [0mGET /users/followed/cus_Q0eirSKXPvpxX1/Buyer [32m200[0m 508.982 ms - 378[0m
2024-04-29 20:51:39 info: [0mGET /users/cus_Pvg0MFXb2kst3h [32m200[0m 1263.718 ms - 294[0m
2024-04-29 20:51:41 info: [0mGET /public/files/avatars/avatarcus_Pvg0MFXb2kst3h.jpeg [32m200[0m 22.487 ms - 71866[0m
2024-04-29 20:51:42 info: [0mGET /albums/random/0/cus_Pvg0MFXb2kst3h [32m201[0m 563.897 ms - -[0m
2024-04-29 20:51:42 info: [0mGET /albums/all-categories [32m201[0m 927.423 ms - 177[0m
2024-04-29 20:51:42 info: [0mGET /albums/cus_Pvg0MFXb2kst3h [32m201[0m 1027.735 ms - -[0m
2024-04-29 20:51:42 info: [0mGET /albums/popular/cus_Pvg0MFXb2kst3h [32m201[0m 1330.982 ms - -[0m
2024-04-29 20:51:43 info: [0mGET /public/files/albums/postPicture-4da30437-709e-4454-902b-558a0679c64dc863a3da011fef808e2d88707194a0a76a037ae755042024.jpeg [32m200[0m 19.909 ms - 24278[0m
2024-04-29 20:51:43 info: [0mGET /public/files/albums/postPicture-244c91e8-42de-42e0-84ca-eb988a225215da011fef808e2d88707194a0a76a037ae7e0083a59042024.jpeg [32m200[0m 3.082 ms - 17716[0m
2024-04-29 20:51:43 info: [0mGET /public/files/albums/postPicture-47670fbe-fed6-4d22-89bf-b0262769654a8e2d88707194a0a76a037ae7e0083a98e490df9133042024.jpeg [32m200[0m 3.134 ms - 77775[0m
2024-04-29 20:51:43 info: [0mGET /public/files/albums/postPicture-a20d999d-3f50-42b4-97ab-98b512f5f1a6fef808e2d88707194a0a76a037ae7e0083a98e4904042024.jpeg [32m200[0m 3.069 ms - 74607[0m
2024-04-29 20:51:43 info: [0mGET /public/files/albums/postPicture-94557bd3-fd01-4ba8-a7d8-feee7b77e4ed87875a389aa943df15da6a027bf78399267524ea47042024.jpeg [32m200[0m 7.522 ms - 39867[0m
2024-04-29 20:51:43 info: [0mGET /public/files/albums/postPicture-76ea2d4f-e9b5-4fe7-a1b4-30cdd083fbffb9a0b87875a389aa943df15da6a027bf7839926758042024.jpeg [32m200[0m 6.782 ms - 196384[0m
2024-04-29 20:52:11 info: [0mGET /users/followed/cus_Pvg0MFXb2kst3h/Buyer [32m200[0m 495.423 ms - 755[0m
2024-04-29 20:52:12 info: [0mGET /public/files/avatars/avatarcus_PvTUMZ8OOvcw4N.jpeg [32m200[0m 8.085 ms - 118237[0m
2024-04-29 20:52:17 info: [0mGET /users/followed/cus_Pvg0MFXb2kst3h/Buyer [32m200[0m 486.206 ms - 755[0m
2024-04-29 20:52:24 info: [0mGET /users/followed/cus_Q0eirSKXPvpxX1/Buyer [32m200[0m 542.379 ms - 378[0m
