2024-02-19 08:56:02 error: [GET] /users/cus_PZLwYbuQY86blU >> StatusCode:: 401, Message:: missing token
2024-02-19 08:56:02 info: [0mGET /users/cus_PZLwYbuQY86blU [33m401[0m 58.025 ms - 27[0m
2024-02-19 08:56:03 info: [0mPOST /refresh [32m200[0m 20.061 ms - 247[0m
2024-02-19 08:56:07 info: [0mGET /users/cus_PZLwYbuQY86blU [32m200[0m 56.903 ms - 325[0m
2024-02-19 08:56:11 info: [0mGET /albums/random/0/cus_PZLwYbuQY86blU [32m201[0m 41.158 ms - -[0m
2024-02-19 08:56:11 info: [0mGET /albums/popular/cus_PZLwYbuQY86blU [32m201[0m 79.883 ms - -[0m
2024-02-19 08:56:11 info: [0mGET /albums/all-categories [32m201[0m 88.716 ms - 106[0m
2024-02-19 08:56:11 info: [0mGET /users/plans/cus_PZLwYbuQY86blU [32m200[0m 131.360 ms - 149[0m
2024-02-19 08:56:12 info: [0mGET /albums/cus_PZLwYbuQY86blU [32m201[0m 26.419 ms - -[0m
2024-02-19 08:56:14 info: [0mGET /public/files/albums/postPicture-cec92993-2451-4b13-a838-33d5cabc9a6cfe04cbf2aab1a0582a9c0bcab243c0af69a4904356022024.jpeg [32m200[0m 5.518 ms - 113893[0m
2024-02-19 08:56:30 info: [0mGET /albums/plan/bfe04cbf2aab1a0582a9c0bcab243c0af69a4904 [32m200[0m 12.971 ms - 68[0m
2024-02-19 08:56:30 info: [0mGET /public/files/albums/postPicture-6bfc5a80-8a94-4534-844b-429eb4c1bbaffe04cbf2aab1a0582a9c0bcab243c0af69a4904356022024.jpeg [32m200[0m 5.830 ms - 95684[0m
2024-02-19 08:56:32 info: [0mGET /public/files/albums/postPicture-fdff08ed-b12a-4bbd-a871-c809750a0c8afe04cbf2aab1a0582a9c0bcab243c0af69a4904356022024.jpeg [32m200[0m 2.222 ms - 104257[0m
2024-02-19 08:56:33 info: [0mGET /users/verify/checkForSale/cus_PZLwYbuQY86blU/bfe04cbf2aab1a0582a9c0bcab243c0af69a4904/premium [32m200[0m 226.559 ms - 5[0m
2024-02-19 08:56:33 info: [0mGET /albums/seller/cus_PNZmPNOuyYNnkL [32m201[0m 243.016 ms - -[0m
2024-02-19 10:12:04 info: [0mGET /users/confirmation/eyJhbGciOiJIUzI1NiIsInR5cCI6IkpXVCJ9.eyJpZCI6ImN1c19QYVQ5UU9JTGxycUc2ZSIsImlhdCI6MTcwODI5Mjg5NCwiZXhwIjoxNzA4MjkzMTc0fQ.WJSFkUdtccQVSp0NQAJidYmLC-vI4v4RDlFh-yuIZe4 [36m302[0m 6.212 ms - 46[0m
2024-02-19 10:12:05 info: [0mGET / [32m200[0m 0.582 ms - 2[0m
2024-02-19 10:31:14 error: [GET] /users/cus_POSezxlvFX1eXs >> StatusCode:: 401, Message:: missing token
2024-02-19 10:31:14 info: [0mGET /users/cus_POSezxlvFX1eXs [33m401[0m 4.535 ms - 27[0m
2024-02-19 10:31:14 info: [0mPOST /refresh [32m200[0m 10.723 ms - 248[0m
2024-02-19 10:31:14 info: [0mGET /users/cus_POSezxlvFX1eXs [32m200[0m 23.490 ms - 278[0m
2024-02-19 10:31:15 info: [0mGET /albums/all-categories [32m201[0m 120.752 ms - 106[0m
2024-02-19 10:31:15 info: [0mGET /albums/cus_POSezxlvFX1eXs [32m201[0m 123.355 ms - -[0m
2024-02-19 10:31:15 info: [0mGET /albums/random/0/cus_POSezxlvFX1eXs [32m201[0m 153.640 ms - -[0m
2024-02-19 10:31:15 info: [0mGET /albums/popular/cus_POSezxlvFX1eXs [32m201[0m 154.004 ms - -[0m
2024-02-19 10:31:17 info: [0mGET /public/files/avatars/avatarcus_PNZmPNOuyYNnkL.jpeg [32m200[0m 2.285 ms - 191033[0m
2024-02-19 10:31:19 info: [0mGET /public/files/albums/postPicture-6bfc5a80-8a94-4534-844b-429eb4c1bbaffe04cbf2aab1a0582a9c0bcab243c0af69a4904356022024.jpeg [32m200[0m 1.445 ms - 95684[0m
2024-02-19 10:31:19 info: [0mGET /albums/plan/bfe04cbf2aab1a0582a9c0bcab243c0af69a4904 [32m200[0m 13.829 ms - 68[0m
2024-02-19 10:31:19 info: [0mGET /public/files/albums/postPicture-fdff08ed-b12a-4bbd-a871-c809750a0c8afe04cbf2aab1a0582a9c0bcab243c0af69a4904356022024.jpeg [32m200[0m 1.285 ms - 104257[0m
2024-02-19 10:31:19 info: [0mGET /users/verify/checkForSale/cus_POSezxlvFX1eXs/bfe04cbf2aab1a0582a9c0bcab243c0af69a4904/premium [32m200[0m 25.571 ms - 5[0m
2024-02-19 15:15:12 error: [GET] /users/cus_POSezxlvFX1eXs >> StatusCode:: 401, Message:: missing token
2024-02-19 15:15:12 info: [0mGET /users/cus_POSezxlvFX1eXs [33m401[0m 3.599 ms - 27[0m
2024-02-19 15:15:12 info: [0mPOST /refresh [32m200[0m 6.156 ms - 248[0m
2024-02-19 15:15:12 info: [0mGET /users/cus_POSezxlvFX1eXs [32m200[0m 34.978 ms - 278[0m
2024-02-19 15:15:13 info: [0mGET /albums/random/0/cus_POSezxlvFX1eXs [32m201[0m 33.699 ms - -[0m
2024-02-19 15:15:13 info: [0mGET /albums/all-categories [32m201[0m 56.306 ms - 106[0m
2024-02-19 15:15:13 info: [0mGET /albums/cus_POSezxlvFX1eXs [32m201[0m 55.459 ms - -[0m
2024-02-19 15:15:13 info: [0mGET /albums/popular/cus_POSezxlvFX1eXs [32m201[0m 62.710 ms - -[0m
2024-02-19 15:15:30 info: [0mGET /users/cus_POSezxlvFX1eXs [32m200[0m 21.231 ms - 278[0m
2024-02-19 15:15:31 info: [0mGET /albums/random/0/cus_POSezxlvFX1eXs [32m201[0m 20.813 ms - -[0m
2024-02-19 15:15:31 info: [0mGET /albums/popular/cus_POSezxlvFX1eXs [32m201[0m 70.807 ms - -[0m
2024-02-19 15:15:31 info: [0mGET /albums/cus_POSezxlvFX1eXs [32m201[0m 55.955 ms - -[0m
2024-02-19 15:15:31 info: [0mGET /albums/all-categories [32m201[0m 70.775 ms - 106[0m
2024-02-19 15:15:32 info: [0mGET /notifications/cus_POSezxlvFX1eXs [32m201[0m 34.240 ms - 2[0m
2024-02-19 15:15:55 info: [0mGET /users/cus_POSezxlvFX1eXs [32m200[0m 29.058 ms - 278[0m
2024-02-19 15:15:56 info: [0mGET /albums/random/0/cus_POSezxlvFX1eXs [32m201[0m 17.871 ms - -[0m
2024-02-19 15:15:56 info: [0mGET /albums/popular/cus_POSezxlvFX1eXs [32m201[0m 54.828 ms - -[0m
2024-02-19 15:15:56 info: [0mGET /albums/cus_POSezxlvFX1eXs [32m201[0m 64.352 ms - -[0m
2024-02-19 15:15:56 info: [0mGET /albums/all-categories [32m201[0m 63.493 ms - 106[0m
2024-02-19 15:16:04 info: [0mGET /albums/plan/bfe04cbf2aab1a0582a9c0bcab243c0af69a4904 [32m200[0m 14.588 ms - 68[0m
2024-02-19 15:16:04 info: [0mGET /users/verify/checkForSale/cus_POSezxlvFX1eXs/bfe04cbf2aab1a0582a9c0bcab243c0af69a4904/premium [32m200[0m 18.876 ms - 5[0m
2024-02-19 15:16:13 info: [0mGET /albums/plan/bfe04cbf2aab1a0582a9c0bcab243c0af69a4904 [32m200[0m 12.854 ms - 68[0m
2024-02-19 15:16:14 info: [0mGET /users/verify/checkForSale/cus_POSezxlvFX1eXs/bfe04cbf2aab1a0582a9c0bcab243c0af69a4904/premium [32m200[0m 28.135 ms - 5[0m
2024-02-19 15:16:27 info: [0mGET /albums/plan/bfe04cbf2aab1a0582a9c0bcab243c0af69a4904 [32m200[0m 11.507 ms - 68[0m
2024-02-19 15:16:27 info: [0mGET /users/verify/checkForSale/cus_POSezxlvFX1eXs/bfe04cbf2aab1a0582a9c0bcab243c0af69a4904/premium [32m200[0m 25.567 ms - 5[0m
2024-02-19 15:16:32 info: [0mGET /albums/plan/bfe04cbf2aab1a0582a9c0bcab243c0af69a4904 [32m200[0m 16.336 ms - 68[0m
2024-02-19 15:16:32 info: [0mGET /users/verify/checkForSale/cus_POSezxlvFX1eXs/bfe04cbf2aab1a0582a9c0bcab243c0af69a4904/premium [32m200[0m 56.078 ms - 5[0m
2024-02-19 15:16:34 info: [0mGET /albums/seller/cus_PNZmPNOuyYNnkL [32m201[0m 15.094 ms - -[0m
2024-02-19 15:16:35 info: [0mGET /public/files/albums/postPicture-c33d415a-1324-4b40-8d0b-a3e85d0f61756bbfaf13a11b03e82d852c4a435c2415bd71ba5726022024.jpeg [32m200[0m 3.133 ms - 59708[0m
2024-02-19 15:16:35 info: [0mGET /public/files/albums/postPicture-919dfe08-a8d3-464a-ab7f-bebf0fe5474a6bbfaf13a11b03e82d852c4a435c2415bd71ba5726022024.jpeg [32m200[0m 2.832 ms - 59289[0m
2024-02-19 15:16:43 info: [0mGET /notifications/cus_POSezxlvFX1eXs [32m201[0m 12.251 ms - 2[0m
2024-02-19 15:16:46 info: [0mGET /albums/plan/36bbfaf13a11b03e82d852c4a435c2415bd71ba5 [32m200[0m 14.784 ms - 68[0m
2024-02-19 15:16:46 info: [0mGET /users/verify/checkForSale/cus_POSezxlvFX1eXs/36bbfaf13a11b03e82d852c4a435c2415bd71ba5/premium [32m200[0m 22.225 ms - 5[0m
2024-02-19 15:16:49 info: [0mPOST /users/buy/cus_POSezxlvFX1eXs [32m200[0m 1599.986 ms - 369[0m
2024-02-19 15:17:06 info: [0mGET /albums/plan/bfe04cbf2aab1a0582a9c0bcab243c0af69a4904 [32m200[0m 13.052 ms - 68[0m
2024-02-19 15:17:06 info: [0mGET /users/verify/checkForSale/cus_POSezxlvFX1eXs/bfe04cbf2aab1a0582a9c0bcab243c0af69a4904/premium [32m200[0m 19.481 ms - 5[0m
2024-02-19 15:17:08 info: [0mPOST /users/buy/cus_POSezxlvFX1eXs [32m200[0m 1404.227 ms - 369[0m
2024-02-19 15:38:21 info: [0mGET / [32m200[0m 0.611 ms - 2[0m
2024-02-19 15:39:06 info: [0mGET / [32m200[0m 0.535 ms - 2[0m
2024-02-19 15:39:52 info: [0mGET / [32m200[0m 0.435 ms - 2[0m
2024-02-19 15:40:10 info: [0mGET / [32m200[0m 2.047 ms - 2[0m
2024-02-19 15:58:13 info: [0mGET / [32m200[0m 0.536 ms - 2[0m
2024-02-19 15:59:36 info: [0mGET / [32m200[0m 0.442 ms - 2[0m
2024-02-19 16:03:12 info: [0mGET / [32m200[0m 0.542 ms - 2[0m
2024-02-19 16:04:43 info: [0mGET / [32m200[0m 0.426 ms - 2[0m
2024-02-19 16:38:29 info: [0mGET / [32m200[0m 0.427 ms - 2[0m
2024-02-19 16:39:42 info: [0mGET / [32m200[0m 0.452 ms - 2[0m
2024-02-19 16:40:21 info: [0mGET / [32m200[0m 0.567 ms - 2[0m
2024-02-19 17:09:28 info: [0mGET / [32m200[0m 0.430 ms - 2[0m
2024-02-19 17:11:50 info: [0mGET / [32m200[0m 0.430 ms - 2[0m
