2024-03-22 05:58:14 error: [GET] /users/cus_PhpocCwKYmyeT2 >> StatusCode:: 401, Message:: missing token
2024-03-22 05:58:14 info: [0mGET /users/cus_PhpocCwKYmyeT2 [33m401[0m 107.280 ms - 27[0m
2024-03-22 05:58:15 info: [0mPOST /refresh [32m200[0m 24.002 ms - 248[0m
2024-03-22 05:58:16 info: [0mGET /users/cus_PhpocCwKYmyeT2 [32m200[0m 911.736 ms - 325[0m
2024-03-22 05:58:22 info: [0mGET /albums/random/0/cus_PhpocCwKYmyeT2 [32m201[0m 430.811 ms - -[0m
2024-03-22 05:58:23 info: [0mGET /albums/popular/cus_PhpocCwKYmyeT2 [32m201[0m 884.723 ms - -[0m
2024-03-22 05:58:23 info: [0mGET /albums/all-categories [32m201[0m 859.751 ms - 119[0m
2024-03-22 05:58:23 info: [0mGET /albums/cus_PhpocCwKYmyeT2 [32m201[0m 871.313 ms - -[0m
2024-03-22 05:58:23 info: [0mGET /users/plans/cus_PhpocCwKYmyeT2 [32m200[0m 891.607 ms - 145[0m
2024-03-22 06:01:01 info: [0mPOST /login [32m200[0m 1025.798 ms - 538[0m
2024-03-22 06:01:11 info: [0mGET /albums/random/0/cus_PhpfmqpQ8zhgc5 [32m201[0m 479.459 ms - -[0m
2024-03-22 06:01:12 info: [0mGET /albums/popular/cus_PhpfmqpQ8zhgc5 [32m201[0m 925.307 ms - -[0m
2024-03-22 06:01:41 info: [0mGET /users/followed/cus_PhpfmqpQ8zhgc5 [32m200[0m 612.743 ms - 694[0m
2024-03-22 06:14:25 info: [0mPOST /login [32m200[0m 1082.920 ms - 618[0m
2024-03-22 06:14:27 info: [0mGET /albums/random/0/cus_PivIoflr1UrItn [32m201[0m 428.348 ms - -[0m
2024-03-22 06:14:27 info: [0mGET /public/files/albums/postPicture-b0819f7d-2426-45b3-a6d9-4fe8b40380d937cec64e56a2cc3575ce5d7890cbd0d55f5f9f4b56032024.jpeg [32m200[0m 5.850 ms - 59289[0m
2024-03-22 06:14:28 info: [0mGET /albums/popular/cus_PivIoflr1UrItn [32m201[0m 835.515 ms - -[0m
2024-03-22 06:14:28 info: [0mGET /users/plans/cus_PivIoflr1UrItn [32m200[0m 864.073 ms - 145[0m
2024-03-22 06:14:28 info: [0mGET /albums/all-categories [32m201[0m 872.101 ms - 119[0m
2024-03-22 06:14:28 info: [0mGET /albums/cus_PivIoflr1UrItn [32m201[0m 870.676 ms - -[0m
2024-03-22 06:14:29 info: [0mGET /public/files/albums/postPicture-Devices62b0437cec64e56a2cc3575ce5d7890cbd0d55f523032024.jpeg [32m200[0m 7.149 ms - 1857368[0m
2024-03-22 06:14:30 info: [0mGET /public/files/avatars/avatarcus_PivIoflr1UrItn.jpeg [32m200[0m 13.869 ms - 4094066[0m
2024-03-22 06:19:12 info: [0mGET / [32m200[0m 26.524 ms - 2[0m
2024-03-22 06:21:44 info: [0mPOST /login [32m200[0m 1044.441 ms - 577[0m
2024-03-22 06:21:46 info: [0mGET /albums/random/0/cus_PhpocCwKYmyeT2 [32m201[0m 686.842 ms - -[0m
2024-03-22 06:21:47 info: [0mGET /albums/cus_PhpocCwKYmyeT2 [32m201[0m 855.737 ms - -[0m
2024-03-22 06:21:47 info: [0mGET /albums/popular/cus_PhpocCwKYmyeT2 [32m201[0m 860.086 ms - -[0m
2024-03-22 06:21:47 info: [0mGET /users/plans/cus_PhpocCwKYmyeT2 [32m200[0m 856.074 ms - 145[0m
2024-03-22 06:21:47 info: [0mGET /albums/all-categories [32m201[0m 890.072 ms - 119[0m
2024-03-22 07:01:54 error: [GET] /users/cus_PhpocCwKYmyeT2 >> StatusCode:: 401, Message:: missing token
2024-03-22 07:01:54 info: [0mGET /users/cus_PhpocCwKYmyeT2 [33m401[0m 87.384 ms - 27[0m
2024-03-22 07:01:55 info: [0mPOST /refresh [32m200[0m 13.981 ms - 247[0m
2024-03-22 07:01:56 info: [0mGET /users/cus_PhpocCwKYmyeT2 [32m200[0m 883.465 ms - 325[0m
2024-03-22 07:02:03 info: [0mGET /albums/random/0/cus_PhpocCwKYmyeT2 [32m201[0m 428.252 ms - -[0m
2024-03-22 07:02:03 info: [0mGET /albums/cus_PhpocCwKYmyeT2 [32m201[0m 824.199 ms - -[0m
2024-03-22 07:02:03 info: [0mGET /albums/all-categories [32m201[0m 817.628 ms - 119[0m
2024-03-22 07:02:03 info: [0mGET /users/plans/cus_PhpocCwKYmyeT2 [32m200[0m 830.358 ms - 145[0m
2024-03-22 07:02:03 info: [0mGET /albums/popular/cus_PhpocCwKYmyeT2 [32m201[0m 848.203 ms - -[0m
