2024-04-23 10:24:13 error: [GET] /wallet/cus_PvTUMZ8OOvcw4N >> StatusCode:: 401, Message:: missing token
2024-04-23 10:24:13 info: [0mGET /wallet/cus_PvTUMZ8OOvcw4N [33m401[0m 151.949 ms - 27[0m
2024-04-23 10:24:13 info: [0mPOST /refresh [32m200[0m 18.102 ms - 248[0m
2024-04-23 10:24:14 info: [0mGET /wallet/cus_PvTUMZ8OOvcw4N [32m201[0m 1073.571 ms - 12[0m
2024-04-23 11:26:52 info: [0mGET /wallet/cus_PvTUMZ8OOvcw4N [32m201[0m 1225.709 ms - 12[0m
2024-04-23 11:26:59 info: [0mGET /wallet/cus_PvTUMZ8OOvcw4N [32m201[0m 960.963 ms - 12[0m
2024-04-23 11:50:22 info: [0mGET /wallet/cus_PvTUMZ8OOvcw4N [32m201[0m 1025.041 ms - 12[0m
2024-04-23 11:52:15 info: [0mGET /wallet/cus_PvTUMZ8OOvcw4N [32m201[0m 930.704 ms - 12[0m
2024-04-23 11:55:24 info: [0mGET /wallet/cus_PvTUMZ8OOvcw4N [32m201[0m 2142.841 ms - 12[0m
2024-04-23 11:57:45 info: [0mGET /wallet/cus_PvTUMZ8OOvcw4N [32m201[0m 995.245 ms - 12[0m
2024-04-23 12:07:50 info: [0mGET /albums/seller/cus_PvTUMZ8OOvcw4N [32m201[0m 878.953 ms - -[0m
2024-04-23 12:07:50 info: [0mGET /wallet/cus_PvTUMZ8OOvcw4N [32m201[0m 1014.515 ms - 12[0m
2024-04-23 12:08:10 info: [0mGET /albums/seller/cus_PvTUMZ8OOvcw4N [32m201[0m 447.108 ms - -[0m
2024-04-23 12:08:10 info: [0mGET /wallet/cus_PvTUMZ8OOvcw4N [32m201[0m 883.906 ms - 12[0m
2024-04-23 12:29:05 info: [0mGET /albums/seller/cus_PvTUMZ8OOvcw4N [32m201[0m 522.800 ms - -[0m
2024-04-23 12:29:05 info: [0mGET /wallet/cus_PvTUMZ8OOvcw4N [32m201[0m 986.623 ms - 12[0m
2024-04-23 12:29:37 info: [0mGET /albums/seller/cus_PvTUMZ8OOvcw4N [32m201[0m 443.981 ms - -[0m
2024-04-23 12:29:37 info: [0mGET /wallet/cus_PvTUMZ8OOvcw4N [32m201[0m 905.922 ms - 12[0m
2024-04-23 12:35:24 info: [0mGET /albums/seller/cus_PvTUMZ8OOvcw4N [32m201[0m 589.053 ms - -[0m
2024-04-23 12:35:24 info: [0mGET /wallet/cus_PvTUMZ8OOvcw4N [32m201[0m 967.208 ms - 12[0m
2024-04-23 12:35:43 info: [0mGET /albums/seller/cus_PvTUMZ8OOvcw4N [32m201[0m 459.668 ms - -[0m
2024-04-23 12:35:44 info: [0mGET /wallet/cus_PvTUMZ8OOvcw4N [32m201[0m 886.926 ms - 12[0m
2024-04-23 12:35:50 info: [0mGET /albums/seller/cus_PvTUMZ8OOvcw4N [32m201[0m 446.268 ms - -[0m
2024-04-23 12:35:51 info: [0mGET /wallet/cus_PvTUMZ8OOvcw4N [32m201[0m 868.046 ms - 12[0m
2024-04-23 12:43:25 info: [0mGET /albums/seller/cus_PvTUMZ8OOvcw4N [32m201[0m 616.246 ms - -[0m
2024-04-23 12:43:25 info: [0mGET /wallet/cus_PvTUMZ8OOvcw4N [32m201[0m 987.107 ms - 12[0m
2024-04-23 12:44:24 info: [0mGET /public/files/albums/postPicture-bbfb306c-07a4-4f17-8217-63ff61de29b0a389aa943df15da6a027bf78399267524eafd33647042024.jpeg [32m200[0m 55.101 ms - 67255[0m
2024-04-23 12:55:02 info: [0mGET /albums/seller/cus_PvTUMZ8OOvcw4N [32m201[0m 581.096 ms - -[0m
2024-04-23 12:55:03 info: [0mGET /wallet/cus_PvTUMZ8OOvcw4N [32m201[0m 1092.072 ms - 12[0m
2024-04-23 13:01:22 info: [0mGET /albums/seller/cus_PvTUMZ8OOvcw4N [32m201[0m 740.280 ms - -[0m
2024-04-23 13:01:22 info: [0mGET /wallet/cus_PvTUMZ8OOvcw4N [32m201[0m 1091.082 ms - 12[0m
2024-04-23 13:11:04 info: [0mGET /albums/seller/cus_PvTUMZ8OOvcw4N [32m201[0m 672.012 ms - -[0m
2024-04-23 13:11:04 info: [0mGET /wallet/cus_PvTUMZ8OOvcw4N [32m201[0m 1133.865 ms - 12[0m
2024-04-23 13:32:28 info: [0mGET /albums/seller/cus_PvTUMZ8OOvcw4N [32m201[0m 640.638 ms - -[0m
2024-04-23 13:32:28 info: [0mGET /wallet/cus_PvTUMZ8OOvcw4N [32m201[0m 1144.533 ms - 12[0m
2024-04-23 13:33:22 info: [0mGET /albums/seller/cus_PvTUMZ8OOvcw4N [32m201[0m 506.138 ms - -[0m
2024-04-23 13:33:23 info: [0mGET /wallet/cus_PvTUMZ8OOvcw4N [32m201[0m 1026.790 ms - 12[0m
2024-04-23 13:33:55 info: [0mGET /albums/seller/cus_PvTUMZ8OOvcw4N [32m201[0m 525.890 ms - -[0m
2024-04-23 13:33:55 info: [0mGET /wallet/cus_PvTUMZ8OOvcw4N [32m201[0m 960.869 ms - 12[0m
2024-04-23 13:34:46 info: [0mGET /albums/seller/cus_PvTUMZ8OOvcw4N [32m201[0m 484.389 ms - -[0m
2024-04-23 13:34:46 info: [0mGET /wallet/cus_PvTUMZ8OOvcw4N [32m201[0m 856.158 ms - 12[0m
2024-04-23 13:39:13 info: [0mGET /albums/seller/cus_PvTUMZ8OOvcw4N [32m201[0m 517.151 ms - -[0m
2024-04-23 13:39:14 info: [0mGET /wallet/cus_PvTUMZ8OOvcw4N [32m201[0m 977.301 ms - 12[0m
2024-04-23 13:46:17 info: [0mGET /albums/seller/cus_PvTUMZ8OOvcw4N [32m201[0m 690.669 ms - -[0m
2024-04-23 13:46:18 info: [0mGET /wallet/cus_PvTUMZ8OOvcw4N [32m201[0m 1080.385 ms - 12[0m
2024-04-23 13:46:19 info: [0mGET /albums/plan/3da011fef808e2d88707194a0a76a037ae7e0083 [32m200[0m 498.703 ms - 69[0m
2024-04-23 13:46:20 info: [0mGET /users/verify/checkForSale/cus_PvTUMZ8OOvcw4N/3da011fef808e2d88707194a0a76a037ae7e0083/standard [32m200[0m 993.872 ms - 5[0m
2024-04-23 13:48:20 info: [0mGET /public/files/albums/postPicture-93349f0d-5abb-46e2-b799-c1c286cd4de7b9a0b87875a389aa943df15da6a027bf7839926758042024.jpeg [32m200[0m 29.505 ms - 42593[0m
2024-04-23 13:48:20 info: [0mGET /public/files/albums/postPicture-c51abb45-13cf-458c-876c-598bde1ac0fbb9a0b87875a389aa943df15da6a027bf7839926758042024.jpeg [32m200[0m 21.937 ms - 46228[0m
2024-04-23 16:43:51 info: [0mGET /albums/seller/cus_PvTUMZ8OOvcw4N [32m201[0m 649.212 ms - -[0m
2024-04-23 16:43:51 info: [0mGET /wallet/cus_PvTUMZ8OOvcw4N [32m201[0m 936.403 ms - 12[0m
2024-04-23 16:44:01 info: [0mGET /albums/seller/cus_PvTUMZ8OOvcw4N [32m201[0m 455.114 ms - -[0m
2024-04-23 16:44:02 info: [0mGET /wallet/cus_PvTUMZ8OOvcw4N [32m201[0m 904.765 ms - 12[0m
2024-04-23 16:52:22 info: [0mGET /users/cus_PvTUMZ8OOvcw4N [32m200[0m 1269.566 ms - 374[0m
2024-04-23 16:52:23 info: [0mGET /albums/random/0/cus_PvTUMZ8OOvcw4N [32m201[0m 729.241 ms - 2[0m
2024-04-23 16:52:24 info: [0mGET /albums/all-categories [32m201[0m 916.145 ms - 177[0m
2024-04-23 16:52:24 info: [0mGET /users/plans/cus_PvTUMZ8OOvcw4N [32m200[0m 1016.888 ms - 145[0m
2024-04-23 16:52:24 info: [0mGET /albums/popular/cus_PvTUMZ8OOvcw4N [32m201[0m 1062.860 ms - 19[0m
2024-04-23 16:52:24 info: [0mGET /albums/cus_PvTUMZ8OOvcw4N [32m201[0m 1299.030 ms - -[0m
2024-04-23 16:53:26 info: [0mGET /albums/seller/cus_PvTUMZ8OOvcw4N [32m201[0m 526.232 ms - -[0m
2024-04-23 16:53:26 info: [0mGET /wallet/cus_PvTUMZ8OOvcw4N [32m201[0m 864.448 ms - 12[0m
2024-04-23 17:08:02 info: [0mGET /users/cus_PvTUMZ8OOvcw4N [32m200[0m 1069.207 ms - 374[0m
2024-04-23 17:08:03 info: [0mGET /albums/random/0/cus_PvTUMZ8OOvcw4N [32m201[0m 469.199 ms - 2[0m
2024-04-23 17:08:03 info: [0mGET /albums/all-categories [32m201[0m 981.009 ms - 177[0m
2024-04-23 17:08:04 info: [0mGET /users/plans/cus_PvTUMZ8OOvcw4N [32m200[0m 1071.853 ms - 145[0m
2024-04-23 17:08:04 info: [0mGET /albums/popular/cus_PvTUMZ8OOvcw4N [32m201[0m 1233.686 ms - 19[0m
2024-04-23 17:08:04 info: [0mGET /albums/cus_PvTUMZ8OOvcw4N [32m201[0m 1267.834 ms - -[0m
2024-04-23 17:08:12 info: [0mGET /albums/seller/cus_PvTUMZ8OOvcw4N [32m201[0m 459.330 ms - -[0m
2024-04-23 17:08:12 info: [0mGET /wallet/cus_PvTUMZ8OOvcw4N [32m201[0m 873.097 ms - 12[0m
2024-04-23 19:22:04 info: =================================
2024-04-23 19:22:04 info: ======= ENV: development =======
2024-04-23 19:22:04 info: 🚀 App listening on the port 8000
2024-04-23 19:22:04 info: =================================
2024-04-23 19:44:26 info: =================================
2024-04-23 19:44:26 info: ======= ENV: development =======
2024-04-23 19:44:26 info: 🚀 App listening on the port 8000
2024-04-23 19:44:26 info: =================================
2024-04-23 19:47:12 info: =================================
2024-04-23 19:47:12 info: ======= ENV: development =======
2024-04-23 19:47:12 info: 🚀 App listening on the port 8000
2024-04-23 19:47:12 info: =================================
2024-04-23 19:47:44 info: =================================
2024-04-23 19:47:44 info: ======= ENV: development =======
2024-04-23 19:47:44 info: 🚀 App listening on the port 8000
2024-04-23 19:47:44 info: =================================
2024-04-23 19:49:01 info: =================================
2024-04-23 19:49:01 info: ======= ENV: development =======
2024-04-23 19:49:01 info: 🚀 App listening on the port 8000
2024-04-23 19:49:01 info: =================================
2024-04-23 19:49:05 info: =================================
2024-04-23 19:49:05 info: ======= ENV: development =======
2024-04-23 19:49:05 info: 🚀 App listening on the port 8000
2024-04-23 19:49:05 info: =================================
2024-04-23 19:49:08 info: =================================
2024-04-23 19:49:08 info: ======= ENV: development =======
2024-04-23 19:49:08 info: 🚀 App listening on the port 8000
2024-04-23 19:49:08 info: =================================
2024-04-23 19:49:11 info: =================================
2024-04-23 19:49:11 info: ======= ENV: development =======
2024-04-23 19:49:11 info: 🚀 App listening on the port 8000
2024-04-23 19:49:11 info: =================================
2024-04-23 19:49:51 info: =================================
2024-04-23 19:49:51 info: ======= ENV: development =======
2024-04-23 19:49:51 info: 🚀 App listening on the port 8000
2024-04-23 19:49:51 info: =================================
