2024-05-28 13:57:08 info: =================================
2024-05-28 13:57:08 info: ======= ENV: development =======
2024-05-28 13:57:08 info: 🚀 App listening on the port 8000
2024-05-28 13:57:08 info: =================================
2024-05-28 13:58:05 info: [0mGET /public/files/avatars/avatarcus_Q2oW1HioRc0q03.jpeg [32m200[0m 25.430 ms - 118237[0m
2024-05-28 13:58:22 info: [0mGET /users/cus_Q2oW1HioRc0q03 [32m200[0m 1535.614 ms - 373[0m
2024-05-28 13:58:23 info: [0mGET /albums/random/0/cus_Q2oW1HioRc0q03 [32m201[0m 449.912 ms - -[0m
2024-05-28 13:58:24 info: [0mGET /albums/all-categories [32m201[0m 857.092 ms - 72[0m
2024-05-28 13:58:24 info: [0mGET /users/plans/cus_Q2oW1HioRc0q03 [32m200[0m 952.970 ms - 149[0m
2024-05-28 13:58:24 info: [0mGET /albums/popular/cus_Q2oW1HioRc0q03 [32m201[0m 1011.848 ms - 19[0m
2024-05-28 13:58:24 info: [0mGET /albums/cus_Q2oW1HioRc0q03 [32m201[0m 969.998 ms - -[0m
2024-05-28 15:12:52 info: [0mGET /notifications/cus_Q2oW1HioRc0q03 [32m201[0m 1260.103 ms - -[0m
2024-05-28 15:13:16 info: [0mGET /notifications/cus_Q2oW1HioRc0q03 [32m201[0m 730.894 ms - -[0m
2024-05-28 15:13:30 info: [0mGET /users/cus_Q2oW1HioRc0q03 [32m200[0m 1766.631 ms - 373[0m
2024-05-28 15:13:32 info: [0mGET /albums/random/0/cus_Q2oW1HioRc0q03 [32m201[0m 441.300 ms - -[0m
2024-05-28 15:13:32 info: [0mGET /albums/all-categories [32m201[0m 964.035 ms - 72[0m
2024-05-28 15:13:33 info: [0mGET /users/plans/cus_Q2oW1HioRc0q03 [32m200[0m 1262.491 ms - 149[0m
2024-05-28 15:13:33 info: [0mGET /albums/popular/cus_Q2oW1HioRc0q03 [32m201[0m 1606.343 ms - 19[0m
2024-05-28 15:13:33 info: [0mGET /albums/cus_Q2oW1HioRc0q03 [32m201[0m 1645.417 ms - -[0m
2024-05-28 15:13:33 info: [0mGET /notifications/cus_Q2oW1HioRc0q03 [32m201[0m 663.767 ms - -[0m
2024-05-28 15:14:01 info: [0mGET /users/cus_Q2oW1HioRc0q03 [32m200[0m 928.070 ms - 373[0m
2024-05-28 15:14:02 info: [0mGET /albums/random/0/cus_Q2oW1HioRc0q03 [32m201[0m 492.972 ms - -[0m
2024-05-28 15:14:03 info: [0mGET /albums/all-categories [32m201[0m 936.107 ms - 72[0m
2024-05-28 15:14:03 info: [0mGET /users/plans/cus_Q2oW1HioRc0q03 [32m200[0m 1039.488 ms - 149[0m
2024-05-28 15:14:03 info: [0mGET /albums/popular/cus_Q2oW1HioRc0q03 [32m201[0m 1390.929 ms - 19[0m
2024-05-28 15:14:03 info: [0mGET /albums/cus_Q2oW1HioRc0q03 [32m201[0m 1500.401 ms - -[0m
2024-05-28 15:14:04 info: [0mGET /notifications/cus_Q2oW1HioRc0q03 [32m201[0m 504.892 ms - -[0m
2024-05-28 15:14:28 info: [0mGET /users/cus_Q2oW1HioRc0q03 [32m200[0m 918.727 ms - 373[0m
2024-05-28 15:14:29 info: [0mGET /albums/random/0/cus_Q2oW1HioRc0q03 [32m201[0m 459.489 ms - -[0m
2024-05-28 15:14:29 info: [0mGET /users/plans/cus_Q2oW1HioRc0q03 [32m200[0m 840.605 ms - 149[0m
2024-05-28 15:14:29 info: [0mGET /albums/all-categories [32m201[0m 868.022 ms - 72[0m
2024-05-28 15:14:29 info: [0mGET /albums/popular/cus_Q2oW1HioRc0q03 [32m201[0m 1081.461 ms - 19[0m
2024-05-28 15:14:30 info: [0mGET /albums/cus_Q2oW1HioRc0q03 [32m201[0m 1147.044 ms - -[0m
2024-05-28 15:14:30 info: [0mGET /notifications/cus_Q2oW1HioRc0q03 [32m201[0m 631.485 ms - -[0m
2024-05-28 15:15:21 info: [0mGET /users/cus_Q2oW1HioRc0q03 [32m200[0m 925.339 ms - 373[0m
2024-05-28 15:15:22 info: [0mGET /albums/random/0/cus_Q2oW1HioRc0q03 [32m201[0m 469.139 ms - -[0m
2024-05-28 15:15:22 info: [0mGET /users/plans/cus_Q2oW1HioRc0q03 [32m200[0m 948.091 ms - 149[0m
2024-05-28 15:15:23 info: [0mGET /albums/all-categories [32m201[0m 931.225 ms - 72[0m
2024-05-28 15:15:23 info: [0mGET /albums/popular/cus_Q2oW1HioRc0q03 [32m201[0m 1047.879 ms - 19[0m
2024-05-28 15:15:23 info: [0mGET /albums/cus_Q2oW1HioRc0q03 [32m201[0m 1173.821 ms - -[0m
2024-05-28 15:16:12 info: [0mGET /notifications/cus_Q2oW1HioRc0q03 [32m201[0m 1053.148 ms - -[0m
2024-05-28 15:16:17 info: [0mGET /public/files/albums/postPicture-d2e3bfee-2fe6-4d2a-8c0a-33de9864ee872244870be77683e0c47de20af8e906d01541422902052024.jpeg [33m404[0m 25.131 ms - 260[0m
2024-05-28 15:16:17 info: [0mGET /public/files/albums/postPicture-c92d0bca-1efe-499b-8343-dec4106c4be668c492244870be77683e0c47de20af8e906d015437052024.jpeg [33m404[0m 20.464 ms - 260[0m
2024-05-28 15:16:17 info: [0mGET /public/files/albums/postPicture-305de362-6379-47d1-9b4f-6de2c82b0d1e70be77683e0c47de20af8e906d015414229a1af521052024.jpeg [33m404[0m 20.804 ms - 260[0m
2024-05-28 15:18:47 info: [0mGET /public/files/albums/postPicture-c92d0bca-1efe-499b-8343-dec4106c4be668c492244870be77683e0c47de20af8e906d015437052024.jpeg [33m404[0m 41.699 ms - 260[0m
2024-05-28 15:18:47 info: [0mGET /public/files/albums/postPicture-305de362-6379-47d1-9b4f-6de2c82b0d1e70be77683e0c47de20af8e906d015414229a1af521052024.jpeg [33m404[0m 27.756 ms - 260[0m
2024-05-28 15:18:47 info: [0mGET /public/files/albums/postPicture-d2e3bfee-2fe6-4d2a-8c0a-33de9864ee872244870be77683e0c47de20af8e906d01541422902052024.jpeg [33m404[0m 19.958 ms - 260[0m
2024-05-28 15:19:04 info: [0mGET /public/files/albums/postPicture-c92d0bca-1efe-499b-8343-dec4106c4be668c492244870be77683e0c47de20af8e906d015437052024.jpeg [33m404[0m 14.805 ms - 260[0m
2024-05-28 15:19:04 info: [0mGET /public/files/albums/postPicture-305de362-6379-47d1-9b4f-6de2c82b0d1e70be77683e0c47de20af8e906d015414229a1af521052024.jpeg [33m404[0m 15.908 ms - 260[0m
2024-05-28 15:19:04 info: [0mGET /public/files/albums/postPicture-d2e3bfee-2fe6-4d2a-8c0a-33de9864ee872244870be77683e0c47de20af8e906d01541422902052024.jpeg [33m404[0m 16.124 ms - 260[0m
2024-05-28 15:19:11 info: [0mGET /public/files/albums/postPicture-c92d0bca-1efe-499b-8343-dec4106c4be668c492244870be77683e0c47de20af8e906d015437052024.jpeg [33m404[0m 5.788 ms - 260[0m
2024-05-28 15:19:11 info: [0mGET /public/files/albums/postPicture-d2e3bfee-2fe6-4d2a-8c0a-33de9864ee872244870be77683e0c47de20af8e906d01541422902052024.jpeg [33m404[0m 5.392 ms - 260[0m
2024-05-28 15:19:11 info: [0mGET /public/files/albums/postPicture-305de362-6379-47d1-9b4f-6de2c82b0d1e70be77683e0c47de20af8e906d015414229a1af521052024.jpeg [33m404[0m 2.467 ms - 260[0m
2024-05-28 15:19:19 info: [0mGET /public/files/albums/postPicture-d2e3bfee-2fe6-4d2a-8c0a-33de9864ee872244870be77683e0c47de20af8e906d01541422902052024.jpeg [33m404[0m 5.239 ms - 260[0m
2024-05-28 15:19:19 info: [0mGET /public/files/albums/postPicture-305de362-6379-47d1-9b4f-6de2c82b0d1e70be77683e0c47de20af8e906d015414229a1af521052024.jpeg [33m404[0m 12.202 ms - 260[0m
2024-05-28 15:19:19 info: [0mGET /public/files/albums/postPicture-c92d0bca-1efe-499b-8343-dec4106c4be668c492244870be77683e0c47de20af8e906d015437052024.jpeg [33m404[0m 13.529 ms - 260[0m
2024-05-28 15:25:08 info: [0mGET /public/files/albums/postPicture-c92d0bca-1efe-499b-8343-dec4106c4be668c492244870be77683e0c47de20af8e906d015437052024.jpeg [33m404[0m 10.439 ms - 260[0m
2024-05-28 15:25:08 info: [0mGET /public/files/albums/postPicture-d2e3bfee-2fe6-4d2a-8c0a-33de9864ee872244870be77683e0c47de20af8e906d01541422902052024.jpeg [33m404[0m 8.037 ms - 260[0m
2024-05-28 15:25:08 info: [0mGET /public/files/albums/postPicture-305de362-6379-47d1-9b4f-6de2c82b0d1e70be77683e0c47de20af8e906d015414229a1af521052024.jpeg [33m404[0m 7.881 ms - 260[0m
2024-05-28 15:28:16 info: [0mGET /users/cus_Q2oW1HioRc0q03 [32m200[0m 1352.745 ms - 373[0m
2024-05-28 15:28:17 info: [0mGET /albums/random/0/cus_Q2oW1HioRc0q03 [32m201[0m 492.724 ms - -[0m
2024-05-28 15:28:17 info: [0mGET /albums/cus_Q2oW1HioRc0q03 [32m201[0m 902.516 ms - -[0m
2024-05-28 15:28:17 info: [0mGET /users/plans/cus_Q2oW1HioRc0q03 [32m200[0m 919.933 ms - 149[0m
2024-05-28 15:28:17 info: [0mGET /albums/all-categories [32m201[0m 864.295 ms - 72[0m
2024-05-28 15:28:17 info: [0mGET /albums/popular/cus_Q2oW1HioRc0q03 [32m201[0m 876.424 ms - 19[0m
2024-05-28 15:59:12 info: [0mGET /users/cus_Q2oW1HioRc0q03 [32m200[0m 1002.131 ms - 373[0m
2024-05-28 15:59:13 info: [0mGET /albums/random/0/cus_Q2oW1HioRc0q03 [32m201[0m 466.034 ms - -[0m
2024-05-28 15:59:14 info: [0mGET /albums/all-categories [32m201[0m 1099.427 ms - 72[0m
2024-05-28 15:59:14 info: [0mGET /users/plans/cus_Q2oW1HioRc0q03 [32m200[0m 1103.968 ms - 149[0m
2024-05-28 15:59:14 info: [0mGET /albums/popular/cus_Q2oW1HioRc0q03 [32m201[0m 1149.459 ms - 19[0m
2024-05-28 15:59:14 info: [0mGET /albums/cus_Q2oW1HioRc0q03 [32m201[0m 1166.745 ms - -[0m
2024-05-28 15:59:48 info: [0mGET /users/cus_Q2oW1HioRc0q03 [32m200[0m 1090.053 ms - 373[0m
2024-05-28 15:59:49 info: [0mGET /albums/random/0/cus_Q2oW1HioRc0q03 [32m201[0m 642.266 ms - -[0m
2024-05-28 15:59:50 info: [0mGET /albums/popular/cus_Q2oW1HioRc0q03 [32m201[0m 1045.441 ms - 19[0m
2024-05-28 15:59:50 info: [0mGET /albums/all-categories [32m201[0m 1094.032 ms - 72[0m
2024-05-28 15:59:50 info: [0mGET /users/plans/cus_Q2oW1HioRc0q03 [32m200[0m 1111.684 ms - 149[0m
2024-05-28 15:59:50 info: [0mGET /albums/cus_Q2oW1HioRc0q03 [32m201[0m 1104.710 ms - -[0m
2024-05-28 16:00:17 info: [0mGET /users/cus_Q2oW1HioRc0q03 [32m200[0m 1184.524 ms - 373[0m
2024-05-28 16:00:18 info: [0mGET /albums/random/0/cus_Q2oW1HioRc0q03 [32m201[0m 491.473 ms - -[0m
2024-05-28 16:00:19 info: [0mGET /albums/all-categories [32m201[0m 865.265 ms - 72[0m
2024-05-28 16:00:19 info: [0mGET /albums/popular/cus_Q2oW1HioRc0q03 [32m201[0m 857.435 ms - 19[0m
2024-05-28 16:00:19 info: [0mGET /users/plans/cus_Q2oW1HioRc0q03 [32m200[0m 853.498 ms - 149[0m
2024-05-28 16:00:19 info: [0mGET /albums/cus_Q2oW1HioRc0q03 [32m201[0m 901.219 ms - -[0m
2024-05-28 16:01:42 info: [0mGET /users/cus_Q2oW1HioRc0q03 [32m200[0m 893.159 ms - 373[0m
2024-05-28 16:01:44 info: [0mGET /albums/random/0/cus_Q2oW1HioRc0q03 [32m201[0m 448.166 ms - -[0m
2024-05-28 16:01:44 info: [0mGET /users/plans/cus_Q2oW1HioRc0q03 [32m200[0m 824.103 ms - 149[0m
2024-05-28 16:01:44 info: [0mGET /albums/popular/cus_Q2oW1HioRc0q03 [32m201[0m 872.929 ms - 19[0m
2024-05-28 16:01:44 info: [0mGET /albums/cus_Q2oW1HioRc0q03 [32m201[0m 884.402 ms - -[0m
2024-05-28 16:01:46 info: [0mGET /albums/all-categories [32m201[0m 2469.708 ms - 72[0m
2024-05-28 16:02:08 info: [0mGET /notifications/cus_Q2oW1HioRc0q03 [32m201[0m 446.512 ms - -[0m
2024-05-28 19:29:09 info: [0mGET /wallet/cus_Q2oW1HioRc0q03 [32m201[0m 1196.630 ms - 26[0m
2024-05-28 19:29:09 info: [0mGET /albums/seller/cus_Q2oW1HioRc0q03 [32m201[0m 1219.567 ms - -[0m
2024-05-28 19:29:09 info: [0mGET /public/files/albums/postPicture-305de362-6379-47d1-9b4f-6de2c82b0d1e70be77683e0c47de20af8e906d015414229a1af521052024.jpeg [33m404[0m 3.906 ms - 260[0m
2024-05-28 19:29:09 info: [0mGET /public/files/albums/postPicture-d2e3bfee-2fe6-4d2a-8c0a-33de9864ee872244870be77683e0c47de20af8e906d01541422902052024.jpeg [33m404[0m 1.909 ms - 260[0m
2024-05-28 19:29:09 info: [0mGET /public/files/albums/postPicture-c92d0bca-1efe-499b-8343-dec4106c4be668c492244870be77683e0c47de20af8e906d015437052024.jpeg [33m404[0m 1.873 ms - 260[0m
2024-05-28 19:29:09 info: [0mGET /sellers/payout/cus_Q2oW1HioRc0q03 [32m201[0m 1705.348 ms - 150[0m
2024-05-28 19:29:10 info: [0mGET /albums/seller/cus_Q2oW1HioRc0q03 [32m201[0m 1024.037 ms - -[0m
2024-05-28 19:29:10 info: [0mGET /wallet/cus_Q2oW1HioRc0q03 [32m201[0m 1084.499 ms - 26[0m
2024-05-28 19:29:10 info: [0mGET /sellers/payout/cus_Q2oW1HioRc0q03 [32m201[0m 1469.772 ms - 150[0m
2024-05-28 19:29:10 info: [0mGET /sellers/payout/cus_Q2oW1HioRc0q03 [32m201[0m 1415.306 ms - 150[0m
2024-05-28 19:29:14 info: [0mGET /public/files/albums/postPicture-c92d0bca-1efe-499b-8343-dec4106c4be668c492244870be77683e0c47de20af8e906d015437052024.jpeg [33m404[0m 1.817 ms - 260[0m
2024-05-28 19:29:14 info: [0mGET /public/files/albums/postPicture-d2e3bfee-2fe6-4d2a-8c0a-33de9864ee872244870be77683e0c47de20af8e906d01541422902052024.jpeg [33m404[0m 5.186 ms - 260[0m
2024-05-28 19:29:14 info: [0mGET /public/files/albums/postPicture-305de362-6379-47d1-9b4f-6de2c82b0d1e70be77683e0c47de20af8e906d015414229a1af521052024.jpeg [33m404[0m 4.492 ms - 260[0m
2024-05-28 19:29:39 info: [0mGET /users/cus_Q2oW1HioRc0q03 [32m200[0m 949.584 ms - 373[0m
2024-05-28 19:29:41 info: [0mGET /albums/random/0/cus_Q2oW1HioRc0q03 [32m201[0m 460.967 ms - -[0m
2024-05-28 19:29:41 info: [0mGET /albums/cus_Q2oW1HioRc0q03 [32m201[0m 815.772 ms - -[0m
2024-05-28 19:29:41 info: [0mGET /albums/all-categories [32m201[0m 849.105 ms - 72[0m
2024-05-28 19:29:41 info: [0mGET /users/plans/cus_Q2oW1HioRc0q03 [32m200[0m 855.116 ms - 149[0m
2024-05-28 19:29:41 info: [0mGET /albums/popular/cus_Q2oW1HioRc0q03 [32m201[0m 1085.810 ms - 19[0m
2024-05-28 19:31:16 info: =================================
2024-05-28 19:31:16 info: ======= ENV: development =======
2024-05-28 19:31:16 info: 🚀 App listening on the port 8000
2024-05-28 19:31:16 info: =================================
2024-05-28 19:31:27 info: [0mGET /users/cus_Q2oW1HioRc0q03 [32m200[0m 964.909 ms - 373[0m
2024-05-28 19:31:28 info: [0mGET /albums/random/0/cus_Q2oW1HioRc0q03 [32m201[0m 453.155 ms - -[0m
2024-05-28 19:31:29 info: [0mGET /albums/all-categories [32m201[0m 823.869 ms - 72[0m
2024-05-28 19:31:29 info: [0mGET /albums/popular/cus_Q2oW1HioRc0q03 [32m201[0m 878.721 ms - 19[0m
2024-05-28 19:31:29 info: [0mGET /albums/cus_Q2oW1HioRc0q03 [32m201[0m 828.919 ms - -[0m
2024-05-28 19:31:29 info: [0mGET /users/plans/cus_Q2oW1HioRc0q03 [32m200[0m 858.705 ms - 149[0m
2024-05-28 19:32:10 info: =================================
2024-05-28 19:32:10 info: ======= ENV: development =======
2024-05-28 19:32:10 info: 🚀 App listening on the port 8000
2024-05-28 19:32:10 info: =================================
2024-05-28 19:32:22 info: [0mGET /users/cus_Q2oW1HioRc0q03 [32m200[0m 885.070 ms - 373[0m
2024-05-28 19:32:24 info: [0mGET /albums/cus_Q2oW1HioRc0q03 [32m201[0m 911.028 ms - -[0m
2024-05-28 19:32:24 info: [0mGET /albums/random/0/cus_Q2oW1HioRc0q03 [32m201[0m 905.322 ms - 2[0m
2024-05-28 19:32:24 info: [0mGET /albums/all-categories [32m201[0m 961.640 ms - 72[0m
2024-05-28 19:32:24 info: [0mGET /users/plans/cus_Q2oW1HioRc0q03 [32m200[0m 992.566 ms - 149[0m
2024-05-28 19:32:24 info: [0mGET /albums/popular/cus_Q2oW1HioRc0q03 [32m201[0m 1149.615 ms - 19[0m
2024-05-28 19:32:37 info: =================================
2024-05-28 19:32:37 info: ======= ENV: development =======
2024-05-28 19:32:37 info: 🚀 App listening on the port 8000
2024-05-28 19:32:37 info: =================================
2024-05-28 19:32:49 info: [0mGET /notifications/cus_Q2oW1HioRc0q03 [32m201[0m 562.496 ms - -[0m
2024-05-28 19:32:55 info: [0mGET /albums/seller/cus_Q2oW1HioRc0q03 [32m201[0m 599.750 ms - -[0m
2024-05-28 19:32:56 info: [0mGET /public/files/albums/postPicture-c92d0bca-1efe-499b-8343-dec4106c4be668c492244870be77683e0c47de20af8e906d015437052024.jpeg [33m404[0m 5.478 ms - 260[0m
2024-05-28 19:32:56 info: [0mGET /wallet/cus_Q2oW1HioRc0q03 [32m201[0m 917.402 ms - 26[0m
2024-05-28 19:32:56 info: [0mGET /public/files/albums/postPicture-d2e3bfee-2fe6-4d2a-8c0a-33de9864ee872244870be77683e0c47de20af8e906d01541422902052024.jpeg [33m404[0m 3.160 ms - 260[0m
2024-05-28 19:32:56 info: [0mGET /public/files/albums/postPicture-305de362-6379-47d1-9b4f-6de2c82b0d1e70be77683e0c47de20af8e906d015414229a1af521052024.jpeg [33m404[0m 4.093 ms - 260[0m
2024-05-28 19:32:56 info: [0mGET /sellers/payout/cus_Q2oW1HioRc0q03 [32m201[0m 1295.007 ms - 150[0m
2024-05-28 19:33:02 info: [0mGET /albums/seller/cus_Q2oW1HioRc0q03 [32m201[0m 566.841 ms - -[0m
2024-05-28 19:33:02 info: [0mGET /public/files/albums/postPicture-305de362-6379-47d1-9b4f-6de2c82b0d1e70be77683e0c47de20af8e906d015414229a1af521052024.jpeg [33m404[0m 1.817 ms - 260[0m
2024-05-28 19:33:02 info: [0mGET /public/files/albums/postPicture-c92d0bca-1efe-499b-8343-dec4106c4be668c492244870be77683e0c47de20af8e906d015437052024.jpeg [33m404[0m 4.041 ms - 260[0m
2024-05-28 19:33:02 info: [0mGET /public/files/albums/postPicture-d2e3bfee-2fe6-4d2a-8c0a-33de9864ee872244870be77683e0c47de20af8e906d01541422902052024.jpeg [33m404[0m 2.008 ms - 260[0m
2024-05-28 19:33:02 info: [0mGET /wallet/cus_Q2oW1HioRc0q03 [32m201[0m 969.663 ms - 26[0m
2024-05-28 19:33:03 info: [0mGET /sellers/payout/cus_Q2oW1HioRc0q03 [32m201[0m 1313.285 ms - 150[0m
2024-05-28 19:33:07 info: [0mGET /public/files/albums/postPicture-d2e3bfee-2fe6-4d2a-8c0a-33de9864ee872244870be77683e0c47de20af8e906d01541422902052024.jpeg [33m404[0m 3.918 ms - 260[0m
2024-05-28 19:33:07 info: [0mGET /public/files/albums/postPicture-305de362-6379-47d1-9b4f-6de2c82b0d1e70be77683e0c47de20af8e906d015414229a1af521052024.jpeg [33m404[0m 3.471 ms - 260[0m
2024-05-28 19:33:07 info: [0mGET /albums/seller/cus_Q2oW1HioRc0q03 [32m201[0m 455.264 ms - -[0m
2024-05-28 19:33:07 info: [0mGET /public/files/albums/postPicture-c92d0bca-1efe-499b-8343-dec4106c4be668c492244870be77683e0c47de20af8e906d015437052024.jpeg [33m404[0m 3.805 ms - 260[0m
2024-05-28 19:33:07 info: [0mGET /wallet/cus_Q2oW1HioRc0q03 [32m201[0m 834.752 ms - 26[0m
2024-05-28 19:33:08 info: [0mGET /sellers/payout/cus_Q2oW1HioRc0q03 [32m201[0m 1282.587 ms - 150[0m
2024-05-28 19:33:08 info: [0mGET /sellers/payout/cus_Q2oW1HioRc0q03 [32m201[0m 1225.397 ms - 150[0m
2024-05-28 19:33:09 info: [0mGET /public/files/albums/postPicture-305de362-6379-47d1-9b4f-6de2c82b0d1e70be77683e0c47de20af8e906d015414229a1af521052024.jpeg [33m404[0m 2.474 ms - 260[0m
2024-05-28 19:33:09 info: [0mGET /public/files/albums/postPicture-d2e3bfee-2fe6-4d2a-8c0a-33de9864ee872244870be77683e0c47de20af8e906d01541422902052024.jpeg [33m404[0m 2.222 ms - 260[0m
2024-05-28 19:33:09 info: [0mGET /public/files/albums/postPicture-c92d0bca-1efe-499b-8343-dec4106c4be668c492244870be77683e0c47de20af8e906d015437052024.jpeg [33m404[0m 3.060 ms - 260[0m
2024-05-28 19:33:39 info: [0mGET /public/files/albums/postPicture-c92d0bca-1efe-499b-8343-dec4106c4be668c492244870be77683e0c47de20af8e906d015437052024.jpeg [33m404[0m 2.226 ms - 260[0m
2024-05-28 19:33:39 info: [0mGET /public/files/albums/postPicture-d2e3bfee-2fe6-4d2a-8c0a-33de9864ee872244870be77683e0c47de20af8e906d01541422902052024.jpeg [33m404[0m 1.553 ms - 260[0m
2024-05-28 19:33:39 info: [0mGET /public/files/albums/postPicture-305de362-6379-47d1-9b4f-6de2c82b0d1e70be77683e0c47de20af8e906d015414229a1af521052024.jpeg [33m404[0m 3.935 ms - 260[0m
2024-05-28 19:33:39 info: [0mGET /albums/seller/cus_Q2oW1HioRc0q03 [32m201[0m 547.371 ms - -[0m
2024-05-28 19:33:39 info: [0mGET /wallet/cus_Q2oW1HioRc0q03 [32m201[0m 974.883 ms - 26[0m
2024-05-28 19:33:40 info: [0mGET /sellers/payout/cus_Q2oW1HioRc0q03 [32m201[0m 1384.908 ms - 150[0m
2024-05-28 19:33:40 info: [0mGET /sellers/payout/cus_Q2oW1HioRc0q03 [32m201[0m 1687.680 ms - 150[0m
2024-05-28 19:33:45 info: [0mGET /public/files/albums/postPicture-c92d0bca-1efe-499b-8343-dec4106c4be668c492244870be77683e0c47de20af8e906d015437052024.jpeg [33m404[0m 47.183 ms - 260[0m
2024-05-28 19:33:45 info: [0mGET /public/files/albums/postPicture-d2e3bfee-2fe6-4d2a-8c0a-33de9864ee872244870be77683e0c47de20af8e906d01541422902052024.jpeg [33m404[0m 36.701 ms - 260[0m
2024-05-28 19:33:45 info: [0mGET /public/files/albums/postPicture-305de362-6379-47d1-9b4f-6de2c82b0d1e70be77683e0c47de20af8e906d015414229a1af521052024.jpeg [33m404[0m 3.615 ms - 260[0m
2024-05-28 19:33:48 info: [0mGET /public/files/albums/postPicture-d2e3bfee-2fe6-4d2a-8c0a-33de9864ee872244870be77683e0c47de20af8e906d01541422902052024.jpeg [33m404[0m 10.036 ms - 260[0m
2024-05-28 19:33:48 info: [0mGET /public/files/albums/postPicture-c92d0bca-1efe-499b-8343-dec4106c4be668c492244870be77683e0c47de20af8e906d015437052024.jpeg [33m404[0m 0.828 ms - 260[0m
2024-05-28 19:33:48 info: [0mGET /public/files/albums/postPicture-305de362-6379-47d1-9b4f-6de2c82b0d1e70be77683e0c47de20af8e906d015414229a1af521052024.jpeg [33m404[0m 8.282 ms - 260[0m
2024-05-28 19:33:53 info: [0mGET /public/files/albums/postPicture-d2e3bfee-2fe6-4d2a-8c0a-33de9864ee872244870be77683e0c47de20af8e906d01541422902052024.jpeg [33m404[0m 5.536 ms - 260[0m
2024-05-28 19:33:53 info: [0mGET /public/files/albums/postPicture-305de362-6379-47d1-9b4f-6de2c82b0d1e70be77683e0c47de20af8e906d015414229a1af521052024.jpeg [33m404[0m 1.852 ms - 260[0m
2024-05-28 19:33:53 info: [0mGET /public/files/albums/postPicture-c92d0bca-1efe-499b-8343-dec4106c4be668c492244870be77683e0c47de20af8e906d015437052024.jpeg [33m404[0m 2.082 ms - 260[0m
2024-05-28 19:33:58 info: [0mGET /public/files/albums/postPicture-d2e3bfee-2fe6-4d2a-8c0a-33de9864ee872244870be77683e0c47de20af8e906d01541422902052024.jpeg [33m404[0m 1.032 ms - 260[0m
2024-05-28 19:33:58 info: [0mGET /public/files/albums/postPicture-305de362-6379-47d1-9b4f-6de2c82b0d1e70be77683e0c47de20af8e906d015414229a1af521052024.jpeg [33m404[0m 1.955 ms - 260[0m
2024-05-28 19:33:58 info: [0mGET /public/files/albums/postPicture-c92d0bca-1efe-499b-8343-dec4106c4be668c492244870be77683e0c47de20af8e906d015437052024.jpeg [33m404[0m 0.745 ms - 260[0m
2024-05-28 19:33:58 info: [0mGET /albums/seller/cus_Q2oW1HioRc0q03 [32m201[0m 592.993 ms - -[0m
2024-05-28 19:33:59 info: [0mGET /wallet/cus_Q2oW1HioRc0q03 [32m201[0m 962.142 ms - 26[0m
2024-05-28 19:33:59 info: [0mGET /sellers/payout/cus_Q2oW1HioRc0q03 [32m201[0m 1244.437 ms - 150[0m
2024-05-28 19:33:59 info: [0mGET /sellers/payout/cus_Q2oW1HioRc0q03 [32m201[0m 1289.052 ms - 150[0m
2024-05-28 19:34:23 info: [0mGET /public/files/albums/postPicture-c92d0bca-1efe-499b-8343-dec4106c4be668c492244870be77683e0c47de20af8e906d015437052024.jpeg [33m404[0m 8.725 ms - 260[0m
2024-05-28 19:34:23 info: [0mGET /public/files/albums/postPicture-d2e3bfee-2fe6-4d2a-8c0a-33de9864ee872244870be77683e0c47de20af8e906d01541422902052024.jpeg [33m404[0m 25.493 ms - 260[0m
2024-05-28 19:34:23 info: [0mGET /public/files/albums/postPicture-305de362-6379-47d1-9b4f-6de2c82b0d1e70be77683e0c47de20af8e906d015414229a1af521052024.jpeg [33m404[0m 0.876 ms - 260[0m
2024-05-28 19:34:26 info: [0mGET /public/files/albums/postPicture-305de362-6379-47d1-9b4f-6de2c82b0d1e70be77683e0c47de20af8e906d015414229a1af521052024.jpeg [33m404[0m 1.456 ms - 260[0m
2024-05-28 19:34:26 info: [0mGET /public/files/albums/postPicture-c92d0bca-1efe-499b-8343-dec4106c4be668c492244870be77683e0c47de20af8e906d015437052024.jpeg [33m404[0m 2.860 ms - 260[0m
2024-05-28 19:34:26 info: [0mGET /public/files/albums/postPicture-d2e3bfee-2fe6-4d2a-8c0a-33de9864ee872244870be77683e0c47de20af8e906d01541422902052024.jpeg [33m404[0m 3.689 ms - 260[0m
2024-05-28 19:34:28 info: [0mGET /public/files/albums/postPicture-305de362-6379-47d1-9b4f-6de2c82b0d1e70be77683e0c47de20af8e906d015414229a1af521052024.jpeg [33m404[0m 1.049 ms - 260[0m
2024-05-28 19:34:28 info: [0mGET /public/files/albums/postPicture-c92d0bca-1efe-499b-8343-dec4106c4be668c492244870be77683e0c47de20af8e906d015437052024.jpeg [33m404[0m 0.389 ms - 260[0m
2024-05-28 19:34:28 info: [0mGET /public/files/albums/postPicture-d2e3bfee-2fe6-4d2a-8c0a-33de9864ee872244870be77683e0c47de20af8e906d01541422902052024.jpeg [33m404[0m 0.842 ms - 260[0m
2024-05-28 19:34:28 info: [0mGET /albums/seller/cus_Q2oW1HioRc0q03 [32m201[0m 458.585 ms - -[0m
2024-05-28 19:34:28 info: [0mGET /wallet/cus_Q2oW1HioRc0q03 [32m201[0m 916.225 ms - 26[0m
2024-05-28 19:34:29 info: [0mGET /sellers/payout/cus_Q2oW1HioRc0q03 [32m201[0m 1312.621 ms - 150[0m
2024-05-28 19:34:29 info: [0mGET /sellers/payout/cus_Q2oW1HioRc0q03 [32m201[0m 1315.248 ms - 150[0m
2024-05-28 19:34:56 info: [0mGET /public/files/albums/postPicture-c92d0bca-1efe-499b-8343-dec4106c4be668c492244870be77683e0c47de20af8e906d015437052024.jpeg [33m404[0m 10.420 ms - 260[0m
2024-05-28 19:34:56 info: [0mGET /public/files/albums/postPicture-305de362-6379-47d1-9b4f-6de2c82b0d1e70be77683e0c47de20af8e906d015414229a1af521052024.jpeg [33m404[0m 4.593 ms - 260[0m
2024-05-28 19:34:56 info: [0mGET /public/files/albums/postPicture-d2e3bfee-2fe6-4d2a-8c0a-33de9864ee872244870be77683e0c47de20af8e906d01541422902052024.jpeg [33m404[0m 3.647 ms - 260[0m
2024-05-28 19:34:57 info: [0mGET /albums/seller/cus_Q2oW1HioRc0q03 [32m201[0m 432.280 ms - -[0m
2024-05-28 19:34:57 info: [0mGET /wallet/cus_Q2oW1HioRc0q03 [32m201[0m 863.028 ms - 26[0m
2024-05-28 19:34:58 info: [0mGET /sellers/payout/cus_Q2oW1HioRc0q03 [32m201[0m 1292.900 ms - 150[0m
2024-05-28 19:34:58 info: [0mGET /sellers/payout/cus_Q2oW1HioRc0q03 [32m201[0m 1255.530 ms - 150[0m
2024-05-28 19:35:08 info: [0mGET /public/files/albums/postPicture-305de362-6379-47d1-9b4f-6de2c82b0d1e70be77683e0c47de20af8e906d015414229a1af521052024.jpeg [33m404[0m 2.159 ms - 260[0m
2024-05-28 19:35:08 info: [0mGET /public/files/albums/postPicture-c92d0bca-1efe-499b-8343-dec4106c4be668c492244870be77683e0c47de20af8e906d015437052024.jpeg [33m404[0m 4.223 ms - 260[0m
2024-05-28 19:35:09 info: [0mGET /public/files/albums/postPicture-d2e3bfee-2fe6-4d2a-8c0a-33de9864ee872244870be77683e0c47de20af8e906d01541422902052024.jpeg [33m404[0m 5.313 ms - 260[0m
2024-05-28 19:35:10 info: [0mGET /public/files/albums/postPicture-305de362-6379-47d1-9b4f-6de2c82b0d1e70be77683e0c47de20af8e906d015414229a1af521052024.jpeg [33m404[0m 0.836 ms - 260[0m
2024-05-28 19:35:10 info: [0mGET /public/files/albums/postPicture-c92d0bca-1efe-499b-8343-dec4106c4be668c492244870be77683e0c47de20af8e906d015437052024.jpeg [33m404[0m 5.643 ms - 260[0m
2024-05-28 19:35:10 info: [0mGET /public/files/albums/postPicture-d2e3bfee-2fe6-4d2a-8c0a-33de9864ee872244870be77683e0c47de20af8e906d01541422902052024.jpeg [33m404[0m 1.434 ms - 260[0m
2024-05-28 19:35:12 info: [0mGET /public/files/albums/postPicture-305de362-6379-47d1-9b4f-6de2c82b0d1e70be77683e0c47de20af8e906d015414229a1af521052024.jpeg [33m404[0m 2.674 ms - 260[0m
2024-05-28 19:35:12 info: [0mGET /public/files/albums/postPicture-c92d0bca-1efe-499b-8343-dec4106c4be668c492244870be77683e0c47de20af8e906d015437052024.jpeg [33m404[0m 5.818 ms - 260[0m
2024-05-28 19:35:12 info: [0mGET /albums/seller/cus_Q2oW1HioRc0q03 [32m201[0m 464.098 ms - -[0m
2024-05-28 19:35:12 info: [0mGET /public/files/albums/postPicture-d2e3bfee-2fe6-4d2a-8c0a-33de9864ee872244870be77683e0c47de20af8e906d01541422902052024.jpeg [33m404[0m 1.683 ms - 260[0m
2024-05-28 19:35:12 info: [0mGET /wallet/cus_Q2oW1HioRc0q03 [32m201[0m 840.542 ms - 26[0m
2024-05-28 19:35:13 info: [0mGET /sellers/payout/cus_Q2oW1HioRc0q03 [32m201[0m 1321.369 ms - 150[0m
2024-05-28 19:35:13 info: [0mGET /sellers/payout/cus_Q2oW1HioRc0q03 [32m201[0m 1263.695 ms - 150[0m
2024-05-28 19:35:15 info: [0mGET /public/files/albums/postPicture-305de362-6379-47d1-9b4f-6de2c82b0d1e70be77683e0c47de20af8e906d015414229a1af521052024.jpeg [33m404[0m 1.336 ms - 260[0m
2024-05-28 19:35:15 info: [0mGET /public/files/albums/postPicture-c92d0bca-1efe-499b-8343-dec4106c4be668c492244870be77683e0c47de20af8e906d015437052024.jpeg [33m404[0m 1.509 ms - 260[0m
2024-05-28 19:35:15 info: [0mGET /public/files/albums/postPicture-d2e3bfee-2fe6-4d2a-8c0a-33de9864ee872244870be77683e0c47de20af8e906d01541422902052024.jpeg [33m404[0m 2.360 ms - 260[0m
2024-05-28 19:35:16 info: [0mGET /albums/seller/cus_Q2oW1HioRc0q03 [32m201[0m 475.602 ms - -[0m
2024-05-28 19:35:16 info: [0mGET /public/files/albums/postPicture-305de362-6379-47d1-9b4f-6de2c82b0d1e70be77683e0c47de20af8e906d015414229a1af521052024.jpeg [33m404[0m 2.002 ms - 260[0m
2024-05-28 19:35:16 info: [0mGET /public/files/albums/postPicture-d2e3bfee-2fe6-4d2a-8c0a-33de9864ee872244870be77683e0c47de20af8e906d01541422902052024.jpeg [33m404[0m 2.197 ms - 260[0m
2024-05-28 19:35:17 info: [0mGET /public/files/albums/postPicture-c92d0bca-1efe-499b-8343-dec4106c4be668c492244870be77683e0c47de20af8e906d015437052024.jpeg [33m404[0m 0.924 ms - 260[0m
2024-05-28 19:35:17 info: [0mGET /wallet/cus_Q2oW1HioRc0q03 [32m201[0m 902.655 ms - 26[0m
2024-05-28 19:35:17 info: [0mGET /sellers/payout/cus_Q2oW1HioRc0q03 [32m201[0m 1339.713 ms - 150[0m
2024-05-28 19:35:17 info: [0mGET /sellers/payout/cus_Q2oW1HioRc0q03 [32m201[0m 1313.430 ms - 150[0m
2024-05-28 19:35:36 info: [0mGET /public/files/albums/postPicture-d2e3bfee-2fe6-4d2a-8c0a-33de9864ee872244870be77683e0c47de20af8e906d01541422902052024.jpeg [33m404[0m 3.785 ms - 260[0m
2024-05-28 19:35:36 info: [0mGET /public/files/albums/postPicture-c92d0bca-1efe-499b-8343-dec4106c4be668c492244870be77683e0c47de20af8e906d015437052024.jpeg [33m404[0m 1.503 ms - 260[0m
2024-05-28 19:35:36 info: [0mGET /public/files/albums/postPicture-305de362-6379-47d1-9b4f-6de2c82b0d1e70be77683e0c47de20af8e906d015414229a1af521052024.jpeg [33m404[0m 1.172 ms - 260[0m
2024-05-28 19:35:47 info: [0mGET /public/files/albums/postPicture-c92d0bca-1efe-499b-8343-dec4106c4be668c492244870be77683e0c47de20af8e906d015437052024.jpeg [33m404[0m 2.447 ms - 260[0m
2024-05-28 19:35:47 info: [0mGET /public/files/albums/postPicture-305de362-6379-47d1-9b4f-6de2c82b0d1e70be77683e0c47de20af8e906d015414229a1af521052024.jpeg [33m404[0m 1.542 ms - 260[0m
2024-05-28 19:35:47 info: [0mGET /public/files/albums/postPicture-d2e3bfee-2fe6-4d2a-8c0a-33de9864ee872244870be77683e0c47de20af8e906d01541422902052024.jpeg [33m404[0m 2.207 ms - 260[0m
2024-05-28 19:35:48 info: [0mGET /public/files/albums/postPicture-c92d0bca-1efe-499b-8343-dec4106c4be668c492244870be77683e0c47de20af8e906d015437052024.jpeg [33m404[0m 0.594 ms - 260[0m
2024-05-28 19:35:48 info: [0mGET /public/files/albums/postPicture-d2e3bfee-2fe6-4d2a-8c0a-33de9864ee872244870be77683e0c47de20af8e906d01541422902052024.jpeg [33m404[0m 0.328 ms - 260[0m
2024-05-28 19:35:48 info: [0mGET /public/files/albums/postPicture-305de362-6379-47d1-9b4f-6de2c82b0d1e70be77683e0c47de20af8e906d015414229a1af521052024.jpeg [33m404[0m 0.273 ms - 260[0m
2024-05-28 19:35:50 info: [0mGET /public/files/albums/postPicture-c92d0bca-1efe-499b-8343-dec4106c4be668c492244870be77683e0c47de20af8e906d015437052024.jpeg [33m404[0m 3.212 ms - 260[0m
2024-05-28 19:35:50 info: [0mGET /public/files/albums/postPicture-d2e3bfee-2fe6-4d2a-8c0a-33de9864ee872244870be77683e0c47de20af8e906d01541422902052024.jpeg [33m404[0m 4.906 ms - 260[0m
2024-05-28 19:35:50 info: [0mGET /public/files/albums/postPicture-305de362-6379-47d1-9b4f-6de2c82b0d1e70be77683e0c47de20af8e906d015414229a1af521052024.jpeg [33m404[0m 5.949 ms - 260[0m
2024-05-28 19:35:50 info: [0mGET /albums/seller/cus_Q2oW1HioRc0q03 [32m201[0m 426.519 ms - -[0m
2024-05-28 19:35:50 info: [0mGET /wallet/cus_Q2oW1HioRc0q03 [32m201[0m 823.536 ms - 26[0m
2024-05-28 19:35:51 info: [0mGET /sellers/payout/cus_Q2oW1HioRc0q03 [32m201[0m 1276.810 ms - 150[0m
2024-05-28 19:35:51 info: [0mGET /sellers/payout/cus_Q2oW1HioRc0q03 [32m201[0m 1276.972 ms - 150[0m
2024-05-28 19:36:00 info: [0mGET /public/files/albums/postPicture-c92d0bca-1efe-499b-8343-dec4106c4be668c492244870be77683e0c47de20af8e906d015437052024.jpeg [33m404[0m 3.203 ms - 260[0m
2024-05-28 19:36:00 info: [0mGET /public/files/albums/postPicture-d2e3bfee-2fe6-4d2a-8c0a-33de9864ee872244870be77683e0c47de20af8e906d01541422902052024.jpeg [33m404[0m 7.663 ms - 260[0m
2024-05-28 19:36:00 info: [0mGET /public/files/albums/postPicture-305de362-6379-47d1-9b4f-6de2c82b0d1e70be77683e0c47de20af8e906d015414229a1af521052024.jpeg [33m404[0m 5.885 ms - 260[0m
2024-05-28 19:36:22 info: [0mGET /public/files/albums/postPicture-c92d0bca-1efe-499b-8343-dec4106c4be668c492244870be77683e0c47de20af8e906d015437052024.jpeg [33m404[0m 3.092 ms - 260[0m
2024-05-28 19:36:22 info: [0mGET /public/files/albums/postPicture-d2e3bfee-2fe6-4d2a-8c0a-33de9864ee872244870be77683e0c47de20af8e906d01541422902052024.jpeg [33m404[0m 10.976 ms - 260[0m
2024-05-28 19:36:22 info: [0mGET /public/files/albums/postPicture-305de362-6379-47d1-9b4f-6de2c82b0d1e70be77683e0c47de20af8e906d015414229a1af521052024.jpeg [33m404[0m 0.636 ms - 260[0m
2024-05-28 19:36:24 info: [0mGET /public/files/albums/postPicture-c92d0bca-1efe-499b-8343-dec4106c4be668c492244870be77683e0c47de20af8e906d015437052024.jpeg [33m404[0m 1.813 ms - 260[0m
2024-05-28 19:36:24 info: [0mGET /public/files/albums/postPicture-305de362-6379-47d1-9b4f-6de2c82b0d1e70be77683e0c47de20af8e906d015414229a1af521052024.jpeg [33m404[0m 2.280 ms - 260[0m
2024-05-28 19:36:24 info: [0mGET /public/files/albums/postPicture-d2e3bfee-2fe6-4d2a-8c0a-33de9864ee872244870be77683e0c47de20af8e906d01541422902052024.jpeg [33m404[0m 3.828 ms - 260[0m
2024-05-28 19:36:26 info: [0mGET /albums/seller/cus_Q2oW1HioRc0q03 [32m201[0m 429.784 ms - -[0m
2024-05-28 19:36:26 info: [0mGET /public/files/albums/postPicture-c92d0bca-1efe-499b-8343-dec4106c4be668c492244870be77683e0c47de20af8e906d015437052024.jpeg [33m404[0m 2.634 ms - 260[0m
2024-05-28 19:36:26 info: [0mGET /public/files/albums/postPicture-305de362-6379-47d1-9b4f-6de2c82b0d1e70be77683e0c47de20af8e906d015414229a1af521052024.jpeg [33m404[0m 7.485 ms - 260[0m
2024-05-28 19:36:26 info: [0mGET /public/files/albums/postPicture-d2e3bfee-2fe6-4d2a-8c0a-33de9864ee872244870be77683e0c47de20af8e906d01541422902052024.jpeg [33m404[0m 0.745 ms - 260[0m
2024-05-28 19:36:27 info: [0mGET /wallet/cus_Q2oW1HioRc0q03 [32m201[0m 854.130 ms - 26[0m
2024-05-28 19:36:27 info: [0mGET /sellers/payout/cus_Q2oW1HioRc0q03 [32m201[0m 1298.613 ms - 150[0m
2024-05-28 19:36:27 info: [0mGET /sellers/payout/cus_Q2oW1HioRc0q03 [32m201[0m 1286.857 ms - 150[0m
2024-05-28 19:36:32 info: [0mGET /public/files/albums/postPicture-305de362-6379-47d1-9b4f-6de2c82b0d1e70be77683e0c47de20af8e906d015414229a1af521052024.jpeg [33m404[0m 2.745 ms - 260[0m
2024-05-28 19:36:32 info: [0mGET /public/files/albums/postPicture-c92d0bca-1efe-499b-8343-dec4106c4be668c492244870be77683e0c47de20af8e906d015437052024.jpeg [33m404[0m 0.569 ms - 260[0m
2024-05-28 19:36:32 info: [0mGET /public/files/albums/postPicture-d2e3bfee-2fe6-4d2a-8c0a-33de9864ee872244870be77683e0c47de20af8e906d01541422902052024.jpeg [33m404[0m 0.222 ms - 260[0m
2024-05-28 19:36:33 info: [0mGET /public/files/albums/postPicture-305de362-6379-47d1-9b4f-6de2c82b0d1e70be77683e0c47de20af8e906d015414229a1af521052024.jpeg [33m404[0m 3.381 ms - 260[0m
2024-05-28 19:36:33 info: [0mGET /public/files/albums/postPicture-c92d0bca-1efe-499b-8343-dec4106c4be668c492244870be77683e0c47de20af8e906d015437052024.jpeg [33m404[0m 4.097 ms - 260[0m
2024-05-28 19:36:33 info: [0mGET /public/files/albums/postPicture-d2e3bfee-2fe6-4d2a-8c0a-33de9864ee872244870be77683e0c47de20af8e906d01541422902052024.jpeg [33m404[0m 1.413 ms - 260[0m
2024-05-28 19:36:35 info: [0mGET /public/files/albums/postPicture-c92d0bca-1efe-499b-8343-dec4106c4be668c492244870be77683e0c47de20af8e906d015437052024.jpeg [33m404[0m 0.773 ms - 260[0m
2024-05-28 19:36:35 info: [0mGET /public/files/albums/postPicture-305de362-6379-47d1-9b4f-6de2c82b0d1e70be77683e0c47de20af8e906d015414229a1af521052024.jpeg [33m404[0m 1.055 ms - 260[0m
2024-05-28 19:36:35 info: [0mGET /albums/seller/cus_Q2oW1HioRc0q03 [32m201[0m 424.445 ms - -[0m
2024-05-28 19:36:35 info: [0mGET /public/files/albums/postPicture-d2e3bfee-2fe6-4d2a-8c0a-33de9864ee872244870be77683e0c47de20af8e906d01541422902052024.jpeg [33m404[0m 2.549 ms - 260[0m
2024-05-28 19:36:35 info: [0mGET /wallet/cus_Q2oW1HioRc0q03 [32m201[0m 884.777 ms - 26[0m
2024-05-28 19:36:36 info: [0mGET /sellers/payout/cus_Q2oW1HioRc0q03 [32m201[0m 1316.237 ms - 150[0m
2024-05-28 19:36:36 info: [0mGET /sellers/payout/cus_Q2oW1HioRc0q03 [32m201[0m 1334.528 ms - 150[0m
2024-05-28 19:36:38 info: [0mGET /public/files/albums/postPicture-305de362-6379-47d1-9b4f-6de2c82b0d1e70be77683e0c47de20af8e906d015414229a1af521052024.jpeg [33m404[0m 2.149 ms - 260[0m
2024-05-28 19:36:38 info: [0mGET /public/files/albums/postPicture-c92d0bca-1efe-499b-8343-dec4106c4be668c492244870be77683e0c47de20af8e906d015437052024.jpeg [33m404[0m 3.079 ms - 260[0m
2024-05-28 19:36:38 info: [0mGET /public/files/albums/postPicture-d2e3bfee-2fe6-4d2a-8c0a-33de9864ee872244870be77683e0c47de20af8e906d01541422902052024.jpeg [33m404[0m 3.143 ms - 260[0m
2024-05-28 19:36:40 info: [0mGET /albums/seller/cus_Q2oW1HioRc0q03 [32m201[0m 450.703 ms - -[0m
2024-05-28 19:36:40 info: [0mGET /public/files/albums/postPicture-c92d0bca-1efe-499b-8343-dec4106c4be668c492244870be77683e0c47de20af8e906d015437052024.jpeg [33m404[0m 1.073 ms - 260[0m
2024-05-28 19:36:40 info: [0mGET /public/files/albums/postPicture-d2e3bfee-2fe6-4d2a-8c0a-33de9864ee872244870be77683e0c47de20af8e906d01541422902052024.jpeg [33m404[0m 5.278 ms - 260[0m
2024-05-28 19:36:40 info: [0mGET /public/files/albums/postPicture-305de362-6379-47d1-9b4f-6de2c82b0d1e70be77683e0c47de20af8e906d015414229a1af521052024.jpeg [33m404[0m 5.626 ms - 260[0m
2024-05-28 19:36:40 info: [0mGET /wallet/cus_Q2oW1HioRc0q03 [32m201[0m 899.407 ms - 26[0m
2024-05-28 19:36:40 info: [0mGET /sellers/payout/cus_Q2oW1HioRc0q03 [32m201[0m 1260.850 ms - 150[0m
2024-05-28 19:36:40 info: [0mGET /sellers/payout/cus_Q2oW1HioRc0q03 [32m201[0m 1265.696 ms - 150[0m
2024-05-28 19:36:42 info: [0mGET /public/files/albums/postPicture-d2e3bfee-2fe6-4d2a-8c0a-33de9864ee872244870be77683e0c47de20af8e906d01541422902052024.jpeg [33m404[0m 3.182 ms - 260[0m
2024-05-28 19:36:42 info: [0mGET /public/files/albums/postPicture-305de362-6379-47d1-9b4f-6de2c82b0d1e70be77683e0c47de20af8e906d015414229a1af521052024.jpeg [33m404[0m 3.850 ms - 260[0m
2024-05-28 19:36:42 info: [0mGET /public/files/albums/postPicture-c92d0bca-1efe-499b-8343-dec4106c4be668c492244870be77683e0c47de20af8e906d015437052024.jpeg [33m404[0m 2.144 ms - 260[0m
2024-05-28 19:46:37 info: [0mPOST /users/signout/cus_Q2oW1HioRc0q03 [32m200[0m 596.882 ms - 45[0m
2024-05-28 19:49:10 info: [0mPOST /login [32m200[0m 956.272 ms - 487[0m
2024-05-28 19:49:11 info: [0mGET /albums/random/0/cus_Q4dwKuSE6TC8Hp [32m201[0m 568.309 ms - 2[0m
2024-05-28 19:49:11 info: [0mGET /albums/all-categories [32m201[0m 874.586 ms - 72[0m
2024-05-28 19:49:11 info: [0mGET /albums/popular/cus_Q4dwKuSE6TC8Hp [32m201[0m 1067.948 ms - -[0m
2024-05-28 19:49:11 info: [0mGET /albums/cus_Q4dwKuSE6TC8Hp [32m201[0m 1077.782 ms - -[0m
2024-05-28 19:49:18 info: [0mGET /public/files/albums/postPicture-d2e3bfee-2fe6-4d2a-8c0a-33de9864ee872244870be77683e0c47de20af8e906d01541422902052024.jpeg [33m404[0m 2.893 ms - 260[0m
2024-05-28 19:49:18 info: [0mGET /public/files/albums/postPicture-305de362-6379-47d1-9b4f-6de2c82b0d1e70be77683e0c47de20af8e906d015414229a1af521052024.jpeg [33m404[0m 5.480 ms - 260[0m
2024-05-28 19:49:18 info: [0mGET /public/files/albums/postPicture-c92d0bca-1efe-499b-8343-dec4106c4be668c492244870be77683e0c47de20af8e906d015437052024.jpeg [33m404[0m 0.745 ms - 260[0m
2024-05-28 19:49:21 info: [0mGET /public/files/albums/postPicture-3766fae8-5939-4c64-aa8c-9340fa372a1a68c492244870be77683e0c47de20af8e906d015437052024.jpeg [33m404[0m 2.276 ms - 260[0m
2024-05-28 19:49:21 info: [0mGET /public/files/albums/postPicture-fc897111-8add-4354-b120-cfe7a2ab0d4768c492244870be77683e0c47de20af8e906d015437052024.jpeg [33m404[0m 1.553 ms - 260[0m
2024-05-28 19:49:21 info: [0mGET /public/files/albums/postPicture-c92d0bca-1efe-499b-8343-dec4106c4be668c492244870be77683e0c47de20af8e906d015437052024.jpeg [33m404[0m 1.457 ms - 260[0m
2024-05-28 19:49:21 info: [0mGET /public/files/albums/postPicture-305de362-6379-47d1-9b4f-6de2c82b0d1e70be77683e0c47de20af8e906d015414229a1af521052024.jpeg [33m404[0m 0.669 ms - 260[0m
2024-05-28 19:49:21 info: [0mGET /albums/plan/068c492244870be77683e0c47de20af8e906d015 [32m200[0m 479.253 ms - 66[0m
2024-05-28 19:49:22 info: [0mGET /users/verify/checkForSubscription/cus_Q4dwKuSE6TC8Hp [32m200[0m 921.775 ms - 4[0m
2024-05-28 19:49:58 info: [0mGET /users/cus_Q4dwKuSE6TC8Hp [32m200[0m 875.476 ms - 236[0m
2024-05-28 19:49:59 info: [0mGET /albums/random/0/cus_Q4dwKuSE6TC8Hp [32m201[0m 554.113 ms - 2[0m
2024-05-28 19:49:59 info: [0mGET /albums/all-categories [32m201[0m 858.638 ms - 72[0m
2024-05-28 19:49:59 info: [0mGET /albums/cus_Q4dwKuSE6TC8Hp [32m201[0m 867.543 ms - -[0m
2024-05-28 19:49:59 info: [0mGET /albums/popular/cus_Q4dwKuSE6TC8Hp [32m201[0m 904.525 ms - -[0m
2024-05-28 19:50:11 info: [0mGET /public/files/albums/postPicture-305de362-6379-47d1-9b4f-6de2c82b0d1e70be77683e0c47de20af8e906d015414229a1af521052024.jpeg [33m404[0m 4.931 ms - 260[0m
2024-05-28 19:50:11 info: [0mGET /public/files/albums/postPicture-c92d0bca-1efe-499b-8343-dec4106c4be668c492244870be77683e0c47de20af8e906d015437052024.jpeg [33m404[0m 0.702 ms - 260[0m
2024-05-28 19:50:11 info: [0mGET /public/files/albums/postPicture-d2e3bfee-2fe6-4d2a-8c0a-33de9864ee872244870be77683e0c47de20af8e906d01541422902052024.jpeg [33m404[0m 1.006 ms - 260[0m
2024-05-28 19:50:13 info: [0mGET /public/files/albums/postPicture-3766fae8-5939-4c64-aa8c-9340fa372a1a68c492244870be77683e0c47de20af8e906d015437052024.jpeg [33m404[0m 3.132 ms - 260[0m
2024-05-28 19:50:13 info: [0mGET /public/files/albums/postPicture-fc897111-8add-4354-b120-cfe7a2ab0d4768c492244870be77683e0c47de20af8e906d015437052024.jpeg [33m404[0m 1.635 ms - 260[0m
2024-05-28 19:50:13 info: [0mGET /public/files/albums/postPicture-c92d0bca-1efe-499b-8343-dec4106c4be668c492244870be77683e0c47de20af8e906d015437052024.jpeg [33m404[0m 3.830 ms - 260[0m
2024-05-28 19:50:13 info: [0mGET /public/files/albums/postPicture-305de362-6379-47d1-9b4f-6de2c82b0d1e70be77683e0c47de20af8e906d015414229a1af521052024.jpeg [33m404[0m 0.391 ms - 260[0m
2024-05-28 19:50:13 info: [0mGET /public/files/albums/postPicture-d2e3bfee-2fe6-4d2a-8c0a-33de9864ee872244870be77683e0c47de20af8e906d01541422902052024.jpeg [33m404[0m 1.863 ms - 260[0m
2024-05-28 19:50:13 info: [0mGET /albums/plan/068c492244870be77683e0c47de20af8e906d015 [32m200[0m 461.568 ms - 66[0m
2024-05-28 19:50:14 info: [0mGET /users/verify/checkForSubscription/cus_Q4dwKuSE6TC8Hp [32m200[0m 920.901 ms - 4[0m
2024-05-28 19:50:14 info: [0mGET /users/verify/checkForSale/cus_Q4dwKuSE6TC8Hp/068c492244870be77683e0c47de20af8e906d015/vip [32m200[0m 960.159 ms - 4[0m
2024-05-28 19:50:15 info: [0mGET /albums/seller/cus_Q2oW1HioRc0q03 [32m201[0m 431.380 ms - -[0m
2024-05-28 19:50:15 info: [0mGET /public/files/albums/postPicture-fc897111-8add-4354-b120-cfe7a2ab0d4768c492244870be77683e0c47de20af8e906d015437052024.jpeg [33m404[0m 3.249 ms - 260[0m
2024-05-28 19:50:15 info: [0mGET /public/files/albums/postPicture-c92d0bca-1efe-499b-8343-dec4106c4be668c492244870be77683e0c47de20af8e906d015437052024.jpeg [33m404[0m 3.889 ms - 260[0m
2024-05-28 19:50:15 info: [0mGET /public/files/albums/postPicture-d2e3bfee-2fe6-4d2a-8c0a-33de9864ee872244870be77683e0c47de20af8e906d01541422902052024.jpeg [33m404[0m 4.947 ms - 260[0m
2024-05-28 19:50:15 info: [0mGET /public/files/albums/postPicture-305de362-6379-47d1-9b4f-6de2c82b0d1e70be77683e0c47de20af8e906d015414229a1af521052024.jpeg [33m404[0m 2.585 ms - 260[0m
2024-05-28 19:50:15 info: [0mGET /users/verify/checkForSubscription/cus_Q4dwKuSE6TC8Hp [32m200[0m 893.055 ms - 4[0m
2024-05-28 19:50:23 info: [0mGET /public/files/albums/postPicture-c92d0bca-1efe-499b-8343-dec4106c4be668c492244870be77683e0c47de20af8e906d015437052024.jpeg [33m404[0m 3.338 ms - 260[0m
2024-05-28 19:50:23 info: [0mGET /public/files/albums/postPicture-fc897111-8add-4354-b120-cfe7a2ab0d4768c492244870be77683e0c47de20af8e906d015437052024.jpeg [33m404[0m 1.892 ms - 260[0m
2024-05-28 19:50:24 info: [0mGET /public/files/albums/postPicture-d2e3bfee-2fe6-4d2a-8c0a-33de9864ee872244870be77683e0c47de20af8e906d01541422902052024.jpeg [33m404[0m 2.054 ms - 260[0m
2024-05-28 19:50:24 info: [0mGET /public/files/albums/postPicture-c92d0bca-1efe-499b-8343-dec4106c4be668c492244870be77683e0c47de20af8e906d015437052024.jpeg [33m404[0m 2.296 ms - 260[0m
2024-05-28 19:50:24 info: [0mGET /public/files/albums/postPicture-305de362-6379-47d1-9b4f-6de2c82b0d1e70be77683e0c47de20af8e906d015414229a1af521052024.jpeg [33m404[0m 3.216 ms - 260[0m
2024-05-28 19:50:32 info: [0mGET /notifications/cus_Q4dwKuSE6TC8Hp [32m201[0m 464.990 ms - 2[0m
2024-05-28 19:50:36 info: [0mGET /public/files/albums/postPicture-d2e3bfee-2fe6-4d2a-8c0a-33de9864ee872244870be77683e0c47de20af8e906d01541422902052024.jpeg [33m404[0m 3.042 ms - 260[0m
2024-05-28 19:50:36 info: [0mGET /public/files/albums/postPicture-305de362-6379-47d1-9b4f-6de2c82b0d1e70be77683e0c47de20af8e906d015414229a1af521052024.jpeg [33m404[0m 3.453 ms - 260[0m
2024-05-28 19:50:36 info: [0mGET /public/files/albums/postPicture-c92d0bca-1efe-499b-8343-dec4106c4be668c492244870be77683e0c47de20af8e906d015437052024.jpeg [33m404[0m 0.729 ms - 260[0m
2024-05-28 19:50:36 info: [0mGET /public/files/albums/postPicture-3766fae8-5939-4c64-aa8c-9340fa372a1a68c492244870be77683e0c47de20af8e906d015437052024.jpeg [33m404[0m 1.231 ms - 260[0m
2024-05-28 19:50:36 info: [0mGET /public/files/albums/postPicture-c92d0bca-1efe-499b-8343-dec4106c4be668c492244870be77683e0c47de20af8e906d015437052024.jpeg [33m404[0m 3.366 ms - 260[0m
2024-05-28 19:50:36 info: [0mGET /public/files/albums/postPicture-fc897111-8add-4354-b120-cfe7a2ab0d4768c492244870be77683e0c47de20af8e906d015437052024.jpeg [33m404[0m 0.490 ms - 260[0m
2024-05-28 19:50:37 info: [0mGET /public/files/albums/postPicture-d2e3bfee-2fe6-4d2a-8c0a-33de9864ee872244870be77683e0c47de20af8e906d01541422902052024.jpeg [33m404[0m 3.408 ms - 260[0m
2024-05-28 19:50:37 info: [0mGET /public/files/albums/postPicture-305de362-6379-47d1-9b4f-6de2c82b0d1e70be77683e0c47de20af8e906d015414229a1af521052024.jpeg [33m404[0m 3.072 ms - 260[0m
2024-05-28 19:50:37 info: [0mGET /albums/plan/068c492244870be77683e0c47de20af8e906d015 [32m200[0m 465.046 ms - 66[0m
2024-05-28 19:50:37 info: [0mGET /users/verify/checkForSubscription/cus_Q4dwKuSE6TC8Hp [32m200[0m 894.597 ms - 4[0m
2024-05-28 19:50:38 info: [0mGET /users/verify/checkForSale/cus_Q4dwKuSE6TC8Hp/068c492244870be77683e0c47de20af8e906d015/vip [32m200[0m 900.027 ms - 4[0m
2024-05-28 19:50:38 info: [0mGET /albums/seller/cus_Q2oW1HioRc0q03 [32m201[0m 449.218 ms - -[0m
2024-05-28 19:50:38 info: [0mGET /public/files/albums/postPicture-c92d0bca-1efe-499b-8343-dec4106c4be668c492244870be77683e0c47de20af8e906d015437052024.jpeg [33m404[0m 1.904 ms - 260[0m
2024-05-28 19:50:38 info: [0mGET /public/files/albums/postPicture-fc897111-8add-4354-b120-cfe7a2ab0d4768c492244870be77683e0c47de20af8e906d015437052024.jpeg [33m404[0m 0.887 ms - 260[0m
2024-05-28 19:50:39 info: [0mGET /public/files/albums/postPicture-d2e3bfee-2fe6-4d2a-8c0a-33de9864ee872244870be77683e0c47de20af8e906d01541422902052024.jpeg [33m404[0m 1.317 ms - 260[0m
2024-05-28 19:50:39 info: [0mGET /public/files/albums/postPicture-305de362-6379-47d1-9b4f-6de2c82b0d1e70be77683e0c47de20af8e906d015414229a1af521052024.jpeg [33m404[0m 1.391 ms - 260[0m
2024-05-28 19:50:39 info: [0mGET /users/verify/checkForSubscription/cus_Q4dwKuSE6TC8Hp [32m200[0m 873.030 ms - 4[0m
2024-05-28 19:50:43 info: [0mGET /public/files/albums/postPicture-fc897111-8add-4354-b120-cfe7a2ab0d4768c492244870be77683e0c47de20af8e906d015437052024.jpeg [33m404[0m 2.263 ms - 260[0m
2024-05-28 19:50:43 info: [0mGET /public/files/albums/postPicture-c92d0bca-1efe-499b-8343-dec4106c4be668c492244870be77683e0c47de20af8e906d015437052024.jpeg [33m404[0m 1.611 ms - 260[0m
2024-05-28 19:50:44 info: [0mGET /public/files/albums/postPicture-d2e3bfee-2fe6-4d2a-8c0a-33de9864ee872244870be77683e0c47de20af8e906d01541422902052024.jpeg [33m404[0m 2.712 ms - 260[0m
2024-05-28 19:50:44 info: [0mGET /public/files/albums/postPicture-c92d0bca-1efe-499b-8343-dec4106c4be668c492244870be77683e0c47de20af8e906d015437052024.jpeg [33m404[0m 2.529 ms - 260[0m
2024-05-28 19:50:44 info: [0mGET /public/files/albums/postPicture-305de362-6379-47d1-9b4f-6de2c82b0d1e70be77683e0c47de20af8e906d015414229a1af521052024.jpeg [33m404[0m 1.670 ms - 260[0m
2024-05-28 19:51:56 info: =================================
2024-05-28 19:51:56 info: ======= ENV: development =======
2024-05-28 19:51:56 info: 🚀 App listening on the port 8000
2024-05-28 19:51:56 info: =================================
2024-05-28 19:52:15 info: [0mGET /users/cus_Q4dwKuSE6TC8Hp [32m200[0m 1010.525 ms - 236[0m
2024-05-28 19:52:16 info: [0mGET /albums/random/0/cus_Q4dwKuSE6TC8Hp [32m201[0m 581.122 ms - 2[0m
2024-05-28 19:52:17 info: [0mGET /albums/all-categories [32m201[0m 900.823 ms - 72[0m
2024-05-28 19:52:17 info: [0mGET /albums/popular/cus_Q4dwKuSE6TC8Hp [32m201[0m 893.199 ms - -[0m
2024-05-28 19:52:17 info: [0mGET /albums/cus_Q4dwKuSE6TC8Hp [32m201[0m 865.772 ms - -[0m
2024-05-28 19:53:42 info: =================================
2024-05-28 19:53:42 info: ======= ENV: development =======
2024-05-28 19:53:42 info: 🚀 App listening on the port 8000
2024-05-28 19:53:42 info: =================================
2024-05-28 19:53:45 info: =================================
2024-05-28 19:53:45 info: ======= ENV: development =======
2024-05-28 19:53:45 info: 🚀 App listening on the port 8000
2024-05-28 19:53:45 info: =================================
2024-05-28 19:53:58 error: [GET] /users/cus_Q4dwKuSE6TC8Hp >> StatusCode:: 401, Message:: missing token
2024-05-28 19:53:58 info: [0mGET /users/cus_Q4dwKuSE6TC8Hp [33m401[0m 29.532 ms - 27[0m
2024-05-28 19:53:59 info: [0mPOST /refresh [32m200[0m 15.725 ms - 248[0m
2024-05-28 19:54:00 info: [0mGET /users/cus_Q4dwKuSE6TC8Hp [32m200[0m 859.241 ms - 236[0m
2024-05-28 19:54:01 info: [0mGET /albums/random/0/cus_Q4dwKuSE6TC8Hp [32m201[0m 520.386 ms - -[0m
2024-05-28 19:54:01 info: [0mGET /albums/popular/cus_Q4dwKuSE6TC8Hp [32m201[0m 925.502 ms - -[0m
2024-05-28 19:54:01 info: [0mGET /albums/all-categories [32m201[0m 947.387 ms - 72[0m
2024-05-28 19:54:01 info: [0mGET /albums/cus_Q4dwKuSE6TC8Hp [32m201[0m 954.564 ms - -[0m
2024-05-28 19:54:34 info: =================================
2024-05-28 19:54:34 info: ======= ENV: development =======
2024-05-28 19:54:34 info: 🚀 App listening on the port 8000
2024-05-28 19:54:34 info: =================================
2024-05-28 19:54:47 info: [0mGET /users/cus_Q4dwKuSE6TC8Hp [32m200[0m 983.681 ms - 236[0m
2024-05-28 19:54:49 info: [0mGET /albums/random/0/cus_Q4dwKuSE6TC8Hp [32m201[0m 544.798 ms - -[0m
2024-05-28 19:54:49 info: [0mGET /albums/popular/cus_Q4dwKuSE6TC8Hp [32m201[0m 900.131 ms - -[0m
2024-05-28 19:54:49 info: [0mGET /albums/all-categories [32m201[0m 876.327 ms - 72[0m
2024-05-28 19:54:49 info: [0mGET /albums/cus_Q4dwKuSE6TC8Hp [32m201[0m 890.726 ms - -[0m
2024-05-28 19:54:49 info: [0mGET /public/files/albums/postPicture-305de362-6379-47d1-9b4f-6de2c82b0d1e70be77683e0c47de20af8e906d015414229a1af521052024.jpeg [33m404[0m 7.224 ms - 260[0m
2024-05-28 19:54:49 info: [0mGET /public/files/albums/postPicture-c92d0bca-1efe-499b-8343-dec4106c4be668c492244870be77683e0c47de20af8e906d015437052024.jpeg [33m404[0m 0.848 ms - 260[0m
2024-05-28 19:54:49 info: [0mGET /public/files/albums/postPicture-d2e3bfee-2fe6-4d2a-8c0a-33de9864ee872244870be77683e0c47de20af8e906d01541422902052024.jpeg [33m404[0m 1.553 ms - 260[0m
2024-05-28 19:55:14 info: =================================
2024-05-28 19:55:14 info: ======= ENV: development =======
2024-05-28 19:55:14 info: 🚀 App listening on the port 8000
2024-05-28 19:55:14 info: =================================
2024-05-28 19:55:27 info: [0mGET /users/cus_Q4dwKuSE6TC8Hp [32m200[0m 971.106 ms - 236[0m
2024-05-28 19:55:28 info: [0mGET /albums/random/0/cus_Q4dwKuSE6TC8Hp [32m201[0m 577.123 ms - 2[0m
2024-05-28 19:55:28 info: [0mGET /albums/all-categories [32m201[0m 852.624 ms - 72[0m
2024-05-28 19:55:28 info: [0mGET /albums/popular/cus_Q4dwKuSE6TC8Hp [32m201[0m 821.312 ms - -[0m
2024-05-28 19:55:28 info: [0mGET /albums/cus_Q4dwKuSE6TC8Hp [32m201[0m 852.651 ms - -[0m
2024-05-28 20:00:02 info: =================================
2024-05-28 20:00:02 info: ======= ENV: development =======
2024-05-28 20:00:02 info: 🚀 App listening on the port 8000
2024-05-28 20:00:02 info: =================================
2024-05-28 20:00:30 info: [0mGET /users/cus_Q4dwKuSE6TC8Hp [32m200[0m 1058.192 ms - 236[0m
2024-05-28 20:00:31 info: [0mGET /albums/random/0/cus_Q4dwKuSE6TC8Hp [32m201[0m 636.643 ms - -[0m
2024-05-28 20:00:32 info: [0mGET /albums/all-categories [32m201[0m 941.759 ms - 72[0m
2024-05-28 20:00:32 info: [0mGET /albums/cus_Q4dwKuSE6TC8Hp [32m201[0m 922.397 ms - -[0m
2024-05-28 20:00:32 info: [0mGET /public/files/albums/postPicture-c92d0bca-1efe-499b-8343-dec4106c4be668c492244870be77683e0c47de20af8e906d015437052024.jpeg [33m404[0m 7.317 ms - 260[0m
2024-05-28 20:00:32 info: [0mGET /albums/popular/cus_Q4dwKuSE6TC8Hp [32m201[0m 973.112 ms - -[0m
2024-05-28 20:00:32 info: [0mGET /public/files/albums/postPicture-305de362-6379-47d1-9b4f-6de2c82b0d1e70be77683e0c47de20af8e906d015414229a1af521052024.jpeg [33m404[0m 18.646 ms - 260[0m
2024-05-28 20:00:32 info: [0mGET /public/files/albums/postPicture-d2e3bfee-2fe6-4d2a-8c0a-33de9864ee872244870be77683e0c47de20af8e906d01541422902052024.jpeg [33m404[0m 16.137 ms - 260[0m
2024-05-28 20:10:22 info: =================================
2024-05-28 20:10:22 info: ======= ENV: development =======
2024-05-28 20:10:22 info: 🚀 App listening on the port 8000
2024-05-28 20:10:22 info: =================================
2024-05-28 20:10:31 info: [0mGET /users/cus_Q4dwKuSE6TC8Hp [32m200[0m 1022.812 ms - 236[0m
2024-05-28 20:10:33 info: [0mGET /albums/random/0/cus_Q4dwKuSE6TC8Hp [32m201[0m 595.796 ms - -[0m
2024-05-28 20:10:33 info: [0mGET /albums/all-categories [32m201[0m 852.272 ms - 72[0m
2024-05-28 20:10:33 info: [0mGET /albums/cus_Q4dwKuSE6TC8Hp [32m201[0m 920.939 ms - -[0m
2024-05-28 20:10:33 info: [0mGET /public/files/albums/postPicture-c92d0bca-1efe-499b-8343-dec4106c4be668c492244870be77683e0c47de20af8e906d015437052024.jpeg [33m404[0m 5.470 ms - 260[0m
2024-05-28 20:10:33 info: [0mGET /albums/popular/cus_Q4dwKuSE6TC8Hp [32m201[0m 979.536 ms - -[0m
2024-05-28 20:10:33 info: [0mGET /public/files/albums/postPicture-d2e3bfee-2fe6-4d2a-8c0a-33de9864ee872244870be77683e0c47de20af8e906d01541422902052024.jpeg [33m404[0m 6.016 ms - 260[0m
2024-05-28 20:10:33 info: [0mGET /public/files/albums/postPicture-305de362-6379-47d1-9b4f-6de2c82b0d1e70be77683e0c47de20af8e906d015414229a1af521052024.jpeg [33m404[0m 6.832 ms - 260[0m
2024-05-28 20:12:43 info: [0mGET /public/files/albums/postPicture-d2e3bfee-2fe6-4d2a-8c0a-33de9864ee872244870be77683e0c47de20af8e906d01541422902052024.jpeg [33m404[0m 3.847 ms - 260[0m
2024-05-28 20:12:43 info: [0mGET /public/files/albums/postPicture-c92d0bca-1efe-499b-8343-dec4106c4be668c492244870be77683e0c47de20af8e906d015437052024.jpeg [33m404[0m 9.872 ms - 260[0m
2024-05-28 20:12:43 info: [0mGET /public/files/albums/postPicture-305de362-6379-47d1-9b4f-6de2c82b0d1e70be77683e0c47de20af8e906d015414229a1af521052024.jpeg [33m404[0m 2.479 ms - 260[0m
2024-05-28 20:12:57 info: [0mGET /public/files/albums/postPicture-305de362-6379-47d1-9b4f-6de2c82b0d1e70be77683e0c47de20af8e906d015414229a1af521052024.jpeg [33m404[0m 3.324 ms - 260[0m
2024-05-28 20:12:57 info: [0mGET /public/files/albums/postPicture-c92d0bca-1efe-499b-8343-dec4106c4be668c492244870be77683e0c47de20af8e906d015437052024.jpeg [33m404[0m 4.035 ms - 260[0m
2024-05-28 20:12:57 info: [0mGET /public/files/albums/postPicture-d2e3bfee-2fe6-4d2a-8c0a-33de9864ee872244870be77683e0c47de20af8e906d01541422902052024.jpeg [33m404[0m 4.527 ms - 260[0m
2024-05-28 20:13:07 info: [0mGET /users/cus_Q4dwKuSE6TC8Hp [32m200[0m 924.567 ms - 236[0m
2024-05-28 20:13:08 info: [0mGET /albums/random/0/cus_Q4dwKuSE6TC8Hp [32m201[0m 556.385 ms - -[0m
2024-05-28 20:13:08 info: [0mGET /albums/all-categories [32m201[0m 875.896 ms - 72[0m
2024-05-28 20:13:08 info: [0mGET /albums/cus_Q4dwKuSE6TC8Hp [32m201[0m 869.184 ms - -[0m
2024-05-28 20:13:08 info: [0mGET /albums/popular/cus_Q4dwKuSE6TC8Hp [32m201[0m 940.632 ms - -[0m
2024-05-28 20:13:08 info: [0mGET /public/files/albums/postPicture-d2e3bfee-2fe6-4d2a-8c0a-33de9864ee872244870be77683e0c47de20af8e906d01541422902052024.jpeg [33m404[0m 0.561 ms - 260[0m
2024-05-28 20:13:08 info: [0mGET /public/files/albums/postPicture-305de362-6379-47d1-9b4f-6de2c82b0d1e70be77683e0c47de20af8e906d015414229a1af521052024.jpeg [33m404[0m 0.646 ms - 260[0m
2024-05-28 20:13:08 info: [0mGET /public/files/albums/postPicture-c92d0bca-1efe-499b-8343-dec4106c4be668c492244870be77683e0c47de20af8e906d015437052024.jpeg [33m404[0m 0.620 ms - 260[0m
2024-05-28 20:13:52 info: [0mGET /public/files/albums/postPicture-c92d0bca-1efe-499b-8343-dec4106c4be668c492244870be77683e0c47de20af8e906d015437052024.jpeg [33m404[0m 13.695 ms - 260[0m
2024-05-28 20:13:52 info: [0mGET /public/files/albums/postPicture-305de362-6379-47d1-9b4f-6de2c82b0d1e70be77683e0c47de20af8e906d015414229a1af521052024.jpeg [33m404[0m 1.581 ms - 260[0m
2024-05-28 20:13:52 info: [0mGET /public/files/albums/postPicture-d2e3bfee-2fe6-4d2a-8c0a-33de9864ee872244870be77683e0c47de20af8e906d01541422902052024.jpeg [33m404[0m 1.616 ms - 260[0m
2024-05-28 20:14:02 info: [0mGET /users/cus_Q4dwKuSE6TC8Hp [32m200[0m 909.854 ms - 236[0m
2024-05-28 20:14:03 info: [0mGET /albums/random/0/cus_Q4dwKuSE6TC8Hp [32m201[0m 623.235 ms - -[0m
2024-05-28 20:14:03 info: [0mGET /albums/cus_Q4dwKuSE6TC8Hp [32m201[0m 871.572 ms - -[0m
2024-05-28 20:14:03 info: [0mGET /albums/all-categories [32m201[0m 877.135 ms - 72[0m
2024-05-28 20:14:03 info: [0mGET /albums/popular/cus_Q4dwKuSE6TC8Hp [32m201[0m 947.493 ms - -[0m
2024-05-28 20:14:03 info: [0mGET /public/files/albums/postPicture-305de362-6379-47d1-9b4f-6de2c82b0d1e70be77683e0c47de20af8e906d015414229a1af521052024.jpeg [33m404[0m 1.451 ms - 260[0m
2024-05-28 20:14:03 info: [0mGET /public/files/albums/postPicture-c92d0bca-1efe-499b-8343-dec4106c4be668c492244870be77683e0c47de20af8e906d015437052024.jpeg [33m404[0m 2.011 ms - 260[0m
2024-05-28 20:14:03 info: [0mGET /public/files/albums/postPicture-d2e3bfee-2fe6-4d2a-8c0a-33de9864ee872244870be77683e0c47de20af8e906d01541422902052024.jpeg [33m404[0m 4.879 ms - 260[0m
2024-05-28 20:14:26 info: [0mGET /public/files/albums/postPicture-d2e3bfee-2fe6-4d2a-8c0a-33de9864ee872244870be77683e0c47de20af8e906d01541422902052024.jpeg [33m404[0m 2.292 ms - 260[0m
2024-05-28 20:14:27 info: [0mGET /public/files/albums/postPicture-c92d0bca-1efe-499b-8343-dec4106c4be668c492244870be77683e0c47de20af8e906d015437052024.jpeg [33m404[0m 1.725 ms - 260[0m
2024-05-28 20:14:27 info: [0mGET /public/files/albums/postPicture-305de362-6379-47d1-9b4f-6de2c82b0d1e70be77683e0c47de20af8e906d015414229a1af521052024.jpeg [33m404[0m 0.526 ms - 260[0m
2024-05-28 20:14:36 info: [0mGET /users/cus_Q4dwKuSE6TC8Hp [32m200[0m 873.382 ms - 236[0m
2024-05-28 20:14:36 info: [0mGET /albums/random/0/cus_Q4dwKuSE6TC8Hp [32m201[0m 447.025 ms - -[0m
2024-05-28 20:14:37 info: [0mGET /public/files/albums/postPicture-d2e3bfee-2fe6-4d2a-8c0a-33de9864ee872244870be77683e0c47de20af8e906d01541422902052024.jpeg [33m404[0m 5.036 ms - 260[0m
2024-05-28 20:14:37 info: [0mGET /public/files/albums/postPicture-c92d0bca-1efe-499b-8343-dec4106c4be668c492244870be77683e0c47de20af8e906d015437052024.jpeg [33m404[0m 4.430 ms - 260[0m
2024-05-28 20:14:37 info: [0mGET /public/files/albums/postPicture-305de362-6379-47d1-9b4f-6de2c82b0d1e70be77683e0c47de20af8e906d015414229a1af521052024.jpeg [33m404[0m 3.909 ms - 260[0m
2024-05-28 20:14:37 info: [0mGET /albums/all-categories [32m201[0m 859.798 ms - 72[0m
2024-05-28 20:14:37 info: [0mGET /albums/cus_Q4dwKuSE6TC8Hp [32m201[0m 876.428 ms - -[0m
2024-05-28 20:14:37 info: [0mGET /albums/popular/cus_Q4dwKuSE6TC8Hp [32m201[0m 938.224 ms - -[0m
2024-05-28 20:15:06 info: [0mGET /public/files/albums/postPicture-c92d0bca-1efe-499b-8343-dec4106c4be668c492244870be77683e0c47de20af8e906d015437052024.jpeg [33m404[0m 2.275 ms - 260[0m
2024-05-28 20:15:06 info: [0mGET /public/files/albums/postPicture-d2e3bfee-2fe6-4d2a-8c0a-33de9864ee872244870be77683e0c47de20af8e906d01541422902052024.jpeg [33m404[0m 7.749 ms - 260[0m
2024-05-28 20:15:06 info: [0mGET /public/files/albums/postPicture-305de362-6379-47d1-9b4f-6de2c82b0d1e70be77683e0c47de20af8e906d015414229a1af521052024.jpeg [33m404[0m 7.471 ms - 260[0m
2024-05-28 20:15:15 info: [0mGET /users/cus_Q4dwKuSE6TC8Hp [32m200[0m 901.801 ms - 236[0m
2024-05-28 20:15:16 info: [0mGET /albums/random/0/cus_Q4dwKuSE6TC8Hp [32m201[0m 468.616 ms - -[0m
2024-05-28 20:15:17 info: [0mGET /public/files/albums/postPicture-d2e3bfee-2fe6-4d2a-8c0a-33de9864ee872244870be77683e0c47de20af8e906d01541422902052024.jpeg [33m404[0m 0.984 ms - 260[0m
2024-05-28 20:15:17 info: [0mGET /albums/all-categories [32m201[0m 878.621 ms - 72[0m
2024-05-28 20:15:17 info: [0mGET /public/files/albums/postPicture-c92d0bca-1efe-499b-8343-dec4106c4be668c492244870be77683e0c47de20af8e906d015437052024.jpeg [33m404[0m 0.472 ms - 260[0m
2024-05-28 20:15:17 info: [0mGET /public/files/albums/postPicture-305de362-6379-47d1-9b4f-6de2c82b0d1e70be77683e0c47de20af8e906d015414229a1af521052024.jpeg [33m404[0m 0.592 ms - 260[0m
2024-05-28 20:15:17 info: [0mGET /albums/cus_Q4dwKuSE6TC8Hp [32m201[0m 889.907 ms - -[0m
2024-05-28 20:15:17 info: [0mGET /albums/popular/cus_Q4dwKuSE6TC8Hp [32m201[0m 889.206 ms - -[0m
2024-05-28 20:15:42 info: [0mGET /public/files/albums/postPicture-d2e3bfee-2fe6-4d2a-8c0a-33de9864ee872244870be77683e0c47de20af8e906d01541422902052024.jpeg [33m404[0m 3.714 ms - 260[0m
2024-05-28 20:15:42 info: [0mGET /public/files/albums/postPicture-305de362-6379-47d1-9b4f-6de2c82b0d1e70be77683e0c47de20af8e906d015414229a1af521052024.jpeg [33m404[0m 2.113 ms - 260[0m
2024-05-28 20:15:42 info: [0mGET /public/files/albums/postPicture-c92d0bca-1efe-499b-8343-dec4106c4be668c492244870be77683e0c47de20af8e906d015437052024.jpeg [33m404[0m 2.934 ms - 260[0m
2024-05-28 20:15:51 info: [0mGET /users/cus_Q4dwKuSE6TC8Hp [32m200[0m 880.738 ms - 236[0m
2024-05-28 20:15:52 info: [0mGET /albums/random/0/cus_Q4dwKuSE6TC8Hp [32m201[0m 478.040 ms - -[0m
2024-05-28 20:15:52 info: [0mGET /public/files/albums/postPicture-d2e3bfee-2fe6-4d2a-8c0a-33de9864ee872244870be77683e0c47de20af8e906d01541422902052024.jpeg [33m404[0m 1.212 ms - 260[0m
2024-05-28 20:15:53 info: [0mGET /albums/popular/cus_Q4dwKuSE6TC8Hp [32m201[0m 900.440 ms - -[0m
2024-05-28 20:15:53 info: [0mGET /albums/cus_Q4dwKuSE6TC8Hp [32m201[0m 855.679 ms - -[0m
2024-05-28 20:15:53 info: [0mGET /albums/all-categories [32m201[0m 868.392 ms - 72[0m
2024-05-28 20:15:53 info: [0mGET /public/files/albums/postPicture-305de362-6379-47d1-9b4f-6de2c82b0d1e70be77683e0c47de20af8e906d015414229a1af521052024.jpeg [33m404[0m 1.940 ms - 260[0m
2024-05-28 20:15:53 info: [0mGET /public/files/albums/postPicture-c92d0bca-1efe-499b-8343-dec4106c4be668c492244870be77683e0c47de20af8e906d015437052024.jpeg [33m404[0m 2.067 ms - 260[0m
2024-05-28 20:16:50 info: [0mGET /public/files/albums/postPicture-c92d0bca-1efe-499b-8343-dec4106c4be668c492244870be77683e0c47de20af8e906d015437052024.jpeg [33m404[0m 6.678 ms - 260[0m
2024-05-28 20:16:50 info: [0mGET /public/files/albums/postPicture-305de362-6379-47d1-9b4f-6de2c82b0d1e70be77683e0c47de20af8e906d015414229a1af521052024.jpeg [33m404[0m 0.763 ms - 260[0m
2024-05-28 20:16:50 info: [0mGET /public/files/albums/postPicture-d2e3bfee-2fe6-4d2a-8c0a-33de9864ee872244870be77683e0c47de20af8e906d01541422902052024.jpeg [33m404[0m 0.896 ms - 260[0m
2024-05-28 20:17:01 info: [0mGET /users/cus_Q4dwKuSE6TC8Hp [32m200[0m 877.734 ms - 236[0m
2024-05-28 20:17:02 info: [0mGET /albums/random/0/cus_Q4dwKuSE6TC8Hp [32m201[0m 422.692 ms - -[0m
2024-05-28 20:17:03 info: [0mGET /albums/cus_Q4dwKuSE6TC8Hp [32m201[0m 847.610 ms - -[0m
2024-05-28 20:17:03 info: [0mGET /public/files/albums/postPicture-305de362-6379-47d1-9b4f-6de2c82b0d1e70be77683e0c47de20af8e906d015414229a1af521052024.jpeg [33m404[0m 2.988 ms - 260[0m
2024-05-28 20:17:03 info: [0mGET /public/files/albums/postPicture-c92d0bca-1efe-499b-8343-dec4106c4be668c492244870be77683e0c47de20af8e906d015437052024.jpeg [33m404[0m 0.844 ms - 260[0m
2024-05-28 20:17:03 info: [0mGET /public/files/albums/postPicture-d2e3bfee-2fe6-4d2a-8c0a-33de9864ee872244870be77683e0c47de20af8e906d01541422902052024.jpeg [33m404[0m 0.767 ms - 260[0m
2024-05-28 20:17:03 info: [0mGET /albums/popular/cus_Q4dwKuSE6TC8Hp [32m201[0m 850.630 ms - -[0m
2024-05-28 20:17:03 info: [0mGET /albums/all-categories [32m201[0m 866.534 ms - 72[0m
2024-05-28 20:17:13 info: [0mGET /public/files/albums/postPicture-305de362-6379-47d1-9b4f-6de2c82b0d1e70be77683e0c47de20af8e906d015414229a1af521052024.jpeg [33m404[0m 4.115 ms - 260[0m
2024-05-28 20:17:13 info: [0mGET /public/files/albums/postPicture-c92d0bca-1efe-499b-8343-dec4106c4be668c492244870be77683e0c47de20af8e906d015437052024.jpeg [33m404[0m 4.538 ms - 260[0m
2024-05-28 20:17:13 info: [0mGET /public/files/albums/postPicture-d2e3bfee-2fe6-4d2a-8c0a-33de9864ee872244870be77683e0c47de20af8e906d01541422902052024.jpeg [33m404[0m 2.406 ms - 260[0m
2024-05-28 20:17:31 info: [0mGET /public/files/albums/postPicture-c92d0bca-1efe-499b-8343-dec4106c4be668c492244870be77683e0c47de20af8e906d015437052024.jpeg [33m404[0m 10.273 ms - 260[0m
2024-05-28 20:17:31 info: [0mGET /public/files/albums/postPicture-d2e3bfee-2fe6-4d2a-8c0a-33de9864ee872244870be77683e0c47de20af8e906d01541422902052024.jpeg [33m404[0m 12.321 ms - 260[0m
2024-05-28 20:17:31 info: [0mGET /public/files/albums/postPicture-305de362-6379-47d1-9b4f-6de2c82b0d1e70be77683e0c47de20af8e906d015414229a1af521052024.jpeg [33m404[0m 11.737 ms - 260[0m
2024-05-28 20:17:41 info: [0mGET /users/cus_Q4dwKuSE6TC8Hp [32m200[0m 861.313 ms - 236[0m
2024-05-28 20:17:42 info: [0mGET /albums/random/0/cus_Q4dwKuSE6TC8Hp [32m201[0m 439.813 ms - -[0m
2024-05-28 20:17:43 info: [0mGET /public/files/albums/postPicture-305de362-6379-47d1-9b4f-6de2c82b0d1e70be77683e0c47de20af8e906d015414229a1af521052024.jpeg [33m404[0m 1.308 ms - 260[0m
2024-05-28 20:17:43 info: [0mGET /albums/popular/cus_Q4dwKuSE6TC8Hp [32m201[0m 874.367 ms - -[0m
2024-05-28 20:17:43 info: [0mGET /public/files/albums/postPicture-d2e3bfee-2fe6-4d2a-8c0a-33de9864ee872244870be77683e0c47de20af8e906d01541422902052024.jpeg [33m404[0m 1.968 ms - 260[0m
2024-05-28 20:17:43 info: [0mGET /public/files/albums/postPicture-c92d0bca-1efe-499b-8343-dec4106c4be668c492244870be77683e0c47de20af8e906d015437052024.jpeg [33m404[0m 1.839 ms - 260[0m
2024-05-28 20:17:43 info: [0mGET /albums/cus_Q4dwKuSE6TC8Hp [32m201[0m 851.395 ms - -[0m
2024-05-28 20:17:43 info: [0mGET /albums/all-categories [32m201[0m 875.997 ms - 72[0m
2024-05-28 20:19:04 info: [0mGET /public/files/albums/postPicture-305de362-6379-47d1-9b4f-6de2c82b0d1e70be77683e0c47de20af8e906d015414229a1af521052024.jpeg [33m404[0m 4.872 ms - 260[0m
2024-05-28 20:19:04 info: [0mGET /public/files/albums/postPicture-c92d0bca-1efe-499b-8343-dec4106c4be668c492244870be77683e0c47de20af8e906d015437052024.jpeg [33m404[0m 1.485 ms - 260[0m
2024-05-28 20:19:04 info: [0mGET /public/files/albums/postPicture-d2e3bfee-2fe6-4d2a-8c0a-33de9864ee872244870be77683e0c47de20af8e906d01541422902052024.jpeg [33m404[0m 0.579 ms - 260[0m
2024-05-28 20:19:10 info: [0mGET /public/files/albums/postPicture-305de362-6379-47d1-9b4f-6de2c82b0d1e70be77683e0c47de20af8e906d015414229a1af521052024.jpeg [33m404[0m 5.404 ms - 260[0m
2024-05-28 20:19:10 info: [0mGET /public/files/albums/postPicture-d2e3bfee-2fe6-4d2a-8c0a-33de9864ee872244870be77683e0c47de20af8e906d01541422902052024.jpeg [33m404[0m 6.847 ms - 260[0m
2024-05-28 20:19:10 info: [0mGET /public/files/albums/postPicture-c92d0bca-1efe-499b-8343-dec4106c4be668c492244870be77683e0c47de20af8e906d015437052024.jpeg [33m404[0m 6.912 ms - 260[0m
2024-05-28 20:19:19 info: [0mGET /users/cus_Q4dwKuSE6TC8Hp [32m200[0m 905.810 ms - 236[0m
2024-05-28 20:19:20 info: [0mGET /albums/random/0/cus_Q4dwKuSE6TC8Hp [32m201[0m 433.479 ms - -[0m
2024-05-28 20:19:20 info: [0mGET /albums/popular/cus_Q4dwKuSE6TC8Hp [32m201[0m 834.909 ms - -[0m
2024-05-28 20:19:20 info: [0mGET /public/files/albums/postPicture-d2e3bfee-2fe6-4d2a-8c0a-33de9864ee872244870be77683e0c47de20af8e906d01541422902052024.jpeg [33m404[0m 2.234 ms - 260[0m
2024-05-28 20:19:20 info: [0mGET /public/files/albums/postPicture-c92d0bca-1efe-499b-8343-dec4106c4be668c492244870be77683e0c47de20af8e906d015437052024.jpeg [33m404[0m 2.817 ms - 260[0m
2024-05-28 20:19:20 info: [0mGET /public/files/albums/postPicture-305de362-6379-47d1-9b4f-6de2c82b0d1e70be77683e0c47de20af8e906d015414229a1af521052024.jpeg [33m404[0m 3.301 ms - 260[0m
2024-05-28 20:19:21 info: [0mGET /albums/cus_Q4dwKuSE6TC8Hp [32m201[0m 849.666 ms - -[0m
2024-05-28 20:19:21 info: [0mGET /albums/all-categories [32m201[0m 872.196 ms - 72[0m
2024-05-28 20:19:29 info: [0mGET /public/files/albums/postPicture-c92d0bca-1efe-499b-8343-dec4106c4be668c492244870be77683e0c47de20af8e906d015437052024.jpeg [33m404[0m 4.335 ms - 260[0m
2024-05-28 20:19:29 info: [0mGET /public/files/albums/postPicture-305de362-6379-47d1-9b4f-6de2c82b0d1e70be77683e0c47de20af8e906d015414229a1af521052024.jpeg [33m404[0m 4.505 ms - 260[0m
2024-05-28 20:19:29 info: [0mGET /public/files/albums/postPicture-d2e3bfee-2fe6-4d2a-8c0a-33de9864ee872244870be77683e0c47de20af8e906d01541422902052024.jpeg [33m404[0m 3.758 ms - 260[0m
2024-05-28 20:19:38 info: [0mGET /users/cus_Q4dwKuSE6TC8Hp [32m200[0m 835.377 ms - 236[0m
2024-05-28 20:19:39 info: [0mGET /albums/random/0/cus_Q4dwKuSE6TC8Hp [32m201[0m 457.860 ms - -[0m
2024-05-28 20:19:39 info: [0mGET /public/files/albums/postPicture-c92d0bca-1efe-499b-8343-dec4106c4be668c492244870be77683e0c47de20af8e906d015437052024.jpeg [33m404[0m 1.224 ms - 260[0m
2024-05-28 20:19:39 info: [0mGET /public/files/albums/postPicture-d2e3bfee-2fe6-4d2a-8c0a-33de9864ee872244870be77683e0c47de20af8e906d01541422902052024.jpeg [33m404[0m 1.498 ms - 260[0m
2024-05-28 20:19:39 info: [0mGET /public/files/albums/postPicture-305de362-6379-47d1-9b4f-6de2c82b0d1e70be77683e0c47de20af8e906d015414229a1af521052024.jpeg [33m404[0m 1.712 ms - 260[0m
2024-05-28 20:19:40 info: [0mGET /albums/all-categories [32m201[0m 879.925 ms - 72[0m
2024-05-28 20:19:40 info: [0mGET /albums/cus_Q4dwKuSE6TC8Hp [32m201[0m 875.142 ms - -[0m
2024-05-28 20:19:40 info: [0mGET /albums/popular/cus_Q4dwKuSE6TC8Hp [32m201[0m 873.475 ms - -[0m
