2024-04-28 11:06:35 info: [0mPOST /login [32m200[0m 1339.234 ms - 625[0m
2024-04-28 11:06:36 info: [0mGET /public/files/avatars/avatarcus_PvTUMZ8OOvcw4N.jpeg [32m200[0m 9.107 ms - 199552[0m
2024-04-28 11:06:37 info: [0mGET /albums/random/0/cus_PvTUMZ8OOvcw4N [32m201[0m 970.898 ms - 2[0m
2024-04-28 11:06:37 info: [0mGET /users/plans/cus_PvTUMZ8OOvcw4N [32m200[0m 1080.124 ms - 145[0m
2024-04-28 11:06:37 info: [0mGET /albums/all-categories [32m201[0m 1138.678 ms - 177[0m
2024-04-28 11:06:37 info: [0mGET /albums/popular/cus_PvTUMZ8OOvcw4N [32m201[0m 1352.318 ms - 19[0m
2024-04-28 11:06:37 info: [0mGET /albums/cus_PvTUMZ8OOvcw4N [32m201[0m 1416.716 ms - -[0m
2024-04-28 11:06:58 info: [0mPOST /login [32m200[0m 1007.530 ms - 528[0m
2024-04-28 11:06:59 info: [0mGET /public/files/avatars/avatarcus_Pvg0MFXb2kst3h.jpeg [32m200[0m 19.624 ms - 71866[0m
2024-04-28 11:06:59 info: [0mGET /albums/random/0/cus_Pvg0MFXb2kst3h [32m201[0m 652.111 ms - -[0m
2024-04-28 11:07:00 info: [0mGET /public/files/albums/postPicture-244c91e8-42de-42e0-84ca-eb988a225215da011fef808e2d88707194a0a76a037ae7e0083a59042024.jpeg [32m200[0m 1.341 ms - 17716[0m
2024-04-28 11:07:00 info: [0mGET /albums/all-categories [32m201[0m 930.115 ms - 177[0m
2024-04-28 11:07:00 info: [0mGET /public/files/albums/postPicture-47670fbe-fed6-4d22-89bf-b0262769654a8e2d88707194a0a76a037ae7e0083a98e490df9133042024.jpeg [32m200[0m 3.439 ms - 77775[0m
2024-04-28 11:07:00 info: [0mGET /public/files/albums/postPicture-4da30437-709e-4454-902b-558a0679c64dc863a3da011fef808e2d88707194a0a76a037ae755042024.jpeg [32m200[0m 1.338 ms - 24278[0m
2024-04-28 11:07:00 info: [0mGET /public/files/albums/postPicture-94557bd3-fd01-4ba8-a7d8-feee7b77e4ed87875a389aa943df15da6a027bf78399267524ea47042024.jpeg [32m200[0m 2.494 ms - 39867[0m
2024-04-28 11:07:00 info: [0mGET /public/files/albums/postPicture-a20d999d-3f50-42b4-97ab-98b512f5f1a6fef808e2d88707194a0a76a037ae7e0083a98e4904042024.jpeg [32m200[0m 2.541 ms - 74607[0m
2024-04-28 11:07:00 info: [0mGET /public/files/albums/postPicture-76ea2d4f-e9b5-4fe7-a1b4-30cdd083fbffb9a0b87875a389aa943df15da6a027bf7839926758042024.jpeg [32m200[0m 2.540 ms - 196384[0m
2024-04-28 11:07:00 info: [0mGET /albums/popular/cus_Pvg0MFXb2kst3h [32m201[0m 1110.030 ms - -[0m
2024-04-28 11:07:00 info: [0mGET /albums/cus_Pvg0MFXb2kst3h [32m201[0m 1172.993 ms - -[0m
2024-04-28 11:07:39 info: [0mGET /users/cus_Pvg0MFXb2kst3h [32m200[0m 895.581 ms - 278[0m
2024-04-28 11:07:40 info: [0mGET /albums/random/0/cus_Pvg0MFXb2kst3h [32m201[0m 588.925 ms - -[0m
2024-04-28 11:07:40 info: [0mGET /albums/all-categories [32m201[0m 856.647 ms - 177[0m
2024-04-28 11:07:40 info: [0mGET /albums/popular/cus_Pvg0MFXb2kst3h [32m201[0m 968.823 ms - -[0m
2024-04-28 11:07:41 info: [0mGET /albums/cus_Pvg0MFXb2kst3h [32m201[0m 1034.329 ms - -[0m
2024-04-28 11:08:22 info: [0mGET /users/cus_Pvg0MFXb2kst3h [32m200[0m 1129.294 ms - 278[0m
2024-04-28 11:08:25 info: [0mGET /albums/random/0/cus_Pvg0MFXb2kst3h [32m201[0m 794.384 ms - -[0m
2024-04-28 11:08:25 info: [0mGET /albums/all-categories [32m201[0m 1115.312 ms - 177[0m
2024-04-28 11:08:25 info: [0mGET /albums/cus_Pvg0MFXb2kst3h [32m201[0m 1172.976 ms - -[0m
2024-04-28 11:08:26 info: [0mGET /albums/popular/cus_Pvg0MFXb2kst3h [32m201[0m 1237.042 ms - -[0m
2024-04-28 11:09:37 info: [0mGET /users/cus_Pvg0MFXb2kst3h [32m200[0m 1043.931 ms - 278[0m
2024-04-28 11:09:38 info: [0mGET /albums/random/0/cus_Pvg0MFXb2kst3h [32m201[0m 453.571 ms - -[0m
2024-04-28 11:09:39 info: [0mGET /albums/all-categories [32m201[0m 897.265 ms - 177[0m
2024-04-28 11:09:39 info: [0mGET /albums/popular/cus_Pvg0MFXb2kst3h [32m201[0m 1010.317 ms - -[0m
2024-04-28 11:09:39 info: [0mGET /albums/cus_Pvg0MFXb2kst3h [32m201[0m 1012.172 ms - -[0m
2024-04-28 11:09:45 info: [0mGET /public/files/albums/postPicture-0dcf5612-0512-49dc-bc40-65ea893e80cb8e2d88707194a0a76a037ae7e0083a98e490df9133042024.jpeg [32m200[0m 11.289 ms - 61310[0m
2024-04-28 11:09:45 info: [0mGET /public/files/albums/postPicture-1521cffe-b5d9-43f8-8872-6896da8622ba8e2d88707194a0a76a037ae7e0083a98e490df9133042024.jpeg [32m200[0m 6.130 ms - 81383[0m
2024-04-28 11:09:46 info: [0mGET /albums/plan/08e2d88707194a0a76a037ae7e0083a98e490df9 [32m200[0m 514.104 ms - 69[0m
2024-04-28 11:09:47 info: [0mGET /users/verify/checkForSale/cus_Pvg0MFXb2kst3h/08e2d88707194a0a76a037ae7e0083a98e490df9/standard [32m200[0m 954.449 ms - 4[0m
2024-04-28 11:10:00 info: [0mGET /public/files/albums/postPicture-50c7e759-3796-41fe-9c76-f97edc029e42da011fef808e2d88707194a0a76a037ae7e0083a59042024.jpeg [32m200[0m 9.440 ms - 23444[0m
2024-04-28 11:10:00 info: [0mGET /public/files/albums/postPicture-a20d999d-3f50-42b4-97ab-98b512f5f1a6da011fef808e2d88707194a0a76a037ae7e0083a59042024.jpeg [32m200[0m 3.073 ms - 74607[0m
2024-04-28 11:10:00 info: [0mGET /albums/plan/3da011fef808e2d88707194a0a76a037ae7e0083 [32m200[0m 461.041 ms - 69[0m
2024-04-28 11:10:01 info: [0mGET /users/verify/checkForSale/cus_Pvg0MFXb2kst3h/3da011fef808e2d88707194a0a76a037ae7e0083/standard [32m200[0m 934.471 ms - 4[0m
2024-04-28 11:10:06 info: [0mGET /public/files/albums/postPicture-c51abb45-13cf-458c-876c-598bde1ac0fbb9a0b87875a389aa943df15da6a027bf7839926758042024.jpeg [32m200[0m 6.535 ms - 46228[0m
2024-04-28 11:10:06 info: [0mGET /public/files/albums/postPicture-93349f0d-5abb-46e2-b799-c1c286cd4de7b9a0b87875a389aa943df15da6a027bf7839926758042024.jpeg [32m200[0m 5.373 ms - 42593[0m
2024-04-28 11:10:07 info: [0mGET /albums/plan/7b9a0b87875a389aa943df15da6a027bf7839926 [32m200[0m 459.944 ms - 69[0m
2024-04-28 11:10:08 info: [0mGET /users/verify/checkForSale/cus_Pvg0MFXb2kst3h/7b9a0b87875a389aa943df15da6a027bf7839926/standard [32m200[0m 941.426 ms - 4[0m
2024-04-28 11:11:15 info: [0mGET /users/cus_Pvg0MFXb2kst3h [32m200[0m 956.006 ms - 278[0m
2024-04-28 11:11:16 info: [0mGET /albums/random/0/cus_Pvg0MFXb2kst3h [32m201[0m 458.415 ms - -[0m
2024-04-28 11:11:17 info: [0mGET /albums/all-categories [32m201[0m 873.318 ms - 177[0m
2024-04-28 11:11:17 info: [0mGET /albums/cus_Pvg0MFXb2kst3h [32m201[0m 871.167 ms - -[0m
2024-04-28 11:11:17 info: [0mGET /albums/popular/cus_Pvg0MFXb2kst3h [32m201[0m 962.201 ms - -[0m
2024-04-28 11:11:21 info: [0mGET /public/files/albums/postPicture-bbfb306c-07a4-4f17-8217-63ff61de29b0a389aa943df15da6a027bf78399267524eafd33647042024.jpeg [32m200[0m 9.795 ms - 67255[0m
2024-04-28 11:11:24 info: [0mGET /albums/plan/7b9a0b87875a389aa943df15da6a027bf7839926 [32m200[0m 440.610 ms - 69[0m
2024-04-28 11:11:25 info: [0mGET /users/verify/checkForSale/cus_Pvg0MFXb2kst3h/7b9a0b87875a389aa943df15da6a027bf7839926/standard [32m200[0m 928.480 ms - 4[0m
2024-04-28 11:11:27 info: [0mGET /albums/seller/cus_PvTUMZ8OOvcw4N [32m201[0m 632.251 ms - -[0m
2024-04-28 11:11:32 info: [0mGET /public/files/albums/postPicture-50c7e759-3796-41fe-9c76-f97edc029e42fef808e2d88707194a0a76a037ae7e0083a98e4904042024.jpeg [32m200[0m 4.053 ms - 23444[0m
2024-04-28 11:11:32 info: [0mGET /public/files/albums/postPicture-244c91e8-42de-42e0-84ca-eb988a225215fef808e2d88707194a0a76a037ae7e0083a98e4904042024.jpeg [32m200[0m 1.774 ms - 17716[0m
2024-04-28 11:12:57 error: [GET] /users/cus_Pvg0MFXb2kst3h >> StatusCode:: 401, Message:: missing token
2024-04-28 11:12:57 info: [0mGET /users/cus_Pvg0MFXb2kst3h [33m401[0m 104.117 ms - 27[0m
2024-04-28 11:12:57 info: [0mPOST /refresh [32m200[0m 15.079 ms - 248[0m
2024-04-28 11:12:58 info: [0mGET /users/cus_Pvg0MFXb2kst3h [32m200[0m 841.169 ms - 278[0m
2024-04-28 11:12:59 info: [0mGET /albums/random/0/cus_Pvg0MFXb2kst3h [32m201[0m 589.148 ms - -[0m
2024-04-28 11:12:59 info: [0mGET /albums/all-categories [32m201[0m 860.510 ms - 177[0m
2024-04-28 11:12:59 info: [0mGET /albums/cus_Pvg0MFXb2kst3h [32m201[0m 912.296 ms - -[0m
2024-04-28 11:13:00 info: [0mGET /albums/popular/cus_Pvg0MFXb2kst3h [32m201[0m 937.947 ms - -[0m
2024-04-28 11:13:04 info: [0mGET /albums/random/1/cus_Pvg0MFXb2kst3h [32m201[0m 479.554 ms - 2[0m
2024-04-28 11:13:05 info: [0mGET /public/files/albums/postPicture-98052b58-19e6-4dba-92cc-c90fdac29e0d87875a389aa943df15da6a027bf78399267524ea47042024.jpeg [32m200[0m 4.638 ms - 87457[0m
2024-04-28 11:13:05 info: [0mGET /public/files/albums/postPicture-92b3abfc-46bc-4647-aed3-9793a82a5ec387875a389aa943df15da6a027bf78399267524ea47042024.jpeg [32m200[0m 1.948 ms - 144219[0m
2024-04-28 11:13:05 info: [0mGET /albums/plan/b87875a389aa943df15da6a027bf78399267524e [32m200[0m 471.869 ms - 69[0m
2024-04-28 11:13:06 info: [0mGET /users/verify/checkForSale/cus_Pvg0MFXb2kst3h/b87875a389aa943df15da6a027bf78399267524e/standard [32m200[0m 918.121 ms - 4[0m
2024-04-28 11:13:17 info: [0mGET /albums/seller/cus_PvTUMZ8OOvcw4N [32m201[0m 559.646 ms - -[0m
2024-04-28 12:40:34 info: [0mGET /public/files/sent/sentcus_PvTUMZ8OOvcw4N32042024.jpeg [32m200[0m 16.196 ms - 61310[0m
2024-04-28 12:40:34 info: [0mGET /public/files/sent/sentcus_PvTUMZ8OOvcw4N50042024.jpeg [32m200[0m 24.518 ms - 46228[0m
2024-04-28 12:40:34 info: [0mGET /public/files/sent/sentcus_PvTUMZ8OOvcw4N11042024.jpeg [32m200[0m 32.752 ms - 144219[0m
2024-04-28 12:40:34 info: [0mGET /public/files/sent/sentcus_PvTUMZ8OOvcw4N43042024.jpeg [32m200[0m 24.927 ms - 77775[0m
2024-04-28 12:40:34 info: [0mGET /public/files/sent/sentcus_PvTUMZ8OOvcw4N25042024.jpeg [32m200[0m 24.663 ms - 196384[0m
2024-04-28 12:40:34 info: [0mGET /public/files/sent/sentcus_PvTUMZ8OOvcw4N12042024.jpeg [32m200[0m 24.628 ms - 196384[0m
2024-04-28 12:40:34 info: [0mGET /public/files/sent/sentcus_PvTUMZ8OOvcw4N22042024.jpeg [32m200[0m 24.547 ms - 168592[0m
2024-04-28 12:41:02 error: [GET] /users/cus_PvTUMZ8OOvcw4N >> StatusCode:: 401, Message:: missing token
2024-04-28 12:41:02 info: [0mGET /users/cus_PvTUMZ8OOvcw4N [33m401[0m 36.524 ms - 27[0m
2024-04-28 12:41:03 info: [0mPOST /refresh [32m200[0m 18.001 ms - 247[0m
2024-04-28 12:41:04 info: [0mGET /users/cus_PvTUMZ8OOvcw4N [32m200[0m 872.617 ms - 374[0m
2024-04-28 12:41:07 info: [0mGET /albums/random/0/cus_PvTUMZ8OOvcw4N [32m201[0m 468.497 ms - 2[0m
2024-04-28 12:41:07 info: [0mGET /albums/popular/cus_PvTUMZ8OOvcw4N [32m201[0m 882.804 ms - 19[0m
2024-04-28 12:41:07 info: [0mGET /albums/all-categories [32m201[0m 887.974 ms - 177[0m
2024-04-28 12:41:07 info: [0mGET /users/plans/cus_PvTUMZ8OOvcw4N [32m200[0m 954.544 ms - 145[0m
2024-04-28 12:41:07 info: [0mGET /albums/cus_PvTUMZ8OOvcw4N [32m201[0m 883.103 ms - -[0m
2024-04-28 12:41:12 info: [0mPOST /login [33m403[0m 580.070 ms - 44[0m
2024-04-28 12:41:17 info: [0mPOST /login [32m200[0m 890.909 ms - 471[0m
2024-04-28 12:41:18 info: [0mGET /albums/random/0/cus_Q0FCnVCOte7eIP [32m201[0m 439.832 ms - -[0m
2024-04-28 12:41:18 info: [0mGET /albums/all-categories [32m201[0m 844.114 ms - 177[0m
2024-04-28 12:41:18 info: [0mGET /albums/cus_Q0FCnVCOte7eIP [32m201[0m 891.464 ms - -[0m
2024-04-28 12:41:18 info: [0mGET /albums/popular/cus_Q0FCnVCOte7eIP [32m201[0m 888.331 ms - -[0m
2024-04-28 12:41:22 info: [0mGET /public/files/sent/sentcus_PvTUMZ8OOvcw4N44042024.jpeg [32m200[0m 10.485 ms - 468354[0m
2024-04-28 12:41:56 info: [0mGET /users/followed/cus_PvTUMZ8OOvcw4N/Seller [32m200[0m 504.634 ms - 780[0m
2024-04-28 12:42:15 info: [0mGET /users/followed/cus_PvTUMZ8OOvcw4N/Seller [32m200[0m 446.324 ms - 780[0m
2024-04-28 12:42:21 info: [0mGET /users/followed/cus_Q0FCnVCOte7eIP/Buyer [32m200[0m 475.951 ms - 376[0m
2024-04-28 12:42:41 info: [0mGET /users/followed/cus_PvTUMZ8OOvcw4N/Seller [32m200[0m 506.242 ms - 780[0m
2024-04-28 12:43:49 info: [0mPOST /sellers/upload/sent/picture/cus_PvTUMZ8OOvcw4N/2.0/cus_Pvg0MFXb2kst3h [32m201[0m 1720.939 ms - 127[0m
2024-04-28 12:43:50 info: [0mGET /public/files/sent/sentcus_PvTUMZ8OOvcw4N48042024.jpeg [32m200[0m 1.563 ms - 83181[0m
2024-04-28 12:43:55 info: [0mGET /users/followed/cus_PvTUMZ8OOvcw4N/Seller [32m200[0m 492.933 ms - 780[0m
2024-04-28 12:45:38 info: [0mPOST /sellers/upload/sent/picture/cus_PvTUMZ8OOvcw4N/2.0/cus_Q0FCnVCOte7eIP [32m201[0m 1554.093 ms - 127[0m
2024-04-28 12:45:39 info: [0mGET /public/files/sent/sentcus_PvTUMZ8OOvcw4N37042024.jpeg [32m200[0m 3.690 ms - 83181[0m
2024-04-28 12:45:39 info: [0mGET /public/files/sent/sentcus_PvTUMZ8OOvcw4N37042024.jpeg [32m200[0m 1.729 ms - 83181[0m
2024-04-28 12:50:04 info: [0mPOST /login [32m200[0m 1090.754 ms - 625[0m
2024-04-28 12:50:06 info: [0mGET /public/files/avatars/avatarcus_PvTUMZ8OOvcw4N.jpeg [32m200[0m 3.706 ms - 199552[0m
2024-04-28 12:50:07 info: [0mGET /albums/random/0/cus_PvTUMZ8OOvcw4N [32m201[0m 436.117 ms - 2[0m
2024-04-28 12:50:07 info: [0mGET /albums/popular/cus_PvTUMZ8OOvcw4N [32m201[0m 850.027 ms - 19[0m
2024-04-28 12:50:07 info: [0mGET /albums/all-categories [32m201[0m 873.808 ms - 177[0m
2024-04-28 12:50:07 info: [0mGET /albums/cus_PvTUMZ8OOvcw4N [32m201[0m 878.533 ms - -[0m
2024-04-28 12:50:07 info: [0mGET /users/plans/cus_PvTUMZ8OOvcw4N [32m200[0m 889.149 ms - 145[0m
2024-04-28 12:50:17 info: [0mGET /public/files/avatars/avatarcus_Pvg0MFXb2kst3h.jpeg [32m200[0m 91.586 ms - 71866[0m
2024-04-28 12:50:20 info: [0mGET /public/files/sent/sentcus_PvTUMZ8OOvcw4N37042024.jpeg [32m200[0m 4.505 ms - 83181[0m
2024-04-28 12:51:57 error: [GET] /users/cus_Q0FCnVCOte7eIP >> StatusCode:: 401, Message:: missing token
2024-04-28 12:51:57 info: [0mGET /users/cus_Q0FCnVCOte7eIP [33m401[0m 124.521 ms - 27[0m
2024-04-28 12:51:57 info: [0mPOST /refresh [32m200[0m 33.060 ms - 248[0m
2024-04-28 12:51:58 info: [0mGET /users/cus_Q0FCnVCOte7eIP [32m200[0m 846.917 ms - 220[0m
2024-04-28 12:51:59 info: [0mGET /albums/random/0/cus_Q0FCnVCOte7eIP [32m201[0m 451.590 ms - -[0m
2024-04-28 12:52:00 info: [0mGET /albums/all-categories [32m201[0m 849.269 ms - 177[0m
2024-04-28 12:52:00 info: [0mGET /albums/popular/cus_Q0FCnVCOte7eIP [32m201[0m 866.057 ms - -[0m
2024-04-28 12:52:00 info: [0mGET /albums/cus_Q0FCnVCOte7eIP [32m201[0m 867.916 ms - -[0m
2024-04-28 12:52:19 info: [0mGET /users/followed/cus_PvTUMZ8OOvcw4N/Seller [32m200[0m 509.779 ms - 780[0m
2024-04-28 12:52:24 info: [0mGET /users/followed/cus_Q0FCnVCOte7eIP/Buyer [32m200[0m 480.428 ms - 376[0m
2024-04-28 12:52:42 info: [0mGET /users/followed/cus_Q0FCnVCOte7eIP/Buyer [32m200[0m 452.750 ms - 376[0m
2024-04-28 12:53:24 info: [0mPOST /sellers/upload/sent/picture/cus_PvTUMZ8OOvcw4N/2.0/cus_Q0FCnVCOte7eIP [32m201[0m 1621.522 ms - 127[0m
2024-04-28 12:53:24 info: [0mGET /public/files/sent/sentcus_PvTUMZ8OOvcw4N23042024.jpeg [32m200[0m 5.668 ms - 83181[0m
2024-04-28 12:53:25 info: [0mGET /public/files/sent/sentcus_PvTUMZ8OOvcw4N23042024.jpeg [32m200[0m 3.035 ms - 83181[0m
2024-04-28 12:57:43 info: [0mGET /users/followed/cus_Q0FCnVCOte7eIP/Buyer [32m200[0m 617.079 ms - 376[0m
2024-04-28 12:59:39 info: [0mGET /users/followed/cus_Q0FCnVCOte7eIP/Buyer [32m200[0m 520.647 ms - 376[0m
2024-04-28 13:00:05 info: [0mGET /users/followed/cus_Q0FCnVCOte7eIP/Buyer [32m200[0m 663.490 ms - 376[0m
2024-04-28 13:00:25 info: [0mPOST /login [32m200[0m 990.605 ms - 625[0m
2024-04-28 13:00:27 info: [0mGET /albums/random/0/cus_PvTUMZ8OOvcw4N [32m201[0m 474.484 ms - 2[0m
2024-04-28 13:00:27 info: [0mGET /users/plans/cus_PvTUMZ8OOvcw4N [32m200[0m 915.087 ms - 145[0m
2024-04-28 13:00:27 info: [0mGET /albums/popular/cus_PvTUMZ8OOvcw4N [32m201[0m 844.463 ms - 19[0m
2024-04-28 13:00:27 info: [0mGET /albums/all-categories [32m201[0m 870.275 ms - 177[0m
2024-04-28 13:00:27 info: [0mGET /albums/cus_PvTUMZ8OOvcw4N [32m201[0m 977.922 ms - -[0m
2024-04-28 13:00:29 info: [0mGET /users/followed/cus_PvTUMZ8OOvcw4N/Seller [32m200[0m 437.743 ms - 780[0m
2024-04-28 13:00:32 info: [0mGET /users/followed/cus_PvTUMZ8OOvcw4N/Seller [32m200[0m 447.129 ms - 780[0m
2024-04-28 13:06:37 info: [0mPOST /login [32m200[0m 960.143 ms - 625[0m
2024-04-28 13:06:40 info: [0mGET /public/files/avatars/avatarcus_PvTUMZ8OOvcw4N.jpeg [32m200[0m 6.734 ms - 199552[0m
2024-04-28 13:06:40 info: [0mGET /albums/random/0/cus_PvTUMZ8OOvcw4N [32m201[0m 479.561 ms - 2[0m
2024-04-28 13:06:41 info: [0mGET /users/plans/cus_PvTUMZ8OOvcw4N [32m200[0m 895.028 ms - 145[0m
2024-04-28 13:06:41 info: [0mGET /albums/all-categories [32m201[0m 903.304 ms - 177[0m
2024-04-28 13:06:41 info: [0mGET /albums/popular/cus_PvTUMZ8OOvcw4N [32m201[0m 913.143 ms - 19[0m
2024-04-28 13:06:41 info: [0mGET /albums/cus_PvTUMZ8OOvcw4N [32m201[0m 902.666 ms - -[0m
2024-04-28 13:07:37 info: [0mPOST /users/upload/avatar/cus_PvTUMZ8OOvcw4N [32m201[0m 512.191 ms - 52[0m
2024-04-28 13:07:55 info: [0mPOST /users/upload/avatar/cus_PvTUMZ8OOvcw4N [32m201[0m 1246.701 ms - 52[0m
2024-04-28 13:08:25 info: [0mGET /users/cus_PvTUMZ8OOvcw4N [32m200[0m 903.850 ms - 374[0m
2024-04-28 13:08:29 info: [0mGET /users/plans/cus_PvTUMZ8OOvcw4N [32m200[0m 874.127 ms - 145[0m
2024-04-28 13:08:29 info: [0mGET /albums/cus_PvTUMZ8OOvcw4N [32m201[0m 880.707 ms - -[0m
2024-04-28 13:08:44 info: [0mPOST /users/upload/avatar/cus_PvTUMZ8OOvcw4N [32m201[0m 478.481 ms - 52[0m
2024-04-28 13:09:18 info: [0mGET /users/cus_PvTUMZ8OOvcw4N [32m200[0m 915.209 ms - 374[0m
2024-04-28 13:09:22 info: [0mGET /albums/random/0/cus_PvTUMZ8OOvcw4N [32m201[0m 702.408 ms - 2[0m
2024-04-28 13:09:22 info: [0mGET /albums/cus_PvTUMZ8OOvcw4N [32m201[0m 1093.140 ms - -[0m
2024-04-28 13:09:22 info: [0mGET /albums/popular/cus_PvTUMZ8OOvcw4N [32m201[0m 1163.482 ms - 19[0m
2024-04-28 13:09:22 info: [0mGET /albums/all-categories [32m201[0m 1140.385 ms - 177[0m
2024-04-28 13:09:22 info: [0mGET /users/plans/cus_PvTUMZ8OOvcw4N [32m200[0m 1235.684 ms - 145[0m
2024-04-28 13:10:08 info: [0mPOST /users/upload/avatar/cus_PvTUMZ8OOvcw4N [32m201[0m 497.885 ms - 52[0m
2024-04-28 13:10:29 info: [0mPUT /users/cus_PvTUMZ8OOvcw4N [32m200[0m 1196.560 ms - 406[0m
2024-04-28 13:10:44 info: [0mPUT /users/cus_PvTUMZ8OOvcw4N [32m200[0m 1068.186 ms - 405[0m
2024-04-28 13:10:53 info: [0mPOST /users/upload/avatar/cus_PvTUMZ8OOvcw4N [32m201[0m 440.851 ms - 52[0m
2024-04-28 13:13:05 info: [0mPOST /login [32m200[0m 938.352 ms - 627[0m
2024-04-28 13:13:07 info: [0mGET /albums/random/0/cus_PvTUMZ8OOvcw4N [32m201[0m 452.260 ms - 2[0m
2024-04-28 13:13:07 info: [0mGET /albums/cus_PvTUMZ8OOvcw4N [32m201[0m 841.987 ms - -[0m
2024-04-28 13:13:07 info: [0mGET /users/plans/cus_PvTUMZ8OOvcw4N [32m200[0m 839.961 ms - 145[0m
2024-04-28 13:13:07 info: [0mGET /albums/popular/cus_PvTUMZ8OOvcw4N [32m201[0m 857.352 ms - 19[0m
2024-04-28 13:13:07 info: [0mGET /albums/all-categories [32m201[0m 870.359 ms - 177[0m
2024-04-28 13:14:03 info: [0mGET /users/cus_Q0FCnVCOte7eIP [32m200[0m 968.888 ms - 220[0m
2024-04-28 13:14:04 info: [0mGET /albums/random/0/cus_Q0FCnVCOte7eIP [32m201[0m 452.602 ms - -[0m
2024-04-28 13:14:04 info: [0mGET /albums/all-categories [32m201[0m 901.156 ms - 177[0m
2024-04-28 13:14:04 info: [0mGET /albums/cus_Q0FCnVCOte7eIP [32m201[0m 922.430 ms - -[0m
2024-04-28 13:14:04 info: [0mGET /albums/popular/cus_Q0FCnVCOte7eIP [32m201[0m 928.439 ms - -[0m
2024-04-28 13:17:19 info: [0mPOST /login [32m200[0m 1067.480 ms - 628[0m
2024-04-28 13:17:21 info: [0mGET /public/files/avatars/avatarcus_PvTUMZ8OOvcw4N.jpeg [32m200[0m 4.175 ms - 118237[0m
2024-04-28 13:17:21 info: [0mGET /albums/random/0/cus_PvTUMZ8OOvcw4N [32m201[0m 466.831 ms - 2[0m
2024-04-28 13:17:22 info: [0mGET /albums/cus_PvTUMZ8OOvcw4N [32m201[0m 860.540 ms - -[0m
2024-04-28 13:17:22 info: [0mGET /users/plans/cus_PvTUMZ8OOvcw4N [32m200[0m 853.153 ms - 145[0m
2024-04-28 13:17:22 info: [0mGET /albums/all-categories [32m201[0m 849.552 ms - 177[0m
2024-04-28 13:17:22 info: [0mGET /albums/popular/cus_PvTUMZ8OOvcw4N [32m201[0m 961.116 ms - 19[0m
2024-04-28 13:18:52 info: [0mGET /users/followed/cus_PvTUMZ8OOvcw4N/Seller [32m200[0m 597.093 ms - 780[0m
2024-04-28 13:18:54 info: [0mGET /public/files/avatars/avatarcus_Pvg0MFXb2kst3h.jpeg [32m200[0m 3.632 ms - 71866[0m
2024-04-28 13:18:57 info: [0mGET /users/followed/cus_PvTUMZ8OOvcw4N/Seller [32m200[0m 414.577 ms - 780[0m
2024-04-28 13:19:44 info: [0mGET /notifications/cus_Q0FCnVCOte7eIP [32m201[0m 551.427 ms - 2[0m
2024-04-28 13:20:42 info: [0mGET /users/followed/cus_PvTUMZ8OOvcw4N/Seller [32m200[0m 527.534 ms - 780[0m
2024-04-28 13:21:36 info: [0mGET /users/cus_Q0FCnVCOte7eIP [32m200[0m 948.922 ms - 220[0m
2024-04-28 13:21:38 info: [0mGET /albums/random/0/cus_Q0FCnVCOte7eIP [32m201[0m 468.684 ms - -[0m
2024-04-28 13:21:39 info: [0mGET /albums/all-categories [32m201[0m 886.608 ms - 177[0m
2024-04-28 13:21:39 info: [0mGET /albums/cus_Q0FCnVCOte7eIP [32m201[0m 919.542 ms - -[0m
2024-04-28 13:21:39 info: [0mGET /albums/popular/cus_Q0FCnVCOte7eIP [32m201[0m 928.762 ms - -[0m
2024-04-28 13:24:42 info: [0mPOST /login [32m200[0m 1065.838 ms - 471[0m
2024-04-28 13:24:43 info: [0mGET /albums/random/0/cus_Q0FCnVCOte7eIP [32m201[0m 470.929 ms - -[0m
2024-04-28 13:24:43 info: [0mGET /public/files/albums/postPicture-94557bd3-fd01-4ba8-a7d8-feee7b77e4ed87875a389aa943df15da6a027bf78399267524ea47042024.jpeg [32m200[0m 2.113 ms - 39867[0m
2024-04-28 13:24:43 info: [0mGET /albums/cus_Q0FCnVCOte7eIP [32m201[0m 1001.892 ms - -[0m
2024-04-28 13:24:43 info: [0mGET /public/files/albums/postPicture-4da30437-709e-4454-902b-558a0679c64dc863a3da011fef808e2d88707194a0a76a037ae755042024.jpeg [32m200[0m 1.294 ms - 24278[0m
2024-04-28 13:24:43 info: [0mGET /public/files/albums/postPicture-244c91e8-42de-42e0-84ca-eb988a225215da011fef808e2d88707194a0a76a037ae7e0083a59042024.jpeg [32m200[0m 1.923 ms - 17716[0m
2024-04-28 13:24:43 info: [0mGET /public/files/albums/postPicture-47670fbe-fed6-4d22-89bf-b0262769654a8e2d88707194a0a76a037ae7e0083a98e490df9133042024.jpeg [32m200[0m 2.954 ms - 77775[0m
2024-04-28 13:24:43 info: [0mGET /public/files/albums/postPicture-76ea2d4f-e9b5-4fe7-a1b4-30cdd083fbffb9a0b87875a389aa943df15da6a027bf7839926758042024.jpeg [32m200[0m 2.854 ms - 196384[0m
2024-04-28 13:24:43 info: [0mGET /public/files/albums/postPicture-a20d999d-3f50-42b4-97ab-98b512f5f1a6fef808e2d88707194a0a76a037ae7e0083a98e4904042024.jpeg [32m200[0m 3.686 ms - 74607[0m
2024-04-28 13:24:43 info: [0mGET /albums/all-categories [32m201[0m 996.489 ms - 177[0m
2024-04-28 13:24:43 info: [0mGET /albums/popular/cus_Q0FCnVCOte7eIP [32m201[0m 1005.690 ms - -[0m
2024-04-28 13:24:45 info: [0mGET /public/files/avatars/avatarcus_PvTUMZ8OOvcw4N.jpeg [32m200[0m 4.941 ms - 118237[0m
2024-04-28 13:27:20 info: [0mGET /notifications/cus_Q0FCnVCOte7eIP [32m201[0m 642.879 ms - 2[0m
2024-04-28 13:27:46 info: [0mGET /users/followed/cus_PvTUMZ8OOvcw4N/Seller [32m200[0m 507.632 ms - 780[0m
2024-04-28 13:28:17 info: [0mGET /users/followed/cus_Q0FCnVCOte7eIP/Buyer [32m200[0m 610.255 ms - 378[0m
2024-04-28 13:28:40 error: [POST] /sellers/upload/sent/picture/cus_PvTUMZ8OOvcw4N/0.0/cus_Q0FCnVCOte7eIP >> StatusCode:: 401, Message:: missing token
2024-04-28 13:28:40 info: [0mPOST /sellers/upload/sent/picture/cus_PvTUMZ8OOvcw4N/0.0/cus_Q0FCnVCOte7eIP [33m401[0m 246.377 ms - 27[0m
2024-04-28 13:28:40 info: [0mPOST /refresh [32m200[0m 14.282 ms - 248[0m
2024-04-28 13:29:24 info: [0mPOST /sellers/upload/sent/picture/cus_PvTUMZ8OOvcw4N/0.0/cus_Q0FCnVCOte7eIP [32m201[0m 1792.875 ms - 127[0m
2024-04-28 13:29:27 info: [0mGET /public/files/sent/sentcus_PvTUMZ8OOvcw4N23042024.jpeg [32m200[0m 5.969 ms - 83181[0m
2024-04-28 13:29:37 info: [0mGET /public/files/sent/sentcus_PvTUMZ8OOvcw4N23042024.jpeg [32m200[0m 19.000 ms - 83181[0m
2024-04-28 13:30:27 info: [0mPOST /sellers/upload/sent/picture/cus_PvTUMZ8OOvcw4N/3.0/cus_Q0FCnVCOte7eIP [32m201[0m 1347.390 ms - 127[0m
2024-04-28 13:30:28 info: [0mGET /public/files/sent/sentcus_PvTUMZ8OOvcw4N26042024.jpeg [32m200[0m 3.409 ms - 65337[0m
2024-04-28 13:30:31 info: [0mGET /public/files/sent/sentcus_PvTUMZ8OOvcw4N26042024.jpeg [32m200[0m 5.873 ms - 65337[0m
2024-04-28 13:31:21 info: [0mGET /users/followed/cus_Q0FCnVCOte7eIP/Buyer [32m200[0m 567.279 ms - 378[0m
2024-04-28 13:31:42 info: [0mPOST /sellers/upload/sent/picture/cus_PvTUMZ8OOvcw4N/3.0/cus_Q0FCnVCOte7eIP [32m201[0m 1458.505 ms - 127[0m
2024-04-28 13:31:43 info: [0mGET /public/files/sent/sentcus_PvTUMZ8OOvcw4N41042024.jpeg [32m200[0m 5.755 ms - 65337[0m
2024-04-28 13:31:44 info: [0mGET /public/files/sent/sentcus_PvTUMZ8OOvcw4N41042024.jpeg [32m200[0m 3.470 ms - 65337[0m
2024-04-28 13:31:47 error: [POST] /users/buy/sent/cus_PvTUMZ8OOvcw4N >> StatusCode:: 401, Message:: missing token
2024-04-28 13:31:47 info: [0mPOST /users/buy/sent/cus_PvTUMZ8OOvcw4N [33m401[0m 8.659 ms - 27[0m
2024-04-28 13:31:47 info: [0mPOST /refresh [32m200[0m 6.969 ms - 248[0m
2024-04-28 13:31:49 info: [0mPOST /users/buy/sent/cus_PvTUMZ8OOvcw4N [32m200[0m 1826.825 ms - 361[0m
2024-04-28 13:32:09 info: [0mGET /users/followed/cus_Q0FCnVCOte7eIP/Buyer [32m200[0m 507.787 ms - 378[0m
2024-04-28 13:32:28 info: [0mPOST /sellers/upload/sent/picture/cus_PvTUMZ8OOvcw4N/2.0/cus_Q0FCnVCOte7eIP [32m201[0m 1363.770 ms - 127[0m
2024-04-28 13:32:28 info: [0mGET /public/files/sent/sentcus_PvTUMZ8OOvcw4N27042024.jpeg [32m200[0m 2.706 ms - 65337[0m
2024-04-28 13:32:29 info: [0mGET /public/files/sent/sentcus_PvTUMZ8OOvcw4N27042024.jpeg [32m200[0m 3.981 ms - 65337[0m
2024-04-28 13:32:33 info: [0mPOST /users/buy/sent/cus_PvTUMZ8OOvcw4N [32m200[0m 1832.044 ms - 361[0m
2024-04-28 13:32:53 info: [0mGET /users/followed/cus_Q0FCnVCOte7eIP/Buyer [32m200[0m 506.934 ms - 378[0m
2024-04-28 13:33:35 info: [0mGET /users/followed/cus_Q0FCnVCOte7eIP/Buyer [32m200[0m 503.608 ms - 378[0m
2024-04-28 13:33:53 info: [0mPOST /sellers/upload/sent/picture/cus_PvTUMZ8OOvcw4N/2.0/cus_Q0FCnVCOte7eIP [32m201[0m 1586.338 ms - 127[0m
2024-04-28 13:33:54 info: [0mGET /public/files/sent/sentcus_PvTUMZ8OOvcw4N52042024.jpeg [32m200[0m 6.246 ms - 65337[0m
2024-04-28 13:34:00 info: [0mGET /public/files/sent/sentcus_PvTUMZ8OOvcw4N52042024.jpeg [32m200[0m 5.141 ms - 65337[0m
2024-04-28 13:34:04 info: [0mPOST /users/buy/sent/cus_PvTUMZ8OOvcw4N [32m200[0m 1872.348 ms - 361[0m
2024-04-28 13:34:21 info: [0mGET /users/followed/cus_Q0FCnVCOte7eIP/Buyer [32m200[0m 510.706 ms - 378[0m
2024-04-28 13:34:24 info: [0mGET /users/followed/cus_Q0FCnVCOte7eIP/Buyer [32m200[0m 438.358 ms - 378[0m
2024-04-28 13:34:46 info: [0mPOST /sellers/upload/sent/picture/cus_PvTUMZ8OOvcw4N/2.0/cus_Q0FCnVCOte7eIP [32m201[0m 1239.428 ms - 127[0m
2024-04-28 13:34:46 info: [0mGET /public/files/sent/sentcus_PvTUMZ8OOvcw4N45042024.jpeg [32m200[0m 9.354 ms - 65337[0m
2024-04-28 13:34:52 info: [0mGET /public/files/sent/sentcus_PvTUMZ8OOvcw4N45042024.jpeg [32m200[0m 10.261 ms - 65337[0m
2024-04-28 13:34:56 info: [0mPOST /users/buy/sent/cus_PvTUMZ8OOvcw4N [32m200[0m 1863.034 ms - 361[0m
2024-04-28 13:36:43 info: [0mGET /users/followed/cus_Q0FCnVCOte7eIP/Buyer [32m200[0m 498.253 ms - 378[0m
2024-04-28 13:37:12 info: [0mPOST /sellers/upload/sent/picture/cus_PvTUMZ8OOvcw4N/2.0/cus_Q0FCnVCOte7eIP [32m201[0m 1572.424 ms - 127[0m
2024-04-28 13:37:12 info: [0mGET /public/files/sent/sentcus_PvTUMZ8OOvcw4N11042024.jpeg [32m200[0m 3.489 ms - 65337[0m
2024-04-28 13:37:12 info: [0mGET /public/files/sent/sentcus_PvTUMZ8OOvcw4N11042024.jpeg [32m200[0m 15.558 ms - 65337[0m
2024-04-28 13:37:25 info: [0mPOST /users/buy/sent/cus_PvTUMZ8OOvcw4N [32m200[0m 1839.632 ms - 361[0m
2024-04-28 13:38:54 info: [0mGET /users/cus_Q0FCnVCOte7eIP [32m200[0m 1191.387 ms - 220[0m
2024-04-28 13:38:56 info: [0mGET /albums/random/0/cus_Q0FCnVCOte7eIP [32m201[0m 468.848 ms - -[0m
2024-04-28 13:38:56 info: [0mGET /albums/cus_Q0FCnVCOte7eIP [32m201[0m 1064.620 ms - -[0m
2024-04-28 13:38:56 info: [0mGET /albums/all-categories [32m201[0m 1012.267 ms - 177[0m
2024-04-28 13:38:56 info: [0mGET /albums/popular/cus_Q0FCnVCOte7eIP [32m201[0m 1043.275 ms - -[0m
2024-04-28 13:39:03 info: [0mGET /users/followed/cus_Q0FCnVCOte7eIP/Buyer [32m200[0m 458.569 ms - 378[0m
2024-04-28 13:39:10 info: [0mGET /users/followed/cus_Q0FCnVCOte7eIP/Buyer [32m200[0m 546.465 ms - 378[0m
2024-04-28 13:39:31 info: [0mGET /users/followed/cus_PvTUMZ8OOvcw4N/Seller [32m200[0m 525.696 ms - 780[0m
2024-04-28 13:39:57 info: [0mPOST /sellers/upload/sent/picture/cus_PvTUMZ8OOvcw4N/2.0/cus_Q0FCnVCOte7eIP [32m201[0m 1600.204 ms - 127[0m
2024-04-28 13:39:57 info: [0mGET /public/files/sent/sentcus_PvTUMZ8OOvcw4N56042024.jpeg [32m200[0m 4.477 ms - 65337[0m
2024-04-28 13:39:58 info: [0mGET /public/files/sent/sentcus_PvTUMZ8OOvcw4N56042024.jpeg [32m200[0m 6.242 ms - 65337[0m
2024-04-28 13:40:06 info: [0mPOST /users/buy/sent/cus_PvTUMZ8OOvcw4N [32m200[0m 1868.517 ms - 361[0m
2024-04-28 14:49:10 info: [0mGET /users/followed/cus_Q0FCnVCOte7eIP/Buyer [32m200[0m 567.274 ms - 378[0m
2024-04-28 14:50:09 info: [0mGET / [32m200[0m 48.353 ms - 2[0m
2024-04-28 14:51:26 info: [0mGET /users/followed/cus_Q0FCnVCOte7eIP/Buyer [32m200[0m 482.188 ms - 378[0m
2024-04-28 14:55:04 info: [0mGET /users/followed/cus_Q0FCnVCOte7eIP/Buyer [32m200[0m 505.224 ms - 378[0m
2024-04-28 14:57:49 info: [0mPOST /login [32m200[0m 1028.831 ms - 628[0m
2024-04-28 14:57:51 info: [0mGET /public/files/avatars/avatarcus_PvTUMZ8OOvcw4N.jpeg [32m200[0m 6.447 ms - 118237[0m
2024-04-28 14:57:52 info: [0mGET /albums/random/0/cus_PvTUMZ8OOvcw4N [32m201[0m 485.206 ms - 2[0m
2024-04-28 14:57:52 info: [0mGET /albums/all-categories [32m201[0m 1067.631 ms - 177[0m
2024-04-28 14:57:52 info: [0mGET /albums/popular/cus_PvTUMZ8OOvcw4N [32m201[0m 1128.641 ms - 19[0m
2024-04-28 14:57:52 info: [0mGET /users/plans/cus_PvTUMZ8OOvcw4N [32m200[0m 1090.143 ms - 145[0m
2024-04-28 14:57:52 info: [0mGET /albums/cus_PvTUMZ8OOvcw4N [32m201[0m 1089.009 ms - -[0m
2024-04-28 14:57:59 info: [0mGET /public/files/albums/postPicture-76ea2d4f-e9b5-4fe7-a1b4-30cdd083fbffb9a0b87875a389aa943df15da6a027bf7839926758042024.jpeg [32m200[0m 6.015 ms - 196384[0m
2024-04-28 14:57:59 info: [0mGET /public/files/albums/postPicture-94557bd3-fd01-4ba8-a7d8-feee7b77e4ed87875a389aa943df15da6a027bf78399267524ea47042024.jpeg [32m200[0m 1.037 ms - 39867[0m
2024-04-28 14:57:59 info: [0mGET /public/files/albums/postPicture-bbfb306c-07a4-4f17-8217-63ff61de29b0a389aa943df15da6a027bf78399267524eafd33647042024.jpeg [32m200[0m 4.899 ms - 67255[0m
2024-04-28 14:58:07 info: [0mGET /public/files/sent/sentcus_PvTUMZ8OOvcw4N56042024.jpeg [32m200[0m 2.739 ms - 65337[0m
2024-04-28 14:58:49 info: [0mPOST /users/upload/avatar/cus_Q0FCnVCOte7eIP [32m201[0m 688.786 ms - 52[0m
2024-04-28 14:59:42 info: [0mGET /users/cus_PvTUMZ8OOvcw4N [32m200[0m 2120.432 ms - 376[0m
2024-04-28 14:59:46 info: [0mGET /albums/random/0/cus_PvTUMZ8OOvcw4N [32m201[0m 518.725 ms - 2[0m
2024-04-28 14:59:46 info: [0mGET /users/plans/cus_PvTUMZ8OOvcw4N [32m200[0m 955.090 ms - 145[0m
2024-04-28 14:59:46 info: [0mGET /albums/cus_PvTUMZ8OOvcw4N [32m201[0m 908.616 ms - -[0m
2024-04-28 14:59:46 info: [0mGET /albums/all-categories [32m201[0m 923.503 ms - 177[0m
2024-04-28 14:59:46 info: [0mGET /albums/popular/cus_PvTUMZ8OOvcw4N [32m201[0m 982.640 ms - 19[0m
2024-04-28 15:00:17 info: [0mGET /users/cus_Q0FCnVCOte7eIP [32m200[0m 1272.969 ms - 271[0m
2024-04-28 15:00:18 info: [0mGET /public/files/avatars/avatarcus_Q0FCnVCOte7eIP.jpeg [32m200[0m 33.348 ms - 988972[0m
2024-04-28 15:00:19 info: [0mGET /albums/random/0/cus_Q0FCnVCOte7eIP [32m201[0m 580.665 ms - -[0m
2024-04-28 15:00:19 info: [0mGET /albums/all-categories [32m201[0m 1047.096 ms - 177[0m
2024-04-28 15:00:19 info: [0mGET /albums/cus_Q0FCnVCOte7eIP [32m201[0m 1243.994 ms - -[0m
2024-04-28 15:00:19 info: [0mGET /albums/popular/cus_Q0FCnVCOte7eIP [32m201[0m 1198.448 ms - -[0m
2024-04-28 15:00:44 info: [0mGET /users/followed/cus_PvTUMZ8OOvcw4N/Seller [32m200[0m 560.223 ms - 831[0m
2024-04-28 15:00:45 info: [0mGET /public/files/avatars/avatarcus_Pvg0MFXb2kst3h.jpeg [32m200[0m 21.072 ms - 71866[0m
2024-04-28 15:00:52 info: [0mGET /users/followed/cus_PvTUMZ8OOvcw4N/Seller [32m200[0m 473.335 ms - 831[0m
2024-04-28 15:00:53 info: [0mGET /public/files/avatars/avatarcus_Q0FCnVCOte7eIP.jpeg [32m200[0m 3.667 ms - 988972[0m
2024-04-28 15:00:55 info: [0mGET /users/followed/cus_PvTUMZ8OOvcw4N/Seller [32m200[0m 436.748 ms - 831[0m
2024-04-28 15:11:18 error: [GET] /users/cus_PvTUMZ8OOvcw4N >> StatusCode:: 401, Message:: missing token
2024-04-28 15:11:18 info: [0mGET /users/cus_PvTUMZ8OOvcw4N [33m401[0m 124.233 ms - 27[0m
2024-04-28 15:11:18 info: [0mPOST /refresh [32m200[0m 59.439 ms - 248[0m
2024-04-28 15:11:19 info: [0mGET /users/cus_PvTUMZ8OOvcw4N [32m200[0m 827.130 ms - 376[0m
2024-04-28 15:11:22 info: [0mGET /albums/random/0/cus_PvTUMZ8OOvcw4N [32m201[0m 433.966 ms - 2[0m
2024-04-28 15:11:22 info: [0mGET /albums/cus_PvTUMZ8OOvcw4N [32m201[0m 859.505 ms - -[0m
2024-04-28 15:11:22 info: [0mGET /users/plans/cus_PvTUMZ8OOvcw4N [32m200[0m 817.846 ms - 145[0m
2024-04-28 15:11:23 info: [0mGET /albums/all-categories [32m201[0m 852.777 ms - 177[0m
2024-04-28 15:11:23 info: [0mGET /albums/popular/cus_PvTUMZ8OOvcw4N [32m201[0m 992.751 ms - 19[0m
2024-04-28 15:11:34 info: [0mGET /users/followed/cus_PvTUMZ8OOvcw4N/Seller [32m200[0m 448.819 ms - 831[0m
2024-04-28 15:11:38 info: [0mGET /users/followed/cus_PvTUMZ8OOvcw4N/Seller [32m200[0m 463.458 ms - 831[0m
2024-04-28 15:11:43 info: [0mGET /users/followed/cus_PvTUMZ8OOvcw4N/Seller [32m200[0m 447.544 ms - 831[0m
2024-04-28 15:16:27 info: [0mGET /users/cus_Q0FCnVCOte7eIP [32m200[0m 1052.818 ms - 271[0m
2024-04-28 15:16:28 info: [0mGET /albums/random/0/cus_Q0FCnVCOte7eIP [32m201[0m 433.754 ms - -[0m
2024-04-28 15:16:28 info: [0mGET /albums/popular/cus_Q0FCnVCOte7eIP [32m201[0m 897.946 ms - -[0m
2024-04-28 15:16:28 info: [0mGET /albums/all-categories [32m201[0m 877.542 ms - 177[0m
2024-04-28 15:16:28 info: [0mGET /albums/cus_Q0FCnVCOte7eIP [32m201[0m 907.945 ms - -[0m
2024-04-28 15:17:32 info: [0mGET /users/followed/cus_PvTUMZ8OOvcw4N/Seller [32m200[0m 539.428 ms - 831[0m
2024-04-28 15:17:39 info: [0mGET /users/followed/cus_Q0FCnVCOte7eIP/Buyer [32m200[0m 521.902 ms - 378[0m
2024-04-28 15:18:37 info: [0mPOST /sellers/upload/sent/picture/cus_PvTUMZ8OOvcw4N/2.0/cus_Q0FCnVCOte7eIP [32m201[0m 1780.472 ms - 127[0m
2024-04-28 15:18:38 info: [0mGET /public/files/sent/sentcus_PvTUMZ8OOvcw4N35042024.jpeg [32m200[0m 10.236 ms - 65337[0m
2024-04-28 15:18:39 info: [0mGET /public/files/sent/sentcus_PvTUMZ8OOvcw4N35042024.jpeg [32m200[0m 3.293 ms - 65337[0m
2024-04-28 15:18:52 info: [0mPOST /users/buy/sent/cus_PvTUMZ8OOvcw4N [32m200[0m 1900.986 ms - 361[0m
