2024-05-26 12:10:05 info: =================================
2024-05-26 12:10:05 info: ======= ENV: development =======
2024-05-26 12:10:05 info: 🚀 App listening on the port 8000
2024-05-26 12:10:05 info: =================================
2024-05-26 12:10:24 info: =================================
2024-05-26 12:10:24 info: ======= ENV: development =======
2024-05-26 12:10:24 info: 🚀 App listening on the port 8000
2024-05-26 12:10:24 info: =================================
2024-05-26 12:10:42 info: =================================
2024-05-26 12:10:42 info: ======= ENV: development =======
2024-05-26 12:10:42 info: 🚀 App listening on the port 8000
2024-05-26 12:10:42 info: =================================
2024-05-26 12:11:09 info: =================================
2024-05-26 12:11:09 info: ======= ENV: development =======
2024-05-26 12:11:09 info: 🚀 App listening on the port 8000
2024-05-26 12:11:09 info: =================================
2024-05-26 12:12:07 info: =================================
2024-05-26 12:12:07 info: ======= ENV: development =======
2024-05-26 12:12:07 info: 🚀 App listening on the port 8000
2024-05-26 12:12:07 info: =================================
2024-05-26 12:14:55 info: =================================
2024-05-26 12:14:55 info: ======= ENV: development =======
2024-05-26 12:14:55 info: 🚀 App listening on the port 8000
2024-05-26 12:14:55 info: =================================
2024-05-26 12:17:23 info: =================================
2024-05-26 12:17:23 info: ======= ENV: development =======
2024-05-26 12:17:23 info: 🚀 App listening on the port 8000
2024-05-26 12:17:23 info: =================================
2024-05-26 12:19:21 info: =================================
2024-05-26 12:19:21 info: ======= ENV: development =======
2024-05-26 12:19:21 info: 🚀 App listening on the port 8000
2024-05-26 12:19:21 info: =================================
2024-05-26 12:19:50 info: =================================
2024-05-26 12:19:50 info: ======= ENV: development =======
2024-05-26 12:19:50 info: 🚀 App listening on the port 8000
2024-05-26 12:19:50 info: =================================
2024-05-26 12:24:36 info: =================================
2024-05-26 12:24:36 info: ======= ENV: development =======
2024-05-26 12:24:36 info: 🚀 App listening on the port 8000
2024-05-26 12:24:36 info: =================================
2024-05-26 12:25:59 info: [0mGET /public/files/avatars/avatarcus_Q2oW1HioRc0q03.jpeg [33m404[0m 21.035 ms - 189[0m
2024-05-26 12:25:59 info: [0mGET /public/files/albums/postPicture-918b1b12-7a90-410d-afc6-cfa64beb68ee1556297146ef843ede95a48743c88d3ad0d3475016052024.jpeg [33m404[0m 35.608 ms - 260[0m
2024-05-26 12:25:59 info: [0mGET /public/files/albums/postPicture-9794153d-481b-49c5-bd99-b9fd800915351556297146ef843ede95a48743c88d3ad0d3475016052024.jpeg [33m404[0m 35.335 ms - 260[0m
2024-05-26 12:25:59 info: [0mGET /public/files/albums/postPicture-63aa7c1a-8652-4006-9557-c792a286767f1556297146ef843ede95a48743c88d3ad0d3475016052024.jpeg [33m404[0m 34.898 ms - 260[0m
2024-05-26 12:25:59 info: [0mGET /public/files/albums/postPicture-103a9df7-f48c-458a-ae10-9524e8405e96c383cb24f6d03dfe1556297146ef843ede95a48746052024.jpeg [33m404[0m 34.647 ms - 260[0m
2024-05-26 12:26:13 info: [0mGET /users/cus_Q4dwKuSE6TC8Hp [32m200[0m 1264.569 ms - 236[0m
2024-05-26 12:26:15 info: [0mGET /albums/random/0/cus_Q4dwKuSE6TC8Hp [32m201[0m 508.280 ms - -[0m
2024-05-26 12:26:15 info: [0mGET /albums/all-categories [32m201[0m 847.239 ms - 72[0m
2024-05-26 12:26:15 info: [0mGET /albums/cus_Q4dwKuSE6TC8Hp [32m201[0m 869.111 ms - -[0m
2024-05-26 12:26:15 info: [0mGET /albums/popular/cus_Q4dwKuSE6TC8Hp [32m201[0m 869.278 ms - -[0m
2024-05-26 12:26:15 info: [0mGET /public/files/albums/postPicture-103a9df7-f48c-458a-ae10-9524e8405e96c383cb24f6d03dfe1556297146ef843ede95a48746052024.jpeg [33m404[0m 1.869 ms - 260[0m
2024-05-26 12:26:15 info: [0mGET /public/files/albums/postPicture-9794153d-481b-49c5-bd99-b9fd800915351556297146ef843ede95a48743c88d3ad0d3475016052024.jpeg [33m404[0m 2.309 ms - 260[0m
2024-05-26 12:26:20 info: [0mGET /public/files/albums/postPicture-103a9df7-f48c-458a-ae10-9524e8405e96c383cb24f6d03dfe1556297146ef843ede95a48746052024.jpeg [33m404[0m 7.272 ms - 260[0m
2024-05-26 12:26:20 info: [0mGET /public/files/albums/postPicture-10e2dd77-8bb5-4bde-a875-7f662157199fc383cb24f6d03dfe1556297146ef843ede95a48746052024.jpeg [33m404[0m 10.391 ms - 260[0m
2024-05-26 12:26:20 info: [0mGET /public/files/albums/postPicture-947095bf-f19c-423a-aa18-639e5c6e564cc383cb24f6d03dfe1556297146ef843ede95a48746052024.jpeg [33m404[0m 6.891 ms - 260[0m
2024-05-26 12:26:20 info: [0mGET /public/files/avatars/avatarcus_Q2oW1HioRc0q03.jpeg [33m404[0m 0.676 ms - 189[0m
2024-05-26 12:26:20 info: [0mGET /public/files/albums/postPicture-9794153d-481b-49c5-bd99-b9fd800915351556297146ef843ede95a48743c88d3ad0d3475016052024.jpeg [33m404[0m 0.302 ms - 260[0m
2024-05-26 12:26:20 info: [0mGET /albums/plan/dc383cb24f6d03dfe1556297146ef843ede95a48 [32m200[0m 424.500 ms - 66[0m
2024-05-26 12:26:21 info: [0mGET /public/files/albums/postPicture-9794153d-481b-49c5-bd99-b9fd800915351556297146ef843ede95a48743c88d3ad0d3475016052024.jpeg [33m404[0m 2.291 ms - 260[0m
2024-05-26 12:26:21 info: [0mGET /public/files/albums/postPicture-103a9df7-f48c-458a-ae10-9524e8405e96c383cb24f6d03dfe1556297146ef843ede95a48746052024.jpeg [33m404[0m 4.736 ms - 260[0m
2024-05-26 12:26:21 info: [0mGET /users/verify/checkForSale/cus_Q4dwKuSE6TC8Hp/dc383cb24f6d03dfe1556297146ef843ede95a48/vip [32m200[0m 950.949 ms - 5[0m
2024-05-26 12:26:22 info: [0mGET /public/files/avatars/avatarcus_Q2oW1HioRc0q03.jpeg [33m404[0m 1.285 ms - 189[0m
2024-05-26 12:26:22 info: [0mGET /public/files/albums/postPicture-9794153d-481b-49c5-bd99-b9fd800915351556297146ef843ede95a48743c88d3ad0d3475016052024.jpeg [33m404[0m 2.011 ms - 260[0m
2024-05-26 12:26:22 info: [0mGET /public/files/albums/postPicture-918b1b12-7a90-410d-afc6-cfa64beb68ee1556297146ef843ede95a48743c88d3ad0d3475016052024.jpeg [33m404[0m 2.896 ms - 260[0m
2024-05-26 12:26:22 info: [0mGET /public/files/albums/postPicture-63aa7c1a-8652-4006-9557-c792a286767f1556297146ef843ede95a48743c88d3ad0d3475016052024.jpeg [33m404[0m 3.720 ms - 260[0m
2024-05-26 12:26:22 info: [0mGET /albums/plan/e1556297146ef843ede95a48743c88d3ad0d3475 [32m200[0m 428.884 ms - 66[0m
2024-05-26 12:26:22 info: [0mGET /public/files/albums/postPicture-103a9df7-f48c-458a-ae10-9524e8405e96c383cb24f6d03dfe1556297146ef843ede95a48746052024.jpeg [33m404[0m 1.111 ms - 260[0m
2024-05-26 12:26:23 info: [0mGET /users/verify/checkForSale/cus_Q4dwKuSE6TC8Hp/e1556297146ef843ede95a48743c88d3ad0d3475/vip [32m200[0m 944.317 ms - 5[0m
2024-05-26 12:33:23 info: [0mGET /public/files/albums/postPicture-9794153d-481b-49c5-bd99-b9fd800915351556297146ef843ede95a48743c88d3ad0d3475016052024.jpeg [33m404[0m 39.844 ms - 260[0m
2024-05-26 12:33:23 info: [0mGET /public/files/albums/postPicture-103a9df7-f48c-458a-ae10-9524e8405e96c383cb24f6d03dfe1556297146ef843ede95a48746052024.jpeg [33m404[0m 45.635 ms - 260[0m
2024-05-26 12:34:23 info: [0mGET /public/files/albums/postPicture-9794153d-481b-49c5-bd99-b9fd800915351556297146ef843ede95a48743c88d3ad0d3475016052024.jpeg [33m404[0m 11.262 ms - 260[0m
2024-05-26 12:34:23 info: [0mGET /public/files/albums/postPicture-103a9df7-f48c-458a-ae10-9524e8405e96c383cb24f6d03dfe1556297146ef843ede95a48746052024.jpeg [33m404[0m 16.524 ms - 260[0m
2024-05-26 12:37:00 info: [0mGET /public/files/albums/postPicture-10e2dd77-8bb5-4bde-a875-7f662157199fc383cb24f6d03dfe1556297146ef843ede95a48746052024.jpeg [33m404[0m 64.909 ms - 260[0m
2024-05-26 12:37:00 info: [0mGET /public/files/albums/postPicture-947095bf-f19c-423a-aa18-639e5c6e564cc383cb24f6d03dfe1556297146ef843ede95a48746052024.jpeg [33m404[0m 66.672 ms - 260[0m
2024-05-26 12:37:00 info: [0mGET /public/files/albums/postPicture-9794153d-481b-49c5-bd99-b9fd800915351556297146ef843ede95a48743c88d3ad0d3475016052024.jpeg [33m404[0m 65.610 ms - 260[0m
2024-05-26 12:37:00 info: [0mGET /public/files/albums/postPicture-103a9df7-f48c-458a-ae10-9524e8405e96c383cb24f6d03dfe1556297146ef843ede95a48746052024.jpeg [33m404[0m 71.142 ms - 260[0m
2024-05-26 12:37:00 info: [0mGET /public/files/avatars/avatarcus_Q2oW1HioRc0q03.jpeg [33m404[0m 69.784 ms - 189[0m
2024-05-26 12:37:04 info: [0mGET /public/files/albums/postPicture-9794153d-481b-49c5-bd99-b9fd800915351556297146ef843ede95a48743c88d3ad0d3475016052024.jpeg [33m404[0m 4.004 ms - 260[0m
2024-05-26 12:37:04 info: [0mGET /public/files/albums/postPicture-103a9df7-f48c-458a-ae10-9524e8405e96c383cb24f6d03dfe1556297146ef843ede95a48746052024.jpeg [33m404[0m 0.952 ms - 260[0m
2024-05-26 12:37:26 info: [0mGET /public/files/albums/postPicture-9794153d-481b-49c5-bd99-b9fd800915351556297146ef843ede95a48743c88d3ad0d3475016052024.jpeg [33m404[0m 4.664 ms - 260[0m
2024-05-26 12:37:26 info: [0mGET /public/files/albums/postPicture-103a9df7-f48c-458a-ae10-9524e8405e96c383cb24f6d03dfe1556297146ef843ede95a48746052024.jpeg [33m404[0m 0.882 ms - 260[0m
2024-05-26 12:37:45 info: [0mGET /public/files/albums/postPicture-103a9df7-f48c-458a-ae10-9524e8405e96c383cb24f6d03dfe1556297146ef843ede95a48746052024.jpeg [33m404[0m 5.577 ms - 260[0m
2024-05-26 12:37:45 info: [0mGET /public/files/albums/postPicture-9794153d-481b-49c5-bd99-b9fd800915351556297146ef843ede95a48743c88d3ad0d3475016052024.jpeg [33m404[0m 7.815 ms - 260[0m
2024-05-26 13:11:49 info: =================================
2024-05-26 13:11:49 info: ======= ENV: development =======
2024-05-26 13:11:49 info: 🚀 App listening on the port 8000
2024-05-26 13:11:49 info: =================================
2024-05-26 13:11:55 info: [0mGET /public/files/avatars/avatarcus_Q2oW1HioRc0q03.jpeg [33m404[0m 24.943 ms - 189[0m
2024-05-26 13:11:55 info: [0mGET /public/files/albums/postPicture-103a9df7-f48c-458a-ae10-9524e8405e96c383cb24f6d03dfe1556297146ef843ede95a48746052024.jpeg [33m404[0m 9.883 ms - 260[0m
2024-05-26 13:11:55 info: [0mGET /public/files/albums/postPicture-947095bf-f19c-423a-aa18-639e5c6e564cc383cb24f6d03dfe1556297146ef843ede95a48746052024.jpeg [33m404[0m 8.711 ms - 260[0m
2024-05-26 13:11:56 info: [0mGET /public/files/albums/postPicture-103a9df7-f48c-458a-ae10-9524e8405e96c383cb24f6d03dfe1556297146ef843ede95a48746052024.jpeg [33m404[0m 3.432 ms - 260[0m
2024-05-26 13:11:56 info: [0mGET /public/files/avatars/avatarcus_Q2oW1HioRc0q03.jpeg [33m404[0m 4.634 ms - 189[0m
2024-05-26 13:11:56 info: [0mGET /public/files/albums/postPicture-9794153d-481b-49c5-bd99-b9fd800915351556297146ef843ede95a48743c88d3ad0d3475016052024.jpeg [33m404[0m 2.089 ms - 260[0m
2024-05-26 13:11:57 info: [0mGET /public/files/albums/postPicture-103a9df7-f48c-458a-ae10-9524e8405e96c383cb24f6d03dfe1556297146ef843ede95a48746052024.jpeg [33m404[0m 2.419 ms - 260[0m
2024-05-26 13:11:57 info: [0mGET /public/files/avatars/avatarcus_Q2oW1HioRc0q03.jpeg [33m404[0m 0.847 ms - 189[0m
2024-05-26 13:11:57 info: [0mGET /public/files/albums/postPicture-947095bf-f19c-423a-aa18-639e5c6e564cc383cb24f6d03dfe1556297146ef843ede95a48746052024.jpeg [33m404[0m 1.485 ms - 260[0m
2024-05-26 13:12:39 info: [0mGET /public/files/avatars/avatarcus_Q2oW1HioRc0q03.jpeg [33m404[0m 3.960 ms - 189[0m
2024-05-26 13:12:39 info: [0mGET /public/files/albums/postPicture-103a9df7-f48c-458a-ae10-9524e8405e96c383cb24f6d03dfe1556297146ef843ede95a48746052024.jpeg [33m404[0m 0.804 ms - 260[0m
2024-05-26 13:12:39 info: [0mGET /public/files/albums/postPicture-947095bf-f19c-423a-aa18-639e5c6e564cc383cb24f6d03dfe1556297146ef843ede95a48746052024.jpeg [33m404[0m 0.432 ms - 260[0m
2024-05-26 13:12:43 info: [0mGET /public/files/avatars/avatarcus_Q2oW1HioRc0q03.jpeg [33m404[0m 6.826 ms - 189[0m
2024-05-26 13:12:43 info: [0mGET /public/files/albums/postPicture-103a9df7-f48c-458a-ae10-9524e8405e96c383cb24f6d03dfe1556297146ef843ede95a48746052024.jpeg [33m404[0m 7.194 ms - 260[0m
2024-05-26 13:12:43 info: [0mGET /public/files/albums/postPicture-9794153d-481b-49c5-bd99-b9fd800915351556297146ef843ede95a48743c88d3ad0d3475016052024.jpeg [33m404[0m 1.692 ms - 260[0m
2024-05-26 13:12:43 info: [0mGET /public/files/albums/postPicture-947095bf-f19c-423a-aa18-639e5c6e564cc383cb24f6d03dfe1556297146ef843ede95a48746052024.jpeg [33m404[0m 1.648 ms - 260[0m
2024-05-26 13:13:53 info: =================================
2024-05-26 13:13:53 info: ======= ENV: development =======
2024-05-26 13:13:53 info: 🚀 App listening on the port 8000
2024-05-26 13:13:53 info: =================================
2024-05-26 13:13:56 info: =================================
2024-05-26 13:13:56 info: ======= ENV: development =======
2024-05-26 13:13:56 info: 🚀 App listening on the port 8000
2024-05-26 13:13:56 info: =================================
2024-05-26 13:14:00 info: =================================
2024-05-26 13:14:00 info: ======= ENV: development =======
2024-05-26 13:14:00 info: 🚀 App listening on the port 8000
2024-05-26 13:14:00 info: =================================
2024-05-26 13:14:04 info: [0mGET /public/files/avatars/avatarcus_Q2oW1HioRc0q03.jpeg [33m404[0m 12.452 ms - 189[0m
2024-05-26 13:14:04 info: [0mGET /public/files/albums/postPicture-947095bf-f19c-423a-aa18-639e5c6e564cc383cb24f6d03dfe1556297146ef843ede95a48746052024.jpeg [33m404[0m 6.538 ms - 260[0m
2024-05-26 13:14:04 info: [0mGET /public/files/albums/postPicture-103a9df7-f48c-458a-ae10-9524e8405e96c383cb24f6d03dfe1556297146ef843ede95a48746052024.jpeg [33m404[0m 2.920 ms - 260[0m
2024-05-26 13:14:05 info: [0mGET /public/files/albums/postPicture-9794153d-481b-49c5-bd99-b9fd800915351556297146ef843ede95a48743c88d3ad0d3475016052024.jpeg [33m404[0m 3.155 ms - 260[0m
2024-05-26 13:14:05 info: [0mGET /public/files/albums/postPicture-103a9df7-f48c-458a-ae10-9524e8405e96c383cb24f6d03dfe1556297146ef843ede95a48746052024.jpeg [33m404[0m 1.381 ms - 260[0m
2024-05-26 13:14:07 info: [0mGET /public/files/albums/postPicture-947095bf-f19c-423a-aa18-639e5c6e564cc383cb24f6d03dfe1556297146ef843ede95a48746052024.jpeg [33m404[0m 3.486 ms - 260[0m
2024-05-26 13:14:07 info: [0mGET /public/files/albums/postPicture-103a9df7-f48c-458a-ae10-9524e8405e96c383cb24f6d03dfe1556297146ef843ede95a48746052024.jpeg [33m404[0m 5.217 ms - 260[0m
2024-05-26 13:14:07 info: [0mGET /public/files/avatars/avatarcus_Q2oW1HioRc0q03.jpeg [33m404[0m 1.956 ms - 189[0m
2024-05-26 13:14:07 info: [0mGET /public/files/albums/postPicture-10e2dd77-8bb5-4bde-a875-7f662157199fc383cb24f6d03dfe1556297146ef843ede95a48746052024.jpeg [33m404[0m 2.599 ms - 260[0m
2024-05-26 13:14:07 info: [0mGET /public/files/albums/postPicture-9794153d-481b-49c5-bd99-b9fd800915351556297146ef843ede95a48743c88d3ad0d3475016052024.jpeg [33m404[0m 2.679 ms - 260[0m
2024-05-26 13:14:08 info: [0mGET /public/files/avatars/avatarcus_Q2oW1HioRc0q03.jpeg [33m404[0m 2.788 ms - 189[0m
2024-05-26 13:14:08 info: [0mGET /public/files/albums/postPicture-103a9df7-f48c-458a-ae10-9524e8405e96c383cb24f6d03dfe1556297146ef843ede95a48746052024.jpeg [33m404[0m 2.974 ms - 260[0m
2024-05-26 13:14:08 info: [0mGET /public/files/albums/postPicture-9794153d-481b-49c5-bd99-b9fd800915351556297146ef843ede95a48743c88d3ad0d3475016052024.jpeg [33m404[0m 5.240 ms - 260[0m
2024-05-26 13:14:09 info: [0mGET /public/files/avatars/avatarcus_Q2oW1HioRc0q03.jpeg [33m404[0m 1.501 ms - 189[0m
2024-05-26 13:14:09 info: [0mGET /public/files/albums/postPicture-947095bf-f19c-423a-aa18-639e5c6e564cc383cb24f6d03dfe1556297146ef843ede95a48746052024.jpeg [33m404[0m 1.108 ms - 260[0m
2024-05-26 13:48:31 info: [0mGET /users/cus_Q4dwKuSE6TC8Hp [32m200[0m 1410.806 ms - 236[0m
2024-05-26 13:48:33 info: [0mGET /albums/random/0/cus_Q4dwKuSE6TC8Hp [32m201[0m 458.855 ms - -[0m
2024-05-26 13:48:33 info: [0mGET /albums/cus_Q4dwKuSE6TC8Hp [32m201[0m 903.468 ms - -[0m
2024-05-26 13:48:33 info: [0mGET /albums/popular/cus_Q4dwKuSE6TC8Hp [32m201[0m 836.505 ms - -[0m
2024-05-26 13:48:33 info: [0mGET /albums/all-categories [32m201[0m 830.172 ms - 72[0m
2024-05-26 13:48:34 info: [0mGET /public/files/albums/postPicture-9794153d-481b-49c5-bd99-b9fd800915351556297146ef843ede95a48743c88d3ad0d3475016052024.jpeg [32m200[0m 6.549 ms - 39867[0m
2024-05-26 13:48:34 info: [0mGET /public/files/albums/postPicture-103a9df7-f48c-458a-ae10-9524e8405e96c383cb24f6d03dfe1556297146ef843ede95a48746052024.jpeg [32m200[0m 12.048 ms - 70504[0m
2024-05-26 13:48:39 info: [0mGET /public/files/avatars/avatarcus_Q2oW1HioRc0q03.jpeg [32m200[0m 12.998 ms - 118237[0m
2024-05-26 13:48:42 info: [0mGET /public/files/albums/postPicture-947095bf-f19c-423a-aa18-639e5c6e564cc383cb24f6d03dfe1556297146ef843ede95a48746052024.jpeg [32m200[0m 6.282 ms - 76725[0m
2024-05-26 13:48:42 info: [0mGET /public/files/albums/postPicture-10e2dd77-8bb5-4bde-a875-7f662157199fc383cb24f6d03dfe1556297146ef843ede95a48746052024.jpeg [32m200[0m 1.155 ms - 77737[0m
2024-05-26 13:48:43 info: [0mGET /albums/plan/dc383cb24f6d03dfe1556297146ef843ede95a48 [32m200[0m 463.246 ms - 66[0m
2024-05-26 13:48:44 info: [0mGET /users/verify/checkForSale/cus_Q4dwKuSE6TC8Hp/dc383cb24f6d03dfe1556297146ef843ede95a48/vip [32m200[0m 837.382 ms - 5[0m
2024-05-26 13:48:45 info: [0mGET /albums/seller/cus_Q2oW1HioRc0q03 [32m201[0m 456.868 ms - -[0m
2024-05-26 13:48:46 info: [0mGET /users/verify/checkForSubscription/cus_Q4dwKuSE6TC8Hp [32m200[0m 1321.514 ms - 5[0m
2024-05-26 13:51:48 info: [0mGET /albums/seller/cus_Q2oW1HioRc0q03 [32m201[0m 610.331 ms - -[0m
2024-05-26 13:51:48 info: [0mGET /users/verify/checkForSubscription/cus_Q4dwKuSE6TC8Hp [32m200[0m 1160.111 ms - 5[0m
2024-05-26 13:52:20 info: [0mGET /albums/seller/cus_Q2oW1HioRc0q03 [32m201[0m 548.661 ms - -[0m
2024-05-26 13:52:21 info: [0mGET /users/verify/checkForSubscription/cus_Q4dwKuSE6TC8Hp [32m200[0m 947.501 ms - 5[0m
2024-05-26 13:52:38 info: [0mGET /albums/seller/cus_Q2oW1HioRc0q03 [32m201[0m 408.208 ms - -[0m
2024-05-26 13:52:38 info: [0mGET /users/verify/checkForSubscription/cus_Q4dwKuSE6TC8Hp [32m200[0m 847.101 ms - 5[0m
2024-05-26 13:53:00 info: [0mGET /albums/seller/cus_Q2oW1HioRc0q03 [32m201[0m 949.525 ms - -[0m
2024-05-26 13:53:01 info: [0mGET /users/verify/checkForSubscription/cus_Q4dwKuSE6TC8Hp [32m200[0m 1457.556 ms - 5[0m
2024-05-26 13:53:12 info: [0mGET /albums/seller/cus_Q2oW1HioRc0q03 [32m201[0m 542.986 ms - -[0m
2024-05-26 13:53:12 info: [0mGET /users/verify/checkForSubscription/cus_Q4dwKuSE6TC8Hp [32m200[0m 944.122 ms - 5[0m
2024-05-26 13:54:19 info: [0mGET /public/files/sent/sentcus_Q2oW1HioRc0q0342052024.jpeg [32m200[0m 51.008 ms - 107707[0m
2024-05-26 13:54:19 info: [0mGET /public/files/sent/sentcus_Q2oW1HioRc0q0355052024.jpeg [32m200[0m 52.976 ms - 83181[0m
2024-05-26 13:54:19 info: [0mGET /public/files/sent/sentcus_Q2oW1HioRc0q0347052024.jpeg [32m200[0m 59.539 ms - 144219[0m
2024-05-26 13:54:19 info: [0mGET /public/files/sent/sentcus_Q2oW1HioRc0q0326052024.jpeg [32m200[0m 14.771 ms - 77737[0m
2024-05-26 13:54:19 info: [0mGET /public/files/sent/sentcus_Q2oW1HioRc0q0349052024.jpeg [33m404[0m 6.584 ms - 192[0m
2024-05-26 13:54:25 info: [0mGET /users/plans/cus_Q2oW1HioRc0q03 [32m200[0m 975.727 ms - 149[0m
2024-05-26 13:54:34 info: [0mPOST /users/subscribe/cus_Q4dwKuSE6TC8Hp [32m200[0m 1295.554 ms - 32[0m
2024-05-26 13:54:40 info: [0mPOST /users/subscribe/cus_Q4dwKuSE6TC8Hp [32m200[0m 2225.966 ms - 32[0m
2024-05-26 13:54:44 info: [0mPOST /users/subscribe/cus_Q4dwKuSE6TC8Hp [32m200[0m 1268.508 ms - 32[0m
2024-05-26 13:55:42 info: =================================
2024-05-26 13:55:42 info: ======= ENV: development =======
2024-05-26 13:55:42 info: 🚀 App listening on the port 8000
2024-05-26 13:55:42 info: =================================
2024-05-26 13:55:47 info: [0mGET /albums/seller/cus_Q2oW1HioRc0q03 [32m201[0m 865.288 ms - -[0m
2024-05-26 13:55:48 info: [0mGET /users/verify/checkForSubscription/cus_Q4dwKuSE6TC8Hp [32m200[0m 1752.865 ms - 5[0m
2024-05-26 13:56:50 info: =================================
2024-05-26 13:56:50 info: ======= ENV: development =======
2024-05-26 13:56:50 info: 🚀 App listening on the port 8000
2024-05-26 13:56:50 info: =================================
2024-05-26 13:56:53 info: [0mGET /albums/seller/cus_Q2oW1HioRc0q03 [32m201[0m 796.529 ms - -[0m
2024-05-26 13:56:54 info: [0mGET /users/verify/checkForSubscription/cus_Q4dwKuSE6TC8Hp [32m200[0m 1483.629 ms - 5[0m
2024-05-26 13:57:25 info: =================================
2024-05-26 13:57:25 info: ======= ENV: development =======
2024-05-26 13:57:25 info: 🚀 App listening on the port 8000
2024-05-26 13:57:25 info: =================================
2024-05-26 13:57:32 info: [0mGET /albums/seller/cus_Q2oW1HioRc0q03 [32m201[0m 570.406 ms - -[0m
2024-05-26 13:57:38 info: [0mGET /users/verify/checkForSubscription/cus_Q4dwKuSE6TC8Hp [32m200[0m 1071.533 ms - 5[0m
2024-05-26 13:57:51 info: =================================
2024-05-26 13:57:51 info: ======= ENV: development =======
2024-05-26 13:57:51 info: 🚀 App listening on the port 8000
2024-05-26 13:57:51 info: =================================
2024-05-26 13:58:08 info: =================================
2024-05-26 13:58:08 info: ======= ENV: development =======
2024-05-26 13:58:08 info: 🚀 App listening on the port 8000
2024-05-26 13:58:08 info: =================================
2024-05-26 13:58:19 info: =================================
2024-05-26 13:58:19 info: ======= ENV: development =======
2024-05-26 13:58:19 info: 🚀 App listening on the port 8000
2024-05-26 13:58:19 info: =================================
2024-05-26 13:58:38 info: [0mGET /albums/seller/cus_Q2oW1HioRc0q03 [32m201[0m 1531.032 ms - -[0m
2024-05-26 13:58:39 info: [0mGET /users/verify/checkForSubscription/cus_Q4dwKuSE6TC8Hp [32m200[0m 1933.917 ms - 5[0m
2024-05-26 13:58:54 info: =================================
2024-05-26 13:58:54 info: ======= ENV: development =======
2024-05-26 13:58:54 info: 🚀 App listening on the port 8000
2024-05-26 13:58:54 info: =================================
2024-05-26 13:59:19 info: [0mGET /albums/seller/cus_Q2oW1HioRc0q03 [32m201[0m 504.701 ms - -[0m
2024-05-26 13:59:19 info: [0mGET /users/verify/checkForSubscription/cus_Q4dwKuSE6TC8Hp [32m200[0m 961.270 ms - 5[0m
2024-05-26 13:59:44 info: =================================
2024-05-26 13:59:44 info: ======= ENV: development =======
2024-05-26 13:59:44 info: 🚀 App listening on the port 8000
2024-05-26 13:59:44 info: =================================
2024-05-26 13:59:51 info: =================================
2024-05-26 13:59:51 info: ======= ENV: development =======
2024-05-26 13:59:51 info: 🚀 App listening on the port 8000
2024-05-26 13:59:51 info: =================================
2024-05-26 14:00:07 info: [0mGET /albums/seller/cus_Q2oW1HioRc0q03 [32m201[0m 573.093 ms - -[0m
2024-05-26 14:00:08 info: [0mGET /users/verify/checkForSubscription/cus_Q4dwKuSE6TC8Hp [32m200[0m 1035.756 ms - 4[0m
2024-05-26 14:09:27 info: =================================
2024-05-26 14:09:27 info: ======= ENV: development =======
2024-05-26 14:09:27 info: 🚀 App listening on the port 8000
2024-05-26 14:09:27 info: =================================
2024-05-26 14:10:06 info: =================================
2024-05-26 14:10:06 info: ======= ENV: development =======
2024-05-26 14:10:06 info: 🚀 App listening on the port 8000
2024-05-26 14:10:06 info: =================================
2024-05-26 14:10:07 info: =================================
2024-05-26 14:10:07 info: ======= ENV: development =======
2024-05-26 14:10:07 info: 🚀 App listening on the port 8000
2024-05-26 14:10:07 info: =================================
2024-05-26 14:11:47 info: [0mGET /users/plans/cus_Q2oW1HioRc0q03 [32m200[0m 1741.377 ms - 149[0m
2024-05-26 14:12:47 info: [0mPOST /users/subscribe/cus_Q4dwKuSE6TC8Hp [32m200[0m 1361.685 ms - 32[0m
2024-05-26 14:12:56 info: [0mGET /users/plans/cus_Q2oW1HioRc0q03 [32m200[0m 895.047 ms - 149[0m
2024-05-26 14:18:42 info: =================================
2024-05-26 14:18:42 info: ======= ENV: development =======
2024-05-26 14:18:42 info: 🚀 App listening on the port 8000
2024-05-26 14:18:42 info: =================================
2024-05-26 14:18:44 info: =================================
2024-05-26 14:18:44 info: ======= ENV: development =======
2024-05-26 14:18:44 info: 🚀 App listening on the port 8000
2024-05-26 14:18:44 info: =================================
2024-05-26 14:18:55 info: =================================
2024-05-26 14:18:55 info: ======= ENV: development =======
2024-05-26 14:18:55 info: 🚀 App listening on the port 8000
2024-05-26 14:18:55 info: =================================
2024-05-26 14:19:13 info: =================================
2024-05-26 14:19:13 info: ======= ENV: development =======
2024-05-26 14:19:13 info: 🚀 App listening on the port 8000
2024-05-26 14:19:13 info: =================================
2024-05-26 14:19:19 info: =================================
2024-05-26 14:19:19 info: ======= ENV: development =======
2024-05-26 14:19:19 info: 🚀 App listening on the port 8000
2024-05-26 14:19:19 info: =================================
2024-05-26 14:20:13 info: [0mGET /albums/seller/cus_Q2oW1HioRc0q03 [32m201[0m 943.343 ms - -[0m
2024-05-26 14:20:14 info: [0mGET /users/verify/checkForSubscription/cus_Q4dwKuSE6TC8Hp [32m200[0m 1426.283 ms - 4[0m
2024-05-26 14:30:37 info: [0mGET /albums/plan/dc383cb24f6d03dfe1556297146ef843ede95a48 [32m200[0m 2306.936 ms - 66[0m
2024-05-26 14:30:37 info: [0mGET /albums/seller/cus_Q2oW1HioRc0q03 [32m201[0m 837.251 ms - -[0m
2024-05-26 14:30:38 info: [0mGET /users/verify/checkForSubscription/cus_Q4dwKuSE6TC8Hp [32m200[0m 2036.343 ms - 4[0m
2024-05-26 14:30:39 info: [0mGET /users/verify/checkForSale/cus_Q4dwKuSE6TC8Hp/dc383cb24f6d03dfe1556297146ef843ede95a48/vip [32m200[0m 1809.986 ms - 5[0m
2024-05-26 14:30:41 info: [0mGET /users/plans/cus_Q2oW1HioRc0q03 [32m200[0m 1777.330 ms - 149[0m
2024-05-26 14:32:38 info: [0mDELETE /users/subscription/cus_Q4dwKuSE6TC8Hp [32m200[0m 1425.591 ms - 29[0m
2024-05-26 14:33:19 info: =================================
2024-05-26 14:33:19 info: ======= ENV: development =======
2024-05-26 14:33:19 info: 🚀 App listening on the port 8000
2024-05-26 14:33:19 info: =================================
2024-05-26 14:33:23 info: [0mDELETE /users/subscription/cus_Q4dwKuSE6TC8Hp [32m200[0m 1714.511 ms - 29[0m
2024-05-26 14:33:49 info: =================================
2024-05-26 14:33:49 info: ======= ENV: development =======
2024-05-26 14:33:49 info: 🚀 App listening on the port 8000
2024-05-26 14:33:49 info: =================================
2024-05-26 14:33:52 info: [0mDELETE /users/subscription/cus_Q4dwKuSE6TC8Hp [32m200[0m 1404.806 ms - 29[0m
2024-05-26 14:34:44 info: =================================
2024-05-26 14:34:44 info: ======= ENV: development =======
2024-05-26 14:34:44 info: 🚀 App listening on the port 8000
2024-05-26 14:34:44 info: =================================
2024-05-26 14:34:59 info: =================================
2024-05-26 14:34:59 info: ======= ENV: development =======
2024-05-26 14:34:59 info: 🚀 App listening on the port 8000
2024-05-26 14:34:59 info: =================================
2024-05-26 14:35:06 info: =================================
2024-05-26 14:35:06 info: ======= ENV: development =======
2024-05-26 14:35:06 info: 🚀 App listening on the port 8000
2024-05-26 14:35:06 info: =================================
2024-05-26 14:35:10 info: [0mDELETE /users/subscription/cus_Q4dwKuSE6TC8Hp [32m200[0m 2316.373 ms - 51[0m
2024-05-26 14:35:41 info: [0mGET /albums/seller/cus_Q2oW1HioRc0q03 [32m201[0m 629.909 ms - -[0m
2024-05-26 14:35:42 info: [0mGET /users/verify/checkForSubscription/cus_Q4dwKuSE6TC8Hp [32m200[0m 1619.918 ms - 5[0m
2024-05-26 14:35:48 info: [0mGET /users/plans/cus_Q2oW1HioRc0q03 [32m200[0m 1120.129 ms - 149[0m
2024-05-26 14:35:53 info: [0mPOST /users/subscribe/cus_Q4dwKuSE6TC8Hp [32m200[0m 3611.105 ms - -[0m
2024-05-26 15:46:00 info: [0mGET /albums/seller/cus_Q2oW1HioRc0q03 [32m201[0m 453.925 ms - -[0m
2024-05-26 15:46:00 info: [0mGET /users/verify/checkForSubscription/cus_Q4dwKuSE6TC8Hp [32m200[0m 871.317 ms - 4[0m
2024-05-26 15:47:41 info: =================================
2024-05-26 15:47:41 info: ======= ENV: development =======
2024-05-26 15:47:41 info: 🚀 App listening on the port 8000
2024-05-26 15:47:41 info: =================================
2024-05-26 15:47:57 info: [0mDELETE /users/subscription/cus_Q4dwKuSE6TC8Hp [32m200[0m 3052.358 ms - 51[0m
2024-05-26 15:48:05 info: [0mGET /albums/seller/cus_Q2oW1HioRc0q03 [32m201[0m 842.701 ms - -[0m
2024-05-26 15:48:06 info: [0mGET /users/verify/checkForSubscription/cus_Q4dwKuSE6TC8Hp [32m200[0m 1481.754 ms - 5[0m
2024-05-26 15:48:10 info: [0mGET /users/plans/cus_Q2oW1HioRc0q03 [32m200[0m 2376.168 ms - 149[0m
2024-05-26 15:48:17 info: [0mPOST /users/subscribe/cus_Q4dwKuSE6TC8Hp [32m200[0m 3555.870 ms - -[0m
2024-05-26 15:52:25 info: =================================
2024-05-26 15:52:25 info: ======= ENV: development =======
2024-05-26 15:52:25 info: 🚀 App listening on the port 8000
2024-05-26 15:52:25 info: =================================
2024-05-26 15:53:46 info: =================================
2024-05-26 15:53:46 info: ======= ENV: development =======
2024-05-26 15:53:46 info: 🚀 App listening on the port 8000
2024-05-26 15:53:46 info: =================================
2024-05-26 15:53:47 info: =================================
2024-05-26 15:53:47 info: ======= ENV: development =======
2024-05-26 15:53:47 info: 🚀 App listening on the port 8000
2024-05-26 15:53:47 info: =================================
2024-05-26 15:53:53 info: =================================
2024-05-26 15:53:53 info: ======= ENV: development =======
2024-05-26 15:53:53 info: 🚀 App listening on the port 8000
2024-05-26 15:53:53 info: =================================
2024-05-26 15:54:24 info: =================================
2024-05-26 15:54:24 info: ======= ENV: development =======
2024-05-26 15:54:24 info: 🚀 App listening on the port 8000
2024-05-26 15:54:24 info: =================================
2024-05-26 15:54:28 info: =================================
2024-05-26 15:54:28 info: ======= ENV: development =======
2024-05-26 15:54:28 info: 🚀 App listening on the port 8000
2024-05-26 15:54:28 info: =================================
2024-05-26 15:54:32 info: =================================
2024-05-26 15:54:32 info: ======= ENV: development =======
2024-05-26 15:54:32 info: 🚀 App listening on the port 8000
2024-05-26 15:54:32 info: =================================
2024-05-26 15:54:44 info: [0mGET /albums/seller/cus_Q2oW1HioRc0q03 [32m201[0m 593.529 ms - -[0m
2024-05-26 15:54:44 info: [0mGET /users/verify/checkForSubscription/cus_Q4dwKuSE6TC8Hp [32m200[0m 992.806 ms - 4[0m
2024-05-26 15:54:49 info: [0mDELETE /users/subscription/cus_Q4dwKuSE6TC8Hp [32m200[0m 2191.068 ms - 51[0m
2024-05-26 15:55:12 info: [0mGET /albums/seller/cus_Q2oW1HioRc0q03 [32m201[0m 621.309 ms - -[0m
2024-05-26 15:55:12 info: [0mGET /users/verify/checkForSubscription/cus_Q4dwKuSE6TC8Hp [32m200[0m 1038.170 ms - 5[0m
2024-05-26 15:59:21 info: [0mGET /albums/seller/cus_Q2oW1HioRc0q03 [32m201[0m 993.552 ms - -[0m
2024-05-26 15:59:22 info: [0mGET /users/verify/checkForSubscription/cus_Q4dwKuSE6TC8Hp [32m200[0m 1542.266 ms - 5[0m
2024-05-26 15:59:26 info: [0mGET /users/plans/cus_Q2oW1HioRc0q03 [32m200[0m 2822.003 ms - 149[0m
2024-05-26 15:59:27 info: [0mPOST /users/subscribe/cus_Q4dwKuSE6TC8Hp [32m200[0m 2795.156 ms - -[0m
2024-05-26 16:01:41 info: [0mGET /albums/seller/cus_Q2oW1HioRc0q03 [32m201[0m 426.655 ms - -[0m
2024-05-26 16:01:41 info: [0mGET /users/verify/checkForSubscription/cus_Q4dwKuSE6TC8Hp [32m200[0m 849.546 ms - 4[0m
2024-05-26 16:03:38 info: [0mDELETE /users/subscription/cus_Q4dwKuSE6TC8Hp [32m200[0m 3129.489 ms - 51[0m
2024-05-26 16:04:19 info: =================================
2024-05-26 16:04:19 info: ======= ENV: development =======
2024-05-26 16:04:19 info: 🚀 App listening on the port 8000
2024-05-26 16:04:19 info: =================================
2024-05-26 16:04:25 info: [0mGET /albums/plan/dc383cb24f6d03dfe1556297146ef843ede95a48 [32m200[0m 1026.729 ms - 66[0m
2024-05-26 16:04:27 info: [0mGET /users/plans/cus_Q2oW1HioRc0q03 [32m200[0m 1400.355 ms - 149[0m
2024-05-26 16:04:27 info: [0mGET /users/verify/checkForSale/cus_Q4dwKuSE6TC8Hp/dc383cb24f6d03dfe1556297146ef843ede95a48/vip [32m200[0m 1378.267 ms - 5[0m
2024-05-26 16:04:28 info: [0mGET /albums/seller/cus_Q2oW1HioRc0q03 [32m201[0m 1031.435 ms - -[0m
2024-05-26 16:04:29 info: [0mGET /users/verify/checkForSubscription/cus_Q4dwKuSE6TC8Hp [32m200[0m 1721.202 ms - 5[0m
2024-05-26 16:04:31 info: [0mGET /users/plans/cus_Q2oW1HioRc0q03 [32m200[0m 967.372 ms - 149[0m
2024-05-26 16:04:34 info: [0mPOST /users/subscribe/cus_Q4dwKuSE6TC8Hp [32m200[0m 2288.784 ms - -[0m
2024-05-26 16:07:09 info: [0mGET /albums/seller/cus_Q2oW1HioRc0q03 [32m201[0m 1060.146 ms - -[0m
2024-05-26 16:07:10 info: [0mGET /users/verify/checkForSubscription/cus_Q4dwKuSE6TC8Hp [32m200[0m 2220.756 ms - 4[0m
2024-05-26 16:08:13 info: =================================
2024-05-26 16:08:13 info: ======= ENV: development =======
2024-05-26 16:08:13 info: 🚀 App listening on the port 8000
2024-05-26 16:08:13 info: =================================
2024-05-26 16:10:02 info: [0mDELETE /users/subscription/cus_Q4dwKuSE6TC8Hp [32m200[0m 2010.139 ms - 51[0m
2024-05-26 16:10:17 info: [0mGET /albums/seller/cus_Q2oW1HioRc0q03 [32m201[0m 926.997 ms - -[0m
2024-05-26 16:10:18 info: [0mGET /users/verify/checkForSubscription/cus_Q4dwKuSE6TC8Hp [32m200[0m 1529.502 ms - 5[0m
2024-05-26 16:15:06 info: [0mGET /users/plans/cus_Q2oW1HioRc0q03 [32m200[0m 1060.580 ms - 149[0m
2024-05-26 16:15:09 info: [0mPOST /users/subscribe/cus_Q4dwKuSE6TC8Hp [32m200[0m 3206.618 ms - -[0m
2024-05-26 16:17:28 info: [0mGET /albums/seller/cus_Q2oW1HioRc0q03 [32m201[0m 513.154 ms - -[0m
2024-05-26 16:17:29 info: [0mGET /users/verify/checkForSubscription/cus_Q4dwKuSE6TC8Hp [32m200[0m 927.102 ms - 4[0m
2024-05-26 16:18:29 info: [0mDELETE /users/subscription/cus_Q4dwKuSE6TC8Hp [32m200[0m 2679.086 ms - 51[0m
2024-05-26 16:18:30 info: [0mGET /users/verify/checkForSubscription/cus_Q4dwKuSE6TC8Hp [32m200[0m 1051.727 ms - 5[0m
2024-05-26 16:22:42 info: =================================
2024-05-26 16:22:42 info: ======= ENV: development =======
2024-05-26 16:22:42 info: 🚀 App listening on the port 8000
2024-05-26 16:22:42 info: =================================
2024-05-26 16:22:47 info: [0mGET /users/plans/cus_Q2oW1HioRc0q03 [32m200[0m 1319.102 ms - 149[0m
2024-05-26 16:22:52 info: [0mPOST /users/subscribe/cus_Q4dwKuSE6TC8Hp [32m200[0m 5081.885 ms - -[0m
2024-05-26 16:24:52 info: [0mGET /users/plans/cus_Q2oW1HioRc0q03 [32m200[0m 1042.435 ms - 149[0m
2024-05-26 16:24:56 info: [0mGET /albums/seller/cus_Q2oW1HioRc0q03 [32m201[0m 514.658 ms - -[0m
2024-05-26 16:24:56 info: [0mGET /users/verify/checkForSubscription/cus_Q4dwKuSE6TC8Hp [32m200[0m 895.212 ms - 4[0m
2024-05-26 16:25:03 info: [0mDELETE /users/subscription/cus_Q4dwKuSE6TC8Hp [32m200[0m 3218.298 ms - 51[0m
2024-05-26 16:25:05 info: [0mGET /users/verify/checkForSubscription/cus_Q4dwKuSE6TC8Hp [32m200[0m 1176.815 ms - 5[0m
2024-05-26 16:26:16 info: =================================
2024-05-26 16:26:16 info: ======= ENV: development =======
2024-05-26 16:26:16 info: 🚀 App listening on the port 8000
2024-05-26 16:26:16 info: =================================
2024-05-26 16:26:24 info: [0mGET /users/plans/cus_Q2oW1HioRc0q03 [32m200[0m 1037.796 ms - 149[0m
2024-05-26 16:26:28 info: [0mGET /users/plans/cus_Q2oW1HioRc0q03 [32m200[0m 859.335 ms - 149[0m
2024-05-26 16:26:35 info: [0mGET /albums/plan/dc383cb24f6d03dfe1556297146ef843ede95a48 [32m200[0m 955.807 ms - 66[0m
2024-05-26 16:26:36 info: [0mGET /users/verify/checkForSale/cus_Q4dwKuSE6TC8Hp/dc383cb24f6d03dfe1556297146ef843ede95a48/vip [32m200[0m 1087.817 ms - 5[0m
2024-05-26 16:35:52 info: [0mGET /albums/seller/cus_Q2oW1HioRc0q03 [32m201[0m 710.749 ms - -[0m
2024-05-26 16:35:52 info: [0mGET /users/verify/checkForSubscription/cus_Q4dwKuSE6TC8Hp [32m200[0m 1435.041 ms - 5[0m
2024-05-26 16:35:56 info: [0mGET /users/plans/cus_Q2oW1HioRc0q03 [32m200[0m 1043.079 ms - 149[0m
2024-05-26 16:35:59 info: [0mPOST /users/subscribe/cus_Q4dwKuSE6TC8Hp [32m200[0m 2156.820 ms - -[0m
2024-05-26 16:38:49 info: [0mGET /albums/plan/dc383cb24f6d03dfe1556297146ef843ede95a48 [32m200[0m 458.554 ms - 66[0m
2024-05-26 16:38:52 info: [0mGET /users/verify/checkForSale/cus_Q4dwKuSE6TC8Hp/dc383cb24f6d03dfe1556297146ef843ede95a48/vip [32m200[0m 1736.967 ms - 5[0m
2024-05-26 16:39:01 info: [0mGET /public/files/albums/postPicture-63aa7c1a-8652-4006-9557-c792a286767f1556297146ef843ede95a48743c88d3ad0d3475016052024.jpeg [32m200[0m 27.576 ms - 42593[0m
2024-05-26 16:39:01 info: [0mGET /public/files/albums/postPicture-918b1b12-7a90-410d-afc6-cfa64beb68ee1556297146ef843ede95a48743c88d3ad0d3475016052024.jpeg [32m200[0m 3.222 ms - 46228[0m
2024-05-26 16:39:02 info: [0mGET /albums/plan/e1556297146ef843ede95a48743c88d3ad0d3475 [32m200[0m 662.287 ms - 66[0m
2024-05-26 16:39:04 info: [0mGET /users/verify/checkForSale/cus_Q4dwKuSE6TC8Hp/e1556297146ef843ede95a48743c88d3ad0d3475/vip [32m200[0m 1826.369 ms - 5[0m
2024-05-26 16:40:29 info: [0mGET /users/cus_Q4dwKuSE6TC8Hp [32m200[0m 907.112 ms - 236[0m
2024-05-26 16:40:31 info: [0mGET /albums/random/0/cus_Q4dwKuSE6TC8Hp [32m201[0m 713.914 ms - -[0m
2024-05-26 16:40:31 info: [0mGET /albums/all-categories [32m201[0m 1092.679 ms - 72[0m
2024-05-26 16:40:31 info: [0mGET /albums/cus_Q4dwKuSE6TC8Hp [32m201[0m 1159.381 ms - -[0m
2024-05-26 16:40:32 info: [0mGET /albums/popular/cus_Q4dwKuSE6TC8Hp [32m201[0m 1323.590 ms - -[0m
2024-05-26 16:40:32 info: [0mGET /public/files/albums/postPicture-4a9bbbd6-d104-4704-bb67-8a51f896f23a97146ef843ede95a48743c88d3ad0d347501592c12052024.jpeg [33m404[0m 5.294 ms - 260[0m
2024-05-26 16:40:35 info: [0mGET /albums/random/1/cus_Q4dwKuSE6TC8Hp [32m201[0m 484.625 ms - 2[0m
2024-05-26 16:40:36 info: [0mGET /albums/random/3/cus_Q4dwKuSE6TC8Hp [32m201[0m 418.533 ms - 2[0m
2024-05-26 16:40:44 info: [0mGET /public/files/albums/postPicture-4a9bbbd6-d104-4704-bb67-8a51f896f23a97146ef843ede95a48743c88d3ad0d347501592c12052024.jpeg [33m404[0m 4.549 ms - 260[0m
2024-05-26 16:40:44 info: [0mGET /public/files/albums/postPicture-f3496334-7300-4040-8179-ecd9c149333497146ef843ede95a48743c88d3ad0d347501592c12052024.jpeg [33m404[0m 4.344 ms - 260[0m
2024-05-26 16:40:44 info: [0mGET /public/files/albums/postPicture-f60c59f3-463d-4caa-8619-0cb53f0aae3297146ef843ede95a48743c88d3ad0d347501592c12052024.jpeg [33m404[0m 1.837 ms - 260[0m
2024-05-26 16:40:44 info: [0mGET /albums/plan/297146ef843ede95a48743c88d3ad0d347501592 [32m200[0m 470.509 ms - 71[0m
2024-05-26 16:40:46 info: [0mGET /users/verify/checkForSale/cus_Q4dwKuSE6TC8Hp/297146ef843ede95a48743c88d3ad0d347501592/standard [32m200[0m 1112.816 ms - 4[0m
2024-05-26 16:41:01 info: [0mGET /public/files/albums/postPicture-4a9bbbd6-d104-4704-bb67-8a51f896f23a97146ef843ede95a48743c88d3ad0d347501592c12052024.jpeg [33m404[0m 9.775 ms - 260[0m
2024-05-26 16:41:01 info: [0mGET /public/files/albums/postPicture-f60c59f3-463d-4caa-8619-0cb53f0aae3297146ef843ede95a48743c88d3ad0d347501592c12052024.jpeg [33m404[0m 6.439 ms - 260[0m
2024-05-26 16:41:01 info: [0mGET /albums/seller/cus_Q2oW1HioRc0q03 [32m201[0m 729.276 ms - -[0m
2024-05-26 16:41:01 info: [0mGET /users/verify/checkForSubscription/cus_Q4dwKuSE6TC8Hp [32m200[0m 879.961 ms - 4[0m
2024-05-26 16:41:02 info: [0mGET /public/files/albums/postPicture-4a9bbbd6-d104-4704-bb67-8a51f896f23a97146ef843ede95a48743c88d3ad0d347501592c12052024.jpeg [33m404[0m 1.073 ms - 260[0m
2024-05-26 16:41:03 info: [0mGET /public/files/albums/postPicture-4a9bbbd6-d104-4704-bb67-8a51f896f23a97146ef843ede95a48743c88d3ad0d347501592c12052024.jpeg [33m404[0m 12.892 ms - 260[0m
2024-05-26 16:41:03 info: [0mGET /public/files/albums/postPicture-f60c59f3-463d-4caa-8619-0cb53f0aae3297146ef843ede95a48743c88d3ad0d347501592c12052024.jpeg [33m404[0m 14.381 ms - 260[0m
2024-05-26 16:42:45 info: [0mGET /public/files/albums/postPicture-f60c59f3-463d-4caa-8619-0cb53f0aae3297146ef843ede95a48743c88d3ad0d347501592c12052024.jpeg [33m404[0m 33.485 ms - 260[0m
2024-05-26 16:42:45 info: [0mGET /public/files/albums/postPicture-4a9bbbd6-d104-4704-bb67-8a51f896f23a97146ef843ede95a48743c88d3ad0d347501592c12052024.jpeg [33m404[0m 18.209 ms - 260[0m
2024-05-26 16:44:55 info: [0mGET /public/files/albums/postPicture-f60c59f3-463d-4caa-8619-0cb53f0aae3297146ef843ede95a48743c88d3ad0d347501592c12052024.jpeg [33m404[0m 7.975 ms - 260[0m
2024-05-26 16:44:55 info: [0mGET /public/files/albums/postPicture-4a9bbbd6-d104-4704-bb67-8a51f896f23a97146ef843ede95a48743c88d3ad0d347501592c12052024.jpeg [33m404[0m 0.802 ms - 260[0m
2024-05-26 16:46:14 info: [0mGET /public/files/albums/postPicture-f60c59f3-463d-4caa-8619-0cb53f0aae3297146ef843ede95a48743c88d3ad0d347501592c12052024.jpeg [33m404[0m 5.267 ms - 260[0m
2024-05-26 16:46:14 info: [0mGET /public/files/albums/postPicture-4a9bbbd6-d104-4704-bb67-8a51f896f23a97146ef843ede95a48743c88d3ad0d347501592c12052024.jpeg [33m404[0m 1.006 ms - 260[0m
2024-05-26 16:47:38 info: [0mGET /public/files/albums/postPicture-f60c59f3-463d-4caa-8619-0cb53f0aae3297146ef843ede95a48743c88d3ad0d347501592c12052024.jpeg [33m404[0m 7.222 ms - 260[0m
2024-05-26 16:47:38 info: [0mGET /public/files/albums/postPicture-4a9bbbd6-d104-4704-bb67-8a51f896f23a97146ef843ede95a48743c88d3ad0d347501592c12052024.jpeg [33m404[0m 6.454 ms - 260[0m
2024-05-26 16:48:51 info: [0mGET /public/files/albums/postPicture-4a9bbbd6-d104-4704-bb67-8a51f896f23a97146ef843ede95a48743c88d3ad0d347501592c12052024.jpeg [33m404[0m 8.181 ms - 260[0m
2024-05-26 16:48:51 info: [0mGET /public/files/albums/postPicture-f60c59f3-463d-4caa-8619-0cb53f0aae3297146ef843ede95a48743c88d3ad0d347501592c12052024.jpeg [33m404[0m 1.828 ms - 260[0m
2024-05-26 16:48:54 info: [0mGET /public/files/albums/postPicture-4a9bbbd6-d104-4704-bb67-8a51f896f23a97146ef843ede95a48743c88d3ad0d347501592c12052024.jpeg [33m404[0m 42.150 ms - 260[0m
2024-05-26 16:48:55 info: [0mGET /public/files/albums/postPicture-4a9bbbd6-d104-4704-bb67-8a51f896f23a97146ef843ede95a48743c88d3ad0d347501592c12052024.jpeg [33m404[0m 0.933 ms - 260[0m
2024-05-26 16:48:56 info: [0mGET /albums/plan/e1556297146ef843ede95a48743c88d3ad0d3475 [32m200[0m 863.412 ms - 66[0m
2024-05-26 16:48:58 info: [0mGET /users/verify/checkForSale/cus_Q4dwKuSE6TC8Hp/e1556297146ef843ede95a48743c88d3ad0d3475/vip [32m200[0m 891.909 ms - 5[0m
2024-05-26 16:49:03 info: [0mGET /public/files/albums/postPicture-4a9bbbd6-d104-4704-bb67-8a51f896f23a97146ef843ede95a48743c88d3ad0d347501592c12052024.jpeg [33m404[0m 2.508 ms - 260[0m
2024-05-26 16:49:05 info: [0mGET /public/files/albums/postPicture-f60c59f3-463d-4caa-8619-0cb53f0aae3297146ef843ede95a48743c88d3ad0d347501592c12052024.jpeg [33m404[0m 2.984 ms - 260[0m
2024-05-26 16:49:05 info: [0mGET /public/files/albums/postPicture-4a9bbbd6-d104-4704-bb67-8a51f896f23a97146ef843ede95a48743c88d3ad0d347501592c12052024.jpeg [33m404[0m 1.415 ms - 260[0m
2024-05-26 16:49:05 info: [0mGET /public/files/albums/postPicture-f3496334-7300-4040-8179-ecd9c149333497146ef843ede95a48743c88d3ad0d347501592c12052024.jpeg [33m404[0m 1.258 ms - 260[0m
2024-05-26 16:49:05 info: [0mGET /albums/plan/297146ef843ede95a48743c88d3ad0d347501592 [32m200[0m 587.425 ms - 71[0m
2024-05-26 16:49:07 info: [0mGET /users/verify/checkForSale/cus_Q4dwKuSE6TC8Hp/297146ef843ede95a48743c88d3ad0d347501592/standard [32m200[0m 1422.804 ms - 4[0m
2024-05-26 16:51:26 info: [0mGET /public/files/albums/postPicture-f60c59f3-463d-4caa-8619-0cb53f0aae3297146ef843ede95a48743c88d3ad0d347501592c12052024.jpeg [33m404[0m 10.052 ms - 260[0m
2024-05-26 16:51:26 info: [0mGET /public/files/albums/postPicture-4a9bbbd6-d104-4704-bb67-8a51f896f23a97146ef843ede95a48743c88d3ad0d347501592c12052024.jpeg [33m404[0m 4.375 ms - 260[0m
2024-05-26 16:51:33 info: [0mGET /public/files/albums/postPicture-4a9bbbd6-d104-4704-bb67-8a51f896f23a97146ef843ede95a48743c88d3ad0d347501592c12052024.jpeg [33m404[0m 3.474 ms - 260[0m
2024-05-26 16:51:34 info: [0mGET /public/files/albums/postPicture-4a9bbbd6-d104-4704-bb67-8a51f896f23a97146ef843ede95a48743c88d3ad0d347501592c12052024.jpeg [33m404[0m 6.626 ms - 260[0m
2024-05-26 16:51:34 info: [0mGET /albums/plan/e1556297146ef843ede95a48743c88d3ad0d3475 [32m200[0m 546.023 ms - 66[0m
2024-05-26 16:51:35 info: [0mGET /users/verify/checkForSubscription/cus_Q4dwKuSE6TC8Hp [32m200[0m 1262.044 ms - 4[0m
2024-05-26 16:51:36 info: [0mGET /users/verify/checkForSale/cus_Q4dwKuSE6TC8Hp/e1556297146ef843ede95a48743c88d3ad0d3475/vip [32m200[0m 1665.940 ms - 5[0m
2024-05-26 16:52:03 info: [0mGET /public/files/albums/postPicture-4a9bbbd6-d104-4704-bb67-8a51f896f23a97146ef843ede95a48743c88d3ad0d347501592c12052024.jpeg [33m404[0m 4.983 ms - 260[0m
2024-05-26 16:52:04 info: [0mGET /public/files/albums/postPicture-4a9bbbd6-d104-4704-bb67-8a51f896f23a97146ef843ede95a48743c88d3ad0d347501592c12052024.jpeg [33m404[0m 2.372 ms - 260[0m
2024-05-26 16:52:05 info: [0mGET /public/files/albums/postPicture-4a9bbbd6-d104-4704-bb67-8a51f896f23a97146ef843ede95a48743c88d3ad0d347501592c12052024.jpeg [33m404[0m 1.174 ms - 260[0m
2024-05-26 16:52:05 info: [0mGET /albums/plan/e1556297146ef843ede95a48743c88d3ad0d3475 [32m200[0m 479.372 ms - 66[0m
2024-05-26 16:52:06 info: [0mGET /users/verify/checkForSubscription/cus_Q4dwKuSE6TC8Hp [32m200[0m 876.589 ms - 4[0m
2024-05-26 16:52:07 info: [0mGET /users/verify/checkForSale/cus_Q4dwKuSE6TC8Hp/e1556297146ef843ede95a48743c88d3ad0d3475/vip [32m200[0m 961.796 ms - 5[0m
2024-05-26 16:52:10 info: [0mGET /public/files/albums/postPicture-f60c59f3-463d-4caa-8619-0cb53f0aae3297146ef843ede95a48743c88d3ad0d347501592c12052024.jpeg [33m404[0m 6.398 ms - 260[0m
2024-05-26 16:52:10 info: [0mGET /public/files/albums/postPicture-f3496334-7300-4040-8179-ecd9c149333497146ef843ede95a48743c88d3ad0d347501592c12052024.jpeg [33m404[0m 4.057 ms - 260[0m
2024-05-26 16:52:10 info: [0mGET /public/files/albums/postPicture-4a9bbbd6-d104-4704-bb67-8a51f896f23a97146ef843ede95a48743c88d3ad0d347501592c12052024.jpeg [33m404[0m 2.815 ms - 260[0m
2024-05-26 16:52:11 info: [0mGET /albums/plan/297146ef843ede95a48743c88d3ad0d347501592 [32m200[0m 776.636 ms - 71[0m
2024-05-26 16:52:11 info: [0mGET /users/verify/checkForSubscription/cus_Q4dwKuSE6TC8Hp [32m200[0m 1335.904 ms - 4[0m
2024-05-26 16:52:12 info: [0mGET /users/verify/checkForSale/cus_Q4dwKuSE6TC8Hp/297146ef843ede95a48743c88d3ad0d347501592/standard [32m200[0m 1124.914 ms - 4[0m
2024-05-26 16:53:14 info: [0mGET /public/files/albums/postPicture-f60c59f3-463d-4caa-8619-0cb53f0aae3297146ef843ede95a48743c88d3ad0d347501592c12052024.jpeg [33m404[0m 13.654 ms - 260[0m
2024-05-26 16:53:14 info: [0mGET /public/files/albums/postPicture-4a9bbbd6-d104-4704-bb67-8a51f896f23a97146ef843ede95a48743c88d3ad0d347501592c12052024.jpeg [33m404[0m 0.710 ms - 260[0m
2024-05-26 16:55:29 info: [0mGET /public/files/albums/postPicture-f60c59f3-463d-4caa-8619-0cb53f0aae3297146ef843ede95a48743c88d3ad0d347501592c12052024.jpeg [33m404[0m 22.278 ms - 260[0m
2024-05-26 16:55:29 info: [0mGET /public/files/albums/postPicture-4a9bbbd6-d104-4704-bb67-8a51f896f23a97146ef843ede95a48743c88d3ad0d347501592c12052024.jpeg [33m404[0m 1.198 ms - 260[0m
2024-05-26 16:55:48 info: [0mGET /public/files/albums/postPicture-4a9bbbd6-d104-4704-bb67-8a51f896f23a97146ef843ede95a48743c88d3ad0d347501592c12052024.jpeg [33m404[0m 3.430 ms - 260[0m
2024-05-26 16:55:50 info: [0mGET /public/files/albums/postPicture-4a9bbbd6-d104-4704-bb67-8a51f896f23a97146ef843ede95a48743c88d3ad0d347501592c12052024.jpeg [33m404[0m 0.881 ms - 260[0m
2024-05-26 16:55:51 info: [0mGET /albums/plan/e1556297146ef843ede95a48743c88d3ad0d3475 [32m200[0m 915.462 ms - 66[0m
2024-05-26 16:55:51 info: [0mGET /users/verify/checkForSubscription/cus_Q4dwKuSE6TC8Hp [32m200[0m 1351.201 ms - 4[0m
2024-05-26 16:55:53 info: [0mGET /users/verify/checkForSale/cus_Q4dwKuSE6TC8Hp/e1556297146ef843ede95a48743c88d3ad0d3475/vip [32m200[0m 1583.099 ms - 5[0m
2024-05-26 16:55:58 info: [0mGET /public/files/albums/postPicture-4a9bbbd6-d104-4704-bb67-8a51f896f23a97146ef843ede95a48743c88d3ad0d347501592c12052024.jpeg [33m404[0m 2.505 ms - 260[0m
2024-05-26 16:56:01 info: [0mGET /public/files/albums/postPicture-4a9bbbd6-d104-4704-bb67-8a51f896f23a97146ef843ede95a48743c88d3ad0d347501592c12052024.jpeg [33m404[0m 1.289 ms - 260[0m
2024-05-26 16:56:01 info: [0mGET /public/files/albums/postPicture-f3496334-7300-4040-8179-ecd9c149333497146ef843ede95a48743c88d3ad0d347501592c12052024.jpeg [33m404[0m 3.338 ms - 260[0m
2024-05-26 16:56:01 info: [0mGET /public/files/albums/postPicture-f60c59f3-463d-4caa-8619-0cb53f0aae3297146ef843ede95a48743c88d3ad0d347501592c12052024.jpeg [33m404[0m 5.247 ms - 260[0m
2024-05-26 16:56:01 info: [0mGET /users/verify/checkForSubscription/cus_Q4dwKuSE6TC8Hp [32m200[0m 978.212 ms - 4[0m
2024-05-26 16:56:02 info: [0mGET /albums/plan/297146ef843ede95a48743c88d3ad0d347501592 [32m200[0m 1835.974 ms - 71[0m
2024-05-26 16:56:04 info: [0mGET /users/verify/checkForSale/cus_Q4dwKuSE6TC8Hp/297146ef843ede95a48743c88d3ad0d347501592/standard [32m200[0m 1084.938 ms - 4[0m
2024-05-26 16:56:07 info: [0mGET /public/files/albums/postPicture-4a9bbbd6-d104-4704-bb67-8a51f896f23a97146ef843ede95a48743c88d3ad0d347501592c12052024.jpeg [33m404[0m 2.845 ms - 260[0m
2024-05-26 16:56:12 info: [0mGET /public/files/albums/postPicture-4a9bbbd6-d104-4704-bb67-8a51f896f23a97146ef843ede95a48743c88d3ad0d347501592c12052024.jpeg [33m404[0m 2.651 ms - 260[0m
2024-05-26 16:56:12 info: [0mGET /albums/plan/e1556297146ef843ede95a48743c88d3ad0d3475 [32m200[0m 476.087 ms - 66[0m
2024-05-26 16:56:13 info: [0mGET /users/verify/checkForSubscription/cus_Q4dwKuSE6TC8Hp [32m200[0m 903.015 ms - 4[0m
2024-05-26 16:56:14 info: [0mGET /users/verify/checkForSale/cus_Q4dwKuSE6TC8Hp/e1556297146ef843ede95a48743c88d3ad0d3475/vip [32m200[0m 1163.700 ms - 5[0m
2024-05-26 16:56:21 info: [0mGET /public/files/albums/postPicture-4a9bbbd6-d104-4704-bb67-8a51f896f23a97146ef843ede95a48743c88d3ad0d347501592c12052024.jpeg [33m404[0m 4.910 ms - 260[0m
2024-05-26 16:56:22 info: [0mGET /public/files/albums/postPicture-4a9bbbd6-d104-4704-bb67-8a51f896f23a97146ef843ede95a48743c88d3ad0d347501592c12052024.jpeg [33m404[0m 1.767 ms - 260[0m
2024-05-26 16:56:22 info: [0mGET /albums/plan/dc383cb24f6d03dfe1556297146ef843ede95a48 [32m200[0m 434.468 ms - 66[0m
2024-05-26 16:56:23 info: [0mGET /users/verify/checkForSubscription/cus_Q4dwKuSE6TC8Hp [32m200[0m 1242.011 ms - 4[0m
2024-05-26 16:56:24 info: [0mGET /users/verify/checkForSale/cus_Q4dwKuSE6TC8Hp/dc383cb24f6d03dfe1556297146ef843ede95a48/vip [32m200[0m 1888.972 ms - 5[0m
2024-05-26 16:56:27 info: [0mGET /public/files/albums/postPicture-4a9bbbd6-d104-4704-bb67-8a51f896f23a97146ef843ede95a48743c88d3ad0d347501592c12052024.jpeg [33m404[0m 4.288 ms - 260[0m
2024-05-26 16:56:29 info: [0mGET /albums/random/5/cus_Q4dwKuSE6TC8Hp [32m201[0m 555.007 ms - 2[0m
2024-05-26 16:56:30 info: [0mGET /public/files/albums/postPicture-4a9bbbd6-d104-4704-bb67-8a51f896f23a97146ef843ede95a48743c88d3ad0d347501592c12052024.jpeg [33m404[0m 1.299 ms - 260[0m
2024-05-26 16:56:30 info: [0mGET /public/files/albums/postPicture-f60c59f3-463d-4caa-8619-0cb53f0aae3297146ef843ede95a48743c88d3ad0d347501592c12052024.jpeg [33m404[0m 1.788 ms - 260[0m
2024-05-26 16:56:30 info: [0mGET /public/files/albums/postPicture-f3496334-7300-4040-8179-ecd9c149333497146ef843ede95a48743c88d3ad0d347501592c12052024.jpeg [33m404[0m 0.920 ms - 260[0m
2024-05-26 16:56:31 info: [0mGET /albums/plan/297146ef843ede95a48743c88d3ad0d347501592 [32m200[0m 617.675 ms - 71[0m
2024-05-26 16:56:31 info: [0mGET /users/verify/checkForSubscription/cus_Q4dwKuSE6TC8Hp [32m200[0m 1034.084 ms - 4[0m
2024-05-26 16:56:32 info: [0mGET /users/verify/checkForSale/cus_Q4dwKuSE6TC8Hp/297146ef843ede95a48743c88d3ad0d347501592/standard [32m200[0m 907.493 ms - 4[0m
2024-05-26 16:56:35 info: [0mGET /public/files/albums/postPicture-4a9bbbd6-d104-4704-bb67-8a51f896f23a97146ef843ede95a48743c88d3ad0d347501592c12052024.jpeg [33m404[0m 2.872 ms - 260[0m
2024-05-26 16:56:36 info: [0mGET /public/files/albums/postPicture-4a9bbbd6-d104-4704-bb67-8a51f896f23a97146ef843ede95a48743c88d3ad0d347501592c12052024.jpeg [33m404[0m 1.392 ms - 260[0m
