2024-01-02 16:05:32 info: =================================
2024-01-02 16:05:32 info: ======= ENV: development =======
2024-01-02 16:05:32 info: 🚀 App listening on the port 8000
2024-01-02 16:05:32 info: =================================
2024-01-02 16:09:10 error: [GET] /users/cus_PBbQBKCT5KXiiH >> StatusCode:: 401, Message:: missing token
2024-01-02 16:09:10 info: [0mGET /users/cus_PBbQBKCT5KXiiH [33m401[0m 89.394 ms - 27[0m
2024-01-02 16:09:10 info: [0mPOST /refresh [32m200[0m 37.586 ms - 247[0m
2024-01-02 16:09:15 info: [0mGET /users/cus_PBbQBKCT5KXiiH [32m200[0m 3172.969 ms - 376[0m
2024-01-02 16:09:18 info: [0mGET /public/files/avatars/avatarcus_PBbQBKCT5KXiiH.jpeg [32m200[0m 23.370 ms - 63869[0m
2024-01-02 16:09:20 info: [0mGET /albums/random/0/cus_PBbQBKCT5KXiiH [32m201[0m 1628.207 ms - -[0m
2024-01-02 16:09:20 info: [0mGET /public/files/albums/postPicture-37072eed-ffa4-4732-901f-69ff0ebf31964283235459063127545jpg'4a7b30776d4b031071bc78bf6dc9f52192f93a9527122023.jpeg [32m200[0m 11.878 ms - 64166[0m
2024-01-02 16:09:21 info: [0mGET /users/plans/cus_PBbQBKCT5KXiiH [32m200[0m 2388.499 ms - 214[0m
2024-01-02 16:09:21 info: [0mGET /public/files/albums/postPicture-37072eed-ffa4-4732-901f-69ff0ebf31964283235459063127545jpg'7f004a7b30776d4b031071bc78bf6dc9f52192f919122023.jpeg [32m200[0m 7.189 ms - 64166[0m
2024-01-02 16:09:21 info: [0mGET /public/files/albums/postPicture-67cacd40-f40d-4408-b887-a888d25b2ab6327830558753184262jpg'9b12bf526f886bf9c48e7074b216f58f32573b0349122023.jpeg [32m200[0m 26.300 ms - 63629[0m
2024-01-02 16:09:21 info: [0mGET /public/files/albums/postPicture-f5b606e7-ea02-4b6d-abff-29e591ecedaa8594422175717132219jpg'8cbf7d8afa6550240c203bb59a5ce94ef6847d3f05122023.jpeg [32m200[0m 5.129 ms - 63414[0m
2024-01-02 16:09:22 info: [0mGET /public/files/albums/postPicture-27d6b646-950f-4783-a244-a5d24771130b8314993466251131527jpg'f526f886bf9c48e7074b216f58f32573b03d539914122023.jpeg [32m200[0m 14.619 ms - 64254[0m
2024-01-02 16:09:22 info: [0mGET /albums/cus_PBbQBKCT5KXiiH [32m201[0m 3501.593 ms - -[0m
2024-01-02 16:09:23 info: [0mGET /public/files/albums/postPicture-68a722d5-48db-4c56-9094-875d4930d6a96403750345436467466jpg'd8afa6550240c203bb59a5ce94ef6847d3fa453f30122023.png [32m200[0m 14.124 ms - 63629[0m
2024-01-02 16:09:26 info: [0mGET /albums/all-categories [32m201[0m 6765.056 ms - 114[0m
2024-01-02 16:09:29 info: [0mGET /albums/popular/cus_PBbQBKCT5KXiiH [32m201[0m 10763.984 ms - -[0m
2024-01-02 16:09:51 info: [0mGET /public/files/albums/postPicture-1d039e14-9252-47d6-8d39-92f625d46f435867363189936475864jpg'7f004a7b30776d4b031071bc78bf6dc9f52192f919122023.jpeg [32m200[0m 14.847 ms - 63869[0m
2024-01-02 16:09:56 info: [0mGET /public/files/avatars/avatare1d640e916c8628de70bf8ec0bd97461577cc85a.jpeg [32m200[0m 5.851 ms - 2908911[0m
2024-01-02 16:10:01 info: [0mGET /public/files/albums/postPicture-1d039e14-9252-47d6-8d39-92f625d46f435867363189936475864jpg'4a7b30776d4b031071bc78bf6dc9f52192f93a9527122023.jpeg [32m200[0m 7.904 ms - 63869[0m
2024-01-02 16:10:02 info: [0mGET /public/files/albums/postPicture-845deff6-be96-43f5-b109-af54ffe139ae4617808164101427779jpg'4a7b30776d4b031071bc78bf6dc9f52192f93a9527122023.jpeg [32m200[0m 11.176 ms - 64510[0m
2024-01-02 16:10:27 error: [GET] /users/plans/e1d640e916c8628de70bf8ec0bd97461577cc85a >> StatusCode:: 401, Message:: missing token
2024-01-02 16:10:27 info: [0mGET /users/plans/e1d640e916c8628de70bf8ec0bd97461577cc85a [33m401[0m 17.585 ms - 27[0m
2024-01-02 16:10:29 info: [0mPOST /refresh [32m200[0m 665.631 ms - 248[0m
2024-01-02 16:10:39 info: [0mGET /users/plans/e1d640e916c8628de70bf8ec0bd97461577cc85a [32m200[0m 7759.509 ms - 223[0m
2024-01-02 16:10:44 info: [0mGET /users/plans/e1d640e916c8628de70bf8ec0bd97461577cc85a [32m200[0m 3206.649 ms - 223[0m
2024-01-02 16:10:59 info: [0mPOST /users/subscribe/cus_PBbQBKCT5KXiiH [32m200[0m 5445.700 ms - -[0m
2024-01-02 16:13:19 info: [0mGET /public/files/albums/WhatsApp%20Image%202023-09-23%20at%201957.21.jpeg0e916c8628de70bf8ec0bd97461577cc85aa578627122023.jpeg [33m404[0m 4.908 ms - 261[0m
2024-01-02 16:13:20 info: [0mGET /public/files/albums/postPicture-1d039e14-9252-47d6-8d39-92f625d46f435867363189936475864jpg'0776d4b031071bc78bf6dc9f52192f93a957ba5247122023.jpeg [32m200[0m 7.590 ms - 63869[0m
2024-01-02 16:13:20 info: [0mGET /public/files/albums/postPicturef50e15909b11505cfe5bd9b6bef9ae840078e47327122023.png [33m404[0m 10.465 ms - 222[0m
2024-01-02 16:13:20 info: [0mGET /public/files/albums/postPictureb25e375f3a97b3467961505186a4241e2a6bbefb22122023.jpeg [33m404[0m 11.086 ms - 223[0m
2024-01-02 16:13:20 info: [0mGET /public/files/albums/postPicture9b11505cfe5bd9b6bef9ae840078e4734144b5d914122023.png [33m404[0m 10.524 ms - 222[0m
2024-01-02 16:13:20 info: [0mGET /public/files/albums/postPicture5d2f8cd3f6f50e15909b11505cfe5bd9b6bef9ae42122023.png [33m404[0m 9.335 ms - 222[0m
2024-01-02 16:13:20 info: [0mGET /public/files/albums/postPicture505cfe5bd9b6bef9ae840078e4734144b5d9dd6e43122023.png [33m404[0m 9.092 ms - 222[0m
2024-01-02 16:13:20 info: [0mGET /public/files/albums/postPicture-f5b606e7-ea02-4b6d-abff-29e591ecedaa8594422175717132219jpg'b2cb830fcd753b660667ff950cd132a686781f6d46122023.jpeg [32m200[0m 17.028 ms - 63414[0m
2024-01-02 16:13:20 info: [0mGET /public/files/albums/postPicture-27d6b646-950f-4783-a244-a5d24771130b8314993466251131527jpg'956db2cb830fcd753b660667ff950cd132a6867812122023.jpeg [32m200[0m 13.596 ms - 64254[0m
2024-01-02 16:13:21 info: [0mGET /public/files/albums/postPicture5f539a43c377472363dbdd37af8a523e7b124a8022122023.png [33m404[0m 1.195 ms - 222[0m
2024-01-02 16:13:21 info: [0mGET /public/files/albums/postPicture3d30f9e2249b636e6a6d423149a491b02cfb8e3927122023.png [33m404[0m 2.454 ms - 222[0m
2024-01-02 16:13:23 info: [0mGET /public/files/albums/postPictureab1ea683903e4ee8f09207748b58848b796d30b002122023.octet-stream [33m404[0m 1.530 ms - 231[0m
2024-01-02 16:13:23 info: [0mGET /public/files/albums/postPicturebc134f12720fc7feb9b82da20c66021635b3d5ec16122023.octet-stream [33m404[0m 3.404 ms - 231[0m
2024-01-02 16:13:24 info: [0mGET /public/files/albums/WhatsApp%20Image%202023-09-23%20at%201957.21.jpeg0e916c8628de70bf8ec0bd97461577cc85aa578627122023.jpeg [33m404[0m 1.107 ms - 261[0m
2024-01-02 16:13:26 info: [0mGET /public/files/albums/postPictureb25e375f3a97b3467961505186a4241e2a6bbefb22122023.jpeg [33m404[0m 1.264 ms - 223[0m
2024-01-02 16:13:26 info: [0mGET /public/files/albums/postPicture505cfe5bd9b6bef9ae840078e4734144b5d9dd6e43122023.png [33m404[0m 1.236 ms - 222[0m
2024-01-02 16:13:27 info: [0mGET /public/files/albums/postPicture5f539a43c377472363dbdd37af8a523e7b124a8022122023.png [33m404[0m 2.015 ms - 222[0m
2024-01-02 16:13:27 info: [0mGET /public/files/albums/postPictureffe7acebe0fd2c1bb9e191df6d10863a0675575746122023.octet-stream [33m404[0m 5.361 ms - 231[0m
2024-01-02 16:13:27 info: [0mGET /public/files/albums/postPicture3d30f9e2249b636e6a6d423149a491b02cfb8e3927122023.png [33m404[0m 5.051 ms - 222[0m
2024-01-02 16:13:27 info: [0mGET /public/files/albums/postPicture0fd2c1bb9e191df6d10863a06755757a97f6c1bf31122023.octet-stream [33m404[0m 5.807 ms - 231[0m
2024-01-02 16:13:27 info: [0mGET /public/files/albums/postPicture9b11505cfe5bd9b6bef9ae840078e4734144b5d914122023.png [33m404[0m 6.620 ms - 222[0m
2024-01-02 16:13:27 info: [0mGET /public/files/albums/postPicturebc134f12720fc7feb9b82da20c66021635b3d5ec16122023.octet-stream [33m404[0m 7.274 ms - 231[0m
2024-01-02 16:13:27 info: [0mGET /public/files/albums/postPicturef50e15909b11505cfe5bd9b6bef9ae840078e47327122023.png [33m404[0m 7.858 ms - 222[0m
2024-01-02 16:13:27 info: [0mGET /public/files/albums/postPictureab1ea683903e4ee8f09207748b58848b796d30b002122023.octet-stream [33m404[0m 0.971 ms - 231[0m
2024-01-02 16:13:28 info: [0mGET /public/files/albums/postPicture5d2f8cd3f6f50e15909b11505cfe5bd9b6bef9ae42122023.png [33m404[0m 2.746 ms - 222[0m
2024-01-02 16:13:31 info: [0mGET /notifications/cus_PBbQBKCT5KXiiH [32m201[0m 966.688 ms - 2[0m
2024-01-02 16:14:16 info: [0mPOST /login [33m403[0m 976.162 ms - 44[0m
2024-01-02 16:14:31 info: [0mPOST /login [33m403[0m 828.572 ms - 44[0m
2024-01-02 16:14:39 info: [0mPOST /login [33m403[0m 933.532 ms - 44[0m
2024-01-02 16:16:30 info: =================================
2024-01-02 16:16:30 info: ======= ENV: development =======
2024-01-02 16:16:30 info: 🚀 App listening on the port 8000
2024-01-02 16:16:30 info: =================================
2024-01-02 16:17:24 info: =================================
2024-01-02 16:17:24 info: ======= ENV: development =======
2024-01-02 16:17:24 info: 🚀 App listening on the port 8000
2024-01-02 16:17:24 info: =================================
2024-01-02 16:17:49 info: =================================
2024-01-02 16:17:49 info: ======= ENV: development =======
2024-01-02 16:17:49 info: 🚀 App listening on the port 8000
2024-01-02 16:17:49 info: =================================
2024-01-02 16:21:35 info: =================================
2024-01-02 16:21:35 info: ======= ENV: development =======
2024-01-02 16:21:35 info: 🚀 App listening on the port 8000
2024-01-02 16:21:35 info: =================================
2024-01-02 16:22:15 info: =================================
2024-01-02 16:22:15 info: ======= ENV: development =======
2024-01-02 16:22:15 info: 🚀 App listening on the port 8000
2024-01-02 16:22:15 info: =================================
2024-01-02 16:23:10 info: [0mPOST /login [33m403[0m 1246.452 ms - 44[0m
2024-01-02 16:23:20 info: [0mPOST /login [33m403[0m 901.548 ms - 44[0m
2024-01-02 16:23:34 info: [0mPOST /login [33m403[0m 1078.906 ms - 44[0m
2024-01-02 16:24:12 info: [0mPOST /login [33m403[0m 1114.953 ms - 44[0m
2024-01-02 16:24:37 info: [0mPOST /login [33m403[0m 919.311 ms - 44[0m
2024-01-02 16:24:52 info: [0mPOST /login [33m403[0m 965.224 ms - 44[0m
2024-01-02 16:25:03 info: [0mPOST /login [33m403[0m 915.446 ms - 44[0m
2024-01-02 16:25:20 info: [0mPOST /login [33m403[0m 824.175 ms - 44[0m
2024-01-02 16:25:27 info: [0mPOST /login [32m200[0m 1727.066 ms - 628[0m
2024-01-02 16:25:29 info: [0mGET /albums/random/0/cus_PBbQBKCT5KXiiH [32m201[0m 1450.087 ms - -[0m
2024-01-02 16:25:30 info: [0mGET /albums/all-categories [32m201[0m 1817.083 ms - 114[0m
2024-01-02 16:25:30 info: [0mGET /users/plans/cus_PBbQBKCT5KXiiH [32m200[0m 2023.911 ms - 214[0m
2024-01-02 16:25:31 info: [0mGET /albums/cus_PBbQBKCT5KXiiH [32m201[0m 3188.379 ms - -[0m
2024-01-02 16:25:31 info: [0mGET /albums/popular/cus_PBbQBKCT5KXiiH [32m201[0m 3255.534 ms - -[0m
2024-01-02 16:25:32 info: [0mGET /notifications/cus_PBbQBKCT5KXiiH [32m201[0m 961.467 ms - 2[0m
2024-01-02 16:26:27 info: [0mPOST /login [33m403[0m 929.834 ms - 44[0m
2024-01-02 16:26:42 info: [0mPOST /login [33m403[0m 986.820 ms - 44[0m
2024-01-02 16:26:59 info: [0mPOST /login [32m200[0m 1613.256 ms - 727[0m
2024-01-02 16:27:00 info: [0mGET /albums/random/0/e1d640e916c8628de70bf8ec0bd97461577cc85a [32m201[0m 919.399 ms - 2[0m
2024-01-02 16:27:01 info: [0mGET /albums/all-categories [32m201[0m 1737.301 ms - 114[0m
2024-01-02 16:27:01 info: [0mGET /users/plans/e1d640e916c8628de70bf8ec0bd97461577cc85a [32m200[0m 1963.255 ms - 223[0m
2024-01-02 16:27:02 info: [0mGET /albums/popular/e1d640e916c8628de70bf8ec0bd97461577cc85a [32m201[0m 2041.317 ms - 19[0m
2024-01-02 16:27:02 info: [0mGET /albums/e1d640e916c8628de70bf8ec0bd97461577cc85a [32m201[0m 2295.490 ms - -[0m
2024-01-02 16:27:02 info: [0mGET /notifications/e1d640e916c8628de70bf8ec0bd97461577cc85a [32m201[0m 828.995 ms - -[0m
2024-01-02 16:27:43 info: [0mPOST /sellers/upload/identitycard/e1d640e916c8628de70bf8ec0bd97461577cc85a [32m201[0m 1603.199 ms - 71[0m
2024-01-02 16:27:49 info: [0mGET /albums/random/0/e1d640e916c8628de70bf8ec0bd97461577cc85a [32m201[0m 1151.705 ms - 2[0m
2024-01-02 16:27:49 info: [0mGET /albums/all-categories [32m201[0m 1755.702 ms - 114[0m
2024-01-02 16:27:50 info: [0mGET /albums/popular/e1d640e916c8628de70bf8ec0bd97461577cc85a [32m201[0m 2054.234 ms - 19[0m
2024-01-02 16:27:50 info: [0mGET /albums/e1d640e916c8628de70bf8ec0bd97461577cc85a [32m201[0m 1885.299 ms - -[0m
2024-01-02 16:28:22 info: [0mGET /users/ai/generatePictures [32m200[0m 8197.989 ms - -[0m
2024-01-02 16:29:08 error: [GET] /wallet/e1d640e916c8628de70bf8ec0bd97461577cc85a >> StatusCode:: 401, Message:: missing token
2024-01-02 16:29:08 info: [0mGET /wallet/e1d640e916c8628de70bf8ec0bd97461577cc85a [33m401[0m 28.121 ms - 27[0m
2024-01-02 16:29:09 info: [0mPOST /refresh [32m200[0m 4.170 ms - 276[0m
2024-01-02 16:29:11 info: [0mGET /wallet/e1d640e916c8628de70bf8ec0bd97461577cc85a [32m201[0m 1696.702 ms - 16[0m
2024-01-02 16:30:56 info: [0mGET /notifications/e1d640e916c8628de70bf8ec0bd97461577cc85a [32m201[0m 1044.242 ms - -[0m
2024-01-02 16:31:02 info: [0mGET /public/files/albums/postPictureb25e375f3a97b3467961505186a4241e2a6bbefb22122023.jpeg [33m404[0m 6.535 ms - 223[0m
2024-01-02 16:31:02 info: [0mGET /public/files/albums/postPicturef50e15909b11505cfe5bd9b6bef9ae840078e47327122023.png [33m404[0m 5.841 ms - 222[0m
2024-01-02 16:31:02 info: [0mGET /public/files/albums/postPicture9b11505cfe5bd9b6bef9ae840078e4734144b5d914122023.png [33m404[0m 1.657 ms - 222[0m
2024-01-02 16:31:02 info: [0mGET /public/files/albums/postPicture5d2f8cd3f6f50e15909b11505cfe5bd9b6bef9ae42122023.png [33m404[0m 1.755 ms - 222[0m
2024-01-02 16:31:02 info: [0mGET /public/files/albums/postPicture3d30f9e2249b636e6a6d423149a491b02cfb8e3927122023.png [33m404[0m 1.470 ms - 222[0m
2024-01-02 16:31:02 info: [0mGET /public/files/albums/postPicturebc134f12720fc7feb9b82da20c66021635b3d5ec16122023.octet-stream [33m404[0m 5.798 ms - 231[0m
2024-01-02 16:31:02 info: [0mGET /public/files/albums/postPicture5f539a43c377472363dbdd37af8a523e7b124a8022122023.png [33m404[0m 6.371 ms - 222[0m
2024-01-02 16:31:02 info: [0mGET /public/files/albums/postPictureffe7acebe0fd2c1bb9e191df6d10863a0675575746122023.octet-stream [33m404[0m 6.737 ms - 231[0m
2024-01-02 16:31:02 info: [0mGET /public/files/albums/postPicture505cfe5bd9b6bef9ae840078e4734144b5d9dd6e43122023.png [33m404[0m 8.098 ms - 222[0m
2024-01-02 16:31:02 info: [0mGET /public/files/albums/postPicture0fd2c1bb9e191df6d10863a06755757a97f6c1bf31122023.octet-stream [33m404[0m 7.503 ms - 231[0m
2024-01-02 16:31:02 info: [0mGET /public/files/albums/postPictureab1ea683903e4ee8f09207748b58848b796d30b002122023.octet-stream [33m404[0m 2.369 ms - 231[0m
2024-01-02 16:31:04 info: [0mGET /public/files/albums/postPictureb25e375f3a97b3467961505186a4241e2a6bbefb22122023.jpeg [33m404[0m 2.358 ms - 223[0m
2024-01-02 16:31:04 info: [0mGET /public/files/albums/postPicturef50e15909b11505cfe5bd9b6bef9ae840078e47327122023.png [33m404[0m 5.235 ms - 222[0m
2024-01-02 16:31:04 info: [0mGET /public/files/albums/postPicture505cfe5bd9b6bef9ae840078e4734144b5d9dd6e43122023.png [33m404[0m 6.264 ms - 222[0m
2024-01-02 16:31:04 info: [0mGET /public/files/albums/postPicture9b11505cfe5bd9b6bef9ae840078e4734144b5d914122023.png [33m404[0m 1.914 ms - 222[0m
2024-01-02 16:31:04 info: [0mGET /public/files/albums/postPicture5f539a43c377472363dbdd37af8a523e7b124a8022122023.png [33m404[0m 5.464 ms - 222[0m
2024-01-02 16:31:04 info: [0mGET /public/files/albums/postPicture5d2f8cd3f6f50e15909b11505cfe5bd9b6bef9ae42122023.png [33m404[0m 4.701 ms - 222[0m
2024-01-02 16:31:04 info: [0mGET /public/files/albums/postPictureffe7acebe0fd2c1bb9e191df6d10863a0675575746122023.octet-stream [33m404[0m 5.100 ms - 231[0m
2024-01-02 16:31:04 info: [0mGET /public/files/albums/postPicture0fd2c1bb9e191df6d10863a06755757a97f6c1bf31122023.octet-stream [33m404[0m 5.260 ms - 231[0m
2024-01-02 16:31:04 info: [0mGET /public/files/albums/postPicture3d30f9e2249b636e6a6d423149a491b02cfb8e3927122023.png [33m404[0m 6.373 ms - 222[0m
2024-01-02 16:31:04 info: [0mGET /public/files/albums/postPicturebc134f12720fc7feb9b82da20c66021635b3d5ec16122023.octet-stream [33m404[0m 1.125 ms - 231[0m
2024-01-02 16:31:05 info: [0mGET /public/files/albums/postPictureab1ea683903e4ee8f09207748b58848b796d30b002122023.octet-stream [33m404[0m 1.097 ms - 231[0m
2024-01-02 16:31:12 info: [0mGET /public/files/albums/postPicturef50e15909b11505cfe5bd9b6bef9ae840078e47327122023.png [33m404[0m 1.131 ms - 222[0m
2024-01-02 16:31:12 info: [0mGET /public/files/albums/postPicture505cfe5bd9b6bef9ae840078e4734144b5d9dd6e43122023.png [33m404[0m 1.791 ms - 222[0m
2024-01-02 16:31:12 info: [0mGET /public/files/albums/postPicture5f539a43c377472363dbdd37af8a523e7b124a8022122023.png [33m404[0m 2.935 ms - 222[0m
2024-01-02 16:31:12 info: [0mGET /public/files/albums/postPicture9b11505cfe5bd9b6bef9ae840078e4734144b5d914122023.png [33m404[0m 0.945 ms - 222[0m
2024-01-02 16:31:12 info: [0mGET /public/files/albums/postPicture5d2f8cd3f6f50e15909b11505cfe5bd9b6bef9ae42122023.png [33m404[0m 3.221 ms - 222[0m
2024-01-02 16:31:12 info: [0mGET /public/files/albums/postPicture3d30f9e2249b636e6a6d423149a491b02cfb8e3927122023.png [33m404[0m 3.704 ms - 222[0m
2024-01-02 16:31:12 info: [0mGET /public/files/albums/postPicturebc134f12720fc7feb9b82da20c66021635b3d5ec16122023.octet-stream [33m404[0m 4.757 ms - 231[0m
2024-01-02 16:31:12 info: [0mGET /public/files/albums/postPicture0fd2c1bb9e191df6d10863a06755757a97f6c1bf31122023.octet-stream [33m404[0m 1.196 ms - 231[0m
2024-01-02 16:31:12 info: [0mGET /public/files/albums/postPictureffe7acebe0fd2c1bb9e191df6d10863a0675575746122023.octet-stream [33m404[0m 0.988 ms - 231[0m
2024-01-02 16:31:12 info: [0mGET /public/files/albums/postPictureab1ea683903e4ee8f09207748b58848b796d30b002122023.octet-stream [33m404[0m 1.083 ms - 231[0m
2024-01-02 16:31:13 info: [0mGET /public/files/albums/postPictureb25e375f3a97b3467961505186a4241e2a6bbefb22122023.jpeg [33m404[0m 2.448 ms - 223[0m
