2024-02-02 02:05:22 info: [0mGET / [32m200[0m 0.703 ms - 2[0m
2024-02-02 02:05:23 info: [0mGET / [32m200[0m 0.427 ms - 2[0m
2024-02-02 02:05:23 info: [0mGET /favicon.ico [33m404[0m 0.904 ms - 150[0m
2024-02-02 03:49:14 info: [0mGET / [32m200[0m 0.539 ms - 2[0m
2024-02-02 03:49:29 info: [0mGET / [32m200[0m 1.782 ms - 2[0m
2024-02-02 03:49:30 info: [0mGET /favicon.ico [33m404[0m 0.930 ms - 150[0m
2024-02-02 03:49:41 info: [0mGET / [32m200[0m 0.394 ms - 2[0m
2024-02-02 03:49:42 info: [0mGET /favicon.ico [33m404[0m 0.528 ms - 150[0m
2024-02-02 04:09:51 info: [0mGET / [32m200[0m 0.438 ms - 2[0m
2024-02-02 04:48:05 info: [0mGET / [32m200[0m 0.414 ms - 2[0m
2024-02-02 07:04:25 info: [0mGET / [32m200[0m 0.430 ms - 2[0m
2024-02-02 08:12:32 info: [0mGET / [32m200[0m 0.499 ms - 2[0m
2024-02-02 08:45:13 info: [0mGET / [32m200[0m 0.473 ms - 2[0m
2024-02-02 08:45:48 info: [0mGET /favicon.ico [33m404[0m 0.595 ms - 150[0m
2024-02-02 08:46:09 info: [0mGET http://api.ipify.org/?format=json [32m200[0m 0.463 ms - 2[0m
2024-02-02 12:54:09 info: [0mGET /.env [33m404[0m 0.551 ms - 143[0m
2024-02-02 18:45:39 error: [GET] /users/cus_PNLVv8BOVunkBc >> StatusCode:: 401, Message:: missing token
2024-02-02 18:45:39 info: [0mGET /users/cus_PNLVv8BOVunkBc [33m401[0m 29.150 ms - 27[0m
2024-02-02 18:45:40 info: [0mPOST /refresh [32m200[0m 7.483 ms - 248[0m
2024-02-02 18:52:32 info: =================================
2024-02-02 18:52:32 info: ======= ENV: development =======
2024-02-02 18:52:32 info: 🚀 App listening on the port 8000
2024-02-02 18:52:32 info: =================================
2024-02-02 18:52:36 info: [0mGET / [36m304[0m 4.436 ms - -[0m
2024-02-02 18:53:30 info: =================================
2024-02-02 18:53:30 info: ======= ENV: development =======
2024-02-02 18:53:30 info: 🚀 App listening on the port 8000
2024-02-02 18:53:30 info: =================================
2024-02-02 18:54:26 info: [0mGET / [36m304[0m 7.754 ms - -[0m
2024-02-02 18:54:41 error: [GET] /users/cus_PNLVv8BOVunkBc >> StatusCode:: 401, Message:: missing token
2024-02-02 18:54:41 info: [0mGET /users/cus_PNLVv8BOVunkBc [33m401[0m 18.899 ms - 27[0m
2024-02-02 18:54:41 info: [0mPOST /refresh [32m200[0m 32.714 ms - 248[0m
2024-02-02 18:58:41 info: =================================
2024-02-02 18:58:41 info: ======= ENV: development =======
2024-02-02 18:58:41 info: 🚀 App listening on the port 8000
2024-02-02 18:58:41 info: =================================
2024-02-02 19:06:28 info: =================================
2024-02-02 19:06:28 info: ======= ENV: development =======
2024-02-02 19:06:28 info: 🚀 App listening on the port 8000
2024-02-02 19:06:28 info: =================================
2024-02-02 19:08:53 info: =================================
2024-02-02 19:08:53 info: ======= ENV: development =======
2024-02-02 19:08:53 info: 🚀 App listening on the port 8000
2024-02-02 19:08:53 info: =================================
2024-02-02 19:11:40 info: =================================
2024-02-02 19:11:40 info: ======= ENV: development =======
2024-02-02 19:11:40 info: 🚀 App listening on the port 8000
2024-02-02 19:11:40 info: =================================
2024-02-02 19:11:53 error: [GET] /users/cus_PNLVv8BOVunkBc >> StatusCode:: 401, Message:: missing token
2024-02-02 19:11:53 info: [0mGET /users/cus_PNLVv8BOVunkBc [33m401[0m 28.185 ms - 27[0m
2024-02-02 19:11:53 info: [0mPOST /refresh [32m200[0m 19.219 ms - 248[0m
2024-02-02 19:11:54 error: [GET] /users/cus_PNLVv8BOVunkBc >> StatusCode:: 400, Message:: Wrong authentication token
2024-02-02 19:11:54 info: [0mGET /users/cus_PNLVv8BOVunkBc [33m400[0m 87.331 ms - 40[0m
2024-02-02 19:12:17 info: [0mPOST /login [32m200[0m 987.603 ms - 632[0m
2024-02-02 19:12:18 info: [0mGET /public/files/avatars/avatarcus_PNZmPNOuyYNnkL.jpeg [33m404[0m 14.529 ms - 189[0m
2024-02-02 19:12:18 info: [0mGET /albums/all-categories [32m201[0m 173.357 ms - 106[0m
2024-02-02 19:12:18 info: [0mGET /users/plans/cus_PNZmPNOuyYNnkL [32m200[0m 404.993 ms - 149[0m
2024-02-02 19:12:19 info: [0mGET /albums/random/0/cus_PNZmPNOuyYNnkL [32m201[0m 884.615 ms - 2[0m
2024-02-02 19:12:19 info: [0mGET /albums/popular/cus_PNZmPNOuyYNnkL [32m201[0m 919.966 ms - 19[0m
2024-02-02 19:12:19 info: [0mGET /albums/cus_PNZmPNOuyYNnkL [32m201[0m 915.478 ms - -[0m
2024-02-02 19:12:20 info: [0mGET /public/files/avatars/avatarcus_PNZmPNOuyYNnkL.jpeg [33m404[0m 4.175 ms - 189[0m
2024-02-02 19:12:20 info: [0mGET /public/files/avatars/avatarcus_PNZmPNOuyYNnkL.jpeg [33m404[0m 1.072 ms - 189[0m
2024-02-02 19:12:22 info: [0mGET /public/files/avatars/avatarcus_PNZmPNOuyYNnkL.jpeg [33m404[0m 0.912 ms - 189[0m
2024-02-02 19:12:24 info: [0mGET /public/files/albums/postPicture-Devices514343087c277e15281db0a66b28d39dfe60a64f04012024.jpeg [33m404[0m 1.488 ms - 231[0m
2024-02-02 19:12:24 info: [0mGET /public/files/albums/postPicture-Devicesbf393df7b6eff4127b741dd69281dcbd5c5f922024012024.jpeg [33m404[0m 1.498 ms - 231[0m
2024-02-02 19:12:28 info: [0mGET /public/files/avatars/avatarcus_PNZmPNOuyYNnkL.jpeg [33m404[0m 0.948 ms - 189[0m
2024-02-02 19:12:28 info: [0mGET /public/files/avatars/avatarcus_PNZmPNOuyYNnkL.jpeg [33m404[0m 2.735 ms - 189[0m
2024-02-02 19:14:18 info: =================================
2024-02-02 19:14:18 info: ======= ENV: development =======
2024-02-02 19:14:18 info: 🚀 App listening on the port 8000
2024-02-02 19:14:18 info: =================================
2024-02-02 19:15:07 info: [0mPOST /login [32m200[0m 181.105 ms - 631[0m
2024-02-02 19:15:07 info: [0mGET /albums/random/0/cus_PNZmPNOuyYNnkL [32m201[0m 63.889 ms - 2[0m
2024-02-02 19:15:07 info: [0mGET /public/files/avatars/avatarcus_PNZmPNOuyYNnkL.jpeg [33m404[0m 18.055 ms - 189[0m
2024-02-02 19:15:07 info: [0mGET /albums/all-categories [32m201[0m 155.137 ms - 106[0m
2024-02-02 19:15:07 info: [0mGET /users/plans/cus_PNZmPNOuyYNnkL [32m200[0m 169.017 ms - 149[0m
2024-02-02 19:15:07 info: [0mGET /albums/popular/cus_PNZmPNOuyYNnkL [32m201[0m 168.514 ms - 19[0m
2024-02-02 19:15:07 info: [0mGET /albums/cus_PNZmPNOuyYNnkL [32m201[0m 162.894 ms - -[0m
2024-02-02 19:15:13 info: [0mGET /public/files/albums/postPicture-Devicesbf393df7b6eff4127b741dd69281dcbd5c5f922024012024.jpeg [33m404[0m 1.395 ms - 231[0m
2024-02-02 19:15:13 info: [0mGET /public/files/albums/postPicture-Devices514343087c277e15281db0a66b28d39dfe60a64f04012024.jpeg [33m404[0m 2.948 ms - 231[0m
2024-02-02 19:15:16 info: [0mGET /public/files/avatars/avatarcus_PNZmPNOuyYNnkL.jpeg [33m404[0m 2.096 ms - 189[0m
2024-02-02 19:15:16 info: [0mGET /public/files/albums/postPicture-Devicesbf393df7b6eff4127b741dd69281dcbd5c5f922024012024.jpeg [33m404[0m 3.177 ms - 231[0m
2024-02-02 19:15:16 info: [0mGET /public/files/albums/postPicture-Devices514343087c277e15281db0a66b28d39dfe60a64f04012024.jpeg [33m404[0m 4.447 ms - 231[0m
2024-02-02 19:15:18 info: [0mGET /public/files/avatars/avatarcus_PNZmPNOuyYNnkL.jpeg [33m404[0m 1.121 ms - 189[0m
2024-02-02 19:15:18 info: [0mGET /public/files/albums/postPicture-Devices514343087c277e15281db0a66b28d39dfe60a64f04012024.jpeg [33m404[0m 3.608 ms - 231[0m
2024-02-02 19:15:18 info: [0mGET /public/files/albums/postPicture-Devicesbf393df7b6eff4127b741dd69281dcbd5c5f922024012024.jpeg [33m404[0m 3.586 ms - 231[0m
2024-02-02 19:19:12 info: [0mGET //public/files/albums/postPicture-Devicesbf393df7b6eff4127b741dd69281dcbd5c5f92 [33m404[0m 0.733 ms - 217[0m
2024-02-02 19:19:44 info: =================================
2024-02-02 19:19:44 info: ======= ENV: development =======
2024-02-02 19:19:44 info: 🚀 App listening on the port 8000
2024-02-02 19:19:44 info: =================================
2024-02-02 19:19:56 error: [GET] /users/cus_PNZmPNOuyYNnkL >> StatusCode:: 401, Message:: missing token
2024-02-02 19:19:56 info: [0mGET /users/cus_PNZmPNOuyYNnkL [33m401[0m 20.141 ms - 27[0m
2024-02-02 19:19:57 info: [0mPOST /refresh [32m200[0m 14.388 ms - 248[0m
2024-02-02 19:19:57 info: [0mGET /users/cus_PNZmPNOuyYNnkL [32m200[0m 58.101 ms - 380[0m
2024-02-02 19:19:57 info: [0mGET /albums/random/0/cus_PNZmPNOuyYNnkL [32m201[0m 62.213 ms - 2[0m
2024-02-02 19:19:57 info: [0mGET /public/files/avatars/avatarcus_PNZmPNOuyYNnkL.jpeg [33m404[0m 14.858 ms - 189[0m
2024-02-02 19:19:57 info: [0mGET /users/plans/cus_PNZmPNOuyYNnkL [32m200[0m 119.054 ms - 149[0m
2024-02-02 19:19:57 info: [0mGET /albums/cus_PNZmPNOuyYNnkL [32m201[0m 131.902 ms - -[0m
2024-02-02 19:19:58 info: [0mGET /albums/popular/cus_PNZmPNOuyYNnkL [32m201[0m 131.367 ms - 19[0m
2024-02-02 19:19:58 info: [0mGET /albums/all-categories [32m201[0m 132.315 ms - 106[0m
2024-02-02 19:20:13 info: [0mGET /public/files/avatars/avatarcus_PNZmPNOuyYNnkL.jpeg [33m404[0m 1.690 ms - 189[0m
2024-02-02 19:20:14 info: [0mGET /public/files/avatars/avatarcus_PNZmPNOuyYNnkL.jpeg [33m404[0m 1.290 ms - 189[0m
2024-02-02 19:21:06 info: [0mGET / [36m304[0m 1.147 ms - -[0m
2024-02-02 19:21:10 info: [0mGET //public/files/avatars/avatarcus_PNZmPNOuyYNnkL.jpeg [33m404[0m 0.801 ms - 190[0m
2024-02-02 19:21:19 info: [0mGET /public/files/avatars/avatarcus_PNZmPNOuyYNnkL.jpeg [33m404[0m 0.860 ms - 189[0m
2024-02-02 19:23:50 info: [0mGET /public/files/avatars/avatarcus_PNZmPNOuyYNnkL.jpeg [33m404[0m 0.826 ms - 189[0m
2024-02-02 19:23:52 info: [0mGET /public/files/avatars/avatarcus_PNZmPNOuyYNnkL.jpeg [33m404[0m 1.001 ms - 189[0m
2024-02-02 19:23:54 info: [0mGET /sellers [32m201[0m 284.871 ms - 700[0m
2024-02-02 19:23:55 info: [0mGET /public/files/avatars/avatarcus_PNZmPNOuyYNnkL.jpeg [33m404[0m 0.917 ms - 189[0m
2024-02-02 19:23:58 info: [0mGET /public/files/avatars/avatarcus_PNZmPNOuyYNnkL.jpeg [33m404[0m 1.180 ms - 189[0m
2024-02-02 19:24:01 info: [0mGET /public/files/avatars/avatarcus_PNZmPNOuyYNnkL.jpeg [33m404[0m 0.989 ms - 189[0m
2024-02-02 19:24:02 info: [0mGET /sellers [32m201[0m 27.955 ms - 700[0m
2024-02-02 19:24:04 info: [0mGET /public/files/avatars/avatarcus_PNZmPNOuyYNnkL.jpeg [33m404[0m 1.067 ms - 189[0m
2024-02-02 19:24:06 info: [0mGET /public/files/avatars/avatarcus_PNZmPNOuyYNnkL.jpeg [33m404[0m 0.785 ms - 189[0m
2024-02-02 19:24:07 info: [0mGET /public/files/avatars/avatarcus_PNZmPNOuyYNnkL.jpeg [33m404[0m 1.054 ms - 189[0m
2024-02-02 19:24:09 info: [0mGET /public/files/avatars/avatarcus_PNZmPNOuyYNnkL.jpeg [33m404[0m 0.923 ms - 189[0m
2024-02-02 19:24:13 info: [0mGET /public/files/albums/postPicture-Devices514343087c277e15281db0a66b28d39dfe60a64f04012024.jpeg [33m404[0m 0.913 ms - 231[0m
2024-02-02 19:24:13 info: [0mGET /public/files/albums/postPicture-Devicesbf393df7b6eff4127b741dd69281dcbd5c5f922024012024.jpeg [33m404[0m 1.248 ms - 231[0m
2024-02-02 19:24:16 info: [0mGET /public/files/avatars/avatarcus_PNZmPNOuyYNnkL.jpeg [33m404[0m 0.865 ms - 189[0m
2024-02-02 19:24:18 info: [0mGET /public/files/avatars/avatarcus_PNZmPNOuyYNnkL.jpeg [33m404[0m 0.758 ms - 189[0m
2024-02-02 19:24:18 info: [0mGET /public/files/avatars/avatarcus_PNZmPNOuyYNnkL.jpeg [33m404[0m 0.948 ms - 189[0m
2024-02-02 19:30:34 info: [0mGET / [36m304[0m 0.788 ms - -[0m
2024-02-02 19:30:41 info: [0mGET / [36m304[0m 0.501 ms - -[0m
2024-02-02 19:42:02 info: [0mGET / [36m304[0m 0.477 ms - -[0m
2024-02-02 19:44:12 info: [0mGET / [36m304[0m 0.649 ms - -[0m
2024-02-02 19:44:20 info: [0mGET / [36m304[0m 0.434 ms - -[0m
2024-02-02 19:45:08 info: [0mGET / [36m304[0m 0.464 ms - -[0m
2024-02-02 19:45:16 info: [0mGET / [36m304[0m 0.514 ms - -[0m
2024-02-02 19:45:47 info: [0mGET / [32m200[0m 0.469 ms - 2[0m
2024-02-02 19:45:47 info: [0mGET /favicon.ico [33m404[0m 0.531 ms - 150[0m
2024-02-02 19:45:48 info: [0mGET /sitemap.xml [33m404[0m 0.610 ms - 150[0m
2024-02-02 19:45:48 info: [0mGET /robots.txt [33m404[0m 2.076 ms - 149[0m
2024-02-02 19:47:10 info: [0mGET / [36m304[0m 0.444 ms - -[0m
2024-02-02 19:47:18 info: [0mGET / [36m304[0m 0.517 ms - -[0m
2024-02-02 19:47:24 info: =================================
2024-02-02 19:50:54 info: =================================
2024-02-02 19:50:54 info: ======= ENV: development =======
2024-02-02 19:50:54 info: 🚀 App listening on the port 8000
2024-02-02 19:50:54 info: =================================
2024-02-02 19:51:02 info: [0mGET / [36m304[0m 4.315 ms - -[0m
2024-02-02 19:53:53 info: [0mGET / [36m304[0m 1.025 ms - -[0m
2024-02-02 20:12:03 info: =================================
2024-02-02 20:12:03 info: ======= ENV: development =======
2024-02-02 20:12:03 info: 🚀 App listening on the port 8000
2024-02-02 20:12:03 info: =================================
2024-02-02 20:12:05 info: [0mGET / [36m304[0m 7.705 ms - -[0m
2024-02-02 20:15:44 info: =================================
2024-02-02 20:15:44 info: ======= ENV: development =======
2024-02-02 20:15:44 info: 🚀 App listening on the port 8000
2024-02-02 20:15:44 info: =================================
2024-02-02 20:15:58 info: [0mGET / [36m304[0m 5.069 ms - -[0m
2024-02-02 21:27:38 info: =================================
2024-02-02 21:27:38 info: ======= ENV: development =======
2024-02-02 21:27:38 info: 🚀 App listening on the port 8000
2024-02-02 21:27:38 info: =================================
