2024-06-09 18:09:01 info: [0mPOST /users/signout/cus_Q4dwKuSE6TC8Hp [32m200[0m 960.175 ms - 45[0m
2024-06-09 18:10:00 info: [0mPOST /login [32m200[0m 2057.809 ms - 551[0m
2024-06-09 18:10:02 info: [0mGET /albums/all-categories [32m201[0m 1306.079 ms - 72[0m
2024-06-09 18:10:02 info: [0mGET /users/plans/cus_Q2oW1HioRc0q03 [32m200[0m 1553.250 ms - 149[0m
2024-06-09 18:10:03 info: [0mGET /albums/popular/cus_Q2oW1HioRc0q03 [32m201[0m 1785.703 ms - 19[0m
2024-06-09 18:10:03 info: [0mGET /albums/cus_Q2oW1HioRc0q03 [32m201[0m 1854.542 ms - -[0m
2024-06-09 18:10:03 info: [0mGET /albums/random/0/cus_Q2oW1HioRc0q03 [32m201[0m 1924.455 ms - 2[0m
2024-06-09 18:10:23 info: [0mGET /public/files/sent/sentcus_Q2oW1HioRc0q0328052024.jpeg [33m404[0m 9.869 ms - 192[0m
2024-06-09 18:12:15 info: [0mGET /public/files/sent/sentcus_Q2oW1HioRc0q0349052024.jpeg [33m404[0m 5.405 ms - 192[0m
2024-06-09 18:12:17 info: [0mGET /public/files/sent/sentcus_Q2oW1HioRc0q0328052024.jpeg [33m404[0m 1.543 ms - 192[0m
2024-06-09 20:02:07 info: [0mPOST /login [32m200[0m 1171.845 ms - 549[0m
2024-06-09 20:02:09 info: [0mGET /public/files/avatars/avatarcus_Q2oW1HioRc0q03.jpeg [32m200[0m 8.958 ms - 118237[0m
2024-06-09 20:02:09 info: [0mGET /albums/random/0/cus_Q2oW1HioRc0q03 [32m201[0m 510.661 ms - 2[0m
2024-06-09 20:02:10 info: [0mGET /users/plans/cus_Q2oW1HioRc0q03 [32m200[0m 937.591 ms - 149[0m
2024-06-09 20:02:10 info: [0mGET /albums/all-categories [32m201[0m 982.403 ms - 72[0m
2024-06-09 20:02:10 info: [0mGET /albums/popular/cus_Q2oW1HioRc0q03 [32m201[0m 965.544 ms - 19[0m
2024-06-09 20:02:10 info: [0mGET /albums/cus_Q2oW1HioRc0q03 [32m201[0m 992.214 ms - -[0m
2024-06-09 20:02:11 info: [0mGET /public/files/albums/postPicture-f3b8c440-c959-42c2-9561-8525c480f91fcb4a20ab9df2a972d4df83300c95007dc4704fdf36062024.jpeg [32m200[0m 1.830 ms - 46228[0m
2024-06-09 20:02:11 info: [0mGET /public/files/albums/postPicture-888e91cc-45eb-4e83-bb6e-063c4ea68f79ab9df2a972d4df83300c95007dc4704fdf1fa15a06062024.jpeg [32m200[0m 3.982 ms - 83181[0m
2024-06-09 20:02:11 info: [0mGET /public/files/albums/postPicture-3130bf43-705c-4487-90f1-55996c73e3d4a972d4df83300c95007dc4704fdf1fa15a0adfdd12062024.jpeg [32m200[0m 15.906 ms - 53818[0m
