2024-02-04 10:08:03 info: [0mGET / [32m200[0m 1.125 ms - 2[0m
2024-02-04 10:09:43 info: [0mGET / [36m304[0m 0.622 ms - -[0m
2024-02-04 10:22:15 info: [0mGET / [32m200[0m 0.516 ms - 2[0m
2024-02-04 10:22:44 info: [0mGET / [36m304[0m 0.471 ms - -[0m
2024-02-04 10:23:31 info: [0mGET / [32m200[0m 0.844 ms - 2[0m
2024-02-04 10:45:47 info: [0mGET / [36m304[0m 0.499 ms - -[0m
2024-02-04 10:46:15 info: [0mGET / [36m304[0m 0.630 ms - -[0m
2024-02-04 10:47:58 info: [0mGET / [36m304[0m 0.528 ms - -[0m
2024-02-04 10:53:31 info: [0mGET / [36m304[0m 0.493 ms - -[0m
2024-02-04 12:44:26 error: [GET] /users/cus_PNZmPNOuyYNnkL >> StatusCode:: 401, Message:: missing token
2024-02-04 12:44:26 info: [0mGET /users/cus_PNZmPNOuyYNnkL [33m401[0m 5.226 ms - 27[0m
2024-02-04 12:44:26 info: [0mPOST /refresh [32m200[0m 2.810 ms - 248[0m
2024-02-04 12:44:26 info: [0mGET /users/cus_PNZmPNOuyYNnkL [32m200[0m 26.117 ms - 380[0m
2024-02-04 12:44:27 info: [0mGET /public/files/avatars/avatarcus_PNZmPNOuyYNnkL.jpeg [33m404[0m 22.437 ms - 189[0m
2024-02-04 12:44:27 info: [0mGET /albums/random/0/cus_PNZmPNOuyYNnkL [32m201[0m 174.168 ms - 2[0m
2024-02-04 12:44:27 info: [0mGET /users/plans/cus_PNZmPNOuyYNnkL [32m200[0m 218.580 ms - 149[0m
2024-02-04 12:44:27 info: [0mGET /albums/all-categories [32m201[0m 227.714 ms - 106[0m
2024-02-04 12:44:27 info: [0mGET /albums/cus_PNZmPNOuyYNnkL [32m201[0m 221.486 ms - -[0m
2024-02-04 12:44:27 info: [0mGET /albums/popular/cus_PNZmPNOuyYNnkL [32m201[0m 236.327 ms - 19[0m
2024-02-04 12:44:30 info: [0mGET /public/files/albums/postPicture-Devicesbf393df7b6eff4127b741dd69281dcbd5c5f922024012024.jpeg [33m404[0m 0.827 ms - 231[0m
2024-02-04 12:44:30 info: [0mGET /public/files/albums/postPicture-Devices514343087c277e15281db0a66b28d39dfe60a64f04012024.jpeg [33m404[0m 4.901 ms - 231[0m
2024-02-04 12:44:32 info: [0mGET /public/files/avatars/avatarcus_PNZmPNOuyYNnkL.jpeg [33m404[0m 2.986 ms - 189[0m
2024-02-04 12:44:32 info: [0mGET /public/files/avatars/avatarcus_PNZmPNOuyYNnkL.jpeg [33m404[0m 0.809 ms - 189[0m
2024-02-04 12:44:34 info: [0mGET /wallet/cus_PNZmPNOuyYNnkL [32m201[0m 124.715 ms - 10[0m
2024-02-04 12:44:34 info: [0mGET /public/files/avatars/avatarcus_PNZmPNOuyYNnkL.jpeg [33m404[0m 0.991 ms - 189[0m
2024-02-04 12:44:36 info: [0mGET /public/files/avatars/avatarcus_PNZmPNOuyYNnkL.jpeg [33m404[0m 0.970 ms - 189[0m
2024-02-04 12:44:44 info: [0mGET /public/files/avatars/avatarcus_PNZmPNOuyYNnkL.jpeg [33m404[0m 0.788 ms - 189[0m
2024-02-04 12:44:46 info: [0mGET /public/files/avatars/avatarcus_PNZmPNOuyYNnkL.jpeg [33m404[0m 2.103 ms - 189[0m
2024-02-04 12:44:46 info: [0mGET /public/files/avatars/avatarcus_PNZmPNOuyYNnkL.jpeg [33m404[0m 0.787 ms - 189[0m
2024-02-04 12:58:43 info: [0mPOST /login [32m200[0m 100.265 ms - 632[0m
2024-02-04 12:58:43 info: [0mGET /public/files/avatars/avatarcus_PNZmPNOuyYNnkL.jpeg [33m404[0m 11.356 ms - 189[0m
2024-02-04 12:58:43 info: [0mGET /albums/random/0/cus_PNZmPNOuyYNnkL [32m201[0m 36.992 ms - 2[0m
2024-02-04 12:58:43 info: [0mGET /albums/all-categories [32m201[0m 54.563 ms - 106[0m
2024-02-04 12:58:43 info: [0mGET /albums/popular/cus_PNZmPNOuyYNnkL [32m201[0m 64.948 ms - 19[0m
2024-02-04 12:58:43 info: [0mGET /users/plans/cus_PNZmPNOuyYNnkL [32m200[0m 61.459 ms - 149[0m
2024-02-04 12:58:43 info: [0mGET /albums/cus_PNZmPNOuyYNnkL [32m201[0m 49.699 ms - -[0m
2024-02-04 13:09:05 error: [GET] /users/plans/cus_PNZmPNOuyYNnkL >> StatusCode:: 401, Message:: missing token
2024-02-04 13:09:05 info: [0mGET /users/plans/cus_PNZmPNOuyYNnkL [33m401[0m 2.941 ms - 27[0m
2024-02-04 13:09:05 info: [0mPOST /refresh [32m200[0m 5.099 ms - 246[0m
2024-02-04 13:09:05 info: [0mGET /users/plans/cus_PNZmPNOuyYNnkL [32m200[0m 31.806 ms - 149[0m
2024-02-04 13:09:08 error: [POST] /albums/cus_PNZmPNOuyYNnkL >> StatusCode:: 400, Message:: this user is not verified yet
2024-02-04 13:09:08 info: [0mPOST /albums/cus_PNZmPNOuyYNnkL [33m400[0m 134.657 ms - 43[0m
2024-02-04 13:09:20 info: [0mGET /public/files/avatars/avatarcus_PNZmPNOuyYNnkL.jpeg [33m404[0m 0.723 ms - 189[0m
2024-02-04 13:09:21 info: [0mGET /users/plans/cus_PNZmPNOuyYNnkL [32m200[0m 58.702 ms - 149[0m
2024-02-04 13:09:22 error: [POST] /albums/cus_PNZmPNOuyYNnkL >> StatusCode:: 400, Message:: this user is not verified yet
2024-02-04 13:09:22 info: [0mPOST /albums/cus_PNZmPNOuyYNnkL [33m400[0m 28.566 ms - 43[0m
2024-02-04 13:11:34 error: [POST] /albums/cus_PNZmPNOuyYNnkL >> StatusCode:: 400, Message:: this user is not verified yet
2024-02-04 13:11:34 info: [0mPOST /albums/cus_PNZmPNOuyYNnkL [33m400[0m 28.833 ms - 43[0m
2024-02-04 14:00:53 error: [POST] /albums/cus_PNZmPNOuyYNnkL >> StatusCode:: 401, Message:: missing token
2024-02-04 14:00:53 info: [0mPOST /albums/cus_PNZmPNOuyYNnkL [33m401[0m 5.701 ms - 27[0m
2024-02-04 14:00:53 info: [0mPOST /refresh [32m200[0m 3.541 ms - 247[0m
2024-02-04 14:00:54 error: [POST] /albums/cus_PNZmPNOuyYNnkL >> StatusCode:: 400, Message:: this user is not verified yet
2024-02-04 14:00:54 info: [0mPOST /albums/cus_PNZmPNOuyYNnkL [33m400[0m 27.136 ms - 43[0m
2024-02-04 14:01:30 info: [0mPOST /login [33m403[0m 99.418 ms - 44[0m
2024-02-04 14:01:58 info: [0mPOST /login [32m200[0m 117.769 ms - 631[0m
2024-02-04 14:01:58 info: [0mGET /public/files/avatars/avatarcus_PNZmPNOuyYNnkL.jpeg [33m404[0m 4.056 ms - 189[0m
2024-02-04 14:01:58 info: [0mGET /albums/random/0/cus_PNZmPNOuyYNnkL [32m201[0m 70.682 ms - 2[0m
2024-02-04 14:01:58 info: [0mGET /albums/popular/cus_PNZmPNOuyYNnkL [32m201[0m 129.318 ms - 19[0m
2024-02-04 14:01:58 info: [0mGET /albums/cus_PNZmPNOuyYNnkL [32m201[0m 135.091 ms - -[0m
2024-02-04 14:01:58 info: [0mGET /albums/all-categories [32m201[0m 187.363 ms - 106[0m
2024-02-04 14:01:58 info: [0mGET /users/plans/cus_PNZmPNOuyYNnkL [32m200[0m 160.962 ms - 149[0m
2024-02-04 14:02:40 info: [0mGET /users/plans/cus_PNZmPNOuyYNnkL [32m200[0m 26.204 ms - 149[0m
2024-02-04 14:02:45 error: [POST] /albums/cus_PNZmPNOuyYNnkL >> StatusCode:: 400, Message:: this user is not verified yet
2024-02-04 14:02:45 info: [0mPOST /albums/cus_PNZmPNOuyYNnkL [33m400[0m 29.832 ms - 43[0m
2024-02-04 14:03:55 info: =================================
2024-02-04 14:03:55 info: ======= ENV: development =======
2024-02-04 14:03:55 info: 🚀 App listening on the port 7000
2024-02-04 14:03:55 info: =================================
2024-02-04 14:03:55 error: [POST] /albums/cus_PNZmPNOuyYNnkL >> StatusCode:: 400, Message:: this user is not verified yet
2024-02-04 14:03:56 info: [0mPOST /albums/cus_PNZmPNOuyYNnkL [33m400[0m 88.172 ms - 43[0m
2024-02-04 14:04:06 error: [POST] /albums/cus_PNZmPNOuyYNnkL >> StatusCode:: 400, Message:: this user is not verified yet
2024-02-04 14:04:06 info: [0mPOST /albums/cus_PNZmPNOuyYNnkL [33m400[0m 30.094 ms - 43[0m
2024-02-04 14:04:53 info: =================================
2024-02-04 14:04:53 info: ======= ENV: development =======
2024-02-04 14:04:53 info: 🚀 App listening on the port 7000
2024-02-04 14:04:53 info: =================================
2024-02-04 14:04:56 info: [0mPOST /albums/cus_PNZmPNOuyYNnkL [32m201[0m 999.287 ms - 2[0m
2024-02-04 14:05:50 info: =================================
2024-02-04 14:05:50 info: ======= ENV: development =======
2024-02-04 14:05:50 info: 🚀 App listening on the port 7000
2024-02-04 14:05:50 info: =================================
2024-02-04 14:05:55 info: [0mPOST /albums/cus_PNZmPNOuyYNnkL [32m201[0m 692.261 ms - 2[0m
2024-02-04 14:07:34 error: [POST] /albums/cus_PNZmPNOuyYNnkL >> StatusCode:: 401, Message:: missing token
2024-02-04 14:07:34 info: [0mPOST /albums/cus_PNZmPNOuyYNnkL [33m401[0m 14.852 ms - 27[0m
2024-02-04 14:07:34 info: [0mPOST /refresh [32m200[0m 4.917 ms - 247[0m
2024-02-04 14:07:34 info: [0mPOST /albums/cus_PNZmPNOuyYNnkL [32m201[0m 394.965 ms - 2[0m
2024-02-04 14:12:18 info: =================================
2024-02-04 14:12:18 info: ======= ENV: development =======
2024-02-04 14:12:18 info: 🚀 App listening on the port 7000
2024-02-04 14:12:18 info: =================================
2024-02-04 14:12:35 info: =================================
2024-02-04 14:12:35 info: ======= ENV: development =======
2024-02-04 14:12:35 info: 🚀 App listening on the port 7000
2024-02-04 14:12:35 info: =================================
2024-02-04 14:13:30 error: [GET] /users/plans/cus_PNZmPNOuyYNnkL >> StatusCode:: 401, Message:: missing token
2024-02-04 14:13:30 info: [0mGET /users/plans/cus_PNZmPNOuyYNnkL [33m401[0m 23.187 ms - 27[0m
2024-02-04 14:13:30 info: [0mPOST /refresh [32m200[0m 16.464 ms - 248[0m
2024-02-04 14:13:31 info: [0mGET /users/plans/cus_PNZmPNOuyYNnkL [32m200[0m 159.349 ms - 149[0m
2024-02-04 14:13:33 info: [0mPOST /albums/cus_PNZmPNOuyYNnkL [32m201[0m 792.051 ms - 324[0m
2024-02-04 14:13:33 info: [0mPOST /albums/upload/45436ef6f53fd8e510fb21a04628fda4a62edea2 [32m201[0m 491.314 ms - 59[0m
2024-02-04 14:14:25 info: [0mGET /users/plans/cus_PNZmPNOuyYNnkL [32m200[0m 40.747 ms - 149[0m
2024-02-04 14:14:28 info: [0mPOST /albums/cus_PNZmPNOuyYNnkL [32m201[0m 401.473 ms - 310[0m
2024-02-04 14:14:30 info: [0mPOST /albums/upload/36ef6f53fd8e510fb21a04628fda4a62edea2eb4 [32m201[0m 1183.507 ms - 59[0m
2024-02-04 14:14:32 info: [0mGET /public/files/avatars/avatarcus_PNZmPNOuyYNnkL.jpeg [33m404[0m 4.534 ms - 189[0m
2024-02-04 14:14:32 info: [0mGET /public/files/avatars/avatarcus_PNZmPNOuyYNnkL.jpeg [33m404[0m 2.527 ms - 189[0m
2024-02-04 14:14:33 info: [0mGET /public/files/avatars/avatarcus_PNZmPNOuyYNnkL.jpeg [33m404[0m 0.949 ms - 189[0m
2024-02-04 14:14:34 info: [0mGET /public/files/avatars/avatarcus_PNZmPNOuyYNnkL.jpeg [33m404[0m 0.872 ms - 189[0m
2024-02-04 14:15:05 info: [0mPOST /users/upload/avatar/cus_PNZmPNOuyYNnkL [32m201[0m 25147.781 ms - 52[0m
2024-02-04 14:15:25 info: [0mGET /public/files/avatars/avatarcus_PNZmPNOuyYNnkL.jpeg [32m200[0m 2.590 ms - 1857368[0m
2024-02-04 14:15:41 info: [0mGET /users/cus_PNZmPNOuyYNnkL [32m200[0m 37.916 ms - 380[0m
2024-02-04 14:15:42 info: [0mGET /users/plans/cus_PNZmPNOuyYNnkL [32m200[0m 54.184 ms - 149[0m
2024-02-04 14:15:42 info: [0mGET /albums/all-categories [32m201[0m 136.336 ms - 106[0m
2024-02-04 14:15:42 info: [0mGET /albums/cus_PNZmPNOuyYNnkL [32m201[0m 466.726 ms - -[0m
2024-02-04 14:15:42 info: [0mGET /albums/random/0/cus_PNZmPNOuyYNnkL [32m201[0m 468.525 ms - 2[0m
2024-02-04 14:15:42 info: [0mGET /albums/popular/cus_PNZmPNOuyYNnkL [32m201[0m 487.921 ms - 19[0m
2024-02-04 14:16:37 info: [0mPOST /login [32m200[0m 186.185 ms - 478[0m
2024-02-04 14:16:37 info: [0mGET /albums/random/0/cus_POSezxlvFX1eXs [32m201[0m 25.512 ms - -[0m
2024-02-04 14:16:37 info: [0mGET /albums/popular/cus_POSezxlvFX1eXs [32m201[0m 44.237 ms - -[0m
2024-02-04 14:16:37 info: [0mGET /albums/cus_POSezxlvFX1eXs [32m201[0m 50.186 ms - -[0m
2024-02-04 14:16:37 info: [0mGET /albums/all-categories [32m201[0m 48.732 ms - 106[0m
2024-02-04 14:16:37 info: [0mGET /public/files/albums/postPicture-Devices514343087c277e15281db0a66b28d39dfe60a64f04012024.jpeg [33m404[0m 1.132 ms - 231[0m
2024-02-04 14:16:37 info: [0mGET /public/files/albums/postPicture-Devices45436ef6f53fd8e510fb21a04628fda4a62edea233022024.jpeg [32m200[0m 0.965 ms - 45519[0m
2024-02-04 14:16:37 info: [0mGET /public/files/albums/postPicture-Devicesbf393df7b6eff4127b741dd69281dcbd5c5f922024012024.jpeg [33m404[0m 17.675 ms - 231[0m
2024-02-04 14:16:37 info: [0mGET /public/files/albums/postPicture-Devices36ef6f53fd8e510fb21a04628fda4a62edea2eb430022024.jpeg [32m200[0m 1.799 ms - 129323[0m
2024-02-04 14:16:44 info: [0mGET /public/files/albums/postPicture-Devicesbf393df7b6eff4127b741dd69281dcbd5c5f922024012024.jpeg [33m404[0m 1.161 ms - 231[0m
2024-02-04 14:16:55 info: [0mGET /public/files/albums/postPicture-Devicesbf393df7b6eff4127b741dd69281dcbd5c5f922024012024.jpeg [33m404[0m 1.155 ms - 231[0m
2024-02-04 14:16:55 info: [0mGET /albums/plan/5bf393df7b6eff4127b741dd69281dcbd5c5f922 [32m200[0m 63.099 ms - 68[0m
2024-02-04 14:16:55 info: [0mGET /public/files/albums/postPicture-Devices514343087c277e15281db0a66b28d39dfe60a64f04012024.jpeg [33m404[0m 3.193 ms - 231[0m
2024-02-04 14:16:55 info: [0mGET /public/files/albums/postPicture-Devicesbf393df7b6eff4127b741dd69281dcbd5c5f922024012024.jpeg [33m404[0m 2.278 ms - 231[0m
2024-02-04 14:16:56 info: [0mGET /users/verify/checkForSale/cus_POSezxlvFX1eXs/5bf393df7b6eff4127b741dd69281dcbd5c5f922/premium [32m200[0m 265.269 ms - 5[0m
2024-02-04 14:16:57 info: [0mGET /public/files/albums/postPicture-Devices514343087c277e15281db0a66b28d39dfe60a64f04012024.jpeg [33m404[0m 1.022 ms - 231[0m
2024-02-04 14:16:57 info: [0mGET /public/files/albums/postPicture-Devicesbf393df7b6eff4127b741dd69281dcbd5c5f922024012024.jpeg [33m404[0m 2.372 ms - 231[0m
2024-02-04 14:16:57 info: [0mGET /public/files/albums/postPicture-Devicesbf393df7b6eff4127b741dd69281dcbd5c5f922024012024.jpeg [33m404[0m 0.767 ms - 231[0m
2024-02-04 14:18:11 info: [0mGET /users/cus_POSezxlvFX1eXs [32m200[0m 24.567 ms - 227[0m
2024-02-04 14:18:12 info: [0mGET /albums/random/0/cus_POSezxlvFX1eXs [32m201[0m 31.965 ms - -[0m
2024-02-04 14:18:12 info: [0mGET /albums/all-categories [32m201[0m 55.401 ms - 106[0m
2024-02-04 14:18:12 info: [0mGET /albums/popular/cus_POSezxlvFX1eXs [32m201[0m 50.623 ms - -[0m
2024-02-04 14:18:12 info: [0mGET /albums/cus_POSezxlvFX1eXs [32m201[0m 45.655 ms - -[0m
2024-02-04 16:16:19 info: [0mPOST /login [32m200[0m 98.153 ms - 632[0m
2024-02-04 16:16:19 info: [0mGET /albums/random/0/cus_PNZmPNOuyYNnkL [32m201[0m 57.531 ms - 2[0m
2024-02-04 16:16:19 info: [0mGET /albums/popular/cus_PNZmPNOuyYNnkL [32m201[0m 57.933 ms - 19[0m
2024-02-04 16:16:19 info: [0mGET /albums/all-categories [32m201[0m 79.762 ms - 106[0m
2024-02-04 16:16:19 info: [0mGET /albums/cus_PNZmPNOuyYNnkL [32m201[0m 65.435 ms - -[0m
2024-02-04 16:16:19 info: [0mGET /users/plans/cus_PNZmPNOuyYNnkL [32m200[0m 134.411 ms - 149[0m
2024-02-04 16:18:17 info: [0mGET /users/plans/cus_PNZmPNOuyYNnkL [32m200[0m 25.246 ms - 149[0m
2024-02-04 16:18:21 info: [0mPOST /albums/cus_PNZmPNOuyYNnkL [32m201[0m 632.556 ms - 317[0m
2024-02-04 16:18:21 info: [0mPOST /albums/upload/f6f53fd8e510fb21a04628fda4a62edea2eb4630 [32m201[0m 85.763 ms - 59[0m
2024-02-04 16:18:24 info: [0mGET /notifications/cus_PNZmPNOuyYNnkL [32m201[0m 60.700 ms - 2[0m
2024-02-04 16:18:25 info: [0mGET /users/plans/cus_PNZmPNOuyYNnkL [32m200[0m 19.331 ms - 149[0m
2024-02-04 16:18:28 info: [0mGET /users/plans/cus_PNZmPNOuyYNnkL [32m200[0m 43.822 ms - 149[0m
2024-02-04 16:19:55 info: [0mGET /users/plans/cus_PNZmPNOuyYNnkL [32m200[0m 33.546 ms - 149[0m
2024-02-04 16:20:00 info: [0mPOST /albums/cus_PNZmPNOuyYNnkL [32m201[0m 610.854 ms - 319[0m
2024-02-04 16:20:00 info: [0mPOST /albums/upload/53fd8e510fb21a04628fda4a62edea2eb4630c49 [32m201[0m 299.568 ms - 59[0m
2024-02-04 16:20:20 info: [0mPOST /login [32m200[0m 101.708 ms - 478[0m
2024-02-04 16:20:20 info: [0mGET /albums/all-categories [32m201[0m 39.646 ms - 106[0m
2024-02-04 16:20:20 info: [0mGET /albums/random/0/cus_POSezxlvFX1eXs [32m201[0m 442.480 ms - -[0m
2024-02-04 16:20:20 info: [0mGET /albums/popular/cus_POSezxlvFX1eXs [32m201[0m 523.106 ms - -[0m
2024-02-04 16:20:20 info: [0mGET /albums/cus_POSezxlvFX1eXs [32m201[0m 573.491 ms - -[0m
2024-02-04 16:20:21 info: [0mGET /public/files/albums/postPicture-Devicesf6f53fd8e510fb21a04628fda4a62edea2eb463021022024.jpeg [32m200[0m 1.070 ms - 27460[0m
2024-02-04 16:20:21 info: [0mGET /public/files/albums/postPicture-Devices53fd8e510fb21a04628fda4a62edea2eb4630c4900022024.jpeg [32m200[0m 1.196 ms - 178888[0m
2024-02-04 16:21:59 info: [0mGET /notifications/cus_POSezxlvFX1eXs [32m201[0m 15.000 ms - 2[0m
2024-02-04 16:33:10 info: =================================
2024-02-04 21:54:09 info: =================================
2024-02-04 21:54:09 info: ======= ENV: development =======
2024-02-04 21:54:09 info: 🚀 App listening on the port 7000
2024-02-04 21:54:09 info: =================================
