2024-06-17 00:16:44 info: [0mGET /public/files/albums/postPicture-e3809711-4d1f-46ec-b32f-637ba6602a6fe47ad4683fd2297767b56bd342b556efed713e5450062024.jpeg [33m404[0m 46.743 ms - 260[0m
2024-06-17 00:16:48 info: [0mGET /public/files/albums/postPicture-e3809711-4d1f-46ec-b32f-637ba6602a6fe47ad4683fd2297767b56bd342b556efed713e5450062024.jpeg [33m404[0m 8.905 ms - 260[0m
2024-06-17 00:16:49 info: [0mGET /public/files/albums/postPicture-e3809711-4d1f-46ec-b32f-637ba6602a6fe47ad4683fd2297767b56bd342b556efed713e5450062024.jpeg [33m404[0m 57.853 ms - 260[0m
2024-06-17 00:16:50 info: [0mGET /albums/plan/2e47ad4683fd2297767b56bd342b556efed713e5 [32m200[0m 687.835 ms - 66[0m
2024-06-17 00:16:50 info: [0mGET /users/verify/checkForSubscription/cus_Q4dwKuSE6TC8Hp [32m200[0m 1075.434 ms - 4[0m
2024-06-17 00:16:50 info: [0mGET /public/files/avatars/avatarcus_QG2Lx1NbRp1hpw.jpeg [33m404[0m 14.387 ms - 189[0m
2024-06-17 00:16:51 info: [0mGET /public/files/albums/postPicture-e3809711-4d1f-46ec-b32f-637ba6602a6fe47ad4683fd2297767b56bd342b556efed713e5450062024.jpeg [33m404[0m 1.280 ms - 260[0m
2024-06-17 00:16:51 info: [0mGET /users/verify/checkForSale/cus_Q4dwKuSE6TC8Hp/2e47ad4683fd2297767b56bd342b556efed713e5/vip [32m200[0m 889.883 ms - 4[0m
2024-06-17 12:47:18 info: [0mGET /users/cus_Q2oW1HioRc0q03 [32m200[0m 1234.593 ms - 299[0m
2024-06-17 12:47:23 info: [0mGET /albums/random/0/cus_Q2oW1HioRc0q03 [32m201[0m 616.932 ms - 2[0m
2024-06-17 12:47:24 info: [0mGET /albums/cus_Q2oW1HioRc0q03 [32m201[0m 1134.820 ms - 916[0m
2024-06-17 12:47:24 info: [0mGET /albums/all-categories [32m201[0m 1039.826 ms - 72[0m
2024-06-17 12:47:24 info: [0mGET /albums/popular/cus_Q2oW1HioRc0q03 [32m201[0m 1060.670 ms - 19[0m
2024-06-17 12:47:24 info: [0mGET /users/plans/cus_Q2oW1HioRc0q03 [32m200[0m 1054.158 ms - 149[0m
2024-06-17 12:49:25 info: [0mGET /users/cus_Q2oW1HioRc0q03 [32m200[0m 944.868 ms - 299[0m
2024-06-17 12:49:27 info: [0mGET /albums/random/0/cus_Q2oW1HioRc0q03 [32m201[0m 476.926 ms - 2[0m
2024-06-17 12:49:28 info: [0mGET /albums/popular/cus_Q2oW1HioRc0q03 [32m201[0m 962.146 ms - 19[0m
2024-06-17 12:49:28 info: [0mGET /albums/all-categories [32m201[0m 907.183 ms - 72[0m
2024-06-17 12:49:28 info: [0mGET /albums/cus_Q2oW1HioRc0q03 [32m201[0m 957.991 ms - 916[0m
2024-06-17 12:49:28 info: [0mGET /users/plans/cus_Q2oW1HioRc0q03 [32m200[0m 965.903 ms - 149[0m
2024-06-17 12:49:30 info: [0mGET /public/files/albums/postPicture-e3809711-4d1f-46ec-b32f-637ba6602a6fe47ad4683fd2297767b56bd342b556efed713e5450062024.jpeg [33m404[0m 4.036 ms - 260[0m
2024-06-17 12:49:31 info: [0mGET /public/files/albums/postPicture-e3809711-4d1f-46ec-b32f-637ba6602a6fe47ad4683fd2297767b56bd342b556efed713e5450062024.jpeg [33m404[0m 0.792 ms - 260[0m
2024-06-17 12:50:09 info: [0mGET /public/files/albums/postPicture-e3809711-4d1f-46ec-b32f-637ba6602a6fe47ad4683fd2297767b56bd342b556efed713e5450062024.jpeg [33m404[0m 30.686 ms - 260[0m
2024-06-17 12:50:30 info: [0mGET /public/files/albums/postPicture-e3809711-4d1f-46ec-b32f-637ba6602a6fe47ad4683fd2297767b56bd342b556efed713e5450062024.jpeg [33m404[0m 3.892 ms - 260[0m
2024-06-17 12:50:33 info: [0mGET /public/files/albums/postPicture-e3809711-4d1f-46ec-b32f-637ba6602a6fe47ad4683fd2297767b56bd342b556efed713e5450062024.jpeg [33m404[0m 3.675 ms - 260[0m
2024-06-17 12:50:45 info: [0mGET /public/files/albums/postPicture-e3809711-4d1f-46ec-b32f-637ba6602a6fe47ad4683fd2297767b56bd342b556efed713e5450062024.jpeg [33m404[0m 26.748 ms - 260[0m
2024-06-17 12:52:56 info: [0mGET /users/cus_Q2oW1HioRc0q03 [32m200[0m 1153.364 ms - 299[0m
2024-06-17 12:52:59 info: [0mGET /albums/random/0/cus_Q2oW1HioRc0q03 [32m201[0m 452.816 ms - 2[0m
2024-06-17 12:53:00 info: [0mGET /albums/cus_Q2oW1HioRc0q03 [32m201[0m 857.999 ms - 916[0m
2024-06-17 12:53:00 info: [0mGET /albums/all-categories [32m201[0m 855.734 ms - 72[0m
2024-06-17 12:53:00 info: [0mGET /users/plans/cus_Q2oW1HioRc0q03 [32m200[0m 912.518 ms - 149[0m
2024-06-17 12:53:00 info: [0mGET /albums/popular/cus_Q2oW1HioRc0q03 [32m201[0m 900.513 ms - 19[0m
2024-06-17 12:54:09 info: [0mGET /users/cus_Q2oW1HioRc0q03 [32m200[0m 2177.447 ms - 299[0m
2024-06-17 12:54:12 info: [0mGET /albums/random/0/cus_Q2oW1HioRc0q03 [32m201[0m 595.930 ms - 2[0m
2024-06-17 12:54:12 info: [0mGET /users/plans/cus_Q2oW1HioRc0q03 [32m200[0m 1039.301 ms - 149[0m
2024-06-17 12:54:12 info: [0mGET /albums/all-categories [32m201[0m 1085.652 ms - 72[0m
2024-06-17 12:54:12 info: [0mGET /albums/popular/cus_Q2oW1HioRc0q03 [32m201[0m 1098.551 ms - 19[0m
2024-06-17 12:54:12 info: [0mGET /albums/cus_Q2oW1HioRc0q03 [32m201[0m 996.711 ms - 916[0m
2024-06-17 12:54:14 info: [0mGET /public/files/albums/postPicture-e3809711-4d1f-46ec-b32f-637ba6602a6fe47ad4683fd2297767b56bd342b556efed713e5450062024.jpeg [33m404[0m 2.915 ms - 260[0m
2024-06-17 12:54:15 info: [0mGET /public/files/albums/postPicture-e3809711-4d1f-46ec-b32f-637ba6602a6fe47ad4683fd2297767b56bd342b556efed713e5450062024.jpeg [33m404[0m 1.415 ms - 260[0m
2024-06-17 12:54:29 info: [0mGET /public/files/albums/postPicture-e3809711-4d1f-46ec-b32f-637ba6602a6fe47ad4683fd2297767b56bd342b556efed713e5450062024.jpeg [33m404[0m 5.655 ms - 260[0m
2024-06-17 12:54:31 info: [0mGET /public/files/albums/postPicture-e3809711-4d1f-46ec-b32f-637ba6602a6fe47ad4683fd2297767b56bd342b556efed713e5450062024.jpeg [33m404[0m 2.155 ms - 260[0m
2024-06-17 12:54:32 info: [0mGET /public/files/albums/postPicture-e3809711-4d1f-46ec-b32f-637ba6602a6fe47ad4683fd2297767b56bd342b556efed713e5450062024.jpeg [33m404[0m 0.893 ms - 260[0m
2024-06-17 12:54:41 info: [0mGET /public/files/albums/postPicture-e3809711-4d1f-46ec-b32f-637ba6602a6fe47ad4683fd2297767b56bd342b556efed713e5450062024.jpeg [33m404[0m 2.965 ms - 260[0m
2024-06-17 12:55:05 info: [0mGET /public/files/albums/postPicture-e3809711-4d1f-46ec-b32f-637ba6602a6fe47ad4683fd2297767b56bd342b556efed713e5450062024.jpeg [33m404[0m 3.828 ms - 260[0m
2024-06-17 12:55:07 info: [0mGET /public/files/albums/postPicture-e3809711-4d1f-46ec-b32f-637ba6602a6fe47ad4683fd2297767b56bd342b556efed713e5450062024.jpeg [33m404[0m 2.252 ms - 260[0m
2024-06-17 12:55:37 info: [0mGET /users/cus_Q2oW1HioRc0q03 [32m200[0m 944.229 ms - 299[0m
2024-06-17 12:55:39 info: [0mGET /albums/random/0/cus_Q2oW1HioRc0q03 [32m201[0m 424.706 ms - 2[0m
2024-06-17 12:55:40 info: [0mGET /albums/popular/cus_Q2oW1HioRc0q03 [32m201[0m 857.366 ms - 19[0m
2024-06-17 12:55:40 info: [0mGET /albums/all-categories [32m201[0m 863.118 ms - 72[0m
2024-06-17 12:55:40 info: [0mGET /albums/cus_Q2oW1HioRc0q03 [32m201[0m 889.247 ms - 916[0m
2024-06-17 12:55:40 info: [0mGET /users/plans/cus_Q2oW1HioRc0q03 [32m200[0m 898.111 ms - 149[0m
2024-06-17 12:56:04 info: [0mGET /public/files/albums/postPicture-e3809711-4d1f-46ec-b32f-637ba6602a6fe47ad4683fd2297767b56bd342b556efed713e5450062024.jpeg [33m404[0m 3.847 ms - 260[0m
2024-06-17 12:56:06 info: [0mGET /public/files/albums/postPicture-e3809711-4d1f-46ec-b32f-637ba6602a6fe47ad4683fd2297767b56bd342b556efed713e5450062024.jpeg [33m404[0m 0.945 ms - 260[0m
2024-06-17 12:57:33 info: [0mGET /public/files/albums/postPicture-e3809711-4d1f-46ec-b32f-637ba6602a6fe47ad4683fd2297767b56bd342b556efed713e5450062024.jpeg [33m404[0m 2.815 ms - 260[0m
2024-06-17 12:57:36 info: [0mGET /public/files/albums/postPicture-e3809711-4d1f-46ec-b32f-637ba6602a6fe47ad4683fd2297767b56bd342b556efed713e5450062024.jpeg [33m404[0m 1.044 ms - 260[0m
2024-06-17 12:57:37 info: [0mGET /public/files/albums/postPicture-e3809711-4d1f-46ec-b32f-637ba6602a6fe47ad4683fd2297767b56bd342b556efed713e5450062024.jpeg [33m404[0m 0.990 ms - 260[0m
2024-06-17 12:58:53 info: [0mGET /public/files/albums/postPicture-e3809711-4d1f-46ec-b32f-637ba6602a6fe47ad4683fd2297767b56bd342b556efed713e5450062024.jpeg [33m404[0m 7.309 ms - 260[0m
2024-06-17 12:58:55 info: [0mGET /public/files/albums/postPicture-e3809711-4d1f-46ec-b32f-637ba6602a6fe47ad4683fd2297767b56bd342b556efed713e5450062024.jpeg [33m404[0m 0.806 ms - 260[0m
2024-06-17 12:58:58 info: [0mGET /public/files/albums/postPicture-e3809711-4d1f-46ec-b32f-637ba6602a6fe47ad4683fd2297767b56bd342b556efed713e5450062024.jpeg [33m404[0m 2.507 ms - 260[0m
2024-06-17 13:01:34 info: [0mGET /public/files/albums/postPicture-e3809711-4d1f-46ec-b32f-637ba6602a6fe47ad4683fd2297767b56bd342b556efed713e5450062024.jpeg [33m404[0m 7.749 ms - 260[0m
2024-06-17 13:01:41 info: [0mGET /public/files/albums/postPicture-e3809711-4d1f-46ec-b32f-637ba6602a6fe47ad4683fd2297767b56bd342b556efed713e5450062024.jpeg [33m404[0m 1.434 ms - 260[0m
2024-06-17 13:01:42 info: [0mGET /public/files/albums/postPicture-e3809711-4d1f-46ec-b32f-637ba6602a6fe47ad4683fd2297767b56bd342b556efed713e5450062024.jpeg [33m404[0m 0.872 ms - 260[0m
2024-06-17 13:05:33 info: [0mGET /public/files/albums/postPicture-e3809711-4d1f-46ec-b32f-637ba6602a6fe47ad4683fd2297767b56bd342b556efed713e5450062024.jpeg [33m404[0m 41.260 ms - 260[0m
2024-06-17 13:05:34 info: [0mGET /public/files/albums/postPicture-e3809711-4d1f-46ec-b32f-637ba6602a6fe47ad4683fd2297767b56bd342b556efed713e5450062024.jpeg [33m404[0m 10.019 ms - 260[0m
2024-06-17 13:06:31 info: [0mGET /public/files/albums/postPicture-e3809711-4d1f-46ec-b32f-637ba6602a6fe47ad4683fd2297767b56bd342b556efed713e5450062024.jpeg [33m404[0m 44.240 ms - 260[0m
2024-06-17 13:06:34 info: [0mGET /public/files/albums/postPicture-e3809711-4d1f-46ec-b32f-637ba6602a6fe47ad4683fd2297767b56bd342b556efed713e5450062024.jpeg [33m404[0m 2.071 ms - 260[0m
2024-06-17 13:06:36 info: [0mGET /public/files/albums/postPicture-e3809711-4d1f-46ec-b32f-637ba6602a6fe47ad4683fd2297767b56bd342b556efed713e5450062024.jpeg [33m404[0m 0.843 ms - 260[0m
2024-06-17 13:06:39 info: [0mGET /public/files/albums/postPicture-e3809711-4d1f-46ec-b32f-637ba6602a6fe47ad4683fd2297767b56bd342b556efed713e5450062024.jpeg [33m404[0m 2.000 ms - 260[0m
2024-06-17 13:18:55 info: [0mGET /public/files/albums/postPicture-e3809711-4d1f-46ec-b32f-637ba6602a6fe47ad4683fd2297767b56bd342b556efed713e5450062024.jpeg [33m404[0m 10.095 ms - 260[0m
