2024-01-09 12:24:16 error: [GET] /users/cus_PBbQBKCT5KXiiH >> StatusCode:: 401, Message:: missing token
2024-01-09 12:24:16 info: [0mGET /users/cus_PBbQBKCT5KXiiH [33m401[0m 97.263 ms - 27[0m
2024-01-09 12:24:16 info: [0mPOST /refresh [32m200[0m 4.532 ms - 248[0m
2024-01-09 12:24:18 info: [0mGET /users/cus_PBbQBKCT5KXiiH [32m200[0m 1754.430 ms - 367[0m
2024-01-09 12:24:22 info: [0mGET /albums/random/0/cus_PBbQBKCT5KXiiH [32m201[0m 1830.781 ms - -[0m
2024-01-09 12:24:22 info: [0mGET /users/plans/cus_PBbQBKCT5KXiiH [32m200[0m 2017.522 ms - 219[0m
2024-01-09 12:24:22 info: [0mGET /albums/cus_PBbQBKCT5KXiiH [32m201[0m 2356.152 ms - -[0m
2024-01-09 12:24:22 info: [0mGET /albums/popular/cus_PBbQBKCT5KXiiH [32m201[0m 2530.021 ms - -[0m
2024-01-09 12:24:23 info: [0mGET /albums/all-categories [32m201[0m 2665.051 ms - 114[0m
2024-01-09 12:43:04 info: [0mGET /public/files/albums/postPicture-1d039e14-9252-47d6-8d39-92f625d46f435867363189936475864jpg'4a7b30776d4b031071bc78bf6dc9f52192f93a9527122023.jpeg [32m200[0m 10.682 ms - 63869[0m
2024-01-09 12:43:04 info: [0mGET /public/files/albums/postPicture-845deff6-be96-43f5-b109-af54ffe139ae4617808164101427779jpg'4a7b30776d4b031071bc78bf6dc9f52192f93a9527122023.jpeg [32m200[0m 2.481 ms - 64510[0m
2024-01-09 12:43:05 info: [0mGET /albums/plan/04a7b30776d4b031071bc78bf6dc9f52192f93a9 [32m200[0m 1933.383 ms - 68[0m
2024-01-09 12:43:08 info: [0mGET /users/verify/checkForSale/cus_PBbQBKCT5KXiiH/04a7b30776d4b031071bc78bf6dc9f52192f93a9/premium [32m200[0m 1922.443 ms - 4[0m
2024-01-09 12:43:27 info: [0mGET /albums/plan/04a7b30776d4b031071bc78bf6dc9f52192f93a9 [32m200[0m 825.912 ms - 68[0m
2024-01-09 12:43:29 info: [0mGET /users/verify/checkForSale/cus_PBbQBKCT5KXiiH/04a7b30776d4b031071bc78bf6dc9f52192f93a9/premium [32m200[0m 1735.429 ms - 4[0m
2024-01-09 12:48:31 info: [0mGET /albums/plan/04a7b30776d4b031071bc78bf6dc9f52192f93a9 [32m200[0m 2215.404 ms - 68[0m
2024-01-09 12:48:36 info: [0mGET /users/verify/checkForSale/cus_PBbQBKCT5KXiiH/04a7b30776d4b031071bc78bf6dc9f52192f93a9/premium [32m200[0m 5084.934 ms - 4[0m
2024-01-09 12:50:08 info: [0mGET /albums/plan/04a7b30776d4b031071bc78bf6dc9f52192f93a9 [32m200[0m 697.726 ms - 68[0m
2024-01-09 12:50:10 info: [0mGET /users/verify/checkForSale/cus_PBbQBKCT5KXiiH/04a7b30776d4b031071bc78bf6dc9f52192f93a9/premium [32m200[0m 1511.044 ms - 4[0m
2024-01-09 12:51:29 info: [0mGET /public/files/albums/postPicture-adaff686-188a-4f41-8336-9ce2a02cfd8a987870149347746088jpg'd8afa6550240c203bb59a5ce94ef6847d3fa453f30122023.png [32m200[0m 1.718 ms - 64889[0m
2024-01-09 12:51:30 info: [0mGET /albums/plan/7d8afa6550240c203bb59a5ce94ef6847d3fa453 [32m200[0m 1219.053 ms - 69[0m
2024-01-09 12:51:34 info: [0mGET /users/verify/checkForSale/cus_PBbQBKCT5KXiiH/7d8afa6550240c203bb59a5ce94ef6847d3fa453/standard [32m200[0m 2449.139 ms - 5[0m
2024-01-09 12:53:33 info: [0mGET /albums/plan/7d8afa6550240c203bb59a5ce94ef6847d3fa453 [32m200[0m 1890.370 ms - 69[0m
2024-01-09 12:53:37 info: [0mGET /users/verify/checkForSale/cus_PBbQBKCT5KXiiH/7d8afa6550240c203bb59a5ce94ef6847d3fa453/standard [32m200[0m 3863.128 ms - 5[0m
2024-01-09 12:53:54 error: [GET] /users/cus_PBbQBKCT5KXiiH >> StatusCode:: 401, Message:: missing token
2024-01-09 12:53:54 info: [0mGET /users/cus_PBbQBKCT5KXiiH [33m401[0m 2.444 ms - 27[0m
2024-01-09 12:53:54 info: [0mPOST /refresh [32m200[0m 1.202 ms - 248[0m
2024-01-09 12:53:56 info: [0mGET /users/cus_PBbQBKCT5KXiiH [32m200[0m 1422.718 ms - 367[0m
2024-01-09 12:53:59 info: [0mGET /albums/random/0/cus_PBbQBKCT5KXiiH [32m201[0m 1130.218 ms - -[0m
2024-01-09 12:53:59 info: [0mGET /albums/all-categories [32m201[0m 1637.919 ms - 114[0m
2024-01-09 12:53:59 info: [0mGET /users/plans/cus_PBbQBKCT5KXiiH [32m200[0m 1651.066 ms - 219[0m
2024-01-09 12:53:59 info: [0mGET /albums/cus_PBbQBKCT5KXiiH [32m201[0m 1859.299 ms - -[0m
2024-01-09 12:54:00 info: [0mGET /albums/popular/cus_PBbQBKCT5KXiiH [32m201[0m 1962.854 ms - -[0m
2024-01-09 12:54:47 info: [0mGET /users/cus_PBbQBKCT5KXiiH [32m200[0m 1518.758 ms - 367[0m
2024-01-09 12:54:49 info: [0mGET /albums/random/0/cus_PBbQBKCT5KXiiH [32m201[0m 1227.204 ms - -[0m
2024-01-09 12:54:50 info: [0mGET /albums/all-categories [32m201[0m 1786.138 ms - 114[0m
2024-01-09 12:54:50 info: [0mGET /albums/cus_PBbQBKCT5KXiiH [32m201[0m 1948.759 ms - -[0m
2024-01-09 12:54:50 info: [0mGET /users/plans/cus_PBbQBKCT5KXiiH [32m200[0m 1880.544 ms - 219[0m
2024-01-09 12:54:50 info: [0mGET /albums/popular/cus_PBbQBKCT5KXiiH [32m201[0m 2144.025 ms - -[0m
2024-01-09 12:55:01 info: [0mGET /albums/plan/7d8afa6550240c203bb59a5ce94ef6847d3fa453 [32m200[0m 2029.443 ms - 69[0m
2024-01-09 12:55:04 info: [0mGET /users/verify/checkForSale/cus_PBbQBKCT5KXiiH/7d8afa6550240c203bb59a5ce94ef6847d3fa453/standard [32m200[0m 2432.059 ms - 5[0m
2024-01-09 12:58:13 info: [0mGET /albums/plan/7d8afa6550240c203bb59a5ce94ef6847d3fa453 [32m200[0m 1703.114 ms - 69[0m
2024-01-09 12:58:17 info: [0mGET /users/verify/checkForSale/cus_PBbQBKCT5KXiiH/7d8afa6550240c203bb59a5ce94ef6847d3fa453/standard [32m200[0m 2539.022 ms - 5[0m
2024-01-09 12:58:47 info: [0mGET /albums/plan/04a7b30776d4b031071bc78bf6dc9f52192f93a9 [32m200[0m 1820.715 ms - 68[0m
2024-01-09 12:58:49 info: [0mGET /users/verify/checkForSale/cus_PBbQBKCT5KXiiH/04a7b30776d4b031071bc78bf6dc9f52192f93a9/premium [32m200[0m 1969.497 ms - 4[0m
2024-01-09 13:05:35 info: [0mGET /notifications/cus_PBbQBKCT5KXiiH [32m201[0m 791.795 ms - 2[0m
