2024-04-18 03:53:14 info: [0mGET /users/cus_PvTUMZ8OOvcw4N [32m200[0m 1019.883 ms - 374[0m
2024-04-18 03:53:18 info: [0mGET /albums/random/0/cus_PvTUMZ8OOvcw4N [32m201[0m 605.877 ms - 2[0m
2024-04-18 03:53:18 info: [0mGET /albums/all-categories [32m201[0m 930.016 ms - 177[0m
2024-04-18 03:53:18 info: [0mGET /users/plans/cus_PvTUMZ8OOvcw4N [32m200[0m 937.341 ms - 145[0m
2024-04-18 03:53:18 info: [0mGET /albums/popular/cus_PvTUMZ8OOvcw4N [32m201[0m 1042.910 ms - 19[0m
2024-04-18 03:53:18 info: [0mGET /albums/cus_PvTUMZ8OOvcw4N [32m201[0m 1054.353 ms - -[0m
2024-04-18 03:55:00 info: [0mGET /users/followed/cus_PvTUMZ8OOvcw4N/Seller [32m200[0m 700.103 ms - 280[0m
2024-04-18 03:55:25 info: [0mPOST /sellers/upload/sent/picture/cus_PvTUMZ8OOvcw4N/1.0 [32m201[0m 1290.265 ms - 56[0m
2024-04-18 03:55:26 info: [0mGET /public/files/sent/sentcus_PvTUMZ8OOvcw4N24042024.jpeg [32m200[0m 18.024 ms - 196384[0m
2024-04-18 03:55:26 info: [0mGET /public/files/sent/sentcus_PvTUMZ8OOvcw4N24042024.jpeg [32m200[0m 12.122 ms - 196384[0m
2024-04-18 03:57:02 info: [0mGET /users/cus_Pvg0MFXb2kst3h [32m200[0m 1257.265 ms - 278[0m
2024-04-18 03:57:04 info: [0mGET /albums/random/0/cus_Pvg0MFXb2kst3h [32m201[0m 574.759 ms - -[0m
2024-04-18 03:57:04 info: [0mGET /albums/all-categories [32m201[0m 995.797 ms - 177[0m
2024-04-18 03:57:04 info: [0mGET /albums/cus_Pvg0MFXb2kst3h [32m201[0m 1095.278 ms - -[0m
2024-04-18 03:57:04 info: [0mGET /albums/popular/cus_Pvg0MFXb2kst3h [32m201[0m 1043.824 ms - -[0m
2024-04-18 03:57:48 info: [0mGET /users/cus_Pvg0MFXb2kst3h [32m200[0m 1021.115 ms - 278[0m
2024-04-18 03:57:50 info: [0mGET /albums/random/0/cus_Pvg0MFXb2kst3h [32m201[0m 551.526 ms - -[0m
2024-04-18 03:57:50 info: [0mGET /albums/all-categories [32m201[0m 896.600 ms - 177[0m
2024-04-18 03:57:50 info: [0mGET /albums/popular/cus_Pvg0MFXb2kst3h [32m201[0m 1072.378 ms - -[0m
2024-04-18 03:57:50 info: [0mGET /albums/cus_Pvg0MFXb2kst3h [32m201[0m 1065.741 ms - -[0m
2024-04-18 03:57:56 info: [0mGET /albums/plan/b87875a389aa943df15da6a027bf78399267524e [32m200[0m 547.650 ms - 69[0m
2024-04-18 03:57:57 info: [0mGET /users/verify/checkForSale/cus_Pvg0MFXb2kst3h/b87875a389aa943df15da6a027bf78399267524e/standard [32m200[0m 997.615 ms - 5[0m
2024-04-18 05:18:06 info: =================================
2024-04-18 05:18:06 info: ======= ENV: development =======
2024-04-18 05:18:06 info: 🚀 App listening on the port 8000
2024-04-18 05:18:06 info: =================================
2024-04-18 06:58:06 info: =================================
2024-04-18 06:58:06 info: ======= ENV: development =======
2024-04-18 06:58:06 info: 🚀 App listening on the port 8000
2024-04-18 06:58:06 info: =================================
2024-04-18 06:58:11 info: =================================
2024-04-18 06:58:11 info: ======= ENV: development =======
2024-04-18 06:58:11 info: 🚀 App listening on the port 8000
2024-04-18 06:58:11 info: =================================
2024-04-18 06:58:23 info: =================================
2024-04-18 06:58:23 info: ======= ENV: development =======
2024-04-18 06:58:23 info: 🚀 App listening on the port 8000
2024-04-18 06:58:23 info: =================================
2024-04-18 11:14:32 info: [0mGET /users/cus_PvTUMZ8OOvcw4N [32m200[0m 1584.848 ms - 374[0m
2024-04-18 11:14:36 info: [0mGET /albums/random/0/cus_PvTUMZ8OOvcw4N [32m201[0m 701.490 ms - 2[0m
2024-04-18 11:14:37 info: [0mGET /users/plans/cus_PvTUMZ8OOvcw4N [32m200[0m 1268.206 ms - 145[0m
2024-04-18 11:14:37 info: [0mGET /albums/popular/cus_PvTUMZ8OOvcw4N [32m201[0m 1350.238 ms - 19[0m
2024-04-18 11:14:37 info: [0mGET /albums/cus_PvTUMZ8OOvcw4N [32m201[0m 1324.248 ms - -[0m
2024-04-18 11:14:37 info: [0mGET /albums/all-categories [32m201[0m 1352.949 ms - 177[0m
2024-04-18 11:23:21 info: [0mPOST /sellers/upload/sent/picture/cus_PvTUMZ8OOvcw4N/2.0 [32m201[0m 1513.213 ms - 56[0m
2024-04-18 11:23:23 info: [0mGET /public/files/sent/sentcus_PvTUMZ8OOvcw4N21042024.jpeg [32m200[0m 16.999 ms - 144219[0m
2024-04-18 11:23:24 info: [0mGET /public/files/sent/sentcus_PvTUMZ8OOvcw4N21042024.jpeg [32m200[0m 6.288 ms - 144219[0m
2024-04-18 11:25:33 info: [0mPOST /sellers/upload/sent/picture/cus_PvTUMZ8OOvcw4N/2.0/cus_Pvg0MFXb2kst3h [33m404[0m 227.641 ms - 209[0m
2024-04-18 11:26:55 info: =================================
2024-04-18 11:26:55 info: ======= ENV: development =======
2024-04-18 11:26:55 info: 🚀 App listening on the port 8000
2024-04-18 11:26:55 info: =================================
2024-04-18 11:27:08 info: =================================
2024-04-18 11:27:08 info: ======= ENV: development =======
2024-04-18 11:27:08 info: 🚀 App listening on the port 8000
2024-04-18 11:27:08 info: =================================
2024-04-18 11:27:20 info: =================================
2024-04-18 11:27:20 info: ======= ENV: development =======
2024-04-18 11:27:20 info: 🚀 App listening on the port 8000
2024-04-18 11:27:20 info: =================================
2024-04-18 11:27:54 info: =================================
2024-04-18 11:27:54 info: ======= ENV: development =======
2024-04-18 11:27:54 info: 🚀 App listening on the port 8000
2024-04-18 11:27:54 info: =================================
2024-04-18 11:28:19 info: [0mPOST /sellers/upload/sent/picture/cus_PvTUMZ8OOvcw4N/2.0/cus_Pvg0MFXb2kst3h [32m201[0m 1518.666 ms - 56[0m
2024-04-18 11:28:19 info: [0mGET /public/files/sent/sentcus_PvTUMZ8OOvcw4N18042024.jpeg [32m200[0m 4.280 ms - 77775[0m
2024-04-18 11:28:20 info: [0mGET /public/files/sent/sentcus_PvTUMZ8OOvcw4N18042024.jpeg [32m200[0m 2.327 ms - 77775[0m
2024-04-18 11:40:13 info: [0mGET /users/cus_PvTUMZ8OOvcw4N [32m200[0m 1080.660 ms - 374[0m
2024-04-18 11:40:17 info: [0mGET /albums/random/0/cus_PvTUMZ8OOvcw4N [32m201[0m 493.219 ms - 2[0m
2024-04-18 11:40:17 info: [0mGET /albums/popular/cus_PvTUMZ8OOvcw4N [32m201[0m 963.901 ms - 19[0m
2024-04-18 11:40:17 info: [0mGET /users/plans/cus_PvTUMZ8OOvcw4N [32m200[0m 915.623 ms - 145[0m
2024-04-18 11:40:17 info: [0mGET /albums/all-categories [32m201[0m 920.385 ms - 177[0m
2024-04-18 11:40:17 info: [0mGET /albums/cus_PvTUMZ8OOvcw4N [32m201[0m 978.463 ms - -[0m
2024-04-18 11:52:38 info: [0mPOST /sellers/upload/sent/picture/cus_PvTUMZ8OOvcw4N/1.0/cus_Pvg0MFXb2kst3h [32m201[0m 1090.945 ms - 56[0m
2024-04-18 11:52:39 info: [0mGET /public/files/sent/sentcus_PvTUMZ8OOvcw4N37042024.jpeg [32m200[0m 6.657 ms - 61310[0m
2024-04-18 11:52:39 info: [0mGET /public/files/sent/sentcus_PvTUMZ8OOvcw4N37042024.jpeg [32m200[0m 1.461 ms - 61310[0m
2024-04-18 11:53:41 info: =================================
2024-04-18 11:53:41 info: ======= ENV: development =======
2024-04-18 11:53:41 info: 🚀 App listening on the port 8000
2024-04-18 11:53:41 info: =================================
2024-04-18 11:53:59 info: =================================
2024-04-18 11:53:59 info: ======= ENV: development =======
2024-04-18 11:53:59 info: 🚀 App listening on the port 8000
2024-04-18 11:53:59 info: =================================
2024-04-18 11:54:13 info: [0mPOST /sellers/upload/sent/picture/cus_PvTUMZ8OOvcw4N/1.0/cus_Pvg0MFXb2kst3h [32m201[0m 1068.207 ms - -[0m
2024-04-18 11:56:15 info: =================================
2024-04-18 11:56:15 info: ======= ENV: development =======
2024-04-18 11:56:15 info: 🚀 App listening on the port 8000
2024-04-18 11:56:15 info: =================================
2024-04-18 11:57:35 info: [0mGET /users/cus_PvTUMZ8OOvcw4N [32m200[0m 1392.074 ms - 374[0m
2024-04-18 11:57:43 info: [0mGET /albums/random/0/cus_PvTUMZ8OOvcw4N [32m201[0m 686.065 ms - 2[0m
2024-04-18 11:57:43 info: [0mGET /albums/popular/cus_PvTUMZ8OOvcw4N [32m201[0m 1393.941 ms - 19[0m
2024-04-18 11:57:43 info: [0mGET /albums/all-categories [32m201[0m 1434.904 ms - 177[0m
2024-04-18 11:57:43 info: [0mGET /users/plans/cus_PvTUMZ8OOvcw4N [32m200[0m 1334.551 ms - 145[0m
2024-04-18 11:57:44 info: [0mGET /albums/cus_PvTUMZ8OOvcw4N [32m201[0m 1407.716 ms - -[0m
2024-04-18 12:01:49 info: [0mPOST /sellers/upload/sent/picture/cus_PvTUMZ8OOvcw4N/1.0/cus_Pvg0MFXb2kst3h [32m201[0m 1014.818 ms - -[0m
2024-04-18 12:02:45 info: =================================
2024-04-18 12:02:45 info: ======= ENV: development =======
2024-04-18 12:02:45 info: 🚀 App listening on the port 8000
2024-04-18 12:02:45 info: =================================
2024-04-18 12:03:03 info: [0mPOST /sellers/upload/sent/picture/cus_PvTUMZ8OOvcw4N/1.0/cus_Pvg0MFXb2kst3h [32m201[0m 1991.016 ms - 56[0m
2024-04-18 12:03:05 info: [0mGET /public/files/sent/sentcus_PvTUMZ8OOvcw4N02042024.jpeg [32m200[0m 16.173 ms - 83013[0m
2024-04-18 12:03:18 info: [0mPOST /sellers/upload/sent/picture/cus_PvTUMZ8OOvcw4N/1.0/cus_Pvg0MFXb2kst3h [32m201[0m 2098.232 ms - 56[0m
2024-04-18 12:03:18 info: [0mGET /public/files/sent/sentcus_PvTUMZ8OOvcw4N17042024.jpeg [32m200[0m 4.537 ms - 196384[0m
2024-04-18 12:04:11 info: =================================
2024-04-18 12:04:11 info: ======= ENV: development =======
2024-04-18 12:04:11 info: 🚀 App listening on the port 8000
2024-04-18 12:04:11 info: =================================
2024-04-18 12:07:07 info: [0mGET /users/followed/cus_PvTUMZ8OOvcw4N/Seller [32m200[0m 696.062 ms - 280[0m
2024-04-18 12:07:13 info: [0mGET /users/followed/cus_PvTUMZ8OOvcw4N/Seller [32m200[0m 488.517 ms - 280[0m
2024-04-18 12:07:39 info: [0mPOST /sellers/upload/sent/picture/cus_PvTUMZ8OOvcw4N/1.0/cus_Pvg0MFXb2kst3h [32m201[0m 1573.897 ms - 56[0m
2024-04-18 12:07:40 info: [0mGET /public/files/sent/sentcus_PvTUMZ8OOvcw4N38042024.jpeg [32m200[0m 2.379 ms - 43259[0m
2024-04-18 12:07:40 info: [0mGET /public/files/sent/sentcus_PvTUMZ8OOvcw4N38042024.jpeg [32m200[0m 1.135 ms - 43259[0m
2024-04-18 12:07:59 info: [0mPOST /sellers/upload/sent/picture/cus_PvTUMZ8OOvcw4N/2.0/cus_Pvg0MFXb2kst3h [32m201[0m 1515.823 ms - 56[0m
2024-04-18 12:08:00 info: [0mGET /public/files/sent/sentcus_PvTUMZ8OOvcw4N59042024.jpeg [32m200[0m 4.100 ms - 87457[0m
2024-04-18 12:10:31 info: [0mGET /users/cus_PvTUMZ8OOvcw4N [32m200[0m 1416.739 ms - 374[0m
2024-04-18 12:10:36 info: [0mGET /albums/popular/cus_PvTUMZ8OOvcw4N [32m201[0m 1148.670 ms - 19[0m
2024-04-18 12:10:36 info: [0mGET /albums/all-categories [32m201[0m 1182.819 ms - 177[0m
2024-04-18 12:10:36 info: [0mGET /users/plans/cus_PvTUMZ8OOvcw4N [32m200[0m 1207.392 ms - 145[0m
2024-04-18 12:10:36 info: [0mGET /albums/cus_PvTUMZ8OOvcw4N [32m201[0m 1263.401 ms - -[0m
2024-04-18 12:10:37 info: [0mGET /albums/random/0/cus_PvTUMZ8OOvcw4N [32m201[0m 486.219 ms - 2[0m
2024-04-18 12:11:12 info: [0mGET /users/cus_Pvg0MFXb2kst3h [32m200[0m 1006.113 ms - 278[0m
2024-04-18 12:11:13 info: [0mGET /albums/random/0/cus_Pvg0MFXb2kst3h [32m201[0m 527.135 ms - -[0m
2024-04-18 12:11:14 info: [0mGET /albums/all-categories [32m201[0m 1077.973 ms - 177[0m
2024-04-18 12:11:14 info: [0mGET /albums/popular/cus_Pvg0MFXb2kst3h [32m201[0m 1074.048 ms - -[0m
2024-04-18 12:11:14 info: [0mGET /albums/cus_Pvg0MFXb2kst3h [32m201[0m 1001.042 ms - -[0m
2024-04-18 12:11:42 info: [0mPOST /login [32m200[0m 1229.521 ms - 626[0m
2024-04-18 12:11:44 info: [0mGET /albums/random/0/cus_PvTUMZ8OOvcw4N [32m201[0m 682.338 ms - 2[0m
2024-04-18 12:11:44 info: [0mGET /albums/all-categories [32m201[0m 1054.192 ms - 177[0m
2024-04-18 12:11:44 info: [0mGET /albums/popular/cus_PvTUMZ8OOvcw4N [32m201[0m 992.361 ms - 19[0m
2024-04-18 12:11:44 info: [0mGET /users/plans/cus_PvTUMZ8OOvcw4N [32m200[0m 1078.766 ms - 145[0m
2024-04-18 12:11:44 info: [0mGET /albums/cus_PvTUMZ8OOvcw4N [32m201[0m 1072.015 ms - -[0m
2024-04-18 12:12:20 info: [0mPOST /login [32m200[0m 1006.732 ms - 626[0m
2024-04-18 12:12:21 info: [0mGET /albums/random/0/cus_PvTUMZ8OOvcw4N [32m201[0m 583.985 ms - 2[0m
2024-04-18 12:12:22 info: [0mGET /albums/cus_PvTUMZ8OOvcw4N [32m201[0m 983.901 ms - -[0m
2024-04-18 12:12:22 info: [0mGET /users/plans/cus_PvTUMZ8OOvcw4N [32m200[0m 1013.311 ms - 145[0m
2024-04-18 12:12:22 info: [0mGET /albums/popular/cus_PvTUMZ8OOvcw4N [32m201[0m 1037.369 ms - 19[0m
2024-04-18 12:12:22 info: [0mGET /albums/all-categories [32m201[0m 994.781 ms - 177[0m
2024-04-18 12:13:17 info: [0mPOST /sellers/upload/sent/picture/cus_PvTUMZ8OOvcw4N/0.0/cus_Pvg0MFXb2kst3h [32m201[0m 2276.100 ms - 56[0m
2024-04-18 12:13:19 info: [0mGET /public/files/sent/sentcus_PvTUMZ8OOvcw4N16042024.jpeg [32m200[0m 4.405 ms - 1483806[0m
2024-04-18 12:13:22 info: [0mGET /public/files/sent/sentcus_PvTUMZ8OOvcw4N16042024.jpeg [32m200[0m 1.447 ms - 1483806[0m
2024-04-18 12:14:46 info: [0mPOST /sellers/upload/sent/picture/cus_PvTUMZ8OOvcw4N/0.0/cus_Pvg0MFXb2kst3h [32m201[0m 2119.024 ms - 56[0m
2024-04-18 12:14:46 info: [0mGET /public/files/sent/sentcus_PvTUMZ8OOvcw4N45042024.jpeg [32m200[0m 9.445 ms - 989042[0m
2024-04-18 12:14:48 info: [0mGET /public/files/sent/sentcus_PvTUMZ8OOvcw4N45042024.jpeg [32m200[0m 1.612 ms - 989042[0m
2024-04-18 12:15:28 info: [0mPOST /sellers/upload/sent/picture/cus_PvTUMZ8OOvcw4N/12.0/cus_Pvg0MFXb2kst3h [32m201[0m 1462.864 ms - 56[0m
2024-04-18 12:15:29 info: [0mGET /public/files/sent/sentcus_PvTUMZ8OOvcw4N27042024.jpeg [32m200[0m 3.508 ms - 77775[0m
2024-04-18 12:15:29 info: [0mGET /public/files/sent/sentcus_PvTUMZ8OOvcw4N27042024.jpeg [32m200[0m 5.312 ms - 77775[0m
2024-04-18 12:16:16 info: [0mPOST /login [33m403[0m 590.888 ms - 44[0m
2024-04-18 12:16:28 info: [0mPOST /login [32m200[0m 875.189 ms - 529[0m
2024-04-18 12:16:29 info: [0mGET /albums/random/0/cus_Pvg0MFXb2kst3h [32m201[0m 534.541 ms - -[0m
2024-04-18 12:16:30 info: [0mGET /albums/all-categories [32m201[0m 956.124 ms - 177[0m
2024-04-18 12:16:30 info: [0mGET /albums/popular/cus_Pvg0MFXb2kst3h [32m201[0m 951.070 ms - -[0m
2024-04-18 12:16:30 info: [0mGET /public/files/albums/postPicture-244c91e8-42de-42e0-84ca-eb988a225215da011fef808e2d88707194a0a76a037ae7e0083a59042024.jpeg [32m200[0m 2.113 ms - 17716[0m
2024-04-18 12:16:30 info: [0mGET /public/files/albums/postPicture-a20d999d-3f50-42b4-97ab-98b512f5f1a6fef808e2d88707194a0a76a037ae7e0083a98e4904042024.jpeg [32m200[0m 9.256 ms - 74607[0m
2024-04-18 12:16:30 info: [0mGET /albums/cus_Pvg0MFXb2kst3h [32m201[0m 1257.333 ms - -[0m
2024-04-18 12:16:30 info: [0mGET /public/files/albums/postPicture-94557bd3-fd01-4ba8-a7d8-feee7b77e4ed87875a389aa943df15da6a027bf78399267524ea47042024.jpeg [32m200[0m 5.437 ms - 39867[0m
2024-04-18 12:16:30 info: [0mGET /public/files/albums/postPicture-4da30437-709e-4454-902b-558a0679c64dc863a3da011fef808e2d88707194a0a76a037ae755042024.jpeg [32m200[0m 9.825 ms - 24278[0m
2024-04-18 12:16:30 info: [0mGET /public/files/albums/postPicture-47670fbe-fed6-4d22-89bf-b0262769654a8e2d88707194a0a76a037ae7e0083a98e490df9133042024.jpeg [32m200[0m 6.512 ms - 77775[0m
2024-04-18 12:16:30 info: [0mGET /public/files/albums/postPicture-76ea2d4f-e9b5-4fe7-a1b4-30cdd083fbffb9a0b87875a389aa943df15da6a027bf7839926758042024.jpeg [32m200[0m 8.545 ms - 196384[0m
2024-04-18 12:17:32 info: [0mGET /users/followed/cus_Pvg0MFXb2kst3h/Buyer [32m200[0m 521.260 ms - 376[0m
2024-04-18 12:18:30 info: =================================
2024-04-18 12:18:30 info: ======= ENV: development =======
2024-04-18 12:18:30 info: 🚀 App listening on the port 8000
2024-04-18 12:18:30 info: =================================
2024-04-18 12:19:12 info: [0mPOST /login [32m200[0m 1118.673 ms - 626[0m
2024-04-18 12:19:13 info: [0mGET /albums/random/0/cus_PvTUMZ8OOvcw4N [32m201[0m 542.706 ms - 2[0m
2024-04-18 12:19:13 info: [0mGET /albums/popular/cus_PvTUMZ8OOvcw4N [32m201[0m 928.417 ms - 19[0m
2024-04-18 12:19:13 info: [0mGET /albums/cus_PvTUMZ8OOvcw4N [32m201[0m 917.995 ms - -[0m
2024-04-18 12:19:13 info: [0mGET /users/plans/cus_PvTUMZ8OOvcw4N [32m200[0m 942.012 ms - 145[0m
2024-04-18 12:19:13 info: [0mGET /albums/all-categories [32m201[0m 996.371 ms - 177[0m
2024-04-18 12:20:04 info: [0mPOST /login [32m200[0m 981.271 ms - 625[0m
2024-04-18 12:20:05 info: [0mGET /albums/random/0/cus_PvTUMZ8OOvcw4N [32m201[0m 556.452 ms - 2[0m
2024-04-18 12:20:05 info: [0mGET /albums/popular/cus_PvTUMZ8OOvcw4N [32m201[0m 1198.863 ms - 19[0m
2024-04-18 12:20:06 info: [0mGET /albums/cus_PvTUMZ8OOvcw4N [32m201[0m 1235.495 ms - -[0m
2024-04-18 12:20:06 info: [0mGET /albums/all-categories [32m201[0m 1040.378 ms - 177[0m
2024-04-18 12:20:06 info: [0mGET /users/plans/cus_PvTUMZ8OOvcw4N [32m200[0m 1077.624 ms - 145[0m
2024-04-18 12:20:37 info: [0mPOST /login [32m200[0m 1437.550 ms - 529[0m
2024-04-18 12:20:38 info: [0mGET /albums/random/0/cus_Pvg0MFXb2kst3h [32m201[0m 523.049 ms - -[0m
2024-04-18 12:20:39 info: [0mGET /albums/cus_Pvg0MFXb2kst3h [32m201[0m 986.809 ms - -[0m
2024-04-18 12:20:39 info: [0mGET /albums/popular/cus_Pvg0MFXb2kst3h [32m201[0m 886.816 ms - -[0m
2024-04-18 12:20:39 info: [0mGET /albums/all-categories [32m201[0m 938.072 ms - 177[0m
2024-04-18 12:21:03 info: [0mPOST /sellers/upload/sent/picture/cus_PvTUMZ8OOvcw4N/2.0/cus_Pvg0MFXb2kst3h [32m201[0m 1699.630 ms - 56[0m
2024-04-18 12:21:59 info: =================================
2024-04-18 12:21:59 info: ======= ENV: development =======
2024-04-18 12:21:59 info: 🚀 App listening on the port 8000
2024-04-18 12:21:59 info: =================================
2024-04-18 12:22:12 info: [0mPOST /sellers/upload/sent/picture/cus_PvTUMZ8OOvcw4N/2.0/cus_Pvg0MFXb2kst3h [32m201[0m 1871.605 ms - 56[0m
2024-04-18 12:22:13 info: [0mGET /public/files/sent/sentcus_PvTUMZ8OOvcw4N11042024.jpeg [32m200[0m 5.124 ms - 196384[0m
2024-04-18 12:22:13 info: [0mGET /public/files/sent/sentcus_PvTUMZ8OOvcw4N11042024.jpeg [32m200[0m 0.981 ms - 196384[0m
2024-04-18 12:23:04 info: =================================
2024-04-18 12:23:04 info: ======= ENV: development =======
2024-04-18 12:23:04 info: 🚀 App listening on the port 8000
2024-04-18 12:23:04 info: =================================
2024-04-18 12:23:16 info: [0mPOST /sellers/upload/sent/picture/cus_PvTUMZ8OOvcw4N/2.0/cus_Pvg0MFXb2kst3h [32m201[0m 1600.697 ms - -[0m
2024-04-18 12:23:31 info: =================================
2024-04-18 12:23:31 info: ======= ENV: development =======
2024-04-18 12:23:31 info: 🚀 App listening on the port 8000
2024-04-18 12:23:31 info: =================================
2024-04-18 12:23:44 info: [0mPOST /sellers/upload/sent/picture/cus_PvTUMZ8OOvcw4N/6.0/cus_Pvg0MFXb2kst3h [32m201[0m 1801.042 ms - 56[0m
2024-04-18 12:23:44 info: [0mGET /public/files/sent/sentcus_PvTUMZ8OOvcw4N43042024.jpeg [32m200[0m 5.197 ms - 83013[0m
2024-04-18 12:23:45 info: [0mGET /public/files/sent/sentcus_PvTUMZ8OOvcw4N43042024.jpeg [32m200[0m 1.800 ms - 83013[0m
2024-04-18 12:26:01 info: [0mGET /notifications/cus_PvTUMZ8OOvcw4N [32m201[0m 557.859 ms - 641[0m
2024-04-18 12:26:04 info: [0mGET /notifications/cus_PvTUMZ8OOvcw4N [32m201[0m 593.512 ms - 641[0m
2024-04-18 12:58:45 info: [0mGET /notifications/cus_Pvg0MFXb2kst3h [32m201[0m 725.125 ms - 2[0m
2024-04-18 12:58:52 info: [0mGET /albums/plan/ec863a3da011fef808e2d88707194a0a76a037ae [32m200[0m 635.837 ms - 64[0m
2024-04-18 12:58:53 info: [0mGET /users/verify/checkForSale/cus_Pvg0MFXb2kst3h/ec863a3da011fef808e2d88707194a0a76a037ae/vip [32m200[0m 1098.228 ms - 4[0m
2024-04-18 13:00:11 info: [0mGET /users/followed/cus_Pvg0MFXb2kst3h/Buyer [32m200[0m 587.945 ms - 376[0m
2024-04-18 13:00:37 error: [GET] /sellers >> StatusCode:: 401, Message:: missing token
2024-04-18 13:00:37 info: [0mGET /sellers [33m401[0m 75.568 ms - 27[0m
2024-04-18 13:00:37 info: [0mPOST /refresh [32m200[0m 21.511 ms - 247[0m
2024-04-18 13:00:38 info: [0mGET /sellers [32m201[0m 947.945 ms - 376[0m
2024-04-18 13:00:47 info: [0mGET /albums/seller/cus_PvTUMZ8OOvcw4N [32m201[0m 663.595 ms - -[0m
2024-04-18 13:00:51 info: [0mGET /users/plans/cus_PvTUMZ8OOvcw4N [32m200[0m 1340.816 ms - 145[0m
2024-04-18 13:01:00 info: [0mGET /albums/plan/ec863a3da011fef808e2d88707194a0a76a037ae [32m200[0m 547.538 ms - 64[0m
2024-04-18 13:01:01 info: [0mGET /users/verify/checkForSale/cus_Pvg0MFXb2kst3h/ec863a3da011fef808e2d88707194a0a76a037ae/vip [32m200[0m 1011.223 ms - 4[0m
2024-04-18 13:01:20 info: [0mGET /users/followed/cus_Pvg0MFXb2kst3h/Buyer [32m200[0m 545.878 ms - 376[0m
2024-04-18 13:02:25 info: [0mGET /albums/plan/ec863a3da011fef808e2d88707194a0a76a037ae [32m200[0m 576.114 ms - 64[0m
2024-04-18 13:02:26 info: [0mGET /users/verify/checkForSale/cus_Pvg0MFXb2kst3h/ec863a3da011fef808e2d88707194a0a76a037ae/vip [32m200[0m 1147.739 ms - 4[0m
2024-04-18 13:02:39 info: [0mGET /albums/plan/b87875a389aa943df15da6a027bf78399267524e [32m200[0m 513.824 ms - 69[0m
2024-04-18 13:02:40 info: [0mGET /users/verify/checkForSale/cus_Pvg0MFXb2kst3h/b87875a389aa943df15da6a027bf78399267524e/standard [32m200[0m 1029.013 ms - 5[0m
2024-04-18 13:02:46 info: [0mPOST /users/buy/cus_Pvg0MFXb2kst3h [32m200[0m 3363.017 ms - 369[0m
2024-04-18 13:05:42 info: [0mGET /albums/plan/ec863a3da011fef808e2d88707194a0a76a037ae [32m200[0m 529.814 ms - 64[0m
2024-04-18 13:05:44 info: [0mGET /users/plans/cus_PvTUMZ8OOvcw4N [32m200[0m 1052.686 ms - 145[0m
2024-04-18 13:05:45 info: [0mGET /users/verify/checkForSale/cus_Pvg0MFXb2kst3h/ec863a3da011fef808e2d88707194a0a76a037ae/vip [32m200[0m 984.470 ms - 4[0m
2024-04-18 13:05:54 info: [0mGET /albums/plan/ec863a3da011fef808e2d88707194a0a76a037ae [32m200[0m 594.867 ms - 64[0m
2024-04-18 13:05:56 info: [0mGET /users/verify/checkForSale/cus_Pvg0MFXb2kst3h/ec863a3da011fef808e2d88707194a0a76a037ae/vip [32m200[0m 1111.325 ms - 4[0m
2024-04-18 13:28:14 info: =================================
2024-04-18 13:28:14 info: ======= ENV: development =======
2024-04-18 13:28:14 info: 🚀 App listening on the port 8000
2024-04-18 13:28:14 info: =================================
2024-04-18 13:29:19 info: =================================
2024-04-18 13:29:19 info: ======= ENV: development =======
2024-04-18 13:29:19 info: 🚀 App listening on the port 8000
2024-04-18 13:29:19 info: =================================
2024-04-18 13:29:29 info: =================================
2024-04-18 13:29:29 info: ======= ENV: development =======
2024-04-18 13:29:29 info: 🚀 App listening on the port 8000
2024-04-18 13:29:29 info: =================================
2024-04-18 13:29:34 info: =================================
2024-04-18 13:29:34 info: ======= ENV: development =======
2024-04-18 13:29:34 info: 🚀 App listening on the port 8000
2024-04-18 13:29:34 info: =================================
2024-04-18 13:29:57 info: =================================
2024-04-18 13:29:57 info: ======= ENV: development =======
2024-04-18 13:29:57 info: 🚀 App listening on the port 8000
2024-04-18 13:29:57 info: =================================
2024-04-18 15:03:42 error: [GET] /users/cus_PvTUMZ8OOvcw4N >> StatusCode:: 401, Message:: missing token
2024-04-18 15:03:42 info: [0mGET /users/cus_PvTUMZ8OOvcw4N [33m401[0m 155.511 ms - 27[0m
2024-04-18 15:03:43 info: [0mPOST /refresh [32m200[0m 28.908 ms - 247[0m
2024-04-18 15:03:45 info: [0mGET /users/cus_PvTUMZ8OOvcw4N [32m200[0m 1827.494 ms - 374[0m
2024-04-18 15:03:49 info: [0mGET /albums/random/0/cus_PvTUMZ8OOvcw4N [32m201[0m 802.582 ms - 2[0m
2024-04-18 15:03:49 info: [0mGET /users/plans/cus_PvTUMZ8OOvcw4N [32m200[0m 1414.061 ms - 145[0m
2024-04-18 15:03:49 info: [0mGET /albums/all-categories [32m201[0m 1414.446 ms - 177[0m
2024-04-18 15:03:49 info: [0mGET /albums/popular/cus_PvTUMZ8OOvcw4N [32m201[0m 1645.884 ms - 19[0m
2024-04-18 15:03:50 info: [0mGET /albums/cus_PvTUMZ8OOvcw4N [32m201[0m 2146.602 ms - -[0m
2024-04-18 15:04:22 info: [0mPOST /sellers/upload/sent/picture/cus_PvTUMZ8OOvcw4N/2.0/cus_Pvg0MFXb2kst3h [32m201[0m 1917.084 ms - 127[0m
2024-04-18 15:05:28 info: =================================
2024-04-18 15:05:28 info: ======= ENV: development =======
2024-04-18 15:05:28 info: 🚀 App listening on the port 8000
2024-04-18 15:05:28 info: =================================
2024-04-18 15:06:23 info: [0mPOST /sellers/upload/sent/picture/cus_PvTUMZ8OOvcw4N/2.0/cus_Pvg0MFXb2kst3h [32m201[0m 43500.564 ms - 127[0m
2024-04-18 15:06:25 info: [0mGET /users/followed/cus_PvTUMZ8OOvcw4N/Seller [32m200[0m 567.353 ms - 280[0m
2024-04-18 15:06:27 info: [0mPOST /sellers/upload/sent/picture/cus_PvTUMZ8OOvcw4N/2.0/cus_Pvg0MFXb2kst3h [32m201[0m 29038.998 ms - 127[0m
2024-04-18 15:06:28 info: [0mGET /public/files/sent/sentcus_PvTUMZ8OOvcw4N22042024.jpeg [32m200[0m 13.891 ms - 1650502[0m
2024-04-18 15:06:41 info: [0mGET /public/files/sent/sentcus_PvTUMZ8OOvcw4N22042024.jpeg [32m200[0m 23.624 ms - 1650502[0m
2024-04-18 15:08:46 info: [0mPOST /sellers/upload/sent/picture/cus_PvTUMZ8OOvcw4N/3.0/cus_Pvg0MFXb2kst3h [32m201[0m 2368.622 ms - 127[0m
2024-04-18 15:14:12 info: [0mGET /users/followed/cus_PvTUMZ8OOvcw4N/Seller [32m200[0m 650.428 ms - 280[0m
2024-04-18 15:14:50 info: [0mPOST /sellers/upload/sent/picture/cus_PvTUMZ8OOvcw4N/2.0/cus_Pvg0MFXb2kst3h [32m201[0m 14661.209 ms - 127[0m
2024-04-18 15:14:51 info: [0mGET /public/files/sent/sentcus_PvTUMZ8OOvcw4N49042024.jpeg [32m200[0m 21.301 ms - 196384[0m
2024-04-18 15:14:51 info: [0mGET /public/files/sent/sentcus_PvTUMZ8OOvcw4N49042024.jpeg [32m200[0m 3.778 ms - 196384[0m
2024-04-18 15:23:07 info: =================================
2024-04-18 15:23:07 info: ======= ENV: development =======
2024-04-18 15:23:07 info: 🚀 App listening on the port 8000
2024-04-18 15:23:07 info: =================================
2024-04-18 15:23:26 info: =================================
2024-04-18 15:23:26 info: ======= ENV: development =======
2024-04-18 15:23:26 info: 🚀 App listening on the port 8000
2024-04-18 15:23:26 info: =================================
2024-04-18 15:24:48 info: =================================
2024-04-18 15:24:48 info: ======= ENV: development =======
2024-04-18 15:24:48 info: 🚀 App listening on the port 8000
2024-04-18 15:24:48 info: =================================
2024-04-18 15:24:57 info: =================================
2024-04-18 15:24:57 info: ======= ENV: development =======
2024-04-18 15:24:57 info: 🚀 App listening on the port 8000
2024-04-18 15:24:57 info: =================================
2024-04-18 15:30:31 info: =================================
2024-04-18 15:30:31 info: ======= ENV: development =======
2024-04-18 15:30:31 info: 🚀 App listening on the port 8000
2024-04-18 15:30:31 info: =================================
2024-04-18 15:33:51 info: =================================
2024-04-18 15:33:51 info: ======= ENV: development =======
2024-04-18 15:33:51 info: 🚀 App listening on the port 8000
2024-04-18 15:33:51 info: =================================
2024-04-18 15:34:17 info: =================================
2024-04-18 15:34:17 info: ======= ENV: development =======
2024-04-18 15:34:17 info: 🚀 App listening on the port 8000
2024-04-18 15:34:17 info: =================================
2024-04-18 15:46:11 info: [0mPOST /sellers/upload/sent/picture/cus_PvTUMZ8OOvcw4N/0.0/cus_Pvg0MFXb2kst3h [32m201[0m 3020.943 ms - 127[0m
2024-04-18 15:46:13 info: [0mGET /public/files/sent/sentcus_PvTUMZ8OOvcw4N10042024.jpeg [32m200[0m 42.632 ms - 52007[0m
2024-04-18 15:46:13 info: [0mGET /public/files/sent/sentcus_PvTUMZ8OOvcw4N10042024.jpeg [32m200[0m 2.660 ms - 52007[0m
2024-04-18 15:46:42 info: [0mPOST /sellers/upload/sent/picture/cus_PvTUMZ8OOvcw4N/0.0/cus_Pvg0MFXb2kst3h [32m201[0m 2009.455 ms - 127[0m
2024-04-18 15:46:43 info: [0mGET /public/files/sent/sentcus_PvTUMZ8OOvcw4N41042024.jpeg [32m200[0m 6.151 ms - 196384[0m
2024-04-18 15:46:43 info: [0mGET /public/files/sent/sentcus_PvTUMZ8OOvcw4N41042024.jpeg [32m200[0m 0.871 ms - 196384[0m
2024-04-18 15:51:32 info: [0mPOST /sellers/upload/sent/picture/cus_PvTUMZ8OOvcw4N/2.0/cus_Pvg0MFXb2kst3h [32m201[0m 1852.155 ms - 127[0m
2024-04-18 15:51:33 info: [0mGET /public/files/sent/sentcus_PvTUMZ8OOvcw4N31042024.jpeg [32m200[0m 14.968 ms - 67255[0m
2024-04-18 15:51:34 info: [0mGET /public/files/sent/sentcus_PvTUMZ8OOvcw4N31042024.jpeg [32m200[0m 15.745 ms - 67255[0m
2024-04-18 15:52:26 info: [0mPOST /users/buy/sent/cus_Pvg0MFXb2kst3h [33m404[0m 396.045 ms - 173[0m
2024-04-18 15:53:02 info: [0mPOST /users/buy/sent/cus_PvTUMZ8OOvcw4N [33m404[0m 22.363 ms - 173[0m
2024-04-18 15:54:22 info: [0mPOST /users/buy/sent/cus_PvTUMZ8OOvcw4N [33m404[0m 38.523 ms - 173[0m
2024-04-18 15:54:50 info: [0mPOST /users/buy/sent/cus_PvTUMZ8OOvcw4N [33m404[0m 13.080 ms - 173[0m
2024-04-18 15:56:18 info: [0mPOST /users/buy/sent/cus_PvTUMZ8OOvcw4N [33m404[0m 19.199 ms - 173[0m
2024-04-18 15:56:48 info: =================================
2024-04-18 15:56:48 info: ======= ENV: development =======
2024-04-18 15:56:48 info: 🚀 App listening on the port 8000
2024-04-18 15:56:48 info: =================================
2024-04-18 15:57:19 info: [0mPOST /users/buy/sent/cus_PvTUMZ8OOvcw4N [32m200[0m 1253.943 ms - -[0m
2024-04-18 15:57:48 info: [0mPOST /users/buy/sent/cus_PvTUMZ8OOvcw4N [32m200[0m 970.718 ms - -[0m
2024-04-18 15:58:00 info: [0mPOST /users/buy/sent/cus_PvTUMZ8OOvcw4N [32m200[0m 930.970 ms - -[0m
2024-04-18 15:58:46 info: =================================
2024-04-18 15:58:46 info: ======= ENV: development =======
2024-04-18 15:58:46 info: 🚀 App listening on the port 8000
2024-04-18 15:58:46 info: =================================
2024-04-18 15:59:39 info: =================================
2024-04-18 15:59:39 info: ======= ENV: development =======
2024-04-18 15:59:39 info: 🚀 App listening on the port 8000
2024-04-18 15:59:39 info: =================================
2024-04-18 15:59:45 info: =================================
2024-04-18 15:59:45 info: ======= ENV: development =======
2024-04-18 15:59:45 info: 🚀 App listening on the port 8000
2024-04-18 15:59:45 info: =================================
2024-04-18 15:59:51 info: [0mPOST /users/buy/sent/cus_PvTUMZ8OOvcw4N [32m200[0m 1702.400 ms - -[0m
2024-04-18 16:00:16 info: =================================
2024-04-18 16:00:16 info: ======= ENV: development =======
2024-04-18 16:00:16 info: 🚀 App listening on the port 8000
2024-04-18 16:00:16 info: =================================
2024-04-18 16:00:23 info: [0mPOST /users/buy/sent/cus_PvTUMZ8OOvcw4N [32m200[0m 1735.708 ms - -[0m
2024-04-18 16:01:07 info: =================================
2024-04-18 16:01:07 info: ======= ENV: development =======
2024-04-18 16:01:07 info: 🚀 App listening on the port 8000
2024-04-18 16:01:07 info: =================================
2024-04-18 16:01:14 info: [0mPOST /users/buy/sent/cus_PvTUMZ8OOvcw4N [32m200[0m 1914.641 ms - -[0m
2024-04-18 16:12:09 info: =================================
2024-04-18 16:12:09 info: ======= ENV: development =======
2024-04-18 16:12:09 info: 🚀 App listening on the port 8000
2024-04-18 16:12:09 info: =================================
2024-04-18 16:12:17 info: =================================
2024-04-18 16:12:17 info: ======= ENV: development =======
2024-04-18 16:12:17 info: 🚀 App listening on the port 8000
2024-04-18 16:12:17 info: =================================
2024-04-18 16:12:32 info: [0mPOST /users/buy/sent/cus_PvTUMZ8OOvcw4N [32m200[0m 4003.131 ms - -[0m
2024-04-18 16:13:11 info: =================================
2024-04-18 16:13:11 info: ======= ENV: development =======
2024-04-18 16:13:11 info: 🚀 App listening on the port 8000
2024-04-18 16:13:11 info: =================================
2024-04-18 16:13:16 info: [0mPOST /users/buy/sent/cus_PvTUMZ8OOvcw4N [32m200[0m 2414.471 ms - 361[0m
2024-04-18 16:15:46 info: [0mPOST /users/buy/sent/cus_PvTUMZ8OOvcw4N [32m200[0m 2608.523 ms - 361[0m
2024-04-18 16:17:03 info: =================================
2024-04-18 16:17:03 info: ======= ENV: development =======
2024-04-18 16:17:03 info: 🚀 App listening on the port 8000
2024-04-18 16:17:03 info: =================================
2024-04-18 16:17:19 info: =================================
2024-04-18 16:17:19 info: ======= ENV: development =======
2024-04-18 16:17:19 info: 🚀 App listening on the port 8000
2024-04-18 16:17:19 info: =================================
2024-04-18 16:17:24 info: =================================
2024-04-18 16:17:24 info: ======= ENV: development =======
2024-04-18 16:17:24 info: 🚀 App listening on the port 8000
2024-04-18 16:17:24 info: =================================
2024-04-18 16:17:33 info: [0mPOST /users/buy/sent/cus_PvTUMZ8OOvcw4N [32m200[0m 2942.018 ms - 361[0m
