2024-04-21 11:30:42 info: [0mPOST /login [32m200[0m 1568.675 ms - 529[0m
2024-04-21 11:30:42 info: [0mGET /public/files/avatars/avatarcus_Pvg0MFXb2kst3h.jpeg [32m200[0m 83.420 ms - 71866[0m
2024-04-21 11:30:44 info: [0mGET /albums/random/0/cus_Pvg0MFXb2kst3h [32m201[0m 1158.407 ms - -[0m
2024-04-21 11:30:44 info: [0mGET /public/files/albums/postPicture-244c91e8-42de-42e0-84ca-eb988a225215da011fef808e2d88707194a0a76a037ae7e0083a59042024.jpeg [32m200[0m 4.103 ms - 17716[0m
2024-04-21 11:30:44 info: [0mGET /albums/popular/cus_Pvg0MFXb2kst3h [32m201[0m 1577.785 ms - -[0m
2024-04-21 11:30:44 info: [0mGET /public/files/albums/postPicture-4da30437-709e-4454-902b-558a0679c64dc863a3da011fef808e2d88707194a0a76a037ae755042024.jpeg [32m200[0m 1.397 ms - 24278[0m
2024-04-21 11:30:44 info: [0mGET /public/files/albums/postPicture-94557bd3-fd01-4ba8-a7d8-feee7b77e4ed87875a389aa943df15da6a027bf78399267524ea47042024.jpeg [32m200[0m 1.766 ms - 39867[0m
2024-04-21 11:30:44 info: [0mGET /public/files/albums/postPicture-a20d999d-3f50-42b4-97ab-98b512f5f1a6fef808e2d88707194a0a76a037ae7e0083a98e4904042024.jpeg [32m200[0m 1.194 ms - 74607[0m
2024-04-21 11:30:44 info: [0mGET /public/files/albums/postPicture-47670fbe-fed6-4d22-89bf-b0262769654a8e2d88707194a0a76a037ae7e0083a98e490df9133042024.jpeg [32m200[0m 1.407 ms - 77775[0m
2024-04-21 11:30:44 info: [0mGET /public/files/albums/postPicture-76ea2d4f-e9b5-4fe7-a1b4-30cdd083fbffb9a0b87875a389aa943df15da6a027bf7839926758042024.jpeg [32m200[0m 2.953 ms - 196384[0m
2024-04-21 15:50:08 info: =================================
2024-04-21 15:50:08 info: ======= ENV: development =======
2024-04-21 15:50:08 info: 🚀 App listening on the port 8000
2024-04-21 15:50:08 info: =================================
2024-04-21 15:50:36 error: [GET] /users/cus_Pvg0MFXb2kst3h >> StatusCode:: 401, Message:: missing token
2024-04-21 15:50:36 info: [0mGET /users/cus_Pvg0MFXb2kst3h [33m401[0m 56.905 ms - 27[0m
2024-04-21 15:50:37 info: [0mPOST /refresh [32m200[0m 65.844 ms - 248[0m
2024-04-21 15:50:40 info: [0mGET /users/cus_Pvg0MFXb2kst3h [32m200[0m 2658.538 ms - 278[0m
2024-04-21 15:50:41 info: [0mGET /albums/random/0/cus_Pvg0MFXb2kst3h [32m201[0m 866.033 ms - -[0m
2024-04-21 15:50:42 info: [0mGET /albums/all-categories [32m201[0m 1378.515 ms - 177[0m
2024-04-21 15:50:42 info: [0mGET /albums/cus_Pvg0MFXb2kst3h [32m201[0m 1475.661 ms - -[0m
2024-04-21 15:50:42 info: [0mGET /albums/popular/cus_Pvg0MFXb2kst3h [32m201[0m 1548.532 ms - -[0m
2024-04-21 15:53:26 info: [0mGET /public/files/avatars/avatarcus_PvTUMZ8OOvcw4N.jpeg [32m200[0m 42.470 ms - 199552[0m
2024-04-21 15:53:31 info: [0mGET /public/files/sent/sentcus_PvTUMZ8OOvcw4N35042024.jpeg [32m200[0m 8.422 ms - 87457[0m
2024-04-21 15:53:36 info: [0mGET /public/files/sent/sentcus_PvTUMZ8OOvcw4N45042024.jpeg [32m200[0m 4.768 ms - 1650502[0m
2024-04-21 15:53:36 info: [0mGET /public/files/sent/sentcus_PvTUMZ8OOvcw4N57042024.jpeg [32m200[0m 7.654 ms - 1408556[0m
2024-04-21 15:53:38 info: [0mPOST /users/buy/sent/cus_PvTUMZ8OOvcw4N [32m200[0m 2604.780 ms - 361[0m
2024-04-21 16:01:17 info: [0mGET /users/cus_PvTUMZ8OOvcw4N [32m200[0m 2481.838 ms - 374[0m
2024-04-21 16:01:21 info: [0mGET /albums/random/0/cus_PvTUMZ8OOvcw4N [32m201[0m 455.926 ms - 2[0m
2024-04-21 16:01:21 info: [0mGET /albums/popular/cus_PvTUMZ8OOvcw4N [32m201[0m 1201.231 ms - 19[0m
2024-04-21 16:01:21 info: [0mGET /albums/all-categories [32m201[0m 1302.947 ms - 177[0m
2024-04-21 16:01:21 info: [0mGET /users/plans/cus_PvTUMZ8OOvcw4N [32m200[0m 1326.704 ms - 145[0m
2024-04-21 16:01:22 info: [0mGET /albums/cus_PvTUMZ8OOvcw4N [32m201[0m 1511.593 ms - -[0m
2024-04-21 16:01:57 info: [0mPOST /sellers/upload/sent/picture/cus_PvTUMZ8OOvcw4N/0.0/cus_Pvg0MFXb2kst3h [32m201[0m 1983.624 ms - 127[0m
2024-04-21 16:04:33 info: =================================
2024-04-21 16:04:33 info: ======= ENV: development =======
2024-04-21 16:04:33 info: 🚀 App listening on the port 8000
2024-04-21 16:04:33 info: =================================
2024-04-21 16:05:45 info: =================================
2024-04-21 16:05:45 info: ======= ENV: development =======
2024-04-21 16:05:45 info: 🚀 App listening on the port 8000
2024-04-21 16:05:45 info: =================================
2024-04-21 16:06:06 info: =================================
2024-04-21 16:06:06 info: ======= ENV: development =======
2024-04-21 16:06:06 info: 🚀 App listening on the port 8000
2024-04-21 16:06:06 info: =================================
2024-04-21 16:06:13 info: =================================
2024-04-21 16:06:13 info: ======= ENV: development =======
2024-04-21 16:06:13 info: 🚀 App listening on the port 8000
2024-04-21 16:06:13 info: =================================
2024-04-21 16:06:32 info: [0mPOST /sellers/upload/sent/picture/cus_PvTUMZ8OOvcw4N/0.0/cus_Pvg0MFXb2kst3h [32m201[0m 1545.778 ms - 127[0m
2024-04-21 16:06:54 info: [0mPOST /sellers/upload/sent/picture/cus_PvTUMZ8OOvcw4N/0.0/cus_Pvg0MFXb2kst3h [32m201[0m 5049.354 ms - 127[0m
2024-04-21 16:06:55 info: [0mGET /public/files/sent/sentcus_PvTUMZ8OOvcw4N53042024.jpeg [32m200[0m 5.320 ms - 878968[0m
2024-04-21 16:07:11 info: [0mPOST /sellers/upload/sent/picture/cus_PvTUMZ8OOvcw4N/0.0/cus_Pvg0MFXb2kst3h [32m201[0m 1812.186 ms - 127[0m
2024-04-21 16:07:22 info: [0mGET /public/files/sent/sentcus_PvTUMZ8OOvcw4N31042024.jpeg [32m200[0m 2.492 ms - 62572[0m
2024-04-21 16:07:22 info: [0mGET /public/files/sent/sentcus_PvTUMZ8OOvcw4N56042024.jpeg [32m200[0m 12.819 ms - 67255[0m
2024-04-21 16:07:22 info: [0mGET /public/files/sent/sentcus_PvTUMZ8OOvcw4N10042024.jpeg [32m200[0m 2.227 ms - 67255[0m
2024-04-21 16:07:23 info: [0mGET /public/files/sent/sentcus_PvTUMZ8OOvcw4N53042024.jpeg [32m200[0m 3.885 ms - 878968[0m
2024-04-21 16:07:39 info: [0mPOST /sellers/upload/sent/picture/cus_PvTUMZ8OOvcw4N/0.0/cus_Pvg0MFXb2kst3h [32m201[0m 1510.663 ms - 127[0m
2024-04-21 16:07:39 info: [0mGET /public/files/sent/sentcus_PvTUMZ8OOvcw4N38042024.jpeg [32m200[0m 2.665 ms - 196384[0m
2024-04-21 16:08:06 info: [0mPOST /sellers/upload/sent/picture/cus_PvTUMZ8OOvcw4N/2.0/cus_Pvg0MFXb2kst3h [32m201[0m 1485.420 ms - 127[0m
2024-04-21 16:08:07 info: [0mGET /public/files/sent/sentcus_PvTUMZ8OOvcw4N05042024.jpeg [32m200[0m 2.812 ms - 42593[0m
2024-04-21 16:08:13 info: [0mPOST /users/buy/sent/cus_PvTUMZ8OOvcw4N [32m200[0m 1898.015 ms - 361[0m
2024-04-21 16:11:24 info: [0mGET /users/cus_Pvg0MFXb2kst3h [32m200[0m 1022.152 ms - 278[0m
2024-04-21 16:11:25 info: [0mGET /albums/random/0/cus_Pvg0MFXb2kst3h [32m201[0m 601.619 ms - -[0m
2024-04-21 16:11:25 info: [0mGET /albums/all-categories [32m201[0m 932.021 ms - 177[0m
2024-04-21 16:11:25 info: [0mGET /albums/popular/cus_Pvg0MFXb2kst3h [32m201[0m 923.371 ms - -[0m
2024-04-21 16:11:25 info: [0mGET /albums/cus_Pvg0MFXb2kst3h [32m201[0m 999.844 ms - -[0m
2024-04-21 16:14:16 info: [0mGET /users/cus_Pvg0MFXb2kst3h [32m200[0m 1325.698 ms - 278[0m
2024-04-21 16:14:17 info: [0mGET /albums/random/0/cus_Pvg0MFXb2kst3h [32m201[0m 572.749 ms - -[0m
2024-04-21 16:14:17 info: [0mGET /albums/all-categories [32m201[0m 1250.897 ms - 177[0m
2024-04-21 16:14:17 info: [0mGET /albums/cus_Pvg0MFXb2kst3h [32m201[0m 1312.958 ms - -[0m
2024-04-21 16:14:17 info: [0mGET /albums/popular/cus_Pvg0MFXb2kst3h [32m201[0m 1304.836 ms - -[0m
2024-04-21 16:16:27 info: [0mGET /users/cus_PvTUMZ8OOvcw4N [32m200[0m 932.516 ms - 374[0m
2024-04-21 16:16:30 info: [0mGET /albums/random/0/cus_PvTUMZ8OOvcw4N [32m201[0m 559.036 ms - 2[0m
2024-04-21 16:16:31 info: [0mGET /albums/popular/cus_PvTUMZ8OOvcw4N [32m201[0m 902.128 ms - 19[0m
2024-04-21 16:16:31 info: [0mGET /albums/all-categories [32m201[0m 919.074 ms - 177[0m
2024-04-21 16:16:31 info: [0mGET /users/plans/cus_PvTUMZ8OOvcw4N [32m200[0m 938.614 ms - 145[0m
2024-04-21 16:16:31 info: [0mGET /albums/cus_PvTUMZ8OOvcw4N [32m201[0m 1037.981 ms - -[0m
2024-04-21 16:16:35 info: [0mGET /users/followed/cus_PvTUMZ8OOvcw4N/Seller [32m200[0m 457.394 ms - 559[0m
2024-04-21 16:16:46 info: [0mGET /users/followed/cus_PvTUMZ8OOvcw4N/Seller [32m200[0m 454.164 ms - 559[0m
2024-04-21 16:17:17 info: [0mPOST /sellers/upload/sent/picture/cus_PvTUMZ8OOvcw4N/2.0/cus_Pvg0MFXb2kst3h [32m201[0m 1582.140 ms - 127[0m
2024-04-21 16:17:21 info: [0mGET /public/files/sent/sentcus_PvTUMZ8OOvcw4N16042024.jpeg [32m200[0m 42.475 ms - 196384[0m
2024-04-21 16:17:26 info: [0mPOST /users/buy/sent/cus_PvTUMZ8OOvcw4N [32m200[0m 2280.170 ms - 361[0m
2024-04-21 16:18:21 info: =================================
2024-04-21 16:18:21 info: ======= ENV: development =======
2024-04-21 16:18:21 info: 🚀 App listening on the port 8000
2024-04-21 16:18:21 info: =================================
2024-04-21 16:18:36 info: [0mPOST /sellers/upload/sent/picture/cus_PvTUMZ8OOvcw4N/2.0/cus_Pvg0MFXb2kst3h [32m201[0m 1624.358 ms - 127[0m
2024-04-21 16:18:41 info: [0mPOST /users/buy/sent/cus_PvTUMZ8OOvcw4N [32m200[0m 1827.086 ms - 361[0m
2024-04-21 16:24:14 info: [0mPOST /sellers/upload/sent/picture/cus_PvTUMZ8OOvcw4N/5.0/cus_Pvg0MFXb2kst3h [32m201[0m 1834.042 ms - 127[0m
2024-04-21 16:24:15 info: [0mGET /public/files/sent/sentcus_PvTUMZ8OOvcw4N13042024.jpeg [32m200[0m 17.328 ms - 683041[0m
2024-04-21 16:24:33 info: [0mGET /users/cus_Pvg0MFXb2kst3h [32m200[0m 1172.452 ms - 278[0m
2024-04-21 16:24:34 info: [0mGET /albums/random/0/cus_Pvg0MFXb2kst3h [32m201[0m 534.235 ms - -[0m
2024-04-21 16:24:35 info: [0mGET /albums/all-categories [32m201[0m 836.592 ms - 177[0m
2024-04-21 16:24:35 info: [0mGET /albums/popular/cus_Pvg0MFXb2kst3h [32m201[0m 883.459 ms - -[0m
2024-04-21 16:24:35 info: [0mGET /albums/cus_Pvg0MFXb2kst3h [32m201[0m 959.737 ms - -[0m
2024-04-21 16:26:57 info: [0mGET /users/cus_Pvg0MFXb2kst3h [32m200[0m 1250.342 ms - 278[0m
2024-04-21 16:26:58 info: [0mGET /albums/random/0/cus_Pvg0MFXb2kst3h [32m201[0m 528.303 ms - -[0m
2024-04-21 16:26:59 info: [0mGET /albums/all-categories [32m201[0m 999.467 ms - 177[0m
2024-04-21 16:26:59 info: [0mGET /albums/popular/cus_Pvg0MFXb2kst3h [32m201[0m 972.313 ms - -[0m
2024-04-21 16:26:59 info: [0mGET /albums/cus_Pvg0MFXb2kst3h [32m201[0m 989.285 ms - -[0m
2024-04-21 16:28:13 info: =================================
2024-04-21 16:28:13 info: ======= ENV: development =======
2024-04-21 16:28:13 info: 🚀 App listening on the port 8000
2024-04-21 16:28:13 info: =================================
2024-04-21 16:28:22 info: =================================
2024-04-21 16:28:22 info: ======= ENV: development =======
2024-04-21 16:28:22 info: 🚀 App listening on the port 8000
2024-04-21 16:28:22 info: =================================
2024-04-21 16:45:25 info: [0mGET /users/followed/cus_PvTUMZ8OOvcw4N/Seller [32m200[0m 734.305 ms - 559[0m
2024-04-21 16:54:26 info: [0mPOST /sellers/upload/sent/picture/cus_PvTUMZ8OOvcw4N/2.0/cus_Pvg0MFXb2kst3h [32m201[0m 1728.541 ms - 127[0m
2024-04-21 16:57:50 info: [0mGET /public/files/sent/sentcus_PvTUMZ8OOvcw4N25042024.jpeg [32m200[0m 67.482 ms - 196384[0m
2024-04-21 16:58:43 info: [0mGET /users/cus_PvTUMZ8OOvcw4N [32m200[0m 1032.726 ms - 374[0m
2024-04-21 16:58:46 info: [0mGET /albums/random/0/cus_PvTUMZ8OOvcw4N [32m201[0m 480.786 ms - 2[0m
2024-04-21 16:58:47 info: [0mGET /albums/cus_PvTUMZ8OOvcw4N [32m201[0m 853.116 ms - -[0m
2024-04-21 16:58:47 info: [0mGET /albums/all-categories [32m201[0m 905.704 ms - 177[0m
2024-04-21 16:58:47 info: [0mGET /users/plans/cus_PvTUMZ8OOvcw4N [32m200[0m 884.554 ms - 145[0m
2024-04-21 16:58:47 info: [0mGET /albums/popular/cus_PvTUMZ8OOvcw4N [32m201[0m 928.289 ms - 19[0m
2024-04-21 17:00:34 info: [0mGET /users/cus_PvTUMZ8OOvcw4N [32m200[0m 1016.437 ms - 374[0m
2024-04-21 17:00:39 info: [0mGET /albums/random/0/cus_PvTUMZ8OOvcw4N [32m201[0m 538.083 ms - 2[0m
2024-04-21 17:00:39 info: [0mGET /albums/cus_PvTUMZ8OOvcw4N [32m201[0m 984.191 ms - -[0m
2024-04-21 17:00:39 info: [0mGET /users/plans/cus_PvTUMZ8OOvcw4N [32m200[0m 995.615 ms - 145[0m
2024-04-21 17:00:39 info: [0mGET /albums/popular/cus_PvTUMZ8OOvcw4N [32m201[0m 988.896 ms - 19[0m
2024-04-21 17:00:39 info: [0mGET /albums/all-categories [32m201[0m 1015.446 ms - 177[0m
2024-04-21 17:03:40 info: [0mGET /users/cus_Pvg0MFXb2kst3h [32m200[0m 995.073 ms - 278[0m
2024-04-21 17:03:41 info: [0mGET /albums/random/0/cus_Pvg0MFXb2kst3h [32m201[0m 531.871 ms - -[0m
2024-04-21 17:03:42 info: [0mGET /albums/popular/cus_Pvg0MFXb2kst3h [32m201[0m 1117.883 ms - -[0m
2024-04-21 17:03:42 info: [0mGET /albums/all-categories [32m201[0m 1168.260 ms - 177[0m
2024-04-21 17:03:42 info: [0mGET /albums/cus_Pvg0MFXb2kst3h [32m201[0m 1155.781 ms - -[0m
2024-04-21 17:04:01 info: [0mGET /users/cus_Pvg0MFXb2kst3h [32m200[0m 898.289 ms - 278[0m
2024-04-21 17:04:02 info: [0mGET /albums/random/0/cus_Pvg0MFXb2kst3h [32m201[0m 486.220 ms - -[0m
2024-04-21 17:04:03 info: [0mGET /albums/all-categories [32m201[0m 878.984 ms - 177[0m
2024-04-21 17:04:03 info: [0mGET /albums/popular/cus_Pvg0MFXb2kst3h [32m201[0m 947.063 ms - -[0m
2024-04-21 17:04:03 info: [0mGET /albums/cus_Pvg0MFXb2kst3h [32m201[0m 1255.263 ms - -[0m
2024-04-21 17:04:39 info: [0mPOST /sellers/upload/sent/picture/cus_PvTUMZ8OOvcw4N/12.0/cus_Pvg0MFXb2kst3h [32m201[0m 1651.089 ms - 127[0m
2024-04-21 17:05:03 info: [0mPOST /sellers/upload/sent/picture/cus_PvTUMZ8OOvcw4N/12.0/cus_Pvg0MFXb2kst3h [32m201[0m 1354.436 ms - 127[0m
2024-04-21 17:05:03 info: [0mGET /public/files/sent/sentcus_PvTUMZ8OOvcw4N02042024.jpeg [32m200[0m 6.329 ms - 67255[0m
2024-04-21 17:06:14 info: [0mPOST /users/buy/sent/cus_PvTUMZ8OOvcw4N [32m200[0m 2001.184 ms - 361[0m
2024-04-21 17:08:06 info: [0mPOST /users/buy/sent/cus_PvTUMZ8OOvcw4N [32m200[0m 2312.141 ms - 361[0m
2024-04-21 17:12:29 info: [0mPOST /users/buy/sent/cus_PvTUMZ8OOvcw4N [32m200[0m 2274.423 ms - 361[0m
2024-04-21 17:13:16 info: [0mPOST /sellers/upload/sent/picture/cus_PvTUMZ8OOvcw4N/2.0/cus_Pvg0MFXb2kst3h [32m201[0m 1591.449 ms - 127[0m
2024-04-21 17:13:17 info: [0mGET /public/files/sent/sentcus_PvTUMZ8OOvcw4N15042024.jpeg [32m200[0m 14.741 ms - 196384[0m
2024-04-21 17:13:17 info: [0mGET /public/files/sent/sentcus_PvTUMZ8OOvcw4N15042024.jpeg [32m200[0m 6.532 ms - 196384[0m
2024-04-21 17:13:24 info: [0mPOST /users/buy/sent/cus_PvTUMZ8OOvcw4N [32m200[0m 1778.783 ms - 361[0m
2024-04-21 17:13:40 info: [0mPOST /users/buy/sent/cus_PvTUMZ8OOvcw4N [32m200[0m 1949.750 ms - 361[0m
2024-04-21 17:18:48 info: [0mGET /users/followed/cus_Pvg0MFXb2kst3h/Buyer [32m200[0m 556.379 ms - 751[0m
2024-04-21 17:19:16 info: [0mGET /users/followed/cus_Pvg0MFXb2kst3h/Buyer [32m200[0m 486.070 ms - 751[0m
2024-04-21 17:19:38 info: [0mGET /users/followed/cus_PvTUMZ8OOvcw4N/Seller [32m200[0m 520.416 ms - 559[0m
2024-04-21 17:22:31 info: [0mGET /users/followed/cus_PvTUMZ8OOvcw4N/Seller [32m200[0m 556.920 ms - 559[0m
2024-04-21 17:23:13 info: [0mPOST /sellers/upload/sent/picture/cus_PvTUMZ8OOvcw4N/2.0/cus_Pvg0MFXb2kst3h [32m201[0m 1565.483 ms - 127[0m
2024-04-21 17:23:14 info: [0mGET /public/files/sent/sentcus_PvTUMZ8OOvcw4N12042024.jpeg [32m200[0m 5.162 ms - 196384[0m
2024-04-21 17:23:18 info: [0mPOST /users/buy/sent/cus_PvTUMZ8OOvcw4N [32m200[0m 1748.929 ms - 361[0m
2024-04-21 17:28:11 info: [0mGET /notifications/cus_Pvg0MFXb2kst3h [32m201[0m 608.008 ms - 2[0m
2024-04-21 17:38:26 info: [0mPOST /sellers/upload/sent/picture/cus_PvTUMZ8OOvcw4N/2.0/cus_Pvg0MFXb2kst3h [32m201[0m 1751.010 ms - 127[0m
2024-04-21 17:38:32 info: [0mPOST /users/buy/sent/cus_PvTUMZ8OOvcw4N [32m200[0m 1895.727 ms - 361[0m
2024-04-21 17:39:33 info: [0mPOST /sellers/upload/sent/picture/cus_PvTUMZ8OOvcw4N/2.0/cus_Pvg0MFXb2kst3h [32m201[0m 1278.698 ms - 127[0m
2024-04-21 17:39:33 info: [0mGET /public/files/sent/sentcus_PvTUMZ8OOvcw4N32042024.jpeg [32m200[0m 11.611 ms - 61310[0m
2024-04-21 17:39:34 info: [0mGET /public/files/sent/sentcus_PvTUMZ8OOvcw4N32042024.jpeg [32m200[0m 3.239 ms - 61310[0m
2024-04-21 17:39:41 info: [0mPOST /users/buy/sent/cus_PvTUMZ8OOvcw4N [32m200[0m 1820.253 ms - 361[0m
2024-04-21 17:52:51 info: [0mPOST /sellers/upload/sent/picture/cus_PvTUMZ8OOvcw4N/3.0/cus_Pvg0MFXb2kst3h [32m201[0m 1697.689 ms - 127[0m
2024-04-21 17:52:51 info: [0mGET /public/files/sent/sentcus_PvTUMZ8OOvcw4N50042024.jpeg [32m200[0m 5.482 ms - 46228[0m
2024-04-21 17:52:52 info: [0mGET /public/files/sent/sentcus_PvTUMZ8OOvcw4N50042024.jpeg [32m200[0m 3.011 ms - 46228[0m
2024-04-21 17:52:57 info: [0mPOST /users/buy/sent/cus_PvTUMZ8OOvcw4N [32m200[0m 1867.188 ms - 361[0m
2024-04-21 17:54:12 info: [0mPOST /sellers/upload/sent/picture/cus_PvTUMZ8OOvcw4N/3.0/cus_Pvg0MFXb2kst3h [32m201[0m 1635.838 ms - 127[0m
2024-04-21 17:54:16 info: [0mGET /public/files/sent/sentcus_PvTUMZ8OOvcw4N11042024.jpeg [32m200[0m 12.674 ms - 144219[0m
2024-04-21 17:54:24 info: [0mPOST /users/buy/sent/cus_PvTUMZ8OOvcw4N [32m200[0m 1721.624 ms - 361[0m
2024-04-21 17:55:44 info: [0mPOST /sellers/upload/sent/picture/cus_PvTUMZ8OOvcw4N/2.0/cus_Pvg0MFXb2kst3h [32m201[0m 1568.267 ms - 127[0m
2024-04-21 17:55:45 info: [0mGET /public/files/sent/sentcus_PvTUMZ8OOvcw4N43042024.jpeg [32m200[0m 9.882 ms - 77775[0m
2024-04-21 17:55:51 info: [0mPOST /users/buy/sent/cus_PvTUMZ8OOvcw4N [32m200[0m 1838.814 ms - 361[0m
2024-04-21 17:56:56 info: [0mGET /users/cus_PvTUMZ8OOvcw4N [32m200[0m 945.496 ms - 374[0m
2024-04-21 17:56:59 info: [0mGET /albums/random/0/cus_PvTUMZ8OOvcw4N [32m201[0m 480.538 ms - 2[0m
2024-04-21 17:56:59 info: [0mGET /albums/all-categories [32m201[0m 916.296 ms - 177[0m
2024-04-21 17:57:00 info: [0mGET /users/plans/cus_PvTUMZ8OOvcw4N [32m200[0m 957.261 ms - 145[0m
2024-04-21 17:57:00 info: [0mGET /albums/popular/cus_PvTUMZ8OOvcw4N [32m201[0m 992.189 ms - 19[0m
2024-04-21 17:57:00 info: [0mGET /albums/cus_PvTUMZ8OOvcw4N [32m201[0m 999.067 ms - -[0m
2024-04-21 17:57:01 info: [0mGET /public/files/albums/postPicture-bbfb306c-07a4-4f17-8217-63ff61de29b0a389aa943df15da6a027bf78399267524eafd33647042024.jpeg [32m200[0m 7.034 ms - 67255[0m
2024-04-21 17:57:08 info: [0mGET /public/files/albums/postPicture-85b907ea-c1db-4346-8cb4-4bcc0d6cccd3a389aa943df15da6a027bf78399267524eafd33647042024.jpeg [32m200[0m 3.405 ms - 52007[0m
2024-04-21 17:57:08 info: [0mGET /public/files/albums/postPicture-4ecd7ddf-30a6-435b-9153-ed4738f1a2d6a389aa943df15da6a027bf78399267524eafd33647042024.jpeg [32m200[0m 7.193 ms - 43259[0m
2024-04-21 17:57:08 info: [0mGET /public/files/albums/postPicture-480b9a10-4231-481a-9049-3bf22715b787a389aa943df15da6a027bf78399267524eafd33647042024.jpeg [32m200[0m 2.060 ms - 83013[0m
2024-04-21 17:57:08 info: [0mGET /albums/plan/5a389aa943df15da6a027bf78399267524eafd33 [32m200[0m 478.942 ms - 64[0m
2024-04-21 17:57:10 info: [0mGET /users/verify/checkForSale/cus_PvTUMZ8OOvcw4N/5a389aa943df15da6a027bf78399267524eafd33/vip [32m200[0m 981.154 ms - 5[0m
2024-04-21 17:58:36 info: [0mGET /public/files/albums/postPicture-93349f0d-5abb-46e2-b799-c1c286cd4de7b9a0b87875a389aa943df15da6a027bf7839926758042024.jpeg [32m200[0m 9.163 ms - 42593[0m
2024-04-21 17:58:36 info: [0mGET /public/files/albums/postPicture-c51abb45-13cf-458c-876c-598bde1ac0fbb9a0b87875a389aa943df15da6a027bf7839926758042024.jpeg [32m200[0m 1.107 ms - 46228[0m
2024-04-21 17:58:36 info: [0mGET /albums/plan/7b9a0b87875a389aa943df15da6a027bf7839926 [32m200[0m 485.142 ms - 69[0m
2024-04-21 17:58:37 info: [0mGET /users/verify/checkForSale/cus_PvTUMZ8OOvcw4N/7b9a0b87875a389aa943df15da6a027bf7839926/standard [32m200[0m 969.178 ms - 5[0m
2024-04-21 17:58:43 info: [0mPOST /users/buy/cus_PvTUMZ8OOvcw4N [32m200[0m 2535.419 ms - 369[0m
2024-04-21 17:59:30 info: [0mGET /public/files/albums/postPicture-98052b58-19e6-4dba-92cc-c90fdac29e0d87875a389aa943df15da6a027bf78399267524ea47042024.jpeg [32m200[0m 16.037 ms - 87457[0m
2024-04-21 17:59:30 info: [0mGET /public/files/albums/postPicture-92b3abfc-46bc-4647-aed3-9793a82a5ec387875a389aa943df15da6a027bf78399267524ea47042024.jpeg [32m200[0m 0.967 ms - 144219[0m
2024-04-21 17:59:30 info: [0mGET /albums/plan/b87875a389aa943df15da6a027bf78399267524e [32m200[0m 429.891 ms - 69[0m
2024-04-21 17:59:31 info: [0mGET /users/verify/checkForSale/cus_PvTUMZ8OOvcw4N/b87875a389aa943df15da6a027bf78399267524e/standard [32m200[0m 906.385 ms - 5[0m
2024-04-21 17:59:36 info: [0mGET /albums/plan/7b9a0b87875a389aa943df15da6a027bf7839926 [32m200[0m 419.949 ms - 69[0m
2024-04-21 17:59:37 info: [0mGET /users/verify/checkForSale/cus_PvTUMZ8OOvcw4N/7b9a0b87875a389aa943df15da6a027bf7839926/standard [32m200[0m 877.442 ms - 4[0m
2024-04-21 17:59:43 info: [0mGET /public/files/albums/postPicture-93349f0d-5abb-46e2-b799-c1c286cd4de7b9a0b87875a389aa943df15da6a027bf7839926758042024.jpeg [32m200[0m 2.335 ms - 42593[0m
2024-04-21 17:59:52 info: [0mGET /albums/plan/5a389aa943df15da6a027bf78399267524eafd33 [32m200[0m 454.778 ms - 64[0m
2024-04-21 17:59:54 info: [0mGET /users/verify/checkForSale/cus_PvTUMZ8OOvcw4N/5a389aa943df15da6a027bf78399267524eafd33/vip [32m200[0m 883.929 ms - 5[0m
2024-04-21 20:02:26 info: [0mPOST /login [32m200[0m 1023.072 ms - 528[0m
2024-04-21 20:02:27 info: [0mGET /albums/random/0/cus_Pvg0MFXb2kst3h [32m201[0m 467.862 ms - -[0m
2024-04-21 20:02:28 info: [0mGET /albums/cus_Pvg0MFXb2kst3h [32m201[0m 878.520 ms - -[0m
2024-04-21 20:02:28 info: [0mGET /albums/all-categories [32m201[0m 911.749 ms - 177[0m
2024-04-21 20:02:28 info: [0mGET /albums/popular/cus_Pvg0MFXb2kst3h [32m201[0m 1063.361 ms - -[0m
2024-04-21 22:28:38 error: [GET] /users/cus_Pvg0MFXb2kst3h >> StatusCode:: 401, Message:: missing token
2024-04-21 22:28:38 info: [0mGET /users/cus_Pvg0MFXb2kst3h [33m401[0m 184.926 ms - 27[0m
2024-04-21 22:28:38 info: [0mPOST /refresh [32m200[0m 69.900 ms - 248[0m
2024-04-21 22:28:39 info: [0mGET /users/cus_Pvg0MFXb2kst3h [32m200[0m 932.163 ms - 278[0m
2024-04-21 22:28:41 info: [0mGET /albums/random/0/cus_Pvg0MFXb2kst3h [32m201[0m 565.318 ms - -[0m
2024-04-21 22:28:41 info: [0mGET /albums/popular/cus_Pvg0MFXb2kst3h [32m201[0m 977.896 ms - -[0m
2024-04-21 22:28:41 info: [0mGET /albums/cus_Pvg0MFXb2kst3h [32m201[0m 977.961 ms - -[0m
2024-04-21 22:28:41 info: [0mGET /albums/all-categories [32m201[0m 954.200 ms - 177[0m
2024-04-21 22:32:56 info: [0mGET /users/cus_PvTUMZ8OOvcw4N [32m200[0m 981.143 ms - 374[0m
2024-04-21 22:32:59 info: [0mGET /albums/random/0/cus_PvTUMZ8OOvcw4N [32m201[0m 438.840 ms - 2[0m
2024-04-21 22:33:00 info: [0mGET /albums/popular/cus_PvTUMZ8OOvcw4N [32m201[0m 900.125 ms - 19[0m
2024-04-21 22:33:00 info: [0mGET /albums/cus_PvTUMZ8OOvcw4N [32m201[0m 900.929 ms - -[0m
2024-04-21 22:33:00 info: [0mGET /albums/all-categories [32m201[0m 952.064 ms - 177[0m
2024-04-21 22:33:00 info: [0mGET /users/plans/cus_PvTUMZ8OOvcw4N [32m200[0m 975.658 ms - 145[0m
2024-04-21 22:34:17 info: [0mGET /public/files/albums/postPicture-50c7e759-3796-41fe-9c76-f97edc029e42da011fef808e2d88707194a0a76a037ae7e0083a59042024.jpeg [32m200[0m 36.150 ms - 23444[0m
2024-04-21 22:34:17 info: [0mGET /public/files/albums/postPicture-a20d999d-3f50-42b4-97ab-98b512f5f1a6da011fef808e2d88707194a0a76a037ae7e0083a59042024.jpeg [32m200[0m 57.163 ms - 74607[0m
2024-04-21 22:34:18 info: [0mGET /albums/plan/3da011fef808e2d88707194a0a76a037ae7e0083 [32m200[0m 540.641 ms - 69[0m
2024-04-21 22:34:19 info: [0mGET /users/verify/checkForSale/cus_Pvg0MFXb2kst3h/3da011fef808e2d88707194a0a76a037ae7e0083/standard [32m200[0m 877.859 ms - 4[0m
2024-04-21 22:34:46 info: [0mGET /users/cus_PvTUMZ8OOvcw4N [32m200[0m 918.866 ms - 374[0m
2024-04-21 22:34:50 info: [0mGET /albums/random/0/cus_PvTUMZ8OOvcw4N [32m201[0m 404.550 ms - 2[0m
2024-04-21 22:34:51 info: [0mGET /users/plans/cus_PvTUMZ8OOvcw4N [32m200[0m 880.930 ms - 145[0m
2024-04-21 22:34:51 info: [0mGET /albums/all-categories [32m201[0m 841.878 ms - 177[0m
2024-04-21 22:34:51 info: [0mGET /albums/popular/cus_PvTUMZ8OOvcw4N [32m201[0m 906.806 ms - 19[0m
2024-04-21 22:34:51 info: [0mGET /albums/cus_PvTUMZ8OOvcw4N [32m201[0m 864.861 ms - -[0m
2024-04-21 23:03:24 info: [0mPOST /sellers/upload/sent/picture/cus_PvTUMZ8OOvcw4N/2.0/cus_Pvg0MFXb2kst3h [32m201[0m 1923.906 ms - 127[0m
2024-04-21 23:03:28 info: [0mGET /public/files/sent/sentcus_PvTUMZ8OOvcw4N22042024.jpeg [32m200[0m 7.029 ms - 168592[0m
2024-04-21 23:03:35 info: [0mPOST /users/buy/sent/cus_PvTUMZ8OOvcw4N [32m200[0m 2267.739 ms - 361[0m
2024-04-21 23:20:53 info: [0mGET /notifications/cus_Pvg0MFXb2kst3h [32m201[0m 751.099 ms - 2[0m
2024-04-21 23:21:30 info: [0mGET /notifications/cus_PvTUMZ8OOvcw4N [32m201[0m 530.350 ms - -[0m
2024-04-21 23:21:40 info: [0mGET /wallet/cus_PvTUMZ8OOvcw4N [32m201[0m 942.788 ms - 12[0m
2024-04-21 23:21:54 info: [0mGET /wallet/cus_PvTUMZ8OOvcw4N [32m201[0m 870.185 ms - 12[0m
2024-04-21 23:22:00 info: [0mGET /wallet/cus_PvTUMZ8OOvcw4N [32m201[0m 871.470 ms - 12[0m
2024-04-21 23:22:15 info: [0mGET /sellers [32m201[0m 941.507 ms - 376[0m
2024-04-21 23:22:26 info: [0mGET /albums/seller/cus_PvTUMZ8OOvcw4N [32m201[0m 542.813 ms - -[0m
2024-04-21 23:22:29 info: [0mGET /users/plans/cus_PvTUMZ8OOvcw4N [32m200[0m 874.301 ms - 145[0m
2024-04-21 23:22:36 info: [0mGET /users/plans/cus_PvTUMZ8OOvcw4N [32m200[0m 899.109 ms - 145[0m
2024-04-21 23:22:42 info: [0mGET /albums/plan/3da011fef808e2d88707194a0a76a037ae7e0083 [32m200[0m 456.251 ms - 69[0m
2024-04-21 23:22:43 info: [0mGET /users/verify/checkForSale/cus_Pvg0MFXb2kst3h/3da011fef808e2d88707194a0a76a037ae7e0083/standard [32m200[0m 1001.668 ms - 4[0m
2024-04-21 23:23:13 info: [0mGET /albums/plan/3da011fef808e2d88707194a0a76a037ae7e0083 [32m200[0m 478.217 ms - 69[0m
2024-04-21 23:23:14 info: [0mGET /users/verify/checkForSale/cus_Pvg0MFXb2kst3h/3da011fef808e2d88707194a0a76a037ae7e0083/standard [32m200[0m 887.815 ms - 4[0m
2024-04-21 23:23:35 info: [0mGET /albums/plan/3da011fef808e2d88707194a0a76a037ae7e0083 [32m200[0m 467.215 ms - 69[0m
2024-04-21 23:23:36 info: [0mGET /users/verify/checkForSale/cus_Pvg0MFXb2kst3h/3da011fef808e2d88707194a0a76a037ae7e0083/standard [32m200[0m 870.486 ms - 4[0m
2024-04-21 23:23:39 info: [0mGET /albums/plan/3da011fef808e2d88707194a0a76a037ae7e0083 [32m200[0m 478.175 ms - 69[0m
2024-04-21 23:23:41 info: [0mGET /users/verify/checkForSale/cus_Pvg0MFXb2kst3h/3da011fef808e2d88707194a0a76a037ae7e0083/standard [32m200[0m 1483.441 ms - 4[0m
2024-04-21 23:23:42 info: [0mGET /public/files/albums/postPicture-1427dd61-3515-417c-aa2e-86f3f19671cec863a3da011fef808e2d88707194a0a76a037ae755042024.jpeg [32m200[0m 4.417 ms - 64855[0m
2024-04-21 23:23:42 info: [0mGET /albums/plan/ec863a3da011fef808e2d88707194a0a76a037ae [32m200[0m 551.799 ms - 64[0m
2024-04-21 23:23:42 info: [0mGET /public/files/albums/postPicture-4b9f3f65-5afc-446d-9f57-3c4cc1f2f8c5c863a3da011fef808e2d88707194a0a76a037ae755042024.jpeg [32m200[0m 1.845 ms - 40478[0m
2024-04-21 23:23:43 info: [0mGET /users/verify/checkForSale/cus_Pvg0MFXb2kst3h/ec863a3da011fef808e2d88707194a0a76a037ae/vip [32m200[0m 888.331 ms - 4[0m
2024-04-21 23:23:47 info: [0mGET /public/files/albums/postPicture-244c91e8-42de-42e0-84ca-eb988a225215fef808e2d88707194a0a76a037ae7e0083a98e4904042024.jpeg [32m200[0m 10.224 ms - 17716[0m
2024-04-21 23:23:47 info: [0mGET /public/files/albums/postPicture-50c7e759-3796-41fe-9c76-f97edc029e42fef808e2d88707194a0a76a037ae7e0083a98e4904042024.jpeg [32m200[0m 16.636 ms - 23444[0m
2024-04-21 23:23:48 info: [0mGET /albums/plan/1fef808e2d88707194a0a76a037ae7e0083a98e4 [32m200[0m 424.699 ms - 69[0m
2024-04-21 23:23:49 info: [0mGET /users/verify/checkForSale/cus_Pvg0MFXb2kst3h/1fef808e2d88707194a0a76a037ae7e0083a98e4/standard [32m200[0m 892.310 ms - 4[0m
2024-04-21 23:23:55 info: [0mGET /albums/plan/3da011fef808e2d88707194a0a76a037ae7e0083 [32m200[0m 463.155 ms - 69[0m
2024-04-21 23:23:56 info: [0mGET /users/verify/checkForSale/cus_Pvg0MFXb2kst3h/3da011fef808e2d88707194a0a76a037ae7e0083/standard [32m200[0m 855.969 ms - 4[0m
2024-04-21 23:23:57 info: [0mGET /users/plans/cus_PvTUMZ8OOvcw4N [32m200[0m 875.833 ms - 145[0m
