2024-05-03 13:22:31 info: =================================
2024-05-03 13:22:31 info: ======= ENV: development =======
2024-05-03 13:22:31 info: 🚀 App listening on the port 8000
2024-05-03 13:22:31 info: =================================
2024-05-03 13:31:32 info: =================================
2024-05-03 13:31:32 info: ======= ENV: development =======
2024-05-03 13:31:32 info: 🚀 App listening on the port 8000
2024-05-03 13:31:32 info: =================================
2024-05-03 13:31:37 info: =================================
2024-05-03 13:31:37 info: ======= ENV: development =======
2024-05-03 13:31:37 info: 🚀 App listening on the port 8000
2024-05-03 13:31:37 info: =================================
2024-05-03 13:51:09 info: [0mOPTIONS /users/contact [32m204[0m 4.481 ms - 0[0m
2024-05-03 13:51:09 error: [POST] /users/contact >> StatusCode:: 500, Message:: id is not defined
2024-05-03 13:51:09 info: [0mPOST /users/contact [31m500[0m 41.365 ms - 31[0m
2024-05-03 13:52:21 info: =================================
2024-05-03 13:52:21 info: ======= ENV: development =======
2024-05-03 13:52:21 info: 🚀 App listening on the port 8000
2024-05-03 13:52:21 info: =================================
2024-05-03 13:52:32 info: [0mOPTIONS /users/contact [32m204[0m 2.337 ms - 0[0m
2024-05-03 13:52:53 info: =================================
2024-05-03 13:52:53 info: ======= ENV: development =======
2024-05-03 13:52:53 info: 🚀 App listening on the port 8000
2024-05-03 13:52:53 info: =================================
2024-05-03 13:52:55 info: [0mOPTIONS /users/contact [32m204[0m 2.859 ms - 0[0m
2024-05-03 13:53:13 info: =================================
2024-05-03 13:53:13 info: ======= ENV: development =======
2024-05-03 13:53:13 info: 🚀 App listening on the port 8000
2024-05-03 13:53:13 info: =================================
2024-05-03 13:53:15 info: [0mOPTIONS /users/contact [32m204[0m 1.929 ms - 0[0m
2024-05-03 13:53:51 info: [0mOPTIONS /users/contact [32m204[0m 1.271 ms - 0[0m
2024-05-03 14:01:06 info: =================================
2024-05-03 14:01:06 info: ======= ENV: development =======
2024-05-03 14:01:06 info: 🚀 App listening on the port 8000
2024-05-03 14:01:06 info: =================================
2024-05-03 14:01:29 info: [0mOPTIONS /users/contact [32m204[0m 2.639 ms - 0[0m
2024-05-03 14:02:26 info: [0mOPTIONS /users/contact [32m204[0m 0.657 ms - 0[0m
2024-05-03 14:06:22 info: [0mOPTIONS /users/contact [32m204[0m 2.226 ms - 0[0m
