2024-01-13 12:14:39 info: [0mPOST /users/generateOtp/ [33m404[0m 5.013 ms - 158[0m
2024-01-13 12:19:30 info: [0mPOST /users/generateOtp/m [32m200[0m 1.458 ms - 80[0m
2024-01-13 12:34:24 info: [0mPOST /users/generateOtp/mouaddigoug12@gmail.com [32m200[0m 1.433 ms - 80[0m
2024-01-13 12:36:03 info: [0mPOST /users/generateOtp/mouaddigoug12@gmail.com [32m200[0m 1.687 ms - 80[0m
2024-01-13 12:37:16 info: [0mPOST /users/verifyOtp/mouaddigoug12@gmail.com [33m400[0m 1.277 ms - 25[0m
2024-01-13 12:44:12 info: [0mPOST /users/generateOtp/mouaddigoug12@gmail.com [32m200[0m 1.467 ms - 80[0m
2024-01-13 12:45:22 info: [0mPOST /users/verifyOtp/mouaddigoug12@gmail.com [33m400[0m 1.935 ms - 25[0m
2024-01-13 12:45:46 info: [0mPOST /users/generateOtp/mouaddigoug12@gmail.com [32m200[0m 1.508 ms - 80[0m
2024-01-13 12:46:10 info: [0mPOST /users/verifyOtp/mouaddigoug12@gmail.com [33m400[0m 7.878 ms - 25[0m
2024-01-13 12:49:39 info: [0mPOST /users/generateOtp/mouaddigoug12@gmail.com [32m200[0m 2.207 ms - 80[0m
2024-01-13 12:49:51 info: [0mPOST /users/verifyOtp/mouaddigoug12@gmail.com [32m200[0m 2.557 ms - 21[0m
2024-01-13 13:24:45 info: =================================
2024-01-13 13:24:45 info: ======= ENV: development =======
2024-01-13 13:24:45 info: 🚀 App listening on the port 8000
2024-01-13 13:24:45 info: =================================
2024-01-13 13:31:01 info: [0mPOST /users/generateOtp/mouaddigoug12@gmail.com [32m200[0m 21.035 ms - 80[0m
2024-01-13 13:31:26 info: [0mPOST /users/verifyOtp/mouaddigoug12@gmail.com [32m200[0m 1952.158 ms - 500[0m
2024-01-13 13:36:08 info: =================================
2024-01-13 13:36:08 info: ======= ENV: development =======
2024-01-13 13:36:08 info: 🚀 App listening on the port 8000
2024-01-13 13:36:08 info: =================================
2024-01-13 13:36:18 info: [0mPOST /users/generateOtp/mouaddigoug12@gmail.com [32m200[0m 18.098 ms - 80[0m
2024-01-13 13:36:32 info: [0mPOST /users/verifyOtp/mouaddigoug12@gmail.com [32m200[0m 1176.754 ms - 213[0m
2024-01-13 13:37:04 info: =================================
2024-01-13 13:37:04 info: ======= ENV: development =======
2024-01-13 13:37:04 info: 🚀 App listening on the port 8000
2024-01-13 13:37:04 info: =================================
2024-01-13 13:37:10 info: [0mPOST /users/generateOtp/mouaddigoug12@gmail.com [32m200[0m 20.123 ms - 80[0m
2024-01-13 13:37:24 info: [0mPOST /users/verifyOtp/mouaddigoug12@gmail.com [32m200[0m 1058.597 ms - 500[0m
2024-01-13 13:39:12 info: =================================
2024-01-13 13:39:12 info: ======= ENV: development =======
2024-01-13 13:39:12 info: 🚀 App listening on the port 8000
2024-01-13 13:39:12 info: =================================
2024-01-13 13:40:26 info: [0mPOST /users/generateOtp/mouaddigoug12@gmail.com [32m200[0m 15.814 ms - 80[0m
2024-01-13 13:40:42 info: [0mPOST /users/verifyOtp/mouaddigoug12@gmail.com [32m200[0m 1553.119 ms - 515[0m
2024-01-13 13:41:11 info: [0mPOST /users/generateOtp/SaraAloui@gmail.com [32m200[0m 2.397 ms - 80[0m
2024-01-13 13:42:18 info: [0mPOST /users/generateOtp/mouaddigoug12@gmail.com [32m200[0m 2.158 ms - 80[0m
2024-01-13 13:42:31 info: [0mPOST /users/verifyOtp/mouaddigoug12@gmail.com [32m200[0m 685.648 ms - 515[0m
2024-01-13 13:50:42 info: =================================
2024-01-13 13:50:42 info: ======= ENV: development =======
2024-01-13 13:50:42 info: 🚀 App listening on the port 8000
2024-01-13 13:50:42 info: =================================
2024-01-13 13:51:59 info: =================================
2024-01-13 13:51:59 info: ======= ENV: development =======
2024-01-13 13:51:59 info: 🚀 App listening on the port 8000
2024-01-13 13:51:59 info: =================================
2024-01-13 13:52:36 info: =================================
2024-01-13 13:52:37 info: ======= ENV: development =======
2024-01-13 13:52:37 info: 🚀 App listening on the port 8000
2024-01-13 13:52:37 info: =================================
2024-01-13 13:52:41 info: =================================
2024-01-13 13:52:41 info: ======= ENV: development =======
2024-01-13 13:52:41 info: 🚀 App listening on the port 8000
2024-01-13 13:52:41 info: =================================
2024-01-13 14:03:12 info: [0mPOST /users/generateOtp/mouaddigoug12@gmail.com [32m200[0m 8.618 ms - 80[0m
2024-01-13 14:03:31 info: [0mPOST /users/verifyOtp/mouaddigoug12@gmail.com [32m200[0m 826.171 ms - 514[0m
2024-01-13 14:03:47 info: [0mPOST /users/verifyOtp/mouaddigoug12@gmail.com [32m200[0m 687.427 ms - 514[0m
2024-01-13 14:06:05 info: [0mPOST /users/generateOtp/mouaddigoug12@gmail.com [32m200[0m 1.244 ms - 80[0m
2024-01-13 14:06:18 info: [0mPOST /users/verifyOtp/mouaddigoug12@gmail.com [32m200[0m 801.376 ms - 514[0m
2024-01-13 14:07:02 info: [0mPOST /users/verifyOtp/mouaddigoug12@gmail.com [32m200[0m 652.788 ms - 513[0m
2024-01-13 14:07:44 info: [0mPOST /users/verifyOtp/mouaddigoug12@gmail.com [32m200[0m 677.968 ms - 514[0m
2024-01-13 14:08:04 info: [0mPOST /users/verifyOtp/mouaddigoug12@gmail.com [32m200[0m 664.183 ms - 513[0m
2024-01-13 14:08:29 info: [0mPOST /users/verifyOtp/mouaddigoug12@gmail.com [33m400[0m 1.423 ms - 29[0m
2024-01-13 14:08:35 info: [0mPOST /users/generateOtp/mouaddigoug12@gmail.com [32m200[0m 1.544 ms - 80[0m
2024-01-13 14:08:49 info: [0mPOST /users/verifyOtp/mouaddigoug12@gmail.com [32m200[0m 691.784 ms - 514[0m
2024-01-13 14:09:43 info: [0mPOST /users/verifyOtp/mouaddigoug12@gmail.com [32m200[0m 857.538 ms - 515[0m
2024-01-13 14:10:32 info: [0mPOST /users/verifyOtp/mouaddigoug12@gmail.com [32m200[0m 693.937 ms - 515[0m
2024-01-13 14:10:59 info: [0mPOST /users/verifyOtp/mouaddigoug12@gmail.com [33m400[0m 1.317 ms - 29[0m
2024-01-13 14:11:08 info: [0mPOST /users/generateOtp/mouaddigoug12@gmail.com [32m200[0m 0.885 ms - 80[0m
2024-01-13 14:11:22 info: [0mPOST /users/verifyOtp/mouaddigoug12@gmail.com [32m200[0m 748.725 ms - 515[0m
2024-01-13 14:13:25 info: [0mPOST /users/generateOtp/mouaddigoug12@gmail.com [32m200[0m 1.240 ms - 80[0m
2024-01-13 14:13:38 info: [0mPOST /users/verifyOtp/mouaddigoug12@gmail.com [33m400[0m 1.295 ms - 25[0m
2024-01-13 14:14:03 info: [0mPOST /users/verifyOtp/mouaddigoug12@gmail.com [32m200[0m 709.927 ms - 514[0m
2024-01-13 14:20:23 info: [0mPOST /users/generateOtp/mouaddigoug12@gmail.com [32m200[0m 1.405 ms - 80[0m
2024-01-13 14:20:55 info: [0mPOST /login [33m403[0m 823.292 ms - 44[0m
2024-01-13 14:21:07 info: [0mPOST /login [32m200[0m 2398.748 ms - 650[0m
2024-01-13 14:34:43 error: [GET] /users/e1d640e916c8628de70bf8ec0bd97461577cc85a >> StatusCode:: 401, Message:: missing token
2024-01-13 14:34:43 info: [0mGET /users/e1d640e916c8628de70bf8ec0bd97461577cc85a [33m401[0m 17.879 ms - 27[0m
2024-01-13 14:36:42 error: [GET] /users/e1d640e916c8628de70bf8ec0bd97461577cc85a >> StatusCode:: 401, Message:: missing token
2024-01-13 14:36:42 info: [0mGET /users/e1d640e916c8628de70bf8ec0bd97461577cc85a [33m401[0m 3.843 ms - 27[0m
2024-01-13 14:36:42 info: [0mPOST /refresh [32m200[0m 2.840 ms - 277[0m
2024-01-13 14:36:44 info: [0mGET /users/e1d640e916c8628de70bf8ec0bd97461577cc85a [32m200[0m 1395.072 ms - 370[0m
2024-01-13 14:36:53 info: [0mPOST /resendVerificationEmailSaraAloui@gmail.com [33m404[0m 1.979 ms - 182[0m
2024-01-13 14:43:03 info: [0mPOST /users/generateOtp/mouaddigoug12@gmail.com [32m200[0m 1.232 ms - 80[0m
2024-01-13 14:43:22 info: [0mPOST /users/verifyOtp/mouaddigoug12@gmail.com [32m200[0m 731.867 ms - 515[0m
2024-01-13 14:43:54 error: [GET] /users/cus_P1bQWEqSZnbITu >> StatusCode:: 401, Message:: missing token
2024-01-13 14:43:54 info: [0mGET /users/cus_P1bQWEqSZnbITu [33m401[0m 2.835 ms - 27[0m
2024-01-13 14:43:55 info: [0mPOST /refresh [32m200[0m 3.949 ms - 248[0m
2024-01-13 14:43:56 info: [0mGET /users/cus_P1bQWEqSZnbITu [32m200[0m 1330.819 ms - 244[0m
2024-01-13 14:44:04 info: [0mPOST /resendVerificationEmailmouaddigoug12@gmail.com [33m404[0m 1.240 ms - 186[0m
2024-01-13 14:46:36 info: =================================
2024-01-13 14:46:36 info: ======= ENV: development =======
2024-01-13 14:46:36 info: 🚀 App listening on the port 8000
2024-01-13 14:46:36 info: =================================
2024-01-13 14:46:58 info: [0mGET /users/confirmation/eyJhbGciOiJIUzI1NiIsInR5cCI6IkpXVCJ9.eyJpZCI6ImN1c19QMWJRV0VxU1puYklUdSIsImlhdCI6MTcwNTE1MzYwMCwiZXhwIjoxNzA1MTUzODgwfQ.FBREFhd14DjjZe1ICgz87NjNsiiAhzsAWqje-RluSZg [36m302[0m 1175.527 ms - 46[0m
2024-01-13 14:46:58 info: [0mGET / [32m200[0m 1.673 ms - 2[0m
2024-01-13 14:46:59 info: [0mGET /favicon.ico [33m404[0m 2.548 ms - 150[0m
2024-01-13 14:47:12 info: [0mPOST /resendVerificationEmail/mouaddigoug12@gmail.com [0m-[0m - ms - -[0m
2024-01-13 14:47:23 info: [0mGET /users/cus_P1bQWEqSZnbITu [32m200[0m 1482.140 ms - 243[0m
2024-01-13 14:47:26 info: [0mGET /albums/all-categories [32m201[0m 1846.756 ms - 114[0m
2024-01-13 14:47:27 info: [0mGET /albums/random/0/cus_P1bQWEqSZnbITu [32m201[0m 2561.954 ms - -[0m
2024-01-13 14:47:27 info: [0mGET /albums/cus_P1bQWEqSZnbITu [32m201[0m 2577.183 ms - -[0m
2024-01-13 14:47:27 info: [0mGET /albums/popular/cus_P1bQWEqSZnbITu [32m201[0m 2682.598 ms - -[0m
2024-01-13 14:47:28 info: [0mGET /public/files/albums/postPicture-37072eed-ffa4-4732-901f-69ff0ebf31964283235459063127545jpg'4a7b30776d4b031071bc78bf6dc9f52192f93a9527122023.jpeg [32m200[0m 10.134 ms - 64166[0m
2024-01-13 14:47:28 info: [0mGET /public/files/albums/postPicture-f5b606e7-ea02-4b6d-abff-29e591ecedaa8594422175717132219jpg'b2cb830fcd753b660667ff950cd132a686781f6d46122023.jpeg [32m200[0m 5.688 ms - 63414[0m
2024-01-13 14:47:28 info: [0mGET /public/files/albums/postPicture-f5b606e7-ea02-4b6d-abff-29e591ecedaa8594422175717132219jpg'8cbf7d8afa6550240c203bb59a5ce94ef6847d3f05122023.jpeg [32m200[0m 5.887 ms - 63414[0m
2024-01-13 14:47:28 info: [0mGET /public/files/albums/postPicture-68a722d5-48db-4c56-9094-875d4930d6a96403750345436467466jpg'd8afa6550240c203bb59a5ce94ef6847d3fa453f30122023.png [32m200[0m 7.980 ms - 63629[0m
2024-01-13 14:47:28 info: [0mGET /public/files/albums/postPicture-67cacd40-f40d-4408-b887-a888d25b2ab6327830558753184262jpg'9b12bf526f886bf9c48e7074b216f58f32573b0349122023.jpeg [32m200[0m 7.736 ms - 63629[0m
2024-01-13 14:47:28 info: [0mGET /public/files/albums/postPicture-37072eed-ffa4-4732-901f-69ff0ebf31964283235459063127545jpg'7f004a7b30776d4b031071bc78bf6dc9f52192f919122023.jpeg [32m200[0m 8.945 ms - 64166[0m
2024-01-13 14:47:28 info: [0mGET /public/files/albums/postPicture-27d6b646-950f-4783-a244-a5d24771130b8314993466251131527jpg'f526f886bf9c48e7074b216f58f32573b03d539914122023.jpeg [32m200[0m 9.158 ms - 64254[0m
2024-01-13 18:06:04 info: [0mGET /public/files/albums/postPictureb25e375f3a97b3467961505186a4241e2a6bbefb22122023.jpeg [33m404[0m 3.199 ms - 223[0m
2024-01-13 18:06:04 info: [0mGET /public/files/albums/postPicture-1d039e14-9252-47d6-8d39-92f625d46f435867363189936475864jpg'0776d4b031071bc78bf6dc9f52192f93a957ba5247122023.jpeg [32m200[0m 7.734 ms - 63869[0m
2024-01-13 18:06:05 info: [0mGET /public/files/albums/postPicture5d2f8cd3f6f50e15909b11505cfe5bd9b6bef9ae42122023.png [33m404[0m 2.681 ms - 222[0m
2024-01-13 18:06:05 info: [0mGET /public/files/albums/postPicture9b11505cfe5bd9b6bef9ae840078e4734144b5d914122023.png [33m404[0m 6.401 ms - 222[0m
2024-01-13 18:06:05 info: [0mGET /public/files/albums/postPicture505cfe5bd9b6bef9ae840078e4734144b5d9dd6e43122023.png [33m404[0m 3.236 ms - 222[0m
2024-01-13 18:06:05 info: [0mGET /public/files/albums/postPicture3d30f9e2249b636e6a6d423149a491b02cfb8e3927122023.png [33m404[0m 4.016 ms - 222[0m
2024-01-13 18:06:05 info: [0mGET /public/files/albums/postPicture5f539a43c377472363dbdd37af8a523e7b124a8022122023.png [33m404[0m 4.319 ms - 222[0m
2024-01-13 18:06:05 info: [0mGET /public/files/albums/postPictureffe7acebe0fd2c1bb9e191df6d10863a0675575746122023.octet-stream [33m404[0m 4.704 ms - 231[0m
2024-01-13 18:06:05 info: [0mGET /public/files/albums/postPicturef50e15909b11505cfe5bd9b6bef9ae840078e47327122023.png [33m404[0m 1.328 ms - 222[0m
2024-01-13 18:06:06 info: [0mGET /public/files/albums/postPicture0fd2c1bb9e191df6d10863a06755757a97f6c1bf31122023.octet-stream [33m404[0m 5.172 ms - 231[0m
2024-01-13 18:06:07 info: [0mGET /public/files/albums/postPicturebc134f12720fc7feb9b82da20c66021635b3d5ec16122023.octet-stream [33m404[0m 1.421 ms - 231[0m
2024-01-13 18:06:07 info: [0mGET /public/files/albums/postPictureab1ea683903e4ee8f09207748b58848b796d30b002122023.octet-stream [33m404[0m 1.511 ms - 231[0m
2024-01-13 18:06:13 info: [0mGET /public/files/albums/postPicture-27d6b646-950f-4783-a244-a5d24771130b8314993466251131527jpg'956db2cb830fcd753b660667ff950cd132a6867812122023.jpeg [32m200[0m 2.845 ms - 64254[0m
2024-01-13 21:01:10 info: [0mGET /notifications/cus_P1bQWEqSZnbITu [32m201[0m 1250.009 ms - 2[0m
2024-01-13 21:09:07 info: [0mPOST /users/generateOtp/mouaddigoug12@gmail.com [32m200[0m 9.503 ms - 80[0m
2024-01-13 21:10:30 info: [0mPOST /users/generateOtp/mouaddigoug12@gmail.com [32m200[0m 1.248 ms - 80[0m
2024-01-13 21:11:02 info: [0mPOST /users/generateOtp/mouaddigoug12@gmail.com [32m200[0m 1.603 ms - 80[0m
2024-01-13 21:13:22 info: [0mPOST /users/generateOtp/mouaddigoug12@gmail.com [32m200[0m 1.522 ms - 80[0m
2024-01-13 21:18:18 info: [0mPOST /users/generateOtp/mouaddigoug12@gmail.com [32m200[0m 1.156 ms - 80[0m
2024-01-13 21:18:30 info: [0mPOST /users/generateOtp/mouaddigoug12@gmail.com [32m200[0m 0.816 ms - 80[0m
2024-01-13 21:18:37 info: [0mPOST /users/generateOtp/mouaddigoug12@gmail.com [32m200[0m 0.949 ms - 80[0m
2024-01-13 21:28:40 info: [0mPOST /users/generateOtp/mouaddigoug12@gmail.com [32m200[0m 2.118 ms - 80[0m
2024-01-13 21:29:02 info: [0mPOST /users/generateOtp/mouaddigoug12@gmail.com [32m200[0m 1.343 ms - 80[0m
