2023-12-09 12:28:54 error: [GET] /users/e1d640e916c8628de70bf8ec0bd97461577cc85a >> StatusCode:: 401, Message:: Wrong authentication token
2023-12-09 14:18:32 error: [GET] /users/e1d640e916c8628de70bf8ec0bd97461577cc85a >> StatusCode:: 401, Message:: Wrong authentication token
2023-12-09 15:31:13 error: [GET] /users/e1d640e916c8628de70bf8ec0bd97461577cc85a >> StatusCode:: 401, Message:: Wrong authentication token
2023-12-09 15:35:32 error: [GET] /users/e1d640e916c8628de70bf8ec0bd97461577cc85a >> StatusCode:: 401, Message:: Wrong authentication token
2023-12-09 16:06:20 error: [GET] /albums/popular >> StatusCode:: 401, Message:: Wrong authentication token
2023-12-09 16:06:20 error: [GET] /albums >> StatusCode:: 401, Message:: Wrong authentication token
2023-12-09 16:38:54 error: [GET] /users/e1d640e916c8628de70bf8ec0bd97461577cc85a >> StatusCode:: 401, Message:: Wrong authentication token
2023-12-09 16:39:59 error: uncaughtException: Could not perform discovery. No routing servers available. Known routing table: RoutingTable[database=default database, expirationTime=0, currentTime=1702136399163, routers=[], readers=[], writers=[]]
Neo4jError: Could not perform discovery. No routing servers available. Known routing table: RoutingTable[database=default database, expirationTime=0, currentTime=1702136399163, routers=[], readers=[], writers=[]]
    at new Neo4jError (C:\Users\mouad\Documents\Projects\feetflight\feetflight\node_modules\neo4j-driver-core\lib\error.js:77:16)
    at newError (C:\Users\mouad\Documents\Projects\feetflight\feetflight\node_modules\neo4j-driver-core\lib\error.js:113:12)
    at RoutingConnectionProvider.<anonymous> (C:\Users\mouad\Documents\Projects\feetflight\feetflight\node_modules\neo4j-driver-bolt-connection\lib\connection-provider\connection-provider-routing.js:704:68)
    at step (C:\Users\mouad\Documents\Projects\feetflight\feetflight\node_modules\neo4j-driver-bolt-connection\lib\connection-provider\connection-provider-routing.js:100:23)
    at Object.next (C:\Users\mouad\Documents\Projects\feetflight\feetflight\node_modules\neo4j-driver-bolt-connection\lib\connection-provider\connection-provider-routing.js:81:53)
    at C:\Users\mouad\Documents\Projects\feetflight\feetflight\node_modules\neo4j-driver-bolt-connection\lib\connection-provider\connection-provider-routing.js:75:71
    at new Promise (<anonymous>)
    at __awaiter (C:\Users\mouad\Documents\Projects\feetflight\feetflight\node_modules\neo4j-driver-bolt-connection\lib\connection-provider\connection-provider-routing.js:71:12)
    at RoutingConnectionProvider._applyRoutingTableIfPossible (C:\Users\mouad\Documents\Projects\feetflight\feetflight\node_modules\neo4j-driver-bolt-connection\lib\connection-provider\connection-provider-routing.js:698:16)
    at RoutingConnectionProvider.<anonymous> (C:\Users\mouad\Documents\Projects\feetflight\feetflight\node_modules\neo4j-driver-bolt-connection\lib\connection-provider\connection-provider-routing.js:508:55)
2023-12-09 16:40:01 error: [GET] /albums/popular >> StatusCode:: 401, Message:: Wrong authentication token
2023-12-09 16:40:01 error: uncaughtException: Connection acquisition timed out in 60000 ms. Pool status: Active conn count = 0, Idle conn count = 0.
Neo4jError: Connection acquisition timed out in 60000 ms. Pool status: Active conn count = 0, Idle conn count = 0.
    at new Neo4jError (C:\Users\mouad\Documents\Projects\feetflight\feetflight\node_modules\neo4j-driver-core\lib\error.js:77:16)
    at newError (C:\Users\mouad\Documents\Projects\feetflight\feetflight\node_modules\neo4j-driver-core\lib\error.js:113:12)
    at Timeout.<anonymous> (C:\Users\mouad\Documents\Projects\feetflight\feetflight\node_modules\neo4j-driver-bolt-connection\lib\pool\pool.js:136:69)
    at listOnTimeout (node:internal/timers:569:17)
    at processTimers (node:internal/timers:512:7)
2023-12-09 16:44:00 error: [GET] /users/e1d640e916c8628de70bf8ec0bd97461577cc85a >> StatusCode:: 401, Message:: Wrong authentication token
2023-12-09 17:36:21 error: [GET] /users/62cc6c536ffc0d571c6ac50c04fcccf2baabf068 >> StatusCode:: 401, Message:: Wrong authentication token
