2023-12-15 11:25:16 error: [POST] /users/buy/cus_PBbQBKCT5KXiiH >> StatusCode:: 401, Message:: missing token
2023-12-15 11:27:58 error: [POST] /users/buy/cus_PBbQBKCT5KXiiH >> StatusCode:: 401, Message:: missing token
2023-12-15 11:32:50 error: [POST] /users/buy/cus_PBbQBKCT5KXiiH >> StatusCode:: 401, Message:: missing token
2023-12-15 11:35:56 error: [GET] /users/cus_PBbQBKCT5KXiiH >> StatusCode:: 401, Message:: missing token
2023-12-15 11:59:30 error: [POST] /users/buy/cus_PBbQBKCT5KXiiH >> StatusCode:: 401, Message:: missing token
2023-12-15 12:07:15 error: [GET] /users/cus_PBbQBKCT5KXiiH >> StatusCode:: 401, Message:: missing token
2023-12-15 12:08:29 error: [POST] /users/buy/cus_PBbQBKCT5KXiiH >> StatusCode:: 401, Message:: missing token
2023-12-15 12:11:16 error: [GET] /users/cus_PBbQBKCT5KXiiH >> StatusCode:: 401, Message:: missing token
2023-12-15 12:14:04 error: [GET] /users/cus_PBbQBKCT5KXiiH >> StatusCode:: 401, Message:: missing token
2023-12-15 12:28:40 error: [GET] /users/cus_PBbQBKCT5KXiiH >> StatusCode:: 401, Message:: missing token
2023-12-15 12:30:23 error: [GET] /users/cus_PBbQBKCT5KXiiH >> StatusCode:: 401, Message:: missing token
2023-12-15 12:33:17 error: [GET] /users/cus_PBbQBKCT5KXiiH >> StatusCode:: 401, Message:: missing token
2023-12-15 12:36:48 error: [GET] /users/cus_PBbQBKCT5KXiiH >> StatusCode:: 401, Message:: missing token
2023-12-15 12:39:18 error: [GET] /users/cus_PBbQBKCT5KXiiH >> StatusCode:: 401, Message:: missing token
2023-12-15 12:40:28 error: [GET] /albums/categories >> StatusCode:: 401, Message:: missing token
2023-12-15 12:44:18 error: [GET] /albums/all-categories >> StatusCode:: 401, Message:: missing token
2023-12-15 12:44:54 error: [GET] /albums/all-categories >> StatusCode:: 401, Message:: missing token
2023-12-15 12:45:13 error: [GET] /albums/all-categories >> StatusCode:: 401, Message:: missing token
2023-12-15 12:50:00 error: [GET] /albums/all-categories >> StatusCode:: 401, Message:: missing token
2023-12-15 12:50:34 error: [GET] /albums/all-categories >> StatusCode:: 401, Message:: missing token
2023-12-15 12:54:29 error: [GET] /albums/all-categories >> StatusCode:: 401, Message:: missing token
2023-12-15 12:54:55 error: [GET] /albums/all-categories >> StatusCode:: 401, Message:: missing token
2023-12-15 12:55:10 error: [GET] /albums/all-categories >> StatusCode:: 401, Message:: missing token
2023-12-15 12:56:22 error: [GET] /albums/all-categories >> StatusCode:: 401, Message:: missing token
2023-12-15 12:57:37 error: [GET] /users/cus_PBbQBKCT5KXiiH >> StatusCode:: 401, Message:: missing token
2023-12-15 12:59:44 error: [GET] /users/cus_PBbQBKCT5KXiiH >> StatusCode:: 401, Message:: missing token
2023-12-15 13:01:01 error: [GET] /users/cus_PBbQBKCT5KXiiH >> StatusCode:: 401, Message:: missing token
2023-12-15 13:02:02 error: [POST] /users/buy/cus_PBbQBKCT5KXiiH >> StatusCode:: 401, Message:: missing token
2023-12-15 14:40:37 error: [GET] /users/cus_PBbQBKCT5KXiiH >> StatusCode:: 401, Message:: missing token
2023-12-15 14:44:21 error: [GET] /users/cus_PBbQBKCT5KXiiH >> StatusCode:: 401, Message:: missing token
2023-12-15 14:56:44 error: [GET] /users/cus_PBbQBKCT5KXiiH >> StatusCode:: 401, Message:: missing token
2023-12-15 15:00:15 error: [GET] /users/cus_PBbQBKCT5KXiiH >> StatusCode:: 401, Message:: missing token
2023-12-15 15:07:05 error: [POST] /users/buy/cus_PBbQBKCT5KXiiH >> StatusCode:: 401, Message:: missing token
2023-12-15 15:23:02 error: [GET] /users/cus_PBbQBKCT5KXiiH >> StatusCode:: 401, Message:: missing token
2023-12-15 19:26:03 error: [GET] /users/cus_PBbQBKCT5KXiiH >> StatusCode:: 401, Message:: missing token
2023-12-15 19:27:04 error: [POST] /users/buy/cus_PBbQBKCT5KXiiH >> StatusCode:: 401, Message:: missing token
2023-12-15 19:48:03 error: [GET] /users/cus_PBbQBKCT5KXiiH >> StatusCode:: 401, Message:: missing token
2023-12-15 19:49:08 error: [POST] /users/buy/cus_PBbQBKCT5KXiiH >> StatusCode:: 401, Message:: missing token
2023-12-15 19:54:54 error: [GET] /users/cus_PBbQBKCT5KXiiH >> StatusCode:: 401, Message:: missing token
2023-12-15 20:00:06 error: [GET] /users/cus_PBbQBKCT5KXiiH >> StatusCode:: 401, Message:: missing token
2023-12-15 20:01:27 error: [POST] /users/buy/cus_PBbQBKCT5KXiiH >> StatusCode:: 401, Message:: missing token
2023-12-15 20:02:40 error: [GET] /users/plans/e1d640e916c8628de70bf8ec0bd97461577cc85a >> StatusCode:: 401, Message:: missing token
