2023-02-24 16:47:36 error: uncaughtException: uri is not defined
ReferenceError: uri is not defined
    at App.initializeDbConnection (C:\Users\diguo\Documents\feetflight\default\src\app.ts:64:33)
    at new App (C:\Users\diguo\Documents\feetflight\default\src\app.ts:29:10)
    at Object.<anonymous> (C:\Users\diguo\Documents\feetflight\default\src\server.ts:9:13)
    at Module._compile (node:internal/modules/cjs/loader:1105:14)
    at Module.m._compile (C:\Users\diguo\Documents\feetflight\default\node_modules\ts-node\src\index.ts:1618:23)
    at Module._extensions..js (node:internal/modules/cjs/loader:1159:10)
    at Object.require.extensions.<computed> [as .ts] (C:\Users\diguo\Documents\feetflight\default\node_modules\ts-node\src\index.ts:1621:12)
    at Module.load (node:internal/modules/cjs/loader:981:32)
    at Function.Module._load (node:internal/modules/cjs/loader:822:12)
    at Function.executeUserEntryPoint [as runMain] (node:internal/modules/run_main:77:12)
2023-02-24 16:48:29 error: uncaughtException: uri is not defined
ReferenceError: uri is not defined
    at App.initializeDbConnection (C:\Users\diguo\Documents\feetflight\default\src\app.ts:64:33)
    at new App (C:\Users\diguo\Documents\feetflight\default\src\app.ts:29:10)
    at Object.<anonymous> (C:\Users\diguo\Documents\feetflight\default\src\server.ts:9:13)
    at Module._compile (node:internal/modules/cjs/loader:1105:14)
    at Module.m._compile (C:\Users\diguo\Documents\feetflight\default\node_modules\ts-node\src\index.ts:1618:23)
    at Module._extensions..js (node:internal/modules/cjs/loader:1159:10)
    at Object.require.extensions.<computed> [as .ts] (C:\Users\diguo\Documents\feetflight\default\node_modules\ts-node\src\index.ts:1621:12)
    at Module.load (node:internal/modules/cjs/loader:981:32)
    at Function.Module._load (node:internal/modules/cjs/loader:822:12)
    at Function.executeUserEntryPoint [as runMain] (node:internal/modules/run_main:77:12)
2023-02-24 16:48:58 error: uncaughtException: uri is not defined
ReferenceError: uri is not defined
    at App.initializeDbConnection (C:\Users\diguo\Documents\feetflight\default\src\app.ts:64:33)
    at new App (C:\Users\diguo\Documents\feetflight\default\src\app.ts:29:10)
    at Object.<anonymous> (C:\Users\diguo\Documents\feetflight\default\src\server.ts:9:13)
    at Module._compile (node:internal/modules/cjs/loader:1105:14)
    at Module.m._compile (C:\Users\diguo\Documents\feetflight\default\node_modules\ts-node\src\index.ts:1618:23)
    at Module._extensions..js (node:internal/modules/cjs/loader:1159:10)
    at Object.require.extensions.<computed> [as .ts] (C:\Users\diguo\Documents\feetflight\default\node_modules\ts-node\src\index.ts:1621:12)
    at Module.load (node:internal/modules/cjs/loader:981:32)
    at Function.Module._load (node:internal/modules/cjs/loader:822:12)
    at Function.executeUserEntryPoint [as runMain] (node:internal/modules/run_main:77:12)
2023-02-24 16:49:16 error: uncaughtException: uri is not defined
ReferenceError: uri is not defined
    at App.initializeDbConnection (C:\Users\diguo\Documents\feetflight\default\src\app.ts:65:33)
    at new App (C:\Users\diguo\Documents\feetflight\default\src\app.ts:31:10)
    at Object.<anonymous> (C:\Users\diguo\Documents\feetflight\default\src\server.ts:9:13)
    at Module._compile (node:internal/modules/cjs/loader:1105:14)
    at Module.m._compile (C:\Users\diguo\Documents\feetflight\default\node_modules\ts-node\src\index.ts:1618:23)
    at Module._extensions..js (node:internal/modules/cjs/loader:1159:10)
    at Object.require.extensions.<computed> [as .ts] (C:\Users\diguo\Documents\feetflight\default\node_modules\ts-node\src\index.ts:1621:12)
    at Module.load (node:internal/modules/cjs/loader:981:32)
    at Function.Module._load (node:internal/modules/cjs/loader:822:12)
    at Function.executeUserEntryPoint [as runMain] (node:internal/modules/run_main:77:12)
2023-02-24 18:27:18 error: uncaughtException: тип Unable to compile TypeScript:
[96msrc/services/auth.service.ts[0m:[93m21[0m:[93m35[0m - [91merror[0m[90m TS1109: [0mExpression expected.

[7m21[0m       const findUser: User = await)session.writeTransaction(
[7m  [0m [91m                                  ~[0m
[96msrc/services/auth.service.ts[0m:[93m21[0m:[93m43[0m - [91merror[0m[90m TS1005: [0m',' expected.

[7m21[0m       const findUser: User = await)session.writeTransaction(
[7m  [0m [91m                                          ~[0m
[96msrc/services/auth.service.ts[0m:[93m21[0m:[93m60[0m - [91merror[0m[90m TS1005: [0m',' expected.

[7m21[0m       const findUser: User = await)session.writeTransaction(
[7m  [0m [91m                                                           ~[0m

TSError: тип Unable to compile TypeScript:
[96msrc/services/auth.service.ts[0m:[93m21[0m:[93m35[0m - [91merror[0m[90m TS1109: [0mExpression expected.

[7m21[0m       const findUser: User = await)session.writeTransaction(
[7m  [0m [91m                                  ~[0m
[96msrc/services/auth.service.ts[0m:[93m21[0m:[93m43[0m - [91merror[0m[90m TS1005: [0m',' expected.

[7m21[0m       const findUser: User = await)session.writeTransaction(
[7m  [0m [91m                                          ~[0m
[96msrc/services/auth.service.ts[0m:[93m21[0m:[93m60[0m - [91merror[0m[90m TS1005: [0m',' expected.

[7m21[0m       const findUser: User = await)session.writeTransaction(
[7m  [0m [91m                                                           ~[0m

    at createTSError (C:\Users\diguo\Documents\feetflight\default\node_modules\ts-node\src\index.ts:859:12)
    at reportTSError (C:\Users\diguo\Documents\feetflight\default\node_modules\ts-node\src\index.ts:863:19)
    at C:\Users\diguo\Documents\feetflight\default\node_modules\ts-node\src\index.ts:1379:34
    at Object.compile (C:\Users\diguo\Documents\feetflight\default\node_modules\ts-node\src\index.ts:1458:13)
    at Module.m._compile (C:\Users\diguo\Documents\feetflight\default\node_modules\ts-node\src\index.ts:1617:30)
    at Module._extensions..js (node:internal/modules/cjs/loader:1159:10)
    at Object.require.extensions.<computed> [as .ts] (C:\Users\diguo\Documents\feetflight\default\node_modules\ts-node\src\index.ts:1621:12)
    at Module.load (node:internal/modules/cjs/loader:981:32)
    at Function.Module._load (node:internal/modules/cjs/loader:822:12)
    at Module.require (node:internal/modules/cjs/loader:1005:19)
2023-02-24 18:30:39 error: uncaughtException: тип Unable to compile TypeScript:
[96msrc/services/auth.service.ts[0m:[93m21[0m:[93m35[0m - [91merror[0m[90m TS1109: [0mExpression expected.

[7m21[0m       const findUser: User = await)session.writeTransaction(
[7m  [0m [91m                                  ~[0m
[96msrc/services/auth.service.ts[0m:[93m21[0m:[93m43[0m - [91merror[0m[90m TS1005: [0m',' expected.

[7m21[0m       const findUser: User = await)session.writeTransaction(
[7m  [0m [91m                                          ~[0m
[96msrc/services/auth.service.ts[0m:[93m21[0m:[93m60[0m - [91merror[0m[90m TS1005: [0m',' expected.

[7m21[0m       const findUser: User = await)session.writeTransaction(
[7m  [0m [91m                                                           ~[0m

TSError: тип Unable to compile TypeScript:
[96msrc/services/auth.service.ts[0m:[93m21[0m:[93m35[0m - [91merror[0m[90m TS1109: [0mExpression expected.

[7m21[0m       const findUser: User = await)session.writeTransaction(
[7m  [0m [91m                                  ~[0m
[96msrc/services/auth.service.ts[0m:[93m21[0m:[93m43[0m - [91merror[0m[90m TS1005: [0m',' expected.

[7m21[0m       const findUser: User = await)session.writeTransaction(
[7m  [0m [91m                                          ~[0m
[96msrc/services/auth.service.ts[0m:[93m21[0m:[93m60[0m - [91merror[0m[90m TS1005: [0m',' expected.

[7m21[0m       const findUser: User = await)session.writeTransaction(
[7m  [0m [91m                                                           ~[0m

    at createTSError (C:\Users\diguo\Documents\feetflight\default\node_modules\ts-node\src\index.ts:859:12)
    at reportTSError (C:\Users\diguo\Documents\feetflight\default\node_modules\ts-node\src\index.ts:863:19)
    at C:\Users\diguo\Documents\feetflight\default\node_modules\ts-node\src\index.ts:1379:34
    at Object.compile (C:\Users\diguo\Documents\feetflight\default\node_modules\ts-node\src\index.ts:1458:13)
    at Module.m._compile (C:\Users\diguo\Documents\feetflight\default\node_modules\ts-node\src\index.ts:1617:30)
    at Module._extensions..js (node:internal/modules/cjs/loader:1159:10)
    at Object.require.extensions.<computed> [as .ts] (C:\Users\diguo\Documents\feetflight\default\node_modules\ts-node\src\index.ts:1621:12)
    at Module.load (node:internal/modules/cjs/loader:981:32)
    at Function.Module._load (node:internal/modules/cjs/loader:822:12)
    at Module.require (node:internal/modules/cjs/loader:1005:19)
2023-02-24 19:39:44 error: [POST] /signup >> StatusCode:: 400, Message:: property data should not exist, email must be an email, password must be a string
2023-02-24 19:40:18 error: uncaughtException: тип Unable to compile TypeScript:
[96msrc/routes/auth.route.ts[0m:[93m18[0m:[93m5[0m - [91merror[0m[90m TS1068: [0mUnexpected token. A constructor, method, accessor, or property was expected.

[7m18[0m     this.router.post(`${this.path}signup`, this.authController.signUp);
[7m  [0m [91m    ~~~~[0m
[96msrc/routes/auth.route.ts[0m:[93m21[0m:[93m3[0m - [91merror[0m[90m TS1128: [0mDeclaration or statement expected.

[7m21[0m   }
[7m  [0m [91m  ~[0m
[96msrc/routes/auth.route.ts[0m:[93m22[0m:[93m1[0m - [91merror[0m[90m TS1128: [0mDeclaration or statement expected.

[7m22[0m }
[7m  [0m [91m~[0m

TSError: тип Unable to compile TypeScript:
[96msrc/routes/auth.route.ts[0m:[93m18[0m:[93m5[0m - [91merror[0m[90m TS1068: [0mUnexpected token. A constructor, method, accessor, or property was expected.

[7m18[0m     this.router.post(`${this.path}signup`, this.authController.signUp);
[7m  [0m [91m    ~~~~[0m
[96msrc/routes/auth.route.ts[0m:[93m21[0m:[93m3[0m - [91merror[0m[90m TS1128: [0mDeclaration or statement expected.

[7m21[0m   }
[7m  [0m [91m  ~[0m
[96msrc/routes/auth.route.ts[0m:[93m22[0m:[93m1[0m - [91merror[0m[90m TS1128: [0mDeclaration or statement expected.

[7m22[0m }
[7m  [0m [91m~[0m

    at createTSError (C:\Users\diguo\Documents\feetflight\default\node_modules\ts-node\src\index.ts:859:12)
    at reportTSError (C:\Users\diguo\Documents\feetflight\default\node_modules\ts-node\src\index.ts:863:19)
    at C:\Users\diguo\Documents\feetflight\default\node_modules\ts-node\src\index.ts:1379:34
    at Object.compile (C:\Users\diguo\Documents\feetflight\default\node_modules\ts-node\src\index.ts:1458:13)
    at Module.m._compile (C:\Users\diguo\Documents\feetflight\default\node_modules\ts-node\src\index.ts:1617:30)
    at Module._extensions..js (node:internal/modules/cjs/loader:1159:10)
    at Object.require.extensions.<computed> [as .ts] (C:\Users\diguo\Documents\feetflight\default\node_modules\ts-node\src\index.ts:1621:12)
    at Module.load (node:internal/modules/cjs/loader:981:32)
    at Function.Module._load (node:internal/modules/cjs/loader:822:12)
    at Module.require (node:internal/modules/cjs/loader:1005:19)
2023-02-24 19:41:21 error: uncaughtException: You cannot run more transactions on a closed session.
Neo4jError: You cannot run more transactions on a closed session.
    at new Neo4jError (C:\Users\diguo\Documents\feetflight\default\node_modules\neo4j-driver-core\lib\error.js:77:16)
    at newError (C:\Users\diguo\Documents\feetflight\default\node_modules\neo4j-driver-core\lib\error.js:113:12)
    at Session._assertSessionIsOpen (C:\Users\diguo\Documents\feetflight\default\node_modules\neo4j-driver-core\lib\session.js:307:40)
    at TransactionPromise.<anonymous> (C:\Users\diguo\Documents\feetflight\default\node_modules\neo4j-driver-core\lib\transaction.js:125:30)
    at step (C:\Users\diguo\Documents\feetflight\default\node_modules\neo4j-driver-core\lib\transaction.js:51:23)
    at Object.next (C:\Users\diguo\Documents\feetflight\default\node_modules\neo4j-driver-core\lib\transaction.js:32:53)
    at C:\Users\diguo\Documents\feetflight\default\node_modules\neo4j-driver-core\lib\transaction.js:26:71
    at new Promise (<anonymous>)
    at __awaiter (C:\Users\diguo\Documents\feetflight\default\node_modules\neo4j-driver-core\lib\transaction.js:22:12)
    at C:\Users\diguo\Documents\feetflight\default\node_modules\neo4j-driver-core\lib\transaction.js:119:50
2023-02-24 19:43:11 error: uncaughtException: You cannot run more transactions on a closed session.
Neo4jError: You cannot run more transactions on a closed session.
    at new Neo4jError (C:\Users\diguo\Documents\feetflight\default\node_modules\neo4j-driver-core\lib\error.js:77:16)
    at newError (C:\Users\diguo\Documents\feetflight\default\node_modules\neo4j-driver-core\lib\error.js:113:12)
    at Session._assertSessionIsOpen (C:\Users\diguo\Documents\feetflight\default\node_modules\neo4j-driver-core\lib\session.js:307:40)
    at TransactionPromise.<anonymous> (C:\Users\diguo\Documents\feetflight\default\node_modules\neo4j-driver-core\lib\transaction.js:125:30)
    at step (C:\Users\diguo\Documents\feetflight\default\node_modules\neo4j-driver-core\lib\transaction.js:51:23)
    at Object.next (C:\Users\diguo\Documents\feetflight\default\node_modules\neo4j-driver-core\lib\transaction.js:32:53)
    at C:\Users\diguo\Documents\feetflight\default\node_modules\neo4j-driver-core\lib\transaction.js:26:71
    at new Promise (<anonymous>)
    at __awaiter (C:\Users\diguo\Documents\feetflight\default\node_modules\neo4j-driver-core\lib\transaction.js:22:12)
    at C:\Users\diguo\Documents\feetflight\default\node_modules\neo4j-driver-core\lib\transaction.js:119:50
2023-02-24 19:44:38 error: uncaughtException: You cannot run more transactions on a closed session.
Neo4jError: You cannot run more transactions on a closed session.
    at new Neo4jError (C:\Users\diguo\Documents\feetflight\default\node_modules\neo4j-driver-core\lib\error.js:77:16)
    at newError (C:\Users\diguo\Documents\feetflight\default\node_modules\neo4j-driver-core\lib\error.js:113:12)
    at Session._assertSessionIsOpen (C:\Users\diguo\Documents\feetflight\default\node_modules\neo4j-driver-core\lib\session.js:307:40)
    at TransactionPromise.<anonymous> (C:\Users\diguo\Documents\feetflight\default\node_modules\neo4j-driver-core\lib\transaction.js:125:30)
    at step (C:\Users\diguo\Documents\feetflight\default\node_modules\neo4j-driver-core\lib\transaction.js:51:23)
    at Object.next (C:\Users\diguo\Documents\feetflight\default\node_modules\neo4j-driver-core\lib\transaction.js:32:53)
    at C:\Users\diguo\Documents\feetflight\default\node_modules\neo4j-driver-core\lib\transaction.js:26:71
    at new Promise (<anonymous>)
    at __awaiter (C:\Users\diguo\Documents\feetflight\default\node_modules\neo4j-driver-core\lib\transaction.js:22:12)
    at C:\Users\diguo\Documents\feetflight\default\node_modules\neo4j-driver-core\lib\transaction.js:119:50
2023-02-24 19:46:02 error: uncaughtException: You cannot run more transactions on a closed session.
Neo4jError: You cannot run more transactions on a closed session.
    at new Neo4jError (C:\Users\diguo\Documents\feetflight\default\node_modules\neo4j-driver-core\lib\error.js:77:16)
    at newError (C:\Users\diguo\Documents\feetflight\default\node_modules\neo4j-driver-core\lib\error.js:113:12)
    at Session._assertSessionIsOpen (C:\Users\diguo\Documents\feetflight\default\node_modules\neo4j-driver-core\lib\session.js:307:40)
    at TransactionPromise.<anonymous> (C:\Users\diguo\Documents\feetflight\default\node_modules\neo4j-driver-core\lib\transaction.js:125:30)
    at step (C:\Users\diguo\Documents\feetflight\default\node_modules\neo4j-driver-core\lib\transaction.js:51:23)
    at Object.next (C:\Users\diguo\Documents\feetflight\default\node_modules\neo4j-driver-core\lib\transaction.js:32:53)
    at C:\Users\diguo\Documents\feetflight\default\node_modules\neo4j-driver-core\lib\transaction.js:26:71
    at new Promise (<anonymous>)
    at __awaiter (C:\Users\diguo\Documents\feetflight\default\node_modules\neo4j-driver-core\lib\transaction.js:22:12)
    at C:\Users\diguo\Documents\feetflight\default\node_modules\neo4j-driver-core\lib\transaction.js:119:50
2023-02-24 19:46:40 error: uncaughtException: You cannot run more transactions on a closed session.
Neo4jError: You cannot run more transactions on a closed session.
    at new Neo4jError (C:\Users\diguo\Documents\feetflight\default\node_modules\neo4j-driver-core\lib\error.js:77:16)
    at newError (C:\Users\diguo\Documents\feetflight\default\node_modules\neo4j-driver-core\lib\error.js:113:12)
    at Session._assertSessionIsOpen (C:\Users\diguo\Documents\feetflight\default\node_modules\neo4j-driver-core\lib\session.js:307:40)
    at TransactionPromise.<anonymous> (C:\Users\diguo\Documents\feetflight\default\node_modules\neo4j-driver-core\lib\transaction.js:125:30)
    at step (C:\Users\diguo\Documents\feetflight\default\node_modules\neo4j-driver-core\lib\transaction.js:51:23)
    at Object.next (C:\Users\diguo\Documents\feetflight\default\node_modules\neo4j-driver-core\lib\transaction.js:32:53)
    at C:\Users\diguo\Documents\feetflight\default\node_modules\neo4j-driver-core\lib\transaction.js:26:71
    at new Promise (<anonymous>)
    at __awaiter (C:\Users\diguo\Documents\feetflight\default\node_modules\neo4j-driver-core\lib\transaction.js:22:12)
    at C:\Users\diguo\Documents\feetflight\default\node_modules\neo4j-driver-core\lib\transaction.js:119:50
2023-02-24 22:07:23 error: uncaughtException: тип Unable to compile TypeScript:
[96msrc/services/auth.service.ts[0m:[93m48[0m:[93m15[0m - [91merror[0m[90m TS1005: [0m',' expected.

[7m48[0m               sellerId: uid.uid(40),
[7m  [0m [91m              ~~~~~~~~[0m

TSError: тип Unable to compile TypeScript:
[96msrc/services/auth.service.ts[0m:[93m48[0m:[93m15[0m - [91merror[0m[90m TS1005: [0m',' expected.

[7m48[0m               sellerId: uid.uid(40),
[7m  [0m [91m              ~~~~~~~~[0m

    at createTSError (C:\Users\diguo\Documents\feetflight\default\node_modules\ts-node\src\index.ts:859:12)
    at reportTSError (C:\Users\diguo\Documents\feetflight\default\node_modules\ts-node\src\index.ts:863:19)
    at C:\Users\diguo\Documents\feetflight\default\node_modules\ts-node\src\index.ts:1379:34
    at Object.compile (C:\Users\diguo\Documents\feetflight\default\node_modules\ts-node\src\index.ts:1458:13)
    at Module.m._compile (C:\Users\diguo\Documents\feetflight\default\node_modules\ts-node\src\index.ts:1617:30)
    at Module._extensions..js (node:internal/modules/cjs/loader:1159:10)
    at Object.require.extensions.<computed> [as .ts] (C:\Users\diguo\Documents\feetflight\default\node_modules\ts-node\src\index.ts:1621:12)
    at Module.load (node:internal/modules/cjs/loader:981:32)
    at Function.Module._load (node:internal/modules/cjs/loader:822:12)
    at Module.require (node:internal/modules/cjs/loader:1005:19)
2023-02-24 22:08:52 error: uncaughtException: тип Unable to compile TypeScript:
[96msrc/services/auth.service.ts[0m:[93m48[0m:[93m15[0m - [91merror[0m[90m TS1005: [0m',' expected.

[7m48[0m               sellerId: uid.uid(40),
[7m  [0m [91m              ~~~~~~~~[0m

TSError: тип Unable to compile TypeScript:
[96msrc/services/auth.service.ts[0m:[93m48[0m:[93m15[0m - [91merror[0m[90m TS1005: [0m',' expected.

[7m48[0m               sellerId: uid.uid(40),
[7m  [0m [91m              ~~~~~~~~[0m

    at createTSError (C:\Users\diguo\Documents\feetflight\default\node_modules\ts-node\src\index.ts:859:12)
    at reportTSError (C:\Users\diguo\Documents\feetflight\default\node_modules\ts-node\src\index.ts:863:19)
    at C:\Users\diguo\Documents\feetflight\default\node_modules\ts-node\src\index.ts:1379:34
    at Object.compile (C:\Users\diguo\Documents\feetflight\default\node_modules\ts-node\src\index.ts:1458:13)
    at Module.m._compile (C:\Users\diguo\Documents\feetflight\default\node_modules\ts-node\src\index.ts:1617:30)
    at Module._extensions..js (node:internal/modules/cjs/loader:1159:10)
    at Object.require.extensions.<computed> [as .ts] (C:\Users\diguo\Documents\feetflight\default\node_modules\ts-node\src\index.ts:1621:12)
    at Module.load (node:internal/modules/cjs/loader:981:32)
    at Function.Module._load (node:internal/modules/cjs/loader:822:12)
    at Module.require (node:internal/modules/cjs/loader:1005:19)
2023-02-24 22:15:02 error: [POST] /signup >> StatusCode:: 500, Message:: Cannot read properties of undefined (reading 'message')
2023-02-24 22:16:07 error: [POST] /signup >> StatusCode:: 500, Message:: Cannot read properties of undefined (reading 'message')
2023-02-24 22:16:32 error: [POST] /signup >> StatusCode:: 500, Message:: Cannot read properties of undefined (reading 'message')
2023-02-24 22:19:05 error: [POST] /signup >> StatusCode:: 500, Message:: Cannot read properties of undefined (reading 'message')
2023-02-24 22:21:12 error: [POST] /signup >> StatusCode:: 500, Message:: Cannot read properties of undefined (reading 'message')
2023-02-24 22:21:49 error: [POST] /signup >> StatusCode:: 500, Message:: Cannot read properties of undefined (reading 'message')
2023-02-24 23:22:54 error: uncaughtException: listen EADDRINUSE: address already in use :::3000
Error: listen EADDRINUSE: address already in use :::3000
    at Server.setupListenHandle [as _listen2] (node:net:1372:16)
    at listenInCluster (node:net:1420:12)
    at Server.listen (node:net:1508:7)
    at Function.listen (C:\Users\diguo\Documents\feetflight\default\node_modules\express\lib\application.js:635:24)
    at App.listen (C:\Users\diguo\Documents\feetflight\default\src\app.ts:33:14)
    at Object.<anonymous> (C:\Users\diguo\Documents\feetflight\default\src\server.ts:11:5)
    at Module._compile (node:internal/modules/cjs/loader:1105:14)
    at Module.m._compile (C:\Users\diguo\Documents\feetflight\default\node_modules\ts-node\src\index.ts:1618:23)
    at Module._extensions..js (node:internal/modules/cjs/loader:1159:10)
    at Object.require.extensions.<computed> [as .ts] (C:\Users\diguo\Documents\feetflight\default\node_modules\ts-node\src\index.ts:1621:12)
2023-02-24 23:23:30 error: uncaughtException: listen EADDRINUSE: address already in use :::3000
Error: listen EADDRINUSE: address already in use :::3000
    at Server.setupListenHandle [as _listen2] (node:net:1372:16)
    at listenInCluster (node:net:1420:12)
    at Server.listen (node:net:1508:7)
    at Function.listen (C:\Users\diguo\Documents\feetflight\default\node_modules\express\lib\application.js:635:24)
    at App.listen (C:\Users\diguo\Documents\feetflight\default\src\app.ts:33:14)
    at Object.<anonymous> (C:\Users\diguo\Documents\feetflight\default\src\server.ts:11:5)
    at Module._compile (node:internal/modules/cjs/loader:1105:14)
    at Module.m._compile (C:\Users\diguo\Documents\feetflight\default\node_modules\ts-node\src\index.ts:1618:23)
    at Module._extensions..js (node:internal/modules/cjs/loader:1159:10)
    at Object.require.extensions.<computed> [as .ts] (C:\Users\diguo\Documents\feetflight\default\node_modules\ts-node\src\index.ts:1621:12)
2023-02-24 23:24:35 error: uncaughtException: listen EADDRINUSE: address already in use :::3000
Error: listen EADDRINUSE: address already in use :::3000
    at Server.setupListenHandle [as _listen2] (node:net:1372:16)
    at listenInCluster (node:net:1420:12)
    at Server.listen (node:net:1508:7)
    at Function.listen (C:\Users\diguo\Documents\feetflight\default\node_modules\express\lib\application.js:635:24)
    at App.listen (C:\Users\diguo\Documents\feetflight\default\src\app.ts:33:14)
    at Object.<anonymous> (C:\Users\diguo\Documents\feetflight\default\src\server.ts:11:5)
    at Module._compile (node:internal/modules/cjs/loader:1105:14)
    at Module.m._compile (C:\Users\diguo\Documents\feetflight\default\node_modules\ts-node\src\index.ts:1618:23)
    at Module._extensions..js (node:internal/modules/cjs/loader:1159:10)
    at Object.require.extensions.<computed> [as .ts] (C:\Users\diguo\Documents\feetflight\default\node_modules\ts-node\src\index.ts:1621:12)
2023-02-24 23:35:42 error: uncaughtException: listen EADDRINUSE: address already in use :::3000
Error: listen EADDRINUSE: address already in use :::3000
    at Server.setupListenHandle [as _listen2] (node:net:1372:16)
    at listenInCluster (node:net:1420:12)
    at Server.listen (node:net:1508:7)
    at Function.listen (C:\Users\diguo\Documents\feetflight\default\node_modules\express\lib\application.js:635:24)
    at App.listen (C:\Users\diguo\Documents\feetflight\default\src\app.ts:33:14)
    at Object.<anonymous> (C:\Users\diguo\Documents\feetflight\default\src\server.ts:11:5)
    at Module._compile (node:internal/modules/cjs/loader:1105:14)
    at Module.m._compile (C:\Users\diguo\Documents\feetflight\default\node_modules\ts-node\src\index.ts:1618:23)
    at Module._extensions..js (node:internal/modules/cjs/loader:1159:10)
    at Object.require.extensions.<computed> [as .ts] (C:\Users\diguo\Documents\feetflight\default\node_modules\ts-node\src\index.ts:1621:12)
2023-02-24 23:36:23 error: uncaughtException: listen EADDRINUSE: address already in use :::3000
Error: listen EADDRINUSE: address already in use :::3000
    at Server.setupListenHandle [as _listen2] (node:net:1372:16)
    at listenInCluster (node:net:1420:12)
    at Server.listen (node:net:1508:7)
    at Function.listen (C:\Users\diguo\Documents\feetflight\default\node_modules\express\lib\application.js:635:24)
    at App.listen (C:\Users\diguo\Documents\feetflight\default\src\app.ts:33:14)
    at Object.<anonymous> (C:\Users\diguo\Documents\feetflight\default\src\server.ts:11:5)
    at Module._compile (node:internal/modules/cjs/loader:1105:14)
    at Module.m._compile (C:\Users\diguo\Documents\feetflight\default\node_modules\ts-node\src\index.ts:1618:23)
    at Module._extensions..js (node:internal/modules/cjs/loader:1159:10)
    at Object.require.extensions.<computed> [as .ts] (C:\Users\diguo\Documents\feetflight\default\node_modules\ts-node\src\index.ts:1621:12)
2023-02-24 23:39:58 error: uncaughtException: listen EADDRINUSE: address already in use :::3000
Error: listen EADDRINUSE: address already in use :::3000
    at Server.setupListenHandle [as _listen2] (node:net:1372:16)
    at listenInCluster (node:net:1420:12)
    at Server.listen (node:net:1508:7)
    at Function.listen (C:\Users\diguo\Documents\feetflight\default\node_modules\express\lib\application.js:635:24)
    at App.listen (C:\Users\diguo\Documents\feetflight\default\src\app.ts:33:14)
    at Object.<anonymous> (C:\Users\diguo\Documents\feetflight\default\src\server.ts:11:5)
    at Module._compile (node:internal/modules/cjs/loader:1105:14)
    at Module.m._compile (C:\Users\diguo\Documents\feetflight\default\node_modules\ts-node\src\index.ts:1618:23)
    at Module._extensions..js (node:internal/modules/cjs/loader:1159:10)
    at Object.require.extensions.<computed> [as .ts] (C:\Users\diguo\Documents\feetflight\default\node_modules\ts-node\src\index.ts:1621:12)
2023-02-24 23:40:33 error: uncaughtException: listen EADDRINUSE: address already in use :::3000
Error: listen EADDRINUSE: address already in use :::3000
    at Server.setupListenHandle [as _listen2] (node:net:1372:16)
    at listenInCluster (node:net:1420:12)
    at Server.listen (node:net:1508:7)
    at Function.listen (C:\Users\diguo\Documents\feetflight\default\node_modules\express\lib\application.js:635:24)
    at App.listen (C:\Users\diguo\Documents\feetflight\default\src\app.ts:33:14)
    at Object.<anonymous> (C:\Users\diguo\Documents\feetflight\default\src\server.ts:11:5)
    at Module._compile (node:internal/modules/cjs/loader:1105:14)
    at Module.m._compile (C:\Users\diguo\Documents\feetflight\default\node_modules\ts-node\src\index.ts:1618:23)
    at Module._extensions..js (node:internal/modules/cjs/loader:1159:10)
    at Object.require.extensions.<computed> [as .ts] (C:\Users\diguo\Documents\feetflight\default\node_modules\ts-node\src\index.ts:1621:12)
2023-02-24 23:40:54 error: uncaughtException: listen EADDRINUSE: address already in use :::3000
Error: listen EADDRINUSE: address already in use :::3000
    at Server.setupListenHandle [as _listen2] (node:net:1372:16)
    at listenInCluster (node:net:1420:12)
    at Server.listen (node:net:1508:7)
    at Function.listen (C:\Users\diguo\Documents\feetflight\default\node_modules\express\lib\application.js:635:24)
    at App.listen (C:\Users\diguo\Documents\feetflight\default\src\app.ts:33:14)
    at Object.<anonymous> (C:\Users\diguo\Documents\feetflight\default\src\server.ts:11:5)
    at Module._compile (node:internal/modules/cjs/loader:1105:14)
    at Module.m._compile (C:\Users\diguo\Documents\feetflight\default\node_modules\ts-node\src\index.ts:1618:23)
    at Module._extensions..js (node:internal/modules/cjs/loader:1159:10)
    at Object.require.extensions.<computed> [as .ts] (C:\Users\diguo\Documents\feetflight\default\node_modules\ts-node\src\index.ts:1621:12)
2023-02-24 23:41:53 error: uncaughtException: listen EADDRINUSE: address already in use :::3000
Error: listen EADDRINUSE: address already in use :::3000
    at Server.setupListenHandle [as _listen2] (node:net:1372:16)
    at listenInCluster (node:net:1420:12)
    at Server.listen (node:net:1508:7)
    at Function.listen (C:\Users\diguo\Documents\feetflight\default\node_modules\express\lib\application.js:635:24)
    at App.listen (C:\Users\diguo\Documents\feetflight\default\src\app.ts:33:14)
    at Object.<anonymous> (C:\Users\diguo\Documents\feetflight\default\src\server.ts:11:5)
    at Module._compile (node:internal/modules/cjs/loader:1105:14)
    at Module.m._compile (C:\Users\diguo\Documents\feetflight\default\node_modules\ts-node\src\index.ts:1618:23)
    at Module._extensions..js (node:internal/modules/cjs/loader:1159:10)
    at Object.require.extensions.<computed> [as .ts] (C:\Users\diguo\Documents\feetflight\default\node_modules\ts-node\src\index.ts:1621:12)
2023-02-24 23:42:09 error: uncaughtException: listen EADDRINUSE: address already in use :::3000
Error: listen EADDRINUSE: address already in use :::3000
    at Server.setupListenHandle [as _listen2] (node:net:1372:16)
    at listenInCluster (node:net:1420:12)
    at Server.listen (node:net:1508:7)
    at Function.listen (C:\Users\diguo\Documents\feetflight\default\node_modules\express\lib\application.js:635:24)
    at App.listen (C:\Users\diguo\Documents\feetflight\default\src\app.ts:33:14)
    at Object.<anonymous> (C:\Users\diguo\Documents\feetflight\default\src\server.ts:11:5)
    at Module._compile (node:internal/modules/cjs/loader:1105:14)
    at Module.m._compile (C:\Users\diguo\Documents\feetflight\default\node_modules\ts-node\src\index.ts:1618:23)
    at Module._extensions..js (node:internal/modules/cjs/loader:1159:10)
    at Object.require.extensions.<computed> [as .ts] (C:\Users\diguo\Documents\feetflight\default\node_modules\ts-node\src\index.ts:1621:12)
2023-02-24 23:42:39 error: uncaughtException: listen EADDRINUSE: address already in use :::3000
Error: listen EADDRINUSE: address already in use :::3000
    at Server.setupListenHandle [as _listen2] (node:net:1372:16)
    at listenInCluster (node:net:1420:12)
    at Server.listen (node:net:1508:7)
    at Function.listen (C:\Users\diguo\Documents\feetflight\default\node_modules\express\lib\application.js:635:24)
    at App.listen (C:\Users\diguo\Documents\feetflight\default\src\app.ts:33:14)
    at Object.<anonymous> (C:\Users\diguo\Documents\feetflight\default\src\server.ts:11:5)
    at Module._compile (node:internal/modules/cjs/loader:1105:14)
    at Module.m._compile (C:\Users\diguo\Documents\feetflight\default\node_modules\ts-node\src\index.ts:1618:23)
    at Module._extensions..js (node:internal/modules/cjs/loader:1159:10)
    at Object.require.extensions.<computed> [as .ts] (C:\Users\diguo\Documents\feetflight\default\node_modules\ts-node\src\index.ts:1621:12)
2023-02-24 23:43:35 error: uncaughtException: listen EADDRINUSE: address already in use :::3000
Error: listen EADDRINUSE: address already in use :::3000
    at Server.setupListenHandle [as _listen2] (node:net:1372:16)
    at listenInCluster (node:net:1420:12)
    at Server.listen (node:net:1508:7)
    at Function.listen (C:\Users\diguo\Documents\feetflight\default\node_modules\express\lib\application.js:635:24)
    at App.listen (C:\Users\diguo\Documents\feetflight\default\src\app.ts:33:14)
    at Object.<anonymous> (C:\Users\diguo\Documents\feetflight\default\src\server.ts:11:5)
    at Module._compile (node:internal/modules/cjs/loader:1105:14)
    at Module.m._compile (C:\Users\diguo\Documents\feetflight\default\node_modules\ts-node\src\index.ts:1618:23)
    at Module._extensions..js (node:internal/modules/cjs/loader:1159:10)
    at Object.require.extensions.<computed> [as .ts] (C:\Users\diguo\Documents\feetflight\default\node_modules\ts-node\src\index.ts:1621:12)
2023-02-24 23:43:55 error: uncaughtException: тип Unable to compile TypeScript:
src/services/auth.service.ts(66,11): error TS1005: ':' expected.

TSError: тип Unable to compile TypeScript:
src/services/auth.service.ts(66,11): error TS1005: ':' expected.

    at createTSError (C:\Users\diguo\Documents\feetflight\default\node_modules\ts-node\src\index.ts:859:12)
    at reportTSError (C:\Users\diguo\Documents\feetflight\default\node_modules\ts-node\src\index.ts:863:19)
    at C:\Users\diguo\Documents\feetflight\default\node_modules\ts-node\src\index.ts:1379:34
    at Object.compile (C:\Users\diguo\Documents\feetflight\default\node_modules\ts-node\src\index.ts:1458:13)
    at Module.m._compile (C:\Users\diguo\Documents\feetflight\default\node_modules\ts-node\src\index.ts:1617:30)
    at Module._extensions..js (node:internal/modules/cjs/loader:1159:10)
    at Object.require.extensions.<computed> [as .ts] (C:\Users\diguo\Documents\feetflight\default\node_modules\ts-node\src\index.ts:1621:12)
    at Module.load (node:internal/modules/cjs/loader:981:32)
    at Function.Module._load (node:internal/modules/cjs/loader:822:12)
    at Module.require (node:internal/modules/cjs/loader:1005:19)
2023-02-24 23:45:39 error: uncaughtException: тип Unable to compile TypeScript:
src/services/auth.service.ts(63,5): error TS1472: 'catch' or 'finally' expected.
src/services/auth.service.ts(65,7): error TS1068: Unexpected token. A constructor, method, accessor, or property was expected.
src/services/auth.service.ts(68,3): error TS1128: Declaration or statement expected.
src/services/auth.service.ts(70,3): error TS1128: Declaration or statement expected.
src/services/auth.service.ts(70,10): error TS1434: Unexpected keyword or identifier.
src/services/auth.service.ts(70,30): error TS1005: ',' expected.
src/services/auth.service.ts(70,46): error TS1005: ';' expected.
src/services/auth.service.ts(70,72): error TS1005: ',' expected.
src/services/auth.service.ts(71,16): error TS1005: ',' expected.
src/services/auth.service.ts(71,26): error TS1005: ';' expected.
src/services/auth.service.ts(83,3): error TS1128: Declaration or statement expected.
src/services/auth.service.ts(85,3): error TS1128: Declaration or statement expected.
src/services/auth.service.ts(85,10): error TS1434: Unexpected keyword or identifier.
src/services/auth.service.ts(85,31): error TS1005: ',' expected.
src/services/auth.service.ts(85,38): error TS1005: ';' expected.
src/services/auth.service.ts(86,16): error TS1005: ',' expected.
src/services/auth.service.ts(86,26): error TS1005: ';' expected.
src/services/auth.service.ts(92,3): error TS1128: Declaration or statement expected.
src/services/auth.service.ts(94,3): error TS1128: Declaration or statement expected.
src/services/auth.service.ts(94,26): error TS1005: ',' expected.
src/services/auth.service.ts(94,33): error TS1005: ';' expected.
src/services/auth.service.ts(94,35): error TS1434: Unexpected keyword or identifier.
src/services/auth.service.ts(102,3): error TS1128: Declaration or statement expected.
src/services/auth.service.ts(102,32): error TS1005: ',' expected.
src/services/auth.service.ts(102,44): error TS1005: ';' expected.
src/services/auth.service.ts(102,46): error TS1434: Unexpected keyword or identifier.
src/services/auth.service.ts(105,1): error TS1128: Declaration or statement expected.

TSError: тип Unable to compile TypeScript:
src/services/auth.service.ts(63,5): error TS1472: 'catch' or 'finally' expected.
src/services/auth.service.ts(65,7): error TS1068: Unexpected token. A constructor, method, accessor, or property was expected.
src/services/auth.service.ts(68,3): error TS1128: Declaration or statement expected.
src/services/auth.service.ts(70,3): error TS1128: Declaration or statement expected.
src/services/auth.service.ts(70,10): error TS1434: Unexpected keyword or identifier.
src/services/auth.service.ts(70,30): error TS1005: ',' expected.
src/services/auth.service.ts(70,46): error TS1005: ';' expected.
src/services/auth.service.ts(70,72): error TS1005: ',' expected.
src/services/auth.service.ts(71,16): error TS1005: ',' expected.
src/services/auth.service.ts(71,26): error TS1005: ';' expected.
src/services/auth.service.ts(83,3): error TS1128: Declaration or statement expected.
src/services/auth.service.ts(85,3): error TS1128: Declaration or statement expected.
src/services/auth.service.ts(85,10): error TS1434: Unexpected keyword or identifier.
src/services/auth.service.ts(85,31): error TS1005: ',' expected.
src/services/auth.service.ts(85,38): error TS1005: ';' expected.
src/services/auth.service.ts(86,16): error TS1005: ',' expected.
src/services/auth.service.ts(86,26): error TS1005: ';' expected.
src/services/auth.service.ts(92,3): error TS1128: Declaration or statement expected.
src/services/auth.service.ts(94,3): error TS1128: Declaration or statement expected.
src/services/auth.service.ts(94,26): error TS1005: ',' expected.
src/services/auth.service.ts(94,33): error TS1005: ';' expected.
src/services/auth.service.ts(94,35): error TS1434: Unexpected keyword or identifier.
src/services/auth.service.ts(102,3): error TS1128: Declaration or statement expected.
src/services/auth.service.ts(102,32): error TS1005: ',' expected.
src/services/auth.service.ts(102,44): error TS1005: ';' expected.
src/services/auth.service.ts(102,46): error TS1434: Unexpected keyword or identifier.
src/services/auth.service.ts(105,1): error TS1128: Declaration or statement expected.

    at createTSError (C:\Users\diguo\Documents\feetflight\default\node_modules\ts-node\src\index.ts:859:12)
    at reportTSError (C:\Users\diguo\Documents\feetflight\default\node_modules\ts-node\src\index.ts:863:19)
    at C:\Users\diguo\Documents\feetflight\default\node_modules\ts-node\src\index.ts:1379:34
    at Object.compile (C:\Users\diguo\Documents\feetflight\default\node_modules\ts-node\src\index.ts:1458:13)
    at Module.m._compile (C:\Users\diguo\Documents\feetflight\default\node_modules\ts-node\src\index.ts:1617:30)
    at Module._extensions..js (node:internal/modules/cjs/loader:1159:10)
    at Object.require.extensions.<computed> [as .ts] (C:\Users\diguo\Documents\feetflight\default\node_modules\ts-node\src\index.ts:1621:12)
    at Module.load (node:internal/modules/cjs/loader:981:32)
    at Function.Module._load (node:internal/modules/cjs/loader:822:12)
    at Module.require (node:internal/modules/cjs/loader:1005:19)
2023-02-24 23:46:29 error: uncaughtException: listen EADDRINUSE: address already in use :::3000
Error: listen EADDRINUSE: address already in use :::3000
    at Server.setupListenHandle [as _listen2] (node:net:1372:16)
    at listenInCluster (node:net:1420:12)
    at Server.listen (node:net:1508:7)
    at Function.listen (C:\Users\diguo\Documents\feetflight\default\node_modules\express\lib\application.js:635:24)
    at App.listen (C:\Users\diguo\Documents\feetflight\default\src\app.ts:33:14)
    at Object.<anonymous> (C:\Users\diguo\Documents\feetflight\default\src\server.ts:11:5)
    at Module._compile (node:internal/modules/cjs/loader:1105:14)
    at Module.m._compile (C:\Users\diguo\Documents\feetflight\default\node_modules\ts-node\src\index.ts:1618:23)
    at Module._extensions..js (node:internal/modules/cjs/loader:1159:10)
    at Object.require.extensions.<computed> [as .ts] (C:\Users\diguo\Documents\feetflight\default\node_modules\ts-node\src\index.ts:1621:12)
2023-02-24 23:47:01 error: uncaughtException: тип Unable to compile TypeScript:
src/services/auth.service.ts(66,5): error TS1472: 'catch' or 'finally' expected.
src/services/auth.service.ts(68,7): error TS1068: Unexpected token. A constructor, method, accessor, or property was expected.
src/services/auth.service.ts(71,3): error TS1128: Declaration or statement expected.
src/services/auth.service.ts(73,3): error TS1128: Declaration or statement expected.
src/services/auth.service.ts(73,10): error TS1434: Unexpected keyword or identifier.
src/services/auth.service.ts(73,30): error TS1005: ',' expected.
src/services/auth.service.ts(73,46): error TS1005: ';' expected.
src/services/auth.service.ts(73,72): error TS1005: ',' expected.
src/services/auth.service.ts(74,16): error TS1005: ',' expected.
src/services/auth.service.ts(74,26): error TS1005: ';' expected.
src/services/auth.service.ts(86,3): error TS1128: Declaration or statement expected.
src/services/auth.service.ts(88,3): error TS1128: Declaration or statement expected.
src/services/auth.service.ts(88,10): error TS1434: Unexpected keyword or identifier.
src/services/auth.service.ts(88,31): error TS1005: ',' expected.
src/services/auth.service.ts(88,38): error TS1005: ';' expected.
src/services/auth.service.ts(89,16): error TS1005: ',' expected.
src/services/auth.service.ts(89,26): error TS1005: ';' expected.
src/services/auth.service.ts(95,3): error TS1128: Declaration or statement expected.
src/services/auth.service.ts(97,3): error TS1128: Declaration or statement expected.
src/services/auth.service.ts(97,26): error TS1005: ',' expected.
src/services/auth.service.ts(97,33): error TS1005: ';' expected.
src/services/auth.service.ts(97,35): error TS1434: Unexpected keyword or identifier.
src/services/auth.service.ts(105,3): error TS1128: Declaration or statement expected.
src/services/auth.service.ts(105,32): error TS1005: ',' expected.
src/services/auth.service.ts(105,44): error TS1005: ';' expected.
src/services/auth.service.ts(105,46): error TS1434: Unexpected keyword or identifier.
src/services/auth.service.ts(108,1): error TS1128: Declaration or statement expected.

TSError: тип Unable to compile TypeScript:
src/services/auth.service.ts(66,5): error TS1472: 'catch' or 'finally' expected.
src/services/auth.service.ts(68,7): error TS1068: Unexpected token. A constructor, method, accessor, or property was expected.
src/services/auth.service.ts(71,3): error TS1128: Declaration or statement expected.
src/services/auth.service.ts(73,3): error TS1128: Declaration or statement expected.
src/services/auth.service.ts(73,10): error TS1434: Unexpected keyword or identifier.
src/services/auth.service.ts(73,30): error TS1005: ',' expected.
src/services/auth.service.ts(73,46): error TS1005: ';' expected.
src/services/auth.service.ts(73,72): error TS1005: ',' expected.
src/services/auth.service.ts(74,16): error TS1005: ',' expected.
src/services/auth.service.ts(74,26): error TS1005: ';' expected.
src/services/auth.service.ts(86,3): error TS1128: Declaration or statement expected.
src/services/auth.service.ts(88,3): error TS1128: Declaration or statement expected.
src/services/auth.service.ts(88,10): error TS1434: Unexpected keyword or identifier.
src/services/auth.service.ts(88,31): error TS1005: ',' expected.
src/services/auth.service.ts(88,38): error TS1005: ';' expected.
src/services/auth.service.ts(89,16): error TS1005: ',' expected.
src/services/auth.service.ts(89,26): error TS1005: ';' expected.
src/services/auth.service.ts(95,3): error TS1128: Declaration or statement expected.
src/services/auth.service.ts(97,3): error TS1128: Declaration or statement expected.
src/services/auth.service.ts(97,26): error TS1005: ',' expected.
src/services/auth.service.ts(97,33): error TS1005: ';' expected.
src/services/auth.service.ts(97,35): error TS1434: Unexpected keyword or identifier.
src/services/auth.service.ts(105,3): error TS1128: Declaration or statement expected.
src/services/auth.service.ts(105,32): error TS1005: ',' expected.
src/services/auth.service.ts(105,44): error TS1005: ';' expected.
src/services/auth.service.ts(105,46): error TS1434: Unexpected keyword or identifier.
src/services/auth.service.ts(108,1): error TS1128: Declaration or statement expected.

    at createTSError (C:\Users\diguo\Documents\feetflight\default\node_modules\ts-node\src\index.ts:859:12)
    at reportTSError (C:\Users\diguo\Documents\feetflight\default\node_modules\ts-node\src\index.ts:863:19)
    at C:\Users\diguo\Documents\feetflight\default\node_modules\ts-node\src\index.ts:1379:34
    at Object.compile (C:\Users\diguo\Documents\feetflight\default\node_modules\ts-node\src\index.ts:1458:13)
    at Module.m._compile (C:\Users\diguo\Documents\feetflight\default\node_modules\ts-node\src\index.ts:1617:30)
    at Module._extensions..js (node:internal/modules/cjs/loader:1159:10)
    at Object.require.extensions.<computed> [as .ts] (C:\Users\diguo\Documents\feetflight\default\node_modules\ts-node\src\index.ts:1621:12)
    at Module.load (node:internal/modules/cjs/loader:981:32)
    at Function.Module._load (node:internal/modules/cjs/loader:822:12)
    at Module.require (node:internal/modules/cjs/loader:1005:19)
2023-02-24 23:47:15 error: uncaughtException: listen EADDRINUSE: address already in use :::3000
Error: listen EADDRINUSE: address already in use :::3000
    at Server.setupListenHandle [as _listen2] (node:net:1372:16)
    at listenInCluster (node:net:1420:12)
    at Server.listen (node:net:1508:7)
    at Function.listen (C:\Users\diguo\Documents\feetflight\default\node_modules\express\lib\application.js:635:24)
    at App.listen (C:\Users\diguo\Documents\feetflight\default\src\app.ts:33:14)
    at Object.<anonymous> (C:\Users\diguo\Documents\feetflight\default\src\server.ts:11:5)
    at Module._compile (node:internal/modules/cjs/loader:1105:14)
    at Module.m._compile (C:\Users\diguo\Documents\feetflight\default\node_modules\ts-node\src\index.ts:1618:23)
    at Module._extensions..js (node:internal/modules/cjs/loader:1159:10)
    at Object.require.extensions.<computed> [as .ts] (C:\Users\diguo\Documents\feetflight\default\node_modules\ts-node\src\index.ts:1621:12)
2023-02-24 23:47:31 error: uncaughtException: тип Unable to compile TypeScript:
src/services/auth.service.ts(70,3): error TS1128: Declaration or statement expected.

TSError: тип Unable to compile TypeScript:
src/services/auth.service.ts(70,3): error TS1128: Declaration or statement expected.

    at createTSError (C:\Users\diguo\Documents\feetflight\default\node_modules\ts-node\src\index.ts:859:12)
    at reportTSError (C:\Users\diguo\Documents\feetflight\default\node_modules\ts-node\src\index.ts:863:19)
    at C:\Users\diguo\Documents\feetflight\default\node_modules\ts-node\src\index.ts:1379:34
    at Object.compile (C:\Users\diguo\Documents\feetflight\default\node_modules\ts-node\src\index.ts:1458:13)
    at Module.m._compile (C:\Users\diguo\Documents\feetflight\default\node_modules\ts-node\src\index.ts:1617:30)
    at Module._extensions..js (node:internal/modules/cjs/loader:1159:10)
    at Object.require.extensions.<computed> [as .ts] (C:\Users\diguo\Documents\feetflight\default\node_modules\ts-node\src\index.ts:1621:12)
    at Module.load (node:internal/modules/cjs/loader:981:32)
    at Function.Module._load (node:internal/modules/cjs/loader:822:12)
    at Module.require (node:internal/modules/cjs/loader:1005:19)
2023-02-24 23:47:48 error: uncaughtException: listen EADDRINUSE: address already in use :::3000
Error: listen EADDRINUSE: address already in use :::3000
    at Server.setupListenHandle [as _listen2] (node:net:1372:16)
    at listenInCluster (node:net:1420:12)
    at Server.listen (node:net:1508:7)
    at Function.listen (C:\Users\diguo\Documents\feetflight\default\node_modules\express\lib\application.js:635:24)
    at App.listen (C:\Users\diguo\Documents\feetflight\default\src\app.ts:33:14)
    at Object.<anonymous> (C:\Users\diguo\Documents\feetflight\default\src\server.ts:11:5)
    at Module._compile (node:internal/modules/cjs/loader:1105:14)
    at Module.m._compile (C:\Users\diguo\Documents\feetflight\default\node_modules\ts-node\src\index.ts:1618:23)
    at Module._extensions..js (node:internal/modules/cjs/loader:1159:10)
    at Object.require.extensions.<computed> [as .ts] (C:\Users\diguo\Documents\feetflight\default\node_modules\ts-node\src\index.ts:1621:12)
2023-02-24 23:48:36 error: uncaughtException: listen EADDRINUSE: address already in use :::3000
Error: listen EADDRINUSE: address already in use :::3000
    at Server.setupListenHandle [as _listen2] (node:net:1372:16)
    at listenInCluster (node:net:1420:12)
    at Server.listen (node:net:1508:7)
    at Function.listen (C:\Users\diguo\Documents\feetflight\default\node_modules\express\lib\application.js:635:24)
    at App.listen (C:\Users\diguo\Documents\feetflight\default\src\app.ts:33:14)
    at Object.<anonymous> (C:\Users\diguo\Documents\feetflight\default\src\server.ts:11:5)
    at Module._compile (node:internal/modules/cjs/loader:1105:14)
    at Module.m._compile (C:\Users\diguo\Documents\feetflight\default\node_modules\ts-node\src\index.ts:1618:23)
    at Module._extensions..js (node:internal/modules/cjs/loader:1159:10)
    at Object.require.extensions.<computed> [as .ts] (C:\Users\diguo\Documents\feetflight\default\node_modules\ts-node\src\index.ts:1621:12)
2023-02-24 23:49:30 error: uncaughtException: тип Unable to compile TypeScript:
src/services/auth.service.ts(74,3): error TS1128: Declaration or statement expected.
src/services/auth.service.ts(74,10): error TS1434: Unexpected keyword or identifier.
src/services/auth.service.ts(74,30): error TS1005: ',' expected.
src/services/auth.service.ts(74,46): error TS1005: ';' expected.
src/services/auth.service.ts(74,72): error TS1005: ',' expected.
src/services/auth.service.ts(75,16): error TS1005: ',' expected.
src/services/auth.service.ts(75,26): error TS1005: ';' expected.
src/services/auth.service.ts(87,3): error TS1128: Declaration or statement expected.
src/services/auth.service.ts(89,3): error TS1128: Declaration or statement expected.
src/services/auth.service.ts(89,10): error TS1434: Unexpected keyword or identifier.
src/services/auth.service.ts(89,31): error TS1005: ',' expected.
src/services/auth.service.ts(89,38): error TS1005: ';' expected.
src/services/auth.service.ts(90,16): error TS1005: ',' expected.
src/services/auth.service.ts(90,26): error TS1005: ';' expected.
src/services/auth.service.ts(96,3): error TS1128: Declaration or statement expected.
src/services/auth.service.ts(98,3): error TS1128: Declaration or statement expected.
src/services/auth.service.ts(98,26): error TS1005: ',' expected.
src/services/auth.service.ts(98,33): error TS1005: ';' expected.
src/services/auth.service.ts(98,35): error TS1434: Unexpected keyword or identifier.
src/services/auth.service.ts(106,3): error TS1128: Declaration or statement expected.
src/services/auth.service.ts(106,32): error TS1005: ',' expected.
src/services/auth.service.ts(106,44): error TS1005: ';' expected.
src/services/auth.service.ts(106,46): error TS1434: Unexpected keyword or identifier.
src/services/auth.service.ts(109,1): error TS1128: Declaration or statement expected.

TSError: тип Unable to compile TypeScript:
src/services/auth.service.ts(74,3): error TS1128: Declaration or statement expected.
src/services/auth.service.ts(74,10): error TS1434: Unexpected keyword or identifier.
src/services/auth.service.ts(74,30): error TS1005: ',' expected.
src/services/auth.service.ts(74,46): error TS1005: ';' expected.
src/services/auth.service.ts(74,72): error TS1005: ',' expected.
src/services/auth.service.ts(75,16): error TS1005: ',' expected.
src/services/auth.service.ts(75,26): error TS1005: ';' expected.
src/services/auth.service.ts(87,3): error TS1128: Declaration or statement expected.
src/services/auth.service.ts(89,3): error TS1128: Declaration or statement expected.
src/services/auth.service.ts(89,10): error TS1434: Unexpected keyword or identifier.
src/services/auth.service.ts(89,31): error TS1005: ',' expected.
src/services/auth.service.ts(89,38): error TS1005: ';' expected.
src/services/auth.service.ts(90,16): error TS1005: ',' expected.
src/services/auth.service.ts(90,26): error TS1005: ';' expected.
src/services/auth.service.ts(96,3): error TS1128: Declaration or statement expected.
src/services/auth.service.ts(98,3): error TS1128: Declaration or statement expected.
src/services/auth.service.ts(98,26): error TS1005: ',' expected.
src/services/auth.service.ts(98,33): error TS1005: ';' expected.
src/services/auth.service.ts(98,35): error TS1434: Unexpected keyword or identifier.
src/services/auth.service.ts(106,3): error TS1128: Declaration or statement expected.
src/services/auth.service.ts(106,32): error TS1005: ',' expected.
src/services/auth.service.ts(106,44): error TS1005: ';' expected.
src/services/auth.service.ts(106,46): error TS1434: Unexpected keyword or identifier.
src/services/auth.service.ts(109,1): error TS1128: Declaration or statement expected.

    at createTSError (C:\Users\diguo\Documents\feetflight\default\node_modules\ts-node\src\index.ts:859:12)
    at reportTSError (C:\Users\diguo\Documents\feetflight\default\node_modules\ts-node\src\index.ts:863:19)
    at C:\Users\diguo\Documents\feetflight\default\node_modules\ts-node\src\index.ts:1379:34
    at Object.compile (C:\Users\diguo\Documents\feetflight\default\node_modules\ts-node\src\index.ts:1458:13)
    at Module.m._compile (C:\Users\diguo\Documents\feetflight\default\node_modules\ts-node\src\index.ts:1617:30)
    at Module._extensions..js (node:internal/modules/cjs/loader:1159:10)
    at Object.require.extensions.<computed> [as .ts] (C:\Users\diguo\Documents\feetflight\default\node_modules\ts-node\src\index.ts:1621:12)
    at Module.load (node:internal/modules/cjs/loader:981:32)
    at Function.Module._load (node:internal/modules/cjs/loader:822:12)
    at Module.require (node:internal/modules/cjs/loader:1005:19)
2023-02-24 23:49:52 error: uncaughtException: listen EADDRINUSE: address already in use :::3000
Error: listen EADDRINUSE: address already in use :::3000
    at Server.setupListenHandle [as _listen2] (node:net:1372:16)
    at listenInCluster (node:net:1420:12)
    at Server.listen (node:net:1508:7)
    at Function.listen (C:\Users\diguo\Documents\feetflight\default\node_modules\express\lib\application.js:635:24)
    at App.listen (C:\Users\diguo\Documents\feetflight\default\src\app.ts:33:14)
    at Object.<anonymous> (C:\Users\diguo\Documents\feetflight\default\src\server.ts:11:5)
    at Module._compile (node:internal/modules/cjs/loader:1105:14)
    at Module.m._compile (C:\Users\diguo\Documents\feetflight\default\node_modules\ts-node\src\index.ts:1618:23)
    at Module._extensions..js (node:internal/modules/cjs/loader:1159:10)
    at Object.require.extensions.<computed> [as .ts] (C:\Users\diguo\Documents\feetflight\default\node_modules\ts-node\src\index.ts:1621:12)
2023-02-24 23:50:15 error: uncaughtException: listen EADDRINUSE: address already in use :::3000
Error: listen EADDRINUSE: address already in use :::3000
    at Server.setupListenHandle [as _listen2] (node:net:1372:16)
    at listenInCluster (node:net:1420:12)
    at Server.listen (node:net:1508:7)
    at Function.listen (C:\Users\diguo\Documents\feetflight\default\node_modules\express\lib\application.js:635:24)
    at App.listen (C:\Users\diguo\Documents\feetflight\default\src\app.ts:33:14)
    at Object.<anonymous> (C:\Users\diguo\Documents\feetflight\default\src\server.ts:11:5)
    at Module._compile (node:internal/modules/cjs/loader:1105:14)
    at Module.m._compile (C:\Users\diguo\Documents\feetflight\default\node_modules\ts-node\src\index.ts:1618:23)
    at Module._extensions..js (node:internal/modules/cjs/loader:1159:10)
    at Object.require.extensions.<computed> [as .ts] (C:\Users\diguo\Documents\feetflight\default\node_modules\ts-node\src\index.ts:1621:12)
2023-02-24 23:51:05 error: uncaughtException: listen EADDRINUSE: address already in use :::3000
Error: listen EADDRINUSE: address already in use :::3000
    at Server.setupListenHandle [as _listen2] (node:net:1372:16)
    at listenInCluster (node:net:1420:12)
    at Server.listen (node:net:1508:7)
    at Function.listen (C:\Users\diguo\Documents\feetflight\default\node_modules\express\lib\application.js:635:24)
    at App.listen (C:\Users\diguo\Documents\feetflight\default\src\app.ts:33:14)
    at Object.<anonymous> (C:\Users\diguo\Documents\feetflight\default\src\server.ts:11:5)
    at Module._compile (node:internal/modules/cjs/loader:1105:14)
    at Module.m._compile (C:\Users\diguo\Documents\feetflight\default\node_modules\ts-node\src\index.ts:1618:23)
    at Module._extensions..js (node:internal/modules/cjs/loader:1159:10)
    at Object.require.extensions.<computed> [as .ts] (C:\Users\diguo\Documents\feetflight\default\node_modules\ts-node\src\index.ts:1621:12)
2023-02-24 23:51:11 error: uncaughtException: listen EADDRINUSE: address already in use :::3000
Error: listen EADDRINUSE: address already in use :::3000
    at Server.setupListenHandle [as _listen2] (node:net:1372:16)
    at listenInCluster (node:net:1420:12)
    at Server.listen (node:net:1508:7)
    at Function.listen (C:\Users\diguo\Documents\feetflight\default\node_modules\express\lib\application.js:635:24)
    at App.listen (C:\Users\diguo\Documents\feetflight\default\src\app.ts:33:14)
    at Object.<anonymous> (C:\Users\diguo\Documents\feetflight\default\src\server.ts:11:5)
    at Module._compile (node:internal/modules/cjs/loader:1105:14)
    at Module.m._compile (C:\Users\diguo\Documents\feetflight\default\node_modules\ts-node\src\index.ts:1618:23)
    at Module._extensions..js (node:internal/modules/cjs/loader:1159:10)
    at Object.require.extensions.<computed> [as .ts] (C:\Users\diguo\Documents\feetflight\default\node_modules\ts-node\src\index.ts:1621:12)
2023-02-24 23:52:39 error: uncaughtException: listen EADDRINUSE: address already in use :::3000
Error: listen EADDRINUSE: address already in use :::3000
    at Server.setupListenHandle [as _listen2] (node:net:1372:16)
    at listenInCluster (node:net:1420:12)
    at Server.listen (node:net:1508:7)
    at Function.listen (C:\Users\diguo\Documents\feetflight\default\node_modules\express\lib\application.js:635:24)
    at App.listen (C:\Users\diguo\Documents\feetflight\default\src\app.ts:38:14)
    at Object.<anonymous> (C:\Users\diguo\Documents\feetflight\default\src\server.ts:11:5)
    at Module._compile (node:internal/modules/cjs/loader:1105:14)
    at Module.m._compile (C:\Users\diguo\Documents\feetflight\default\node_modules\ts-node\src\index.ts:1618:23)
    at Module._extensions..js (node:internal/modules/cjs/loader:1159:10)
    at Object.require.extensions.<computed> [as .ts] (C:\Users\diguo\Documents\feetflight\default\node_modules\ts-node\src\index.ts:1621:12)
2023-02-24 23:53:27 error: uncaughtException: listen EADDRINUSE: address already in use :::3000
Error: listen EADDRINUSE: address already in use :::3000
    at Server.setupListenHandle [as _listen2] (node:net:1372:16)
    at listenInCluster (node:net:1420:12)
    at Server.listen (node:net:1508:7)
    at Function.listen (C:\Users\diguo\Documents\feetflight\default\node_modules\express\lib\application.js:635:24)
    at App.listen (C:\Users\diguo\Documents\feetflight\default\src\app.ts:33:14)
    at Object.<anonymous> (C:\Users\diguo\Documents\feetflight\default\src\server.ts:11:5)
    at Module._compile (node:internal/modules/cjs/loader:1105:14)
    at Module.m._compile (C:\Users\diguo\Documents\feetflight\default\node_modules\ts-node\src\index.ts:1618:23)
    at Module._extensions..js (node:internal/modules/cjs/loader:1159:10)
    at Object.require.extensions.<computed> [as .ts] (C:\Users\diguo\Documents\feetflight\default\node_modules\ts-node\src\index.ts:1621:12)
2023-02-24 23:54:39 error: [POST] /signup >> StatusCode:: 500, Message:: Cannot read properties of undefined (reading 'message')
2023-02-24 23:57:13 error: uncaughtException: listen EADDRINUSE: address already in use :::3000
Error: listen EADDRINUSE: address already in use :::3000
    at Server.setupListenHandle [as _listen2] (node:net:1372:16)
    at listenInCluster (node:net:1420:12)
    at Server.listen (node:net:1508:7)
    at Function.listen (C:\Users\diguo\Documents\feetflight\default\node_modules\express\lib\application.js:635:24)
    at App.listen (C:\Users\diguo\Documents\feetflight\default\src\app.ts:33:14)
    at Object.<anonymous> (C:\Users\diguo\Documents\feetflight\default\src\server.ts:11:5)
    at Module._compile (node:internal/modules/cjs/loader:1105:14)
    at Module.m._compile (C:\Users\diguo\Documents\feetflight\default\node_modules\ts-node\src\index.ts:1618:23)
    at Module._extensions..js (node:internal/modules/cjs/loader:1159:10)
    at Object.require.extensions.<computed> [as .ts] (C:\Users\diguo\Documents\feetflight\default\node_modules\ts-node\src\index.ts:1621:12)
2023-02-24 23:57:23 error: [POST] /signup >> StatusCode:: 500, Message:: Cannot read properties of undefined (reading 'message')
2023-02-24 23:58:22 error: uncaughtException: EPIPE: broken pipe, write
Error: EPIPE: broken pipe, write
    at Socket._write (node:internal/net:55:25)
    at writeOrBuffer (node:internal/streams/writable:389:12)
    at _write (node:internal/streams/writable:330:10)
    at Socket.Writable.write (node:internal/streams/writable:334:10)
    at Console.log (C:\Users\diguo\Documents\feetflight\default\node_modules\winston\lib\winston\transports\console.js:79:23)
    at Console._write (C:\Users\diguo\Documents\feetflight\default\node_modules\winston-transport\index.js:103:17)
    at doWrite (C:\Users\diguo\Documents\feetflight\default\node_modules\readable-stream\lib\_stream_writable.js:389:139)
    at writeOrBuffer (C:\Users\diguo\Documents\feetflight\default\node_modules\readable-stream\lib\_stream_writable.js:380:5)
    at Console.Writable.write (C:\Users\diguo\Documents\feetflight\default\node_modules\readable-stream\lib\_stream_writable.js:301:11)
    at DerivedLogger.ondata (C:\Users\diguo\Documents\feetflight\default\node_modules\readable-stream\lib\_stream_readable.js:629:20)
2023-02-24 23:58:22 error: uncaughtException: listen EADDRINUSE: address already in use :::3000
Error: listen EADDRINUSE: address already in use :::3000
    at Server.setupListenHandle [as _listen2] (node:net:1372:16)
    at listenInCluster (node:net:1420:12)
    at Server.listen (node:net:1508:7)
    at Function.listen (C:\Users\diguo\Documents\feetflight\default\node_modules\express\lib\application.js:635:24)
    at App.listen (C:\Users\diguo\Documents\feetflight\default\src\app.ts:33:14)
    at Object.<anonymous> (C:\Users\diguo\Documents\feetflight\default\src\server.ts:11:5)
    at Module._compile (node:internal/modules/cjs/loader:1105:14)
    at Module.m._compile (C:\Users\diguo\Documents\feetflight\default\node_modules\ts-node\src\index.ts:1618:23)
    at Module._extensions..js (node:internal/modules/cjs/loader:1159:10)
    at Object.require.extensions.<computed> [as .ts] (C:\Users\diguo\Documents\feetflight\default\node_modules\ts-node\src\index.ts:1621:12)
