2024-01-06 13:16:58 error: uncaughtException: NODE_ENV is not defined
ReferenceError: NODE_ENV is not defined
    at new App (C:\Users\mouad\Documents\Projects\feetflight\feetflight\src\app.ts:44:16)
    at Object.<anonymous> (C:\Users\mouad\Documents\Projects\feetflight\feetflight\src\server.ts:13:13)
    at Module._compile (node:internal/modules/cjs/loader:1256:14)
    at Module.m._compile (C:\Users\mouad\Documents\Projects\feetflight\feetflight\node_modules\ts-node\src\index.ts:1618:23)
    at Module._extensions..js (node:internal/modules/cjs/loader:1310:10)
    at Object.require.extensions.<computed> [as .ts] (C:\Users\mouad\Documents\Projects\feetflight\feetflight\node_modules\ts-node\src\index.ts:1621:12)
    at Module.load (node:internal/modules/cjs/loader:1119:32)
    at Function.Module._load (node:internal/modules/cjs/loader:960:12)
    at Function.executeUserEntryPoint [as runMain] (node:internal/modules/run_main:81:12)
    at phase4 (C:\Users\mouad\Documents\Projects\feetflight\feetflight\node_modules\ts-node\src\bin.ts:649:14)
2024-01-06 13:37:19 error: uncaughtException: NODE_ENV is not defined
ReferenceError: NODE_ENV is not defined
    at new App (C:\Users\mouad\Documents\Projects\feetflight\feetflight\src\app.ts:44:16)
    at Object.<anonymous> (C:\Users\mouad\Documents\Projects\feetflight\feetflight\src\server.ts:13:13)
    at Module._compile (node:internal/modules/cjs/loader:1256:14)
    at Module.m._compile (C:\Users\mouad\Documents\Projects\feetflight\feetflight\node_modules\ts-node\src\index.ts:1618:23)
    at Module._extensions..js (node:internal/modules/cjs/loader:1310:10)
    at Object.require.extensions.<computed> [as .ts] (C:\Users\mouad\Documents\Projects\feetflight\feetflight\node_modules\ts-node\src\index.ts:1621:12)
    at Module.load (node:internal/modules/cjs/loader:1119:32)
    at Function.Module._load (node:internal/modules/cjs/loader:960:12)
    at Function.executeUserEntryPoint [as runMain] (node:internal/modules/run_main:81:12)
    at phase4 (C:\Users\mouad\Documents\Projects\feetflight\feetflight\node_modules\ts-node\src\bin.ts:649:14)
