2024-02-04 10:46:07 error: uncaughtException: listen EADDRINUSE: address already in use :::7000
Error: listen EADDRINUSE: address already in use :::7000
    at Server.setupListenHandle [as _listen2] (node:net:1751:16)
    at listenInCluster (node:net:1799:12)
    at Server.listen (node:net:1887:7)
    at Function.listen (/home/ubuntu/feetflight/node_modules/express/lib/application.js:635:24)
    at App.listen (/home/ubuntu/feetflight/src/app.ts:138:14)
    at Object.<anonymous> (/home/ubuntu/feetflight/src/server.ts:16:5)
    at Module._compile (node:internal/modules/cjs/loader:1256:14)
    at Module.m._compile (/home/ubuntu/feetflight/node_modules/ts-node/src/index.ts:1618:23)
    at Module._extensions..js (node:internal/modules/cjs/loader:1310:10)
    at Object.require.extensions.<computed> [as .ts] (/home/ubuntu/feetflight/node_modules/ts-node/src/index.ts:1621:12)
2024-02-04 12:44:26 error: [GET] /users/cus_PNZmPNOuyYNnkL >> StatusCode:: 401, Message:: missing token
2024-02-04 13:09:05 error: [GET] /users/plans/cus_PNZmPNOuyYNnkL >> StatusCode:: 401, Message:: missing token
2024-02-04 13:09:08 error: [POST] /albums/cus_PNZmPNOuyYNnkL >> StatusCode:: 400, Message:: this user is not verified yet
2024-02-04 13:09:22 error: [POST] /albums/cus_PNZmPNOuyYNnkL >> StatusCode:: 400, Message:: this user is not verified yet
2024-02-04 13:11:34 error: [POST] /albums/cus_PNZmPNOuyYNnkL >> StatusCode:: 400, Message:: this user is not verified yet
2024-02-04 14:00:53 error: [POST] /albums/cus_PNZmPNOuyYNnkL >> StatusCode:: 401, Message:: missing token
2024-02-04 14:00:54 error: [POST] /albums/cus_PNZmPNOuyYNnkL >> StatusCode:: 400, Message:: this user is not verified yet
2024-02-04 14:02:45 error: [POST] /albums/cus_PNZmPNOuyYNnkL >> StatusCode:: 400, Message:: this user is not verified yet
2024-02-04 14:03:55 error: [POST] /albums/cus_PNZmPNOuyYNnkL >> StatusCode:: 400, Message:: this user is not verified yet
2024-02-04 14:04:06 error: [POST] /albums/cus_PNZmPNOuyYNnkL >> StatusCode:: 400, Message:: this user is not verified yet
2024-02-04 14:07:34 error: [POST] /albums/cus_PNZmPNOuyYNnkL >> StatusCode:: 401, Message:: missing token
2024-02-04 14:13:30 error: [GET] /users/plans/cus_PNZmPNOuyYNnkL >> StatusCode:: 401, Message:: missing token
2024-02-04 16:33:10 error: uncaughtException: EIO: i/o error, write
Error: EIO: i/o error, write
    at writeSync (node:fs:936:3)
    at SyncWriteStream._write (node:internal/fs/sync_write_stream:26:3)
    at writeOrBuffer (node:internal/streams/writable:392:12)
    at _write (node:internal/streams/writable:333:10)
    at SyncWriteStream.Writable.write (node:internal/streams/writable:337:10)
    at Console.log (/home/ubuntu/feetflight/node_modules/winston/lib/winston/transports/console.js:79:23)
    at Console._write (/home/ubuntu/feetflight/node_modules/winston-transport/index.js:103:17)
    at doWrite (/home/ubuntu/feetflight/node_modules/readable-stream/lib/_stream_writable.js:390:139)
    at writeOrBuffer (/home/ubuntu/feetflight/node_modules/readable-stream/lib/_stream_writable.js:381:5)
    at Console.Writable.write (/home/ubuntu/feetflight/node_modules/readable-stream/lib/_stream_writable.js:302:11)
